
VVCSoftware: VTM Encoder Version 10.0 [Windows][VS 1916][64 bit] [SIMD=AVX2] 

TOOL CFG: IBD:1 HAD:1 RDQ:1 RDQTS:1 RDpenalty:0 LQP:0 SQP:0 ASR:1 MinSearchWindow:96 RestrictMESampling:0 FEN:1 ECU:0 FDM:1 CFM:0 ESD:0 TransformSkip:1 TransformSkipFast:1 TransformSkipLog2MaxSize:5 ChromaTS:1 BDPCM:0 Tiles: 1x1 Slices: 1 MCTS:0 SAO:1 ALF:1 CCALF:1 WPP:0 WPB:0 PME:2  WaveFrontSynchro:0 WaveFrontSubstreams:1 ScalingList:0 TMVPMode:1  DQ:1  SignBitHidingFlag:0 RecalQP:0 
TOOL CFG: LFNST:1 MMVD:1 Affine:1 AffineType:1 PROF:1 SbTMVP:1 DualITree:1 IMV:1 BIO:1 LMChroma:1 HorCollocatedChroma:1 VerCollocatedChroma:0 MTS: 1(intra) 0(inter) SBT:1 ISP:1 SMVD:1 CompositeLTReference:0 Bcw:1 BcwFast:1 LADF:0 CIIP:1 Geo:1 AllowDisFracMMVD:1 AffineAmvr:1 AffineAmvrEncOpt:1 DMVR:1 MmvdDisNum:6 JointCbCr:1 ACT:0 PLT:0 IBC:0 HashME:0 WrapAround:0 VirtualBoundariesEnabledFlag:0 VirtualBoundariesPresentInSPSFlag:1 vertical virtual boundaries:[ ] horizontal virtual boundaries:[ ] Reshape:1 (Signal:SDR Opt:0 CSoffset:6) MRL:1 MIP:1 EncDbOpt:0 
FAST TOOL CFG: LCTUFast:1 FastMrg:1 PBIntraFast:1 IMV4PelFast:1 MTSMaxCand: 4(intra) 4(inter) ISPFast:0 FastLFNST:0 AMaxBT:1 E0023FastEnc:1 ContentBasedFastQtbt:0 UseNonLinearAlfLuma:1 UseNonLinearAlfChroma:1 MaxNumAlfAlternativesChroma:8 FastMIP:0 FastLocalDualTree:1 NumSplitThreads:1 NumWppThreads:1+0 EnsureWppBitEqual:0 RPR:0 TemporalFilter:0 


 started @ Mon Jan 13 21:51:27 2025
POC    0 LId:  0 TId: 0 ( IDR_N_LP, I-SLICE, QP 35 )      61184 bits [Y 31.7269 dB    U 38.6245 dB    V 39.0503 dB] [ET    13 ] [L0] [L1]
POC   16 LId:  0 TId: 0 ( TRAIL, B-SLICE, QP 39 )       7856 bits [Y 30.1027 dB    U 38.3433 dB    V 38.7449 dB] [ET    12 ] [L0 0] [L1 0c]
POC    8 LId:  0 TId: 1 ( STSA, B-SLICE, QP 42 )       2312 bits [Y 29.9227 dB    U 38.5346 dB    V 38.9882 dB] [ET     6 ] [L0 0 16] [L1 16c 0]
POC    4 LId:  0 TId: 2 ( STSA, B-SLICE, QP 45 )        800 bits [Y 29.9372 dB    U 38.6229 dB    V 39.0902 dB] [ET     3 ] [L0 0 8] [L1 8c 16]
POC    2 LId:  0 TId: 3 ( STSA, B-SLICE, QP 46 )        208 bits [Y 30.4983 dB    U 38.5953 dB    V 39.0759 dB] [ET     2 ] [L0 0 4] [L1 4c 8]
POC    1 LId:  0 TId: 4 ( STSA, B-SLICE, QP 47 )        176 bits [Y 31.0783 dB    U 38.6376 dB    V 39.0852 dB] [ET     1 ] [L0 0 2] [L1 2c 4]
POC    3 LId:  0 TId: 4 ( STSA, B-SLICE, QP 47 )        176 bits [Y 30.2055 dB    U 38.6006 dB    V 39.0609 dB] [ET     1 ] [L0 2c 0] [L1 4 8]
POC    6 LId:  0 TId: 3 ( STSA, B-SLICE, QP 46 )        288 bits [Y 29.7275 dB    U 38.5919 dB    V 39.0301 dB] [ET     2 ] [L0 4c 0] [L1 8 16]
POC    5 LId:  0 TId: 4 ( STSA, B-SLICE, QP 47 )        152 bits [Y 29.8309 dB    U 38.5806 dB    V 39.0128 dB] [ET     1 ] [L0 4 0] [L1 6c 8]
POC    7 LId:  0 TId: 4 ( STSA, B-SLICE, QP 47 )        136 bits [Y 29.8714 dB    U 38.5417 dB    V 39.0062 dB] [ET     1 ] [L0 6c 4] [L1 8 16]
POC   12 LId:  0 TId: 2 ( STSA, B-SLICE, QP 45 )        736 bits [Y 29.3185 dB    U 38.4769 dB    V 38.8935 dB] [ET     3 ] [L0 8c 0] [L1 16 8]
POC   10 LId:  0 TId: 3 ( STSA, B-SLICE, QP 46 )        208 bits [Y 29.4949 dB    U 38.4908 dB    V 38.9351 dB] [ET     2 ] [L0 8 0] [L1 12c 16]
POC    9 LId:  0 TId: 4 ( STSA, B-SLICE, QP 47 )        128 bits [Y 29.7495 dB    U 38.5056 dB    V 38.9604 dB] [ET     1 ] [L0 8 0] [L1 10c 12]
POC   11 LId:  0 TId: 4 ( STSA, B-SLICE, QP 47 )        168 bits [Y 29.3885 dB    U 38.4813 dB    V 38.9220 dB] [ET     1 ] [L0 10c 8] [L1 12 16]
POC   14 LId:  0 TId: 3 ( STSA, B-SLICE, QP 46 )        208 bits [Y 29.5148 dB    U 38.4142 dB    V 38.8332 dB] [ET     2 ] [L0 12c 8] [L1 16 12]
POC   13 LId:  0 TId: 4 ( STSA, B-SLICE, QP 47 )        160 bits [Y 29.3936 dB    U 38.4476 dB    V 38.8900 dB] [ET     1 ] [L0 12 8] [L1 14c 16]
POC   15 LId:  0 TId: 4 ( STSA, B-SLICE, QP 47 )        144 bits [Y 29.8358 dB    U 38.3718 dB    V 38.8042 dB] [ET     1 ] [L0 14c 12] [L1 16 14]
POC   32 LId:  0 TId: 0 ( CRA, I-SLICE, QP 35 )      63144 bits [Y 31.6253 dB    U 38.4773 dB    V 38.8169 dB] [ET    16 ] [L0] [L1]
POC   24 LId:  0 TId: 1 ( RASL, B-SLICE, QP 42 )       2312 bits [Y 30.6325 dB    U 38.6738 dB    V 39.2645 dB] [ET     6 ] [L0 16c 8] [L1 32 16]
POC   20 LId:  0 TId: 2 ( RASL, B-SLICE, QP 45 )        904 bits [Y 29.7314 dB    U 38.6886 dB    V 39.1409 dB] [ET     4 ] [L0 16 8] [L1 24c 32]
POC   18 LId:  0 TId: 3 ( RASL, B-SLICE, QP 46 )        344 bits [Y 29.9239 dB    U 38.6601 dB    V 39.1774 dB] [ET     2 ] [L0 16 8] [L1 20c 24]
POC   17 LId:  0 TId: 4 ( RASL, B-SLICE, QP 47 )        168 bits [Y 30.2313 dB    U 38.5658 dB    V 39.0355 dB] [ET     1 ] [L0 16 18] [L1 18c 20]
POC   19 LId:  0 TId: 4 ( RASL, B-SLICE, QP 47 )        184 bits [Y 29.8825 dB    U 38.6605 dB    V 39.1956 dB] [ET     1 ] [L0 18c 16] [L1 20 24]
POC   22 LId:  0 TId: 3 ( RASL, B-SLICE, QP 46 )        360 bits [Y 29.8827 dB    U 38.7403 dB    V 39.2478 dB] [ET     2 ] [L0 20c 16] [L1 24 32]
POC   21 LId:  0 TId: 4 ( RASL, B-SLICE, QP 47 )        176 bits [Y 29.8008 dB    U 38.7199 dB    V 39.2216 dB] [ET     1 ] [L0 20 16] [L1 22c 24]
POC   23 LId:  0 TId: 4 ( RASL, B-SLICE, QP 47 )        160 bits [Y 30.3513 dB    U 38.7304 dB    V 39.2392 dB] [ET     1 ] [L0 22c 20] [L1 24 32]
POC   28 LId:  0 TId: 2 ( RASL, B-SLICE, QP 45 )        696 bits [Y 30.3333 dB    U 38.6591 dB    V 39.1328 dB] [ET     2 ] [L0 24c 16] [L1 32 24]
POC   26 LId:  0 TId: 3 ( RASL, B-SLICE, QP 46 )        280 bits [Y 30.3068 dB    U 38.6949 dB    V 39.2334 dB] [ET     2 ] [L0 24 16] [L1 28c 32]
POC   25 LId:  0 TId: 4 ( RASL, B-SLICE, QP 47 )        184 bits [Y 30.5665 dB    U 38.7094 dB    V 39.2366 dB] [ET     1 ] [L0 24 16] [L1 26c 28]
POC   27 LId:  0 TId: 4 ( RASL, B-SLICE, QP 47 )        160 bits [Y 30.3180 dB    U 38.6872 dB    V 39.1844 dB] [ET     1 ] [L0 26c 24] [L1 28 32]
POC   30 LId:  0 TId: 3 ( RASL, B-SLICE, QP 46 )        296 bits [Y 30.5710 dB    U 38.5924 dB    V 39.0096 dB] [ET     2 ] [L0 28c 24] [L1 32 28]
POC   29 LId:  0 TId: 4 ( RASL, B-SLICE, QP 47 )        208 bits [Y 30.3769 dB    U 38.6166 dB    V 39.0875 dB] [ET     1 ] [L0 28 24] [L1 30c 32]
POC   31 LId:  0 TId: 4 ( RASL, B-SLICE, QP 47 )        144 bits [Y 31.1296 dB    U 38.5206 dB    V 38.9260 dB] [ET     1 ] [L0 30c 28] [L1 32 30]
POC   48 LId:  0 TId: 0 ( TRAIL, B-SLICE, QP 39 )       7440 bits [Y 30.0353 dB    U 38.3089 dB    V 38.7422 dB] [ET    13 ] [L0 32] [L1 32c]
POC   40 LId:  0 TId: 1 ( STSA, B-SLICE, QP 42 )       2152 bits [Y 29.9904 dB    U 38.3886 dB    V 38.8347 dB] [ET     6 ] [L0 32 48] [L1 48c 32]
POC   36 LId:  0 TId: 2 ( STSA, B-SLICE, QP 45 )        560 bits [Y 29.8386 dB    U 38.4753 dB    V 38.8322 dB] [ET     3 ] [L0 32 40] [L1 40c 48]
POC   34 LId:  0 TId: 3 ( STSA, B-SLICE, QP 46 )        344 bits [Y 30.2325 dB    U 38.4620 dB    V 38.8468 dB] [ET     2 ] [L0 32 36] [L1 36c 40]
POC   33 LId:  0 TId: 4 ( STSA, B-SLICE, QP 47 )        176 bits [Y 30.9237 dB    U 38.4893 dB    V 38.8429 dB] [ET     1 ] [L0 32 34] [L1 34c 36]
POC   35 LId:  0 TId: 4 ( STSA, B-SLICE, QP 47 )        152 bits [Y 29.9243 dB    U 38.5100 dB    V 38.8541 dB] [ET     1 ] [L0 34c 32] [L1 36 40]
POC   38 LId:  0 TId: 3 ( STSA, B-SLICE, QP 46 )        376 bits [Y 29.7578 dB    U 38.4467 dB    V 38.8541 dB] [ET     2 ] [L0 36c 32] [L1 40 48]
POC   37 LId:  0 TId: 4 ( STSA, B-SLICE, QP 47 )        152 bits [Y 29.7278 dB    U 38.4396 dB    V 38.8275 dB] [ET     1 ] [L0 36 32] [L1 38c 40]
POC   39 LId:  0 TId: 4 ( STSA, B-SLICE, QP 47 )        160 bits [Y 29.7811 dB    U 38.4300 dB    V 38.8392 dB] [ET     1 ] [L0 38c 36] [L1 40 48]
POC   44 LId:  0 TId: 2 ( STSA, B-SLICE, QP 45 )        600 bits [Y 29.4187 dB    U 38.3761 dB    V 38.8284 dB] [ET     3 ] [L0 40c 32] [L1 48 40]
POC   42 LId:  0 TId: 3 ( STSA, B-SLICE, QP 46 )        376 bits [Y 29.4668 dB    U 38.3680 dB    V 38.8533 dB] [ET     2 ] [L0 40 32] [L1 44c 48]
POC   41 LId:  0 TId: 4 ( STSA, B-SLICE, QP 47 )        168 bits [Y 29.8139 dB    U 38.3865 dB    V 38.8283 dB] [ET     1 ] [L0 40 32] [L1 42c 44]
POC   43 LId:  0 TId: 4 ( STSA, B-SLICE, QP 47 )        184 bits [Y 29.4068 dB    U 38.3566 dB    V 38.8353 dB] [ET     2 ] [L0 42c 40] [L1 44 48]
POC   46 LId:  0 TId: 3 ( STSA, B-SLICE, QP 46 )        280 bits [Y 29.5273 dB    U 38.3732 dB    V 38.8034 dB] [ET     2 ] [L0 44c 40] [L1 48 44]
POC   45 LId:  0 TId: 4 ( STSA, B-SLICE, QP 47 )        184 bits [Y 29.4874 dB    U 38.3626 dB    V 38.8371 dB] [ET     1 ] [L0 44 40] [L1 46c 48]
POC   47 LId:  0 TId: 4 ( STSA, B-SLICE, QP 47 )        152 bits [Y 29.8638 dB    U 38.3230 dB    V 38.8132 dB] [ET     1 ] [L0 46c 44] [L1 48 46]
POC   64 LId:  0 TId: 0 ( CRA, I-SLICE, QP 35 )      64688 bits [Y 31.6024 dB    U 38.1182 dB    V 38.7185 dB] [ET    16 ] [L0] [L1]
POC   56 LId:  0 TId: 1 ( RASL, B-SLICE, QP 42 )       2368 bits [Y 30.2384 dB    U 38.5517 dB    V 39.2362 dB] [ET     8 ] [L0 48c 40] [L1 64 48]
POC   52 LId:  0 TId: 2 ( RASL, B-SLICE, QP 45 )        712 bits [Y 29.7545 dB    U 38.5537 dB    V 39.1925 dB] [ET     3 ] [L0 48 40] [L1 56c 64]
POC   50 LId:  0 TId: 3 ( RASL, B-SLICE, QP 46 )        280 bits [Y 29.6886 dB    U 38.4828 dB    V 39.0178 dB] [ET     2 ] [L0 48 40] [L1 52c 56]
POC   49 LId:  0 TId: 4 ( RASL, B-SLICE, QP 47 )        144 bits [Y 29.9669 dB    U 38.4158 dB    V 38.9258 dB] [ET     1 ] [L0 48 50] [L1 50c 52]
POC   51 LId:  0 TId: 4 ( RASL, B-SLICE, QP 47 )        176 bits [Y 29.6518 dB    U 38.5696 dB    V 39.1091 dB] [ET     1 ] [L0 50c 48] [L1 52 56]
POC   54 LId:  0 TId: 3 ( RASL, B-SLICE, QP 46 )        256 bits [Y 29.6685 dB    U 38.5441 dB    V 39.1979 dB] [ET     2 ] [L0 52c 48] [L1 56 64]
POC   53 LId:  0 TId: 4 ( RASL, B-SLICE, QP 47 )        176 bits [Y 29.7421 dB    U 38.5684 dB    V 39.2082 dB] [ET     1 ] [L0 52 48] [L1 54c 56]
POC   55 LId:  0 TId: 4 ( RASL, B-SLICE, QP 47 )        160 bits [Y 29.9939 dB    U 38.5739 dB    V 39.2298 dB] [ET     1 ] [L0 54c 52] [L1 56 64]
POC   60 LId:  0 TId: 2 ( RASL, B-SLICE, QP 45 )        784 bits [Y 30.1433 dB    U 38.3276 dB    V 39.0608 dB] [ET     3 ] [L0 56c 48] [L1 64 56]
POC   58 LId:  0 TId: 3 ( RASL, B-SLICE, QP 46 )        376 bits [Y 29.9731 dB    U 38.4467 dB    V 39.1858 dB] [ET     2 ] [L0 56 48] [L1 60c 64]
POC   57 LId:  0 TId: 4 ( RASL, B-SLICE, QP 47 )        176 bits [Y 30.1088 dB    U 38.4527 dB    V 39.2027 dB] [ET     1 ] [L0 56 48] [L1 58c 60]
POC   59 LId:  0 TId: 4 ( RASL, B-SLICE, QP 47 )        152 bits [Y 29.9907 dB    U 38.4060 dB    V 39.1163 dB] [ET     1 ] [L0 58c 56] [L1 60 64]
POC   62 LId:  0 TId: 3 ( RASL, B-SLICE, QP 46 )        304 bits [Y 30.2591 dB    U 38.2670 dB    V 38.9206 dB] [ET     2 ] [L0 60c 56] [L1 64 60]
POC   61 LId:  0 TId: 4 ( RASL, B-SLICE, QP 47 )        184 bits [Y 30.2152 dB    U 38.2956 dB    V 39.0256 dB] [ET     1 ] [L0 60 56] [L1 62c 64]
POC   63 LId:  0 TId: 4 ( RASL, B-SLICE, QP 47 )        152 bits [Y 30.9083 dB    U 38.1844 dB    V 38.8269 dB] [ET     1 ] [L0 62c 60] [L1 64 62]

LayerId  0
	Total Frames |   Bitrate     Y-PSNR    U-PSNR    V-PSNR    YUV-PSNR   
	       65    a     211.6652   30.0671   38.5002   38.9997   31.5138

 finished @ Mon Jan 13 21:54:57 2025
 Total Time:      209.573 sec. [user]      209.573 sec. [elapsed]
