
VVCSoftware: VTM Encoder Version 10.0 [Windows][VS 1916][64 bit] [SIMD=AVX2] 

TOOL CFG: IBD:1 HAD:1 RDQ:1 RDQTS:1 RDpenalty:0 LQP:0 SQP:0 ASR:1 MinSearchWindow:96 RestrictMESampling:0 FEN:1 ECU:0 FDM:1 CFM:0 ESD:0 TransformSkip:1 TransformSkipFast:1 TransformSkipLog2MaxSize:5 ChromaTS:1 BDPCM:0 Tiles: 1x1 Slices: 1 MCTS:0 SAO:1 ALF:1 CCALF:1 WPP:0 WPB:0 PME:2  WaveFrontSynchro:0 WaveFrontSubstreams:1 ScalingList:0 TMVPMode:1  DQ:1  SignBitHidingFlag:0 RecalQP:0 
TOOL CFG: LFNST:1 MMVD:1 Affine:1 AffineType:1 PROF:1 SbTMVP:1 DualITree:1 IMV:1 BIO:1 LMChroma:1 HorCollocatedChroma:1 VerCollocatedChroma:0 MTS: 1(intra) 0(inter) SBT:1 ISP:1 SMVD:1 CompositeLTReference:0 Bcw:1 BcwFast:1 LADF:0 CIIP:1 Geo:1 AllowDisFracMMVD:1 AffineAmvr:1 AffineAmvrEncOpt:1 DMVR:1 MmvdDisNum:6 JointCbCr:1 ACT:0 PLT:0 IBC:0 HashME:0 WrapAround:0 VirtualBoundariesEnabledFlag:0 VirtualBoundariesPresentInSPSFlag:1 vertical virtual boundaries:[ ] horizontal virtual boundaries:[ ] Reshape:1 (Signal:SDR Opt:0 CSoffset:6) MRL:1 MIP:1 EncDbOpt:0 
FAST TOOL CFG: LCTUFast:1 FastMrg:1 PBIntraFast:1 IMV4PelFast:1 MTSMaxCand: 4(intra) 4(inter) ISPFast:0 FastLFNST:0 AMaxBT:1 E0023FastEnc:1 ContentBasedFastQtbt:0 UseNonLinearAlfLuma:1 UseNonLinearAlfChroma:1 MaxNumAlfAlternativesChroma:8 FastMIP:0 FastLocalDualTree:1 NumSplitThreads:1 NumWppThreads:1+0 EnsureWppBitEqual:0 RPR:0 TemporalFilter:0 


 started @ Mon Jan 13 22:50:41 2025
POC    0 LId:  0 TId: 0 ( IDR_N_LP, I-SLICE, QP 24 )     167184 bits [Y 40.3043 dB    U 43.3449 dB    V 44.1306 dB] [ET    23 ] [L0] [L1]
POC   16 LId:  0 TId: 0 ( TRAIL, B-SLICE, QP 28 )      41440 bits [Y 37.3960 dB    U 42.5885 dB    V 43.4364 dB] [ET    28 ] [L0 0] [L1 0c]
POC    8 LId:  0 TId: 1 ( STSA, B-SLICE, QP 29 )      19344 bits [Y 37.0948 dB    U 42.7194 dB    V 43.6564 dB] [ET    21 ] [L0 0 16] [L1 16c 0]
POC    4 LId:  0 TId: 2 ( STSA, B-SLICE, QP 32 )       8056 bits [Y 36.1192 dB    U 42.9739 dB    V 43.8083 dB] [ET    12 ] [L0 0 8] [L1 8c 16]
POC    2 LId:  0 TId: 3 ( STSA, B-SLICE, QP 34 )       1816 bits [Y 36.2121 dB    U 43.0338 dB    V 43.9069 dB] [ET     5 ] [L0 0 4] [L1 4c 8]
POC    1 LId:  0 TId: 4 ( STSA, B-SLICE, QP 36 )        424 bits [Y 37.1221 dB    U 43.1179 dB    V 44.0391 dB] [ET     2 ] [L0 0 2] [L1 2c 4]
POC    3 LId:  0 TId: 4 ( STSA, B-SLICE, QP 36 )        392 bits [Y 35.9506 dB    U 43.0106 dB    V 43.8566 dB] [ET     3 ] [L0 2c 0] [L1 4 8]
POC    6 LId:  0 TId: 3 ( STSA, B-SLICE, QP 34 )       2080 bits [Y 35.7516 dB    U 42.8860 dB    V 43.6845 dB] [ET     4 ] [L0 4c 0] [L1 8 16]
POC    5 LId:  0 TId: 4 ( STSA, B-SLICE, QP 36 )        384 bits [Y 35.8400 dB    U 42.9047 dB    V 43.6668 dB] [ET     3 ] [L0 4 0] [L1 6c 8]
POC    7 LId:  0 TId: 4 ( STSA, B-SLICE, QP 36 )        488 bits [Y 36.1562 dB    U 42.8001 dB    V 43.6540 dB] [ET     3 ] [L0 6c 4] [L1 8 16]
POC   12 LId:  0 TId: 2 ( STSA, B-SLICE, QP 32 )       8240 bits [Y 35.8179 dB    U 42.7038 dB    V 43.5303 dB] [ET    13 ] [L0 8c 0] [L1 16 8]
POC   10 LId:  0 TId: 3 ( STSA, B-SLICE, QP 34 )       2128 bits [Y 35.8968 dB    U 42.6811 dB    V 43.5912 dB] [ET     5 ] [L0 8 0] [L1 12c 16]
POC    9 LId:  0 TId: 4 ( STSA, B-SLICE, QP 36 )        304 bits [Y 36.1983 dB    U 42.7114 dB    V 43.6092 dB] [ET     3 ] [L0 8 0] [L1 10c 12]
POC   11 LId:  0 TId: 4 ( STSA, B-SLICE, QP 36 )        392 bits [Y 35.6714 dB    U 42.7152 dB    V 43.6012 dB] [ET     3 ] [L0 10c 8] [L1 12 16]
POC   14 LId:  0 TId: 3 ( STSA, B-SLICE, QP 34 )       2264 bits [Y 35.5931 dB    U 42.6671 dB    V 43.5105 dB] [ET     5 ] [L0 12c 8] [L1 16 12]
POC   13 LId:  0 TId: 4 ( STSA, B-SLICE, QP 36 )        392 bits [Y 35.5829 dB    U 42.6450 dB    V 43.5543 dB] [ET     3 ] [L0 12 8] [L1 14c 16]
POC   15 LId:  0 TId: 4 ( STSA, B-SLICE, QP 36 )        464 bits [Y 36.2284 dB    U 42.5619 dB    V 43.5086 dB] [ET     3 ] [L0 14c 12] [L1 16 14]
POC   32 LId:  0 TId: 0 ( CRA, I-SLICE, QP 24 )     172384 bits [Y 40.2609 dB    U 43.1341 dB    V 44.1770 dB] [ET    22 ] [L0] [L1]
POC   24 LId:  0 TId: 1 ( RASL, B-SLICE, QP 29 )      17952 bits [Y 37.4366 dB    U 43.2755 dB    V 44.3492 dB] [ET    15 ] [L0 16c 8] [L1 32 16]
POC   20 LId:  0 TId: 2 ( RASL, B-SLICE, QP 32 )       8032 bits [Y 36.3045 dB    U 43.1619 dB    V 44.1475 dB] [ET    13 ] [L0 16 8] [L1 24c 32]
POC   18 LId:  0 TId: 3 ( RASL, B-SLICE, QP 34 )       2368 bits [Y 36.1144 dB    U 43.0380 dB    V 43.9850 dB] [ET     5 ] [L0 16 8] [L1 20c 24]
POC   17 LId:  0 TId: 4 ( RASL, B-SLICE, QP 36 )        392 bits [Y 36.4952 dB    U 42.8293 dB    V 43.7397 dB] [ET     3 ] [L0 16 18] [L1 18c 20]
POC   19 LId:  0 TId: 4 ( RASL, B-SLICE, QP 36 )        456 bits [Y 36.0331 dB    U 43.0667 dB    V 44.0694 dB] [ET     2 ] [L0 18c 16] [L1 20 24]
POC   22 LId:  0 TId: 3 ( RASL, B-SLICE, QP 34 )       2504 bits [Y 36.2280 dB    U 43.2876 dB    V 44.2974 dB] [ET     6 ] [L0 20c 16] [L1 24 32]
POC   21 LId:  0 TId: 4 ( RASL, B-SLICE, QP 36 )        504 bits [Y 36.1767 dB    U 43.2811 dB    V 44.2850 dB] [ET     3 ] [L0 20 16] [L1 22c 24]
POC   23 LId:  0 TId: 4 ( RASL, B-SLICE, QP 36 )        464 bits [Y 36.6024 dB    U 43.3029 dB    V 44.3885 dB] [ET     3 ] [L0 22c 20] [L1 24 32]
POC   28 LId:  0 TId: 2 ( RASL, B-SLICE, QP 32 )       6960 bits [Y 36.3451 dB    U 43.2526 dB    V 44.3509 dB] [ET    10 ] [L0 24c 16] [L1 32 24]
POC   26 LId:  0 TId: 3 ( RASL, B-SLICE, QP 34 )       2208 bits [Y 36.2018 dB    U 43.2478 dB    V 44.3153 dB] [ET     5 ] [L0 24 16] [L1 28c 32]
POC   25 LId:  0 TId: 4 ( RASL, B-SLICE, QP 36 )        488 bits [Y 36.6307 dB    U 43.3251 dB    V 44.3963 dB] [ET     3 ] [L0 24 16] [L1 26c 28]
POC   27 LId:  0 TId: 4 ( RASL, B-SLICE, QP 36 )        416 bits [Y 36.0618 dB    U 43.2767 dB    V 44.3628 dB] [ET     3 ] [L0 26c 24] [L1 28 32]
POC   30 LId:  0 TId: 3 ( RASL, B-SLICE, QP 34 )       1944 bits [Y 36.1392 dB    U 43.1962 dB    V 44.2639 dB] [ET     5 ] [L0 28c 24] [L1 32 28]
POC   29 LId:  0 TId: 4 ( RASL, B-SLICE, QP 36 )        464 bits [Y 35.9475 dB    U 43.2354 dB    V 44.3275 dB] [ET     3 ] [L0 28 24] [L1 30c 32]
POC   31 LId:  0 TId: 4 ( RASL, B-SLICE, QP 36 )        384 bits [Y 37.2028 dB    U 43.0841 dB    V 44.2457 dB] [ET     3 ] [L0 30c 28] [L1 32 30]
POC   48 LId:  0 TId: 0 ( TRAIL, B-SLICE, QP 28 )      42200 bits [Y 37.3535 dB    U 42.3374 dB    V 43.6075 dB] [ET    27 ] [L0 32] [L1 32c]
POC   40 LId:  0 TId: 1 ( STSA, B-SLICE, QP 29 )      18896 bits [Y 37.0080 dB    U 42.5228 dB    V 43.6867 dB] [ET    21 ] [L0 32 48] [L1 48c 32]
POC   36 LId:  0 TId: 2 ( STSA, B-SLICE, QP 32 )       7240 bits [Y 36.1998 dB    U 42.7189 dB    V 43.7215 dB] [ET    11 ] [L0 32 40] [L1 40c 48]
POC   34 LId:  0 TId: 3 ( STSA, B-SLICE, QP 34 )       2008 bits [Y 35.7202 dB    U 42.8564 dB    V 43.9001 dB] [ET     5 ] [L0 32 36] [L1 36c 40]
POC   33 LId:  0 TId: 4 ( STSA, B-SLICE, QP 36 )        568 bits [Y 36.8862 dB    U 42.9572 dB    V 44.0275 dB] [ET     2 ] [L0 32 34] [L1 34c 36]
POC   35 LId:  0 TId: 4 ( STSA, B-SLICE, QP 36 )        528 bits [Y 35.7448 dB    U 42.7962 dB    V 43.7530 dB] [ET     3 ] [L0 34c 32] [L1 36 40]
POC   38 LId:  0 TId: 3 ( STSA, B-SLICE, QP 34 )       2080 bits [Y 35.5469 dB    U 42.6301 dB    V 43.6539 dB] [ET     5 ] [L0 36c 32] [L1 40 48]
POC   37 LId:  0 TId: 4 ( STSA, B-SLICE, QP 36 )        488 bits [Y 35.6795 dB    U 42.6374 dB    V 43.6724 dB] [ET     3 ] [L0 36 32] [L1 38c 40]
POC   39 LId:  0 TId: 4 ( STSA, B-SLICE, QP 36 )        448 bits [Y 35.9166 dB    U 42.5971 dB    V 43.7019 dB] [ET     2 ] [L0 38c 36] [L1 40 48]
POC   44 LId:  0 TId: 2 ( STSA, B-SLICE, QP 32 )       7144 bits [Y 35.9040 dB    U 42.4664 dB    V 43.6477 dB] [ET    14 ] [L0 40c 32] [L1 48 40]
POC   42 LId:  0 TId: 3 ( STSA, B-SLICE, QP 34 )       2744 bits [Y 35.3511 dB    U 42.4960 dB    V 43.6730 dB] [ET     7 ] [L0 40 32] [L1 44c 48]
POC   41 LId:  0 TId: 4 ( STSA, B-SLICE, QP 36 )        352 bits [Y 36.0466 dB    U 42.5184 dB    V 43.6605 dB] [ET     3 ] [L0 40 32] [L1 42c 44]
POC   43 LId:  0 TId: 4 ( STSA, B-SLICE, QP 36 )        384 bits [Y 35.3746 dB    U 42.4779 dB    V 43.5884 dB] [ET     3 ] [L0 42c 40] [L1 44 48]
POC   46 LId:  0 TId: 3 ( STSA, B-SLICE, QP 34 )       2544 bits [Y 35.3024 dB    U 42.3572 dB    V 43.5211 dB] [ET     8 ] [L0 44c 40] [L1 48 44]
POC   45 LId:  0 TId: 4 ( STSA, B-SLICE, QP 36 )        440 bits [Y 35.4753 dB    U 42.3702 dB    V 43.5497 dB] [ET     3 ] [L0 44 40] [L1 46c 48]
POC   47 LId:  0 TId: 4 ( STSA, B-SLICE, QP 36 )        280 bits [Y 35.8127 dB    U 42.3806 dB    V 43.6329 dB] [ET     3 ] [L0 46c 44] [L1 48 46]
POC   64 LId:  0 TId: 0 ( CRA, I-SLICE, QP 24 )     174560 bits [Y 40.2362 dB    U 42.9808 dB    V 44.0111 dB] [ET    23 ] [L0] [L1]
POC   56 LId:  0 TId: 1 ( RASL, B-SLICE, QP 29 )      20928 bits [Y 37.3210 dB    U 43.1745 dB    V 44.3448 dB] [ET    17 ] [L0 48c 40] [L1 64 48]
POC   52 LId:  0 TId: 2 ( RASL, B-SLICE, QP 32 )       6912 bits [Y 36.2328 dB    U 42.8117 dB    V 44.1510 dB] [ET    12 ] [L0 48 40] [L1 56c 64]
POC   50 LId:  0 TId: 3 ( RASL, B-SLICE, QP 34 )       2416 bits [Y 35.6159 dB    U 42.7141 dB    V 43.9838 dB] [ET     7 ] [L0 48 40] [L1 52c 56]
POC   49 LId:  0 TId: 4 ( RASL, B-SLICE, QP 36 )        328 bits [Y 36.0579 dB    U 42.6004 dB    V 43.8704 dB] [ET     3 ] [L0 48 50] [L1 50c 52]
POC   51 LId:  0 TId: 4 ( RASL, B-SLICE, QP 36 )        424 bits [Y 35.6355 dB    U 42.7994 dB    V 44.0918 dB] [ET     3 ] [L0 50c 48] [L1 52 56]
POC   54 LId:  0 TId: 3 ( RASL, B-SLICE, QP 34 )       3016 bits [Y 35.8256 dB    U 42.9977 dB    V 44.3389 dB] [ET     9 ] [L0 52c 48] [L1 56 64]
POC   53 LId:  0 TId: 4 ( RASL, B-SLICE, QP 36 )        536 bits [Y 35.8760 dB    U 42.9405 dB    V 44.2614 dB] [ET     3 ] [L0 52 48] [L1 54c 56]
POC   55 LId:  0 TId: 4 ( RASL, B-SLICE, QP 36 )        408 bits [Y 36.2672 dB    U 43.1510 dB    V 44.3484 dB] [ET     3 ] [L0 54c 52] [L1 56 64]
POC   60 LId:  0 TId: 2 ( RASL, B-SLICE, QP 32 )       7248 bits [Y 36.3826 dB    U 43.0008 dB    V 44.2146 dB] [ET    11 ] [L0 56c 48] [L1 64 56]
POC   58 LId:  0 TId: 3 ( RASL, B-SLICE, QP 34 )       2744 bits [Y 35.8456 dB    U 43.0376 dB    V 44.2331 dB] [ET     6 ] [L0 56 48] [L1 60c 64]
POC   57 LId:  0 TId: 4 ( RASL, B-SLICE, QP 36 )        512 bits [Y 36.2077 dB    U 43.0897 dB    V 44.2938 dB] [ET     3 ] [L0 56 48] [L1 58c 60]
POC   59 LId:  0 TId: 4 ( RASL, B-SLICE, QP 36 )        472 bits [Y 35.8418 dB    U 43.0156 dB    V 44.2089 dB] [ET     3 ] [L0 58c 56] [L1 60 64]
POC   62 LId:  0 TId: 3 ( RASL, B-SLICE, QP 34 )       2536 bits [Y 35.6290 dB    U 43.0345 dB    V 44.1189 dB] [ET     7 ] [L0 60c 56] [L1 64 60]
POC   61 LId:  0 TId: 4 ( RASL, B-SLICE, QP 36 )        520 bits [Y 35.8362 dB    U 42.9981 dB    V 44.1803 dB] [ET     3 ] [L0 60 56] [L1 62c 64]
POC   63 LId:  0 TId: 4 ( RASL, B-SLICE, QP 36 )        424 bits [Y 36.5848 dB    U 42.9368 dB    V 44.0561 dB] [ET     3 ] [L0 62c 60] [L1 64 62]

LayerId  0
	Total Frames |   Bitrate     Y-PSNR    U-PSNR    V-PSNR    YUV-PSNR   
	       65    a     725.5754   36.3359   42.8841   43.9408   37.5993

 finished @ Mon Jan 13 22:59:12 2025
 Total Time:      510.933 sec. [user]      510.933 sec. [elapsed]
