
VVCSoftware: VTM Encoder Version 10.0 [Windows][VS 1916][64 bit] [SIMD=AVX2] 

TOOL CFG: IBD:1 HAD:1 RDQ:1 RDQTS:1 RDpenalty:0 LQP:0 SQP:0 ASR:1 MinSearchWindow:96 RestrictMESampling:0 FEN:1 ECU:0 FDM:1 CFM:0 ESD:0 TransformSkip:1 TransformSkipFast:1 TransformSkipLog2MaxSize:5 ChromaTS:1 BDPCM:0 Tiles: 1x1 Slices: 1 MCTS:0 SAO:1 ALF:1 CCALF:1 WPP:0 WPB:0 PME:2  WaveFrontSynchro:0 WaveFrontSubstreams:1 ScalingList:0 TMVPMode:1  DQ:1  SignBitHidingFlag:0 RecalQP:0 
TOOL CFG: LFNST:1 MMVD:1 Affine:1 AffineType:1 PROF:1 SbTMVP:1 DualITree:1 IMV:1 BIO:1 LMChroma:1 HorCollocatedChroma:1 VerCollocatedChroma:0 MTS: 1(intra) 0(inter) SBT:1 ISP:1 SMVD:1 CompositeLTReference:0 Bcw:1 BcwFast:1 LADF:0 CIIP:1 Geo:1 AllowDisFracMMVD:1 AffineAmvr:1 AffineAmvrEncOpt:1 DMVR:1 MmvdDisNum:6 JointCbCr:1 ACT:0 PLT:0 IBC:0 HashME:0 WrapAround:0 VirtualBoundariesEnabledFlag:0 VirtualBoundariesPresentInSPSFlag:1 vertical virtual boundaries:[ ] horizontal virtual boundaries:[ ] Reshape:1 (Signal:SDR Opt:0 CSoffset:6) MRL:1 MIP:1 EncDbOpt:0 
FAST TOOL CFG: LCTUFast:1 FastMrg:1 PBIntraFast:1 IMV4PelFast:1 MTSMaxCand: 4(intra) 4(inter) ISPFast:0 FastLFNST:0 AMaxBT:1 E0023FastEnc:1 ContentBasedFastQtbt:0 UseNonLinearAlfLuma:1 UseNonLinearAlfChroma:1 MaxNumAlfAlternativesChroma:8 FastMIP:0 FastLocalDualTree:1 NumSplitThreads:1 NumWppThreads:1+0 EnsureWppBitEqual:0 RPR:0 TemporalFilter:0 


 started @ Tue Jan 14 00:07:08 2025
POC    0 LId:  0 TId: 0 ( IDR_N_LP, I-SLICE, QP 18 )     262632 bits [Y 45.4238 dB    U 47.0138 dB    V 47.6010 dB] [ET    25 ] [L0] [L1]
POC   16 LId:  0 TId: 0 ( TRAIL, B-SLICE, QP 22 )      93816 bits [Y 42.1545 dB    U 45.3226 dB    V 46.2745 dB] [ET    31 ] [L0 0] [L1 0c]
POC    8 LId:  0 TId: 1 ( STSA, B-SLICE, QP 22 )      63488 bits [Y 42.0962 dB    U 45.4398 dB    V 46.5344 dB] [ET    33 ] [L0 0 16] [L1 16c 0]
POC    4 LId:  0 TId: 2 ( STSA, B-SLICE, QP 25 )      33608 bits [Y 40.2822 dB    U 45.6192 dB    V 46.7608 dB] [ET    25 ] [L0 0 8] [L1 8c 16]
POC    2 LId:  0 TId: 3 ( STSA, B-SLICE, QP 26 )      16192 bits [Y 39.9565 dB    U 45.7783 dB    V 46.8389 dB] [ET    17 ] [L0 0 4] [L1 4c 8]
POC    1 LId:  0 TId: 4 ( STSA, B-SLICE, QP 28 )       1824 bits [Y 40.1902 dB    U 45.9411 dB    V 47.0473 dB] [ET     4 ] [L0 0 2] [L1 2c 4]
POC    3 LId:  0 TId: 4 ( STSA, B-SLICE, QP 28 )       2200 bits [Y 39.4229 dB    U 45.7843 dB    V 46.7581 dB] [ET     5 ] [L0 2c 0] [L1 4 8]
POC    6 LId:  0 TId: 3 ( STSA, B-SLICE, QP 26 )      14680 bits [Y 39.8243 dB    U 45.5026 dB    V 46.5222 dB] [ET    16 ] [L0 4c 0] [L1 8 16]
POC    5 LId:  0 TId: 4 ( STSA, B-SLICE, QP 28 )       2296 bits [Y 39.5416 dB    U 45.5703 dB    V 46.5469 dB] [ET     5 ] [L0 4 0] [L1 6c 8]
POC    7 LId:  0 TId: 4 ( STSA, B-SLICE, QP 28 )       2208 bits [Y 39.8678 dB    U 45.4390 dB    V 46.5291 dB] [ET     5 ] [L0 6c 4] [L1 8 16]
POC   12 LId:  0 TId: 2 ( STSA, B-SLICE, QP 25 )      34464 bits [Y 40.1263 dB    U 45.3032 dB    V 46.3009 dB] [ET    20 ] [L0 8 0] [L1 16c 8]
POC   10 LId:  0 TId: 3 ( STSA, B-SLICE, QP 26 )      14848 bits [Y 39.7763 dB    U 45.4019 dB    V 46.4346 dB] [ET    17 ] [L0 8 0] [L1 12c 16]
POC    9 LId:  0 TId: 4 ( STSA, B-SLICE, QP 28 )       2488 bits [Y 39.7699 dB    U 45.4416 dB    V 46.5416 dB] [ET     5 ] [L0 8 0] [L1 10c 12]
POC   11 LId:  0 TId: 4 ( STSA, B-SLICE, QP 28 )       2160 bits [Y 39.3914 dB    U 45.4157 dB    V 46.4426 dB] [ET     5 ] [L0 10c 8] [L1 12 16]
POC   14 LId:  0 TId: 3 ( STSA, B-SLICE, QP 26 )      16200 bits [Y 39.6883 dB    U 45.3059 dB    V 46.2909 dB] [ET    17 ] [L0 12c 8] [L1 16 12]
POC   13 LId:  0 TId: 4 ( STSA, B-SLICE, QP 28 )       2096 bits [Y 39.3278 dB    U 45.3925 dB    V 46.4022 dB] [ET     5 ] [L0 12 8] [L1 14c 16]
POC   15 LId:  0 TId: 4 ( STSA, B-SLICE, QP 28 )       2152 bits [Y 39.6885 dB    U 45.2971 dB    V 46.3039 dB] [ET     4 ] [L0 14c 12] [L1 16 14]
POC   32 LId:  0 TId: 0 ( CRA, I-SLICE, QP 18 )     268840 bits [Y 45.4217 dB    U 46.9260 dB    V 47.3558 dB] [ET    25 ] [L0] [L1]
POC   24 LId:  0 TId: 1 ( RASL, B-SLICE, QP 22 )      62328 bits [Y 42.2221 dB    U 45.9148 dB    V 47.0686 dB] [ET    26 ] [L0 16c 8] [L1 32 16]
POC   20 LId:  0 TId: 2 ( RASL, B-SLICE, QP 25 )      32656 bits [Y 40.3669 dB    U 45.6694 dB    V 46.8844 dB] [ET    21 ] [L0 16 8] [L1 24c 32]
POC   18 LId:  0 TId: 3 ( RASL, B-SLICE, QP 26 )      14656 bits [Y 39.8131 dB    U 45.6249 dB    V 46.7005 dB] [ET    18 ] [L0 16 8] [L1 20c 24]
POC   17 LId:  0 TId: 4 ( RASL, B-SLICE, QP 28 )       2464 bits [Y 39.9028 dB    U 45.4469 dB    V 46.4875 dB] [ET     5 ] [L0 16 18] [L1 18c 20]
POC   19 LId:  0 TId: 4 ( RASL, B-SLICE, QP 28 )       2184 bits [Y 39.5246 dB    U 45.6553 dB    V 46.8029 dB] [ET     5 ] [L0 18c 16] [L1 20 24]
POC   22 LId:  0 TId: 3 ( RASL, B-SLICE, QP 26 )      15280 bits [Y 39.9479 dB    U 45.7695 dB    V 46.9281 dB] [ET    15 ] [L0 20c 16] [L1 24 32]
POC   21 LId:  0 TId: 4 ( RASL, B-SLICE, QP 28 )       2152 bits [Y 39.6820 dB    U 45.8620 dB    V 47.0089 dB] [ET     3 ] [L0 20 16] [L1 22c 24]
POC   23 LId:  0 TId: 4 ( RASL, B-SLICE, QP 28 )       2000 bits [Y 39.9957 dB    U 45.8776 dB    V 47.1292 dB] [ET     5 ] [L0 22c 20] [L1 24 32]
POC   28 LId:  0 TId: 2 ( RASL, B-SLICE, QP 25 )      31384 bits [Y 40.3295 dB    U 45.8554 dB    V 47.0291 dB] [ET    19 ] [L0 24c 16] [L1 32 24]
POC   26 LId:  0 TId: 3 ( RASL, B-SLICE, QP 26 )      15808 bits [Y 39.8336 dB    U 45.9106 dB    V 47.0337 dB] [ET    14 ] [L0 24 16] [L1 28c 32]
POC   25 LId:  0 TId: 4 ( RASL, B-SLICE, QP 28 )       1712 bits [Y 39.8850 dB    U 45.9780 dB    V 47.1641 dB] [ET     4 ] [L0 24 16] [L1 26c 28]
POC   27 LId:  0 TId: 4 ( RASL, B-SLICE, QP 28 )       1944 bits [Y 39.2980 dB    U 46.0291 dB    V 47.0960 dB] [ET     5 ] [L0 26c 24] [L1 28 32]
POC   30 LId:  0 TId: 3 ( RASL, B-SLICE, QP 26 )      17296 bits [Y 39.9471 dB    U 45.9704 dB    V 47.0262 dB] [ET    18 ] [L0 28c 24] [L1 32 28]
POC   29 LId:  0 TId: 4 ( RASL, B-SLICE, QP 28 )       2184 bits [Y 39.3951 dB    U 45.9695 dB    V 47.1196 dB] [ET     6 ] [L0 28 24] [L1 30c 32]
POC   31 LId:  0 TId: 4 ( RASL, B-SLICE, QP 28 )       2168 bits [Y 40.1163 dB    U 45.9748 dB    V 47.0242 dB] [ET     4 ] [L0 30c 28] [L1 32 30]
POC   48 LId:  0 TId: 0 ( TRAIL, B-SLICE, QP 22 )      95568 bits [Y 42.1338 dB    U 45.1273 dB    V 46.2486 dB] [ET    32 ] [L0 32] [L1 32c]
POC   40 LId:  0 TId: 1 ( STSA, B-SLICE, QP 22 )      66064 bits [Y 42.0405 dB    U 45.2949 dB    V 46.3425 dB] [ET    32 ] [L0 32 48] [L1 48c 32]
POC   36 LId:  0 TId: 2 ( STSA, B-SLICE, QP 25 )      31272 bits [Y 40.2499 dB    U 45.4784 dB    V 46.5346 dB] [ET    27 ] [L0 32 40] [L1 40c 48]
POC   34 LId:  0 TId: 3 ( STSA, B-SLICE, QP 26 )      20944 bits [Y 39.6953 dB    U 45.6632 dB    V 46.6830 dB] [ET    21 ] [L0 32 36] [L1 36c 40]
POC   33 LId:  0 TId: 4 ( STSA, B-SLICE, QP 28 )       2024 bits [Y 39.7456 dB    U 45.7379 dB    V 46.8032 dB] [ET     4 ] [L0 32 34] [L1 34c 36]
POC   35 LId:  0 TId: 4 ( STSA, B-SLICE, QP 28 )       2456 bits [Y 39.2334 dB    U 45.5317 dB    V 46.5411 dB] [ET     5 ] [L0 34c 32] [L1 36 40]
POC   38 LId:  0 TId: 3 ( STSA, B-SLICE, QP 26 )      19608 bits [Y 39.6196 dB    U 45.3730 dB    V 46.3964 dB] [ET    16 ] [L0 36c 32] [L1 40 48]
POC   37 LId:  0 TId: 4 ( STSA, B-SLICE, QP 28 )       2688 bits [Y 39.2313 dB    U 45.3801 dB    V 46.5410 dB] [ET     6 ] [L0 36 32] [L1 38c 40]
POC   39 LId:  0 TId: 4 ( STSA, B-SLICE, QP 28 )       2464 bits [Y 39.3793 dB    U 45.2688 dB    V 46.4979 dB] [ET     5 ] [L0 38c 36] [L1 40 48]
POC   44 LId:  0 TId: 2 ( STSA, B-SLICE, QP 25 )      30632 bits [Y 40.1241 dB    U 45.1665 dB    V 46.3840 dB] [ET    20 ] [L0 40 32] [L1 48c 40]
POC   42 LId:  0 TId: 3 ( STSA, B-SLICE, QP 26 )      22496 bits [Y 39.5599 dB    U 45.2190 dB    V 46.4363 dB] [ET    19 ] [L0 40 32] [L1 44c 48]
POC   41 LId:  0 TId: 4 ( STSA, B-SLICE, QP 28 )       2488 bits [Y 39.3680 dB    U 45.2192 dB    V 46.4683 dB] [ET     6 ] [L0 40 32] [L1 42c 44]
POC   43 LId:  0 TId: 4 ( STSA, B-SLICE, QP 28 )       2880 bits [Y 39.0775 dB    U 45.2377 dB    V 46.3600 dB] [ET     6 ] [L0 42c 40] [L1 44 48]
POC   46 LId:  0 TId: 3 ( STSA, B-SLICE, QP 26 )      23704 bits [Y 39.5561 dB    U 45.1081 dB    V 46.2119 dB] [ET    17 ] [L0 44c 40] [L1 48 44]
POC   45 LId:  0 TId: 4 ( STSA, B-SLICE, QP 28 )       2704 bits [Y 39.0598 dB    U 45.1236 dB    V 46.3314 dB] [ET     5 ] [L0 44 40] [L1 46c 48]
POC   47 LId:  0 TId: 4 ( STSA, B-SLICE, QP 28 )       2880 bits [Y 39.2171 dB    U 45.2029 dB    V 46.3143 dB] [ET     6 ] [L0 46c 44] [L1 48 46]
POC   64 LId:  0 TId: 0 ( CRA, I-SLICE, QP 18 )     273768 bits [Y 45.4742 dB    U 46.7847 dB    V 47.4078 dB] [ET    25 ] [L0] [L1]
POC   56 LId:  0 TId: 1 ( RASL, B-SLICE, QP 22 )      66448 bits [Y 42.1928 dB    U 45.9515 dB    V 46.9246 dB] [ET    30 ] [L0 48c 40] [L1 64 48]
POC   52 LId:  0 TId: 2 ( RASL, B-SLICE, QP 25 )      28840 bits [Y 40.2621 dB    U 45.4250 dB    V 46.6311 dB] [ET    19 ] [L0 48 40] [L1 56c 64]
POC   50 LId:  0 TId: 3 ( RASL, B-SLICE, QP 26 )      21656 bits [Y 39.6651 dB    U 45.3800 dB    V 46.6221 dB] [ET    18 ] [L0 48 40] [L1 52c 56]
POC   49 LId:  0 TId: 4 ( RASL, B-SLICE, QP 28 )       2512 bits [Y 39.2033 dB    U 45.3539 dB    V 46.5169 dB] [ET     5 ] [L0 48 50] [L1 50c 52]
POC   51 LId:  0 TId: 4 ( RASL, B-SLICE, QP 28 )       2456 bits [Y 39.0383 dB    U 45.4795 dB    V 46.6914 dB] [ET     6 ] [L0 50c 48] [L1 52 56]
POC   54 LId:  0 TId: 3 ( RASL, B-SLICE, QP 26 )      22432 bits [Y 39.8005 dB    U 45.6541 dB    V 46.8599 dB] [ET    18 ] [L0 52c 48] [L1 56 64]
POC   53 LId:  0 TId: 4 ( RASL, B-SLICE, QP 28 )       3792 bits [Y 39.1772 dB    U 45.5772 dB    V 46.7948 dB] [ET     7 ] [L0 52 48] [L1 54c 56]
POC   55 LId:  0 TId: 4 ( RASL, B-SLICE, QP 28 )       2736 bits [Y 39.5281 dB    U 45.7773 dB    V 46.9282 dB] [ET     7 ] [L0 54c 52] [L1 56 64]
POC   60 LId:  0 TId: 2 ( RASL, B-SLICE, QP 25 )      29584 bits [Y 40.2964 dB    U 45.6040 dB    V 46.7186 dB] [ET    19 ] [L0 56c 48] [L1 64 56]
POC   58 LId:  0 TId: 3 ( RASL, B-SLICE, QP 26 )      21048 bits [Y 39.7337 dB    U 45.7101 dB    V 46.9461 dB] [ET    17 ] [L0 56 48] [L1 60c 64]
POC   57 LId:  0 TId: 4 ( RASL, B-SLICE, QP 28 )       3592 bits [Y 39.3551 dB    U 45.8120 dB    V 46.9580 dB] [ET     8 ] [L0 56 48] [L1 58c 60]
POC   59 LId:  0 TId: 4 ( RASL, B-SLICE, QP 28 )       4312 bits [Y 38.9870 dB    U 45.7523 dB    V 46.8982 dB] [ET     7 ] [L0 58c 56] [L1 60 64]
POC   62 LId:  0 TId: 3 ( RASL, B-SLICE, QP 26 )      23816 bits [Y 39.6822 dB    U 45.8270 dB    V 46.8765 dB] [ET    18 ] [L0 60c 56] [L1 64 60]
POC   61 LId:  0 TId: 4 ( RASL, B-SLICE, QP 28 )       3192 bits [Y 39.0678 dB    U 45.7464 dB    V 46.8883 dB] [ET     7 ] [L0 60 56] [L1 62c 64]
POC   63 LId:  0 TId: 4 ( RASL, B-SLICE, QP 28 )       2816 bits [Y 39.4717 dB    U 45.8474 dB    V 46.9550 dB] [ET     6 ] [L0 62c 60] [L1 64 62]

LayerId  0
	Total Frames |   Bitrate     Y-PSNR    U-PSNR    V-PSNR    YUV-PSNR   
	       65    a    1741.1815   40.1606   45.6341   46.7185   41.2478

 finished @ Tue Jan 14 00:22:13 2025
 Total Time:      905.249 sec. [user]      905.249 sec. [elapsed]
