
VVCSoftware: VTM Encoder Version 10.0 [Windows][VS 1916][64 bit] [SIMD=AVX2] 

TOOL CFG: IBD:1 HAD:1 RDQ:1 RDQTS:1 RDpenalty:0 LQP:0 SQP:0 ASR:1 MinSearchWindow:96 RestrictMESampling:0 FEN:1 ECU:0 FDM:1 CFM:0 ESD:0 TransformSkip:1 TransformSkipFast:1 TransformSkipLog2MaxSize:5 ChromaTS:1 BDPCM:0 Tiles: 1x1 Slices: 1 MCTS:0 SAO:1 ALF:1 CCALF:1 WPP:0 WPB:0 PME:2  WaveFrontSynchro:0 WaveFrontSubstreams:1 ScalingList:0 TMVPMode:1  DQ:1  SignBitHidingFlag:0 RecalQP:0 
TOOL CFG: LFNST:1 MMVD:1 Affine:1 AffineType:1 PROF:1 SbTMVP:1 DualITree:1 IMV:1 BIO:1 LMChroma:1 HorCollocatedChroma:1 VerCollocatedChroma:0 MTS: 1(intra) 0(inter) SBT:1 ISP:1 SMVD:1 CompositeLTReference:0 Bcw:1 BcwFast:1 LADF:0 CIIP:1 Geo:1 AllowDisFracMMVD:1 AffineAmvr:1 AffineAmvrEncOpt:1 DMVR:1 MmvdDisNum:6 JointCbCr:1 ACT:0 PLT:0 IBC:0 HashME:0 WrapAround:0 VirtualBoundariesEnabledFlag:0 VirtualBoundariesPresentInSPSFlag:1 vertical virtual boundaries:[ ] horizontal virtual boundaries:[ ] Reshape:1 (Signal:SDR Opt:0 CSoffset:6) MRL:1 MIP:1 EncDbOpt:0 
FAST TOOL CFG: LCTUFast:1 FastMrg:1 PBIntraFast:1 IMV4PelFast:1 MTSMaxCand: 4(intra) 4(inter) ISPFast:0 FastLFNST:0 AMaxBT:1 E0023FastEnc:1 ContentBasedFastQtbt:0 UseNonLinearAlfLuma:1 UseNonLinearAlfChroma:1 MaxNumAlfAlternativesChroma:8 FastMIP:0 FastLocalDualTree:1 NumSplitThreads:1 NumWppThreads:1+0 EnsureWppBitEqual:0 RPR:0 TemporalFilter:0 


 started @ Mon Jan 13 22:02:29 2025
POC    0 LId:  0 TId: 0 ( IDR_N_LP, I-SLICE, QP 32 )      80592 bits [Y 33.7985 dB    U 39.9300 dB    V 40.1412 dB] [ET    16 ] [L0] [L1]
POC   16 LId:  0 TId: 0 ( TRAIL, B-SLICE, QP 36 )      11552 bits [Y 31.8175 dB    U 39.5862 dB    V 39.6899 dB] [ET    14 ] [L0 0] [L1 0c]
POC    8 LId:  0 TId: 1 ( STSA, B-SLICE, QP 39 )       3640 bits [Y 31.6478 dB    U 39.7390 dB    V 40.0345 dB] [ET     7 ] [L0 0 16] [L1 16c 0]
POC    4 LId:  0 TId: 2 ( STSA, B-SLICE, QP 42 )       1224 bits [Y 31.4073 dB    U 39.8621 dB    V 40.1643 dB] [ET     4 ] [L0 0 8] [L1 8c 16]
POC    2 LId:  0 TId: 3 ( STSA, B-SLICE, QP 43 )        312 bits [Y 31.9792 dB    U 39.8573 dB    V 40.1783 dB] [ET     2 ] [L0 0 4] [L1 4c 8]
POC    1 LId:  0 TId: 4 ( STSA, B-SLICE, QP 44 )        192 bits [Y 32.7300 dB    U 39.8917 dB    V 40.1842 dB] [ET     1 ] [L0 0 2] [L1 2c 4]
POC    3 LId:  0 TId: 4 ( STSA, B-SLICE, QP 44 )        184 bits [Y 31.6158 dB    U 39.8613 dB    V 40.1531 dB] [ET     1 ] [L0 2c 0] [L1 4 8]
POC    6 LId:  0 TId: 3 ( STSA, B-SLICE, QP 43 )        352 bits [Y 31.2010 dB    U 39.7859 dB    V 40.0993 dB] [ET     2 ] [L0 4c 0] [L1 8 16]
POC    5 LId:  0 TId: 4 ( STSA, B-SLICE, QP 44 )        152 bits [Y 31.3121 dB    U 39.7948 dB    V 40.0936 dB] [ET     2 ] [L0 4 0] [L1 6c 8]
POC    7 LId:  0 TId: 4 ( STSA, B-SLICE, QP 44 )        168 bits [Y 31.4372 dB    U 39.7408 dB    V 40.0692 dB] [ET     1 ] [L0 6c 4] [L1 8 16]
POC   12 LId:  0 TId: 2 ( STSA, B-SLICE, QP 42 )       1352 bits [Y 30.9340 dB    U 39.7028 dB    V 39.8927 dB] [ET     3 ] [L0 8c 0] [L1 16 8]
POC   10 LId:  0 TId: 3 ( STSA, B-SLICE, QP 43 )        320 bits [Y 30.9763 dB    U 39.7125 dB    V 39.9653 dB] [ET     2 ] [L0 8 0] [L1 12c 16]
POC    9 LId:  0 TId: 4 ( STSA, B-SLICE, QP 44 )        312 bits [Y 31.3966 dB    U 39.7197 dB    V 40.0087 dB] [ET     1 ] [L0 8 0] [L1 10c 12]
POC   11 LId:  0 TId: 4 ( STSA, B-SLICE, QP 44 )        176 bits [Y 30.9705 dB    U 39.6873 dB    V 39.9406 dB] [ET     2 ] [L0 10c 8] [L1 12 16]
POC   14 LId:  0 TId: 3 ( STSA, B-SLICE, QP 43 )        424 bits [Y 31.1204 dB    U 39.6570 dB    V 39.8028 dB] [ET     2 ] [L0 12c 8] [L1 16 12]
POC   13 LId:  0 TId: 4 ( STSA, B-SLICE, QP 44 )        168 bits [Y 31.0496 dB    U 39.6823 dB    V 39.8779 dB] [ET     2 ] [L0 12 8] [L1 14c 16]
POC   15 LId:  0 TId: 4 ( STSA, B-SLICE, QP 44 )        160 bits [Y 31.4965 dB    U 39.5965 dB    V 39.7516 dB] [ET     2 ] [L0 14c 12] [L1 16 14]
POC   32 LId:  0 TId: 0 ( CRA, I-SLICE, QP 32 )      83712 bits [Y 33.7155 dB    U 39.9749 dB    V 40.3454 dB] [ET    16 ] [L0] [L1]
POC   24 LId:  0 TId: 1 ( RASL, B-SLICE, QP 39 )       3496 bits [Y 32.1880 dB    U 40.0494 dB    V 40.4481 dB] [ET     7 ] [L0 16c 8] [L1 32 16]
POC   20 LId:  0 TId: 2 ( RASL, B-SLICE, QP 42 )       1432 bits [Y 31.2514 dB    U 40.0062 dB    V 40.1928 dB] [ET     4 ] [L0 16 8] [L1 24c 32]
POC   18 LId:  0 TId: 3 ( RASL, B-SLICE, QP 43 )        472 bits [Y 31.5226 dB    U 39.9348 dB    V 40.1551 dB] [ET     3 ] [L0 16 8] [L1 20c 24]
POC   17 LId:  0 TId: 4 ( RASL, B-SLICE, QP 44 )        200 bits [Y 31.7855 dB    U 39.8050 dB    V 39.9637 dB] [ET     2 ] [L0 16 18] [L1 18c 20]
POC   19 LId:  0 TId: 4 ( RASL, B-SLICE, QP 44 )        224 bits [Y 31.4175 dB    U 39.9318 dB    V 40.2015 dB] [ET     4 ] [L0 18c 16] [L1 20 24]
POC   22 LId:  0 TId: 3 ( RASL, B-SLICE, QP 43 )        480 bits [Y 31.4756 dB    U 40.0906 dB    V 40.3550 dB] [ET     8 ] [L0 20c 16] [L1 24 32]
POC   21 LId:  0 TId: 4 ( RASL, B-SLICE, QP 44 )        240 bits [Y 31.4211 dB    U 40.0432 dB    V 40.2880 dB] [ET     1 ] [L0 20 16] [L1 22c 24]
POC   23 LId:  0 TId: 4 ( RASL, B-SLICE, QP 44 )        200 bits [Y 31.9180 dB    U 40.0946 dB    V 40.3837 dB] [ET     1 ] [L0 22c 20] [L1 24 32]
POC   28 LId:  0 TId: 2 ( RASL, B-SLICE, QP 42 )       1128 bits [Y 31.8645 dB    U 40.1412 dB    V 40.5074 dB] [ET     4 ] [L0 24c 16] [L1 32 24]
POC   26 LId:  0 TId: 3 ( RASL, B-SLICE, QP 43 )        496 bits [Y 31.8180 dB    U 40.1105 dB    V 40.4686 dB] [ET     3 ] [L0 24 16] [L1 28c 32]
POC   25 LId:  0 TId: 4 ( RASL, B-SLICE, QP 44 )        192 bits [Y 31.9754 dB    U 40.1053 dB    V 40.4487 dB] [ET     1 ] [L0 24 16] [L1 26c 28]
POC   27 LId:  0 TId: 4 ( RASL, B-SLICE, QP 44 )        200 bits [Y 31.8343 dB    U 40.1418 dB    V 40.4935 dB] [ET     2 ] [L0 26c 24] [L1 28 32]
POC   30 LId:  0 TId: 3 ( RASL, B-SLICE, QP 43 )        384 bits [Y 32.0918 dB    U 40.1047 dB    V 40.4626 dB] [ET     2 ] [L0 28c 24] [L1 32 28]
POC   29 LId:  0 TId: 4 ( RASL, B-SLICE, QP 44 )        192 bits [Y 31.9208 dB    U 40.0929 dB    V 40.4891 dB] [ET     1 ] [L0 28 24] [L1 30c 32]
POC   31 LId:  0 TId: 4 ( RASL, B-SLICE, QP 44 )        216 bits [Y 32.8771 dB    U 40.0291 dB    V 40.4179 dB] [ET     1 ] [L0 30c 28] [L1 32 30]
POC   48 LId:  0 TId: 0 ( TRAIL, B-SLICE, QP 36 )      11856 bits [Y 31.8047 dB    U 39.5925 dB    V 40.0750 dB] [ET    16 ] [L0 32] [L1 32c]
POC   40 LId:  0 TId: 1 ( STSA, B-SLICE, QP 39 )       3272 bits [Y 31.6126 dB    U 39.8012 dB    V 40.2515 dB] [ET     6 ] [L0 32 48] [L1 48c 32]
POC   36 LId:  0 TId: 2 ( STSA, B-SLICE, QP 42 )       1072 bits [Y 31.3977 dB    U 39.8929 dB    V 40.2402 dB] [ET     3 ] [L0 32 40] [L1 40c 48]
POC   34 LId:  0 TId: 3 ( STSA, B-SLICE, QP 43 )        480 bits [Y 31.7521 dB    U 39.8893 dB    V 40.3117 dB] [ET     2 ] [L0 32 36] [L1 36c 40]
POC   33 LId:  0 TId: 4 ( STSA, B-SLICE, QP 44 )        232 bits [Y 32.5911 dB    U 39.9520 dB    V 40.3494 dB] [ET     1 ] [L0 32 34] [L1 34c 36]
POC   35 LId:  0 TId: 4 ( STSA, B-SLICE, QP 44 )        240 bits [Y 31.4969 dB    U 39.9255 dB    V 40.2810 dB] [ET     2 ] [L0 34c 32] [L1 36 40]
POC   38 LId:  0 TId: 3 ( STSA, B-SLICE, QP 43 )        448 bits [Y 31.2430 dB    U 39.8346 dB    V 40.2505 dB] [ET     2 ] [L0 36c 32] [L1 40 48]
POC   37 LId:  0 TId: 4 ( STSA, B-SLICE, QP 44 )        184 bits [Y 31.2410 dB    U 39.8344 dB    V 40.2298 dB] [ET     1 ] [L0 36 32] [L1 38c 40]
POC   39 LId:  0 TId: 4 ( STSA, B-SLICE, QP 44 )        232 bits [Y 31.4339 dB    U 39.8099 dB    V 40.2536 dB] [ET     1 ] [L0 38c 36] [L1 40 48]
POC   44 LId:  0 TId: 2 ( STSA, B-SLICE, QP 42 )        984 bits [Y 30.8946 dB    U 39.7103 dB    V 40.2126 dB] [ET     3 ] [L0 40c 32] [L1 48 40]
POC   42 LId:  0 TId: 3 ( STSA, B-SLICE, QP 43 )        424 bits [Y 30.8927 dB    U 39.7445 dB    V 40.2657 dB] [ET     3 ] [L0 40 32] [L1 44c 48]
POC   41 LId:  0 TId: 4 ( STSA, B-SLICE, QP 44 )        160 bits [Y 31.3628 dB    U 39.7669 dB    V 40.2387 dB] [ET     2 ] [L0 40 32] [L1 42c 44]
POC   43 LId:  0 TId: 4 ( STSA, B-SLICE, QP 44 )        176 bits [Y 30.8268 dB    U 39.7125 dB    V 40.2142 dB] [ET     2 ] [L0 42c 40] [L1 44 48]
POC   46 LId:  0 TId: 3 ( STSA, B-SLICE, QP 43 )        312 bits [Y 31.0176 dB    U 39.6885 dB    V 40.1549 dB] [ET     2 ] [L0 44c 40] [L1 48 44]
POC   45 LId:  0 TId: 4 ( STSA, B-SLICE, QP 44 )        168 bits [Y 30.9698 dB    U 39.6545 dB    V 40.1948 dB] [ET     1 ] [L0 44 40] [L1 46c 48]
POC   47 LId:  0 TId: 4 ( STSA, B-SLICE, QP 44 )        192 bits [Y 31.4848 dB    U 39.6250 dB    V 40.1344 dB] [ET     2 ] [L0 46c 44] [L1 48 46]
POC   64 LId:  0 TId: 0 ( CRA, I-SLICE, QP 32 )      85464 bits [Y 33.7263 dB    U 39.5338 dB    V 39.9073 dB] [ET    16 ] [L0] [L1]
POC   56 LId:  0 TId: 1 ( RASL, B-SLICE, QP 39 )       3448 bits [Y 31.8044 dB    U 40.0004 dB    V 40.4710 dB] [ET     8 ] [L0 48c 40] [L1 64 48]
POC   52 LId:  0 TId: 2 ( RASL, B-SLICE, QP 42 )       1184 bits [Y 31.3079 dB    U 39.8953 dB    V 40.4659 dB] [ET     5 ] [L0 48 40] [L1 56c 64]
POC   50 LId:  0 TId: 3 ( RASL, B-SLICE, QP 43 )        432 bits [Y 31.2761 dB    U 39.8316 dB    V 40.3380 dB] [ET     2 ] [L0 48 40] [L1 52c 56]
POC   49 LId:  0 TId: 4 ( RASL, B-SLICE, QP 44 )        176 bits [Y 31.5638 dB    U 39.7524 dB    V 40.2639 dB] [ET     1 ] [L0 48 50] [L1 50c 52]
POC   51 LId:  0 TId: 4 ( RASL, B-SLICE, QP 44 )        208 bits [Y 31.1846 dB    U 39.9256 dB    V 40.4236 dB] [ET     1 ] [L0 50c 48] [L1 52 56]
POC   54 LId:  0 TId: 3 ( RASL, B-SLICE, QP 43 )        520 bits [Y 31.1541 dB    U 39.9430 dB    V 40.4279 dB] [ET     3 ] [L0 52c 48] [L1 56 64]
POC   53 LId:  0 TId: 4 ( RASL, B-SLICE, QP 44 )        168 bits [Y 31.2319 dB    U 39.9709 dB    V 40.4565 dB] [ET     1 ] [L0 52 48] [L1 54c 56]
POC   55 LId:  0 TId: 4 ( RASL, B-SLICE, QP 44 )        192 bits [Y 31.5447 dB    U 39.9873 dB    V 40.4386 dB] [ET     2 ] [L0 54c 52] [L1 56 64]
POC   60 LId:  0 TId: 2 ( RASL, B-SLICE, QP 42 )       1208 bits [Y 31.6278 dB    U 39.8333 dB    V 40.3010 dB] [ET     4 ] [L0 56c 48] [L1 64 56]
POC   58 LId:  0 TId: 3 ( RASL, B-SLICE, QP 43 )        576 bits [Y 31.4314 dB    U 39.8814 dB    V 40.3984 dB] [ET     2 ] [L0 56 48] [L1 60c 64]
POC   57 LId:  0 TId: 4 ( RASL, B-SLICE, QP 44 )        192 bits [Y 31.5551 dB    U 39.8889 dB    V 40.4050 dB] [ET     1 ] [L0 56 48] [L1 58c 60]
POC   59 LId:  0 TId: 4 ( RASL, B-SLICE, QP 44 )        232 bits [Y 31.4392 dB    U 39.8795 dB    V 40.3264 dB] [ET     2 ] [L0 58c 56] [L1 60 64]
POC   62 LId:  0 TId: 3 ( RASL, B-SLICE, QP 43 )        520 bits [Y 31.7033 dB    U 39.7618 dB    V 40.1288 dB] [ET     3 ] [L0 60c 56] [L1 64 60]
POC   61 LId:  0 TId: 4 ( RASL, B-SLICE, QP 44 )        192 bits [Y 31.6575 dB    U 39.7901 dB    V 40.2527 dB] [ET     2 ] [L0 60 56] [L1 62c 64]
POC   63 LId:  0 TId: 4 ( RASL, B-SLICE, QP 44 )        184 bits [Y 32.5173 dB    U 39.6534 dB    V 40.0085 dB] [ET     2 ] [L0 62c 60] [L1 64 62]

LayerId  0
	Total Frames |   Bitrate     Y-PSNR    U-PSNR    V-PSNR    YUV-PSNR   
	       65    a     286.0357   31.6418   39.8527   40.2206   33.0597

 finished @ Mon Jan 13 22:06:53 2025
 Total Time:      264.038 sec. [user]      264.037 sec. [elapsed]
