
VVCSoftware: VTM Encoder Version 10.0 [Windows][VS 1916][64 bit] [SIMD=AVX2] 

TOOL CFG: IBD:1 HAD:1 RDQ:1 RDQTS:1 RDpenalty:0 LQP:0 SQP:0 ASR:1 MinSearchWindow:96 RestrictMESampling:0 FEN:1 ECU:0 FDM:1 CFM:0 ESD:0 TransformSkip:1 TransformSkipFast:1 TransformSkipLog2MaxSize:5 ChromaTS:1 BDPCM:0 Tiles: 1x1 Slices: 1 MCTS:0 SAO:1 ALF:1 CCALF:1 WPP:0 WPB:0 PME:2  WaveFrontSynchro:0 WaveFrontSubstreams:1 ScalingList:0 TMVPMode:1  DQ:1  SignBitHidingFlag:0 RecalQP:0 
TOOL CFG: LFNST:1 MMVD:1 Affine:1 AffineType:1 PROF:1 SbTMVP:1 DualITree:1 IMV:1 BIO:1 LMChroma:1 HorCollocatedChroma:1 VerCollocatedChroma:0 MTS: 1(intra) 0(inter) SBT:1 ISP:1 SMVD:1 CompositeLTReference:0 Bcw:1 BcwFast:1 LADF:0 CIIP:1 Geo:1 AllowDisFracMMVD:1 AffineAmvr:1 AffineAmvrEncOpt:1 DMVR:1 MmvdDisNum:6 JointCbCr:1 ACT:0 PLT:0 IBC:0 HashME:0 WrapAround:0 VirtualBoundariesEnabledFlag:0 VirtualBoundariesPresentInSPSFlag:1 vertical virtual boundaries:[ ] horizontal virtual boundaries:[ ] Reshape:1 (Signal:SDR Opt:0 CSoffset:6) MRL:1 MIP:1 EncDbOpt:0 
FAST TOOL CFG: LCTUFast:1 FastMrg:1 PBIntraFast:1 IMV4PelFast:1 MTSMaxCand: 4(intra) 4(inter) ISPFast:0 FastLFNST:0 AMaxBT:1 E0023FastEnc:1 ContentBasedFastQtbt:0 UseNonLinearAlfLuma:1 UseNonLinearAlfChroma:1 MaxNumAlfAlternativesChroma:8 FastMIP:0 FastLocalDualTree:1 NumSplitThreads:1 NumWppThreads:1+0 EnsureWppBitEqual:0 RPR:0 TemporalFilter:0 


 started @ Tue Jan 14 00:24:29 2025
POC    0 LId:  0 TId: 0 ( IDR_N_LP, I-SLICE, QP 17 )     282320 bits [Y 46.3253 dB    U 47.5297 dB    V 48.0610 dB] [ET    25 ] [L0] [L1]
POC   16 LId:  0 TId: 0 ( TRAIL, B-SLICE, QP 21 )     105976 bits [Y 42.9943 dB    U 45.5978 dB    V 46.5052 dB] [ET    33 ] [L0 0] [L1 0c]
POC    8 LId:  0 TId: 1 ( STSA, B-SLICE, QP 21 )      74096 bits [Y 42.9303 dB    U 45.7893 dB    V 46.7658 dB] [ET    35 ] [L0 0 16] [L1 16c 0]
POC    4 LId:  0 TId: 2 ( STSA, B-SLICE, QP 24 )      40872 bits [Y 40.9974 dB    U 45.8888 dB    V 46.9246 dB] [ET    26 ] [L0 0 8] [L1 8c 16]
POC    2 LId:  0 TId: 3 ( STSA, B-SLICE, QP 25 )      19784 bits [Y 40.6368 dB    U 46.0165 dB    V 47.1244 dB] [ET    18 ] [L0 0 4] [L1 4c 8]
POC    1 LId:  0 TId: 4 ( STSA, B-SLICE, QP 27 )       2360 bits [Y 40.5550 dB    U 46.1760 dB    V 47.3380 dB] [ET     5 ] [L0 0 2] [L1 2c 4]
POC    3 LId:  0 TId: 4 ( STSA, B-SLICE, QP 27 )       3008 bits [Y 39.8408 dB    U 45.9918 dB    V 46.9967 dB] [ET     5 ] [L0 2c 0] [L1 4 8]
POC    6 LId:  0 TId: 3 ( STSA, B-SLICE, QP 25 )      19144 bits [Y 40.4193 dB    U 45.7903 dB    V 46.8748 dB] [ET    15 ] [L0 4c 0] [L1 8 16]
POC    5 LId:  0 TId: 4 ( STSA, B-SLICE, QP 27 )       2736 bits [Y 40.0102 dB    U 45.8255 dB    V 46.8405 dB] [ET     5 ] [L0 4 0] [L1 6c 8]
POC    7 LId:  0 TId: 4 ( STSA, B-SLICE, QP 27 )       2904 bits [Y 40.3159 dB    U 45.7052 dB    V 46.8647 dB] [ET     5 ] [L0 6c 4] [L1 8 16]
POC   12 LId:  0 TId: 2 ( STSA, B-SLICE, QP 24 )      41584 bits [Y 40.9131 dB    U 45.5365 dB    V 46.4508 dB] [ET    22 ] [L0 8 0] [L1 16c 8]
POC   10 LId:  0 TId: 3 ( STSA, B-SLICE, QP 25 )      19416 bits [Y 40.3796 dB    U 45.6634 dB    V 46.6548 dB] [ET    14 ] [L0 8 0] [L1 12c 16]
POC    9 LId:  0 TId: 4 ( STSA, B-SLICE, QP 27 )       2920 bits [Y 40.1674 dB    U 45.7632 dB    V 46.7534 dB] [ET     5 ] [L0 8 0] [L1 10c 12]
POC   11 LId:  0 TId: 4 ( STSA, B-SLICE, QP 27 )       2944 bits [Y 39.9254 dB    U 45.6433 dB    V 46.5819 dB] [ET     6 ] [L0 10c 8] [L1 12 16]
POC   14 LId:  0 TId: 3 ( STSA, B-SLICE, QP 25 )      21112 bits [Y 40.3527 dB    U 45.5475 dB    V 46.5091 dB] [ET    15 ] [L0 12c 8] [L1 16 12]
POC   13 LId:  0 TId: 4 ( STSA, B-SLICE, QP 27 )       2752 bits [Y 39.8639 dB    U 45.6141 dB    V 46.5697 dB] [ET     5 ] [L0 12 8] [L1 14c 16]
POC   15 LId:  0 TId: 4 ( STSA, B-SLICE, QP 27 )       2480 bits [Y 40.0747 dB    U 45.5002 dB    V 46.5381 dB] [ET     5 ] [L0 14c 12] [L1 16 14]
POC   32 LId:  0 TId: 0 ( TRAIL, B-SLICE, QP 21 )     101680 bits [Y 42.8572 dB    U 45.3908 dB    V 46.3523 dB] [ET    30 ] [L0 16 0] [L1 16c 0]
POC   24 LId:  0 TId: 1 ( TRAIL, B-SLICE, QP 21 )      76008 bits [Y 42.8430 dB    U 45.3576 dB    V 46.4655 dB] [ET    29 ] [L0 16 8] [L1 32c 16]
POC   20 LId:  0 TId: 2 ( STSA, B-SLICE, QP 24 )      39648 bits [Y 40.9354 dB    U 45.3173 dB    V 46.3692 dB] [ET    21 ] [L0 16 8] [L1 24c 32]
POC   18 LId:  0 TId: 3 ( STSA, B-SLICE, QP 25 )      18896 bits [Y 40.3366 dB    U 45.4718 dB    V 46.5390 dB] [ET    16 ] [L0 16 8] [L1 20c 24]
POC   17 LId:  0 TId: 4 ( STSA, B-SLICE, QP 27 )       2920 bits [Y 40.2610 dB    U 45.4511 dB    V 46.5329 dB] [ET     4 ] [L0 16 18] [L1 18c 20]
POC   19 LId:  0 TId: 4 ( STSA, B-SLICE, QP 27 )       2728 bits [Y 39.8737 dB    U 45.3628 dB    V 46.4635 dB] [ET     5 ] [L0 18c 16] [L1 20 24]
POC   22 LId:  0 TId: 3 ( STSA, B-SLICE, QP 25 )      19208 bits [Y 40.3307 dB    U 45.2910 dB    V 46.3454 dB] [ET    20 ] [L0 20c 16] [L1 24 32]
POC   21 LId:  0 TId: 4 ( STSA, B-SLICE, QP 27 )       2768 bits [Y 39.9843 dB    U 45.3762 dB    V 46.3934 dB] [ET     5 ] [L0 20 16] [L1 22c 24]
POC   23 LId:  0 TId: 4 ( STSA, B-SLICE, QP 27 )       2720 bits [Y 40.2064 dB    U 45.3138 dB    V 46.4348 dB] [ET     6 ] [L0 22c 20] [L1 24 32]
POC   28 LId:  0 TId: 2 ( STSA, B-SLICE, QP 24 )      38976 bits [Y 40.8025 dB    U 45.2331 dB    V 46.3160 dB] [ET    22 ] [L0 24 16] [L1 32c 24]
POC   26 LId:  0 TId: 3 ( STSA, B-SLICE, QP 25 )      20560 bits [Y 40.2443 dB    U 45.2504 dB    V 46.3492 dB] [ET    18 ] [L0 24 16] [L1 28c 32]
POC   25 LId:  0 TId: 4 ( STSA, B-SLICE, QP 27 )       2272 bits [Y 40.0798 dB    U 45.3592 dB    V 46.4225 dB] [ET     6 ] [L0 24 16] [L1 26c 28]
POC   27 LId:  0 TId: 4 ( STSA, B-SLICE, QP 27 )       2456 bits [Y 39.5068 dB    U 45.3090 dB    V 46.3825 dB] [ET     6 ] [L0 26c 24] [L1 28 32]
POC   30 LId:  0 TId: 3 ( STSA, B-SLICE, QP 25 )      22680 bits [Y 40.2220 dB    U 45.2264 dB    V 46.3675 dB] [ET    18 ] [L0 28c 24] [L1 32 28]
POC   29 LId:  0 TId: 4 ( STSA, B-SLICE, QP 27 )       2648 bits [Y 39.6144 dB    U 45.2567 dB    V 46.3563 dB] [ET     6 ] [L0 28 24] [L1 30c 32]
POC   31 LId:  0 TId: 4 ( STSA, B-SLICE, QP 27 )       2576 bits [Y 40.0776 dB    U 45.3129 dB    V 46.3758 dB] [ET     5 ] [L0 30c 28] [L1 32 30]
POC   48 LId:  0 TId: 0 ( CRA, I-SLICE, QP 17 )     291352 bits [Y 46.3257 dB    U 47.3887 dB    V 47.9479 dB] [ET    26 ] [L0] [L1]
POC   40 LId:  0 TId: 1 ( RASL, B-SLICE, QP 21 )      73672 bits [Y 42.9860 dB    U 46.2022 dB    V 47.2181 dB] [ET    32 ] [L0 32c 24] [L1 48 32]
POC   36 LId:  0 TId: 2 ( RASL, B-SLICE, QP 24 )      35984 bits [Y 40.9855 dB    U 45.8106 dB    V 46.7796 dB] [ET    23 ] [L0 32 24] [L1 40c 48]
POC   34 LId:  0 TId: 3 ( RASL, B-SLICE, QP 25 )      25216 bits [Y 40.3853 dB    U 45.7601 dB    V 46.7499 dB] [ET    18 ] [L0 32 24] [L1 36c 40]
POC   33 LId:  0 TId: 4 ( RASL, B-SLICE, QP 27 )       2752 bits [Y 39.9569 dB    U 45.5721 dB    V 46.6632 dB] [ET     6 ] [L0 32 34] [L1 34c 36]
POC   35 LId:  0 TId: 4 ( RASL, B-SLICE, QP 27 )       3296 bits [Y 39.7984 dB    U 45.8646 dB    V 46.8138 dB] [ET     6 ] [L0 34c 32] [L1 36 40]
POC   38 LId:  0 TId: 3 ( RASL, B-SLICE, QP 25 )      24776 bits [Y 40.3752 dB    U 46.0023 dB    V 47.0351 dB] [ET    17 ] [L0 36c 32] [L1 40 48]
POC   37 LId:  0 TId: 4 ( RASL, B-SLICE, QP 27 )       3680 bits [Y 39.8058 dB    U 45.8883 dB    V 47.0024 dB] [ET     7 ] [L0 36 32] [L1 38c 40]
POC   39 LId:  0 TId: 4 ( RASL, B-SLICE, QP 27 )       3184 bits [Y 39.9006 dB    U 46.0765 dB    V 47.2122 dB] [ET     6 ] [L0 38c 36] [L1 40 48]
POC   44 LId:  0 TId: 2 ( RASL, B-SLICE, QP 24 )      36288 bits [Y 40.9672 dB    U 46.0241 dB    V 47.1974 dB] [ET    21 ] [L0 40c 32] [L1 48 40]
POC   42 LId:  0 TId: 3 ( RASL, B-SLICE, QP 25 )      27952 bits [Y 40.3948 dB    U 46.0886 dB    V 47.2854 dB] [ET    21 ] [L0 40 32] [L1 44c 48]
POC   41 LId:  0 TId: 4 ( RASL, B-SLICE, QP 27 )       3760 bits [Y 39.9666 dB    U 46.1707 dB    V 47.3121 dB] [ET     8 ] [L0 40 32] [L1 42c 44]
POC   43 LId:  0 TId: 4 ( RASL, B-SLICE, QP 27 )       4720 bits [Y 39.7613 dB    U 46.1423 dB    V 47.2552 dB] [ET     7 ] [L0 42c 40] [L1 44 48]
POC   46 LId:  0 TId: 3 ( RASL, B-SLICE, QP 25 )      28360 bits [Y 40.3415 dB    U 46.1695 dB    V 47.2598 dB] [ET    20 ] [L0 44c 40] [L1 48 44]
POC   45 LId:  0 TId: 4 ( RASL, B-SLICE, QP 27 )       3296 bits [Y 39.6953 dB    U 46.1441 dB    V 47.2249 dB] [ET     6 ] [L0 44 40] [L1 46c 48]
POC   47 LId:  0 TId: 4 ( RASL, B-SLICE, QP 27 )       4680 bits [Y 40.0305 dB    U 46.1626 dB    V 47.2838 dB] [ET     8 ] [L0 46c 44] [L1 48 46]
POC   64 LId:  0 TId: 0 ( TRAIL, B-SLICE, QP 21 )     110280 bits [Y 42.9200 dB    U 45.5200 dB    V 46.4597 dB] [ET    36 ] [L0 48] [L1 48c]
POC   56 LId:  0 TId: 1 ( STSA, B-SLICE, QP 21 )      79696 bits [Y 42.8603 dB    U 45.6991 dB    V 46.6689 dB] [ET    39 ] [L0 48 64] [L1 64c 48]
POC   52 LId:  0 TId: 2 ( STSA, B-SLICE, QP 24 )      36504 bits [Y 40.8286 dB    U 45.6967 dB    V 46.7435 dB] [ET    27 ] [L0 48 56] [L1 56c 64]
POC   50 LId:  0 TId: 3 ( STSA, B-SLICE, QP 25 )      27200 bits [Y 40.2920 dB    U 45.7906 dB    V 46.8566 dB] [ET    25 ] [L0 48 52] [L1 52c 56]
POC   49 LId:  0 TId: 4 ( STSA, B-SLICE, QP 27 )       3912 bits [Y 39.8805 dB    U 46.0019 dB    V 47.1454 dB] [ET     6 ] [L0 48 50] [L1 50c 52]
POC   51 LId:  0 TId: 4 ( STSA, B-SLICE, QP 27 )       4984 bits [Y 39.5063 dB    U 45.7599 dB    V 46.8258 dB] [ET     9 ] [L0 50c 48] [L1 52 56]
POC   54 LId:  0 TId: 3 ( STSA, B-SLICE, QP 25 )      28056 bits [Y 40.2697 dB    U 45.5629 dB    V 46.7372 dB] [ET    21 ] [L0 52c 48] [L1 56 64]
POC   53 LId:  0 TId: 4 ( STSA, B-SLICE, QP 27 )       6120 bits [Y 39.6038 dB    U 45.5966 dB    V 46.6957 dB] [ET    10 ] [L0 52 48] [L1 54c 56]
POC   55 LId:  0 TId: 4 ( STSA, B-SLICE, QP 27 )       4120 bits [Y 39.8797 dB    U 45.6657 dB    V 46.6815 dB] [ET     8 ] [L0 54c 52] [L1 56 64]
POC   60 LId:  0 TId: 2 ( STSA, B-SLICE, QP 24 )      37536 bits [Y 40.7947 dB    U 45.3641 dB    V 46.4595 dB] [ET    22 ] [L0 56 48] [L1 64c 56]
POC   58 LId:  0 TId: 3 ( STSA, B-SLICE, QP 25 )      26400 bits [Y 40.2117 dB    U 45.5071 dB    V 46.4665 dB] [ET    19 ] [L0 56 48] [L1 60c 64]
POC   57 LId:  0 TId: 4 ( STSA, B-SLICE, QP 27 )       5616 bits [Y 39.6584 dB    U 45.5709 dB    V 46.5154 dB] [ET    10 ] [L0 56 48] [L1 58c 60]
POC   59 LId:  0 TId: 4 ( STSA, B-SLICE, QP 27 )       6152 bits [Y 39.2810 dB    U 45.4395 dB    V 46.4237 dB] [ET    10 ] [L0 58c 56] [L1 60 64]
POC   62 LId:  0 TId: 3 ( STSA, B-SLICE, QP 25 )      30040 bits [Y 40.1555 dB    U 45.4726 dB    V 46.4590 dB] [ET    20 ] [L0 60c 56] [L1 64 60]
POC   61 LId:  0 TId: 4 ( STSA, B-SLICE, QP 27 )       4704 bits [Y 39.4674 dB    U 45.4115 dB    V 46.4715 dB] [ET     9 ] [L0 60 56] [L1 62c 64]
POC   63 LId:  0 TId: 4 ( STSA, B-SLICE, QP 27 )       4736 bits [Y 39.6481 dB    U 45.4592 dB    V 46.4933 dB] [ET     7 ] [L0 62c 60] [L1 64 62]

LayerId  0
	Total Frames |   Bitrate     Y-PSNR    U-PSNR    V-PSNR    YUV-PSNR   
	       65    a    1840.7778   40.6433   45.7207   46.7564   41.6862

 finished @ Tue Jan 14 00:41:11 2025
 Total Time:     1001.512 sec. [user]     1001.512 sec. [elapsed]
