
VVCSoftware: VTM Encoder Version 10.0 [Windows][VS 1916][64 bit] [SIMD=AVX2] 

TOOL CFG: IBD:1 HAD:1 RDQ:1 RDQTS:1 RDpenalty:0 LQP:0 SQP:0 ASR:1 MinSearchWindow:96 RestrictMESampling:0 FEN:1 ECU:0 FDM:1 CFM:0 ESD:0 TransformSkip:1 TransformSkipFast:1 TransformSkipLog2MaxSize:5 ChromaTS:1 BDPCM:0 Tiles: 1x1 Slices: 1 MCTS:0 SAO:1 ALF:1 CCALF:1 WPP:0 WPB:0 PME:2  WaveFrontSynchro:0 WaveFrontSubstreams:1 ScalingList:0 TMVPMode:1  DQ:1  SignBitHidingFlag:0 RecalQP:0 
TOOL CFG: LFNST:1 MMVD:1 Affine:1 AffineType:1 PROF:1 SbTMVP:1 DualITree:1 IMV:1 BIO:1 LMChroma:1 HorCollocatedChroma:1 VerCollocatedChroma:0 MTS: 1(intra) 0(inter) SBT:1 ISP:1 SMVD:1 CompositeLTReference:0 Bcw:1 BcwFast:1 LADF:0 CIIP:1 Geo:1 AllowDisFracMMVD:1 AffineAmvr:1 AffineAmvrEncOpt:1 DMVR:1 MmvdDisNum:6 JointCbCr:1 ACT:0 PLT:0 IBC:0 HashME:0 WrapAround:0 VirtualBoundariesEnabledFlag:0 VirtualBoundariesPresentInSPSFlag:1 vertical virtual boundaries:[ ] horizontal virtual boundaries:[ ] Reshape:1 (Signal:SDR Opt:0 CSoffset:6) MRL:1 MIP:1 EncDbOpt:0 
FAST TOOL CFG: LCTUFast:1 FastMrg:1 PBIntraFast:1 IMV4PelFast:1 MTSMaxCand: 4(intra) 4(inter) ISPFast:0 FastLFNST:0 AMaxBT:1 E0023FastEnc:1 ContentBasedFastQtbt:0 UseNonLinearAlfLuma:1 UseNonLinearAlfChroma:1 MaxNumAlfAlternativesChroma:8 FastMIP:0 FastLocalDualTree:1 NumSplitThreads:1 NumWppThreads:1+0 EnsureWppBitEqual:0 RPR:0 TemporalFilter:0 


 started @ Tue Jan 14 00:10:59 2025
POC    0 LId:  0 TId: 0 ( IDR_N_LP, I-SLICE, QP 18 )     262632 bits [Y 45.4238 dB    U 47.0138 dB    V 47.6010 dB] [ET    25 ] [L0] [L1]
POC   16 LId:  0 TId: 0 ( TRAIL, B-SLICE, QP 22 )      93816 bits [Y 42.1545 dB    U 45.3226 dB    V 46.2745 dB] [ET    30 ] [L0 0] [L1 0c]
POC    8 LId:  0 TId: 1 ( STSA, B-SLICE, QP 22 )      63488 bits [Y 42.0962 dB    U 45.4398 dB    V 46.5344 dB] [ET    33 ] [L0 0 16] [L1 16c 0]
POC    4 LId:  0 TId: 2 ( STSA, B-SLICE, QP 25 )      33608 bits [Y 40.2822 dB    U 45.6192 dB    V 46.7608 dB] [ET    25 ] [L0 0 8] [L1 8c 16]
POC    2 LId:  0 TId: 3 ( STSA, B-SLICE, QP 26 )      16192 bits [Y 39.9565 dB    U 45.7783 dB    V 46.8389 dB] [ET    16 ] [L0 0 4] [L1 4c 8]
POC    1 LId:  0 TId: 4 ( STSA, B-SLICE, QP 28 )       1824 bits [Y 40.1902 dB    U 45.9411 dB    V 47.0473 dB] [ET     4 ] [L0 0 2] [L1 2c 4]
POC    3 LId:  0 TId: 4 ( STSA, B-SLICE, QP 28 )       2200 bits [Y 39.4229 dB    U 45.7843 dB    V 46.7581 dB] [ET     5 ] [L0 2c 0] [L1 4 8]
POC    6 LId:  0 TId: 3 ( STSA, B-SLICE, QP 26 )      14680 bits [Y 39.8243 dB    U 45.5026 dB    V 46.5222 dB] [ET    16 ] [L0 4c 0] [L1 8 16]
POC    5 LId:  0 TId: 4 ( STSA, B-SLICE, QP 28 )       2296 bits [Y 39.5416 dB    U 45.5703 dB    V 46.5469 dB] [ET     5 ] [L0 4 0] [L1 6c 8]
POC    7 LId:  0 TId: 4 ( STSA, B-SLICE, QP 28 )       2208 bits [Y 39.8678 dB    U 45.4390 dB    V 46.5291 dB] [ET     5 ] [L0 6c 4] [L1 8 16]
POC   12 LId:  0 TId: 2 ( STSA, B-SLICE, QP 25 )      34464 bits [Y 40.1263 dB    U 45.3032 dB    V 46.3009 dB] [ET    20 ] [L0 8 0] [L1 16c 8]
POC   10 LId:  0 TId: 3 ( STSA, B-SLICE, QP 26 )      14848 bits [Y 39.7763 dB    U 45.4019 dB    V 46.4346 dB] [ET    17 ] [L0 8 0] [L1 12c 16]
POC    9 LId:  0 TId: 4 ( STSA, B-SLICE, QP 28 )       2488 bits [Y 39.7699 dB    U 45.4416 dB    V 46.5416 dB] [ET     5 ] [L0 8 0] [L1 10c 12]
POC   11 LId:  0 TId: 4 ( STSA, B-SLICE, QP 28 )       2160 bits [Y 39.3914 dB    U 45.4157 dB    V 46.4426 dB] [ET     5 ] [L0 10c 8] [L1 12 16]
POC   14 LId:  0 TId: 3 ( STSA, B-SLICE, QP 26 )      16200 bits [Y 39.6883 dB    U 45.3059 dB    V 46.2909 dB] [ET    17 ] [L0 12c 8] [L1 16 12]
POC   13 LId:  0 TId: 4 ( STSA, B-SLICE, QP 28 )       2096 bits [Y 39.3278 dB    U 45.3925 dB    V 46.4022 dB] [ET     5 ] [L0 12 8] [L1 14c 16]
POC   15 LId:  0 TId: 4 ( STSA, B-SLICE, QP 28 )       2152 bits [Y 39.6885 dB    U 45.2971 dB    V 46.3039 dB] [ET     4 ] [L0 14c 12] [L1 16 14]
POC   32 LId:  0 TId: 0 ( TRAIL, B-SLICE, QP 22 )      91952 bits [Y 42.0670 dB    U 45.0040 dB    V 45.9790 dB] [ET    28 ] [L0 16 0] [L1 16c 0]
POC   24 LId:  0 TId: 1 ( TRAIL, B-SLICE, QP 22 )      66352 bits [Y 41.9894 dB    U 44.9581 dB    V 46.1795 dB] [ET    28 ] [L0 16 8] [L1 32c 16]
POC   20 LId:  0 TId: 2 ( STSA, B-SLICE, QP 25 )      32808 bits [Y 40.1706 dB    U 45.0388 dB    V 46.1489 dB] [ET    21 ] [L0 16 8] [L1 24c 32]
POC   18 LId:  0 TId: 3 ( STSA, B-SLICE, QP 26 )      15112 bits [Y 39.7198 dB    U 45.1863 dB    V 46.2371 dB] [ET    17 ] [L0 16 8] [L1 20c 24]
POC   17 LId:  0 TId: 4 ( STSA, B-SLICE, QP 28 )       2240 bits [Y 39.7964 dB    U 45.1855 dB    V 46.2325 dB] [ET     4 ] [L0 16 18] [L1 18c 20]
POC   19 LId:  0 TId: 4 ( STSA, B-SLICE, QP 28 )       2208 bits [Y 39.3860 dB    U 45.0360 dB    V 46.1565 dB] [ET     5 ] [L0 18c 16] [L1 20 24]
POC   22 LId:  0 TId: 3 ( STSA, B-SLICE, QP 26 )      15064 bits [Y 39.6867 dB    U 44.9623 dB    V 46.0573 dB] [ET    17 ] [L0 20c 16] [L1 24 32]
POC   21 LId:  0 TId: 4 ( STSA, B-SLICE, QP 28 )       2176 bits [Y 39.4662 dB    U 45.0799 dB    V 46.1538 dB] [ET     5 ] [L0 20 16] [L1 22c 24]
POC   23 LId:  0 TId: 4 ( STSA, B-SLICE, QP 28 )       2008 bits [Y 39.7417 dB    U 44.9449 dB    V 46.1953 dB] [ET     5 ] [L0 22c 20] [L1 24 32]
POC   28 LId:  0 TId: 2 ( STSA, B-SLICE, QP 25 )      33136 bits [Y 40.1007 dB    U 44.8978 dB    V 45.9608 dB] [ET    20 ] [L0 24 16] [L1 32c 24]
POC   26 LId:  0 TId: 3 ( STSA, B-SLICE, QP 26 )      15936 bits [Y 39.6609 dB    U 44.9011 dB    V 46.0512 dB] [ET    18 ] [L0 24 16] [L1 28c 32]
POC   25 LId:  0 TId: 4 ( STSA, B-SLICE, QP 28 )       1896 bits [Y 39.6446 dB    U 44.9717 dB    V 46.1886 dB] [ET     5 ] [L0 24 16] [L1 26c 28]
POC   27 LId:  0 TId: 4 ( STSA, B-SLICE, QP 28 )       1920 bits [Y 39.2878 dB    U 44.9329 dB    V 46.0459 dB] [ET     5 ] [L0 26c 24] [L1 28 32]
POC   30 LId:  0 TId: 3 ( STSA, B-SLICE, QP 26 )      18496 bits [Y 39.6105 dB    U 44.8802 dB    V 45.9813 dB] [ET    21 ] [L0 28c 24] [L1 32 28]
POC   29 LId:  0 TId: 4 ( STSA, B-SLICE, QP 28 )       2240 bits [Y 39.1797 dB    U 44.9064 dB    V 45.9823 dB] [ET     5 ] [L0 28 24] [L1 30c 32]
POC   31 LId:  0 TId: 4 ( STSA, B-SLICE, QP 28 )       2280 bits [Y 39.6785 dB    U 44.9397 dB    V 46.0153 dB] [ET     4 ] [L0 30c 28] [L1 32 30]
POC   48 LId:  0 TId: 0 ( TRAIL, B-SLICE, QP 22 )      91336 bits [Y 42.0014 dB    U 44.7523 dB    V 45.8429 dB] [ET    31 ] [L0 32 16] [L1 32c 16]
POC   40 LId:  0 TId: 1 ( TRAIL, B-SLICE, QP 22 )      67008 bits [Y 41.9914 dB    U 44.7659 dB    V 45.7777 dB] [ET    29 ] [L0 32 24] [L1 48c 32]
POC   36 LId:  0 TId: 2 ( STSA, B-SLICE, QP 25 )      30960 bits [Y 40.1194 dB    U 44.7812 dB    V 45.7814 dB] [ET    21 ] [L0 32 24] [L1 40c 48]
POC   34 LId:  0 TId: 3 ( STSA, B-SLICE, QP 26 )      20936 bits [Y 39.6356 dB    U 44.9244 dB    V 45.9312 dB] [ET    22 ] [L0 32 24] [L1 36c 40]
POC   33 LId:  0 TId: 4 ( STSA, B-SLICE, QP 28 )       2400 bits [Y 39.4976 dB    U 44.9426 dB    V 46.0164 dB] [ET     5 ] [L0 32 34] [L1 34c 36]
POC   35 LId:  0 TId: 4 ( STSA, B-SLICE, QP 28 )       2464 bits [Y 39.2528 dB    U 44.8590 dB    V 45.8287 dB] [ET     6 ] [L0 34c 32] [L1 36 40]
POC   38 LId:  0 TId: 3 ( STSA, B-SLICE, QP 26 )      19592 bits [Y 39.5331 dB    U 44.8057 dB    V 45.7684 dB] [ET    17 ] [L0 36c 32] [L1 40 48]
POC   37 LId:  0 TId: 4 ( STSA, B-SLICE, QP 28 )       2664 bits [Y 39.1229 dB    U 44.7964 dB    V 45.8197 dB] [ET     5 ] [L0 36 32] [L1 38c 40]
POC   39 LId:  0 TId: 4 ( STSA, B-SLICE, QP 28 )       2576 bits [Y 39.3010 dB    U 44.7971 dB    V 45.8572 dB] [ET     6 ] [L0 38c 36] [L1 40 48]
POC   44 LId:  0 TId: 2 ( STSA, B-SLICE, QP 25 )      30880 bits [Y 40.0173 dB    U 44.6294 dB    V 45.8783 dB] [ET    21 ] [L0 40 32] [L1 48c 40]
POC   42 LId:  0 TId: 3 ( STSA, B-SLICE, QP 26 )      23392 bits [Y 39.5681 dB    U 44.7410 dB    V 45.9051 dB] [ET    19 ] [L0 40 32] [L1 44c 48]
POC   41 LId:  0 TId: 4 ( STSA, B-SLICE, QP 28 )       2320 bits [Y 39.3124 dB    U 44.8015 dB    V 45.9030 dB] [ET     5 ] [L0 40 32] [L1 42c 44]
POC   43 LId:  0 TId: 4 ( STSA, B-SLICE, QP 28 )       3152 bits [Y 39.0571 dB    U 44.6849 dB    V 45.8658 dB] [ET     6 ] [L0 42c 40] [L1 44 48]
POC   46 LId:  0 TId: 3 ( STSA, B-SLICE, QP 26 )      23696 bits [Y 39.4598 dB    U 44.6511 dB    V 45.7502 dB] [ET    18 ] [L0 44c 40] [L1 48 44]
POC   45 LId:  0 TId: 4 ( STSA, B-SLICE, QP 28 )       2656 bits [Y 39.0302 dB    U 44.6468 dB    V 45.8090 dB] [ET     5 ] [L0 44 40] [L1 46c 48]
POC   47 LId:  0 TId: 4 ( STSA, B-SLICE, QP 28 )       3112 bits [Y 39.1931 dB    U 44.6570 dB    V 45.9055 dB] [ET     7 ] [L0 46c 44] [L1 48 46]
POC   64 LId:  0 TId: 0 ( CRA, I-SLICE, QP 18 )     273768 bits [Y 45.4742 dB    U 46.7847 dB    V 47.4078 dB] [ET    25 ] [L0] [L1]
POC   56 LId:  0 TId: 1 ( RASL, B-SLICE, QP 22 )      68232 bits [Y 42.2269 dB    U 45.7962 dB    V 46.8440 dB] [ET    28 ] [L0 48c 40] [L1 64 48]
POC   52 LId:  0 TId: 2 ( RASL, B-SLICE, QP 25 )      28872 bits [Y 40.2634 dB    U 45.2072 dB    V 46.3730 dB] [ET    20 ] [L0 48 40] [L1 56c 64]
POC   50 LId:  0 TId: 3 ( RASL, B-SLICE, QP 26 )      21576 bits [Y 39.6393 dB    U 45.0271 dB    V 46.2502 dB] [ET    18 ] [L0 48 40] [L1 52c 56]
POC   49 LId:  0 TId: 4 ( RASL, B-SLICE, QP 28 )       2424 bits [Y 39.1192 dB    U 44.9495 dB    V 46.1995 dB] [ET     5 ] [L0 48 50] [L1 50c 52]
POC   51 LId:  0 TId: 4 ( RASL, B-SLICE, QP 28 )       3008 bits [Y 39.0321 dB    U 45.2109 dB    V 46.4083 dB] [ET     6 ] [L0 50c 48] [L1 52 56]
POC   54 LId:  0 TId: 3 ( RASL, B-SLICE, QP 26 )      22592 bits [Y 39.7868 dB    U 45.4772 dB    V 46.6978 dB] [ET    17 ] [L0 52c 48] [L1 56 64]
POC   53 LId:  0 TId: 4 ( RASL, B-SLICE, QP 28 )       4080 bits [Y 39.1665 dB    U 45.3638 dB    V 46.5573 dB] [ET     6 ] [L0 52 48] [L1 54c 56]
POC   55 LId:  0 TId: 4 ( RASL, B-SLICE, QP 28 )       2832 bits [Y 39.5256 dB    U 45.6134 dB    V 46.7733 dB] [ET     6 ] [L0 54c 52] [L1 56 64]
POC   60 LId:  0 TId: 2 ( RASL, B-SLICE, QP 25 )      29448 bits [Y 40.2904 dB    U 45.5429 dB    V 46.6477 dB] [ET    19 ] [L0 56c 48] [L1 64 56]
POC   58 LId:  0 TId: 3 ( RASL, B-SLICE, QP 26 )      20896 bits [Y 39.7022 dB    U 45.5807 dB    V 46.8033 dB] [ET    16 ] [L0 56 48] [L1 60c 64]
POC   57 LId:  0 TId: 4 ( RASL, B-SLICE, QP 28 )       3592 bits [Y 39.3478 dB    U 45.6116 dB    V 46.8040 dB] [ET     7 ] [L0 56 48] [L1 58c 60]
POC   59 LId:  0 TId: 4 ( RASL, B-SLICE, QP 28 )       3872 bits [Y 38.9583 dB    U 45.6551 dB    V 46.7520 dB] [ET     7 ] [L0 58c 56] [L1 60 64]
POC   62 LId:  0 TId: 3 ( RASL, B-SLICE, QP 26 )      24192 bits [Y 39.7408 dB    U 45.7991 dB    V 46.8784 dB] [ET    17 ] [L0 60c 56] [L1 64 60]
POC   61 LId:  0 TId: 4 ( RASL, B-SLICE, QP 28 )       3416 bits [Y 39.1481 dB    U 45.6737 dB    V 46.8375 dB] [ET     6 ] [L0 60 56] [L1 62c 64]
POC   63 LId:  0 TId: 4 ( RASL, B-SLICE, QP 28 )       2896 bits [Y 39.4912 dB    U 45.8313 dB    V 46.9739 dB] [ET     6 ] [L0 62c 60] [L1 64 62]

LayerId  0
	Total Frames |   Bitrate     Y-PSNR    U-PSNR    V-PSNR    YUV-PSNR   
	       65    a    1585.8609   40.0419   45.2332   46.3161   41.1223

 finished @ Tue Jan 14 00:26:07 2025
 Total Time:      908.138 sec. [user]      908.139 sec. [elapsed]
