
VVCSoftware: VTM Encoder Version 10.0 [Windows][VS 1916][64 bit] [SIMD=AVX2] 

TOOL CFG: IBD:1 HAD:1 RDQ:1 RDQTS:1 RDpenalty:0 LQP:0 SQP:0 ASR:1 MinSearchWindow:96 RestrictMESampling:0 FEN:1 ECU:0 FDM:1 CFM:0 ESD:0 TransformSkip:1 TransformSkipFast:1 TransformSkipLog2MaxSize:5 ChromaTS:1 BDPCM:0 Tiles: 1x1 Slices: 1 MCTS:0 SAO:1 ALF:1 CCALF:1 WPP:0 WPB:0 PME:2  WaveFrontSynchro:0 WaveFrontSubstreams:1 ScalingList:0 TMVPMode:1  DQ:1  SignBitHidingFlag:0 RecalQP:0 
TOOL CFG: LFNST:1 MMVD:1 Affine:1 AffineType:1 PROF:1 SbTMVP:1 DualITree:1 IMV:1 BIO:1 LMChroma:1 HorCollocatedChroma:1 VerCollocatedChroma:0 MTS: 1(intra) 0(inter) SBT:1 ISP:1 SMVD:1 CompositeLTReference:0 Bcw:1 BcwFast:1 LADF:0 CIIP:1 Geo:1 AllowDisFracMMVD:1 AffineAmvr:1 AffineAmvrEncOpt:1 DMVR:1 MmvdDisNum:6 JointCbCr:1 ACT:0 PLT:0 IBC:0 HashME:0 WrapAround:0 VirtualBoundariesEnabledFlag:0 VirtualBoundariesPresentInSPSFlag:1 vertical virtual boundaries:[ ] horizontal virtual boundaries:[ ] Reshape:1 (Signal:SDR Opt:0 CSoffset:6) MRL:1 MIP:1 EncDbOpt:0 
FAST TOOL CFG: LCTUFast:1 FastMrg:1 PBIntraFast:1 IMV4PelFast:1 MTSMaxCand: 4(intra) 4(inter) ISPFast:0 FastLFNST:0 AMaxBT:1 E0023FastEnc:1 ContentBasedFastQtbt:0 UseNonLinearAlfLuma:1 UseNonLinearAlfChroma:1 MaxNumAlfAlternativesChroma:8 FastMIP:0 FastLocalDualTree:1 NumSplitThreads:1 NumWppThreads:1+0 EnsureWppBitEqual:0 RPR:0 TemporalFilter:0 


 started @ Mon Jan 13 23:12:20 2025
POC    0 LId:  0 TId: 0 ( IDR_N_LP, I-SLICE, QP 22 )     194920 bits [Y 42.0347 dB    U 44.2711 dB    V 45.0883 dB] [ET    24 ] [L0] [L1]
POC   16 LId:  0 TId: 0 ( TRAIL, B-SLICE, QP 26 )      55768 bits [Y 38.9688 dB    U 43.3117 dB    V 44.2722 dB] [ET    27 ] [L0 0] [L1 0c]
POC    8 LId:  0 TId: 1 ( STSA, B-SLICE, QP 26 )      33480 bits [Y 39.0013 dB    U 43.5408 dB    V 44.6290 dB] [ET    24 ] [L0 0 16] [L1 16c 0]
POC    4 LId:  0 TId: 2 ( STSA, B-SLICE, QP 30 )      11952 bits [Y 37.3084 dB    U 43.6368 dB    V 44.7532 dB] [ET    14 ] [L0 0 8] [L1 8c 16]
POC    2 LId:  0 TId: 3 ( STSA, B-SLICE, QP 31 )       3880 bits [Y 37.4420 dB    U 43.7885 dB    V 44.8032 dB] [ET     7 ] [L0 0 4] [L1 4c 8]
POC    1 LId:  0 TId: 4 ( STSA, B-SLICE, QP 33 )        688 bits [Y 38.1788 dB    U 43.9109 dB    V 44.9500 dB] [ET     3 ] [L0 0 2] [L1 2c 4]
POC    3 LId:  0 TId: 4 ( STSA, B-SLICE, QP 33 )        664 bits [Y 37.1462 dB    U 43.7489 dB    V 44.7624 dB] [ET     3 ] [L0 2c 0] [L1 4 8]
POC    6 LId:  0 TId: 3 ( STSA, B-SLICE, QP 31 )       4056 bits [Y 37.1413 dB    U 43.6222 dB    V 44.6294 dB] [ET     7 ] [L0 4c 0] [L1 8 16]
POC    5 LId:  0 TId: 4 ( STSA, B-SLICE, QP 33 )        720 bits [Y 37.1204 dB    U 43.5982 dB    V 44.6214 dB] [ET     3 ] [L0 4 0] [L1 6c 8]
POC    7 LId:  0 TId: 4 ( STSA, B-SLICE, QP 33 )        832 bits [Y 37.6429 dB    U 43.5289 dB    V 44.6594 dB] [ET     3 ] [L0 6c 4] [L1 8 16]
POC   12 LId:  0 TId: 2 ( STSA, B-SLICE, QP 30 )      12880 bits [Y 37.1489 dB    U 43.3879 dB    V 44.3529 dB] [ET    18 ] [L0 8 0] [L1 16c 8]
POC   10 LId:  0 TId: 3 ( STSA, B-SLICE, QP 31 )       3888 bits [Y 37.1644 dB    U 43.4613 dB    V 44.5268 dB] [ET     7 ] [L0 8 0] [L1 12c 16]
POC    9 LId:  0 TId: 4 ( STSA, B-SLICE, QP 33 )        696 bits [Y 37.5621 dB    U 43.5194 dB    V 44.6126 dB] [ET     3 ] [L0 8 0] [L1 10c 12]
POC   11 LId:  0 TId: 4 ( STSA, B-SLICE, QP 33 )        744 bits [Y 36.9494 dB    U 43.4000 dB    V 44.4986 dB] [ET     3 ] [L0 10c 8] [L1 12 16]
POC   14 LId:  0 TId: 3 ( STSA, B-SLICE, QP 31 )       4392 bits [Y 37.0609 dB    U 43.3568 dB    V 44.3548 dB] [ET     7 ] [L0 12c 8] [L1 16 12]
POC   13 LId:  0 TId: 4 ( STSA, B-SLICE, QP 33 )        664 bits [Y 36.8910 dB    U 43.4075 dB    V 44.4224 dB] [ET     3 ] [L0 12 8] [L1 14c 16]
POC   15 LId:  0 TId: 4 ( STSA, B-SLICE, QP 33 )        696 bits [Y 37.4444 dB    U 43.3064 dB    V 44.3381 dB] [ET     3 ] [L0 14c 12] [L1 16 14]
POC   32 LId:  0 TId: 0 ( TRAIL, B-SLICE, QP 26 )      54688 bits [Y 38.8491 dB    U 43.2151 dB    V 43.9879 dB] [ET    25 ] [L0 16 0] [L1 16c 0]
POC   24 LId:  0 TId: 1 ( TRAIL, B-SLICE, QP 26 )      34920 bits [Y 38.8053 dB    U 43.3382 dB    V 44.2229 dB] [ET    23 ] [L0 16 8] [L1 32c 16]
POC   20 LId:  0 TId: 2 ( STSA, B-SLICE, QP 30 )      12344 bits [Y 37.2137 dB    U 43.2901 dB    V 44.2257 dB] [ET    12 ] [L0 16 8] [L1 24c 32]
POC   18 LId:  0 TId: 3 ( STSA, B-SLICE, QP 31 )       3656 bits [Y 37.0688 dB    U 43.3471 dB    V 44.3320 dB] [ET     8 ] [L0 16 8] [L1 20c 24]
POC   17 LId:  0 TId: 4 ( STSA, B-SLICE, QP 33 )        744 bits [Y 37.5883 dB    U 43.3147 dB    V 44.3283 dB] [ET     4 ] [L0 16 18] [L1 18c 20]
POC   19 LId:  0 TId: 4 ( STSA, B-SLICE, QP 33 )        872 bits [Y 36.9398 dB    U 43.2714 dB    V 44.2954 dB] [ET     4 ] [L0 18c 16] [L1 20 24]
POC   22 LId:  0 TId: 3 ( STSA, B-SLICE, QP 31 )       4440 bits [Y 37.1108 dB    U 43.2921 dB    V 44.1479 dB] [ET     8 ] [L0 20c 16] [L1 24 32]
POC   21 LId:  0 TId: 4 ( STSA, B-SLICE, QP 33 )        856 bits [Y 37.0517 dB    U 43.3517 dB    V 44.2568 dB] [ET     4 ] [L0 20 16] [L1 22c 24]
POC   23 LId:  0 TId: 4 ( STSA, B-SLICE, QP 33 )        792 bits [Y 37.5359 dB    U 43.3530 dB    V 44.2272 dB] [ET     4 ] [L0 22c 20] [L1 24 32]
POC   28 LId:  0 TId: 2 ( STSA, B-SLICE, QP 30 )      11320 bits [Y 37.0940 dB    U 43.2618 dB    V 44.1280 dB] [ET    16 ] [L0 24 16] [L1 32c 24]
POC   26 LId:  0 TId: 3 ( STSA, B-SLICE, QP 31 )       4088 bits [Y 36.9847 dB    U 43.2607 dB    V 44.1587 dB] [ET     9 ] [L0 24 16] [L1 28c 32]
POC   25 LId:  0 TId: 4 ( STSA, B-SLICE, QP 33 )        664 bits [Y 37.4536 dB    U 43.3347 dB    V 44.2448 dB] [ET     3 ] [L0 24 16] [L1 26c 28]
POC   27 LId:  0 TId: 4 ( STSA, B-SLICE, QP 33 )        608 bits [Y 36.7019 dB    U 43.2742 dB    V 44.1472 dB] [ET     4 ] [L0 26c 24] [L1 28 32]
POC   30 LId:  0 TId: 3 ( STSA, B-SLICE, QP 31 )       4832 bits [Y 36.8120 dB    U 43.2499 dB    V 44.0697 dB] [ET     9 ] [L0 28c 24] [L1 32 28]
POC   29 LId:  0 TId: 4 ( STSA, B-SLICE, QP 33 )        808 bits [Y 36.7082 dB    U 43.2188 dB    V 44.1190 dB] [ET     4 ] [L0 28 24] [L1 30c 32]
POC   31 LId:  0 TId: 4 ( STSA, B-SLICE, QP 33 )        680 bits [Y 37.4055 dB    U 43.2314 dB    V 44.0790 dB] [ET     3 ] [L0 30c 28] [L1 32 30]
POC   48 LId:  0 TId: 0 ( TRAIL, B-SLICE, QP 26 )      55744 bits [Y 38.8424 dB    U 42.9654 dB    V 43.9481 dB] [ET    27 ] [L0 32 16] [L1 32c 16]
POC   40 LId:  0 TId: 1 ( TRAIL, B-SLICE, QP 26 )      36016 bits [Y 38.7972 dB    U 43.0072 dB    V 44.0165 dB] [ET    22 ] [L0 32 24] [L1 48c 32]
POC   36 LId:  0 TId: 2 ( STSA, B-SLICE, QP 30 )      11080 bits [Y 37.1803 dB    U 43.0878 dB    V 44.0610 dB] [ET    16 ] [L0 32 24] [L1 40c 48]
POC   34 LId:  0 TId: 3 ( STSA, B-SLICE, QP 31 )       5224 bits [Y 36.7431 dB    U 43.1666 dB    V 44.1111 dB] [ET    10 ] [L0 32 24] [L1 36c 40]
POC   33 LId:  0 TId: 4 ( STSA, B-SLICE, QP 33 )        680 bits [Y 37.3361 dB    U 43.2513 dB    V 44.0950 dB] [ET     3 ] [L0 32 34] [L1 34c 36]
POC   35 LId:  0 TId: 4 ( STSA, B-SLICE, QP 33 )        856 bits [Y 36.8181 dB    U 43.1746 dB    V 44.0959 dB] [ET     4 ] [L0 34c 32] [L1 36 40]
POC   38 LId:  0 TId: 3 ( STSA, B-SLICE, QP 31 )       5192 bits [Y 36.7672 dB    U 43.0741 dB    V 44.1008 dB] [ET    11 ] [L0 36c 32] [L1 40 48]
POC   37 LId:  0 TId: 4 ( STSA, B-SLICE, QP 33 )        912 bits [Y 36.6776 dB    U 43.0445 dB    V 44.0932 dB] [ET     3 ] [L0 36 32] [L1 38c 40]
POC   39 LId:  0 TId: 4 ( STSA, B-SLICE, QP 33 )        752 bits [Y 37.1717 dB    U 43.0027 dB    V 44.1157 dB] [ET     3 ] [L0 38c 36] [L1 40 48]
POC   44 LId:  0 TId: 2 ( STSA, B-SLICE, QP 30 )      10816 bits [Y 37.0939 dB    U 42.9810 dB    V 44.1973 dB] [ET    16 ] [L0 40 32] [L1 48c 40]
POC   42 LId:  0 TId: 3 ( STSA, B-SLICE, QP 31 )       6432 bits [Y 36.6743 dB    U 43.0151 dB    V 44.1432 dB] [ET    12 ] [L0 40 32] [L1 44c 48]
POC   41 LId:  0 TId: 4 ( STSA, B-SLICE, QP 33 )        576 bits [Y 37.2412 dB    U 43.0411 dB    V 44.1513 dB] [ET     3 ] [L0 40 32] [L1 42c 44]
POC   43 LId:  0 TId: 4 ( STSA, B-SLICE, QP 33 )        656 bits [Y 36.6032 dB    U 42.9738 dB    V 44.1003 dB] [ET     4 ] [L0 42c 40] [L1 44 48]
POC   46 LId:  0 TId: 3 ( STSA, B-SLICE, QP 31 )       5784 bits [Y 36.5163 dB    U 42.9215 dB    V 44.0478 dB] [ET    12 ] [L0 44c 40] [L1 48 44]
POC   45 LId:  0 TId: 4 ( STSA, B-SLICE, QP 33 )        952 bits [Y 36.6324 dB    U 42.9183 dB    V 44.0950 dB] [ET     4 ] [L0 44 40] [L1 46c 48]
POC   47 LId:  0 TId: 4 ( STSA, B-SLICE, QP 33 )        800 bits [Y 37.0264 dB    U 42.9443 dB    V 44.0192 dB] [ET     4 ] [L0 46c 44] [L1 48 46]
POC   64 LId:  0 TId: 0 ( CRA, I-SLICE, QP 22 )     202528 bits [Y 41.9353 dB    U 44.0411 dB    V 44.9931 dB] [ET    23 ] [L0] [L1]
POC   56 LId:  0 TId: 1 ( RASL, B-SLICE, QP 26 )      35248 bits [Y 39.1392 dB    U 43.9844 dB    V 44.9952 dB] [ET    22 ] [L0 48c 40] [L1 64 48]
POC   52 LId:  0 TId: 2 ( RASL, B-SLICE, QP 30 )      10088 bits [Y 37.3659 dB    U 43.5795 dB    V 44.7644 dB] [ET    14 ] [L0 48 40] [L1 56c 64]
POC   50 LId:  0 TId: 3 ( RASL, B-SLICE, QP 31 )       5912 bits [Y 36.8590 dB    U 43.4564 dB    V 44.6262 dB] [ET    12 ] [L0 48 40] [L1 52c 56]
POC   49 LId:  0 TId: 4 ( RASL, B-SLICE, QP 33 )        672 bits [Y 37.1826 dB    U 43.3132 dB    V 44.3758 dB] [ET     2 ] [L0 48 50] [L1 50c 52]
POC   51 LId:  0 TId: 4 ( RASL, B-SLICE, QP 33 )        688 bits [Y 36.8086 dB    U 43.6139 dB    V 44.7380 dB] [ET     3 ] [L0 50c 48] [L1 52 56]
POC   54 LId:  0 TId: 3 ( RASL, B-SLICE, QP 31 )       6224 bits [Y 37.0562 dB    U 43.7849 dB    V 44.9156 dB] [ET    12 ] [L0 52c 48] [L1 56 64]
POC   53 LId:  0 TId: 4 ( RASL, B-SLICE, QP 33 )        720 bits [Y 36.9676 dB    U 43.7213 dB    V 44.8859 dB] [ET     4 ] [L0 52 48] [L1 54c 56]
POC   55 LId:  0 TId: 4 ( RASL, B-SLICE, QP 33 )        736 bits [Y 37.4838 dB    U 43.9274 dB    V 45.0278 dB] [ET     4 ] [L0 54c 52] [L1 56 64]
POC   60 LId:  0 TId: 2 ( RASL, B-SLICE, QP 30 )      11016 bits [Y 37.5984 dB    U 43.7764 dB    V 44.9307 dB] [ET    15 ] [L0 56c 48] [L1 64 56]
POC   58 LId:  0 TId: 3 ( RASL, B-SLICE, QP 31 )       5656 bits [Y 37.0112 dB    U 43.8606 dB    V 44.9717 dB] [ET    11 ] [L0 56 48] [L1 60c 64]
POC   57 LId:  0 TId: 4 ( RASL, B-SLICE, QP 33 )        904 bits [Y 37.3448 dB    U 43.8701 dB    V 44.9742 dB] [ET     4 ] [L0 56 48] [L1 58c 60]
POC   59 LId:  0 TId: 4 ( RASL, B-SLICE, QP 33 )        984 bits [Y 36.7470 dB    U 43.8336 dB    V 44.9446 dB] [ET     4 ] [L0 58c 56] [L1 60 64]
POC   62 LId:  0 TId: 3 ( RASL, B-SLICE, QP 31 )       6672 bits [Y 36.9179 dB    U 43.8648 dB    V 44.9736 dB] [ET    11 ] [L0 60c 56] [L1 64 60]
POC   61 LId:  0 TId: 4 ( RASL, B-SLICE, QP 33 )        768 bits [Y 36.9160 dB    U 43.8156 dB    V 45.0051 dB] [ET     3 ] [L0 60 56] [L1 62c 64]
POC   63 LId:  0 TId: 4 ( RASL, B-SLICE, QP 33 )        688 bits [Y 37.6393 dB    U 43.8462 dB    V 44.9745 dB] [ET     3 ] [L0 62c 60] [L1 64 62]

LayerId  0
	Total Frames |   Bitrate     Y-PSNR    U-PSNR    V-PSNR    YUV-PSNR   
	       65    a     830.0382   37.4557   43.4194   44.4420   38.6603

 finished @ Mon Jan 13 23:22:53 2025
 Total Time:      632.762 sec. [user]      632.762 sec. [elapsed]
