
VVCSoftware: VTM Encoder Version 10.0 [Windows][VS 1916][64 bit] [SIMD=AVX2] 

TOOL CFG: IBD:1 HAD:1 RDQ:1 RDQTS:1 RDpenalty:0 LQP:0 SQP:0 ASR:1 MinSearchWindow:96 RestrictMESampling:0 FEN:1 ECU:0 FDM:1 CFM:0 ESD:0 TransformSkip:1 TransformSkipFast:1 TransformSkipLog2MaxSize:5 ChromaTS:1 BDPCM:0 Tiles: 1x1 Slices: 1 MCTS:0 SAO:1 ALF:1 CCALF:1 WPP:0 WPB:0 PME:2  WaveFrontSynchro:0 WaveFrontSubstreams:1 ScalingList:0 TMVPMode:1  DQ:1  SignBitHidingFlag:0 RecalQP:0 
TOOL CFG: LFNST:1 MMVD:1 Affine:1 AffineType:1 PROF:1 SbTMVP:1 DualITree:1 IMV:1 BIO:1 LMChroma:1 HorCollocatedChroma:1 VerCollocatedChroma:0 MTS: 1(intra) 0(inter) SBT:1 ISP:1 SMVD:1 CompositeLTReference:0 Bcw:1 BcwFast:1 LADF:0 CIIP:1 Geo:1 AllowDisFracMMVD:1 AffineAmvr:1 AffineAmvrEncOpt:1 DMVR:1 MmvdDisNum:6 JointCbCr:1 ACT:0 PLT:0 IBC:0 HashME:0 WrapAround:0 VirtualBoundariesEnabledFlag:0 VirtualBoundariesPresentInSPSFlag:1 vertical virtual boundaries:[ ] horizontal virtual boundaries:[ ] Reshape:1 (Signal:SDR Opt:0 CSoffset:6) MRL:1 MIP:1 EncDbOpt:0 
FAST TOOL CFG: LCTUFast:1 FastMrg:1 PBIntraFast:1 IMV4PelFast:1 MTSMaxCand: 4(intra) 4(inter) ISPFast:0 FastLFNST:0 AMaxBT:1 E0023FastEnc:1 ContentBasedFastQtbt:0 UseNonLinearAlfLuma:1 UseNonLinearAlfChroma:1 MaxNumAlfAlternativesChroma:8 FastMIP:0 FastLocalDualTree:1 NumSplitThreads:1 NumWppThreads:1+0 EnsureWppBitEqual:0 RPR:0 TemporalFilter:0 


 started @ Mon Jan 13 23:58:37 2025
POC    0 LId:  0 TId: 0 ( IDR_N_LP, I-SLICE, QP 20 )     224504 bits [Y 43.7082 dB    U 45.1769 dB    V 46.0082 dB] [ET    26 ] [L0] [L1]
POC   16 LId:  0 TId: 0 ( TRAIL, B-SLICE, QP 24 )      72176 bits [Y 40.4874 dB    U 44.2514 dB    V 45.0670 dB] [ET    29 ] [L0 0] [L1 0c]
POC    8 LId:  0 TId: 1 ( STSA, B-SLICE, QP 24 )      46048 bits [Y 40.5124 dB    U 44.4153 dB    V 45.2894 dB] [ET    30 ] [L0 0 16] [L1 16c 0]
POC    4 LId:  0 TId: 2 ( STSA, B-SLICE, QP 27 )      21616 bits [Y 38.8996 dB    U 44.5029 dB    V 45.4922 dB] [ET    21 ] [L0 0 8] [L1 8c 16]
POC    2 LId:  0 TId: 3 ( STSA, B-SLICE, QP 29 )       6192 bits [Y 38.5840 dB    U 44.5523 dB    V 45.5682 dB] [ET    10 ] [L0 0 4] [L1 4c 8]
POC    1 LId:  0 TId: 4 ( STSA, B-SLICE, QP 31 )       1040 bits [Y 39.3299 dB    U 44.6590 dB    V 45.7746 dB] [ET     3 ] [L0 0 2] [L1 2c 4]
POC    3 LId:  0 TId: 4 ( STSA, B-SLICE, QP 31 )       1200 bits [Y 38.2588 dB    U 44.5791 dB    V 45.5273 dB] [ET     3 ] [L0 2c 0] [L1 4 8]
POC    6 LId:  0 TId: 3 ( STSA, B-SLICE, QP 29 )       6120 bits [Y 38.3261 dB    U 44.4398 dB    V 45.2900 dB] [ET     9 ] [L0 4c 0] [L1 8 16]
POC    5 LId:  0 TId: 4 ( STSA, B-SLICE, QP 31 )       1344 bits [Y 38.3118 dB    U 44.4394 dB    V 45.3151 dB] [ET     4 ] [L0 4 0] [L1 6c 8]
POC    7 LId:  0 TId: 4 ( STSA, B-SLICE, QP 31 )       1328 bits [Y 38.7307 dB    U 44.3605 dB    V 45.2725 dB] [ET     4 ] [L0 6c 4] [L1 8 16]
POC   12 LId:  0 TId: 2 ( STSA, B-SLICE, QP 27 )      23040 bits [Y 38.7578 dB    U 44.2266 dB    V 45.1134 dB] [ET    18 ] [L0 8 0] [L1 16c 8]
POC   10 LId:  0 TId: 3 ( STSA, B-SLICE, QP 29 )       6344 bits [Y 38.3219 dB    U 44.2778 dB    V 45.1730 dB] [ET    10 ] [L0 8 0] [L1 12c 16]
POC    9 LId:  0 TId: 4 ( STSA, B-SLICE, QP 31 )       1152 bits [Y 38.6337 dB    U 44.3260 dB    V 45.2121 dB] [ET     4 ] [L0 8 0] [L1 10c 12]
POC   11 LId:  0 TId: 4 ( STSA, B-SLICE, QP 31 )       1176 bits [Y 38.1447 dB    U 44.2771 dB    V 45.1389 dB] [ET     4 ] [L0 10c 8] [L1 12 16]
POC   14 LId:  0 TId: 3 ( STSA, B-SLICE, QP 29 )       7192 bits [Y 38.0910 dB    U 44.1827 dB    V 45.0654 dB] [ET    11 ] [L0 12c 8] [L1 16 12]
POC   13 LId:  0 TId: 4 ( STSA, B-SLICE, QP 31 )       1152 bits [Y 38.1296 dB    U 44.2388 dB    V 45.1019 dB] [ET     4 ] [L0 12 8] [L1 14c 16]
POC   15 LId:  0 TId: 4 ( STSA, B-SLICE, QP 31 )       1000 bits [Y 38.5361 dB    U 44.1799 dB    V 45.1395 dB] [ET     4 ] [L0 14c 12] [L1 16 14]
POC   32 LId:  0 TId: 0 ( TRAIL, B-SLICE, QP 24 )      70512 bits [Y 40.3982 dB    U 43.8038 dB    V 44.9087 dB] [ET    29 ] [L0 16 0] [L1 16c 0]
POC   24 LId:  0 TId: 1 ( TRAIL, B-SLICE, QP 24 )      48080 bits [Y 40.3487 dB    U 43.9302 dB    V 45.0794 dB] [ET    26 ] [L0 16 8] [L1 32c 16]
POC   20 LId:  0 TId: 2 ( STSA, B-SLICE, QP 27 )      22248 bits [Y 38.8216 dB    U 43.9713 dB    V 44.9684 dB] [ET    17 ] [L0 16 8] [L1 24c 32]
POC   18 LId:  0 TId: 3 ( STSA, B-SLICE, QP 29 )       6248 bits [Y 38.2373 dB    U 44.1095 dB    V 45.1075 dB] [ET    11 ] [L0 16 8] [L1 20c 24]
POC   17 LId:  0 TId: 4 ( STSA, B-SLICE, QP 31 )        976 bits [Y 38.6134 dB    U 44.1330 dB    V 45.0993 dB] [ET     3 ] [L0 16 18] [L1 18c 20]
POC   19 LId:  0 TId: 4 ( STSA, B-SLICE, QP 31 )       1112 bits [Y 38.1181 dB    U 44.0178 dB    V 45.0115 dB] [ET     4 ] [L0 18c 16] [L1 20 24]
POC   22 LId:  0 TId: 3 ( STSA, B-SLICE, QP 29 )       6528 bits [Y 38.2377 dB    U 43.9277 dB    V 45.0302 dB] [ET    12 ] [L0 20c 16] [L1 24 32]
POC   21 LId:  0 TId: 4 ( STSA, B-SLICE, QP 31 )       1096 bits [Y 38.2205 dB    U 44.0003 dB    V 45.0497 dB] [ET     5 ] [L0 20 16] [L1 22c 24]
POC   23 LId:  0 TId: 4 ( STSA, B-SLICE, QP 31 )       1264 bits [Y 38.6339 dB    U 43.9215 dB    V 45.0772 dB] [ET     4 ] [L0 22c 20] [L1 24 32]
POC   28 LId:  0 TId: 2 ( STSA, B-SLICE, QP 27 )      21648 bits [Y 38.7378 dB    U 43.8434 dB    V 44.9582 dB] [ET    18 ] [L0 24 16] [L1 32c 24]
POC   26 LId:  0 TId: 3 ( STSA, B-SLICE, QP 29 )       6880 bits [Y 38.1387 dB    U 43.8453 dB    V 45.0171 dB] [ET    11 ] [L0 24 16] [L1 28c 32]
POC   25 LId:  0 TId: 4 ( STSA, B-SLICE, QP 31 )        864 bits [Y 38.5351 dB    U 43.9180 dB    V 45.1164 dB] [ET     4 ] [L0 24 16] [L1 26c 28]
POC   27 LId:  0 TId: 4 ( STSA, B-SLICE, QP 31 )        904 bits [Y 37.8782 dB    U 43.8784 dB    V 45.0089 dB] [ET     4 ] [L0 26c 24] [L1 28 32]
POC   30 LId:  0 TId: 3 ( STSA, B-SLICE, QP 29 )       7648 bits [Y 38.0116 dB    U 43.8283 dB    V 44.9470 dB] [ET    12 ] [L0 28c 24] [L1 32 28]
POC   29 LId:  0 TId: 4 ( STSA, B-SLICE, QP 31 )       1088 bits [Y 37.9317 dB    U 43.8153 dB    V 44.9596 dB] [ET     4 ] [L0 28 24] [L1 30c 32]
POC   31 LId:  0 TId: 4 ( STSA, B-SLICE, QP 31 )       1080 bits [Y 38.4110 dB    U 43.8081 dB    V 44.9954 dB] [ET     4 ] [L0 30c 28] [L1 32 30]
POC   48 LId:  0 TId: 0 ( TRAIL, B-SLICE, QP 24 )      71864 bits [Y 40.3806 dB    U 43.6677 dB    V 44.8136 dB] [ET    29 ] [L0 32 16] [L1 32c 16]
POC   40 LId:  0 TId: 1 ( TRAIL, B-SLICE, QP 24 )      49136 bits [Y 40.3280 dB    U 43.7643 dB    V 44.8806 dB] [ET    25 ] [L0 32 24] [L1 48c 32]
POC   36 LId:  0 TId: 2 ( STSA, B-SLICE, QP 27 )      20120 bits [Y 38.7743 dB    U 43.7923 dB    V 44.8904 dB] [ET    17 ] [L0 32 24] [L1 40c 48]
POC   34 LId:  0 TId: 3 ( STSA, B-SLICE, QP 29 )       8808 bits [Y 37.9597 dB    U 43.8809 dB    V 44.9707 dB] [ET    14 ] [L0 32 24] [L1 36c 40]
POC   33 LId:  0 TId: 4 ( STSA, B-SLICE, QP 31 )       1224 bits [Y 38.4386 dB    U 43.8501 dB    V 45.0076 dB] [ET     4 ] [L0 32 34] [L1 34c 36]
POC   35 LId:  0 TId: 4 ( STSA, B-SLICE, QP 31 )       1304 bits [Y 38.0693 dB    U 43.8550 dB    V 44.9380 dB] [ET     4 ] [L0 34c 32] [L1 36 40]
POC   38 LId:  0 TId: 3 ( STSA, B-SLICE, QP 29 )       9104 bits [Y 38.0154 dB    U 43.7884 dB    V 44.9147 dB] [ET    13 ] [L0 36c 32] [L1 40 48]
POC   37 LId:  0 TId: 4 ( STSA, B-SLICE, QP 31 )       1184 bits [Y 37.8794 dB    U 43.7650 dB    V 44.9342 dB] [ET     4 ] [L0 36 32] [L1 38c 40]
POC   39 LId:  0 TId: 4 ( STSA, B-SLICE, QP 31 )       1216 bits [Y 38.2281 dB    U 43.7357 dB    V 44.9159 dB] [ET     4 ] [L0 38c 36] [L1 40 48]
POC   44 LId:  0 TId: 2 ( STSA, B-SLICE, QP 27 )      20256 bits [Y 38.6232 dB    U 43.6998 dB    V 44.9354 dB] [ET    17 ] [L0 40 32] [L1 48c 40]
POC   42 LId:  0 TId: 3 ( STSA, B-SLICE, QP 29 )      11088 bits [Y 37.8614 dB    U 43.7519 dB    V 44.9422 dB] [ET    16 ] [L0 40 32] [L1 44c 48]
POC   41 LId:  0 TId: 4 ( STSA, B-SLICE, QP 31 )        776 bits [Y 38.2223 dB    U 43.7964 dB    V 44.9589 dB] [ET     3 ] [L0 40 32] [L1 42c 44]
POC   43 LId:  0 TId: 4 ( STSA, B-SLICE, QP 31 )        896 bits [Y 37.6689 dB    U 43.6926 dB    V 44.8887 dB] [ET     3 ] [L0 42c 40] [L1 44 48]
POC   46 LId:  0 TId: 3 ( STSA, B-SLICE, QP 29 )       9952 bits [Y 37.6690 dB    U 43.6351 dB    V 44.8062 dB] [ET    16 ] [L0 44c 40] [L1 48 44]
POC   45 LId:  0 TId: 4 ( STSA, B-SLICE, QP 31 )       1432 bits [Y 37.7112 dB    U 43.6735 dB    V 44.8635 dB] [ET     5 ] [L0 44 40] [L1 46c 48]
POC   47 LId:  0 TId: 4 ( STSA, B-SLICE, QP 31 )       1224 bits [Y 37.9867 dB    U 43.6680 dB    V 44.9032 dB] [ET     4 ] [L0 46c 44] [L1 48 46]
POC   64 LId:  0 TId: 0 ( CRA, I-SLICE, QP 20 )     234936 bits [Y 43.6990 dB    U 45.0808 dB    V 45.8500 dB] [ET    24 ] [L0] [L1]
POC   56 LId:  0 TId: 1 ( RASL, B-SLICE, QP 24 )      48904 bits [Y 40.6320 dB    U 44.6989 dB    V 45.8253 dB] [ET    25 ] [L0 48c 40] [L1 64 48]
POC   52 LId:  0 TId: 2 ( RASL, B-SLICE, QP 27 )      19384 bits [Y 38.9130 dB    U 44.2661 dB    V 45.5433 dB] [ET    15 ] [L0 48 40] [L1 56c 64]
POC   50 LId:  0 TId: 3 ( RASL, B-SLICE, QP 29 )       9376 bits [Y 37.9699 dB    U 44.1269 dB    V 45.4065 dB] [ET    13 ] [L0 48 40] [L1 52c 56]
POC   49 LId:  0 TId: 4 ( RASL, B-SLICE, QP 31 )       1192 bits [Y 38.0934 dB    U 44.0062 dB    V 45.1855 dB] [ET     3 ] [L0 48 50] [L1 50c 52]
POC   51 LId:  0 TId: 4 ( RASL, B-SLICE, QP 31 )       1248 bits [Y 37.6707 dB    U 44.2205 dB    V 45.5173 dB] [ET     4 ] [L0 50c 48] [L1 52 56]
POC   54 LId:  0 TId: 3 ( RASL, B-SLICE, QP 29 )      10608 bits [Y 38.1851 dB    U 44.4776 dB    V 45.7163 dB] [ET    15 ] [L0 52c 48] [L1 56 64]
POC   53 LId:  0 TId: 4 ( RASL, B-SLICE, QP 31 )       1328 bits [Y 38.0091 dB    U 44.3668 dB    V 45.6217 dB] [ET     5 ] [L0 52 48] [L1 54c 56]
POC   55 LId:  0 TId: 4 ( RASL, B-SLICE, QP 31 )       1320 bits [Y 38.4621 dB    U 44.6276 dB    V 45.8062 dB] [ET     4 ] [L0 54c 52] [L1 56 64]
POC   60 LId:  0 TId: 2 ( RASL, B-SLICE, QP 27 )      20464 bits [Y 39.1180 dB    U 44.5611 dB    V 45.6978 dB] [ET    16 ] [L0 56c 48] [L1 64 56]
POC   58 LId:  0 TId: 3 ( RASL, B-SLICE, QP 29 )       9456 bits [Y 38.1368 dB    U 44.5737 dB    V 45.7229 dB] [ET    13 ] [L0 56 48] [L1 60c 64]
POC   57 LId:  0 TId: 4 ( RASL, B-SLICE, QP 31 )       1328 bits [Y 38.3307 dB    U 44.5938 dB    V 45.7794 dB] [ET     4 ] [L0 56 48] [L1 58c 60]
POC   59 LId:  0 TId: 4 ( RASL, B-SLICE, QP 31 )       1608 bits [Y 37.8728 dB    U 44.6064 dB    V 45.6988 dB] [ET     5 ] [L0 58c 56] [L1 60 64]
POC   62 LId:  0 TId: 3 ( RASL, B-SLICE, QP 29 )      10480 bits [Y 37.9998 dB    U 44.7084 dB    V 45.7528 dB] [ET    15 ] [L0 60c 56] [L1 64 60]
POC   61 LId:  0 TId: 4 ( RASL, B-SLICE, QP 31 )       1264 bits [Y 37.9664 dB    U 44.6229 dB    V 45.8104 dB] [ET     4 ] [L0 60 56] [L1 62c 64]
POC   63 LId:  0 TId: 4 ( RASL, B-SLICE, QP 31 )       1128 bits [Y 38.4606 dB    U 44.6762 dB    V 45.7904 dB] [ET     4 ] [L0 62c 60] [L1 64 62]

LayerId  0
	Total Frames |   Bitrate     Y-PSNR    U-PSNR    V-PSNR    YUV-PSNR   
	       65    a    1111.7612   38.6827   44.1549   45.2334   39.8138

 finished @ Tue Jan 14 00:10:59 2025
 Total Time:      741.461 sec. [user]      741.461 sec. [elapsed]
