
VVCSoftware: VTM Encoder Version 10.0 [Windows][VS 1916][64 bit] [SIMD=AVX2] 

TOOL CFG: IBD:1 HAD:1 RDQ:1 RDQTS:1 RDpenalty:0 LQP:0 SQP:0 ASR:1 MinSearchWindow:96 RestrictMESampling:0 FEN:1 ECU:0 FDM:1 CFM:0 ESD:0 TransformSkip:1 TransformSkipFast:1 TransformSkipLog2MaxSize:5 ChromaTS:1 BDPCM:0 Tiles: 1x1 Slices: 1 MCTS:0 SAO:1 ALF:1 CCALF:1 WPP:0 WPB:0 PME:2  WaveFrontSynchro:0 WaveFrontSubstreams:1 ScalingList:0 TMVPMode:1  DQ:1  SignBitHidingFlag:0 RecalQP:0 
TOOL CFG: LFNST:1 MMVD:1 Affine:1 AffineType:1 PROF:1 SbTMVP:1 DualITree:1 IMV:1 BIO:1 LMChroma:1 HorCollocatedChroma:1 VerCollocatedChroma:0 MTS: 1(intra) 0(inter) SBT:1 ISP:1 SMVD:1 CompositeLTReference:0 Bcw:1 BcwFast:1 LADF:0 CIIP:1 Geo:1 AllowDisFracMMVD:1 AffineAmvr:1 AffineAmvrEncOpt:1 DMVR:1 MmvdDisNum:6 JointCbCr:1 ACT:0 PLT:0 IBC:0 HashME:0 WrapAround:0 VirtualBoundariesEnabledFlag:0 VirtualBoundariesPresentInSPSFlag:1 vertical virtual boundaries:[ ] horizontal virtual boundaries:[ ] Reshape:1 (Signal:SDR Opt:0 CSoffset:6) MRL:1 MIP:1 EncDbOpt:0 
FAST TOOL CFG: LCTUFast:1 FastMrg:1 PBIntraFast:1 IMV4PelFast:1 MTSMaxCand: 4(intra) 4(inter) ISPFast:0 FastLFNST:0 AMaxBT:1 E0023FastEnc:1 ContentBasedFastQtbt:0 UseNonLinearAlfLuma:1 UseNonLinearAlfChroma:1 MaxNumAlfAlternativesChroma:8 FastMIP:0 FastLocalDualTree:1 NumSplitThreads:1 NumWppThreads:1+0 EnsureWppBitEqual:0 RPR:0 TemporalFilter:0 


 started @ Tue Jan 14 02:17:10 2025
POC    0 LId:  0 TId: 0 ( IDR_N_LP, I-SLICE, QP 19 )     244120 bits [Y 44.5906 dB    U 46.2633 dB    V 46.9925 dB] [ET    28 ] [L0] [L1]
POC   16 LId:  0 TId: 0 ( TRAIL, B-SLICE, QP 23 )      83232 bits [Y 41.3512 dB    U 44.8679 dB    V 45.7716 dB] [ET    54 ] [L0 0] [L1 0c]
POC    8 LId:  0 TId: 1 ( STSA, B-SLICE, QP 23 )      55240 bits [Y 41.3450 dB    U 45.0466 dB    V 46.1659 dB] [ET    32 ] [L0 0 16] [L1 16c 0]
POC    4 LId:  0 TId: 2 ( STSA, B-SLICE, QP 26 )      27616 bits [Y 39.6274 dB    U 45.1954 dB    V 46.3215 dB] [ET    22 ] [L0 0 8] [L1 8c 16]
POC    2 LId:  0 TId: 3 ( STSA, B-SLICE, QP 27 )      12528 bits [Y 39.4215 dB    U 45.3055 dB    V 46.4279 dB] [ET    13 ] [L0 0 4] [L1 4c 8]
POC    1 LId:  0 TId: 4 ( STSA, B-SLICE, QP 29 )       1520 bits [Y 39.8561 dB    U 45.4773 dB    V 46.5866 dB] [ET     4 ] [L0 0 2] [L1 2c 4]
POC    3 LId:  0 TId: 4 ( STSA, B-SLICE, QP 29 )       1936 bits [Y 39.0223 dB    U 45.2859 dB    V 46.3787 dB] [ET     4 ] [L0 2c 0] [L1 4 8]
POC    6 LId:  0 TId: 3 ( STSA, B-SLICE, QP 27 )      11872 bits [Y 39.3033 dB    U 45.1187 dB    V 46.1992 dB] [ET    13 ] [L0 4c 0] [L1 8 16]
POC    5 LId:  0 TId: 4 ( STSA, B-SLICE, QP 29 )       1848 bits [Y 39.0490 dB    U 45.1355 dB    V 46.1677 dB] [ET     5 ] [L0 4 0] [L1 6c 8]
POC    7 LId:  0 TId: 4 ( STSA, B-SLICE, QP 29 )       1888 bits [Y 39.4492 dB    U 45.0415 dB    V 46.2139 dB] [ET     4 ] [L0 6c 4] [L1 8 16]
POC   12 LId:  0 TId: 2 ( STSA, B-SLICE, QP 26 )      28672 bits [Y 39.4935 dB    U 44.8522 dB    V 45.9055 dB] [ET    19 ] [L0 8 0] [L1 16c 8]
POC   10 LId:  0 TId: 3 ( STSA, B-SLICE, QP 27 )      11744 bits [Y 39.1830 dB    U 44.9279 dB    V 46.0714 dB] [ET    16 ] [L0 8 0] [L1 12c 16]
POC    9 LId:  0 TId: 4 ( STSA, B-SLICE, QP 29 )       1864 bits [Y 39.3109 dB    U 45.0154 dB    V 46.1525 dB] [ET     5 ] [L0 8 0] [L1 10c 12]
POC   11 LId:  0 TId: 4 ( STSA, B-SLICE, QP 29 )       2008 bits [Y 38.9090 dB    U 44.8804 dB    V 46.0391 dB] [ET     4 ] [L0 10c 8] [L1 12 16]
POC   14 LId:  0 TId: 3 ( STSA, B-SLICE, QP 27 )      13592 bits [Y 39.1052 dB    U 44.7878 dB    V 45.8664 dB] [ET    15 ] [L0 12c 8] [L1 16 12]
POC   13 LId:  0 TId: 4 ( STSA, B-SLICE, QP 29 )       1752 bits [Y 38.8746 dB    U 44.8931 dB    V 45.9546 dB] [ET     5 ] [L0 12 8] [L1 14c 16]
POC   15 LId:  0 TId: 4 ( STSA, B-SLICE, QP 29 )       1624 bits [Y 39.1363 dB    U 44.7809 dB    V 45.9024 dB] [ET     4 ] [L0 14c 12] [L1 16 14]
POC   32 LId:  0 TId: 0 ( CRA, I-SLICE, QP 19 )     250760 bits [Y 44.5886 dB    U 46.1775 dB    V 46.9008 dB] [ET    25 ] [L0] [L1]
POC   24 LId:  0 TId: 1 ( RASL, B-SLICE, QP 23 )      53960 bits [Y 41.4938 dB    U 45.4836 dB    V 46.6700 dB] [ET    26 ] [L0 16c 8] [L1 32 16]
POC   20 LId:  0 TId: 2 ( RASL, B-SLICE, QP 26 )      26472 bits [Y 39.7554 dB    U 45.3411 dB    V 46.4286 dB] [ET    18 ] [L0 16 8] [L1 24c 32]
POC   18 LId:  0 TId: 3 ( RASL, B-SLICE, QP 27 )      11504 bits [Y 39.2520 dB    U 45.2854 dB    V 46.2987 dB] [ET    15 ] [L0 16 8] [L1 20c 24]
POC   17 LId:  0 TId: 4 ( RASL, B-SLICE, QP 29 )       1720 bits [Y 39.4316 dB    U 45.0688 dB    V 46.1232 dB] [ET     4 ] [L0 16 18] [L1 18c 20]
POC   19 LId:  0 TId: 4 ( RASL, B-SLICE, QP 29 )       1760 bits [Y 39.0450 dB    U 45.3141 dB    V 46.3937 dB] [ET     5 ] [L0 18c 16] [L1 20 24]
POC   22 LId:  0 TId: 3 ( RASL, B-SLICE, QP 27 )      11120 bits [Y 39.3569 dB    U 45.4674 dB    V 46.5707 dB] [ET    16 ] [L0 20c 16] [L1 24 32]
POC   21 LId:  0 TId: 4 ( RASL, B-SLICE, QP 29 )       1704 bits [Y 39.2161 dB    U 45.4997 dB    V 46.6042 dB] [ET     4 ] [L0 20 16] [L1 22c 24]
POC   23 LId:  0 TId: 4 ( RASL, B-SLICE, QP 29 )       1624 bits [Y 39.5753 dB    U 45.4803 dB    V 46.6956 dB] [ET     5 ] [L0 22c 20] [L1 24 32]
POC   28 LId:  0 TId: 2 ( RASL, B-SLICE, QP 26 )      25768 bits [Y 39.7364 dB    U 45.5511 dB    V 46.5823 dB] [ET    17 ] [L0 24c 16] [L1 32 24]
POC   26 LId:  0 TId: 3 ( RASL, B-SLICE, QP 27 )      12136 bits [Y 39.3290 dB    U 45.4841 dB    V 46.6243 dB] [ET    15 ] [L0 24 16] [L1 28c 32]
POC   25 LId:  0 TId: 4 ( RASL, B-SLICE, QP 29 )       1264 bits [Y 39.4686 dB    U 45.5761 dB    V 46.7247 dB] [ET     4 ] [L0 24 16] [L1 26c 28]
POC   27 LId:  0 TId: 4 ( RASL, B-SLICE, QP 29 )       1576 bits [Y 38.8805 dB    U 45.6021 dB    V 46.6927 dB] [ET     5 ] [L0 26c 24] [L1 28 32]
POC   30 LId:  0 TId: 3 ( RASL, B-SLICE, QP 27 )      13464 bits [Y 39.2577 dB    U 45.5434 dB    V 46.6467 dB] [ET    16 ] [L0 28c 24] [L1 32 28]
POC   29 LId:  0 TId: 4 ( RASL, B-SLICE, QP 29 )       1720 bits [Y 38.9450 dB    U 45.5901 dB    V 46.6763 dB] [ET     5 ] [L0 28 24] [L1 30c 32]
POC   31 LId:  0 TId: 4 ( RASL, B-SLICE, QP 29 )       1696 bits [Y 39.7387 dB    U 45.5053 dB    V 46.5942 dB] [ET     5 ] [L0 30c 28] [L1 32 30]
POC   48 LId:  0 TId: 0 ( TRAIL, B-SLICE, QP 23 )      85280 bits [Y 41.3475 dB    U 44.7665 dB    V 45.8214 dB] [ET    30 ] [L0 32] [L1 32c]
POC   40 LId:  0 TId: 1 ( STSA, B-SLICE, QP 23 )      56560 bits [Y 41.2280 dB    U 44.8137 dB    V 45.9225 dB] [ET    32 ] [L0 32 48] [L1 48c 32]
POC   36 LId:  0 TId: 2 ( STSA, B-SLICE, QP 26 )      26112 bits [Y 39.5733 dB    U 44.9328 dB    V 46.0011 dB] [ET    24 ] [L0 32 40] [L1 40c 48]
POC   34 LId:  0 TId: 3 ( STSA, B-SLICE, QP 27 )      16304 bits [Y 39.0761 dB    U 45.1745 dB    V 46.2798 dB] [ET    17 ] [L0 32 36] [L1 36c 40]
POC   33 LId:  0 TId: 4 ( STSA, B-SLICE, QP 29 )       1784 bits [Y 39.4086 dB    U 45.2935 dB    V 46.4570 dB] [ET     3 ] [L0 32 34] [L1 34c 36]
POC   35 LId:  0 TId: 4 ( STSA, B-SLICE, QP 29 )       1768 bits [Y 38.7581 dB    U 45.1027 dB    V 46.0864 dB] [ET     4 ] [L0 34c 32] [L1 36 40]
POC   38 LId:  0 TId: 3 ( STSA, B-SLICE, QP 27 )      15816 bits [Y 38.9683 dB    U 44.8939 dB    V 45.8982 dB] [ET    17 ] [L0 36c 32] [L1 40 48]
POC   37 LId:  0 TId: 4 ( STSA, B-SLICE, QP 29 )       2048 bits [Y 38.6586 dB    U 44.8700 dB    V 45.9763 dB] [ET     4 ] [L0 36 32] [L1 38c 40]
POC   39 LId:  0 TId: 4 ( STSA, B-SLICE, QP 29 )       1872 bits [Y 38.9177 dB    U 44.8408 dB    V 45.9740 dB] [ET     5 ] [L0 38c 36] [L1 40 48]
POC   44 LId:  0 TId: 2 ( STSA, B-SLICE, QP 26 )      25592 bits [Y 39.4470 dB    U 44.7538 dB    V 45.8744 dB] [ET    19 ] [L0 40 32] [L1 48c 40]
POC   42 LId:  0 TId: 3 ( STSA, B-SLICE, QP 27 )      17656 bits [Y 38.9524 dB    U 44.7803 dB    V 45.9990 dB] [ET    16 ] [L0 40 32] [L1 44c 48]
POC   41 LId:  0 TId: 4 ( STSA, B-SLICE, QP 29 )       1440 bits [Y 38.9285 dB    U 44.7985 dB    V 45.9480 dB] [ET     4 ] [L0 40 32] [L1 42c 44]
POC   43 LId:  0 TId: 4 ( STSA, B-SLICE, QP 29 )       1936 bits [Y 38.5591 dB    U 44.7566 dB    V 45.8370 dB] [ET     5 ] [L0 42c 40] [L1 44 48]
POC   46 LId:  0 TId: 3 ( STSA, B-SLICE, QP 27 )      18768 bits [Y 38.8351 dB    U 44.7074 dB    V 45.7352 dB] [ET    16 ] [L0 44c 40] [L1 48 44]
POC   45 LId:  0 TId: 4 ( STSA, B-SLICE, QP 29 )       2104 bits [Y 38.6098 dB    U 44.6400 dB    V 45.8115 dB] [ET     5 ] [L0 44 40] [L1 46c 48]
POC   47 LId:  0 TId: 4 ( STSA, B-SLICE, QP 29 )       2192 bits [Y 38.7641 dB    U 44.7740 dB    V 45.8716 dB] [ET     5 ] [L0 46c 44] [L1 48 46]
POC   64 LId:  0 TId: 0 ( CRA, I-SLICE, QP 19 )     252544 bits [Y 44.4889 dB    U 46.1170 dB    V 46.7927 dB] [ET    26 ] [L0] [L1]
POC   56 LId:  0 TId: 1 ( RASL, B-SLICE, QP 23 )      58584 bits [Y 41.4750 dB    U 45.5394 dB    V 46.5242 dB] [ET    26 ] [L0 48c 40] [L1 64 48]
POC   52 LId:  0 TId: 2 ( RASL, B-SLICE, QP 26 )      24136 bits [Y 39.6345 dB    U 45.1213 dB    V 46.3631 dB] [ET    18 ] [L0 48 40] [L1 56c 64]
POC   50 LId:  0 TId: 3 ( RASL, B-SLICE, QP 27 )      16608 bits [Y 39.0223 dB    U 45.1274 dB    V 46.3016 dB] [ET    16 ] [L0 48 40] [L1 52c 56]
POC   49 LId:  0 TId: 4 ( RASL, B-SLICE, QP 29 )       1984 bits [Y 38.7696 dB    U 45.0009 dB    V 46.1733 dB] [ET     5 ] [L0 48 50] [L1 50c 52]
POC   51 LId:  0 TId: 4 ( RASL, B-SLICE, QP 29 )       2168 bits [Y 38.6633 dB    U 45.1442 dB    V 46.3855 dB] [ET     5 ] [L0 50c 48] [L1 52 56]
POC   54 LId:  0 TId: 3 ( RASL, B-SLICE, QP 27 )      17936 bits [Y 39.1461 dB    U 45.3023 dB    V 46.4912 dB] [ET    15 ] [L0 52c 48] [L1 56 64]
POC   53 LId:  0 TId: 4 ( RASL, B-SLICE, QP 29 )       2736 bits [Y 38.7527 dB    U 45.2344 dB    V 46.4029 dB] [ET     6 ] [L0 52 48] [L1 54c 56]
POC   55 LId:  0 TId: 4 ( RASL, B-SLICE, QP 29 )       1952 bits [Y 39.1044 dB    U 45.4500 dB    V 46.5289 dB] [ET     5 ] [L0 54c 52] [L1 56 64]
POC   60 LId:  0 TId: 2 ( RASL, B-SLICE, QP 26 )      24304 bits [Y 39.7077 dB    U 45.2737 dB    V 46.3715 dB] [ET    17 ] [L0 56c 48] [L1 64 56]
POC   58 LId:  0 TId: 3 ( RASL, B-SLICE, QP 27 )      16328 bits [Y 39.1210 dB    U 45.3094 dB    V 46.4885 dB] [ET    14 ] [L0 56 48] [L1 60c 64]
POC   57 LId:  0 TId: 4 ( RASL, B-SLICE, QP 29 )       2264 bits [Y 38.8733 dB    U 45.4343 dB    V 46.5039 dB] [ET     5 ] [L0 56 48] [L1 58c 60]
POC   59 LId:  0 TId: 4 ( RASL, B-SLICE, QP 29 )       2832 bits [Y 38.4888 dB    U 45.3585 dB    V 46.4945 dB] [ET     7 ] [L0 58c 56] [L1 60 64]
POC   62 LId:  0 TId: 3 ( RASL, B-SLICE, QP 27 )      19120 bits [Y 39.0877 dB    U 45.4250 dB    V 46.4686 dB] [ET    15 ] [L0 60c 56] [L1 64 60]
POC   61 LId:  0 TId: 4 ( RASL, B-SLICE, QP 29 )       2312 bits [Y 38.7071 dB    U 45.3584 dB    V 46.4908 dB] [ET     5 ] [L0 60 56] [L1 62c 64]
POC   63 LId:  0 TId: 4 ( RASL, B-SLICE, QP 29 )       1992 bits [Y 39.1100 dB    U 45.4353 dB    V 46.5092 dB] [ET     5 ] [L0 62c 60] [L1 64 62]

LayerId  0
	Total Frames |   Bitrate     Y-PSNR    U-PSNR    V-PSNR    YUV-PSNR   
	       65    a    1519.6948   39.6044   45.2058   46.2943   40.7262

 finished @ Tue Jan 14 02:31:31 2025
 Total Time:      861.068 sec. [user]      861.068 sec. [elapsed]
