
VVCSoftware: VTM Encoder Version 10.0 [Windows][VS 1916][64 bit] [SIMD=AVX2] 

TOOL CFG: IBD:1 HAD:1 RDQ:1 RDQTS:1 RDpenalty:0 LQP:0 SQP:0 ASR:1 MinSearchWindow:96 RestrictMESampling:0 FEN:1 ECU:0 FDM:1 CFM:0 ESD:0 TransformSkip:1 TransformSkipFast:1 TransformSkipLog2MaxSize:5 ChromaTS:1 BDPCM:0 Tiles: 1x1 Slices: 1 MCTS:0 SAO:1 ALF:1 CCALF:1 WPP:0 WPB:0 PME:2  WaveFrontSynchro:0 WaveFrontSubstreams:1 ScalingList:0 TMVPMode:1  DQ:1  SignBitHidingFlag:0 RecalQP:0 
TOOL CFG: LFNST:1 MMVD:1 Affine:1 AffineType:1 PROF:1 SbTMVP:1 DualITree:1 IMV:1 BIO:1 LMChroma:1 HorCollocatedChroma:1 VerCollocatedChroma:0 MTS: 1(intra) 0(inter) SBT:1 ISP:1 SMVD:1 CompositeLTReference:0 Bcw:1 BcwFast:1 LADF:0 CIIP:1 Geo:1 AllowDisFracMMVD:1 AffineAmvr:1 AffineAmvrEncOpt:1 DMVR:1 MmvdDisNum:6 JointCbCr:1 ACT:0 PLT:0 IBC:0 HashME:0 WrapAround:0 VirtualBoundariesEnabledFlag:0 VirtualBoundariesPresentInSPSFlag:1 vertical virtual boundaries:[ ] horizontal virtual boundaries:[ ] Reshape:1 (Signal:SDR Opt:0 CSoffset:6) MRL:1 MIP:1 EncDbOpt:0 
FAST TOOL CFG: LCTUFast:1 FastMrg:1 PBIntraFast:1 IMV4PelFast:1 MTSMaxCand: 4(intra) 4(inter) ISPFast:0 FastLFNST:0 AMaxBT:1 E0023FastEnc:1 ContentBasedFastQtbt:0 UseNonLinearAlfLuma:1 UseNonLinearAlfChroma:1 MaxNumAlfAlternativesChroma:8 FastMIP:0 FastLocalDualTree:1 NumSplitThreads:1 NumWppThreads:1+0 EnsureWppBitEqual:0 RPR:0 TemporalFilter:0 


 started @ Tue Jan 14 00:26:07 2025
POC    0 LId:  0 TId: 0 ( IDR_N_LP, I-SLICE, QP 17 )     282320 bits [Y 46.3253 dB    U 47.5297 dB    V 48.0610 dB] [ET    25 ] [L0] [L1]
POC   16 LId:  0 TId: 0 ( TRAIL, B-SLICE, QP 21 )     105976 bits [Y 42.9943 dB    U 45.5978 dB    V 46.5052 dB] [ET    33 ] [L0 0] [L1 0c]
POC    8 LId:  0 TId: 1 ( STSA, B-SLICE, QP 21 )      74096 bits [Y 42.9303 dB    U 45.7893 dB    V 46.7658 dB] [ET    35 ] [L0 0 16] [L1 16c 0]
POC    4 LId:  0 TId: 2 ( STSA, B-SLICE, QP 24 )      40872 bits [Y 40.9974 dB    U 45.8888 dB    V 46.9246 dB] [ET    26 ] [L0 0 8] [L1 8c 16]
POC    2 LId:  0 TId: 3 ( STSA, B-SLICE, QP 25 )      19784 bits [Y 40.6368 dB    U 46.0165 dB    V 47.1244 dB] [ET    18 ] [L0 0 4] [L1 4c 8]
POC    1 LId:  0 TId: 4 ( STSA, B-SLICE, QP 27 )       2360 bits [Y 40.5550 dB    U 46.1760 dB    V 47.3380 dB] [ET     5 ] [L0 0 2] [L1 2c 4]
POC    3 LId:  0 TId: 4 ( STSA, B-SLICE, QP 27 )       3008 bits [Y 39.8408 dB    U 45.9918 dB    V 46.9967 dB] [ET     5 ] [L0 2c 0] [L1 4 8]
POC    6 LId:  0 TId: 3 ( STSA, B-SLICE, QP 25 )      19144 bits [Y 40.4193 dB    U 45.7903 dB    V 46.8748 dB] [ET    15 ] [L0 4c 0] [L1 8 16]
POC    5 LId:  0 TId: 4 ( STSA, B-SLICE, QP 27 )       2736 bits [Y 40.0102 dB    U 45.8255 dB    V 46.8405 dB] [ET     5 ] [L0 4 0] [L1 6c 8]
POC    7 LId:  0 TId: 4 ( STSA, B-SLICE, QP 27 )       2904 bits [Y 40.3159 dB    U 45.7052 dB    V 46.8647 dB] [ET     5 ] [L0 6c 4] [L1 8 16]
POC   12 LId:  0 TId: 2 ( STSA, B-SLICE, QP 24 )      41584 bits [Y 40.9131 dB    U 45.5365 dB    V 46.4508 dB] [ET    22 ] [L0 8 0] [L1 16c 8]
POC   10 LId:  0 TId: 3 ( STSA, B-SLICE, QP 25 )      19416 bits [Y 40.3796 dB    U 45.6634 dB    V 46.6548 dB] [ET    14 ] [L0 8 0] [L1 12c 16]
POC    9 LId:  0 TId: 4 ( STSA, B-SLICE, QP 27 )       2920 bits [Y 40.1674 dB    U 45.7632 dB    V 46.7534 dB] [ET     5 ] [L0 8 0] [L1 10c 12]
POC   11 LId:  0 TId: 4 ( STSA, B-SLICE, QP 27 )       2944 bits [Y 39.9254 dB    U 45.6433 dB    V 46.5819 dB] [ET     6 ] [L0 10c 8] [L1 12 16]
POC   14 LId:  0 TId: 3 ( STSA, B-SLICE, QP 25 )      21112 bits [Y 40.3527 dB    U 45.5475 dB    V 46.5091 dB] [ET    16 ] [L0 12c 8] [L1 16 12]
POC   13 LId:  0 TId: 4 ( STSA, B-SLICE, QP 27 )       2752 bits [Y 39.8639 dB    U 45.6141 dB    V 46.5697 dB] [ET     5 ] [L0 12 8] [L1 14c 16]
POC   15 LId:  0 TId: 4 ( STSA, B-SLICE, QP 27 )       2480 bits [Y 40.0747 dB    U 45.5002 dB    V 46.5381 dB] [ET     5 ] [L0 14c 12] [L1 16 14]
POC   32 LId:  0 TId: 0 ( TRAIL, B-SLICE, QP 21 )     101680 bits [Y 42.8572 dB    U 45.3908 dB    V 46.3523 dB] [ET    30 ] [L0 16 0] [L1 16c 0]
POC   24 LId:  0 TId: 1 ( TRAIL, B-SLICE, QP 21 )      76008 bits [Y 42.8430 dB    U 45.3576 dB    V 46.4655 dB] [ET    29 ] [L0 16 8] [L1 32c 16]
POC   20 LId:  0 TId: 2 ( STSA, B-SLICE, QP 24 )      39648 bits [Y 40.9354 dB    U 45.3173 dB    V 46.3692 dB] [ET    21 ] [L0 16 8] [L1 24c 32]
POC   18 LId:  0 TId: 3 ( STSA, B-SLICE, QP 25 )      18896 bits [Y 40.3366 dB    U 45.4718 dB    V 46.5390 dB] [ET    16 ] [L0 16 8] [L1 20c 24]
POC   17 LId:  0 TId: 4 ( STSA, B-SLICE, QP 27 )       2920 bits [Y 40.2610 dB    U 45.4511 dB    V 46.5329 dB] [ET     4 ] [L0 16 18] [L1 18c 20]
POC   19 LId:  0 TId: 4 ( STSA, B-SLICE, QP 27 )       2728 bits [Y 39.8737 dB    U 45.3628 dB    V 46.4635 dB] [ET     5 ] [L0 18c 16] [L1 20 24]
POC   22 LId:  0 TId: 3 ( STSA, B-SLICE, QP 25 )      19208 bits [Y 40.3307 dB    U 45.2910 dB    V 46.3454 dB] [ET    20 ] [L0 20c 16] [L1 24 32]
POC   21 LId:  0 TId: 4 ( STSA, B-SLICE, QP 27 )       2768 bits [Y 39.9843 dB    U 45.3762 dB    V 46.3934 dB] [ET     5 ] [L0 20 16] [L1 22c 24]
POC   23 LId:  0 TId: 4 ( STSA, B-SLICE, QP 27 )       2720 bits [Y 40.2064 dB    U 45.3138 dB    V 46.4348 dB] [ET     6 ] [L0 22c 20] [L1 24 32]
POC   28 LId:  0 TId: 2 ( STSA, B-SLICE, QP 24 )      38976 bits [Y 40.8025 dB    U 45.2331 dB    V 46.3160 dB] [ET    22 ] [L0 24 16] [L1 32c 24]
POC   26 LId:  0 TId: 3 ( STSA, B-SLICE, QP 25 )      20560 bits [Y 40.2443 dB    U 45.2504 dB    V 46.3492 dB] [ET    18 ] [L0 24 16] [L1 28c 32]
POC   25 LId:  0 TId: 4 ( STSA, B-SLICE, QP 27 )       2272 bits [Y 40.0798 dB    U 45.3592 dB    V 46.4225 dB] [ET     6 ] [L0 24 16] [L1 26c 28]
POC   27 LId:  0 TId: 4 ( STSA, B-SLICE, QP 27 )       2456 bits [Y 39.5068 dB    U 45.3090 dB    V 46.3825 dB] [ET     6 ] [L0 26c 24] [L1 28 32]
POC   30 LId:  0 TId: 3 ( STSA, B-SLICE, QP 25 )      22680 bits [Y 40.2220 dB    U 45.2264 dB    V 46.3675 dB] [ET    18 ] [L0 28c 24] [L1 32 28]
POC   29 LId:  0 TId: 4 ( STSA, B-SLICE, QP 27 )       2648 bits [Y 39.6144 dB    U 45.2567 dB    V 46.3563 dB] [ET     6 ] [L0 28 24] [L1 30c 32]
POC   31 LId:  0 TId: 4 ( STSA, B-SLICE, QP 27 )       2576 bits [Y 40.0776 dB    U 45.3129 dB    V 46.3758 dB] [ET     5 ] [L0 30c 28] [L1 32 30]
POC   48 LId:  0 TId: 0 ( TRAIL, B-SLICE, QP 21 )     101216 bits [Y 42.7829 dB    U 45.1819 dB    V 46.2035 dB] [ET    34 ] [L0 32 16] [L1 32c 16]
POC   40 LId:  0 TId: 1 ( TRAIL, B-SLICE, QP 21 )      77496 bits [Y 42.7978 dB    U 45.1845 dB    V 46.3013 dB] [ET    31 ] [L0 32 24] [L1 48c 32]
POC   36 LId:  0 TId: 2 ( STSA, B-SLICE, QP 24 )      37456 bits [Y 40.8715 dB    U 45.1806 dB    V 46.1751 dB] [ET    22 ] [L0 32 24] [L1 40c 48]
POC   34 LId:  0 TId: 3 ( STSA, B-SLICE, QP 25 )      25224 bits [Y 40.2628 dB    U 45.2993 dB    V 46.3448 dB] [ET    18 ] [L0 32 24] [L1 36c 40]
POC   33 LId:  0 TId: 4 ( STSA, B-SLICE, QP 27 )       2936 bits [Y 39.9351 dB    U 45.3067 dB    V 46.4250 dB] [ET     6 ] [L0 32 34] [L1 34c 36]
POC   35 LId:  0 TId: 4 ( STSA, B-SLICE, QP 27 )       3232 bits [Y 39.7139 dB    U 45.2735 dB    V 46.2963 dB] [ET     6 ] [L0 34c 32] [L1 36 40]
POC   38 LId:  0 TId: 3 ( STSA, B-SLICE, QP 25 )      24680 bits [Y 40.2383 dB    U 45.2234 dB    V 46.2290 dB] [ET    19 ] [L0 36c 32] [L1 40 48]
POC   37 LId:  0 TId: 4 ( STSA, B-SLICE, QP 27 )       3896 bits [Y 39.5905 dB    U 45.1790 dB    V 46.2848 dB] [ET     8 ] [L0 36 32] [L1 38c 40]
POC   39 LId:  0 TId: 4 ( STSA, B-SLICE, QP 27 )       3328 bits [Y 39.7864 dB    U 45.1441 dB    V 46.3090 dB] [ET     7 ] [L0 38c 36] [L1 40 48]
POC   44 LId:  0 TId: 2 ( STSA, B-SLICE, QP 24 )      37408 bits [Y 40.7648 dB    U 45.0359 dB    V 46.2910 dB] [ET    23 ] [L0 40 32] [L1 48c 40]
POC   42 LId:  0 TId: 3 ( STSA, B-SLICE, QP 25 )      27800 bits [Y 40.1903 dB    U 45.1413 dB    V 46.3050 dB] [ET    20 ] [L0 40 32] [L1 44c 48]
POC   41 LId:  0 TId: 4 ( STSA, B-SLICE, QP 27 )       3400 bits [Y 39.7937 dB    U 45.1614 dB    V 46.3632 dB] [ET     7 ] [L0 40 32] [L1 42c 44]
POC   43 LId:  0 TId: 4 ( STSA, B-SLICE, QP 27 )       4024 bits [Y 39.4975 dB    U 45.1345 dB    V 46.2985 dB] [ET     8 ] [L0 42c 40] [L1 44 48]
POC   46 LId:  0 TId: 3 ( STSA, B-SLICE, QP 25 )      29064 bits [Y 40.1476 dB    U 45.0867 dB    V 46.2007 dB] [ET    19 ] [L0 44c 40] [L1 48 44]
POC   45 LId:  0 TId: 4 ( STSA, B-SLICE, QP 27 )       3832 bits [Y 39.5671 dB    U 45.0585 dB    V 46.2875 dB] [ET     7 ] [L0 44 40] [L1 46c 48]
POC   47 LId:  0 TId: 4 ( STSA, B-SLICE, QP 27 )       5000 bits [Y 39.7229 dB    U 45.0744 dB    V 46.2779 dB] [ET     8 ] [L0 46c 44] [L1 48 46]
POC   64 LId:  0 TId: 0 ( CRA, I-SLICE, QP 17 )     292984 bits [Y 46.3002 dB    U 47.5001 dB    V 47.9112 dB] [ET    26 ] [L0] [L1]
POC   56 LId:  0 TId: 1 ( RASL, B-SLICE, QP 21 )      78448 bits [Y 42.9857 dB    U 46.1593 dB    V 47.2000 dB] [ET    29 ] [L0 48c 40] [L1 64 48]
POC   52 LId:  0 TId: 2 ( RASL, B-SLICE, QP 24 )      36304 bits [Y 40.9341 dB    U 45.6792 dB    V 46.8287 dB] [ET    21 ] [L0 48 40] [L1 56c 64]
POC   50 LId:  0 TId: 3 ( RASL, B-SLICE, QP 25 )      26768 bits [Y 40.2847 dB    U 45.4596 dB    V 46.6712 dB] [ET    20 ] [L0 48 40] [L1 52c 56]
POC   49 LId:  0 TId: 4 ( RASL, B-SLICE, QP 27 )       4072 bits [Y 39.6592 dB    U 45.3729 dB    V 46.5577 dB] [ET     7 ] [L0 48 50] [L1 50c 52]
POC   51 LId:  0 TId: 4 ( RASL, B-SLICE, QP 27 )       4344 bits [Y 39.6189 dB    U 45.6537 dB    V 46.8673 dB] [ET     8 ] [L0 50c 48] [L1 52 56]
POC   54 LId:  0 TId: 3 ( RASL, B-SLICE, QP 25 )      28008 bits [Y 40.3866 dB    U 45.8846 dB    V 47.1188 dB] [ET    21 ] [L0 52c 48] [L1 56 64]
POC   53 LId:  0 TId: 4 ( RASL, B-SLICE, QP 27 )       5344 bits [Y 39.6048 dB    U 45.7978 dB    V 46.9998 dB] [ET     9 ] [L0 52 48] [L1 54c 56]
POC   55 LId:  0 TId: 4 ( RASL, B-SLICE, QP 27 )       3976 bits [Y 39.9226 dB    U 46.0386 dB    V 47.1795 dB] [ET     7 ] [L0 54c 52] [L1 56 64]
POC   60 LId:  0 TId: 2 ( RASL, B-SLICE, QP 24 )      37016 bits [Y 41.0350 dB    U 45.9647 dB    V 47.0059 dB] [ET    22 ] [L0 56c 48] [L1 64 56]
POC   58 LId:  0 TId: 3 ( RASL, B-SLICE, QP 25 )      26064 bits [Y 40.3387 dB    U 45.9141 dB    V 47.0396 dB] [ET    20 ] [L0 56 48] [L1 60c 64]
POC   57 LId:  0 TId: 4 ( RASL, B-SLICE, QP 27 )       5336 bits [Y 39.7608 dB    U 46.0437 dB    V 47.0689 dB] [ET     9 ] [L0 56 48] [L1 58c 60]
POC   59 LId:  0 TId: 4 ( RASL, B-SLICE, QP 27 )       5904 bits [Y 39.4684 dB    U 46.0219 dB    V 47.0909 dB] [ET     9 ] [L0 58c 56] [L1 60 64]
POC   62 LId:  0 TId: 3 ( RASL, B-SLICE, QP 25 )      29136 bits [Y 40.3480 dB    U 46.2373 dB    V 47.1752 dB] [ET    18 ] [L0 60c 56] [L1 64 60]
POC   61 LId:  0 TId: 4 ( RASL, B-SLICE, QP 27 )       4816 bits [Y 39.5865 dB    U 46.1140 dB    V 47.2019 dB] [ET     9 ] [L0 60 56] [L1 62c 64]
POC   63 LId:  0 TId: 4 ( RASL, B-SLICE, QP 27 )       4376 bits [Y 39.9003 dB    U 46.2321 dB    V 47.2739 dB] [ET     9 ] [L0 62c 60] [L1 64 62]

LayerId  0
	Total Frames |   Bitrate     Y-PSNR    U-PSNR    V-PSNR    YUV-PSNR   
	       65    a    1835.1138   40.6258   45.5938   46.6554   41.6565

 finished @ Tue Jan 14 00:42:28 2025
 Total Time:      981.416 sec. [user]      981.416 sec. [elapsed]
