
VVCSoftware: VTM Encoder Version 10.0 [Windows][VS 1916][64 bit] [SIMD=AVX2] 

TOOL CFG: IBD:1 HAD:1 RDQ:1 RDQTS:1 RDpenalty:0 LQP:0 SQP:0 ASR:1 MinSearchWindow:96 RestrictMESampling:0 FEN:1 ECU:0 FDM:1 CFM:0 ESD:0 TransformSkip:1 TransformSkipFast:1 TransformSkipLog2MaxSize:5 ChromaTS:1 BDPCM:0 Tiles: 1x1 Slices: 1 MCTS:0 SAO:1 ALF:1 CCALF:1 WPP:0 WPB:0 PME:2  WaveFrontSynchro:0 WaveFrontSubstreams:1 ScalingList:0 TMVPMode:1  DQ:1  SignBitHidingFlag:0 RecalQP:0 
TOOL CFG: LFNST:1 MMVD:1 Affine:1 AffineType:1 PROF:1 SbTMVP:1 DualITree:1 IMV:1 BIO:1 LMChroma:1 HorCollocatedChroma:1 VerCollocatedChroma:0 MTS: 1(intra) 0(inter) SBT:1 ISP:1 SMVD:1 CompositeLTReference:0 Bcw:1 BcwFast:1 LADF:0 CIIP:1 Geo:1 AllowDisFracMMVD:1 AffineAmvr:1 AffineAmvrEncOpt:1 DMVR:1 MmvdDisNum:6 JointCbCr:1 ACT:0 PLT:0 IBC:0 HashME:0 WrapAround:0 VirtualBoundariesEnabledFlag:0 VirtualBoundariesPresentInSPSFlag:1 vertical virtual boundaries:[ ] horizontal virtual boundaries:[ ] Reshape:1 (Signal:SDR Opt:0 CSoffset:6) MRL:1 MIP:1 EncDbOpt:0 
FAST TOOL CFG: LCTUFast:1 FastMrg:1 PBIntraFast:1 IMV4PelFast:1 MTSMaxCand: 4(intra) 4(inter) ISPFast:0 FastLFNST:0 AMaxBT:1 E0023FastEnc:1 ContentBasedFastQtbt:0 UseNonLinearAlfLuma:1 UseNonLinearAlfChroma:1 MaxNumAlfAlternativesChroma:8 FastMIP:0 FastLocalDualTree:1 NumSplitThreads:1 NumWppThreads:1+0 EnsureWppBitEqual:0 RPR:0 TemporalFilter:0 


 started @ Mon Jan 13 21:48:19 2025
POC    0 LId:  0 TId: 0 ( IDR_N_LP, I-SLICE, QP 36 )      55360 bits [Y 30.9867 dB    U 38.7290 dB    V 39.0823 dB] [ET    13 ] [L0] [L1]
POC   16 LId:  0 TId: 0 ( TRAIL, B-SLICE, QP 40 )       6800 bits [Y 29.5222 dB    U 38.5295 dB    V 38.8256 dB] [ET    14 ] [L0 0] [L1 0c]
POC    8 LId:  0 TId: 1 ( STSA, B-SLICE, QP 43 )       1976 bits [Y 29.3695 dB    U 38.6197 dB    V 39.0195 dB] [ET     5 ] [L0 0 16] [L1 16c 0]
POC    4 LId:  0 TId: 2 ( STSA, B-SLICE, QP 46 )        656 bits [Y 29.3176 dB    U 38.7048 dB    V 39.0918 dB] [ET     3 ] [L0 0 8] [L1 8c 16]
POC    2 LId:  0 TId: 3 ( STSA, B-SLICE, QP 47 )        216 bits [Y 29.9222 dB    U 38.6857 dB    V 39.0963 dB] [ET     1 ] [L0 0 4] [L1 4c 8]
POC    1 LId:  0 TId: 4 ( STSA, B-SLICE, QP 48 )        160 bits [Y 30.4390 dB    U 38.7336 dB    V 39.1162 dB] [ET     1 ] [L0 0 2] [L1 2c 4]
POC    3 LId:  0 TId: 4 ( STSA, B-SLICE, QP 48 )        152 bits [Y 29.6039 dB    U 38.6910 dB    V 39.0632 dB] [ET     1 ] [L0 2c 0] [L1 4 8]
POC    6 LId:  0 TId: 3 ( STSA, B-SLICE, QP 47 )        208 bits [Y 29.1744 dB    U 38.6867 dB    V 39.0422 dB] [ET     1 ] [L0 4c 0] [L1 8 16]
POC    5 LId:  0 TId: 4 ( STSA, B-SLICE, QP 48 )        152 bits [Y 29.2757 dB    U 38.6621 dB    V 39.0394 dB] [ET     1 ] [L0 4 0] [L1 6c 8]
POC    7 LId:  0 TId: 4 ( STSA, B-SLICE, QP 48 )        128 bits [Y 29.3169 dB    U 38.6284 dB    V 39.0199 dB] [ET     1 ] [L0 6c 4] [L1 8 16]
POC   12 LId:  0 TId: 2 ( STSA, B-SLICE, QP 46 )        640 bits [Y 28.8669 dB    U 38.6051 dB    V 38.9384 dB] [ET     3 ] [L0 8c 0] [L1 16 8]
POC   10 LId:  0 TId: 3 ( STSA, B-SLICE, QP 47 )        208 bits [Y 29.0045 dB    U 38.6062 dB    V 38.9661 dB] [ET     1 ] [L0 8 0] [L1 12c 16]
POC    9 LId:  0 TId: 4 ( STSA, B-SLICE, QP 48 )        128 bits [Y 29.2292 dB    U 38.5990 dB    V 38.9915 dB] [ET     1 ] [L0 8 0] [L1 10c 12]
POC   11 LId:  0 TId: 4 ( STSA, B-SLICE, QP 48 )        152 bits [Y 28.9123 dB    U 38.5861 dB    V 38.9488 dB] [ET     1 ] [L0 10c 8] [L1 12 16]
POC   14 LId:  0 TId: 3 ( STSA, B-SLICE, QP 47 )        184 bits [Y 29.0336 dB    U 38.5835 dB    V 38.8862 dB] [ET     1 ] [L0 12c 8] [L1 16 12]
POC   13 LId:  0 TId: 4 ( STSA, B-SLICE, QP 48 )        152 bits [Y 28.9122 dB    U 38.5883 dB    V 38.9250 dB] [ET     1 ] [L0 12 8] [L1 14c 16]
POC   15 LId:  0 TId: 4 ( STSA, B-SLICE, QP 48 )        136 bits [Y 29.3235 dB    U 38.5294 dB    V 38.8688 dB] [ET     1 ] [L0 14c 12] [L1 16 14]
POC   32 LId:  0 TId: 0 ( CRA, I-SLICE, QP 36 )      57840 bits [Y 30.9084 dB    U 38.4379 dB    V 38.9896 dB] [ET    15 ] [L0] [L1]
POC   24 LId:  0 TId: 1 ( RASL, B-SLICE, QP 43 )       2024 bits [Y 30.0857 dB    U 38.7195 dB    V 39.2893 dB] [ET     5 ] [L0 16c 8] [L1 32 16]
POC   20 LId:  0 TId: 2 ( RASL, B-SLICE, QP 46 )        744 bits [Y 29.2716 dB    U 38.8211 dB    V 39.1916 dB] [ET     3 ] [L0 16 8] [L1 24c 32]
POC   18 LId:  0 TId: 3 ( RASL, B-SLICE, QP 47 )        360 bits [Y 29.5080 dB    U 38.7902 dB    V 39.2677 dB] [ET     2 ] [L0 16 8] [L1 20c 24]
POC   17 LId:  0 TId: 4 ( RASL, B-SLICE, QP 48 )        168 bits [Y 29.7439 dB    U 38.7278 dB    V 39.1328 dB] [ET     1 ] [L0 16 18] [L1 18c 20]
POC   19 LId:  0 TId: 4 ( RASL, B-SLICE, QP 48 )        168 bits [Y 29.4398 dB    U 38.7854 dB    V 39.2676 dB] [ET     1 ] [L0 18c 16] [L1 20 24]
POC   22 LId:  0 TId: 3 ( RASL, B-SLICE, QP 47 )        248 bits [Y 29.3733 dB    U 38.8271 dB    V 39.2757 dB] [ET     1 ] [L0 20c 16] [L1 24 32]
POC   21 LId:  0 TId: 4 ( RASL, B-SLICE, QP 48 )        128 bits [Y 29.2716 dB    U 38.8165 dB    V 39.2553 dB] [ET     1 ] [L0 20 16] [L1 22c 24]
POC   23 LId:  0 TId: 4 ( RASL, B-SLICE, QP 48 )        144 bits [Y 29.8015 dB    U 38.7908 dB    V 39.2669 dB] [ET     1 ] [L0 22c 20] [L1 24 32]
POC   28 LId:  0 TId: 2 ( RASL, B-SLICE, QP 46 )        680 bits [Y 29.8425 dB    U 38.6821 dB    V 39.2794 dB] [ET     3 ] [L0 24c 16] [L1 32 24]
POC   26 LId:  0 TId: 3 ( RASL, B-SLICE, QP 47 )        264 bits [Y 29.7774 dB    U 38.7226 dB    V 39.3118 dB] [ET     2 ] [L0 24 16] [L1 28c 32]
POC   25 LId:  0 TId: 4 ( RASL, B-SLICE, QP 48 )        128 bits [Y 29.9606 dB    U 38.7491 dB    V 39.2824 dB] [ET     1 ] [L0 24 16] [L1 26c 28]
POC   27 LId:  0 TId: 4 ( RASL, B-SLICE, QP 48 )        128 bits [Y 29.7876 dB    U 38.7180 dB    V 39.2816 dB] [ET     1 ] [L0 26c 24] [L1 28 32]
POC   30 LId:  0 TId: 3 ( RASL, B-SLICE, QP 47 )        280 bits [Y 30.0854 dB    U 38.6015 dB    V 39.1916 dB] [ET     1 ] [L0 28c 24] [L1 32 28]
POC   29 LId:  0 TId: 4 ( RASL, B-SLICE, QP 48 )        144 bits [Y 29.8673 dB    U 38.6267 dB    V 39.2538 dB] [ET     1 ] [L0 28 24] [L1 30c 32]
POC   31 LId:  0 TId: 4 ( RASL, B-SLICE, QP 48 )        144 bits [Y 30.5297 dB    U 38.5209 dB    V 39.1042 dB] [ET     1 ] [L0 30c 28] [L1 32 30]
POC   48 LId:  0 TId: 0 ( TRAIL, B-SLICE, QP 40 )       6504 bits [Y 29.4778 dB    U 38.1658 dB    V 38.7635 dB] [ET    11 ] [L0 32] [L1 32c]
POC   40 LId:  0 TId: 1 ( STSA, B-SLICE, QP 43 )       1912 bits [Y 29.3725 dB    U 38.2810 dB    V 38.9099 dB] [ET     5 ] [L0 32 48] [L1 48c 32]
POC   36 LId:  0 TId: 2 ( STSA, B-SLICE, QP 46 )        528 bits [Y 29.3667 dB    U 38.4160 dB    V 38.9883 dB] [ET     2 ] [L0 32 40] [L1 40c 48]
POC   34 LId:  0 TId: 3 ( STSA, B-SLICE, QP 47 )        312 bits [Y 29.7524 dB    U 38.4252 dB    V 39.0441 dB] [ET     2 ] [L0 32 36] [L1 36c 40]
POC   33 LId:  0 TId: 4 ( STSA, B-SLICE, QP 48 )        192 bits [Y 30.3366 dB    U 38.4563 dB    V 39.0263 dB] [ET     1 ] [L0 32 34] [L1 34c 36]
POC   35 LId:  0 TId: 4 ( STSA, B-SLICE, QP 48 )        144 bits [Y 29.4800 dB    U 38.4421 dB    V 39.0334 dB] [ET     1 ] [L0 34c 32] [L1 36 40]
POC   38 LId:  0 TId: 3 ( STSA, B-SLICE, QP 47 )        328 bits [Y 29.2403 dB    U 38.3413 dB    V 38.9564 dB] [ET     2 ] [L0 36c 32] [L1 40 48]
POC   37 LId:  0 TId: 4 ( STSA, B-SLICE, QP 48 )        160 bits [Y 29.2764 dB    U 38.3734 dB    V 38.9794 dB] [ET     1 ] [L0 36 32] [L1 38c 40]
POC   39 LId:  0 TId: 4 ( STSA, B-SLICE, QP 48 )        136 bits [Y 29.2621 dB    U 38.3297 dB    V 38.9405 dB] [ET     1 ] [L0 38c 36] [L1 40 48]
POC   44 LId:  0 TId: 2 ( STSA, B-SLICE, QP 46 )        464 bits [Y 28.8321 dB    U 38.2546 dB    V 38.9312 dB] [ET     2 ] [L0 40c 32] [L1 48 40]
POC   42 LId:  0 TId: 3 ( STSA, B-SLICE, QP 47 )        304 bits [Y 28.9328 dB    U 38.2521 dB    V 38.9611 dB] [ET     2 ] [L0 40 32] [L1 44c 48]
POC   41 LId:  0 TId: 4 ( STSA, B-SLICE, QP 48 )        184 bits [Y 29.2351 dB    U 38.2968 dB    V 38.9324 dB] [ET     1 ] [L0 40 32] [L1 42c 44]
POC   43 LId:  0 TId: 4 ( STSA, B-SLICE, QP 48 )        168 bits [Y 28.8531 dB    U 38.2713 dB    V 38.9279 dB] [ET     1 ] [L0 42c 40] [L1 44 48]
POC   46 LId:  0 TId: 3 ( STSA, B-SLICE, QP 47 )        264 bits [Y 28.9783 dB    U 38.2466 dB    V 38.8653 dB] [ET     2 ] [L0 44c 40] [L1 48 44]
POC   45 LId:  0 TId: 4 ( STSA, B-SLICE, QP 48 )        152 bits [Y 28.8752 dB    U 38.2385 dB    V 38.8926 dB] [ET     1 ] [L0 44 40] [L1 46c 48]
POC   47 LId:  0 TId: 4 ( STSA, B-SLICE, QP 48 )        160 bits [Y 29.3259 dB    U 38.1904 dB    V 38.8460 dB] [ET     1 ] [L0 46c 44] [L1 48 46]
POC   64 LId:  0 TId: 0 ( CRA, I-SLICE, QP 36 )      58712 bits [Y 30.8537 dB    U 38.1692 dB    V 38.8253 dB] [ET    14 ] [L0] [L1]
POC   56 LId:  0 TId: 1 ( RASL, B-SLICE, QP 43 )       2040 bits [Y 29.7400 dB    U 38.5413 dB    V 39.4522 dB] [ET     7 ] [L0 48c 40] [L1 64 48]
POC   52 LId:  0 TId: 2 ( RASL, B-SLICE, QP 46 )        664 bits [Y 29.3623 dB    U 38.5035 dB    V 39.3647 dB] [ET     3 ] [L0 48 40] [L1 56c 64]
POC   50 LId:  0 TId: 3 ( RASL, B-SLICE, QP 47 )        288 bits [Y 29.2795 dB    U 38.4004 dB    V 39.1152 dB] [ET     2 ] [L0 48 40] [L1 52c 56]
POC   49 LId:  0 TId: 4 ( RASL, B-SLICE, QP 48 )        160 bits [Y 29.4573 dB    U 38.2949 dB    V 38.9757 dB] [ET     1 ] [L0 48 50] [L1 50c 52]
POC   51 LId:  0 TId: 4 ( RASL, B-SLICE, QP 48 )        160 bits [Y 29.2326 dB    U 38.5024 dB    V 39.2474 dB] [ET     1 ] [L0 50c 48] [L1 52 56]
POC   54 LId:  0 TId: 3 ( RASL, B-SLICE, QP 47 )        224 bits [Y 29.2827 dB    U 38.5333 dB    V 39.4108 dB] [ET     1 ] [L0 52c 48] [L1 56 64]
POC   53 LId:  0 TId: 4 ( RASL, B-SLICE, QP 48 )        128 bits [Y 29.3130 dB    U 38.5396 dB    V 39.3971 dB] [ET     1 ] [L0 52 48] [L1 54c 56]
POC   55 LId:  0 TId: 4 ( RASL, B-SLICE, QP 48 )        128 bits [Y 29.5270 dB    U 38.5585 dB    V 39.4452 dB] [ET     1 ] [L0 54c 52] [L1 56 64]
POC   60 LId:  0 TId: 2 ( RASL, B-SLICE, QP 46 )        656 bits [Y 29.5480 dB    U 38.3736 dB    V 39.2787 dB] [ET     2 ] [L0 56c 48] [L1 64 56]
POC   58 LId:  0 TId: 3 ( RASL, B-SLICE, QP 47 )        232 bits [Y 29.4175 dB    U 38.4625 dB    V 39.4128 dB] [ET     2 ] [L0 56 48] [L1 60c 64]
POC   57 LId:  0 TId: 4 ( RASL, B-SLICE, QP 48 )        184 bits [Y 29.6437 dB    U 38.4536 dB    V 39.4171 dB] [ET     1 ] [L0 56 48] [L1 58c 60]
POC   59 LId:  0 TId: 4 ( RASL, B-SLICE, QP 48 )        152 bits [Y 29.3775 dB    U 38.4298 dB    V 39.3247 dB] [ET     1 ] [L0 58c 56] [L1 60 64]
POC   62 LId:  0 TId: 3 ( RASL, B-SLICE, QP 47 )        304 bits [Y 29.7401 dB    U 38.3169 dB    V 39.0981 dB] [ET     2 ] [L0 60c 56] [L1 64 60]
POC   61 LId:  0 TId: 4 ( RASL, B-SLICE, QP 48 )        168 bits [Y 29.6608 dB    U 38.3421 dB    V 39.2319 dB] [ET     1 ] [L0 60 56] [L1 62c 64]
POC   63 LId:  0 TId: 4 ( RASL, B-SLICE, QP 48 )        168 bits [Y 30.2989 dB    U 38.2312 dB    V 38.9834 dB] [ET     1 ] [L0 62c 60] [L1 64 62]

LayerId  0
	Total Frames |   Bitrate     Y-PSNR    U-PSNR    V-PSNR    YUV-PSNR   
	       65    a     191.3354   29.5353   38.5191   39.1006   31.0212

 finished @ Mon Jan 13 21:51:27 2025
 Total Time:      187.691 sec. [user]      187.691 sec. [elapsed]
