
VVCSoftware: VTM Encoder Version 10.0 [Windows][VS 1916][64 bit] [SIMD=AVX2] 

TOOL CFG: IBD:1 HAD:1 RDQ:1 RDQTS:1 RDpenalty:0 LQP:0 SQP:0 ASR:1 MinSearchWindow:96 RestrictMESampling:0 FEN:1 ECU:0 FDM:1 CFM:0 ESD:0 TransformSkip:1 TransformSkipFast:1 TransformSkipLog2MaxSize:5 ChromaTS:1 BDPCM:0 Tiles: 1x1 Slices: 1 MCTS:0 SAO:1 ALF:1 CCALF:1 WPP:0 WPB:0 PME:2  WaveFrontSynchro:0 WaveFrontSubstreams:1 ScalingList:0 TMVPMode:1  DQ:1  SignBitHidingFlag:0 RecalQP:0 
TOOL CFG: LFNST:1 MMVD:1 Affine:1 AffineType:1 PROF:1 SbTMVP:1 DualITree:1 IMV:1 BIO:1 LMChroma:1 HorCollocatedChroma:1 VerCollocatedChroma:0 MTS: 1(intra) 0(inter) SBT:1 ISP:1 SMVD:1 CompositeLTReference:0 Bcw:1 BcwFast:1 LADF:0 CIIP:1 Geo:1 AllowDisFracMMVD:1 AffineAmvr:1 AffineAmvrEncOpt:1 DMVR:1 MmvdDisNum:6 JointCbCr:1 ACT:0 PLT:0 IBC:0 HashME:0 WrapAround:0 VirtualBoundariesEnabledFlag:0 VirtualBoundariesPresentInSPSFlag:1 vertical virtual boundaries:[ ] horizontal virtual boundaries:[ ] Reshape:1 (Signal:SDR Opt:0 CSoffset:6) MRL:1 MIP:1 EncDbOpt:0 
FAST TOOL CFG: LCTUFast:1 FastMrg:1 PBIntraFast:1 IMV4PelFast:1 MTSMaxCand: 4(intra) 4(inter) ISPFast:0 FastLFNST:0 AMaxBT:1 E0023FastEnc:1 ContentBasedFastQtbt:0 UseNonLinearAlfLuma:1 UseNonLinearAlfChroma:1 MaxNumAlfAlternativesChroma:8 FastMIP:0 FastLocalDualTree:1 NumSplitThreads:1 NumWppThreads:1+0 EnsureWppBitEqual:0 RPR:0 TemporalFilter:0 


 started @ Mon Jan 13 22:53:57 2025
POC    0 LId:  0 TId: 0 ( IDR_N_LP, I-SLICE, QP 24 )     167184 bits [Y 40.3043 dB    U 43.3449 dB    V 44.1306 dB] [ET    23 ] [L0] [L1]
POC   16 LId:  0 TId: 0 ( TRAIL, B-SLICE, QP 28 )      41440 bits [Y 37.3960 dB    U 42.5885 dB    V 43.4364 dB] [ET    28 ] [L0 0] [L1 0c]
POC    8 LId:  0 TId: 1 ( STSA, B-SLICE, QP 29 )      19344 bits [Y 37.0948 dB    U 42.7194 dB    V 43.6564 dB] [ET    21 ] [L0 0 16] [L1 16c 0]
POC    4 LId:  0 TId: 2 ( STSA, B-SLICE, QP 32 )       8056 bits [Y 36.1192 dB    U 42.9739 dB    V 43.8083 dB] [ET    11 ] [L0 0 8] [L1 8c 16]
POC    2 LId:  0 TId: 3 ( STSA, B-SLICE, QP 34 )       1816 bits [Y 36.2121 dB    U 43.0338 dB    V 43.9069 dB] [ET     5 ] [L0 0 4] [L1 4c 8]
POC    1 LId:  0 TId: 4 ( STSA, B-SLICE, QP 36 )        424 bits [Y 37.1221 dB    U 43.1179 dB    V 44.0391 dB] [ET     2 ] [L0 0 2] [L1 2c 4]
POC    3 LId:  0 TId: 4 ( STSA, B-SLICE, QP 36 )        392 bits [Y 35.9506 dB    U 43.0106 dB    V 43.8566 dB] [ET     3 ] [L0 2c 0] [L1 4 8]
POC    6 LId:  0 TId: 3 ( STSA, B-SLICE, QP 34 )       2080 bits [Y 35.7516 dB    U 42.8860 dB    V 43.6845 dB] [ET     4 ] [L0 4c 0] [L1 8 16]
POC    5 LId:  0 TId: 4 ( STSA, B-SLICE, QP 36 )        384 bits [Y 35.8400 dB    U 42.9047 dB    V 43.6668 dB] [ET     3 ] [L0 4 0] [L1 6c 8]
POC    7 LId:  0 TId: 4 ( STSA, B-SLICE, QP 36 )        488 bits [Y 36.1562 dB    U 42.8001 dB    V 43.6540 dB] [ET     3 ] [L0 6c 4] [L1 8 16]
POC   12 LId:  0 TId: 2 ( STSA, B-SLICE, QP 32 )       8240 bits [Y 35.8179 dB    U 42.7038 dB    V 43.5303 dB] [ET    13 ] [L0 8c 0] [L1 16 8]
POC   10 LId:  0 TId: 3 ( STSA, B-SLICE, QP 34 )       2128 bits [Y 35.8968 dB    U 42.6811 dB    V 43.5912 dB] [ET     5 ] [L0 8 0] [L1 12c 16]
POC    9 LId:  0 TId: 4 ( STSA, B-SLICE, QP 36 )        304 bits [Y 36.1983 dB    U 42.7114 dB    V 43.6092 dB] [ET     3 ] [L0 8 0] [L1 10c 12]
POC   11 LId:  0 TId: 4 ( STSA, B-SLICE, QP 36 )        392 bits [Y 35.6714 dB    U 42.7152 dB    V 43.6012 dB] [ET     3 ] [L0 10c 8] [L1 12 16]
POC   14 LId:  0 TId: 3 ( STSA, B-SLICE, QP 34 )       2264 bits [Y 35.5931 dB    U 42.6671 dB    V 43.5105 dB] [ET     5 ] [L0 12c 8] [L1 16 12]
POC   13 LId:  0 TId: 4 ( STSA, B-SLICE, QP 36 )        392 bits [Y 35.5829 dB    U 42.6450 dB    V 43.5543 dB] [ET     3 ] [L0 12 8] [L1 14c 16]
POC   15 LId:  0 TId: 4 ( STSA, B-SLICE, QP 36 )        464 bits [Y 36.2284 dB    U 42.5619 dB    V 43.5086 dB] [ET     3 ] [L0 14c 12] [L1 16 14]
POC   32 LId:  0 TId: 0 ( TRAIL, B-SLICE, QP 28 )      41536 bits [Y 37.3219 dB    U 42.3553 dB    V 43.1974 dB] [ET    24 ] [L0 16 0] [L1 16c 0]
POC   24 LId:  0 TId: 1 ( TRAIL, B-SLICE, QP 29 )      20056 bits [Y 36.7979 dB    U 42.2857 dB    V 43.2000 dB] [ET    17 ] [L0 16 8] [L1 32c 16]
POC   20 LId:  0 TId: 2 ( STSA, B-SLICE, QP 32 )       7696 bits [Y 35.8268 dB    U 42.4119 dB    V 43.2963 dB] [ET    12 ] [L0 16 8] [L1 24c 32]
POC   18 LId:  0 TId: 3 ( STSA, B-SLICE, QP 34 )       2184 bits [Y 35.7900 dB    U 42.4879 dB    V 43.4005 dB] [ET     5 ] [L0 16 8] [L1 20c 24]
POC   17 LId:  0 TId: 4 ( STSA, B-SLICE, QP 36 )        432 bits [Y 36.3275 dB    U 42.5348 dB    V 43.4224 dB] [ET     3 ] [L0 16 18] [L1 18c 20]
POC   19 LId:  0 TId: 4 ( STSA, B-SLICE, QP 36 )        440 bits [Y 35.5902 dB    U 42.3831 dB    V 43.3249 dB] [ET     3 ] [L0 18c 16] [L1 20 24]
POC   22 LId:  0 TId: 3 ( STSA, B-SLICE, QP 34 )       2368 bits [Y 35.6553 dB    U 42.3479 dB    V 43.2272 dB] [ET     6 ] [L0 20c 16] [L1 24 32]
POC   21 LId:  0 TId: 4 ( STSA, B-SLICE, QP 36 )        472 bits [Y 35.6384 dB    U 42.4155 dB    V 43.2703 dB] [ET     3 ] [L0 20 16] [L1 22c 24]
POC   23 LId:  0 TId: 4 ( STSA, B-SLICE, QP 36 )        456 bits [Y 36.0592 dB    U 42.3093 dB    V 43.2235 dB] [ET     3 ] [L0 22c 20] [L1 24 32]
POC   28 LId:  0 TId: 2 ( STSA, B-SLICE, QP 32 )       7744 bits [Y 35.7771 dB    U 42.3646 dB    V 43.2231 dB] [ET    11 ] [L0 24c 16] [L1 32 24]
POC   26 LId:  0 TId: 3 ( STSA, B-SLICE, QP 34 )       2200 bits [Y 35.6856 dB    U 42.2964 dB    V 43.1452 dB] [ET     6 ] [L0 24 16] [L1 28c 32]
POC   25 LId:  0 TId: 4 ( STSA, B-SLICE, QP 36 )        456 bits [Y 36.0749 dB    U 42.3402 dB    V 43.1600 dB] [ET     3 ] [L0 24 16] [L1 26c 28]
POC   27 LId:  0 TId: 4 ( STSA, B-SLICE, QP 36 )        392 bits [Y 35.5472 dB    U 42.3287 dB    V 43.1543 dB] [ET     3 ] [L0 26c 24] [L1 28 32]
POC   30 LId:  0 TId: 3 ( STSA, B-SLICE, QP 34 )       1992 bits [Y 35.4678 dB    U 42.3278 dB    V 43.1984 dB] [ET     6 ] [L0 28c 24] [L1 32 28]
POC   29 LId:  0 TId: 4 ( STSA, B-SLICE, QP 36 )        400 bits [Y 35.3846 dB    U 42.3357 dB    V 43.1910 dB] [ET     3 ] [L0 28 24] [L1 30c 32]
POC   31 LId:  0 TId: 4 ( STSA, B-SLICE, QP 36 )        440 bits [Y 36.1369 dB    U 42.3232 dB    V 43.2182 dB] [ET     3 ] [L0 30c 28] [L1 32 30]
POC   48 LId:  0 TId: 0 ( TRAIL, B-SLICE, QP 28 )      42528 bits [Y 37.1989 dB    U 42.2276 dB    V 43.0174 dB] [ET    25 ] [L0 32 16] [L1 32c 16]
POC   40 LId:  0 TId: 1 ( TRAIL, B-SLICE, QP 29 )      20656 bits [Y 36.7563 dB    U 42.2623 dB    V 43.0520 dB] [ET    18 ] [L0 32 24] [L1 48c 32]
POC   36 LId:  0 TId: 2 ( STSA, B-SLICE, QP 32 )       7192 bits [Y 35.7548 dB    U 42.3122 dB    V 43.0444 dB] [ET    13 ] [L0 32 24] [L1 40c 48]
POC   34 LId:  0 TId: 3 ( STSA, B-SLICE, QP 34 )       2328 bits [Y 35.4161 dB    U 42.3367 dB    V 43.1077 dB] [ET     7 ] [L0 32 24] [L1 36c 40]
POC   33 LId:  0 TId: 4 ( STSA, B-SLICE, QP 36 )        464 bits [Y 36.0906 dB    U 42.3779 dB    V 43.1470 dB] [ET     3 ] [L0 32 34] [L1 34c 36]
POC   35 LId:  0 TId: 4 ( STSA, B-SLICE, QP 36 )        576 bits [Y 35.5048 dB    U 42.3457 dB    V 43.0439 dB] [ET     3 ] [L0 34c 32] [L1 36 40]
POC   38 LId:  0 TId: 3 ( STSA, B-SLICE, QP 34 )       2032 bits [Y 35.2329 dB    U 42.3042 dB    V 42.9992 dB] [ET     5 ] [L0 36c 32] [L1 40 48]
POC   37 LId:  0 TId: 4 ( STSA, B-SLICE, QP 36 )        536 bits [Y 35.2764 dB    U 42.2752 dB    V 42.9933 dB] [ET     3 ] [L0 36 32] [L1 38c 40]
POC   39 LId:  0 TId: 4 ( STSA, B-SLICE, QP 36 )        472 bits [Y 35.6867 dB    U 42.2559 dB    V 43.0260 dB] [ET     3 ] [L0 38c 36] [L1 40 48]
POC   44 LId:  0 TId: 2 ( STSA, B-SLICE, QP 32 )       7440 bits [Y 35.7432 dB    U 42.3029 dB    V 43.0614 dB] [ET    11 ] [L0 40c 32] [L1 48 40]
POC   42 LId:  0 TId: 3 ( STSA, B-SLICE, QP 34 )       2424 bits [Y 35.1914 dB    U 42.2261 dB    V 43.0673 dB] [ET     6 ] [L0 40 32] [L1 44c 48]
POC   41 LId:  0 TId: 4 ( STSA, B-SLICE, QP 36 )        368 bits [Y 35.8334 dB    U 42.2759 dB    V 43.0479 dB] [ET     2 ] [L0 40 32] [L1 42c 44]
POC   43 LId:  0 TId: 4 ( STSA, B-SLICE, QP 36 )        408 bits [Y 35.2611 dB    U 42.2240 dB    V 42.9786 dB] [ET     3 ] [L0 42c 40] [L1 44 48]
POC   46 LId:  0 TId: 3 ( STSA, B-SLICE, QP 34 )       2304 bits [Y 35.1784 dB    U 42.2557 dB    V 43.0011 dB] [ET     7 ] [L0 44c 40] [L1 48 44]
POC   45 LId:  0 TId: 4 ( STSA, B-SLICE, QP 36 )        416 bits [Y 35.2918 dB    U 42.2649 dB    V 43.0069 dB] [ET     3 ] [L0 44 40] [L1 46c 48]
POC   47 LId:  0 TId: 4 ( STSA, B-SLICE, QP 36 )        408 bits [Y 35.7357 dB    U 42.2865 dB    V 43.0435 dB] [ET     3 ] [L0 46c 44] [L1 48 46]
POC   64 LId:  0 TId: 0 ( CRA, I-SLICE, QP 24 )     174560 bits [Y 40.2362 dB    U 42.9808 dB    V 44.0111 dB] [ET    23 ] [L0] [L1]
POC   56 LId:  0 TId: 1 ( RASL, B-SLICE, QP 29 )      20336 bits [Y 37.2280 dB    U 43.1375 dB    V 44.1758 dB] [ET    17 ] [L0 48c 40] [L1 64 48]
POC   52 LId:  0 TId: 2 ( RASL, B-SLICE, QP 32 )       6840 bits [Y 36.1820 dB    U 42.7565 dB    V 43.9226 dB] [ET    13 ] [L0 48 40] [L1 56c 64]
POC   50 LId:  0 TId: 3 ( RASL, B-SLICE, QP 34 )       2256 bits [Y 35.4707 dB    U 42.6696 dB    V 43.7011 dB] [ET     6 ] [L0 48 40] [L1 52c 56]
POC   49 LId:  0 TId: 4 ( RASL, B-SLICE, QP 36 )        304 bits [Y 35.9205 dB    U 42.5512 dB    V 43.4264 dB] [ET     2 ] [L0 48 50] [L1 50c 52]
POC   51 LId:  0 TId: 4 ( RASL, B-SLICE, QP 36 )        384 bits [Y 35.3052 dB    U 42.7634 dB    V 43.7849 dB] [ET     3 ] [L0 50c 48] [L1 52 56]
POC   54 LId:  0 TId: 3 ( RASL, B-SLICE, QP 34 )       3048 bits [Y 35.7096 dB    U 42.9963 dB    V 44.0740 dB] [ET     8 ] [L0 52c 48] [L1 56 64]
POC   53 LId:  0 TId: 4 ( RASL, B-SLICE, QP 36 )        416 bits [Y 35.7413 dB    U 42.9467 dB    V 43.9662 dB] [ET     3 ] [L0 52 48] [L1 54c 56]
POC   55 LId:  0 TId: 4 ( RASL, B-SLICE, QP 36 )        368 bits [Y 36.1408 dB    U 43.1344 dB    V 44.1483 dB] [ET     3 ] [L0 54c 52] [L1 56 64]
POC   60 LId:  0 TId: 2 ( RASL, B-SLICE, QP 32 )       7040 bits [Y 36.3311 dB    U 43.0142 dB    V 44.1798 dB] [ET    11 ] [L0 56c 48] [L1 64 56]
POC   58 LId:  0 TId: 3 ( RASL, B-SLICE, QP 34 )       2952 bits [Y 35.8095 dB    U 43.0645 dB    V 44.1365 dB] [ET     6 ] [L0 56 48] [L1 60c 64]
POC   57 LId:  0 TId: 4 ( RASL, B-SLICE, QP 36 )        536 bits [Y 36.1689 dB    U 43.0695 dB    V 44.1494 dB] [ET     3 ] [L0 56 48] [L1 58c 60]
POC   59 LId:  0 TId: 4 ( RASL, B-SLICE, QP 36 )        488 bits [Y 35.6588 dB    U 43.0481 dB    V 44.1362 dB] [ET     3 ] [L0 58c 56] [L1 60 64]
POC   62 LId:  0 TId: 3 ( RASL, B-SLICE, QP 34 )       2440 bits [Y 35.6442 dB    U 43.0493 dB    V 44.0918 dB] [ET     7 ] [L0 60c 56] [L1 64 60]
POC   61 LId:  0 TId: 4 ( RASL, B-SLICE, QP 36 )        536 bits [Y 35.8162 dB    U 43.0280 dB    V 44.1425 dB] [ET     4 ] [L0 60 56] [L1 62c 64]
POC   63 LId:  0 TId: 4 ( RASL, B-SLICE, QP 36 )        408 bits [Y 36.6079 dB    U 42.9535 dB    V 44.0372 dB] [ET     3 ] [L0 62c 60] [L1 64 62]

LayerId  0
	Total Frames |   Bitrate     Y-PSNR    U-PSNR    V-PSNR    YUV-PSNR   
	       65    a     607.8646   36.0791   42.6094   43.4972   37.3483

 finished @ Mon Jan 13 23:02:29 2025
 Total Time:      512.569 sec. [user]      512.568 sec. [elapsed]
