
VVCSoftware: VTM Encoder Version 10.0 [Windows][VS 1916][64 bit] [SIMD=AVX2] 

TOOL CFG: IBD:1 HAD:1 RDQ:1 RDQTS:1 RDpenalty:0 LQP:0 SQP:0 ASR:1 MinSearchWindow:96 RestrictMESampling:0 FEN:1 ECU:0 FDM:1 CFM:0 ESD:0 TransformSkip:1 TransformSkipFast:1 TransformSkipLog2MaxSize:5 ChromaTS:1 BDPCM:0 Tiles: 1x1 Slices: 1 MCTS:0 SAO:1 ALF:1 CCALF:1 WPP:0 WPB:0 PME:2  WaveFrontSynchro:0 WaveFrontSubstreams:1 ScalingList:0 TMVPMode:1  DQ:1  SignBitHidingFlag:0 RecalQP:0 
TOOL CFG: LFNST:1 MMVD:1 Affine:1 AffineType:1 PROF:1 SbTMVP:1 DualITree:1 IMV:1 BIO:1 LMChroma:1 HorCollocatedChroma:1 VerCollocatedChroma:0 MTS: 1(intra) 0(inter) SBT:1 ISP:1 SMVD:1 CompositeLTReference:0 Bcw:1 BcwFast:1 LADF:0 CIIP:1 Geo:1 AllowDisFracMMVD:1 AffineAmvr:1 AffineAmvrEncOpt:1 DMVR:1 MmvdDisNum:6 JointCbCr:1 ACT:0 PLT:0 IBC:0 HashME:0 WrapAround:0 VirtualBoundariesEnabledFlag:0 VirtualBoundariesPresentInSPSFlag:1 vertical virtual boundaries:[ ] horizontal virtual boundaries:[ ] Reshape:1 (Signal:SDR Opt:0 CSoffset:6) MRL:1 MIP:1 EncDbOpt:0 
FAST TOOL CFG: LCTUFast:1 FastMrg:1 PBIntraFast:1 IMV4PelFast:1 MTSMaxCand: 4(intra) 4(inter) ISPFast:0 FastLFNST:0 AMaxBT:1 E0023FastEnc:1 ContentBasedFastQtbt:0 UseNonLinearAlfLuma:1 UseNonLinearAlfChroma:1 MaxNumAlfAlternativesChroma:8 FastMIP:0 FastLocalDualTree:1 NumSplitThreads:1 NumWppThreads:1+0 EnsureWppBitEqual:0 RPR:0 TemporalFilter:0 


 started @ Mon Jan 13 22:35:53 2025
POC    0 LId:  0 TId: 0 ( IDR_N_LP, I-SLICE, QP 26 )     141368 bits [Y 38.5244 dB    U 42.5004 dB    V 43.3813 dB] [ET    21 ] [L0] [L1]
POC   16 LId:  0 TId: 0 ( TRAIL, B-SLICE, QP 30 )      30352 bits [Y 35.8563 dB    U 41.9721 dB    V 42.6759 dB] [ET    23 ] [L0 0] [L1 0c]
POC    8 LId:  0 TId: 1 ( STSA, B-SLICE, QP 31 )      13592 bits [Y 35.6790 dB    U 42.1196 dB    V 42.9732 dB] [ET    17 ] [L0 0 16] [L1 16c 0]
POC    4 LId:  0 TId: 2 ( STSA, B-SLICE, QP 35 )       4160 bits [Y 34.7016 dB    U 42.2497 dB    V 43.1435 dB] [ET     7 ] [L0 0 8] [L1 8c 16]
POC    2 LId:  0 TId: 3 ( STSA, B-SLICE, QP 36 )       1096 bits [Y 35.1373 dB    U 42.2765 dB    V 43.2239 dB] [ET     4 ] [L0 0 4] [L1 4c 8]
POC    1 LId:  0 TId: 4 ( STSA, B-SLICE, QP 38 )        264 bits [Y 36.1057 dB    U 42.3541 dB    V 43.3374 dB] [ET     1 ] [L0 0 2] [L1 2c 4]
POC    3 LId:  0 TId: 4 ( STSA, B-SLICE, QP 38 )        328 bits [Y 34.7436 dB    U 42.2647 dB    V 43.1621 dB] [ET     2 ] [L0 2c 0] [L1 4 8]
POC    6 LId:  0 TId: 3 ( STSA, B-SLICE, QP 36 )       1744 bits [Y 34.7161 dB    U 42.2083 dB    V 43.0156 dB] [ET     4 ] [L0 4c 0] [L1 8 16]
POC    5 LId:  0 TId: 4 ( STSA, B-SLICE, QP 38 )        296 bits [Y 34.6770 dB    U 42.1782 dB    V 43.0084 dB] [ET     3 ] [L0 4 0] [L1 6c 8]
POC    7 LId:  0 TId: 4 ( STSA, B-SLICE, QP 38 )        280 bits [Y 35.0214 dB    U 42.1098 dB    V 42.9718 dB] [ET     2 ] [L0 6c 4] [L1 8 16]
POC   12 LId:  0 TId: 2 ( STSA, B-SLICE, QP 35 )       4528 bits [Y 34.3476 dB    U 42.0892 dB    V 42.7787 dB] [ET     9 ] [L0 8c 0] [L1 16 8]
POC   10 LId:  0 TId: 3 ( STSA, B-SLICE, QP 36 )       1616 bits [Y 34.6842 dB    U 42.1100 dB    V 42.8947 dB] [ET     4 ] [L0 8 0] [L1 12c 16]
POC    9 LId:  0 TId: 4 ( STSA, B-SLICE, QP 38 )        248 bits [Y 35.0720 dB    U 42.1194 dB    V 42.9187 dB] [ET     2 ] [L0 8 0] [L1 10c 12]
POC   11 LId:  0 TId: 4 ( STSA, B-SLICE, QP 38 )        288 bits [Y 34.4309 dB    U 42.1029 dB    V 42.8922 dB] [ET     2 ] [L0 10c 8] [L1 12 16]
POC   14 LId:  0 TId: 3 ( STSA, B-SLICE, QP 36 )       1352 bits [Y 34.3796 dB    U 42.0573 dB    V 42.7532 dB] [ET     4 ] [L0 12c 8] [L1 16 12]
POC   13 LId:  0 TId: 4 ( STSA, B-SLICE, QP 38 )        240 bits [Y 34.2748 dB    U 42.0838 dB    V 42.7985 dB] [ET     3 ] [L0 12 8] [L1 14c 16]
POC   15 LId:  0 TId: 4 ( STSA, B-SLICE, QP 38 )        272 bits [Y 34.8885 dB    U 41.9949 dB    V 42.7154 dB] [ET     3 ] [L0 14c 12] [L1 16 14]
POC   32 LId:  0 TId: 0 ( CRA, I-SLICE, QP 26 )     145512 bits [Y 38.4547 dB    U 42.2256 dB    V 43.1531 dB] [ET    20 ] [L0] [L1]
POC   24 LId:  0 TId: 1 ( RASL, B-SLICE, QP 31 )      12440 bits [Y 36.1425 dB    U 42.5013 dB    V 43.5519 dB] [ET    12 ] [L0 16c 8] [L1 32 16]
POC   20 LId:  0 TId: 2 ( RASL, B-SLICE, QP 35 )       4456 bits [Y 34.8780 dB    U 42.4163 dB    V 43.3563 dB] [ET     9 ] [L0 16 8] [L1 24c 32]
POC   18 LId:  0 TId: 3 ( RASL, B-SLICE, QP 36 )       1576 bits [Y 34.9714 dB    U 42.3664 dB    V 43.1900 dB] [ET     4 ] [L0 16 8] [L1 20c 24]
POC   17 LId:  0 TId: 4 ( RASL, B-SLICE, QP 38 )        344 bits [Y 35.3536 dB    U 42.2196 dB    V 42.9774 dB] [ET     1 ] [L0 16 18] [L1 18c 20]
POC   19 LId:  0 TId: 4 ( RASL, B-SLICE, QP 38 )        320 bits [Y 34.8130 dB    U 42.3546 dB    V 43.2693 dB] [ET     3 ] [L0 18c 16] [L1 20 24]
POC   22 LId:  0 TId: 3 ( RASL, B-SLICE, QP 36 )       1616 bits [Y 35.0370 dB    U 42.5577 dB    V 43.4791 dB] [ET     5 ] [L0 20c 16] [L1 24 32]
POC   21 LId:  0 TId: 4 ( RASL, B-SLICE, QP 38 )        336 bits [Y 34.8796 dB    U 42.5236 dB    V 43.4727 dB] [ET     3 ] [L0 20 16] [L1 22c 24]
POC   23 LId:  0 TId: 4 ( RASL, B-SLICE, QP 38 )        408 bits [Y 35.4832 dB    U 42.5534 dB    V 43.5615 dB] [ET     1 ] [L0 22c 20] [L1 24 32]
POC   28 LId:  0 TId: 2 ( RASL, B-SLICE, QP 35 )       3480 bits [Y 35.0564 dB    U 42.4777 dB    V 43.4384 dB] [ET     6 ] [L0 24c 16] [L1 32 24]
POC   26 LId:  0 TId: 3 ( RASL, B-SLICE, QP 36 )       1488 bits [Y 35.1439 dB    U 42.4911 dB    V 43.4404 dB] [ET     5 ] [L0 24 16] [L1 28c 32]
POC   25 LId:  0 TId: 4 ( RASL, B-SLICE, QP 38 )        304 bits [Y 35.4948 dB    U 42.5589 dB    V 43.5412 dB] [ET     3 ] [L0 24 16] [L1 26c 28]
POC   27 LId:  0 TId: 4 ( RASL, B-SLICE, QP 38 )        312 bits [Y 34.9629 dB    U 42.4901 dB    V 43.4339 dB] [ET     3 ] [L0 26c 24] [L1 28 32]
POC   30 LId:  0 TId: 3 ( RASL, B-SLICE, QP 36 )       1304 bits [Y 35.1080 dB    U 42.3711 dB    V 43.2979 dB] [ET     5 ] [L0 28c 24] [L1 32 28]
POC   29 LId:  0 TId: 4 ( RASL, B-SLICE, QP 38 )        280 bits [Y 34.8530 dB    U 42.4040 dB    V 43.3646 dB] [ET     3 ] [L0 28 24] [L1 30c 32]
POC   31 LId:  0 TId: 4 ( RASL, B-SLICE, QP 38 )        320 bits [Y 36.1920 dB    U 42.2419 dB    V 43.2475 dB] [ET     1 ] [L0 30c 28] [L1 32 30]
POC   48 LId:  0 TId: 0 ( TRAIL, B-SLICE, QP 30 )      30752 bits [Y 35.7895 dB    U 41.5910 dB    V 42.6944 dB] [ET    22 ] [L0 32] [L1 32c]
POC   40 LId:  0 TId: 1 ( STSA, B-SLICE, QP 31 )      13072 bits [Y 35.5766 dB    U 41.7847 dB    V 42.8717 dB] [ET    19 ] [L0 32 48] [L1 48c 32]
POC   36 LId:  0 TId: 2 ( STSA, B-SLICE, QP 35 )       3864 bits [Y 34.7722 dB    U 41.9316 dB    V 42.8128 dB] [ET     7 ] [L0 32 40] [L1 40c 48]
POC   34 LId:  0 TId: 3 ( STSA, B-SLICE, QP 36 )       1448 bits [Y 34.7521 dB    U 42.0213 dB    V 42.9708 dB] [ET     3 ] [L0 32 36] [L1 36c 40]
POC   33 LId:  0 TId: 4 ( STSA, B-SLICE, QP 38 )        472 bits [Y 35.9168 dB    U 42.0818 dB    V 43.0979 dB] [ET     2 ] [L0 32 34] [L1 34c 36]
POC   35 LId:  0 TId: 4 ( STSA, B-SLICE, QP 38 )        496 bits [Y 34.5851 dB    U 41.9952 dB    V 42.8534 dB] [ET     2 ] [L0 34c 32] [L1 36 40]
POC   38 LId:  0 TId: 3 ( STSA, B-SLICE, QP 36 )       1560 bits [Y 34.4414 dB    U 41.8331 dB    V 42.8358 dB] [ET     4 ] [L0 36c 32] [L1 40 48]
POC   37 LId:  0 TId: 4 ( STSA, B-SLICE, QP 38 )        448 bits [Y 34.5731 dB    U 41.8781 dB    V 42.8064 dB] [ET     3 ] [L0 36 32] [L1 38c 40]
POC   39 LId:  0 TId: 4 ( STSA, B-SLICE, QP 38 )        376 bits [Y 34.7746 dB    U 41.7803 dB    V 42.8730 dB] [ET     2 ] [L0 38c 36] [L1 40 48]
POC   44 LId:  0 TId: 2 ( STSA, B-SLICE, QP 35 )       3560 bits [Y 34.3970 dB    U 41.6930 dB    V 42.7972 dB] [ET     9 ] [L0 40c 32] [L1 48 40]
POC   42 LId:  0 TId: 3 ( STSA, B-SLICE, QP 36 )       1800 bits [Y 34.3412 dB    U 41.7313 dB    V 42.8685 dB] [ET     7 ] [L0 40 32] [L1 44c 48]
POC   41 LId:  0 TId: 4 ( STSA, B-SLICE, QP 38 )        328 bits [Y 34.9774 dB    U 41.7689 dB    V 42.8856 dB] [ET     3 ] [L0 40 32] [L1 42c 44]
POC   43 LId:  0 TId: 4 ( STSA, B-SLICE, QP 38 )        328 bits [Y 34.2793 dB    U 41.6898 dB    V 42.7704 dB] [ET     3 ] [L0 42c 40] [L1 44 48]
POC   46 LId:  0 TId: 3 ( STSA, B-SLICE, QP 36 )       1280 bits [Y 34.1589 dB    U 41.6406 dB    V 42.6997 dB] [ET     5 ] [L0 44c 40] [L1 48 44]
POC   45 LId:  0 TId: 4 ( STSA, B-SLICE, QP 38 )        296 bits [Y 34.2178 dB    U 41.6334 dB    V 42.7365 dB] [ET     3 ] [L0 44 40] [L1 46c 48]
POC   47 LId:  0 TId: 4 ( STSA, B-SLICE, QP 38 )        232 bits [Y 34.7242 dB    U 41.6122 dB    V 42.7436 dB] [ET     3 ] [L0 46c 44] [L1 48 46]
POC   64 LId:  0 TId: 0 ( CRA, I-SLICE, QP 26 )     147264 bits [Y 38.4233 dB    U 42.0438 dB    V 43.2523 dB] [ET    23 ] [L0] [L1]
POC   56 LId:  0 TId: 1 ( RASL, B-SLICE, QP 31 )      14776 bits [Y 35.9564 dB    U 42.3969 dB    V 43.5483 dB] [ET    13 ] [L0 48c 40] [L1 64 48]
POC   52 LId:  0 TId: 2 ( RASL, B-SLICE, QP 35 )       3936 bits [Y 34.8848 dB    U 42.1723 dB    V 43.4503 dB] [ET     9 ] [L0 48 40] [L1 56c 64]
POC   50 LId:  0 TId: 3 ( RASL, B-SLICE, QP 36 )       1544 bits [Y 34.5668 dB    U 42.0229 dB    V 43.2010 dB] [ET     5 ] [L0 48 40] [L1 52c 56]
POC   49 LId:  0 TId: 4 ( RASL, B-SLICE, QP 38 )        312 bits [Y 35.0150 dB    U 41.8810 dB    V 42.9981 dB] [ET     3 ] [L0 48 50] [L1 50c 52]
POC   51 LId:  0 TId: 4 ( RASL, B-SLICE, QP 38 )        352 bits [Y 34.5087 dB    U 42.1428 dB    V 43.3223 dB] [ET     3 ] [L0 50c 48] [L1 52 56]
POC   54 LId:  0 TId: 3 ( RASL, B-SLICE, QP 36 )       1936 bits [Y 34.7076 dB    U 42.2596 dB    V 43.4965 dB] [ET     6 ] [L0 52c 48] [L1 56 64]
POC   53 LId:  0 TId: 4 ( RASL, B-SLICE, QP 38 )        304 bits [Y 34.6952 dB    U 42.2763 dB    V 43.4762 dB] [ET     3 ] [L0 52 48] [L1 54c 56]
POC   55 LId:  0 TId: 4 ( RASL, B-SLICE, QP 38 )        272 bits [Y 35.1640 dB    U 42.4002 dB    V 43.5342 dB] [ET     3 ] [L0 54c 52] [L1 56 64]
POC   60 LId:  0 TId: 2 ( RASL, B-SLICE, QP 35 )       3872 bits [Y 35.0686 dB    U 42.1665 dB    V 43.3649 dB] [ET     7 ] [L0 56c 48] [L1 64 56]
POC   58 LId:  0 TId: 3 ( RASL, B-SLICE, QP 36 )       1928 bits [Y 34.8036 dB    U 42.2896 dB    V 43.5645 dB] [ET     6 ] [L0 56 48] [L1 60c 64]
POC   57 LId:  0 TId: 4 ( RASL, B-SLICE, QP 38 )        408 bits [Y 35.2133 dB    U 42.2987 dB    V 43.5568 dB] [ET     3 ] [L0 56 48] [L1 58c 60]
POC   59 LId:  0 TId: 4 ( RASL, B-SLICE, QP 38 )        336 bits [Y 34.6575 dB    U 42.2276 dB    V 43.4567 dB] [ET     3 ] [L0 58c 56] [L1 60 64]
POC   62 LId:  0 TId: 3 ( RASL, B-SLICE, QP 36 )       1776 bits [Y 34.7371 dB    U 42.1558 dB    V 43.2822 dB] [ET     5 ] [L0 60c 56] [L1 64 60]
POC   61 LId:  0 TId: 4 ( RASL, B-SLICE, QP 38 )        376 bits [Y 34.7614 dB    U 42.1134 dB    V 43.3370 dB] [ET     3 ] [L0 60 56] [L1 62c 64]
POC   63 LId:  0 TId: 4 ( RASL, B-SLICE, QP 38 )        360 bits [Y 35.7022 dB    U 42.0634 dB    V 43.2535 dB] [ET     3 ] [L0 62c 60] [L1 64 62]

LayerId  0
	Total Frames |   Bitrate     Y-PSNR    U-PSNR    V-PSNR    YUV-PSNR   
	       65    a     569.1545   35.1263   42.1403   43.1359   36.4446

 finished @ Mon Jan 13 22:42:58 2025
 Total Time:      424.409 sec. [user]      424.409 sec. [elapsed]
