
VVCSoftware: VTM Encoder Version 10.0 [Windows][VS 1916][64 bit] [SIMD=AVX2] 

TOOL CFG: IBD:1 HAD:1 RDQ:1 RDQTS:1 RDpenalty:0 LQP:0 SQP:0 ASR:1 MinSearchWindow:96 RestrictMESampling:0 FEN:1 ECU:0 FDM:1 CFM:0 ESD:0 TransformSkip:1 TransformSkipFast:1 TransformSkipLog2MaxSize:5 ChromaTS:1 BDPCM:0 Tiles: 1x1 Slices: 1 MCTS:0 SAO:1 ALF:1 CCALF:1 WPP:0 WPB:0 PME:2  WaveFrontSynchro:0 WaveFrontSubstreams:1 ScalingList:0 TMVPMode:1  DQ:1  SignBitHidingFlag:0 RecalQP:0 
TOOL CFG: LFNST:1 MMVD:1 Affine:1 AffineType:1 PROF:1 SbTMVP:1 DualITree:1 IMV:1 BIO:1 LMChroma:1 HorCollocatedChroma:1 VerCollocatedChroma:0 MTS: 1(intra) 0(inter) SBT:1 ISP:1 SMVD:1 CompositeLTReference:0 Bcw:1 BcwFast:1 LADF:0 CIIP:1 Geo:1 AllowDisFracMMVD:1 AffineAmvr:1 AffineAmvrEncOpt:1 DMVR:1 MmvdDisNum:6 JointCbCr:1 ACT:0 PLT:0 IBC:0 HashME:0 WrapAround:0 VirtualBoundariesEnabledFlag:0 VirtualBoundariesPresentInSPSFlag:1 vertical virtual boundaries:[ ] horizontal virtual boundaries:[ ] Reshape:1 (Signal:SDR Opt:0 CSoffset:6) MRL:1 MIP:1 EncDbOpt:0 
FAST TOOL CFG: LCTUFast:1 FastMrg:1 PBIntraFast:1 IMV4PelFast:1 MTSMaxCand: 4(intra) 4(inter) ISPFast:0 FastLFNST:0 AMaxBT:1 E0023FastEnc:1 ContentBasedFastQtbt:0 UseNonLinearAlfLuma:1 UseNonLinearAlfChroma:1 MaxNumAlfAlternativesChroma:8 FastMIP:0 FastLocalDualTree:1 NumSplitThreads:1 NumWppThreads:1+0 EnsureWppBitEqual:0 RPR:0 TemporalFilter:0 


 started @ Mon Jan 13 22:37:01 2025
POC    0 LId:  0 TId: 0 ( IDR_N_LP, I-SLICE, QP 26 )     141368 bits [Y 38.5244 dB    U 42.5004 dB    V 43.3813 dB] [ET    21 ] [L0] [L1]
POC   16 LId:  0 TId: 0 ( TRAIL, B-SLICE, QP 30 )      30352 bits [Y 35.8563 dB    U 41.9721 dB    V 42.6759 dB] [ET    23 ] [L0 0] [L1 0c]
POC    8 LId:  0 TId: 1 ( STSA, B-SLICE, QP 31 )      13592 bits [Y 35.6790 dB    U 42.1196 dB    V 42.9732 dB] [ET    17 ] [L0 0 16] [L1 16c 0]
POC    4 LId:  0 TId: 2 ( STSA, B-SLICE, QP 35 )       4160 bits [Y 34.7016 dB    U 42.2497 dB    V 43.1435 dB] [ET     7 ] [L0 0 8] [L1 8c 16]
POC    2 LId:  0 TId: 3 ( STSA, B-SLICE, QP 36 )       1096 bits [Y 35.1373 dB    U 42.2765 dB    V 43.2239 dB] [ET     4 ] [L0 0 4] [L1 4c 8]
POC    1 LId:  0 TId: 4 ( STSA, B-SLICE, QP 38 )        264 bits [Y 36.1057 dB    U 42.3541 dB    V 43.3374 dB] [ET     1 ] [L0 0 2] [L1 2c 4]
POC    3 LId:  0 TId: 4 ( STSA, B-SLICE, QP 38 )        328 bits [Y 34.7436 dB    U 42.2647 dB    V 43.1621 dB] [ET     2 ] [L0 2c 0] [L1 4 8]
POC    6 LId:  0 TId: 3 ( STSA, B-SLICE, QP 36 )       1744 bits [Y 34.7161 dB    U 42.2083 dB    V 43.0156 dB] [ET     4 ] [L0 4c 0] [L1 8 16]
POC    5 LId:  0 TId: 4 ( STSA, B-SLICE, QP 38 )        296 bits [Y 34.6770 dB    U 42.1782 dB    V 43.0084 dB] [ET     3 ] [L0 4 0] [L1 6c 8]
POC    7 LId:  0 TId: 4 ( STSA, B-SLICE, QP 38 )        280 bits [Y 35.0214 dB    U 42.1098 dB    V 42.9718 dB] [ET     2 ] [L0 6c 4] [L1 8 16]
POC   12 LId:  0 TId: 2 ( STSA, B-SLICE, QP 35 )       4528 bits [Y 34.3476 dB    U 42.0892 dB    V 42.7787 dB] [ET     9 ] [L0 8c 0] [L1 16 8]
POC   10 LId:  0 TId: 3 ( STSA, B-SLICE, QP 36 )       1616 bits [Y 34.6842 dB    U 42.1100 dB    V 42.8947 dB] [ET     4 ] [L0 8 0] [L1 12c 16]
POC    9 LId:  0 TId: 4 ( STSA, B-SLICE, QP 38 )        248 bits [Y 35.0720 dB    U 42.1194 dB    V 42.9187 dB] [ET     2 ] [L0 8 0] [L1 10c 12]
POC   11 LId:  0 TId: 4 ( STSA, B-SLICE, QP 38 )        288 bits [Y 34.4309 dB    U 42.1029 dB    V 42.8922 dB] [ET     2 ] [L0 10c 8] [L1 12 16]
POC   14 LId:  0 TId: 3 ( STSA, B-SLICE, QP 36 )       1352 bits [Y 34.3796 dB    U 42.0573 dB    V 42.7532 dB] [ET     4 ] [L0 12c 8] [L1 16 12]
POC   13 LId:  0 TId: 4 ( STSA, B-SLICE, QP 38 )        240 bits [Y 34.2748 dB    U 42.0838 dB    V 42.7985 dB] [ET     3 ] [L0 12 8] [L1 14c 16]
POC   15 LId:  0 TId: 4 ( STSA, B-SLICE, QP 38 )        272 bits [Y 34.8885 dB    U 41.9949 dB    V 42.7154 dB] [ET     3 ] [L0 14c 12] [L1 16 14]
POC   32 LId:  0 TId: 0 ( TRAIL, B-SLICE, QP 30 )      31560 bits [Y 35.7661 dB    U 41.7593 dB    V 42.4481 dB] [ET    21 ] [L0 16 0] [L1 16c 0]
POC   24 LId:  0 TId: 1 ( TRAIL, B-SLICE, QP 31 )      13688 bits [Y 35.3541 dB    U 41.8060 dB    V 42.6186 dB] [ET    13 ] [L0 16 8] [L1 32c 16]
POC   20 LId:  0 TId: 2 ( STSA, B-SLICE, QP 35 )       4272 bits [Y 34.3279 dB    U 41.8680 dB    V 42.6261 dB] [ET     9 ] [L0 16 8] [L1 24c 32]
POC   18 LId:  0 TId: 3 ( STSA, B-SLICE, QP 36 )       1472 bits [Y 34.6194 dB    U 41.9440 dB    V 42.6940 dB] [ET     5 ] [L0 16 8] [L1 20c 24]
POC   17 LId:  0 TId: 4 ( STSA, B-SLICE, QP 38 )        376 bits [Y 35.1366 dB    U 41.9733 dB    V 42.6894 dB] [ET     3 ] [L0 16 18] [L1 18c 20]
POC   19 LId:  0 TId: 4 ( STSA, B-SLICE, QP 38 )        328 bits [Y 34.3358 dB    U 41.8557 dB    V 42.6313 dB] [ET     3 ] [L0 18c 16] [L1 20 24]
POC   22 LId:  0 TId: 3 ( STSA, B-SLICE, QP 36 )       1728 bits [Y 34.3126 dB    U 41.8549 dB    V 42.6016 dB] [ET     5 ] [L0 20c 16] [L1 24 32]
POC   21 LId:  0 TId: 4 ( STSA, B-SLICE, QP 38 )        392 bits [Y 34.2824 dB    U 41.8925 dB    V 42.6262 dB] [ET     3 ] [L0 20 16] [L1 22c 24]
POC   23 LId:  0 TId: 4 ( STSA, B-SLICE, QP 38 )        392 bits [Y 34.7262 dB    U 41.8478 dB    V 42.6138 dB] [ET     3 ] [L0 22c 20] [L1 24 32]
POC   28 LId:  0 TId: 2 ( STSA, B-SLICE, QP 35 )       3920 bits [Y 34.3475 dB    U 41.8160 dB    V 42.5616 dB] [ET     8 ] [L0 24c 16] [L1 32 24]
POC   26 LId:  0 TId: 3 ( STSA, B-SLICE, QP 36 )       1480 bits [Y 34.4573 dB    U 41.7998 dB    V 42.5192 dB] [ET     6 ] [L0 24 16] [L1 28c 32]
POC   25 LId:  0 TId: 4 ( STSA, B-SLICE, QP 38 )        352 bits [Y 34.8558 dB    U 41.8362 dB    V 42.5919 dB] [ET     3 ] [L0 24 16] [L1 26c 28]
POC   27 LId:  0 TId: 4 ( STSA, B-SLICE, QP 38 )        360 bits [Y 34.2376 dB    U 41.8171 dB    V 42.5300 dB] [ET     3 ] [L0 26c 24] [L1 28 32]
POC   30 LId:  0 TId: 3 ( STSA, B-SLICE, QP 36 )       1384 bits [Y 34.2839 dB    U 41.8094 dB    V 42.5125 dB] [ET     5 ] [L0 28c 24] [L1 32 28]
POC   29 LId:  0 TId: 4 ( STSA, B-SLICE, QP 38 )        256 bits [Y 34.1573 dB    U 41.7927 dB    V 42.5225 dB] [ET     2 ] [L0 28 24] [L1 30c 32]
POC   31 LId:  0 TId: 4 ( STSA, B-SLICE, QP 38 )        344 bits [Y 34.8892 dB    U 41.7417 dB    V 42.5024 dB] [ET     2 ] [L0 30c 28] [L1 32 30]
POC   48 LId:  0 TId: 0 ( CRA, I-SLICE, QP 26 )     146976 bits [Y 38.4453 dB    U 42.2733 dB    V 43.1187 dB] [ET    20 ] [L0] [L1]
POC   40 LId:  0 TId: 1 ( RASL, B-SLICE, QP 31 )      12864 bits [Y 35.9969 dB    U 42.5314 dB    V 43.5960 dB] [ET    13 ] [L0 32c 24] [L1 48 32]
POC   36 LId:  0 TId: 2 ( RASL, B-SLICE, QP 35 )       4120 bits [Y 34.7906 dB    U 42.3609 dB    V 43.2418 dB] [ET     9 ] [L0 32 24] [L1 40c 48]
POC   34 LId:  0 TId: 3 ( RASL, B-SLICE, QP 36 )       1872 bits [Y 34.6061 dB    U 42.2637 dB    V 43.0264 dB] [ET     5 ] [L0 32 24] [L1 36c 40]
POC   33 LId:  0 TId: 4 ( RASL, B-SLICE, QP 38 )        344 bits [Y 35.0554 dB    U 42.0712 dB    V 42.8326 dB] [ET     3 ] [L0 32 34] [L1 34c 36]
POC   35 LId:  0 TId: 4 ( RASL, B-SLICE, QP 38 )        368 bits [Y 34.6588 dB    U 42.3874 dB    V 43.1742 dB] [ET     3 ] [L0 34c 32] [L1 36 40]
POC   38 LId:  0 TId: 3 ( RASL, B-SLICE, QP 36 )       1496 bits [Y 34.6838 dB    U 42.5113 dB    V 43.4971 dB] [ET     4 ] [L0 36c 32] [L1 40 48]
POC   37 LId:  0 TId: 4 ( RASL, B-SLICE, QP 38 )        440 bits [Y 34.5999 dB    U 42.4464 dB    V 43.3910 dB] [ET     2 ] [L0 36 32] [L1 38c 40]
POC   39 LId:  0 TId: 4 ( RASL, B-SLICE, QP 38 )        384 bits [Y 35.1282 dB    U 42.5652 dB    V 43.6015 dB] [ET     3 ] [L0 38c 36] [L1 40 48]
POC   44 LId:  0 TId: 2 ( RASL, B-SLICE, QP 35 )       3536 bits [Y 34.9888 dB    U 42.5171 dB    V 43.5169 dB] [ET     8 ] [L0 40c 32] [L1 48 40]
POC   42 LId:  0 TId: 3 ( RASL, B-SLICE, QP 36 )       1616 bits [Y 34.6959 dB    U 42.5566 dB    V 43.6892 dB] [ET     6 ] [L0 40 32] [L1 44c 48]
POC   41 LId:  0 TId: 4 ( RASL, B-SLICE, QP 38 )        336 bits [Y 35.3546 dB    U 42.5793 dB    V 43.7368 dB] [ET     3 ] [L0 40 32] [L1 42c 44]
POC   43 LId:  0 TId: 4 ( RASL, B-SLICE, QP 38 )        384 bits [Y 34.7866 dB    U 42.5850 dB    V 43.5949 dB] [ET     3 ] [L0 42c 40] [L1 44 48]
POC   46 LId:  0 TId: 3 ( RASL, B-SLICE, QP 36 )       1272 bits [Y 34.7600 dB    U 42.3821 dB    V 43.2747 dB] [ET     5 ] [L0 44c 40] [L1 48 44]
POC   45 LId:  0 TId: 4 ( RASL, B-SLICE, QP 38 )        376 bits [Y 34.8631 dB    U 42.4371 dB    V 43.3677 dB] [ET     3 ] [L0 44 40] [L1 46c 48]
POC   47 LId:  0 TId: 4 ( RASL, B-SLICE, QP 38 )        216 bits [Y 35.6816 dB    U 42.3081 dB    V 43.2232 dB] [ET     3 ] [L0 46c 44] [L1 48 46]
POC   64 LId:  0 TId: 0 ( TRAIL, B-SLICE, QP 30 )      32312 bits [Y 35.7849 dB    U 41.5258 dB    V 42.4975 dB] [ET    24 ] [L0 48] [L1 48c]
POC   56 LId:  0 TId: 1 ( STSA, B-SLICE, QP 31 )      14872 bits [Y 35.5296 dB    U 41.9036 dB    V 42.7809 dB] [ET    19 ] [L0 48 64] [L1 64c 48]
POC   52 LId:  0 TId: 2 ( STSA, B-SLICE, QP 35 )       3880 bits [Y 34.8051 dB    U 41.9921 dB    V 42.9478 dB] [ET     7 ] [L0 48 56] [L1 56c 64]
POC   50 LId:  0 TId: 3 ( STSA, B-SLICE, QP 36 )       1304 bits [Y 34.6766 dB    U 42.0693 dB    V 42.9649 dB] [ET     4 ] [L0 48 52] [L1 52c 56]
POC   49 LId:  0 TId: 4 ( STSA, B-SLICE, QP 38 )        248 bits [Y 35.6442 dB    U 42.1559 dB    V 43.0784 dB] [ET     2 ] [L0 48 50] [L1 50c 52]
POC   51 LId:  0 TId: 4 ( STSA, B-SLICE, QP 38 )        288 bits [Y 34.3675 dB    U 41.9875 dB    V 42.9391 dB] [ET     2 ] [L0 50c 48] [L1 52 56]
POC   54 LId:  0 TId: 3 ( STSA, B-SLICE, QP 36 )       1840 bits [Y 34.3674 dB    U 41.9031 dB    V 42.7921 dB] [ET     7 ] [L0 52c 48] [L1 56 64]
POC   53 LId:  0 TId: 4 ( STSA, B-SLICE, QP 38 )        272 bits [Y 34.4411 dB    U 41.9447 dB    V 42.8257 dB] [ET     2 ] [L0 52 48] [L1 54c 56]
POC   55 LId:  0 TId: 4 ( STSA, B-SLICE, QP 38 )        344 bits [Y 34.8451 dB    U 41.9304 dB    V 42.7876 dB] [ET     2 ] [L0 54c 52] [L1 56 64]
POC   60 LId:  0 TId: 2 ( STSA, B-SLICE, QP 35 )       4104 bits [Y 34.4093 dB    U 41.6233 dB    V 42.5987 dB] [ET     8 ] [L0 56c 48] [L1 64 56]
POC   58 LId:  0 TId: 3 ( STSA, B-SLICE, QP 36 )       1944 bits [Y 34.3251 dB    U 41.7093 dB    V 42.7192 dB] [ET     5 ] [L0 56 48] [L1 60c 64]
POC   57 LId:  0 TId: 4 ( STSA, B-SLICE, QP 38 )        408 bits [Y 34.7406 dB    U 41.7763 dB    V 42.7058 dB] [ET     2 ] [L0 56 48] [L1 58c 60]
POC   59 LId:  0 TId: 4 ( STSA, B-SLICE, QP 38 )        272 bits [Y 34.1037 dB    U 41.6357 dB    V 42.6156 dB] [ET     3 ] [L0 58c 56] [L1 60 64]
POC   62 LId:  0 TId: 3 ( STSA, B-SLICE, QP 36 )       1832 bits [Y 34.0722 dB    U 41.6149 dB    V 42.5483 dB] [ET     5 ] [L0 60c 56] [L1 64 60]
POC   61 LId:  0 TId: 4 ( STSA, B-SLICE, QP 38 )        408 bits [Y 34.1747 dB    U 41.5788 dB    V 42.5882 dB] [ET     2 ] [L0 60 56] [L1 62c 64]
POC   63 LId:  0 TId: 4 ( STSA, B-SLICE, QP 38 )        304 bits [Y 34.6524 dB    U 41.5539 dB    V 42.5474 dB] [ET     3 ] [L0 62c 60] [L1 64 62]

LayerId  0
	Total Frames |   Bitrate     Y-PSNR    U-PSNR    V-PSNR    YUV-PSNR   
	       65    a     466.6708   34.9133   42.0598   42.9193   36.2492

 finished @ Mon Jan 13 22:44:06 2025
 Total Time:      424.589 sec. [user]      424.589 sec. [elapsed]
