
VVCSoftware: VTM Encoder Version 10.0 [Windows][VS 1916][64 bit] [SIMD=AVX2] 

TOOL CFG: IBD:1 HAD:1 RDQ:1 RDQTS:1 RDpenalty:0 LQP:0 SQP:0 ASR:1 MinSearchWindow:96 RestrictMESampling:0 FEN:1 ECU:0 FDM:1 CFM:0 ESD:0 TransformSkip:1 TransformSkipFast:1 TransformSkipLog2MaxSize:5 ChromaTS:1 BDPCM:0 Tiles: 1x1 Slices: 1 MCTS:0 SAO:1 ALF:1 CCALF:1 WPP:0 WPB:0 PME:2  WaveFrontSynchro:0 WaveFrontSubstreams:1 ScalingList:0 TMVPMode:1  DQ:1  SignBitHidingFlag:0 RecalQP:0 
TOOL CFG: LFNST:1 MMVD:1 Affine:1 AffineType:1 PROF:1 SbTMVP:1 DualITree:1 IMV:1 BIO:1 LMChroma:1 HorCollocatedChroma:1 VerCollocatedChroma:0 MTS: 1(intra) 0(inter) SBT:1 ISP:1 SMVD:1 CompositeLTReference:0 Bcw:1 BcwFast:1 LADF:0 CIIP:1 Geo:1 AllowDisFracMMVD:1 AffineAmvr:1 AffineAmvrEncOpt:1 DMVR:1 MmvdDisNum:6 JointCbCr:1 ACT:0 PLT:0 IBC:0 HashME:0 WrapAround:0 VirtualBoundariesEnabledFlag:0 VirtualBoundariesPresentInSPSFlag:1 vertical virtual boundaries:[ ] horizontal virtual boundaries:[ ] Reshape:1 (Signal:SDR Opt:0 CSoffset:6) MRL:1 MIP:1 EncDbOpt:0 
FAST TOOL CFG: LCTUFast:1 FastMrg:1 PBIntraFast:1 IMV4PelFast:1 MTSMaxCand: 4(intra) 4(inter) ISPFast:0 FastLFNST:0 AMaxBT:1 E0023FastEnc:1 ContentBasedFastQtbt:0 UseNonLinearAlfLuma:1 UseNonLinearAlfChroma:1 MaxNumAlfAlternativesChroma:8 FastMIP:0 FastLocalDualTree:1 NumSplitThreads:1 NumWppThreads:1+0 EnsureWppBitEqual:0 RPR:0 TemporalFilter:0 


 started @ Mon Jan 13 23:22:53 2025
POC    0 LId:  0 TId: 0 ( IDR_N_LP, I-SLICE, QP 21 )     209232 bits [Y 42.8619 dB    U 44.7966 dB    V 45.5586 dB] [ET    25 ] [L0] [L1]
POC   16 LId:  0 TId: 0 ( TRAIL, B-SLICE, QP 25 )      63312 bits [Y 39.7460 dB    U 43.7519 dB    V 44.6754 dB] [ET    78 ] [L0 0] [L1 0c]
POC    8 LId:  0 TId: 1 ( STSA, B-SLICE, QP 25 )      39640 bits [Y 39.7366 dB    U 44.0516 dB    V 45.0169 dB] [ET    91 ] [L0 0 16] [L1 16c 0]
POC    4 LId:  0 TId: 2 ( STSA, B-SLICE, QP 29 )      14896 bits [Y 37.9467 dB    U 44.1562 dB    V 45.0728 dB] [ET    55 ] [L0 0 8] [L1 8c 16]
POC    2 LId:  0 TId: 3 ( STSA, B-SLICE, QP 30 )       5120 bits [Y 37.9079 dB    U 44.2275 dB    V 45.2018 dB] [ET    32 ] [L0 0 4] [L1 4c 8]
POC    1 LId:  0 TId: 4 ( STSA, B-SLICE, QP 32 )        944 bits [Y 38.6232 dB    U 44.3828 dB    V 45.3861 dB] [ET    11 ] [L0 0 2] [L1 2c 4]
POC    3 LId:  0 TId: 4 ( STSA, B-SLICE, QP 32 )        784 bits [Y 37.6030 dB    U 44.2154 dB    V 45.0765 dB] [ET    10 ] [L0 2c 0] [L1 4 8]
POC    6 LId:  0 TId: 3 ( STSA, B-SLICE, QP 30 )       5152 bits [Y 37.7247 dB    U 44.0518 dB    V 44.9668 dB] [ET    32 ] [L0 4c 0] [L1 8 16]
POC    5 LId:  0 TId: 4 ( STSA, B-SLICE, QP 32 )        848 bits [Y 37.7036 dB    U 44.0868 dB    V 44.9404 dB] [ET    13 ] [L0 4 0] [L1 6c 8]
POC    7 LId:  0 TId: 4 ( STSA, B-SLICE, QP 32 )       1048 bits [Y 38.2362 dB    U 44.0337 dB    V 45.0049 dB] [ET    13 ] [L0 6c 4] [L1 8 16]
POC   12 LId:  0 TId: 2 ( STSA, B-SLICE, QP 29 )      15632 bits [Y 37.7410 dB    U 43.8642 dB    V 44.7781 dB] [ET    62 ] [L0 8 0] [L1 16c 8]
POC   10 LId:  0 TId: 3 ( STSA, B-SLICE, QP 30 )       5024 bits [Y 37.7152 dB    U 43.9533 dB    V 44.8891 dB] [ET    28 ] [L0 8 0] [L1 12c 16]
POC    9 LId:  0 TId: 4 ( STSA, B-SLICE, QP 32 )        816 bits [Y 38.1159 dB    U 43.9819 dB    V 44.9554 dB] [ET    12 ] [L0 8 0] [L1 10c 12]
POC   11 LId:  0 TId: 4 ( STSA, B-SLICE, QP 32 )       1088 bits [Y 37.4555 dB    U 43.9222 dB    V 44.8777 dB] [ET    12 ] [L0 10c 8] [L1 12 16]
POC   14 LId:  0 TId: 3 ( STSA, B-SLICE, QP 30 )       5928 bits [Y 37.5889 dB    U 43.7973 dB    V 44.7028 dB] [ET    31 ] [L0 12c 8] [L1 16 12]
POC   13 LId:  0 TId: 4 ( STSA, B-SLICE, QP 32 )        848 bits [Y 37.4026 dB    U 43.8633 dB    V 44.8197 dB] [ET    13 ] [L0 12 8] [L1 14c 16]
POC   15 LId:  0 TId: 4 ( STSA, B-SLICE, QP 32 )        880 bits [Y 38.0317 dB    U 43.7530 dB    V 44.6969 dB] [ET    13 ] [L0 14c 12] [L1 16 14]
POC   32 LId:  0 TId: 0 ( TRAIL, B-SLICE, QP 25 )      61656 bits [Y 39.6003 dB    U 43.6097 dB    V 44.6377 dB] [ET    86 ] [L0 16 0] [L1 16c 0]
POC   24 LId:  0 TId: 1 ( TRAIL, B-SLICE, QP 25 )      40944 bits [Y 39.5592 dB    U 43.7334 dB    V 44.8237 dB] [ET    79 ] [L0 16 8] [L1 32c 16]
POC   20 LId:  0 TId: 2 ( STSA, B-SLICE, QP 29 )      14248 bits [Y 37.7190 dB    U 43.7436 dB    V 44.7897 dB] [ET    43 ] [L0 16 8] [L1 24c 32]
POC   18 LId:  0 TId: 3 ( STSA, B-SLICE, QP 30 )       5208 bits [Y 37.6252 dB    U 43.7741 dB    V 44.8556 dB] [ET    34 ] [L0 16 8] [L1 20c 24]
POC   17 LId:  0 TId: 4 ( STSA, B-SLICE, QP 32 )        840 bits [Y 38.1252 dB    U 43.7874 dB    V 44.7801 dB] [ET    12 ] [L0 16 18] [L1 18c 20]
POC   19 LId:  0 TId: 4 ( STSA, B-SLICE, QP 32 )        968 bits [Y 37.4327 dB    U 43.7105 dB    V 44.8144 dB] [ET    14 ] [L0 18c 16] [L1 20 24]
POC   22 LId:  0 TId: 3 ( STSA, B-SLICE, QP 30 )       5304 bits [Y 37.6029 dB    U 43.7606 dB    V 44.7800 dB] [ET    32 ] [L0 20c 16] [L1 24 32]
POC   21 LId:  0 TId: 4 ( STSA, B-SLICE, QP 32 )       1056 bits [Y 37.5521 dB    U 43.8114 dB    V 44.8779 dB] [ET    14 ] [L0 20 16] [L1 22c 24]
POC   23 LId:  0 TId: 4 ( STSA, B-SLICE, QP 32 )        888 bits [Y 38.0676 dB    U 43.7673 dB    V 44.8820 dB] [ET    14 ] [L0 22c 20] [L1 24 32]
POC   28 LId:  0 TId: 2 ( STSA, B-SLICE, QP 29 )      13856 bits [Y 37.6515 dB    U 43.6426 dB    V 44.7322 dB] [ET    44 ] [L0 24 16] [L1 32c 24]
POC   26 LId:  0 TId: 3 ( STSA, B-SLICE, QP 30 )       5624 bits [Y 37.5485 dB    U 43.6654 dB    V 44.7329 dB] [ET    31 ] [L0 24 16] [L1 28c 32]
POC   25 LId:  0 TId: 4 ( STSA, B-SLICE, QP 32 )        744 bits [Y 37.9963 dB    U 43.7369 dB    V 44.8547 dB] [ET    11 ] [L0 24 16] [L1 26c 28]
POC   27 LId:  0 TId: 4 ( STSA, B-SLICE, QP 32 )        800 bits [Y 37.2092 dB    U 43.6843 dB    V 44.7737 dB] [ET    12 ] [L0 26c 24] [L1 28 32]
POC   30 LId:  0 TId: 3 ( STSA, B-SLICE, QP 30 )       6304 bits [Y 37.3776 dB    U 43.5946 dB    V 44.6653 dB] [ET    36 ] [L0 28c 24] [L1 32 28]
POC   29 LId:  0 TId: 4 ( STSA, B-SLICE, QP 32 )       1024 bits [Y 37.2452 dB    U 43.6054 dB    V 44.7452 dB] [ET    13 ] [L0 28 24] [L1 30c 32]
POC   31 LId:  0 TId: 4 ( STSA, B-SLICE, QP 32 )        888 bits [Y 37.9072 dB    U 43.5880 dB    V 44.6980 dB] [ET    12 ] [L0 30c 28] [L1 32 30]
POC   48 LId:  0 TId: 0 ( TRAIL, B-SLICE, QP 25 )      62904 bits [Y 39.6178 dB    U 43.3125 dB    V 44.4295 dB] [ET    92 ] [L0 32 16] [L1 32c 16]
POC   40 LId:  0 TId: 1 ( TRAIL, B-SLICE, QP 25 )      43168 bits [Y 39.6018 dB    U 43.4288 dB    V 44.5883 dB] [ET    84 ] [L0 32 24] [L1 48c 32]
POC   36 LId:  0 TId: 2 ( STSA, B-SLICE, QP 29 )      13400 bits [Y 37.7594 dB    U 43.4895 dB    V 44.5366 dB] [ET    62 ] [L0 32 24] [L1 40c 48]
POC   34 LId:  0 TId: 3 ( STSA, B-SLICE, QP 30 )       6752 bits [Y 37.3555 dB    U 43.5572 dB    V 44.5878 dB] [ET    38 ] [L0 32 24] [L1 36c 40]
POC   33 LId:  0 TId: 4 ( STSA, B-SLICE, QP 32 )        936 bits [Y 37.8927 dB    U 43.5620 dB    V 44.6927 dB] [ET    11 ] [L0 32 34] [L1 34c 36]
POC   35 LId:  0 TId: 4 ( STSA, B-SLICE, QP 32 )       1208 bits [Y 37.3982 dB    U 43.5116 dB    V 44.5309 dB] [ET    11 ] [L0 34c 32] [L1 36 40]
POC   38 LId:  0 TId: 3 ( STSA, B-SLICE, QP 30 )       7144 bits [Y 37.3873 dB    U 43.4687 dB    V 44.5201 dB] [ET    36 ] [L0 36c 32] [L1 40 48]
POC   37 LId:  0 TId: 4 ( STSA, B-SLICE, QP 32 )       1008 bits [Y 37.2230 dB    U 43.4167 dB    V 44.5407 dB] [ET    13 ] [L0 36 32] [L1 38c 40]
POC   39 LId:  0 TId: 4 ( STSA, B-SLICE, QP 32 )        832 bits [Y 37.7376 dB    U 43.4274 dB    V 44.6131 dB] [ET    13 ] [L0 38c 36] [L1 40 48]
POC   44 LId:  0 TId: 2 ( STSA, B-SLICE, QP 29 )      13072 bits [Y 37.6242 dB    U 43.3784 dB    V 44.5698 dB] [ET    52 ] [L0 40 32] [L1 48c 40]
POC   42 LId:  0 TId: 3 ( STSA, B-SLICE, QP 30 )       8480 bits [Y 37.2113 dB    U 43.4298 dB    V 44.6499 dB] [ET    48 ] [L0 40 32] [L1 44c 48]
POC   41 LId:  0 TId: 4 ( STSA, B-SLICE, QP 32 )        824 bits [Y 37.7727 dB    U 43.4556 dB    V 44.6947 dB] [ET    12 ] [L0 40 32] [L1 42c 44]
POC   43 LId:  0 TId: 4 ( STSA, B-SLICE, QP 32 )        904 bits [Y 37.0806 dB    U 43.3882 dB    V 44.5731 dB] [ET    13 ] [L0 42c 40] [L1 44 48]
POC   46 LId:  0 TId: 3 ( STSA, B-SLICE, QP 30 )       7464 bits [Y 37.0564 dB    U 43.2990 dB    V 44.4952 dB] [ET    41 ] [L0 44c 40] [L1 48 44]
POC   45 LId:  0 TId: 4 ( STSA, B-SLICE, QP 32 )       1192 bits [Y 37.1715 dB    U 43.3505 dB    V 44.5595 dB] [ET    15 ] [L0 44 40] [L1 46c 48]
POC   47 LId:  0 TId: 4 ( STSA, B-SLICE, QP 32 )        944 bits [Y 37.4704 dB    U 43.3201 dB    V 44.5486 dB] [ET    14 ] [L0 46c 44] [L1 48 46]
POC   64 LId:  0 TId: 0 ( CRA, I-SLICE, QP 21 )     217880 bits [Y 42.8162 dB    U 44.5481 dB    V 45.3776 dB] [ET    87 ] [L0] [L1]
POC   56 LId:  0 TId: 1 ( RASL, B-SLICE, QP 25 )      41112 bits [Y 39.8661 dB    U 44.3680 dB    V 45.2760 dB] [ET    79 ] [L0 48c 40] [L1 64 48]
POC   52 LId:  0 TId: 2 ( RASL, B-SLICE, QP 29 )      12200 bits [Y 37.9660 dB    U 43.9423 dB    V 45.0408 dB] [ET    49 ] [L0 48 40] [L1 56c 64]
POC   50 LId:  0 TId: 3 ( RASL, B-SLICE, QP 30 )       7424 bits [Y 37.3635 dB    U 43.8327 dB    V 45.0029 dB] [ET    46 ] [L0 48 40] [L1 52c 56]
POC   49 LId:  0 TId: 4 ( RASL, B-SLICE, QP 32 )        880 bits [Y 37.5997 dB    U 43.6691 dB    V 44.8409 dB] [ET    12 ] [L0 48 50] [L1 50c 52]
POC   51 LId:  0 TId: 4 ( RASL, B-SLICE, QP 32 )        920 bits [Y 37.2664 dB    U 43.9446 dB    V 45.0785 dB] [ET    14 ] [L0 50c 48] [L1 52 56]
POC   54 LId:  0 TId: 3 ( RASL, B-SLICE, QP 30 )       8448 bits [Y 37.6578 dB    U 44.1660 dB    V 45.2551 dB] [ET    47 ] [L0 52c 48] [L1 56 64]
POC   53 LId:  0 TId: 4 ( RASL, B-SLICE, QP 32 )        912 bits [Y 37.4347 dB    U 44.1134 dB    V 45.1614 dB] [ET    14 ] [L0 52 48] [L1 54c 56]
POC   55 LId:  0 TId: 4 ( RASL, B-SLICE, QP 32 )        936 bits [Y 37.9685 dB    U 44.2949 dB    V 45.3217 dB] [ET    13 ] [L0 54c 52] [L1 56 64]
POC   60 LId:  0 TId: 2 ( RASL, B-SLICE, QP 29 )      13280 bits [Y 38.1176 dB    U 44.2541 dB    V 45.1773 dB] [ET    52 ] [L0 56c 48] [L1 64 56]
POC   58 LId:  0 TId: 3 ( RASL, B-SLICE, QP 30 )       7416 bits [Y 37.5096 dB    U 44.2619 dB    V 45.3194 dB] [ET    39 ] [L0 56 48] [L1 60c 64]
POC   57 LId:  0 TId: 4 ( RASL, B-SLICE, QP 32 )       1088 bits [Y 37.8731 dB    U 44.2737 dB    V 45.2620 dB] [ET    14 ] [L0 56 48] [L1 58c 60]
POC   59 LId:  0 TId: 4 ( RASL, B-SLICE, QP 32 )       1192 bits [Y 37.3023 dB    U 44.2863 dB    V 45.2210 dB] [ET    15 ] [L0 58c 56] [L1 60 64]
POC   62 LId:  0 TId: 3 ( RASL, B-SLICE, QP 30 )       8232 bits [Y 37.3474 dB    U 44.3388 dB    V 45.2468 dB] [ET    43 ] [L0 60c 56] [L1 64 60]
POC   61 LId:  0 TId: 4 ( RASL, B-SLICE, QP 32 )       1040 bits [Y 37.3733 dB    U 44.2665 dB    V 45.3011 dB] [ET    11 ] [L0 60 56] [L1 62c 64]
POC   63 LId:  0 TId: 4 ( RASL, B-SLICE, QP 32 )        816 bits [Y 38.0157 dB    U 44.2725 dB    V 45.2604 dB] [ET     4 ] [L0 62c 60] [L1 64 62]

LayerId  0
	Total Frames |   Bitrate     Y-PSNR    U-PSNR    V-PSNR    YUV-PSNR   
	       65    a     946.6634   38.0184   43.8420   44.8821   39.1966

 finished @ Mon Jan 13 23:58:37 2025
 Total Time:     2143.543 sec. [user]     2143.543 sec. [elapsed]
