
VVCSoftware: VTM Encoder Version 10.0 [Windows][VS 1916][64 bit] [SIMD=AVX2] 

TOOL CFG: IBD:1 HAD:1 RDQ:1 RDQTS:1 RDpenalty:0 LQP:0 SQP:0 ASR:1 MinSearchWindow:96 RestrictMESampling:0 FEN:1 ECU:0 FDM:1 CFM:0 ESD:0 TransformSkip:1 TransformSkipFast:1 TransformSkipLog2MaxSize:5 ChromaTS:1 BDPCM:0 Tiles: 1x1 Slices: 1 MCTS:0 SAO:1 ALF:1 CCALF:1 WPP:0 WPB:0 PME:2  WaveFrontSynchro:0 WaveFrontSubstreams:1 ScalingList:0 TMVPMode:1  DQ:1  SignBitHidingFlag:0 RecalQP:0 
TOOL CFG: LFNST:1 MMVD:1 Affine:1 AffineType:1 PROF:1 SbTMVP:1 DualITree:1 IMV:1 BIO:1 LMChroma:1 HorCollocatedChroma:1 VerCollocatedChroma:0 MTS: 1(intra) 0(inter) SBT:1 ISP:1 SMVD:1 CompositeLTReference:0 Bcw:1 BcwFast:1 LADF:0 CIIP:1 Geo:1 AllowDisFracMMVD:1 AffineAmvr:1 AffineAmvrEncOpt:1 DMVR:1 MmvdDisNum:6 JointCbCr:1 ACT:0 PLT:0 IBC:0 HashME:0 WrapAround:0 VirtualBoundariesEnabledFlag:0 VirtualBoundariesPresentInSPSFlag:1 vertical virtual boundaries:[ ] horizontal virtual boundaries:[ ] Reshape:1 (Signal:SDR Opt:0 CSoffset:6) MRL:1 MIP:1 EncDbOpt:0 
FAST TOOL CFG: LCTUFast:1 FastMrg:1 PBIntraFast:1 IMV4PelFast:1 MTSMaxCand: 4(intra) 4(inter) ISPFast:0 FastLFNST:0 AMaxBT:1 E0023FastEnc:1 ContentBasedFastQtbt:0 UseNonLinearAlfLuma:1 UseNonLinearAlfChroma:1 MaxNumAlfAlternativesChroma:8 FastMIP:0 FastLocalDualTree:1 NumSplitThreads:1 NumWppThreads:1+0 EnsureWppBitEqual:0 RPR:0 TemporalFilter:0 


 started @ Mon Jan 13 22:59:12 2025
POC    0 LId:  0 TId: 0 ( IDR_N_LP, I-SLICE, QP 23 )     179976 bits [Y 41.1517 dB    U 43.8436 dB    V 44.5289 dB] [ET    23 ] [L0] [L1]
POC   16 LId:  0 TId: 0 ( TRAIL, B-SLICE, QP 27 )      47600 bits [Y 38.1650 dB    U 42.9664 dB    V 43.7873 dB] [ET    30 ] [L0 0] [L1 0c]
POC    8 LId:  0 TId: 1 ( STSA, B-SLICE, QP 28 )      22840 bits [Y 37.7874 dB    U 43.0996 dB    V 44.0454 dB] [ET    24 ] [L0 0 16] [L1 16c 0]
POC    4 LId:  0 TId: 2 ( STSA, B-SLICE, QP 31 )       9800 bits [Y 36.6538 dB    U 43.3555 dB    V 44.1939 dB] [ET    14 ] [L0 0 8] [L1 8c 16]
POC    2 LId:  0 TId: 3 ( STSA, B-SLICE, QP 32 )       2600 bits [Y 36.7934 dB    U 43.4544 dB    V 44.3109 dB] [ET     6 ] [L0 0 4] [L1 4c 8]
POC    1 LId:  0 TId: 4 ( STSA, B-SLICE, QP 34 )        576 bits [Y 37.9670 dB    U 43.5239 dB    V 44.4237 dB] [ET     2 ] [L0 0 2] [L1 2c 4]
POC    3 LId:  0 TId: 4 ( STSA, B-SLICE, QP 34 )        632 bits [Y 36.5567 dB    U 43.4083 dB    V 44.2219 dB] [ET     3 ] [L0 2c 0] [L1 4 8]
POC    6 LId:  0 TId: 3 ( STSA, B-SLICE, QP 32 )       3064 bits [Y 36.4211 dB    U 43.2594 dB    V 44.0794 dB] [ET     6 ] [L0 4c 0] [L1 8 16]
POC    5 LId:  0 TId: 4 ( STSA, B-SLICE, QP 34 )        632 bits [Y 36.4474 dB    U 43.2429 dB    V 44.0454 dB] [ET     3 ] [L0 4 0] [L1 6c 8]
POC    7 LId:  0 TId: 4 ( STSA, B-SLICE, QP 34 )        720 bits [Y 36.8260 dB    U 43.1238 dB    V 44.0164 dB] [ET     3 ] [L0 6c 4] [L1 8 16]
POC   12 LId:  0 TId: 2 ( STSA, B-SLICE, QP 31 )      10760 bits [Y 36.4863 dB    U 43.0400 dB    V 43.8316 dB] [ET    17 ] [L0 8c 0] [L1 16 8]
POC   10 LId:  0 TId: 3 ( STSA, B-SLICE, QP 32 )       3144 bits [Y 36.5095 dB    U 43.0488 dB    V 43.8972 dB] [ET     6 ] [L0 8 0] [L1 12c 16]
POC    9 LId:  0 TId: 4 ( STSA, B-SLICE, QP 34 )        656 bits [Y 36.8387 dB    U 43.0844 dB    V 43.9568 dB] [ET     3 ] [L0 8 0] [L1 10c 12]
POC   11 LId:  0 TId: 4 ( STSA, B-SLICE, QP 34 )        632 bits [Y 36.3280 dB    U 43.0557 dB    V 43.8915 dB] [ET     4 ] [L0 10c 8] [L1 12 16]
POC   14 LId:  0 TId: 3 ( STSA, B-SLICE, QP 32 )       3648 bits [Y 36.2878 dB    U 42.9835 dB    V 43.7918 dB] [ET     8 ] [L0 12c 8] [L1 16 12]
POC   13 LId:  0 TId: 4 ( STSA, B-SLICE, QP 34 )        664 bits [Y 36.2984 dB    U 43.0487 dB    V 43.8558 dB] [ET     3 ] [L0 12 8] [L1 14c 16]
POC   15 LId:  0 TId: 4 ( STSA, B-SLICE, QP 34 )        712 bits [Y 36.8052 dB    U 42.9336 dB    V 43.8002 dB] [ET     3 ] [L0 14c 12] [L1 16 14]
POC   32 LId:  0 TId: 0 ( CRA, I-SLICE, QP 23 )     185648 bits [Y 41.1312 dB    U 43.5005 dB    V 44.5976 dB] [ET    24 ] [L0] [L1]
POC   24 LId:  0 TId: 1 ( RASL, B-SLICE, QP 28 )      21480 bits [Y 38.0509 dB    U 43.6586 dB    V 44.7325 dB] [ET    17 ] [L0 16c 8] [L1 32 16]
POC   20 LId:  0 TId: 2 ( RASL, B-SLICE, QP 31 )      10240 bits [Y 36.8734 dB    U 43.4778 dB    V 44.4839 dB] [ET    13 ] [L0 16 8] [L1 24c 32]
POC   18 LId:  0 TId: 3 ( RASL, B-SLICE, QP 32 )       3056 bits [Y 36.7330 dB    U 43.4938 dB    V 44.4079 dB] [ET     6 ] [L0 16 8] [L1 20c 24]
POC   17 LId:  0 TId: 4 ( RASL, B-SLICE, QP 34 )        568 bits [Y 37.1501 dB    U 43.2536 dB    V 44.1222 dB] [ET     3 ] [L0 16 18] [L1 18c 20]
POC   19 LId:  0 TId: 4 ( RASL, B-SLICE, QP 34 )        568 bits [Y 36.5884 dB    U 43.5214 dB    V 44.4850 dB] [ET     3 ] [L0 18c 16] [L1 20 24]
POC   22 LId:  0 TId: 3 ( RASL, B-SLICE, QP 32 )       3568 bits [Y 36.8312 dB    U 43.6870 dB    V 44.6649 dB] [ET     8 ] [L0 20c 16] [L1 24 32]
POC   21 LId:  0 TId: 4 ( RASL, B-SLICE, QP 34 )        736 bits [Y 36.8055 dB    U 43.6340 dB    V 44.6544 dB] [ET     3 ] [L0 20 16] [L1 22c 24]
POC   23 LId:  0 TId: 4 ( RASL, B-SLICE, QP 34 )        656 bits [Y 37.2182 dB    U 43.7042 dB    V 44.7347 dB] [ET     3 ] [L0 22c 20] [L1 24 32]
POC   28 LId:  0 TId: 2 ( RASL, B-SLICE, QP 31 )       8608 bits [Y 36.9542 dB    U 43.5950 dB    V 44.6292 dB] [ET    12 ] [L0 24c 16] [L1 32 24]
POC   26 LId:  0 TId: 3 ( RASL, B-SLICE, QP 32 )       3512 bits [Y 36.8731 dB    U 43.6756 dB    V 44.6722 dB] [ET     8 ] [L0 24 16] [L1 28c 32]
POC   25 LId:  0 TId: 4 ( RASL, B-SLICE, QP 34 )        576 bits [Y 37.2440 dB    U 43.7724 dB    V 44.8138 dB] [ET     3 ] [L0 24 16] [L1 26c 28]
POC   27 LId:  0 TId: 4 ( RASL, B-SLICE, QP 34 )        568 bits [Y 36.6665 dB    U 43.6904 dB    V 44.7610 dB] [ET     3 ] [L0 26c 24] [L1 28 32]
POC   30 LId:  0 TId: 3 ( RASL, B-SLICE, QP 32 )       3448 bits [Y 36.7578 dB    U 43.5481 dB    V 44.6205 dB] [ET     6 ] [L0 28c 24] [L1 32 28]
POC   29 LId:  0 TId: 4 ( RASL, B-SLICE, QP 34 )        768 bits [Y 36.6168 dB    U 43.5475 dB    V 44.7291 dB] [ET     3 ] [L0 28 24] [L1 30c 32]
POC   31 LId:  0 TId: 4 ( RASL, B-SLICE, QP 34 )        664 bits [Y 37.8514 dB    U 43.4109 dB    V 44.6075 dB] [ET     3 ] [L0 30c 28] [L1 32 30]
POC   48 LId:  0 TId: 0 ( TRAIL, B-SLICE, QP 27 )      49048 bits [Y 38.1283 dB    U 42.6818 dB    V 43.9559 dB] [ET    31 ] [L0 32] [L1 32c]
POC   40 LId:  0 TId: 1 ( STSA, B-SLICE, QP 28 )      22720 bits [Y 37.6678 dB    U 43.0564 dB    V 44.0766 dB] [ET    23 ] [L0 32 48] [L1 48c 32]
POC   36 LId:  0 TId: 2 ( STSA, B-SLICE, QP 31 )       8824 bits [Y 36.6996 dB    U 43.1409 dB    V 44.1505 dB] [ET    12 ] [L0 32 40] [L1 40c 48]
POC   34 LId:  0 TId: 3 ( STSA, B-SLICE, QP 32 )       4104 bits [Y 36.5119 dB    U 43.2150 dB    V 44.3246 dB] [ET     8 ] [L0 32 36] [L1 36c 40]
POC   33 LId:  0 TId: 4 ( STSA, B-SLICE, QP 34 )        664 bits [Y 37.5734 dB    U 43.2653 dB    V 44.4476 dB] [ET     2 ] [L0 32 34] [L1 34c 36]
POC   35 LId:  0 TId: 4 ( STSA, B-SLICE, QP 34 )        776 bits [Y 36.3227 dB    U 43.1578 dB    V 44.1846 dB] [ET     3 ] [L0 34c 32] [L1 36 40]
POC   38 LId:  0 TId: 3 ( STSA, B-SLICE, QP 32 )       3840 bits [Y 36.1722 dB    U 43.0406 dB    V 44.0794 dB] [ET     8 ] [L0 36c 32] [L1 40 48]
POC   37 LId:  0 TId: 4 ( STSA, B-SLICE, QP 34 )        712 bits [Y 36.2725 dB    U 43.0511 dB    V 44.1168 dB] [ET     3 ] [L0 36 32] [L1 38c 40]
POC   39 LId:  0 TId: 4 ( STSA, B-SLICE, QP 34 )        520 bits [Y 36.5210 dB    U 43.0375 dB    V 44.1124 dB] [ET     3 ] [L0 38c 36] [L1 40 48]
POC   44 LId:  0 TId: 2 ( STSA, B-SLICE, QP 31 )       9512 bits [Y 36.5508 dB    U 42.8626 dB    V 44.0126 dB] [ET    16 ] [L0 40c 32] [L1 48 40]
POC   42 LId:  0 TId: 3 ( STSA, B-SLICE, QP 32 )       5104 bits [Y 36.2000 dB    U 42.9481 dB    V 44.0816 dB] [ET    12 ] [L0 40 32] [L1 44c 48]
POC   41 LId:  0 TId: 4 ( STSA, B-SLICE, QP 34 )        440 bits [Y 36.6954 dB    U 42.9923 dB    V 44.0834 dB] [ET     3 ] [L0 40 32] [L1 42c 44]
POC   43 LId:  0 TId: 4 ( STSA, B-SLICE, QP 34 )        608 bits [Y 36.0062 dB    U 42.9069 dB    V 43.9532 dB] [ET     3 ] [L0 42c 40] [L1 44 48]
POC   46 LId:  0 TId: 3 ( STSA, B-SLICE, QP 32 )       4360 bits [Y 36.0273 dB    U 42.7247 dB    V 43.9225 dB] [ET    11 ] [L0 44c 40] [L1 48 44]
POC   45 LId:  0 TId: 4 ( STSA, B-SLICE, QP 34 )        744 bits [Y 36.1463 dB    U 42.7515 dB    V 43.9113 dB] [ET     3 ] [L0 44 40] [L1 46c 48]
POC   47 LId:  0 TId: 4 ( STSA, B-SLICE, QP 34 )        680 bits [Y 36.5436 dB    U 42.7320 dB    V 43.9635 dB] [ET     3 ] [L0 46c 44] [L1 48 46]
POC   64 LId:  0 TId: 0 ( CRA, I-SLICE, QP 23 )     188384 bits [Y 41.0959 dB    U 43.4855 dB    V 44.5588 dB] [ET    23 ] [L0] [L1]
POC   56 LId:  0 TId: 1 ( RASL, B-SLICE, QP 28 )      24520 bits [Y 37.9985 dB    U 43.5885 dB    V 44.7212 dB] [ET    18 ] [L0 48c 40] [L1 64 48]
POC   52 LId:  0 TId: 2 ( RASL, B-SLICE, QP 31 )       8456 bits [Y 36.8323 dB    U 43.3059 dB    V 44.5306 dB] [ET    13 ] [L0 48 40] [L1 56c 64]
POC   50 LId:  0 TId: 3 ( RASL, B-SLICE, QP 32 )       3832 bits [Y 36.2726 dB    U 43.1574 dB    V 44.4646 dB] [ET     9 ] [L0 48 40] [L1 52c 56]
POC   49 LId:  0 TId: 4 ( RASL, B-SLICE, QP 34 )        480 bits [Y 36.6165 dB    U 43.0407 dB    V 44.3073 dB] [ET     3 ] [L0 48 50] [L1 50c 52]
POC   51 LId:  0 TId: 4 ( RASL, B-SLICE, QP 34 )        496 bits [Y 36.2112 dB    U 43.3117 dB    V 44.5370 dB] [ET     3 ] [L0 50c 48] [L1 52 56]
POC   54 LId:  0 TId: 3 ( RASL, B-SLICE, QP 32 )       4984 bits [Y 36.5216 dB    U 43.3952 dB    V 44.7161 dB] [ET    12 ] [L0 52c 48] [L1 56 64]
POC   53 LId:  0 TId: 4 ( RASL, B-SLICE, QP 34 )        592 bits [Y 36.4819 dB    U 43.3980 dB    V 44.6781 dB] [ET     3 ] [L0 52 48] [L1 54c 56]
POC   55 LId:  0 TId: 4 ( RASL, B-SLICE, QP 34 )        632 bits [Y 36.8558 dB    U 43.6021 dB    V 44.7766 dB] [ET     3 ] [L0 54c 52] [L1 56 64]
POC   60 LId:  0 TId: 2 ( RASL, B-SLICE, QP 31 )       9272 bits [Y 37.0202 dB    U 43.4232 dB    V 44.5974 dB] [ET    14 ] [L0 56c 48] [L1 64 56]
POC   58 LId:  0 TId: 3 ( RASL, B-SLICE, QP 32 )       4496 bits [Y 36.4954 dB    U 43.3847 dB    V 44.6184 dB] [ET     9 ] [L0 56 48] [L1 60c 64]
POC   57 LId:  0 TId: 4 ( RASL, B-SLICE, QP 34 )        736 bits [Y 36.8165 dB    U 43.5273 dB    V 44.6684 dB] [ET     3 ] [L0 56 48] [L1 58c 60]
POC   59 LId:  0 TId: 4 ( RASL, B-SLICE, QP 34 )        792 bits [Y 36.3369 dB    U 43.4069 dB    V 44.5907 dB] [ET     4 ] [L0 58c 56] [L1 60 64]
POC   62 LId:  0 TId: 3 ( RASL, B-SLICE, QP 32 )       5072 bits [Y 36.3645 dB    U 43.4570 dB    V 44.5612 dB] [ET    10 ] [L0 60c 56] [L1 64 60]
POC   61 LId:  0 TId: 4 ( RASL, B-SLICE, QP 34 )        736 bits [Y 36.4372 dB    U 43.4252 dB    V 44.6005 dB] [ET     4 ] [L0 60 56] [L1 62c 64]
POC   63 LId:  0 TId: 4 ( RASL, B-SLICE, QP 34 )        600 bits [Y 37.1741 dB    U 43.3615 dB    V 44.5195 dB] [ET     3 ] [L0 62c 60] [L1 64 62]

LayerId  0
	Total Frames |   Bitrate     Y-PSNR    U-PSNR    V-PSNR    YUV-PSNR   
	       65    a     830.8209   36.9883   43.2843   44.3264   38.2217

 finished @ Mon Jan 13 23:09:01 2025
 Total Time:      588.126 sec. [user]      588.125 sec. [elapsed]
