
VVCSoftware: VTM Encoder Version 10.0 [Windows][VS 1916][64 bit] [SIMD=AVX2] 

TOOL CFG: IBD:1 HAD:1 RDQ:1 RDQTS:1 RDpenalty:0 LQP:0 SQP:0 ASR:1 MinSearchWindow:96 RestrictMESampling:0 FEN:1 ECU:0 FDM:1 CFM:0 ESD:0 TransformSkip:1 TransformSkipFast:1 TransformSkipLog2MaxSize:5 ChromaTS:1 BDPCM:0 Tiles: 1x1 Slices: 1 MCTS:0 SAO:1 ALF:1 CCALF:1 WPP:0 WPB:0 PME:2  WaveFrontSynchro:0 WaveFrontSubstreams:1 ScalingList:0 TMVPMode:1  DQ:1  SignBitHidingFlag:0 RecalQP:0 
TOOL CFG: LFNST:1 MMVD:1 Affine:1 AffineType:1 PROF:1 SbTMVP:1 DualITree:1 IMV:1 BIO:1 LMChroma:1 HorCollocatedChroma:1 VerCollocatedChroma:0 MTS: 1(intra) 0(inter) SBT:1 ISP:1 SMVD:1 CompositeLTReference:0 Bcw:1 BcwFast:1 LADF:0 CIIP:1 Geo:1 AllowDisFracMMVD:1 AffineAmvr:1 AffineAmvrEncOpt:1 DMVR:1 MmvdDisNum:6 JointCbCr:1 ACT:0 PLT:0 IBC:0 HashME:0 WrapAround:0 VirtualBoundariesEnabledFlag:0 VirtualBoundariesPresentInSPSFlag:1 vertical virtual boundaries:[ ] horizontal virtual boundaries:[ ] Reshape:1 (Signal:SDR Opt:0 CSoffset:6) MRL:1 MIP:1 EncDbOpt:0 
FAST TOOL CFG: LCTUFast:1 FastMrg:1 PBIntraFast:1 IMV4PelFast:1 MTSMaxCand: 4(intra) 4(inter) ISPFast:0 FastLFNST:0 AMaxBT:1 E0023FastEnc:1 ContentBasedFastQtbt:0 UseNonLinearAlfLuma:1 UseNonLinearAlfChroma:1 MaxNumAlfAlternativesChroma:8 FastMIP:0 FastLocalDualTree:1 NumSplitThreads:1 NumWppThreads:1+0 EnsureWppBitEqual:0 RPR:0 TemporalFilter:0 


 started @ Mon Jan 13 22:51:50 2025
POC    0 LId:  0 TId: 0 ( IDR_N_LP, I-SLICE, QP 24 )     167184 bits [Y 40.3043 dB    U 43.3449 dB    V 44.1306 dB] [ET    23 ] [L0] [L1]
POC   16 LId:  0 TId: 0 ( TRAIL, B-SLICE, QP 28 )      41440 bits [Y 37.3960 dB    U 42.5885 dB    V 43.4364 dB] [ET    28 ] [L0 0] [L1 0c]
POC    8 LId:  0 TId: 1 ( STSA, B-SLICE, QP 29 )      19344 bits [Y 37.0948 dB    U 42.7194 dB    V 43.6564 dB] [ET    21 ] [L0 0 16] [L1 16c 0]
POC    4 LId:  0 TId: 2 ( STSA, B-SLICE, QP 32 )       8056 bits [Y 36.1192 dB    U 42.9739 dB    V 43.8083 dB] [ET    11 ] [L0 0 8] [L1 8c 16]
POC    2 LId:  0 TId: 3 ( STSA, B-SLICE, QP 34 )       1816 bits [Y 36.2121 dB    U 43.0338 dB    V 43.9069 dB] [ET     5 ] [L0 0 4] [L1 4c 8]
POC    1 LId:  0 TId: 4 ( STSA, B-SLICE, QP 36 )        424 bits [Y 37.1221 dB    U 43.1179 dB    V 44.0391 dB] [ET     2 ] [L0 0 2] [L1 2c 4]
POC    3 LId:  0 TId: 4 ( STSA, B-SLICE, QP 36 )        392 bits [Y 35.9506 dB    U 43.0106 dB    V 43.8566 dB] [ET     3 ] [L0 2c 0] [L1 4 8]
POC    6 LId:  0 TId: 3 ( STSA, B-SLICE, QP 34 )       2080 bits [Y 35.7516 dB    U 42.8860 dB    V 43.6845 dB] [ET     4 ] [L0 4c 0] [L1 8 16]
POC    5 LId:  0 TId: 4 ( STSA, B-SLICE, QP 36 )        384 bits [Y 35.8400 dB    U 42.9047 dB    V 43.6668 dB] [ET     3 ] [L0 4 0] [L1 6c 8]
POC    7 LId:  0 TId: 4 ( STSA, B-SLICE, QP 36 )        488 bits [Y 36.1562 dB    U 42.8001 dB    V 43.6540 dB] [ET     3 ] [L0 6c 4] [L1 8 16]
POC   12 LId:  0 TId: 2 ( STSA, B-SLICE, QP 32 )       8240 bits [Y 35.8179 dB    U 42.7038 dB    V 43.5303 dB] [ET    13 ] [L0 8c 0] [L1 16 8]
POC   10 LId:  0 TId: 3 ( STSA, B-SLICE, QP 34 )       2128 bits [Y 35.8968 dB    U 42.6811 dB    V 43.5912 dB] [ET     5 ] [L0 8 0] [L1 12c 16]
POC    9 LId:  0 TId: 4 ( STSA, B-SLICE, QP 36 )        304 bits [Y 36.1983 dB    U 42.7114 dB    V 43.6092 dB] [ET     3 ] [L0 8 0] [L1 10c 12]
POC   11 LId:  0 TId: 4 ( STSA, B-SLICE, QP 36 )        392 bits [Y 35.6714 dB    U 42.7152 dB    V 43.6012 dB] [ET     3 ] [L0 10c 8] [L1 12 16]
POC   14 LId:  0 TId: 3 ( STSA, B-SLICE, QP 34 )       2264 bits [Y 35.5931 dB    U 42.6671 dB    V 43.5105 dB] [ET     5 ] [L0 12c 8] [L1 16 12]
POC   13 LId:  0 TId: 4 ( STSA, B-SLICE, QP 36 )        392 bits [Y 35.5829 dB    U 42.6450 dB    V 43.5543 dB] [ET     3 ] [L0 12 8] [L1 14c 16]
POC   15 LId:  0 TId: 4 ( STSA, B-SLICE, QP 36 )        464 bits [Y 36.2284 dB    U 42.5619 dB    V 43.5086 dB] [ET     3 ] [L0 14c 12] [L1 16 14]
POC   32 LId:  0 TId: 0 ( TRAIL, B-SLICE, QP 28 )      41536 bits [Y 37.3219 dB    U 42.3553 dB    V 43.1974 dB] [ET    24 ] [L0 16 0] [L1 16c 0]
POC   24 LId:  0 TId: 1 ( TRAIL, B-SLICE, QP 29 )      20056 bits [Y 36.7979 dB    U 42.2857 dB    V 43.2000 dB] [ET    16 ] [L0 16 8] [L1 32c 16]
POC   20 LId:  0 TId: 2 ( STSA, B-SLICE, QP 32 )       7696 bits [Y 35.8268 dB    U 42.4119 dB    V 43.2963 dB] [ET    12 ] [L0 16 8] [L1 24c 32]
POC   18 LId:  0 TId: 3 ( STSA, B-SLICE, QP 34 )       2184 bits [Y 35.7900 dB    U 42.4879 dB    V 43.4005 dB] [ET     5 ] [L0 16 8] [L1 20c 24]
POC   17 LId:  0 TId: 4 ( STSA, B-SLICE, QP 36 )        432 bits [Y 36.3275 dB    U 42.5348 dB    V 43.4224 dB] [ET     3 ] [L0 16 18] [L1 18c 20]
POC   19 LId:  0 TId: 4 ( STSA, B-SLICE, QP 36 )        440 bits [Y 35.5902 dB    U 42.3831 dB    V 43.3249 dB] [ET     3 ] [L0 18c 16] [L1 20 24]
POC   22 LId:  0 TId: 3 ( STSA, B-SLICE, QP 34 )       2368 bits [Y 35.6553 dB    U 42.3479 dB    V 43.2272 dB] [ET     6 ] [L0 20c 16] [L1 24 32]
POC   21 LId:  0 TId: 4 ( STSA, B-SLICE, QP 36 )        472 bits [Y 35.6384 dB    U 42.4155 dB    V 43.2703 dB] [ET     3 ] [L0 20 16] [L1 22c 24]
POC   23 LId:  0 TId: 4 ( STSA, B-SLICE, QP 36 )        456 bits [Y 36.0592 dB    U 42.3093 dB    V 43.2235 dB] [ET     3 ] [L0 22c 20] [L1 24 32]
POC   28 LId:  0 TId: 2 ( STSA, B-SLICE, QP 32 )       7744 bits [Y 35.7771 dB    U 42.3646 dB    V 43.2231 dB] [ET    11 ] [L0 24c 16] [L1 32 24]
POC   26 LId:  0 TId: 3 ( STSA, B-SLICE, QP 34 )       2200 bits [Y 35.6856 dB    U 42.2964 dB    V 43.1452 dB] [ET     6 ] [L0 24 16] [L1 28c 32]
POC   25 LId:  0 TId: 4 ( STSA, B-SLICE, QP 36 )        456 bits [Y 36.0749 dB    U 42.3402 dB    V 43.1600 dB] [ET     3 ] [L0 24 16] [L1 26c 28]
POC   27 LId:  0 TId: 4 ( STSA, B-SLICE, QP 36 )        392 bits [Y 35.5472 dB    U 42.3287 dB    V 43.1543 dB] [ET     3 ] [L0 26c 24] [L1 28 32]
POC   30 LId:  0 TId: 3 ( STSA, B-SLICE, QP 34 )       1992 bits [Y 35.4678 dB    U 42.3278 dB    V 43.1984 dB] [ET     6 ] [L0 28c 24] [L1 32 28]
POC   29 LId:  0 TId: 4 ( STSA, B-SLICE, QP 36 )        400 bits [Y 35.3846 dB    U 42.3357 dB    V 43.1910 dB] [ET     3 ] [L0 28 24] [L1 30c 32]
POC   31 LId:  0 TId: 4 ( STSA, B-SLICE, QP 36 )        440 bits [Y 36.1369 dB    U 42.3232 dB    V 43.2182 dB] [ET     2 ] [L0 30c 28] [L1 32 30]
POC   48 LId:  0 TId: 0 ( CRA, I-SLICE, QP 24 )     173744 bits [Y 40.2284 dB    U 43.0760 dB    V 43.8901 dB] [ET    22 ] [L0] [L1]
POC   40 LId:  0 TId: 1 ( RASL, B-SLICE, QP 29 )      18712 bits [Y 37.3571 dB    U 43.2478 dB    V 44.1220 dB] [ET    16 ] [L0 32c 24] [L1 48 32]
POC   36 LId:  0 TId: 2 ( RASL, B-SLICE, QP 32 )       7320 bits [Y 36.2389 dB    U 43.0719 dB    V 43.8998 dB] [ET    14 ] [L0 32 24] [L1 40c 48]
POC   34 LId:  0 TId: 3 ( RASL, B-SLICE, QP 34 )       2280 bits [Y 35.7025 dB    U 42.9118 dB    V 43.7339 dB] [ET     6 ] [L0 32 24] [L1 36c 40]
POC   33 LId:  0 TId: 4 ( RASL, B-SLICE, QP 36 )        472 bits [Y 36.2795 dB    U 42.7115 dB    V 43.4993 dB] [ET     2 ] [L0 32 34] [L1 34c 36]
POC   35 LId:  0 TId: 4 ( RASL, B-SLICE, QP 36 )        552 bits [Y 35.8599 dB    U 43.0782 dB    V 43.8456 dB] [ET     3 ] [L0 34c 32] [L1 36 40]
POC   38 LId:  0 TId: 3 ( RASL, B-SLICE, QP 34 )       2200 bits [Y 35.7626 dB    U 43.2501 dB    V 44.0218 dB] [ET     5 ] [L0 36c 32] [L1 40 48]
POC   37 LId:  0 TId: 4 ( RASL, B-SLICE, QP 36 )        544 bits [Y 35.7534 dB    U 43.1493 dB    V 43.9827 dB] [ET     3 ] [L0 36 32] [L1 38c 40]
POC   39 LId:  0 TId: 4 ( RASL, B-SLICE, QP 36 )        496 bits [Y 36.2103 dB    U 43.2409 dB    V 44.1460 dB] [ET     3 ] [L0 38c 36] [L1 40 48]
POC   44 LId:  0 TId: 2 ( RASL, B-SLICE, QP 32 )       6504 bits [Y 36.4077 dB    U 43.1858 dB    V 44.1259 dB] [ET    11 ] [L0 40c 32] [L1 48 40]
POC   42 LId:  0 TId: 3 ( RASL, B-SLICE, QP 34 )       2520 bits [Y 35.6869 dB    U 43.1713 dB    V 44.1404 dB] [ET     7 ] [L0 40 32] [L1 44c 48]
POC   41 LId:  0 TId: 4 ( RASL, B-SLICE, QP 36 )        408 bits [Y 36.4081 dB    U 43.2601 dB    V 44.1748 dB] [ET     3 ] [L0 40 32] [L1 42c 44]
POC   43 LId:  0 TId: 4 ( RASL, B-SLICE, QP 36 )        480 bits [Y 35.8432 dB    U 43.2215 dB    V 44.0964 dB] [ET     3 ] [L0 42c 40] [L1 44 48]
POC   46 LId:  0 TId: 3 ( RASL, B-SLICE, QP 34 )       2368 bits [Y 35.8455 dB    U 43.1165 dB    V 44.0155 dB] [ET     7 ] [L0 44c 40] [L1 48 44]
POC   45 LId:  0 TId: 4 ( RASL, B-SLICE, QP 36 )        504 bits [Y 35.9698 dB    U 43.1725 dB    V 44.0599 dB] [ET     3 ] [L0 44 40] [L1 46c 48]
POC   47 LId:  0 TId: 4 ( RASL, B-SLICE, QP 36 )        272 bits [Y 36.6531 dB    U 43.0666 dB    V 43.9738 dB] [ET     3 ] [L0 46c 44] [L1 48 46]
POC   64 LId:  0 TId: 0 ( TRAIL, B-SLICE, QP 28 )      44000 bits [Y 37.3231 dB    U 42.2611 dB    V 43.3228 dB] [ET    27 ] [L0 48] [L1 48c]
POC   56 LId:  0 TId: 1 ( STSA, B-SLICE, QP 29 )      21768 bits [Y 36.9851 dB    U 42.5828 dB    V 43.4889 dB] [ET    22 ] [L0 48 64] [L1 64c 48]
POC   52 LId:  0 TId: 2 ( STSA, B-SLICE, QP 32 )       7368 bits [Y 36.1682 dB    U 42.5886 dB    V 43.5574 dB] [ET    12 ] [L0 48 56] [L1 56c 64]
POC   50 LId:  0 TId: 3 ( STSA, B-SLICE, QP 34 )       2144 bits [Y 35.7068 dB    U 42.7093 dB    V 43.6469 dB] [ET     6 ] [L0 48 52] [L1 52c 56]
POC   49 LId:  0 TId: 4 ( STSA, B-SLICE, QP 36 )        296 bits [Y 36.6456 dB    U 42.8392 dB    V 43.7840 dB] [ET     2 ] [L0 48 50] [L1 50c 52]
POC   51 LId:  0 TId: 4 ( STSA, B-SLICE, QP 36 )        392 bits [Y 35.5337 dB    U 42.6230 dB    V 43.5547 dB] [ET     3 ] [L0 50c 48] [L1 52 56]
POC   54 LId:  0 TId: 3 ( STSA, B-SLICE, QP 34 )       3120 bits [Y 35.4995 dB    U 42.5187 dB    V 43.4929 dB] [ET     8 ] [L0 52c 48] [L1 56 64]
POC   53 LId:  0 TId: 4 ( STSA, B-SLICE, QP 36 )        520 bits [Y 35.6453 dB    U 42.5643 dB    V 43.4735 dB] [ET     3 ] [L0 52 48] [L1 54c 56]
POC   55 LId:  0 TId: 4 ( STSA, B-SLICE, QP 36 )        352 bits [Y 35.9238 dB    U 42.5614 dB    V 43.4707 dB] [ET     3 ] [L0 54c 52] [L1 56 64]
POC   60 LId:  0 TId: 2 ( STSA, B-SLICE, QP 32 )       7432 bits [Y 35.8999 dB    U 42.3629 dB    V 43.2959 dB] [ET    12 ] [L0 56c 48] [L1 64 56]
POC   58 LId:  0 TId: 3 ( STSA, B-SLICE, QP 34 )       3000 bits [Y 35.4567 dB    U 42.3954 dB    V 43.3579 dB] [ET     7 ] [L0 56 48] [L1 60c 64]
POC   57 LId:  0 TId: 4 ( STSA, B-SLICE, QP 36 )        472 bits [Y 35.8477 dB    U 42.4269 dB    V 43.3656 dB] [ET     3 ] [L0 56 48] [L1 58c 60]
POC   59 LId:  0 TId: 4 ( STSA, B-SLICE, QP 36 )        472 bits [Y 35.2608 dB    U 42.3173 dB    V 43.2693 dB] [ET     3 ] [L0 58c 56] [L1 60 64]
POC   62 LId:  0 TId: 3 ( STSA, B-SLICE, QP 34 )       2720 bits [Y 35.1130 dB    U 42.3226 dB    V 43.2561 dB] [ET     6 ] [L0 60c 56] [L1 64 60]
POC   61 LId:  0 TId: 4 ( STSA, B-SLICE, QP 36 )        496 bits [Y 35.3059 dB    U 42.2784 dB    V 43.2967 dB] [ET     3 ] [L0 60 56] [L1 62c 64]
POC   63 LId:  0 TId: 4 ( STSA, B-SLICE, QP 36 )        440 bits [Y 35.7423 dB    U 42.2665 dB    V 43.3063 dB] [ET     3 ] [L0 62c 60] [L1 64 62]

LayerId  0
	Total Frames |   Bitrate     Y-PSNR    U-PSNR    V-PSNR    YUV-PSNR   
	       65    a     608.6991   36.1582   42.6994   43.5887   37.4307

 finished @ Mon Jan 13 23:00:28 2025
 Total Time:      517.580 sec. [user]      517.580 sec. [elapsed]
