
VVCSoftware: VTM Encoder Version 10.0 [Windows][VS 1916][64 bit] [SIMD=AVX2] 

TOOL CFG: IBD:1 HAD:1 RDQ:1 RDQTS:1 RDpenalty:0 LQP:0 SQP:0 ASR:1 MinSearchWindow:96 RestrictMESampling:0 FEN:1 ECU:0 FDM:1 CFM:0 ESD:0 TransformSkip:1 TransformSkipFast:1 TransformSkipLog2MaxSize:5 ChromaTS:1 BDPCM:0 Tiles: 1x1 Slices: 1 MCTS:0 SAO:1 ALF:1 CCALF:1 WPP:0 WPB:0 PME:2  WaveFrontSynchro:0 WaveFrontSubstreams:1 ScalingList:0 TMVPMode:1  DQ:1  SignBitHidingFlag:0 RecalQP:0 
TOOL CFG: LFNST:1 MMVD:1 Affine:1 AffineType:1 PROF:1 SbTMVP:1 DualITree:1 IMV:1 BIO:1 LMChroma:1 HorCollocatedChroma:1 VerCollocatedChroma:0 MTS: 1(intra) 0(inter) SBT:1 ISP:1 SMVD:1 CompositeLTReference:0 Bcw:1 BcwFast:1 LADF:0 CIIP:1 Geo:1 AllowDisFracMMVD:1 AffineAmvr:1 AffineAmvrEncOpt:1 DMVR:1 MmvdDisNum:6 JointCbCr:1 ACT:0 PLT:0 IBC:0 HashME:0 WrapAround:0 VirtualBoundariesEnabledFlag:0 VirtualBoundariesPresentInSPSFlag:1 vertical virtual boundaries:[ ] horizontal virtual boundaries:[ ] Reshape:1 (Signal:SDR Opt:0 CSoffset:6) MRL:1 MIP:1 EncDbOpt:0 
FAST TOOL CFG: LCTUFast:1 FastMrg:1 PBIntraFast:1 IMV4PelFast:1 MTSMaxCand: 4(intra) 4(inter) ISPFast:0 FastLFNST:0 AMaxBT:1 E0023FastEnc:1 ContentBasedFastQtbt:0 UseNonLinearAlfLuma:1 UseNonLinearAlfChroma:1 MaxNumAlfAlternativesChroma:8 FastMIP:0 FastLocalDualTree:1 NumSplitThreads:1 NumWppThreads:1+0 EnsureWppBitEqual:0 RPR:0 TemporalFilter:0 


 started @ Mon Jan 13 21:50:13 2025
POC    0 LId:  0 TId: 0 ( IDR_N_LP, I-SLICE, QP 36 )      55360 bits [Y 30.9867 dB    U 38.7290 dB    V 39.0823 dB] [ET    13 ] [L0] [L1]
POC   16 LId:  0 TId: 0 ( TRAIL, B-SLICE, QP 40 )       6800 bits [Y 29.5222 dB    U 38.5295 dB    V 38.8256 dB] [ET    14 ] [L0 0] [L1 0c]
POC    8 LId:  0 TId: 1 ( STSA, B-SLICE, QP 43 )       1976 bits [Y 29.3695 dB    U 38.6197 dB    V 39.0195 dB] [ET     5 ] [L0 0 16] [L1 16c 0]
POC    4 LId:  0 TId: 2 ( STSA, B-SLICE, QP 46 )        656 bits [Y 29.3176 dB    U 38.7048 dB    V 39.0918 dB] [ET     3 ] [L0 0 8] [L1 8c 16]
POC    2 LId:  0 TId: 3 ( STSA, B-SLICE, QP 47 )        216 bits [Y 29.9222 dB    U 38.6857 dB    V 39.0963 dB] [ET     1 ] [L0 0 4] [L1 4c 8]
POC    1 LId:  0 TId: 4 ( STSA, B-SLICE, QP 48 )        160 bits [Y 30.4390 dB    U 38.7336 dB    V 39.1162 dB] [ET     1 ] [L0 0 2] [L1 2c 4]
POC    3 LId:  0 TId: 4 ( STSA, B-SLICE, QP 48 )        152 bits [Y 29.6039 dB    U 38.6910 dB    V 39.0632 dB] [ET     1 ] [L0 2c 0] [L1 4 8]
POC    6 LId:  0 TId: 3 ( STSA, B-SLICE, QP 47 )        208 bits [Y 29.1744 dB    U 38.6867 dB    V 39.0422 dB] [ET     1 ] [L0 4c 0] [L1 8 16]
POC    5 LId:  0 TId: 4 ( STSA, B-SLICE, QP 48 )        152 bits [Y 29.2757 dB    U 38.6621 dB    V 39.0394 dB] [ET     1 ] [L0 4 0] [L1 6c 8]
POC    7 LId:  0 TId: 4 ( STSA, B-SLICE, QP 48 )        128 bits [Y 29.3169 dB    U 38.6284 dB    V 39.0199 dB] [ET     1 ] [L0 6c 4] [L1 8 16]
POC   12 LId:  0 TId: 2 ( STSA, B-SLICE, QP 46 )        640 bits [Y 28.8669 dB    U 38.6051 dB    V 38.9384 dB] [ET     3 ] [L0 8c 0] [L1 16 8]
POC   10 LId:  0 TId: 3 ( STSA, B-SLICE, QP 47 )        208 bits [Y 29.0045 dB    U 38.6062 dB    V 38.9661 dB] [ET     1 ] [L0 8 0] [L1 12c 16]
POC    9 LId:  0 TId: 4 ( STSA, B-SLICE, QP 48 )        128 bits [Y 29.2292 dB    U 38.5990 dB    V 38.9915 dB] [ET     1 ] [L0 8 0] [L1 10c 12]
POC   11 LId:  0 TId: 4 ( STSA, B-SLICE, QP 48 )        152 bits [Y 28.9123 dB    U 38.5861 dB    V 38.9488 dB] [ET     1 ] [L0 10c 8] [L1 12 16]
POC   14 LId:  0 TId: 3 ( STSA, B-SLICE, QP 47 )        184 bits [Y 29.0336 dB    U 38.5835 dB    V 38.8862 dB] [ET     1 ] [L0 12c 8] [L1 16 12]
POC   13 LId:  0 TId: 4 ( STSA, B-SLICE, QP 48 )        152 bits [Y 28.9122 dB    U 38.5883 dB    V 38.9250 dB] [ET     1 ] [L0 12 8] [L1 14c 16]
POC   15 LId:  0 TId: 4 ( STSA, B-SLICE, QP 48 )        136 bits [Y 29.3235 dB    U 38.5294 dB    V 38.8688 dB] [ET     1 ] [L0 14c 12] [L1 16 14]
POC   32 LId:  0 TId: 0 ( TRAIL, B-SLICE, QP 40 )       7176 bits [Y 29.3107 dB    U 38.3526 dB    V 38.8148 dB] [ET    14 ] [L0 16 0] [L1 16c 0]
POC   24 LId:  0 TId: 1 ( TRAIL, B-SLICE, QP 43 )       1984 bits [Y 29.0632 dB    U 38.3536 dB    V 38.7555 dB] [ET     6 ] [L0 16 8] [L1 32c 16]
POC   20 LId:  0 TId: 2 ( STSA, B-SLICE, QP 46 )        672 bits [Y 28.6255 dB    U 38.4899 dB    V 38.7755 dB] [ET     3 ] [L0 16 8] [L1 24c 32]
POC   18 LId:  0 TId: 3 ( STSA, B-SLICE, QP 47 )        248 bits [Y 28.9538 dB    U 38.5073 dB    V 38.8180 dB] [ET     1 ] [L0 16 8] [L1 20c 24]
POC   17 LId:  0 TId: 4 ( STSA, B-SLICE, QP 48 )        136 bits [Y 29.3088 dB    U 38.5348 dB    V 38.8307 dB] [ET     1 ] [L0 16 18] [L1 18c 20]
POC   19 LId:  0 TId: 4 ( STSA, B-SLICE, QP 48 )        128 bits [Y 28.7434 dB    U 38.4648 dB    V 38.8112 dB] [ET     1 ] [L0 18c 16] [L1 20 24]
POC   22 LId:  0 TId: 3 ( STSA, B-SLICE, QP 47 )        248 bits [Y 28.5778 dB    U 38.4520 dB    V 38.7701 dB] [ET     1 ] [L0 20c 16] [L1 24 32]
POC   21 LId:  0 TId: 4 ( STSA, B-SLICE, QP 48 )        128 bits [Y 28.5463 dB    U 38.4599 dB    V 38.8019 dB] [ET     1 ] [L0 20 16] [L1 22c 24]
POC   23 LId:  0 TId: 4 ( STSA, B-SLICE, QP 48 )        136 bits [Y 28.8768 dB    U 38.4173 dB    V 38.7566 dB] [ET     1 ] [L0 22c 20] [L1 24 32]
POC   28 LId:  0 TId: 2 ( STSA, B-SLICE, QP 46 )        608 bits [Y 28.6769 dB    U 38.4076 dB    V 38.8166 dB] [ET     3 ] [L0 24c 16] [L1 32 24]
POC   26 LId:  0 TId: 3 ( STSA, B-SLICE, QP 47 )        240 bits [Y 28.7303 dB    U 38.3688 dB    V 38.7929 dB] [ET     2 ] [L0 24 16] [L1 28c 32]
POC   25 LId:  0 TId: 4 ( STSA, B-SLICE, QP 48 )        128 bits [Y 28.9298 dB    U 38.3847 dB    V 38.7715 dB] [ET     1 ] [L0 24 16] [L1 26c 28]
POC   27 LId:  0 TId: 4 ( STSA, B-SLICE, QP 48 )        152 bits [Y 28.7011 dB    U 38.3877 dB    V 38.8064 dB] [ET     1 ] [L0 26c 24] [L1 28 32]
POC   30 LId:  0 TId: 3 ( STSA, B-SLICE, QP 47 )        232 bits [Y 28.8405 dB    U 38.3824 dB    V 38.8327 dB] [ET     2 ] [L0 28c 24] [L1 32 28]
POC   29 LId:  0 TId: 4 ( STSA, B-SLICE, QP 48 )        152 bits [Y 28.7153 dB    U 38.3714 dB    V 38.8334 dB] [ET     1 ] [L0 28 24] [L1 30c 32]
POC   31 LId:  0 TId: 4 ( STSA, B-SLICE, QP 48 )        136 bits [Y 29.1298 dB    U 38.3806 dB    V 38.8327 dB] [ET     1 ] [L0 30c 28] [L1 32 30]
POC   48 LId:  0 TId: 0 ( TRAIL, B-SLICE, QP 40 )       7216 bits [Y 29.1030 dB    U 38.2113 dB    V 38.7579 dB] [ET    15 ] [L0 32 16] [L1 32c 16]
POC   40 LId:  0 TId: 1 ( TRAIL, B-SLICE, QP 43 )       1960 bits [Y 28.8874 dB    U 38.2836 dB    V 38.7859 dB] [ET     7 ] [L0 32 24] [L1 48c 32]
POC   36 LId:  0 TId: 2 ( STSA, B-SLICE, QP 46 )        512 bits [Y 28.5680 dB    U 38.3760 dB    V 38.8180 dB] [ET     3 ] [L0 32 24] [L1 40c 48]
POC   34 LId:  0 TId: 3 ( STSA, B-SLICE, QP 47 )        256 bits [Y 28.7553 dB    U 38.3608 dB    V 38.8649 dB] [ET     1 ] [L0 32 24] [L1 36c 40]
POC   33 LId:  0 TId: 4 ( STSA, B-SLICE, QP 48 )        168 bits [Y 29.0695 dB    U 38.3871 dB    V 38.8556 dB] [ET     1 ] [L0 32 34] [L1 34c 36]
POC   35 LId:  0 TId: 4 ( STSA, B-SLICE, QP 48 )        192 bits [Y 28.6684 dB    U 38.3814 dB    V 38.8455 dB] [ET     1 ] [L0 34c 32] [L1 36 40]
POC   38 LId:  0 TId: 3 ( STSA, B-SLICE, QP 47 )        304 bits [Y 28.5492 dB    U 38.3293 dB    V 38.8130 dB] [ET     2 ] [L0 36c 32] [L1 40 48]
POC   37 LId:  0 TId: 4 ( STSA, B-SLICE, QP 48 )        224 bits [Y 28.5384 dB    U 38.3300 dB    V 38.8103 dB] [ET     1 ] [L0 36 32] [L1 38c 40]
POC   39 LId:  0 TId: 4 ( STSA, B-SLICE, QP 48 )        208 bits [Y 28.7644 dB    U 38.3091 dB    V 38.8045 dB] [ET     1 ] [L0 38c 36] [L1 40 48]
POC   44 LId:  0 TId: 2 ( STSA, B-SLICE, QP 46 )        568 bits [Y 28.5332 dB    U 38.3030 dB    V 38.8732 dB] [ET     3 ] [L0 40c 32] [L1 48 40]
POC   42 LId:  0 TId: 3 ( STSA, B-SLICE, QP 47 )        256 bits [Y 28.5503 dB    U 38.2880 dB    V 38.8722 dB] [ET     2 ] [L0 40 32] [L1 44c 48]
POC   41 LId:  0 TId: 4 ( STSA, B-SLICE, QP 48 )        184 bits [Y 28.7901 dB    U 38.3063 dB    V 38.8146 dB] [ET     1 ] [L0 40 32] [L1 42c 44]
POC   43 LId:  0 TId: 4 ( STSA, B-SLICE, QP 48 )        160 bits [Y 28.5367 dB    U 38.2984 dB    V 38.8504 dB] [ET     2 ] [L0 42c 40] [L1 44 48]
POC   46 LId:  0 TId: 3 ( STSA, B-SLICE, QP 47 )        264 bits [Y 28.6184 dB    U 38.2898 dB    V 38.8260 dB] [ET     2 ] [L0 44c 40] [L1 48 44]
POC   45 LId:  0 TId: 4 ( STSA, B-SLICE, QP 48 )        176 bits [Y 28.5963 dB    U 38.2719 dB    V 38.8684 dB] [ET     1 ] [L0 44 40] [L1 46c 48]
POC   47 LId:  0 TId: 4 ( STSA, B-SLICE, QP 48 )        144 bits [Y 28.9300 dB    U 38.2380 dB    V 38.8242 dB] [ET     1 ] [L0 46c 44] [L1 48 46]
POC   64 LId:  0 TId: 0 ( CRA, I-SLICE, QP 36 )      58712 bits [Y 30.8537 dB    U 38.1692 dB    V 38.8253 dB] [ET    15 ] [L0] [L1]
POC   56 LId:  0 TId: 1 ( RASL, B-SLICE, QP 43 )       2152 bits [Y 29.7104 dB    U 38.5175 dB    V 39.3530 dB] [ET     7 ] [L0 48c 40] [L1 64 48]
POC   52 LId:  0 TId: 2 ( RASL, B-SLICE, QP 46 )        648 bits [Y 29.1484 dB    U 38.4925 dB    V 39.2954 dB] [ET     3 ] [L0 48 40] [L1 56c 64]
POC   50 LId:  0 TId: 3 ( RASL, B-SLICE, QP 47 )        336 bits [Y 29.2628 dB    U 38.4908 dB    V 39.2590 dB] [ET     2 ] [L0 48 40] [L1 52c 56]
POC   49 LId:  0 TId: 4 ( RASL, B-SLICE, QP 48 )        128 bits [Y 29.3390 dB    U 38.3817 dB    V 39.0886 dB] [ET     1 ] [L0 48 50] [L1 50c 52]
POC   51 LId:  0 TId: 4 ( RASL, B-SLICE, QP 48 )        152 bits [Y 29.2086 dB    U 38.5363 dB    V 39.3048 dB] [ET     1 ] [L0 50c 48] [L1 52 56]
POC   54 LId:  0 TId: 3 ( RASL, B-SLICE, QP 47 )        312 bits [Y 29.1602 dB    U 38.5031 dB    V 39.3526 dB] [ET     2 ] [L0 52c 48] [L1 56 64]
POC   53 LId:  0 TId: 4 ( RASL, B-SLICE, QP 48 )        160 bits [Y 29.1809 dB    U 38.5346 dB    V 39.3632 dB] [ET     1 ] [L0 52 48] [L1 54c 56]
POC   55 LId:  0 TId: 4 ( RASL, B-SLICE, QP 48 )        136 bits [Y 29.4776 dB    U 38.5289 dB    V 39.3667 dB] [ET     1 ] [L0 54c 52] [L1 56 64]
POC   60 LId:  0 TId: 2 ( RASL, B-SLICE, QP 46 )        648 bits [Y 29.4886 dB    U 38.3677 dB    V 39.2371 dB] [ET     3 ] [L0 56c 48] [L1 64 56]
POC   58 LId:  0 TId: 3 ( RASL, B-SLICE, QP 47 )        248 bits [Y 29.3756 dB    U 38.4418 dB    V 39.3475 dB] [ET     2 ] [L0 56 48] [L1 60c 64]
POC   57 LId:  0 TId: 4 ( RASL, B-SLICE, QP 48 )        136 bits [Y 29.5732 dB    U 38.4321 dB    V 39.3404 dB] [ET     1 ] [L0 56 48] [L1 58c 60]
POC   59 LId:  0 TId: 4 ( RASL, B-SLICE, QP 48 )        136 bits [Y 29.3042 dB    U 38.4233 dB    V 39.2835 dB] [ET     1 ] [L0 58c 56] [L1 60 64]
POC   62 LId:  0 TId: 3 ( RASL, B-SLICE, QP 47 )        264 bits [Y 29.6444 dB    U 38.3069 dB    V 39.0734 dB] [ET     2 ] [L0 60c 56] [L1 64 60]
POC   61 LId:  0 TId: 4 ( RASL, B-SLICE, QP 48 )        160 bits [Y 29.6004 dB    U 38.3237 dB    V 39.2034 dB] [ET     1 ] [L0 60 56] [L1 62c 64]
POC   63 LId:  0 TId: 4 ( RASL, B-SLICE, QP 48 )        128 bits [Y 30.2559 dB    U 38.2229 dB    V 38.9718 dB] [ET     1 ] [L0 62c 60] [L1 64 62]

LayerId  0
	Total Frames |   Bitrate     Y-PSNR    U-PSNR    V-PSNR    YUV-PSNR   
	       65    a     145.0708   29.1382   38.4480   38.9645   30.6372

 finished @ Mon Jan 13 21:53:35 2025
 Total Time:      201.970 sec. [user]      201.969 sec. [elapsed]
