
VVCSoftware: VTM Encoder Version 10.0 [Windows][VS 1916][64 bit] [SIMD=AVX2] 

TOOL CFG: IBD:1 HAD:1 RDQ:1 RDQTS:1 RDpenalty:0 LQP:0 SQP:0 ASR:1 MinSearchWindow:96 RestrictMESampling:0 FEN:1 ECU:0 FDM:1 CFM:0 ESD:0 TransformSkip:1 TransformSkipFast:1 TransformSkipLog2MaxSize:5 ChromaTS:1 BDPCM:0 Tiles: 1x1 Slices: 1 MCTS:0 SAO:1 ALF:1 CCALF:1 WPP:0 WPB:0 PME:2  WaveFrontSynchro:0 WaveFrontSubstreams:1 ScalingList:0 TMVPMode:1  DQ:1  SignBitHidingFlag:0 RecalQP:0 
TOOL CFG: LFNST:1 MMVD:1 Affine:1 AffineType:1 PROF:1 SbTMVP:1 DualITree:1 IMV:1 BIO:1 LMChroma:1 HorCollocatedChroma:1 VerCollocatedChroma:0 MTS: 1(intra) 0(inter) SBT:1 ISP:1 SMVD:1 CompositeLTReference:0 Bcw:1 BcwFast:1 LADF:0 CIIP:1 Geo:1 AllowDisFracMMVD:1 AffineAmvr:1 AffineAmvrEncOpt:1 DMVR:1 MmvdDisNum:6 JointCbCr:1 ACT:0 PLT:0 IBC:0 HashME:0 WrapAround:0 VirtualBoundariesEnabledFlag:0 VirtualBoundariesPresentInSPSFlag:1 vertical virtual boundaries:[ ] horizontal virtual boundaries:[ ] Reshape:1 (Signal:SDR Opt:0 CSoffset:6) MRL:1 MIP:1 EncDbOpt:0 
FAST TOOL CFG: LCTUFast:1 FastMrg:1 PBIntraFast:1 IMV4PelFast:1 MTSMaxCand: 4(intra) 4(inter) ISPFast:0 FastLFNST:0 AMaxBT:1 E0023FastEnc:1 ContentBasedFastQtbt:0 UseNonLinearAlfLuma:1 UseNonLinearAlfChroma:1 MaxNumAlfAlternativesChroma:8 FastMIP:0 FastLocalDualTree:1 NumSplitThreads:1 NumWppThreads:1+0 EnsureWppBitEqual:0 RPR:0 TemporalFilter:0 


 started @ Mon Jan 13 22:12:44 2025
POC    0 LId:  0 TId: 0 ( IDR_N_LP, I-SLICE, QP 30 )      97088 bits [Y 35.1969 dB    U 40.6974 dB    V 41.3194 dB] [ET    19 ] [L0] [L1]
POC   16 LId:  0 TId: 0 ( TRAIL, B-SLICE, QP 34 )      16016 bits [Y 33.0310 dB    U 40.3028 dB    V 40.7625 dB] [ET    17 ] [L0 0] [L1 0c]
POC    8 LId:  0 TId: 1 ( STSA, B-SLICE, QP 36 )       5624 bits [Y 32.8968 dB    U 40.4178 dB    V 41.0444 dB] [ET    10 ] [L0 0 16] [L1 16c 0]
POC    4 LId:  0 TId: 2 ( STSA, B-SLICE, QP 40 )       1528 bits [Y 32.3198 dB    U 40.5226 dB    V 41.2044 dB] [ET     4 ] [L0 0 8] [L1 8c 16]
POC    2 LId:  0 TId: 3 ( STSA, B-SLICE, QP 41 )        472 bits [Y 32.9285 dB    U 40.5584 dB    V 41.2347 dB] [ET     4 ] [L0 0 4] [L1 4c 8]
POC    1 LId:  0 TId: 4 ( STSA, B-SLICE, QP 42 )        216 bits [Y 33.7828 dB    U 40.6129 dB    V 41.2851 dB] [ET     2 ] [L0 0 2] [L1 2c 4]
POC    3 LId:  0 TId: 4 ( STSA, B-SLICE, QP 42 )        184 bits [Y 32.4952 dB    U 40.5250 dB    V 41.1812 dB] [ET     2 ] [L0 2c 0] [L1 4 8]
POC    6 LId:  0 TId: 3 ( STSA, B-SLICE, QP 41 )        792 bits [Y 32.3641 dB    U 40.4948 dB    V 41.1222 dB] [ET     4 ] [L0 4c 0] [L1 8 16]
POC    5 LId:  0 TId: 4 ( STSA, B-SLICE, QP 42 )        176 bits [Y 32.3447 dB    U 40.4902 dB    V 41.1129 dB] [ET     2 ] [L0 4 0] [L1 6c 8]
POC    7 LId:  0 TId: 4 ( STSA, B-SLICE, QP 42 )        160 bits [Y 32.5830 dB    U 40.4339 dB    V 41.0860 dB] [ET     1 ] [L0 6c 4] [L1 8 16]
POC   12 LId:  0 TId: 2 ( STSA, B-SLICE, QP 40 )       1832 bits [Y 31.9491 dB    U 40.4148 dB    V 40.9830 dB] [ET     5 ] [L0 8c 0] [L1 16 8]
POC   10 LId:  0 TId: 3 ( STSA, B-SLICE, QP 41 )        520 bits [Y 32.1953 dB    U 40.4119 dB    V 41.0285 dB] [ET     3 ] [L0 8 0] [L1 12c 16]
POC    9 LId:  0 TId: 4 ( STSA, B-SLICE, QP 42 )        168 bits [Y 32.5477 dB    U 40.4285 dB    V 41.0679 dB] [ET     2 ] [L0 8 0] [L1 10c 12]
POC   11 LId:  0 TId: 4 ( STSA, B-SLICE, QP 42 )        176 bits [Y 32.0638 dB    U 40.4087 dB    V 41.0230 dB] [ET     2 ] [L0 10c 8] [L1 12 16]
POC   14 LId:  0 TId: 3 ( STSA, B-SLICE, QP 41 )        488 bits [Y 32.0741 dB    U 40.3894 dB    V 40.9148 dB] [ET     3 ] [L0 12c 8] [L1 16 12]
POC   13 LId:  0 TId: 4 ( STSA, B-SLICE, QP 42 )        176 bits [Y 31.9776 dB    U 40.4114 dB    V 40.9838 dB] [ET     2 ] [L0 12 8] [L1 14c 16]
POC   15 LId:  0 TId: 4 ( STSA, B-SLICE, QP 42 )        176 bits [Y 32.5278 dB    U 40.3338 dB    V 40.8491 dB] [ET     1 ] [L0 14c 12] [L1 16 14]
POC   32 LId:  0 TId: 0 ( TRAIL, B-SLICE, QP 34 )      16424 bits [Y 32.8335 dB    U 40.0343 dB    V 40.6363 dB] [ET    15 ] [L0 16 0] [L1 16c 0]
POC   24 LId:  0 TId: 1 ( TRAIL, B-SLICE, QP 36 )       5648 bits [Y 32.4165 dB    U 40.0566 dB    V 40.7931 dB] [ET    10 ] [L0 16 8] [L1 32c 16]
POC   20 LId:  0 TId: 2 ( STSA, B-SLICE, QP 40 )       2008 bits [Y 31.8920 dB    U 40.2310 dB    V 40.7473 dB] [ET     5 ] [L0 16 8] [L1 24c 32]
POC   18 LId:  0 TId: 3 ( STSA, B-SLICE, QP 41 )        640 bits [Y 32.1877 dB    U 40.2416 dB    V 40.7731 dB] [ET     3 ] [L0 16 8] [L1 20c 24]
POC   17 LId:  0 TId: 4 ( STSA, B-SLICE, QP 42 )        184 bits [Y 32.5912 dB    U 40.2895 dB    V 40.8043 dB] [ET     1 ] [L0 16 18] [L1 18c 20]
POC   19 LId:  0 TId: 4 ( STSA, B-SLICE, QP 42 )        224 bits [Y 31.9694 dB    U 40.1837 dB    V 40.7974 dB] [ET     1 ] [L0 18c 16] [L1 20 24]
POC   22 LId:  0 TId: 3 ( STSA, B-SLICE, QP 41 )        696 bits [Y 31.8862 dB    U 40.1769 dB    V 40.7532 dB] [ET     4 ] [L0 20c 16] [L1 24 32]
POC   21 LId:  0 TId: 4 ( STSA, B-SLICE, QP 42 )        200 bits [Y 31.8689 dB    U 40.2105 dB    V 40.8038 dB] [ET     1 ] [L0 20 16] [L1 22c 24]
POC   23 LId:  0 TId: 4 ( STSA, B-SLICE, QP 42 )        208 bits [Y 32.1458 dB    U 40.1190 dB    V 40.7840 dB] [ET     1 ] [L0 22c 20] [L1 24 32]
POC   28 LId:  0 TId: 2 ( STSA, B-SLICE, QP 40 )       1560 bits [Y 31.8426 dB    U 40.1014 dB    V 40.7152 dB] [ET     4 ] [L0 24c 16] [L1 32 24]
POC   26 LId:  0 TId: 3 ( STSA, B-SLICE, QP 41 )        536 bits [Y 31.9257 dB    U 40.0979 dB    V 40.7415 dB] [ET     3 ] [L0 24 16] [L1 28c 32]
POC   25 LId:  0 TId: 4 ( STSA, B-SLICE, QP 42 )        208 bits [Y 32.1381 dB    U 40.1142 dB    V 40.7650 dB] [ET     1 ] [L0 24 16] [L1 26c 28]
POC   27 LId:  0 TId: 4 ( STSA, B-SLICE, QP 42 )        264 bits [Y 31.8501 dB    U 40.1278 dB    V 40.7200 dB] [ET     2 ] [L0 26c 24] [L1 28 32]
POC   30 LId:  0 TId: 3 ( STSA, B-SLICE, QP 41 )        496 bits [Y 31.9048 dB    U 40.1042 dB    V 40.6585 dB] [ET     3 ] [L0 28c 24] [L1 32 28]
POC   29 LId:  0 TId: 4 ( STSA, B-SLICE, QP 42 )        216 bits [Y 31.8005 dB    U 40.0884 dB    V 40.7094 dB] [ET     2 ] [L0 28 24] [L1 30c 32]
POC   31 LId:  0 TId: 4 ( STSA, B-SLICE, QP 42 )        328 bits [Y 32.4171 dB    U 40.0280 dB    V 40.6641 dB] [ET     2 ] [L0 30c 28] [L1 32 30]
POC   48 LId:  0 TId: 0 ( CRA, I-SLICE, QP 30 )     102408 bits [Y 35.2018 dB    U 40.4903 dB    V 41.3212 dB] [ET    17 ] [L0] [L1]
POC   40 LId:  0 TId: 1 ( RASL, B-SLICE, QP 36 )       5064 bits [Y 33.2646 dB    U 40.7348 dB    V 41.5112 dB] [ET    10 ] [L0 32c 24] [L1 48 32]
POC   36 LId:  0 TId: 2 ( RASL, B-SLICE, QP 40 )       1800 bits [Y 32.3239 dB    U 40.5579 dB    V 41.2419 dB] [ET     5 ] [L0 32 24] [L1 40c 48]
POC   34 LId:  0 TId: 3 ( RASL, B-SLICE, QP 41 )        856 bits [Y 32.4157 dB    U 40.3989 dB    V 41.0826 dB] [ET     7 ] [L0 32 24] [L1 36c 40]
POC   33 LId:  0 TId: 4 ( RASL, B-SLICE, QP 42 )        280 bits [Y 32.7146 dB    U 40.2475 dB    V 40.8926 dB] [ET     6 ] [L0 32 34] [L1 34c 36]
POC   35 LId:  0 TId: 4 ( RASL, B-SLICE, QP 42 )        248 bits [Y 32.3733 dB    U 40.5186 dB    V 41.1579 dB] [ET     6 ] [L0 34c 32] [L1 36 40]
POC   38 LId:  0 TId: 3 ( RASL, B-SLICE, QP 41 )        488 bits [Y 32.3233 dB    U 40.6902 dB    V 41.4148 dB] [ET     7 ] [L0 36c 32] [L1 40 48]
POC   37 LId:  0 TId: 4 ( RASL, B-SLICE, QP 42 )        304 bits [Y 32.1605 dB    U 40.6096 dB    V 41.3037 dB] [ET     4 ] [L0 36 32] [L1 38c 40]
POC   39 LId:  0 TId: 4 ( RASL, B-SLICE, QP 42 )        272 bits [Y 32.7804 dB    U 40.7202 dB    V 41.4789 dB] [ET     6 ] [L0 38c 36] [L1 40 48]
POC   44 LId:  0 TId: 2 ( RASL, B-SLICE, QP 40 )       1408 bits [Y 32.7341 dB    U 40.7209 dB    V 41.5659 dB] [ET     8 ] [L0 40c 32] [L1 48 40]
POC   42 LId:  0 TId: 3 ( RASL, B-SLICE, QP 41 )        664 bits [Y 32.5280 dB    U 40.7308 dB    V 41.5598 dB] [ET     6 ] [L0 40 32] [L1 44c 48]
POC   41 LId:  0 TId: 4 ( RASL, B-SLICE, QP 42 )        248 bits [Y 33.0172 dB    U 40.7270 dB    V 41.5341 dB] [ET     6 ] [L0 40 32] [L1 42c 44]
POC   43 LId:  0 TId: 4 ( RASL, B-SLICE, QP 42 )        208 bits [Y 32.4271 dB    U 40.7151 dB    V 41.5189 dB] [ET     6 ] [L0 42c 40] [L1 44 48]
POC   46 LId:  0 TId: 3 ( RASL, B-SLICE, QP 41 )        504 bits [Y 32.8159 dB    U 40.6329 dB    V 41.4360 dB] [ET     6 ] [L0 44c 40] [L1 48 44]
POC   45 LId:  0 TId: 4 ( RASL, B-SLICE, QP 42 )        224 bits [Y 32.7392 dB    U 40.6526 dB    V 41.5020 dB] [ET     7 ] [L0 44 40] [L1 46c 48]
POC   47 LId:  0 TId: 4 ( RASL, B-SLICE, QP 42 )        176 bits [Y 33.7170 dB    U 40.5531 dB    V 41.4185 dB] [ET     6 ] [L0 46c 44] [L1 48 46]
POC   64 LId:  0 TId: 0 ( TRAIL, B-SLICE, QP 34 )      17224 bits [Y 33.0372 dB    U 39.9622 dB    V 40.8826 dB] [ET    17 ] [L0 48] [L1 48c]
POC   56 LId:  0 TId: 1 ( STSA, B-SLICE, QP 36 )       5912 bits [Y 32.6925 dB    U 40.2586 dB    V 41.0904 dB] [ET    10 ] [L0 48 64] [L1 64c 48]
POC   52 LId:  0 TId: 2 ( STSA, B-SLICE, QP 40 )       1528 bits [Y 32.3450 dB    U 40.3300 dB    V 41.2275 dB] [ET     4 ] [L0 48 56] [L1 56c 64]
POC   50 LId:  0 TId: 3 ( STSA, B-SLICE, QP 41 )        528 bits [Y 32.7378 dB    U 40.4012 dB    V 41.2702 dB] [ET     3 ] [L0 48 52] [L1 52c 56]
POC   49 LId:  0 TId: 4 ( STSA, B-SLICE, QP 42 )        192 bits [Y 33.6342 dB    U 40.4623 dB    V 41.3232 dB] [ET     2 ] [L0 48 50] [L1 50c 52]
POC   51 LId:  0 TId: 4 ( STSA, B-SLICE, QP 42 )        200 bits [Y 32.3547 dB    U 40.3678 dB    V 41.2416 dB] [ET     2 ] [L0 50c 48] [L1 52 56]
POC   54 LId:  0 TId: 3 ( STSA, B-SLICE, QP 41 )        800 bits [Y 32.0991 dB    U 40.2540 dB    V 41.1260 dB] [ET     3 ] [L0 52c 48] [L1 56 64]
POC   53 LId:  0 TId: 4 ( STSA, B-SLICE, QP 42 )        200 bits [Y 32.2296 dB    U 40.3034 dB    V 41.1481 dB] [ET     2 ] [L0 52 48] [L1 54c 56]
POC   55 LId:  0 TId: 4 ( STSA, B-SLICE, QP 42 )        200 bits [Y 32.4772 dB    U 40.2700 dB    V 41.1032 dB] [ET     2 ] [L0 54c 52] [L1 56 64]
POC   60 LId:  0 TId: 2 ( STSA, B-SLICE, QP 40 )       1688 bits [Y 31.9736 dB    U 40.0791 dB    V 40.9598 dB] [ET     4 ] [L0 56c 48] [L1 64 56]
POC   58 LId:  0 TId: 3 ( STSA, B-SLICE, QP 41 )        776 bits [Y 31.9184 dB    U 40.1459 dB    V 41.0592 dB] [ET     3 ] [L0 56 48] [L1 60c 64]
POC   57 LId:  0 TId: 4 ( STSA, B-SLICE, QP 42 )        176 bits [Y 32.1528 dB    U 40.1439 dB    V 41.0483 dB] [ET     2 ] [L0 56 48] [L1 58c 60]
POC   59 LId:  0 TId: 4 ( STSA, B-SLICE, QP 42 )        240 bits [Y 31.8843 dB    U 40.1058 dB    V 40.9784 dB] [ET     2 ] [L0 58c 56] [L1 60 64]
POC   62 LId:  0 TId: 3 ( STSA, B-SLICE, QP 41 )        856 bits [Y 31.9067 dB    U 40.0500 dB    V 40.8945 dB] [ET     3 ] [L0 60c 56] [L1 64 60]
POC   61 LId:  0 TId: 4 ( STSA, B-SLICE, QP 42 )        224 bits [Y 31.9019 dB    U 40.0270 dB    V 40.9736 dB] [ET     2 ] [L0 60 56] [L1 62c 64]
POC   63 LId:  0 TId: 4 ( STSA, B-SLICE, QP 42 )        216 bits [Y 32.4126 dB    U 40.0091 dB    V 40.9009 dB] [ET     2 ] [L0 62c 60] [L1 64 62]

LayerId  0
	Total Frames |   Bitrate     Y-PSNR    U-PSNR    V-PSNR    YUV-PSNR   
	       65    a     278.5329   32.4960   40.3528   41.0652   33.8973

 finished @ Mon Jan 13 22:18:29 2025
 Total Time:      345.268 sec. [user]      345.268 sec. [elapsed]
