
VVCSoftware: VTM Encoder Version 10.0 [Windows][VS 1916][64 bit] [SIMD=AVX2] 

TOOL CFG: IBD:1 HAD:1 RDQ:1 RDQTS:1 RDpenalty:0 LQP:0 SQP:0 ASR:1 MinSearchWindow:96 RestrictMESampling:0 FEN:1 ECU:0 FDM:1 CFM:0 ESD:0 TransformSkip:1 TransformSkipFast:1 TransformSkipLog2MaxSize:5 ChromaTS:1 BDPCM:0 Tiles: 1x1 Slices: 1 MCTS:0 SAO:1 ALF:1 CCALF:1 WPP:0 WPB:0 PME:2  WaveFrontSynchro:0 WaveFrontSubstreams:1 ScalingList:0 TMVPMode:1  DQ:1  SignBitHidingFlag:0 RecalQP:0 
TOOL CFG: LFNST:1 MMVD:1 Affine:1 AffineType:1 PROF:1 SbTMVP:1 DualITree:1 IMV:1 BIO:1 LMChroma:1 HorCollocatedChroma:1 VerCollocatedChroma:0 MTS: 1(intra) 0(inter) SBT:1 ISP:1 SMVD:1 CompositeLTReference:0 Bcw:1 BcwFast:1 LADF:0 CIIP:1 Geo:1 AllowDisFracMMVD:1 AffineAmvr:1 AffineAmvrEncOpt:1 DMVR:1 MmvdDisNum:6 JointCbCr:1 ACT:0 PLT:0 IBC:0 HashME:0 WrapAround:0 VirtualBoundariesEnabledFlag:0 VirtualBoundariesPresentInSPSFlag:1 vertical virtual boundaries:[ ] horizontal virtual boundaries:[ ] Reshape:1 (Signal:SDR Opt:0 CSoffset:6) MRL:1 MIP:1 EncDbOpt:0 
FAST TOOL CFG: LCTUFast:1 FastMrg:1 PBIntraFast:1 IMV4PelFast:1 MTSMaxCand: 4(intra) 4(inter) ISPFast:0 FastLFNST:0 AMaxBT:1 E0023FastEnc:1 ContentBasedFastQtbt:0 UseNonLinearAlfLuma:1 UseNonLinearAlfChroma:1 MaxNumAlfAlternativesChroma:8 FastMIP:0 FastLocalDualTree:1 NumSplitThreads:1 NumWppThreads:1+0 EnsureWppBitEqual:0 RPR:0 TemporalFilter:0 


 started @ Mon Jan 13 23:09:01 2025
POC    0 LId:  0 TId: 0 ( IDR_N_LP, I-SLICE, QP 22 )     194920 bits [Y 42.0347 dB    U 44.2711 dB    V 45.0883 dB] [ET    24 ] [L0] [L1]
POC   16 LId:  0 TId: 0 ( TRAIL, B-SLICE, QP 26 )      55768 bits [Y 38.9688 dB    U 43.3117 dB    V 44.2722 dB] [ET    27 ] [L0 0] [L1 0c]
POC    8 LId:  0 TId: 1 ( STSA, B-SLICE, QP 26 )      33480 bits [Y 39.0013 dB    U 43.5408 dB    V 44.6290 dB] [ET    25 ] [L0 0 16] [L1 16c 0]
POC    4 LId:  0 TId: 2 ( STSA, B-SLICE, QP 30 )      11952 bits [Y 37.3084 dB    U 43.6368 dB    V 44.7532 dB] [ET    14 ] [L0 0 8] [L1 8c 16]
POC    2 LId:  0 TId: 3 ( STSA, B-SLICE, QP 31 )       3880 bits [Y 37.4420 dB    U 43.7885 dB    V 44.8032 dB] [ET     7 ] [L0 0 4] [L1 4c 8]
POC    1 LId:  0 TId: 4 ( STSA, B-SLICE, QP 33 )        688 bits [Y 38.1788 dB    U 43.9109 dB    V 44.9500 dB] [ET     3 ] [L0 0 2] [L1 2c 4]
POC    3 LId:  0 TId: 4 ( STSA, B-SLICE, QP 33 )        664 bits [Y 37.1462 dB    U 43.7489 dB    V 44.7624 dB] [ET     3 ] [L0 2c 0] [L1 4 8]
POC    6 LId:  0 TId: 3 ( STSA, B-SLICE, QP 31 )       4056 bits [Y 37.1413 dB    U 43.6222 dB    V 44.6294 dB] [ET     7 ] [L0 4c 0] [L1 8 16]
POC    5 LId:  0 TId: 4 ( STSA, B-SLICE, QP 33 )        720 bits [Y 37.1204 dB    U 43.5982 dB    V 44.6214 dB] [ET     3 ] [L0 4 0] [L1 6c 8]
POC    7 LId:  0 TId: 4 ( STSA, B-SLICE, QP 33 )        832 bits [Y 37.6429 dB    U 43.5289 dB    V 44.6594 dB] [ET     3 ] [L0 6c 4] [L1 8 16]
POC   12 LId:  0 TId: 2 ( STSA, B-SLICE, QP 30 )      12880 bits [Y 37.1489 dB    U 43.3879 dB    V 44.3529 dB] [ET    18 ] [L0 8 0] [L1 16c 8]
POC   10 LId:  0 TId: 3 ( STSA, B-SLICE, QP 31 )       3888 bits [Y 37.1644 dB    U 43.4613 dB    V 44.5268 dB] [ET     7 ] [L0 8 0] [L1 12c 16]
POC    9 LId:  0 TId: 4 ( STSA, B-SLICE, QP 33 )        696 bits [Y 37.5621 dB    U 43.5194 dB    V 44.6126 dB] [ET     3 ] [L0 8 0] [L1 10c 12]
POC   11 LId:  0 TId: 4 ( STSA, B-SLICE, QP 33 )        744 bits [Y 36.9494 dB    U 43.4000 dB    V 44.4986 dB] [ET     3 ] [L0 10c 8] [L1 12 16]
POC   14 LId:  0 TId: 3 ( STSA, B-SLICE, QP 31 )       4392 bits [Y 37.0609 dB    U 43.3568 dB    V 44.3548 dB] [ET     7 ] [L0 12c 8] [L1 16 12]
POC   13 LId:  0 TId: 4 ( STSA, B-SLICE, QP 33 )        664 bits [Y 36.8910 dB    U 43.4075 dB    V 44.4224 dB] [ET     3 ] [L0 12 8] [L1 14c 16]
POC   15 LId:  0 TId: 4 ( STSA, B-SLICE, QP 33 )        696 bits [Y 37.4444 dB    U 43.3064 dB    V 44.3381 dB] [ET     3 ] [L0 14c 12] [L1 16 14]
POC   32 LId:  0 TId: 0 ( CRA, I-SLICE, QP 22 )     199712 bits [Y 41.9618 dB    U 44.1718 dB    V 44.9220 dB] [ET    23 ] [L0] [L1]
POC   24 LId:  0 TId: 1 ( RASL, B-SLICE, QP 26 )      31224 bits [Y 39.2420 dB    U 44.1314 dB    V 45.2036 dB] [ET    20 ] [L0 16c 8] [L1 32 16]
POC   20 LId:  0 TId: 2 ( RASL, B-SLICE, QP 30 )      12008 bits [Y 37.5375 dB    U 43.9002 dB    V 44.9284 dB] [ET    12 ] [L0 16 8] [L1 24c 32]
POC   18 LId:  0 TId: 3 ( RASL, B-SLICE, QP 31 )       3824 bits [Y 37.2623 dB    U 43.8207 dB    V 44.8390 dB] [ET     8 ] [L0 16 8] [L1 20c 24]
POC   17 LId:  0 TId: 4 ( RASL, B-SLICE, QP 33 )        704 bits [Y 37.7225 dB    U 43.5934 dB    V 44.6482 dB] [ET     4 ] [L0 16 18] [L1 18c 20]
POC   19 LId:  0 TId: 4 ( RASL, B-SLICE, QP 33 )        720 bits [Y 37.2198 dB    U 43.8753 dB    V 44.9380 dB] [ET     3 ] [L0 18c 16] [L1 20 24]
POC   22 LId:  0 TId: 3 ( RASL, B-SLICE, QP 31 )       4520 bits [Y 37.5588 dB    U 44.0890 dB    V 45.0248 dB] [ET     9 ] [L0 20c 16] [L1 24 32]
POC   21 LId:  0 TId: 4 ( RASL, B-SLICE, QP 33 )        880 bits [Y 37.3868 dB    U 44.0879 dB    V 45.0806 dB] [ET     4 ] [L0 20 16] [L1 22c 24]
POC   23 LId:  0 TId: 4 ( RASL, B-SLICE, QP 33 )        776 bits [Y 37.9625 dB    U 44.1521 dB    V 45.1349 dB] [ET     3 ] [L0 22c 20] [L1 24 32]
POC   28 LId:  0 TId: 2 ( RASL, B-SLICE, QP 30 )      10856 bits [Y 37.5749 dB    U 44.1434 dB    V 45.0073 dB] [ET    12 ] [L0 24c 16] [L1 32 24]
POC   26 LId:  0 TId: 3 ( RASL, B-SLICE, QP 31 )       4088 bits [Y 37.4035 dB    U 44.0308 dB    V 45.0393 dB] [ET     8 ] [L0 24 16] [L1 28c 32]
POC   25 LId:  0 TId: 4 ( RASL, B-SLICE, QP 33 )        712 bits [Y 37.9190 dB    U 44.1534 dB    V 45.1644 dB] [ET     3 ] [L0 24 16] [L1 26c 28]
POC   27 LId:  0 TId: 4 ( RASL, B-SLICE, QP 33 )        688 bits [Y 37.1622 dB    U 44.1010 dB    V 45.0530 dB] [ET     4 ] [L0 26c 24] [L1 28 32]
POC   30 LId:  0 TId: 3 ( RASL, B-SLICE, QP 31 )       4656 bits [Y 37.3616 dB    U 44.0711 dB    V 45.0208 dB] [ET     9 ] [L0 28c 24] [L1 32 28]
POC   29 LId:  0 TId: 4 ( RASL, B-SLICE, QP 33 )        792 bits [Y 37.1272 dB    U 44.0843 dB    V 45.0507 dB] [ET     3 ] [L0 28 24] [L1 30c 32]
POC   31 LId:  0 TId: 4 ( RASL, B-SLICE, QP 33 )        712 bits [Y 38.3387 dB    U 44.0080 dB    V 44.9690 dB] [ET     3 ] [L0 30c 28] [L1 32 30]
POC   48 LId:  0 TId: 0 ( TRAIL, B-SLICE, QP 26 )      56968 bits [Y 38.9079 dB    U 43.2071 dB    V 44.2456 dB] [ET    29 ] [L0 32] [L1 32c]
POC   40 LId:  0 TId: 1 ( STSA, B-SLICE, QP 26 )      34184 bits [Y 38.9033 dB    U 43.4313 dB    V 44.3905 dB] [ET    27 ] [L0 32 48] [L1 48c 32]
POC   36 LId:  0 TId: 2 ( STSA, B-SLICE, QP 30 )      10976 bits [Y 37.3626 dB    U 43.5742 dB    V 44.4896 dB] [ET    16 ] [L0 32 40] [L1 40c 48]
POC   34 LId:  0 TId: 3 ( STSA, B-SLICE, QP 31 )       5744 bits [Y 37.1163 dB    U 43.6723 dB    V 44.6377 dB] [ET     9 ] [L0 32 36] [L1 36c 40]
POC   33 LId:  0 TId: 4 ( STSA, B-SLICE, QP 33 )        640 bits [Y 38.0290 dB    U 43.8250 dB    V 44.7515 dB] [ET     3 ] [L0 32 34] [L1 34c 36]
POC   35 LId:  0 TId: 4 ( STSA, B-SLICE, QP 33 )        952 bits [Y 36.9535 dB    U 43.6299 dB    V 44.4975 dB] [ET     3 ] [L0 34c 32] [L1 36 40]
POC   38 LId:  0 TId: 3 ( STSA, B-SLICE, QP 31 )       5208 bits [Y 36.8450 dB    U 43.4457 dB    V 44.3539 dB] [ET    11 ] [L0 36c 32] [L1 40 48]
POC   37 LId:  0 TId: 4 ( STSA, B-SLICE, QP 33 )        824 bits [Y 36.8168 dB    U 43.4455 dB    V 44.4295 dB] [ET     3 ] [L0 36 32] [L1 38c 40]
POC   39 LId:  0 TId: 4 ( STSA, B-SLICE, QP 33 )        656 bits [Y 37.2207 dB    U 43.4217 dB    V 44.3968 dB] [ET     3 ] [L0 38c 36] [L1 40 48]
POC   44 LId:  0 TId: 2 ( STSA, B-SLICE, QP 30 )      10976 bits [Y 37.1366 dB    U 43.2868 dB    V 44.3822 dB] [ET    18 ] [L0 40 32] [L1 48c 40]
POC   42 LId:  0 TId: 3 ( STSA, B-SLICE, QP 31 )       6192 bits [Y 36.7341 dB    U 43.3633 dB    V 44.4337 dB] [ET    12 ] [L0 40 32] [L1 44c 48]
POC   41 LId:  0 TId: 4 ( STSA, B-SLICE, QP 33 )        744 bits [Y 37.3960 dB    U 43.3701 dB    V 44.4384 dB] [ET     3 ] [L0 40 32] [L1 42c 44]
POC   43 LId:  0 TId: 4 ( STSA, B-SLICE, QP 33 )        712 bits [Y 36.6833 dB    U 43.3574 dB    V 44.3271 dB] [ET     4 ] [L0 42c 40] [L1 44 48]
POC   46 LId:  0 TId: 3 ( STSA, B-SLICE, QP 31 )       5832 bits [Y 36.5297 dB    U 43.2444 dB    V 44.2943 dB] [ET    12 ] [L0 44c 40] [L1 48 44]
POC   45 LId:  0 TId: 4 ( STSA, B-SLICE, QP 33 )        944 bits [Y 36.6133 dB    U 43.2152 dB    V 44.3182 dB] [ET     4 ] [L0 44 40] [L1 46c 48]
POC   47 LId:  0 TId: 4 ( STSA, B-SLICE, QP 33 )        824 bits [Y 37.0909 dB    U 43.2683 dB    V 44.3571 dB] [ET     4 ] [L0 46c 44] [L1 48 46]
POC   64 LId:  0 TId: 0 ( CRA, I-SLICE, QP 22 )     202528 bits [Y 41.9353 dB    U 44.0411 dB    V 44.9931 dB] [ET    23 ] [L0] [L1]
POC   56 LId:  0 TId: 1 ( RASL, B-SLICE, QP 26 )      34960 bits [Y 39.1313 dB    U 44.1203 dB    V 45.1028 dB] [ET    24 ] [L0 48c 40] [L1 64 48]
POC   52 LId:  0 TId: 2 ( RASL, B-SLICE, QP 30 )       9936 bits [Y 37.4177 dB    U 43.7571 dB    V 44.8650 dB] [ET    13 ] [L0 48 40] [L1 56c 64]
POC   50 LId:  0 TId: 3 ( RASL, B-SLICE, QP 31 )       5976 bits [Y 36.9280 dB    U 43.6045 dB    V 44.7925 dB] [ET    11 ] [L0 48 40] [L1 52c 56]
POC   49 LId:  0 TId: 4 ( RASL, B-SLICE, QP 33 )        536 bits [Y 37.1901 dB    U 43.5119 dB    V 44.6411 dB] [ET     3 ] [L0 48 50] [L1 50c 52]
POC   51 LId:  0 TId: 4 ( RASL, B-SLICE, QP 33 )        776 bits [Y 36.8532 dB    U 43.7542 dB    V 44.8765 dB] [ET     3 ] [L0 50c 48] [L1 52 56]
POC   54 LId:  0 TId: 3 ( RASL, B-SLICE, QP 31 )       6232 bits [Y 37.0736 dB    U 43.9177 dB    V 45.0642 dB] [ET    12 ] [L0 52c 48] [L1 56 64]
POC   53 LId:  0 TId: 4 ( RASL, B-SLICE, QP 33 )        832 bits [Y 37.0205 dB    U 43.8651 dB    V 44.9802 dB] [ET     4 ] [L0 52 48] [L1 54c 56]
POC   55 LId:  0 TId: 4 ( RASL, B-SLICE, QP 33 )        640 bits [Y 37.4459 dB    U 44.0802 dB    V 45.1759 dB] [ET     3 ] [L0 54c 52] [L1 56 64]
POC   60 LId:  0 TId: 2 ( RASL, B-SLICE, QP 30 )      10872 bits [Y 37.5684 dB    U 43.8741 dB    V 45.0442 dB] [ET    16 ] [L0 56c 48] [L1 64 56]
POC   58 LId:  0 TId: 3 ( RASL, B-SLICE, QP 31 )       5240 bits [Y 37.0030 dB    U 43.9558 dB    V 45.0504 dB] [ET    11 ] [L0 56 48] [L1 60c 64]
POC   57 LId:  0 TId: 4 ( RASL, B-SLICE, QP 33 )        880 bits [Y 37.4106 dB    U 43.9956 dB    V 45.0996 dB] [ET     4 ] [L0 56 48] [L1 58c 60]
POC   59 LId:  0 TId: 4 ( RASL, B-SLICE, QP 33 )       1136 bits [Y 36.8672 dB    U 43.9321 dB    V 45.0333 dB] [ET     4 ] [L0 58c 56] [L1 60 64]
POC   62 LId:  0 TId: 3 ( RASL, B-SLICE, QP 31 )       6952 bits [Y 36.9842 dB    U 43.9539 dB    V 45.0031 dB] [ET    11 ] [L0 60c 56] [L1 64 60]
POC   61 LId:  0 TId: 4 ( RASL, B-SLICE, QP 33 )        960 bits [Y 36.9403 dB    U 43.8872 dB    V 45.0254 dB] [ET     4 ] [L0 60 56] [L1 62c 64]
POC   63 LId:  0 TId: 4 ( RASL, B-SLICE, QP 33 )        792 bits [Y 37.6867 dB    U 43.8877 dB    V 44.9641 dB] [ET     4 ] [L0 62c 60] [L1 64 62]

LayerId  0
	Total Frames |   Bitrate     Y-PSNR    U-PSNR    V-PSNR    YUV-PSNR   
	       65    a     959.4609   37.6422   43.7247   44.7501   38.8394

 finished @ Mon Jan 13 23:19:30 2025
 Total Time:      629.743 sec. [user]      629.743 sec. [elapsed]
