
VVCSoftware: VTM Encoder Version 10.0 [Windows][VS 1916][64 bit] [SIMD=AVX2] 

TOOL CFG: IBD:1 HAD:1 RDQ:1 RDQTS:1 RDpenalty:0 LQP:0 SQP:0 ASR:1 MinSearchWindow:96 RestrictMESampling:0 FEN:1 ECU:0 FDM:1 CFM:0 ESD:0 TransformSkip:1 TransformSkipFast:1 TransformSkipLog2MaxSize:5 ChromaTS:1 BDPCM:0 Tiles: 1x1 Slices: 1 MCTS:0 SAO:1 ALF:1 CCALF:1 WPP:0 WPB:0 PME:2  WaveFrontSynchro:0 WaveFrontSubstreams:1 ScalingList:0 TMVPMode:1  DQ:1  SignBitHidingFlag:0 RecalQP:0 
TOOL CFG: LFNST:1 MMVD:1 Affine:1 AffineType:1 PROF:1 SbTMVP:1 DualITree:1 IMV:1 BIO:1 LMChroma:1 HorCollocatedChroma:1 VerCollocatedChroma:0 MTS: 1(intra) 0(inter) SBT:1 ISP:1 SMVD:1 CompositeLTReference:0 Bcw:1 BcwFast:1 LADF:0 CIIP:1 Geo:1 AllowDisFracMMVD:1 AffineAmvr:1 AffineAmvrEncOpt:1 DMVR:1 MmvdDisNum:6 JointCbCr:1 ACT:0 PLT:0 IBC:0 HashME:0 WrapAround:0 VirtualBoundariesEnabledFlag:0 VirtualBoundariesPresentInSPSFlag:1 vertical virtual boundaries:[ ] horizontal virtual boundaries:[ ] Reshape:1 (Signal:SDR Opt:0 CSoffset:6) MRL:1 MIP:1 EncDbOpt:0 
FAST TOOL CFG: LCTUFast:1 FastMrg:1 PBIntraFast:1 IMV4PelFast:1 MTSMaxCand: 4(intra) 4(inter) ISPFast:0 FastLFNST:0 AMaxBT:1 E0023FastEnc:1 ContentBasedFastQtbt:0 UseNonLinearAlfLuma:1 UseNonLinearAlfChroma:1 MaxNumAlfAlternativesChroma:8 FastMIP:0 FastLocalDualTree:1 NumSplitThreads:1 NumWppThreads:1+0 EnsureWppBitEqual:0 RPR:0 TemporalFilter:0 


 started @ Mon Jan 13 22:08:06 2025
POC    0 LId:  0 TId: 0 ( IDR_N_LP, I-SLICE, QP 31 )      88936 bits [Y 34.5224 dB    U 40.4507 dB    V 40.5465 dB] [ET    17 ] [L0] [L1]
POC   16 LId:  0 TId: 0 ( TRAIL, B-SLICE, QP 35 )      13696 bits [Y 32.4109 dB    U 40.0865 dB    V 40.1788 dB] [ET    17 ] [L0 0] [L1 0c]
POC    8 LId:  0 TId: 1 ( STSA, B-SLICE, QP 37 )       4808 bits [Y 32.3289 dB    U 40.2301 dB    V 40.4686 dB] [ET     8 ] [L0 0 16] [L1 16c 0]
POC    4 LId:  0 TId: 2 ( STSA, B-SLICE, QP 41 )       1320 bits [Y 31.8765 dB    U 40.3473 dB    V 40.5734 dB] [ET     3 ] [L0 0 8] [L1 8c 16]
POC    2 LId:  0 TId: 3 ( STSA, B-SLICE, QP 42 )        416 bits [Y 32.4563 dB    U 40.3771 dB    V 40.5774 dB] [ET     2 ] [L0 0 4] [L1 4c 8]
POC    1 LId:  0 TId: 4 ( STSA, B-SLICE, QP 43 )        216 bits [Y 33.2887 dB    U 40.4267 dB    V 40.5786 dB] [ET     1 ] [L0 0 2] [L1 2c 4]
POC    3 LId:  0 TId: 4 ( STSA, B-SLICE, QP 43 )        184 bits [Y 32.0563 dB    U 40.3445 dB    V 40.5549 dB] [ET     2 ] [L0 2c 0] [L1 4 8]
POC    6 LId:  0 TId: 3 ( STSA, B-SLICE, QP 42 )        696 bits [Y 31.8794 dB    U 40.2854 dB    V 40.5006 dB] [ET     3 ] [L0 4c 0] [L1 8 16]
POC    5 LId:  0 TId: 4 ( STSA, B-SLICE, QP 43 )        176 bits [Y 31.8794 dB    U 40.2883 dB    V 40.4870 dB] [ET     1 ] [L0 4 0] [L1 6c 8]
POC    7 LId:  0 TId: 4 ( STSA, B-SLICE, QP 43 )        160 bits [Y 32.0561 dB    U 40.2256 dB    V 40.4684 dB] [ET     1 ] [L0 6c 4] [L1 8 16]
POC   12 LId:  0 TId: 2 ( STSA, B-SLICE, QP 41 )       1600 bits [Y 31.4572 dB    U 40.2156 dB    V 40.3667 dB] [ET     4 ] [L0 8c 0] [L1 16 8]
POC   10 LId:  0 TId: 3 ( STSA, B-SLICE, QP 42 )        520 bits [Y 31.7311 dB    U 40.2240 dB    V 40.4019 dB] [ET     3 ] [L0 8 0] [L1 12c 16]
POC    9 LId:  0 TId: 4 ( STSA, B-SLICE, QP 43 )        144 bits [Y 32.0276 dB    U 40.2179 dB    V 40.4346 dB] [ET     1 ] [L0 8 0] [L1 10c 12]
POC   11 LId:  0 TId: 4 ( STSA, B-SLICE, QP 43 )        184 bits [Y 31.5929 dB    U 40.1986 dB    V 40.3990 dB] [ET     1 ] [L0 10c 8] [L1 12 16]
POC   14 LId:  0 TId: 3 ( STSA, B-SLICE, QP 42 )        504 bits [Y 31.6351 dB    U 40.1626 dB    V 40.2898 dB] [ET     3 ] [L0 12c 8] [L1 16 12]
POC   13 LId:  0 TId: 4 ( STSA, B-SLICE, QP 43 )        176 bits [Y 31.5237 dB    U 40.2053 dB    V 40.3420 dB] [ET     2 ] [L0 12 8] [L1 14c 16]
POC   15 LId:  0 TId: 4 ( STSA, B-SLICE, QP 43 )        152 bits [Y 32.0133 dB    U 40.1048 dB    V 40.2353 dB] [ET     1 ] [L0 14c 12] [L1 16 14]
POC   32 LId:  0 TId: 0 ( TRAIL, B-SLICE, QP 35 )      14600 bits [Y 32.2489 dB    U 39.8123 dB    V 40.0307 dB] [ET    15 ] [L0 16 0] [L1 16c 0]
POC   24 LId:  0 TId: 1 ( TRAIL, B-SLICE, QP 37 )       4648 bits [Y 31.8557 dB    U 39.8466 dB    V 40.1145 dB] [ET     9 ] [L0 16 8] [L1 32c 16]
POC   20 LId:  0 TId: 2 ( STSA, B-SLICE, QP 41 )       1800 bits [Y 31.3422 dB    U 40.0071 dB    V 40.1368 dB] [ET     5 ] [L0 16 8] [L1 24c 32]
POC   18 LId:  0 TId: 3 ( STSA, B-SLICE, QP 42 )        512 bits [Y 31.6334 dB    U 40.0441 dB    V 40.2012 dB] [ET     3 ] [L0 16 8] [L1 20c 24]
POC   17 LId:  0 TId: 4 ( STSA, B-SLICE, QP 43 )        152 bits [Y 32.0001 dB    U 40.0600 dB    V 40.2074 dB] [ET     1 ] [L0 16 18] [L1 18c 20]
POC   19 LId:  0 TId: 4 ( STSA, B-SLICE, QP 43 )        224 bits [Y 31.4417 dB    U 39.9746 dB    V 40.1806 dB] [ET     1 ] [L0 18c 16] [L1 20 24]
POC   22 LId:  0 TId: 3 ( STSA, B-SLICE, QP 42 )        632 bits [Y 31.3471 dB    U 39.9417 dB    V 40.1442 dB] [ET     3 ] [L0 20c 16] [L1 24 32]
POC   21 LId:  0 TId: 4 ( STSA, B-SLICE, QP 43 )        200 bits [Y 31.3193 dB    U 39.9965 dB    V 40.1696 dB] [ET     1 ] [L0 20 16] [L1 22c 24]
POC   23 LId:  0 TId: 4 ( STSA, B-SLICE, QP 43 )        208 bits [Y 31.6190 dB    U 39.8968 dB    V 40.1134 dB] [ET     1 ] [L0 22c 20] [L1 24 32]
POC   28 LId:  0 TId: 2 ( STSA, B-SLICE, QP 41 )       1184 bits [Y 31.2723 dB    U 39.8875 dB    V 40.0960 dB] [ET     4 ] [L0 24c 16] [L1 32 24]
POC   26 LId:  0 TId: 3 ( STSA, B-SLICE, QP 42 )        536 bits [Y 31.4267 dB    U 39.8648 dB    V 40.1164 dB] [ET     3 ] [L0 24 16] [L1 28c 32]
POC   25 LId:  0 TId: 4 ( STSA, B-SLICE, QP 43 )        224 bits [Y 31.6215 dB    U 39.8953 dB    V 40.1190 dB] [ET     1 ] [L0 24 16] [L1 26c 28]
POC   27 LId:  0 TId: 4 ( STSA, B-SLICE, QP 43 )        240 bits [Y 31.3255 dB    U 39.8671 dB    V 40.0949 dB] [ET     1 ] [L0 26c 24] [L1 28 32]
POC   30 LId:  0 TId: 3 ( STSA, B-SLICE, QP 42 )        416 bits [Y 31.3945 dB    U 39.8963 dB    V 40.0889 dB] [ET     3 ] [L0 28c 24] [L1 32 28]
POC   29 LId:  0 TId: 4 ( STSA, B-SLICE, QP 43 )        216 bits [Y 31.2527 dB    U 39.8522 dB    V 40.1031 dB] [ET     1 ] [L0 28 24] [L1 30c 32]
POC   31 LId:  0 TId: 4 ( STSA, B-SLICE, QP 43 )        160 bits [Y 31.7989 dB    U 39.8351 dB    V 40.0693 dB] [ET     1 ] [L0 30c 28] [L1 32 30]
POC   48 LId:  0 TId: 0 ( CRA, I-SLICE, QP 31 )      93096 bits [Y 34.4228 dB    U 40.0422 dB    V 40.8232 dB] [ET    16 ] [L0] [L1]
POC   40 LId:  0 TId: 1 ( RASL, B-SLICE, QP 37 )       4232 bits [Y 32.7086 dB    U 40.4378 dB    V 41.0424 dB] [ET     9 ] [L0 32c 24] [L1 48 32]
POC   36 LId:  0 TId: 2 ( RASL, B-SLICE, QP 41 )       1360 bits [Y 31.7754 dB    U 40.3739 dB    V 40.7196 dB] [ET     4 ] [L0 32 24] [L1 40c 48]
POC   34 LId:  0 TId: 3 ( RASL, B-SLICE, QP 42 )        704 bits [Y 31.7618 dB    U 40.1782 dB    V 40.7620 dB] [ET     3 ] [L0 32 24] [L1 36c 40]
POC   33 LId:  0 TId: 4 ( RASL, B-SLICE, QP 43 )        232 bits [Y 32.0606 dB    U 40.0448 dB    V 40.4552 dB] [ET     1 ] [L0 32 34] [L1 34c 36]
POC   35 LId:  0 TId: 4 ( RASL, B-SLICE, QP 43 )        248 bits [Y 31.7698 dB    U 40.3129 dB    V 40.8158 dB] [ET     2 ] [L0 34c 32] [L1 36 40]
POC   38 LId:  0 TId: 3 ( RASL, B-SLICE, QP 42 )        424 bits [Y 31.9042 dB    U 40.4284 dB    V 40.9334 dB] [ET     3 ] [L0 36c 32] [L1 40 48]
POC   37 LId:  0 TId: 4 ( RASL, B-SLICE, QP 43 )        312 bits [Y 31.7097 dB    U 40.3595 dB    V 40.8179 dB] [ET     2 ] [L0 36 32] [L1 38c 40]
POC   39 LId:  0 TId: 4 ( RASL, B-SLICE, QP 43 )        280 bits [Y 32.3186 dB    U 40.4370 dB    V 40.9968 dB] [ET     3 ] [L0 38c 36] [L1 40 48]
POC   44 LId:  0 TId: 2 ( RASL, B-SLICE, QP 41 )       1168 bits [Y 32.1461 dB    U 40.3760 dB    V 41.1139 dB] [ET     3 ] [L0 40c 32] [L1 48 40]
POC   42 LId:  0 TId: 3 ( RASL, B-SLICE, QP 42 )        464 bits [Y 32.1002 dB    U 40.4089 dB    V 41.1109 dB] [ET     3 ] [L0 40 32] [L1 44c 48]
POC   41 LId:  0 TId: 4 ( RASL, B-SLICE, QP 43 )        240 bits [Y 32.5007 dB    U 40.4166 dB    V 41.0642 dB] [ET     2 ] [L0 40 32] [L1 42c 44]
POC   43 LId:  0 TId: 4 ( RASL, B-SLICE, QP 43 )        224 bits [Y 32.1427 dB    U 40.3839 dB    V 41.0856 dB] [ET     3 ] [L0 42c 40] [L1 44 48]
POC   46 LId:  0 TId: 3 ( RASL, B-SLICE, QP 42 )        440 bits [Y 32.3311 dB    U 40.2209 dB    V 40.9976 dB] [ET     3 ] [L0 44c 40] [L1 48 44]
POC   45 LId:  0 TId: 4 ( RASL, B-SLICE, QP 43 )        208 bits [Y 32.2308 dB    U 40.2764 dB    V 41.0644 dB] [ET     2 ] [L0 44 40] [L1 46c 48]
POC   47 LId:  0 TId: 4 ( RASL, B-SLICE, QP 43 )        176 bits [Y 33.1461 dB    U 40.1434 dB    V 40.9431 dB] [ET     3 ] [L0 46c 44] [L1 48 46]
POC   64 LId:  0 TId: 0 ( TRAIL, B-SLICE, QP 35 )      14664 bits [Y 32.4129 dB    U 39.5653 dB    V 40.5170 dB] [ET    18 ] [L0 48] [L1 48c]
POC   56 LId:  0 TId: 1 ( STSA, B-SLICE, QP 37 )       4832 bits [Y 32.0851 dB    U 39.9068 dB    V 40.6697 dB] [ET    11 ] [L0 48 64] [L1 64c 48]
POC   52 LId:  0 TId: 2 ( STSA, B-SLICE, QP 41 )       1312 bits [Y 31.7724 dB    U 39.9052 dB    V 40.7771 dB] [ET     4 ] [L0 48 56] [L1 56c 64]
POC   50 LId:  0 TId: 3 ( STSA, B-SLICE, QP 42 )        592 bits [Y 32.2390 dB    U 39.9885 dB    V 40.7792 dB] [ET     2 ] [L0 48 52] [L1 52c 56]
POC   49 LId:  0 TId: 4 ( STSA, B-SLICE, QP 43 )        208 bits [Y 33.0874 dB    U 40.0116 dB    V 40.8433 dB] [ET     1 ] [L0 48 50] [L1 50c 52]
POC   51 LId:  0 TId: 4 ( STSA, B-SLICE, QP 43 )        216 bits [Y 31.8999 dB    U 39.9681 dB    V 40.7782 dB] [ET     2 ] [L0 50c 48] [L1 52 56]
POC   54 LId:  0 TId: 3 ( STSA, B-SLICE, QP 42 )        672 bits [Y 31.6228 dB    U 39.8678 dB    V 40.7019 dB] [ET     3 ] [L0 52c 48] [L1 56 64]
POC   53 LId:  0 TId: 4 ( STSA, B-SLICE, QP 43 )        216 bits [Y 31.7779 dB    U 39.9268 dB    V 40.7424 dB] [ET     2 ] [L0 52 48] [L1 54c 56]
POC   55 LId:  0 TId: 4 ( STSA, B-SLICE, QP 43 )        200 bits [Y 31.9311 dB    U 39.9048 dB    V 40.7162 dB] [ET     2 ] [L0 54c 52] [L1 56 64]
POC   60 LId:  0 TId: 2 ( STSA, B-SLICE, QP 41 )       1480 bits [Y 31.3750 dB    U 39.7147 dB    V 40.5992 dB] [ET     4 ] [L0 56c 48] [L1 64 56]
POC   58 LId:  0 TId: 3 ( STSA, B-SLICE, QP 42 )        688 bits [Y 31.4172 dB    U 39.8175 dB    V 40.6895 dB] [ET     3 ] [L0 56 48] [L1 60c 64]
POC   57 LId:  0 TId: 4 ( STSA, B-SLICE, QP 43 )        208 bits [Y 31.6946 dB    U 39.8103 dB    V 40.6627 dB] [ET     2 ] [L0 56 48] [L1 58c 60]
POC   59 LId:  0 TId: 4 ( STSA, B-SLICE, QP 43 )        216 bits [Y 31.2914 dB    U 39.7584 dB    V 40.6239 dB] [ET     2 ] [L0 58c 56] [L1 60 64]
POC   62 LId:  0 TId: 3 ( STSA, B-SLICE, QP 42 )        632 bits [Y 31.4532 dB    U 39.6984 dB    V 40.5599 dB] [ET     3 ] [L0 60c 56] [L1 64 60]
POC   61 LId:  0 TId: 4 ( STSA, B-SLICE, QP 43 )        200 bits [Y 31.4161 dB    U 39.6854 dB    V 40.6366 dB] [ET     2 ] [L0 60 56] [L1 62c 64]
POC   63 LId:  0 TId: 4 ( STSA, B-SLICE, QP 43 )        200 bits [Y 31.8731 dB    U 39.6258 dB    V 40.5483 dB] [ET     2 ] [L0 62c 60] [L1 64 62]

LayerId  0
	Total Frames |   Bitrate     Y-PSNR    U-PSNR    V-PSNR    YUV-PSNR   
	       65    a     249.4006   31.9694   40.0779   40.5382   33.3832

 finished @ Mon Jan 13 22:12:44 2025
 Total Time:      277.957 sec. [user]      277.958 sec. [elapsed]
