
VVCSoftware: VTM Encoder Version 10.0 [Windows][VS 1916][64 bit] [SIMD=AVX2] 

TOOL CFG: IBD:1 HAD:1 RDQ:1 RDQTS:1 RDpenalty:0 LQP:0 SQP:0 ASR:1 MinSearchWindow:96 RestrictMESampling:0 FEN:1 ECU:0 FDM:1 CFM:0 ESD:0 TransformSkip:1 TransformSkipFast:1 TransformSkipLog2MaxSize:5 ChromaTS:1 BDPCM:0 Tiles: 1x1 Slices: 1 MCTS:0 SAO:1 ALF:1 CCALF:1 WPP:0 WPB:0 PME:2  WaveFrontSynchro:0 WaveFrontSubstreams:1 ScalingList:0 TMVPMode:1  DQ:1  SignBitHidingFlag:0 RecalQP:0 
TOOL CFG: LFNST:1 MMVD:1 Affine:1 AffineType:1 PROF:1 SbTMVP:1 DualITree:1 IMV:1 BIO:1 LMChroma:1 HorCollocatedChroma:1 VerCollocatedChroma:0 MTS: 1(intra) 0(inter) SBT:1 ISP:1 SMVD:1 CompositeLTReference:0 Bcw:1 BcwFast:1 LADF:0 CIIP:1 Geo:1 AllowDisFracMMVD:1 AffineAmvr:1 AffineAmvrEncOpt:1 DMVR:1 MmvdDisNum:6 JointCbCr:1 ACT:0 PLT:0 IBC:0 HashME:0 WrapAround:0 VirtualBoundariesEnabledFlag:0 VirtualBoundariesPresentInSPSFlag:1 vertical virtual boundaries:[ ] horizontal virtual boundaries:[ ] Reshape:1 (Signal:SDR Opt:0 CSoffset:6) MRL:1 MIP:1 EncDbOpt:0 
FAST TOOL CFG: LCTUFast:1 FastMrg:1 PBIntraFast:1 IMV4PelFast:1 MTSMaxCand: 4(intra) 4(inter) ISPFast:0 FastLFNST:0 AMaxBT:1 E0023FastEnc:1 ContentBasedFastQtbt:0 UseNonLinearAlfLuma:1 UseNonLinearAlfChroma:1 MaxNumAlfAlternativesChroma:8 FastMIP:0 FastLocalDualTree:1 NumSplitThreads:1 NumWppThreads:1+0 EnsureWppBitEqual:0 RPR:0 TemporalFilter:0 


 started @ Mon Jan 13 23:19:31 2025
POC    0 LId:  0 TId: 0 ( IDR_N_LP, I-SLICE, QP 21 )     209232 bits [Y 42.8619 dB    U 44.7966 dB    V 45.5586 dB] [ET    25 ] [L0] [L1]
POC   16 LId:  0 TId: 0 ( TRAIL, B-SLICE, QP 25 )      63312 bits [Y 39.7460 dB    U 43.7519 dB    V 44.6754 dB] [ET    28 ] [L0 0] [L1 0c]
POC    8 LId:  0 TId: 1 ( STSA, B-SLICE, QP 25 )      39640 bits [Y 39.7366 dB    U 44.0516 dB    V 45.0169 dB] [ET    28 ] [L0 0 16] [L1 16c 0]
POC    4 LId:  0 TId: 2 ( STSA, B-SLICE, QP 29 )      14896 bits [Y 37.9467 dB    U 44.1562 dB    V 45.0728 dB] [ET    17 ] [L0 0 8] [L1 8c 16]
POC    2 LId:  0 TId: 3 ( STSA, B-SLICE, QP 30 )       5120 bits [Y 37.9079 dB    U 44.2275 dB    V 45.2018 dB] [ET     9 ] [L0 0 4] [L1 4c 8]
POC    1 LId:  0 TId: 4 ( STSA, B-SLICE, QP 32 )        944 bits [Y 38.6232 dB    U 44.3828 dB    V 45.3861 dB] [ET     3 ] [L0 0 2] [L1 2c 4]
POC    3 LId:  0 TId: 4 ( STSA, B-SLICE, QP 32 )        784 bits [Y 37.6030 dB    U 44.2154 dB    V 45.0765 dB] [ET     3 ] [L0 2c 0] [L1 4 8]
POC    6 LId:  0 TId: 3 ( STSA, B-SLICE, QP 30 )       5152 bits [Y 37.7247 dB    U 44.0518 dB    V 44.9668 dB] [ET     9 ] [L0 4c 0] [L1 8 16]
POC    5 LId:  0 TId: 4 ( STSA, B-SLICE, QP 32 )        848 bits [Y 37.7036 dB    U 44.0868 dB    V 44.9404 dB] [ET     4 ] [L0 4 0] [L1 6c 8]
POC    7 LId:  0 TId: 4 ( STSA, B-SLICE, QP 32 )       1048 bits [Y 38.2362 dB    U 44.0337 dB    V 45.0049 dB] [ET     4 ] [L0 6c 4] [L1 8 16]
POC   12 LId:  0 TId: 2 ( STSA, B-SLICE, QP 29 )      15632 bits [Y 37.7410 dB    U 43.8642 dB    V 44.7781 dB] [ET    19 ] [L0 8 0] [L1 16c 8]
POC   10 LId:  0 TId: 3 ( STSA, B-SLICE, QP 30 )       5024 bits [Y 37.7152 dB    U 43.9533 dB    V 44.8891 dB] [ET     8 ] [L0 8 0] [L1 12c 16]
POC    9 LId:  0 TId: 4 ( STSA, B-SLICE, QP 32 )        816 bits [Y 38.1159 dB    U 43.9819 dB    V 44.9554 dB] [ET     3 ] [L0 8 0] [L1 10c 12]
POC   11 LId:  0 TId: 4 ( STSA, B-SLICE, QP 32 )       1088 bits [Y 37.4555 dB    U 43.9222 dB    V 44.8777 dB] [ET     3 ] [L0 10c 8] [L1 12 16]
POC   14 LId:  0 TId: 3 ( STSA, B-SLICE, QP 30 )       5928 bits [Y 37.5889 dB    U 43.7973 dB    V 44.7028 dB] [ET     9 ] [L0 12c 8] [L1 16 12]
POC   13 LId:  0 TId: 4 ( STSA, B-SLICE, QP 32 )        848 bits [Y 37.4026 dB    U 43.8633 dB    V 44.8197 dB] [ET     4 ] [L0 12 8] [L1 14c 16]
POC   15 LId:  0 TId: 4 ( STSA, B-SLICE, QP 32 )        880 bits [Y 38.0317 dB    U 43.7530 dB    V 44.6969 dB] [ET     4 ] [L0 14c 12] [L1 16 14]
POC   32 LId:  0 TId: 0 ( CRA, I-SLICE, QP 21 )     215448 bits [Y 42.8367 dB    U 44.5818 dB    V 45.4107 dB] [ET    23 ] [L0] [L1]
POC   24 LId:  0 TId: 1 ( RASL, B-SLICE, QP 25 )      37544 bits [Y 39.9736 dB    U 44.4511 dB    V 45.5792 dB] [ET    25 ] [L0 16c 8] [L1 32 16]
POC   20 LId:  0 TId: 2 ( RASL, B-SLICE, QP 29 )      14328 bits [Y 38.0768 dB    U 44.3193 dB    V 45.3015 dB] [ET    38 ] [L0 16 8] [L1 24c 32]
POC   18 LId:  0 TId: 3 ( RASL, B-SLICE, QP 30 )       5008 bits [Y 37.8449 dB    U 44.2035 dB    V 45.1968 dB] [ET    33 ] [L0 16 8] [L1 20c 24]
POC   17 LId:  0 TId: 4 ( RASL, B-SLICE, QP 32 )        720 bits [Y 38.2286 dB    U 44.0360 dB    V 45.0001 dB] [ET    11 ] [L0 16 18] [L1 18c 20]
POC   19 LId:  0 TId: 4 ( RASL, B-SLICE, QP 32 )       1000 bits [Y 37.7463 dB    U 44.2565 dB    V 45.2734 dB] [ET    13 ] [L0 18c 16] [L1 20 24]
POC   22 LId:  0 TId: 3 ( RASL, B-SLICE, QP 30 )       5776 bits [Y 38.0616 dB    U 44.4433 dB    V 45.4343 dB] [ET    32 ] [L0 20c 16] [L1 24 32]
POC   21 LId:  0 TId: 4 ( RASL, B-SLICE, QP 32 )       1056 bits [Y 37.9257 dB    U 44.4454 dB    V 45.4627 dB] [ET    14 ] [L0 20 16] [L1 22c 24]
POC   23 LId:  0 TId: 4 ( RASL, B-SLICE, QP 32 )        872 bits [Y 38.4959 dB    U 44.4690 dB    V 45.5872 dB] [ET    11 ] [L0 22c 20] [L1 24 32]
POC   28 LId:  0 TId: 2 ( RASL, B-SLICE, QP 29 )      13504 bits [Y 38.1191 dB    U 44.4923 dB    V 45.4913 dB] [ET    40 ] [L0 24c 16] [L1 32 24]
POC   26 LId:  0 TId: 3 ( RASL, B-SLICE, QP 30 )       5280 bits [Y 37.8991 dB    U 44.4788 dB    V 45.4500 dB] [ET    34 ] [L0 24 16] [L1 28c 32]
POC   25 LId:  0 TId: 4 ( RASL, B-SLICE, QP 32 )        712 bits [Y 38.3759 dB    U 44.5381 dB    V 45.5916 dB] [ET    10 ] [L0 24 16] [L1 26c 28]
POC   27 LId:  0 TId: 4 ( RASL, B-SLICE, QP 32 )        840 bits [Y 37.6130 dB    U 44.5251 dB    V 45.5107 dB] [ET    12 ] [L0 26c 24] [L1 28 32]
POC   30 LId:  0 TId: 3 ( RASL, B-SLICE, QP 30 )       6184 bits [Y 37.8358 dB    U 44.4229 dB    V 45.4196 dB] [ET    34 ] [L0 28c 24] [L1 32 28]
POC   29 LId:  0 TId: 4 ( RASL, B-SLICE, QP 32 )        976 bits [Y 37.6054 dB    U 44.4596 dB    V 45.4764 dB] [ET    11 ] [L0 28 24] [L1 30c 32]
POC   31 LId:  0 TId: 4 ( RASL, B-SLICE, QP 32 )        744 bits [Y 38.7444 dB    U 44.3514 dB    V 45.3964 dB] [ET    11 ] [L0 30c 28] [L1 32 30]
POC   48 LId:  0 TId: 0 ( TRAIL, B-SLICE, QP 25 )      65488 bits [Y 39.7296 dB    U 43.6591 dB    V 44.6537 dB] [ET    83 ] [L0 32] [L1 32c]
POC   40 LId:  0 TId: 1 ( STSA, B-SLICE, QP 25 )      40560 bits [Y 39.6759 dB    U 43.8359 dB    V 44.8654 dB] [ET    88 ] [L0 32 48] [L1 48c 32]
POC   36 LId:  0 TId: 2 ( STSA, B-SLICE, QP 29 )      13312 bits [Y 37.9721 dB    U 43.9249 dB    V 44.8382 dB] [ET    59 ] [L0 32 40] [L1 40c 48]
POC   34 LId:  0 TId: 3 ( STSA, B-SLICE, QP 30 )       7096 bits [Y 37.5194 dB    U 44.0702 dB    V 45.0780 dB] [ET    40 ] [L0 32 36] [L1 36c 40]
POC   33 LId:  0 TId: 4 ( STSA, B-SLICE, QP 32 )        912 bits [Y 38.4061 dB    U 44.1664 dB    V 45.1754 dB] [ET    10 ] [L0 32 34] [L1 34c 36]
POC   35 LId:  0 TId: 4 ( STSA, B-SLICE, QP 32 )       1136 bits [Y 37.4763 dB    U 43.9779 dB    V 44.9050 dB] [ET    12 ] [L0 34c 32] [L1 36 40]
POC   38 LId:  0 TId: 3 ( STSA, B-SLICE, QP 30 )       7272 bits [Y 37.4915 dB    U 43.8811 dB    V 44.8116 dB] [ET    38 ] [L0 36c 32] [L1 40 48]
POC   37 LId:  0 TId: 4 ( STSA, B-SLICE, QP 32 )       1088 bits [Y 37.3955 dB    U 43.8522 dB    V 44.8363 dB] [ET    13 ] [L0 36 32] [L1 38c 40]
POC   39 LId:  0 TId: 4 ( STSA, B-SLICE, QP 32 )       1016 bits [Y 37.7989 dB    U 43.8137 dB    V 44.9001 dB] [ET    12 ] [L0 38c 36] [L1 40 48]
POC   44 LId:  0 TId: 2 ( STSA, B-SLICE, QP 29 )      13520 bits [Y 37.8003 dB    U 43.6807 dB    V 44.7850 dB] [ET    56 ] [L0 40 32] [L1 48c 40]
POC   42 LId:  0 TId: 3 ( STSA, B-SLICE, QP 30 )       7784 bits [Y 37.3247 dB    U 43.7442 dB    V 44.9225 dB] [ET    52 ] [L0 40 32] [L1 44c 48]
POC   41 LId:  0 TId: 4 ( STSA, B-SLICE, QP 32 )        760 bits [Y 37.8707 dB    U 43.7886 dB    V 44.9030 dB] [ET    13 ] [L0 40 32] [L1 42c 44]
POC   43 LId:  0 TId: 4 ( STSA, B-SLICE, QP 32 )       1008 bits [Y 37.2100 dB    U 43.7327 dB    V 44.7457 dB] [ET    14 ] [L0 42c 40] [L1 44 48]
POC   46 LId:  0 TId: 3 ( STSA, B-SLICE, QP 30 )       8336 bits [Y 37.2072 dB    U 43.5943 dB    V 44.6346 dB] [ET    45 ] [L0 44c 40] [L1 48 44]
POC   45 LId:  0 TId: 4 ( STSA, B-SLICE, QP 32 )       1112 bits [Y 37.3096 dB    U 43.5929 dB    V 44.6392 dB] [ET    15 ] [L0 44 40] [L1 46c 48]
POC   47 LId:  0 TId: 4 ( STSA, B-SLICE, QP 32 )        944 bits [Y 37.6399 dB    U 43.6697 dB    V 44.6557 dB] [ET    14 ] [L0 46c 44] [L1 48 46]
POC   64 LId:  0 TId: 0 ( CRA, I-SLICE, QP 21 )     217880 bits [Y 42.8162 dB    U 44.5481 dB    V 45.3776 dB] [ET    78 ] [L0] [L1]
POC   56 LId:  0 TId: 1 ( RASL, B-SLICE, QP 25 )      42032 bits [Y 39.9446 dB    U 44.4485 dB    V 45.4605 dB] [ET    74 ] [L0 48c 40] [L1 64 48]
POC   52 LId:  0 TId: 2 ( RASL, B-SLICE, QP 29 )      12544 bits [Y 38.0262 dB    U 44.0533 dB    V 45.2064 dB] [ET    39 ] [L0 48 40] [L1 56c 64]
POC   50 LId:  0 TId: 3 ( RASL, B-SLICE, QP 30 )       7448 bits [Y 37.4643 dB    U 43.9993 dB    V 45.1925 dB] [ET    40 ] [L0 48 40] [L1 52c 56]
POC   49 LId:  0 TId: 4 ( RASL, B-SLICE, QP 32 )        960 bits [Y 37.7205 dB    U 43.9161 dB    V 45.0276 dB] [ET    12 ] [L0 48 50] [L1 50c 52]
POC   51 LId:  0 TId: 4 ( RASL, B-SLICE, QP 32 )        864 bits [Y 37.3105 dB    U 44.0785 dB    V 45.1999 dB] [ET    13 ] [L0 50c 48] [L1 52 56]
POC   54 LId:  0 TId: 3 ( RASL, B-SLICE, QP 30 )       8432 bits [Y 37.6463 dB    U 44.2457 dB    V 45.4386 dB] [ET    43 ] [L0 52c 48] [L1 56 64]
POC   53 LId:  0 TId: 4 ( RASL, B-SLICE, QP 32 )       1104 bits [Y 37.5030 dB    U 44.1971 dB    V 45.3215 dB] [ET    14 ] [L0 52 48] [L1 54c 56]
POC   55 LId:  0 TId: 4 ( RASL, B-SLICE, QP 32 )        968 bits [Y 38.0336 dB    U 44.3978 dB    V 45.4691 dB] [ET    12 ] [L0 54c 52] [L1 56 64]
POC   60 LId:  0 TId: 2 ( RASL, B-SLICE, QP 29 )      13168 bits [Y 38.1988 dB    U 44.2198 dB    V 45.3216 dB] [ET    40 ] [L0 56c 48] [L1 64 56]
POC   58 LId:  0 TId: 3 ( RASL, B-SLICE, QP 30 )       7248 bits [Y 37.5972 dB    U 44.2906 dB    V 45.4412 dB] [ET    38 ] [L0 56 48] [L1 60c 64]
POC   57 LId:  0 TId: 4 ( RASL, B-SLICE, QP 32 )       1160 bits [Y 37.8769 dB    U 44.3413 dB    V 45.3946 dB] [ET    12 ] [L0 56 48] [L1 58c 60]
POC   59 LId:  0 TId: 4 ( RASL, B-SLICE, QP 32 )       1200 bits [Y 37.2928 dB    U 44.2824 dB    V 45.3463 dB] [ET    16 ] [L0 58c 56] [L1 60 64]
POC   62 LId:  0 TId: 3 ( RASL, B-SLICE, QP 30 )       8496 bits [Y 37.4570 dB    U 44.3317 dB    V 45.3304 dB] [ET    46 ] [L0 60c 56] [L1 64 60]
POC   61 LId:  0 TId: 4 ( RASL, B-SLICE, QP 32 )        920 bits [Y 37.4251 dB    U 44.2787 dB    V 45.3809 dB] [ET    14 ] [L0 60 56] [L1 62c 64]
POC   63 LId:  0 TId: 4 ( RASL, B-SLICE, QP 32 )       1000 bits [Y 38.1443 dB    U 44.2760 dB    V 45.2849 dB] [ET    15 ] [L0 62c 60] [L1 64 62]

LayerId  0
	Total Frames |   Bitrate     Y-PSNR    U-PSNR    V-PSNR    YUV-PSNR   
	       65    a    1087.3403   38.2124   44.1270   45.1345   39.3785

 finished @ Mon Jan 13 23:46:47 2025
 Total Time:     1635.979 sec. [user]     1635.979 sec. [elapsed]
