
VVCSoftware: VTM Encoder Version 10.0 [Windows][VS 1916][64 bit] [SIMD=AVX2] 

TOOL CFG: IBD:1 HAD:1 RDQ:1 RDQTS:1 RDpenalty:0 LQP:0 SQP:0 ASR:1 MinSearchWindow:96 RestrictMESampling:0 FEN:1 ECU:0 FDM:1 CFM:0 ESD:0 TransformSkip:1 TransformSkipFast:1 TransformSkipLog2MaxSize:5 ChromaTS:1 BDPCM:0 Tiles: 1x1 Slices: 1 MCTS:0 SAO:1 ALF:1 CCALF:1 WPP:0 WPB:0 PME:2  WaveFrontSynchro:0 WaveFrontSubstreams:1 ScalingList:0 TMVPMode:1  DQ:1  SignBitHidingFlag:0 RecalQP:0 
TOOL CFG: LFNST:1 MMVD:1 Affine:1 AffineType:1 PROF:1 SbTMVP:1 DualITree:1 IMV:1 BIO:1 LMChroma:1 HorCollocatedChroma:1 VerCollocatedChroma:0 MTS: 1(intra) 0(inter) SBT:1 ISP:1 SMVD:1 CompositeLTReference:0 Bcw:1 BcwFast:1 LADF:0 CIIP:1 Geo:1 AllowDisFracMMVD:1 AffineAmvr:1 AffineAmvrEncOpt:1 DMVR:1 MmvdDisNum:6 JointCbCr:1 ACT:0 PLT:0 IBC:0 HashME:0 WrapAround:0 VirtualBoundariesEnabledFlag:0 VirtualBoundariesPresentInSPSFlag:1 vertical virtual boundaries:[ ] horizontal virtual boundaries:[ ] Reshape:1 (Signal:SDR Opt:0 CSoffset:6) MRL:1 MIP:1 EncDbOpt:0 
FAST TOOL CFG: LCTUFast:1 FastMrg:1 PBIntraFast:1 IMV4PelFast:1 MTSMaxCand: 4(intra) 4(inter) ISPFast:0 FastLFNST:0 AMaxBT:1 E0023FastEnc:1 ContentBasedFastQtbt:0 UseNonLinearAlfLuma:1 UseNonLinearAlfChroma:1 MaxNumAlfAlternativesChroma:8 FastMIP:0 FastLocalDualTree:1 NumSplitThreads:1 NumWppThreads:1+0 EnsureWppBitEqual:0 RPR:0 TemporalFilter:0 


 started @ Mon Jan 13 22:17:26 2025
POC    0 LId:  0 TId: 0 ( IDR_N_LP, I-SLICE, QP 29 )     106152 bits [Y 35.9329 dB    U 41.0792 dB    V 41.7272 dB] [ET    18 ] [L0] [L1]
POC   16 LId:  0 TId: 0 ( TRAIL, B-SLICE, QP 33 )      19568 bits [Y 33.7379 dB    U 40.5812 dB    V 41.0467 dB] [ET    20 ] [L0 0] [L1 0c]
POC    8 LId:  0 TId: 1 ( STSA, B-SLICE, QP 35 )       6832 bits [Y 33.5051 dB    U 40.7382 dB    V 41.4071 dB] [ET     9 ] [L0 0 16] [L1 16c 0]
POC    4 LId:  0 TId: 2 ( STSA, B-SLICE, QP 38 )       2376 bits [Y 32.9924 dB    U 40.8661 dB    V 41.5842 dB] [ET     5 ] [L0 0 8] [L1 8c 16]
POC    2 LId:  0 TId: 3 ( STSA, B-SLICE, QP 40 )        704 bits [Y 33.5881 dB    U 40.9140 dB    V 41.6537 dB] [ET     3 ] [L0 0 4] [L1 4c 8]
POC    1 LId:  0 TId: 4 ( STSA, B-SLICE, QP 41 )        240 bits [Y 34.4083 dB    U 40.9609 dB    V 41.7262 dB] [ET     1 ] [L0 0 2] [L1 2c 4]
POC    3 LId:  0 TId: 4 ( STSA, B-SLICE, QP 41 )        200 bits [Y 33.1532 dB    U 40.8769 dB    V 41.5996 dB] [ET     2 ] [L0 2c 0] [L1 4 8]
POC    6 LId:  0 TId: 3 ( STSA, B-SLICE, QP 40 )        712 bits [Y 32.8751 dB    U 40.8121 dB    V 41.4777 dB] [ET     3 ] [L0 4c 0] [L1 8 16]
POC    5 LId:  0 TId: 4 ( STSA, B-SLICE, QP 41 )        208 bits [Y 32.9621 dB    U 40.8029 dB    V 41.4745 dB] [ET     2 ] [L0 4 0] [L1 6c 8]
POC    7 LId:  0 TId: 4 ( STSA, B-SLICE, QP 41 )        200 bits [Y 33.1666 dB    U 40.7457 dB    V 41.4272 dB] [ET     2 ] [L0 6c 4] [L1 8 16]
POC   12 LId:  0 TId: 2 ( STSA, B-SLICE, QP 38 )       2592 bits [Y 32.6627 dB    U 40.6885 dB    V 41.2597 dB] [ET     7 ] [L0 8c 0] [L1 16 8]
POC   10 LId:  0 TId: 3 ( STSA, B-SLICE, QP 40 )        696 bits [Y 32.8048 dB    U 40.7015 dB    V 41.3250 dB] [ET     3 ] [L0 8 0] [L1 12c 16]
POC    9 LId:  0 TId: 4 ( STSA, B-SLICE, QP 41 )        232 bits [Y 33.1716 dB    U 40.7136 dB    V 41.3702 dB] [ET     2 ] [L0 8 0] [L1 10c 12]
POC   11 LId:  0 TId: 4 ( STSA, B-SLICE, QP 41 )        216 bits [Y 32.7008 dB    U 40.6925 dB    V 41.3031 dB] [ET     2 ] [L0 10c 8] [L1 12 16]
POC   14 LId:  0 TId: 3 ( STSA, B-SLICE, QP 40 )        608 bits [Y 32.6476 dB    U 40.6532 dB    V 41.1421 dB] [ET     3 ] [L0 12c 8] [L1 16 12]
POC   13 LId:  0 TId: 4 ( STSA, B-SLICE, QP 41 )        168 bits [Y 32.6092 dB    U 40.6759 dB    V 41.2400 dB] [ET     2 ] [L0 12 8] [L1 14c 16]
POC   15 LId:  0 TId: 4 ( STSA, B-SLICE, QP 41 )        200 bits [Y 33.1442 dB    U 40.5576 dB    V 41.1047 dB] [ET     1 ] [L0 14c 12] [L1 16 14]
POC   32 LId:  0 TId: 0 ( CRA, I-SLICE, QP 29 )     110048 bits [Y 35.8952 dB    U 40.9410 dB    V 41.8744 dB] [ET    18 ] [L0] [L1]
POC   24 LId:  0 TId: 1 ( RASL, B-SLICE, QP 35 )       6192 bits [Y 33.9935 dB    U 41.0762 dB    V 41.9679 dB] [ET    10 ] [L0 16c 8] [L1 32 16]
POC   20 LId:  0 TId: 2 ( RASL, B-SLICE, QP 38 )       2808 bits [Y 33.1761 dB    U 41.1180 dB    V 41.7404 dB] [ET     7 ] [L0 16 8] [L1 24c 32]
POC   18 LId:  0 TId: 3 ( RASL, B-SLICE, QP 40 )        824 bits [Y 33.1975 dB    U 40.9017 dB    V 41.5628 dB] [ET     4 ] [L0 16 8] [L1 20c 24]
POC   17 LId:  0 TId: 4 ( RASL, B-SLICE, QP 41 )        256 bits [Y 33.5241 dB    U 40.7816 dB    V 41.3575 dB] [ET     1 ] [L0 16 18] [L1 18c 20]
POC   19 LId:  0 TId: 4 ( RASL, B-SLICE, QP 41 )        232 bits [Y 33.1237 dB    U 40.9788 dB    V 41.6895 dB] [ET     3 ] [L0 18c 16] [L1 20 24]
POC   22 LId:  0 TId: 3 ( RASL, B-SLICE, QP 40 )        880 bits [Y 33.1069 dB    U 41.2270 dB    V 41.9076 dB] [ET     4 ] [L0 20c 16] [L1 24 32]
POC   21 LId:  0 TId: 4 ( RASL, B-SLICE, QP 41 )        304 bits [Y 33.1256 dB    U 41.1773 dB    V 41.8685 dB] [ET     1 ] [L0 20 16] [L1 22c 24]
POC   23 LId:  0 TId: 4 ( RASL, B-SLICE, QP 41 )        264 bits [Y 33.5997 dB    U 41.1775 dB    V 41.9448 dB] [ET     3 ] [L0 22c 20] [L1 24 32]
POC   28 LId:  0 TId: 2 ( RASL, B-SLICE, QP 38 )       1920 bits [Y 33.3982 dB    U 41.1782 dB    V 42.0110 dB] [ET     4 ] [L0 24c 16] [L1 32 24]
POC   26 LId:  0 TId: 3 ( RASL, B-SLICE, QP 40 )        712 bits [Y 33.3838 dB    U 41.1675 dB    V 41.9928 dB] [ET     4 ] [L0 24 16] [L1 28c 32]
POC   25 LId:  0 TId: 4 ( RASL, B-SLICE, QP 41 )        216 bits [Y 33.5815 dB    U 41.1539 dB    V 41.9884 dB] [ET     1 ] [L0 24 16] [L1 26c 28]
POC   27 LId:  0 TId: 4 ( RASL, B-SLICE, QP 41 )        304 bits [Y 33.3991 dB    U 41.1942 dB    V 42.0084 dB] [ET     2 ] [L0 26c 24] [L1 28 32]
POC   30 LId:  0 TId: 3 ( RASL, B-SLICE, QP 40 )        560 bits [Y 33.5467 dB    U 41.1141 dB    V 41.9938 dB] [ET     3 ] [L0 28c 24] [L1 32 28]
POC   29 LId:  0 TId: 4 ( RASL, B-SLICE, QP 41 )        256 bits [Y 33.3359 dB    U 41.1127 dB    V 42.0392 dB] [ET     1 ] [L0 28 24] [L1 30c 32]
POC   31 LId:  0 TId: 4 ( RASL, B-SLICE, QP 41 )        240 bits [Y 34.4759 dB    U 40.9847 dB    V 41.9394 dB] [ET     1 ] [L0 30c 28] [L1 32 30]
POC   48 LId:  0 TId: 0 ( TRAIL, B-SLICE, QP 33 )      18816 bits [Y 33.6313 dB    U 40.4593 dB    V 41.4914 dB] [ET    19 ] [L0 32] [L1 32c]
POC   40 LId:  0 TId: 1 ( STSA, B-SLICE, QP 35 )       5984 bits [Y 33.3684 dB    U 40.6652 dB    V 41.6558 dB] [ET    10 ] [L0 32 48] [L1 48c 32]
POC   36 LId:  0 TId: 2 ( STSA, B-SLICE, QP 38 )       1992 bits [Y 33.0531 dB    U 40.8036 dB    V 41.6679 dB] [ET     5 ] [L0 32 40] [L1 40c 48]
POC   34 LId:  0 TId: 3 ( STSA, B-SLICE, QP 40 )        672 bits [Y 33.2011 dB    U 40.8501 dB    V 41.7805 dB] [ET     3 ] [L0 32 36] [L1 36c 40]
POC   33 LId:  0 TId: 4 ( STSA, B-SLICE, QP 41 )        240 bits [Y 34.2307 dB    U 40.9026 dB    V 41.8577 dB] [ET     2 ] [L0 32 34] [L1 34c 36]
POC   35 LId:  0 TId: 4 ( STSA, B-SLICE, QP 41 )        296 bits [Y 32.9850 dB    U 40.8375 dB    V 41.6928 dB] [ET     2 ] [L0 34c 32] [L1 36 40]
POC   38 LId:  0 TId: 3 ( STSA, B-SLICE, QP 40 )        656 bits [Y 32.7824 dB    U 40.7229 dB    V 41.6497 dB] [ET     3 ] [L0 36c 32] [L1 40 48]
POC   37 LId:  0 TId: 4 ( STSA, B-SLICE, QP 41 )        464 bits [Y 32.9082 dB    U 40.7267 dB    V 41.6479 dB] [ET     2 ] [L0 36 32] [L1 38c 40]
POC   39 LId:  0 TId: 4 ( STSA, B-SLICE, QP 41 )        232 bits [Y 32.9927 dB    U 40.6709 dB    V 41.6668 dB] [ET     2 ] [L0 38c 36] [L1 40 48]
POC   44 LId:  0 TId: 2 ( STSA, B-SLICE, QP 38 )       2096 bits [Y 32.6296 dB    U 40.6120 dB    V 41.6357 dB] [ET     5 ] [L0 40c 32] [L1 48 40]
POC   42 LId:  0 TId: 3 ( STSA, B-SLICE, QP 40 )        592 bits [Y 32.4186 dB    U 40.6290 dB    V 41.6581 dB] [ET     3 ] [L0 40 32] [L1 44c 48]
POC   41 LId:  0 TId: 4 ( STSA, B-SLICE, QP 41 )        232 bits [Y 33.0460 dB    U 40.6271 dB    V 41.6302 dB] [ET     2 ] [L0 40 32] [L1 42c 44]
POC   43 LId:  0 TId: 4 ( STSA, B-SLICE, QP 41 )        280 bits [Y 32.3475 dB    U 40.6133 dB    V 41.5924 dB] [ET     2 ] [L0 42c 40] [L1 44 48]
POC   46 LId:  0 TId: 3 ( STSA, B-SLICE, QP 40 )        584 bits [Y 32.5039 dB    U 40.5319 dB    V 41.5238 dB] [ET     3 ] [L0 44c 40] [L1 48 44]
POC   45 LId:  0 TId: 4 ( STSA, B-SLICE, QP 41 )        264 bits [Y 32.5495 dB    U 40.5394 dB    V 41.5869 dB] [ET     2 ] [L0 44 40] [L1 46c 48]
POC   47 LId:  0 TId: 4 ( STSA, B-SLICE, QP 41 )        208 bits [Y 33.0361 dB    U 40.5068 dB    V 41.5603 dB] [ET     2 ] [L0 46c 44] [L1 48 46]
POC   64 LId:  0 TId: 0 ( CRA, I-SLICE, QP 29 )     111416 bits [Y 35.8534 dB    U 40.6939 dB    V 41.7118 dB] [ET    19 ] [L0] [L1]
POC   56 LId:  0 TId: 1 ( RASL, B-SLICE, QP 35 )       6736 bits [Y 33.6740 dB    U 41.1507 dB    V 42.1060 dB] [ET    12 ] [L0 48c 40] [L1 64 48]
POC   52 LId:  0 TId: 2 ( RASL, B-SLICE, QP 38 )       2736 bits [Y 33.2042 dB    U 40.9951 dB    V 41.9866 dB] [ET     6 ] [L0 48 40] [L1 56c 64]
POC   50 LId:  0 TId: 3 ( RASL, B-SLICE, QP 40 )        688 bits [Y 32.8949 dB    U 40.9060 dB    V 41.8256 dB] [ET     3 ] [L0 48 40] [L1 52c 56]
POC   49 LId:  0 TId: 4 ( RASL, B-SLICE, QP 41 )        192 bits [Y 33.1851 dB    U 40.7346 dB    V 41.7569 dB] [ET     3 ] [L0 48 50] [L1 50c 52]
POC   51 LId:  0 TId: 4 ( RASL, B-SLICE, QP 41 )        248 bits [Y 32.9408 dB    U 41.0155 dB    V 41.9187 dB] [ET     2 ] [L0 50c 48] [L1 52 56]
POC   54 LId:  0 TId: 3 ( RASL, B-SLICE, QP 40 )       1112 bits [Y 32.9873 dB    U 41.0845 dB    V 41.9760 dB] [ET     5 ] [L0 52c 48] [L1 56 64]
POC   53 LId:  0 TId: 4 ( RASL, B-SLICE, QP 41 )        208 bits [Y 33.1090 dB    U 41.1031 dB    V 41.9797 dB] [ET     2 ] [L0 52 48] [L1 54c 56]
POC   55 LId:  0 TId: 4 ( RASL, B-SLICE, QP 41 )        232 bits [Y 33.3173 dB    U 41.1552 dB    V 42.0315 dB] [ET     3 ] [L0 54c 52] [L1 56 64]
POC   60 LId:  0 TId: 2 ( RASL, B-SLICE, QP 38 )       2504 bits [Y 33.3518 dB    U 40.9531 dB    V 41.9302 dB] [ET     6 ] [L0 56c 48] [L1 64 56]
POC   58 LId:  0 TId: 3 ( RASL, B-SLICE, QP 40 )        992 bits [Y 33.0711 dB    U 41.0147 dB    V 42.0079 dB] [ET     4 ] [L0 56 48] [L1 60c 64]
POC   57 LId:  0 TId: 4 ( RASL, B-SLICE, QP 41 )        280 bits [Y 33.3237 dB    U 41.0194 dB    V 42.0035 dB] [ET     3 ] [L0 56 48] [L1 58c 60]
POC   59 LId:  0 TId: 4 ( RASL, B-SLICE, QP 41 )        272 bits [Y 33.0159 dB    U 40.9909 dB    V 41.8958 dB] [ET     2 ] [L0 58c 56] [L1 60 64]
POC   62 LId:  0 TId: 3 ( RASL, B-SLICE, QP 40 )        792 bits [Y 33.1878 dB    U 40.9309 dB    V 41.8035 dB] [ET     3 ] [L0 60c 56] [L1 64 60]
POC   61 LId:  0 TId: 4 ( RASL, B-SLICE, QP 41 )        256 bits [Y 33.2015 dB    U 40.9118 dB    V 41.8909 dB] [ET     3 ] [L0 60 56] [L1 62c 64]
POC   63 LId:  0 TId: 4 ( RASL, B-SLICE, QP 41 )        240 bits [Y 34.0710 dB    U 40.7832 dB    V 41.7513 dB] [ET     3 ] [L0 62c 60] [L1 64 62]

LayerId  0
	Total Frames |   Bitrate     Y-PSNR    U-PSNR    V-PSNR    YUV-PSNR   
	       65    a     397.3218   33.3231   40.8690   41.7020   34.6999

 finished @ Mon Jan 13 22:22:58 2025
 Total Time:      331.937 sec. [user]      331.937 sec. [elapsed]
