
VVCSoftware: VTM Encoder Version 10.0 [Windows][VS 1916][64 bit] [SIMD=AVX2] 

TOOL CFG: IBD:1 HAD:1 RDQ:1 RDQTS:1 RDpenalty:0 LQP:0 SQP:0 ASR:1 MinSearchWindow:96 RestrictMESampling:0 FEN:1 ECU:0 FDM:1 CFM:0 ESD:0 TransformSkip:1 TransformSkipFast:1 TransformSkipLog2MaxSize:5 ChromaTS:1 BDPCM:0 Tiles: 1x1 Slices: 1 MCTS:0 SAO:1 ALF:1 CCALF:1 WPP:0 WPB:0 PME:2  WaveFrontSynchro:0 WaveFrontSubstreams:1 ScalingList:0 TMVPMode:1  DQ:1  SignBitHidingFlag:0 RecalQP:0 
TOOL CFG: LFNST:1 MMVD:1 Affine:1 AffineType:1 PROF:1 SbTMVP:1 DualITree:1 IMV:1 BIO:1 LMChroma:1 HorCollocatedChroma:1 VerCollocatedChroma:0 MTS: 1(intra) 0(inter) SBT:1 ISP:1 SMVD:1 CompositeLTReference:0 Bcw:1 BcwFast:1 LADF:0 CIIP:1 Geo:1 AllowDisFracMMVD:1 AffineAmvr:1 AffineAmvrEncOpt:1 DMVR:1 MmvdDisNum:6 JointCbCr:1 ACT:0 PLT:0 IBC:0 HashME:0 WrapAround:0 VirtualBoundariesEnabledFlag:0 VirtualBoundariesPresentInSPSFlag:1 vertical virtual boundaries:[ ] horizontal virtual boundaries:[ ] Reshape:1 (Signal:SDR Opt:0 CSoffset:6) MRL:1 MIP:1 EncDbOpt:0 
FAST TOOL CFG: LCTUFast:1 FastMrg:1 PBIntraFast:1 IMV4PelFast:1 MTSMaxCand: 4(intra) 4(inter) ISPFast:0 FastLFNST:0 AMaxBT:1 E0023FastEnc:1 ContentBasedFastQtbt:0 UseNonLinearAlfLuma:1 UseNonLinearAlfChroma:1 MaxNumAlfAlternativesChroma:8 FastMIP:0 FastLocalDualTree:1 NumSplitThreads:1 NumWppThreads:1+0 EnsureWppBitEqual:0 RPR:0 TemporalFilter:0 


 started @ Mon Jan 13 23:00:28 2025
POC    0 LId:  0 TId: 0 ( IDR_N_LP, I-SLICE, QP 23 )     179976 bits [Y 41.1517 dB    U 43.8436 dB    V 44.5289 dB] [ET    23 ] [L0] [L1]
POC   16 LId:  0 TId: 0 ( TRAIL, B-SLICE, QP 27 )      47600 bits [Y 38.1650 dB    U 42.9664 dB    V 43.7873 dB] [ET    30 ] [L0 0] [L1 0c]
POC    8 LId:  0 TId: 1 ( STSA, B-SLICE, QP 28 )      22840 bits [Y 37.7874 dB    U 43.0996 dB    V 44.0454 dB] [ET    23 ] [L0 0 16] [L1 16c 0]
POC    4 LId:  0 TId: 2 ( STSA, B-SLICE, QP 31 )       9800 bits [Y 36.6538 dB    U 43.3555 dB    V 44.1939 dB] [ET    14 ] [L0 0 8] [L1 8c 16]
POC    2 LId:  0 TId: 3 ( STSA, B-SLICE, QP 32 )       2600 bits [Y 36.7934 dB    U 43.4544 dB    V 44.3109 dB] [ET     6 ] [L0 0 4] [L1 4c 8]
POC    1 LId:  0 TId: 4 ( STSA, B-SLICE, QP 34 )        576 bits [Y 37.9670 dB    U 43.5239 dB    V 44.4237 dB] [ET     2 ] [L0 0 2] [L1 2c 4]
POC    3 LId:  0 TId: 4 ( STSA, B-SLICE, QP 34 )        632 bits [Y 36.5567 dB    U 43.4083 dB    V 44.2219 dB] [ET     3 ] [L0 2c 0] [L1 4 8]
POC    6 LId:  0 TId: 3 ( STSA, B-SLICE, QP 32 )       3064 bits [Y 36.4211 dB    U 43.2594 dB    V 44.0794 dB] [ET     6 ] [L0 4c 0] [L1 8 16]
POC    5 LId:  0 TId: 4 ( STSA, B-SLICE, QP 34 )        632 bits [Y 36.4474 dB    U 43.2429 dB    V 44.0454 dB] [ET     3 ] [L0 4 0] [L1 6c 8]
POC    7 LId:  0 TId: 4 ( STSA, B-SLICE, QP 34 )        720 bits [Y 36.8260 dB    U 43.1238 dB    V 44.0164 dB] [ET     3 ] [L0 6c 4] [L1 8 16]
POC   12 LId:  0 TId: 2 ( STSA, B-SLICE, QP 31 )      10760 bits [Y 36.4863 dB    U 43.0400 dB    V 43.8316 dB] [ET    17 ] [L0 8c 0] [L1 16 8]
POC   10 LId:  0 TId: 3 ( STSA, B-SLICE, QP 32 )       3144 bits [Y 36.5095 dB    U 43.0488 dB    V 43.8972 dB] [ET     6 ] [L0 8 0] [L1 12c 16]
POC    9 LId:  0 TId: 4 ( STSA, B-SLICE, QP 34 )        656 bits [Y 36.8387 dB    U 43.0844 dB    V 43.9568 dB] [ET     3 ] [L0 8 0] [L1 10c 12]
POC   11 LId:  0 TId: 4 ( STSA, B-SLICE, QP 34 )        632 bits [Y 36.3280 dB    U 43.0557 dB    V 43.8915 dB] [ET     4 ] [L0 10c 8] [L1 12 16]
POC   14 LId:  0 TId: 3 ( STSA, B-SLICE, QP 32 )       3648 bits [Y 36.2878 dB    U 42.9835 dB    V 43.7918 dB] [ET     8 ] [L0 12c 8] [L1 16 12]
POC   13 LId:  0 TId: 4 ( STSA, B-SLICE, QP 34 )        664 bits [Y 36.2984 dB    U 43.0487 dB    V 43.8558 dB] [ET     3 ] [L0 12 8] [L1 14c 16]
POC   15 LId:  0 TId: 4 ( STSA, B-SLICE, QP 34 )        712 bits [Y 36.8052 dB    U 42.9336 dB    V 43.8002 dB] [ET     3 ] [L0 14c 12] [L1 16 14]
POC   32 LId:  0 TId: 0 ( TRAIL, B-SLICE, QP 27 )      47416 bits [Y 38.0387 dB    U 42.7956 dB    V 43.5254 dB] [ET    25 ] [L0 16 0] [L1 16c 0]
POC   24 LId:  0 TId: 1 ( TRAIL, B-SLICE, QP 28 )      22880 bits [Y 37.4501 dB    U 42.8334 dB    V 43.6519 dB] [ET    18 ] [L0 16 8] [L1 32c 16]
POC   20 LId:  0 TId: 2 ( STSA, B-SLICE, QP 31 )       9768 bits [Y 36.4710 dB    U 42.8980 dB    V 43.6457 dB] [ET    14 ] [L0 16 8] [L1 24c 32]
POC   18 LId:  0 TId: 3 ( STSA, B-SLICE, QP 32 )       3240 bits [Y 36.4699 dB    U 42.9446 dB    V 43.7353 dB] [ET     7 ] [L0 16 8] [L1 20c 24]
POC   17 LId:  0 TId: 4 ( STSA, B-SLICE, QP 34 )        512 bits [Y 37.0035 dB    U 42.9491 dB    V 43.7675 dB] [ET     3 ] [L0 16 18] [L1 18c 20]
POC   19 LId:  0 TId: 4 ( STSA, B-SLICE, QP 34 )        616 bits [Y 36.2449 dB    U 42.8625 dB    V 43.6680 dB] [ET     3 ] [L0 18c 16] [L1 20 24]
POC   22 LId:  0 TId: 3 ( STSA, B-SLICE, QP 32 )       3544 bits [Y 36.3231 dB    U 42.9024 dB    V 43.6206 dB] [ET     8 ] [L0 20c 16] [L1 24 32]
POC   21 LId:  0 TId: 4 ( STSA, B-SLICE, QP 34 )        744 bits [Y 36.3414 dB    U 42.9343 dB    V 43.6524 dB] [ET     3 ] [L0 20 16] [L1 22c 24]
POC   23 LId:  0 TId: 4 ( STSA, B-SLICE, QP 34 )        592 bits [Y 36.6850 dB    U 42.8783 dB    V 43.6236 dB] [ET     3 ] [L0 22c 20] [L1 24 32]
POC   28 LId:  0 TId: 2 ( STSA, B-SLICE, QP 31 )       9336 bits [Y 36.3934 dB    U 42.7835 dB    V 43.4840 dB] [ET    13 ] [L0 24c 16] [L1 32 24]
POC   26 LId:  0 TId: 3 ( STSA, B-SLICE, QP 32 )       3104 bits [Y 36.2667 dB    U 42.8103 dB    V 43.5604 dB] [ET     7 ] [L0 24 16] [L1 28c 32]
POC   25 LId:  0 TId: 4 ( STSA, B-SLICE, QP 34 )        608 bits [Y 36.6410 dB    U 42.8761 dB    V 43.6379 dB] [ET     4 ] [L0 24 16] [L1 26c 28]
POC   27 LId:  0 TId: 4 ( STSA, B-SLICE, QP 34 )        600 bits [Y 36.1289 dB    U 42.8233 dB    V 43.5336 dB] [ET     3 ] [L0 26c 24] [L1 28 32]
POC   30 LId:  0 TId: 3 ( STSA, B-SLICE, QP 32 )       3784 bits [Y 36.1325 dB    U 42.7965 dB    V 43.4867 dB] [ET     8 ] [L0 28c 24] [L1 32 28]
POC   29 LId:  0 TId: 4 ( STSA, B-SLICE, QP 34 )        776 bits [Y 36.1285 dB    U 42.7322 dB    V 43.4540 dB] [ET     4 ] [L0 28 24] [L1 30c 32]
POC   31 LId:  0 TId: 4 ( STSA, B-SLICE, QP 34 )        608 bits [Y 36.7601 dB    U 42.8286 dB    V 43.5089 dB] [ET     3 ] [L0 30c 28] [L1 32 30]
POC   48 LId:  0 TId: 0 ( CRA, I-SLICE, QP 23 )     188016 bits [Y 41.1258 dB    U 43.6221 dB    V 44.5363 dB] [ET    23 ] [L0] [L1]
POC   40 LId:  0 TId: 1 ( RASL, B-SLICE, QP 28 )      22632 bits [Y 38.0664 dB    U 43.6626 dB    V 44.4733 dB] [ET    18 ] [L0 32c 24] [L1 48 32]
POC   36 LId:  0 TId: 2 ( RASL, B-SLICE, QP 31 )       9184 bits [Y 36.8394 dB    U 43.4329 dB    V 44.1916 dB] [ET    15 ] [L0 32 24] [L1 40c 48]
POC   34 LId:  0 TId: 3 ( RASL, B-SLICE, QP 32 )       4024 bits [Y 36.3712 dB    U 43.2337 dB    V 44.0399 dB] [ET     8 ] [L0 32 24] [L1 36c 40]
POC   33 LId:  0 TId: 4 ( RASL, B-SLICE, QP 34 )        576 bits [Y 36.8560 dB    U 43.0687 dB    V 43.8219 dB] [ET     3 ] [L0 32 34] [L1 34c 36]
POC   35 LId:  0 TId: 4 ( RASL, B-SLICE, QP 34 )        648 bits [Y 36.4331 dB    U 43.4043 dB    V 44.1196 dB] [ET     3 ] [L0 34c 32] [L1 36 40]
POC   38 LId:  0 TId: 3 ( RASL, B-SLICE, QP 32 )       3952 bits [Y 36.5096 dB    U 43.5905 dB    V 44.3453 dB] [ET     9 ] [L0 36c 32] [L1 40 48]
POC   37 LId:  0 TId: 4 ( RASL, B-SLICE, QP 34 )        712 bits [Y 36.4700 dB    U 43.5059 dB    V 44.3118 dB] [ET     3 ] [L0 36 32] [L1 38c 40]
POC   39 LId:  0 TId: 4 ( RASL, B-SLICE, QP 34 )        584 bits [Y 36.8347 dB    U 43.6603 dB    V 44.5045 dB] [ET     3 ] [L0 38c 36] [L1 40 48]
POC   44 LId:  0 TId: 2 ( RASL, B-SLICE, QP 31 )       8624 bits [Y 36.9902 dB    U 43.6652 dB    V 44.6513 dB] [ET    15 ] [L0 40c 32] [L1 48 40]
POC   42 LId:  0 TId: 3 ( RASL, B-SLICE, QP 32 )       4992 bits [Y 36.5171 dB    U 43.6833 dB    V 44.6195 dB] [ET    11 ] [L0 40 32] [L1 44c 48]
POC   41 LId:  0 TId: 4 ( RASL, B-SLICE, QP 34 )        504 bits [Y 37.0454 dB    U 43.7188 dB    V 44.6356 dB] [ET     3 ] [L0 40 32] [L1 42c 44]
POC   43 LId:  0 TId: 4 ( RASL, B-SLICE, QP 34 )        560 bits [Y 36.5627 dB    U 43.6850 dB    V 44.6093 dB] [ET     4 ] [L0 42c 40] [L1 44 48]
POC   46 LId:  0 TId: 3 ( RASL, B-SLICE, QP 32 )       4184 bits [Y 36.4766 dB    U 43.6179 dB    V 44.5817 dB] [ET    10 ] [L0 44c 40] [L1 48 44]
POC   45 LId:  0 TId: 4 ( RASL, B-SLICE, QP 34 )        808 bits [Y 36.5961 dB    U 43.6576 dB    V 44.5868 dB] [ET     4 ] [L0 44 40] [L1 46c 48]
POC   47 LId:  0 TId: 4 ( RASL, B-SLICE, QP 34 )        608 bits [Y 37.2951 dB    U 43.5745 dB    V 44.5587 dB] [ET     3 ] [L0 46c 44] [L1 48 46]
POC   64 LId:  0 TId: 0 ( TRAIL, B-SLICE, QP 27 )      51456 bits [Y 38.1494 dB    U 42.7736 dB    V 43.8705 dB] [ET    29 ] [L0 48] [L1 48c]
POC   56 LId:  0 TId: 1 ( STSA, B-SLICE, QP 28 )      25792 bits [Y 37.6967 dB    U 43.1142 dB    V 44.0253 dB] [ET    23 ] [L0 48 64] [L1 64c 48]
POC   52 LId:  0 TId: 2 ( STSA, B-SLICE, QP 31 )       8800 bits [Y 36.7122 dB    U 43.2028 dB    V 44.2477 dB] [ET    12 ] [L0 48 56] [L1 56c 64]
POC   50 LId:  0 TId: 3 ( STSA, B-SLICE, QP 32 )       3848 bits [Y 36.3547 dB    U 43.2666 dB    V 44.2714 dB] [ET     9 ] [L0 48 52] [L1 52c 56]
POC   49 LId:  0 TId: 4 ( STSA, B-SLICE, QP 34 )        424 bits [Y 37.1235 dB    U 43.3818 dB    V 44.4265 dB] [ET     2 ] [L0 48 50] [L1 50c 52]
POC   51 LId:  0 TId: 4 ( STSA, B-SLICE, QP 34 )        704 bits [Y 36.0300 dB    U 43.2399 dB    V 44.2503 dB] [ET     3 ] [L0 50c 48] [L1 52 56]
POC   54 LId:  0 TId: 3 ( STSA, B-SLICE, QP 32 )       5296 bits [Y 36.2444 dB    U 43.0971 dB    V 44.2014 dB] [ET    12 ] [L0 52c 48] [L1 56 64]
POC   53 LId:  0 TId: 4 ( STSA, B-SLICE, QP 34 )        768 bits [Y 36.3165 dB    U 43.1714 dB    V 44.1880 dB] [ET     4 ] [L0 52 48] [L1 54c 56]
POC   55 LId:  0 TId: 4 ( STSA, B-SLICE, QP 34 )        576 bits [Y 36.6548 dB    U 43.1653 dB    V 44.1268 dB] [ET     3 ] [L0 54c 52] [L1 56 64]
POC   60 LId:  0 TId: 2 ( STSA, B-SLICE, QP 31 )       8992 bits [Y 36.3997 dB    U 42.8889 dB    V 43.9337 dB] [ET    16 ] [L0 56c 48] [L1 64 56]
POC   58 LId:  0 TId: 3 ( STSA, B-SLICE, QP 32 )       4992 bits [Y 36.1735 dB    U 42.9676 dB    V 44.0089 dB] [ET    10 ] [L0 56 48] [L1 60c 64]
POC   57 LId:  0 TId: 4 ( STSA, B-SLICE, QP 34 )        696 bits [Y 36.4675 dB    U 42.9899 dB    V 43.9590 dB] [ET     4 ] [L0 56 48] [L1 58c 60]
POC   59 LId:  0 TId: 4 ( STSA, B-SLICE, QP 34 )        752 bits [Y 35.8930 dB    U 42.8484 dB    V 43.9492 dB] [ET     4 ] [L0 58c 56] [L1 60 64]
POC   62 LId:  0 TId: 3 ( STSA, B-SLICE, QP 32 )       5288 bits [Y 35.9430 dB    U 42.8383 dB    V 43.8843 dB] [ET    10 ] [L0 60c 56] [L1 64 60]
POC   61 LId:  0 TId: 4 ( STSA, B-SLICE, QP 34 )        744 bits [Y 35.9644 dB    U 42.8528 dB    V 43.9201 dB] [ET     3 ] [L0 60 56] [L1 62c 64]
POC   63 LId:  0 TId: 4 ( STSA, B-SLICE, QP 34 )        560 bits [Y 36.4280 dB    U 42.8374 dB    V 43.8795 dB] [ET     3 ] [L0 62c 60] [L1 64 62]

LayerId  0
	Total Frames |   Bitrate     Y-PSNR    U-PSNR    V-PSNR    YUV-PSNR   
	       65    a     708.0738   36.8207   43.1622   44.0302   38.0689

 finished @ Mon Jan 13 23:10:28 2025
 Total Time:      599.849 sec. [user]      599.850 sec. [elapsed]
