
VVCSoftware: VTM Encoder Version 10.0 [Windows][VS 1916][64 bit] [SIMD=AVX2] 

TOOL CFG: IBD:1 HAD:1 RDQ:1 RDQTS:1 RDpenalty:0 LQP:0 SQP:0 ASR:1 MinSearchWindow:96 RestrictMESampling:0 FEN:1 ECU:0 FDM:1 CFM:0 ESD:0 TransformSkip:1 TransformSkipFast:1 TransformSkipLog2MaxSize:5 ChromaTS:1 BDPCM:0 Tiles: 1x1 Slices: 1 MCTS:0 SAO:1 ALF:1 CCALF:1 WPP:0 WPB:0 PME:2  WaveFrontSynchro:0 WaveFrontSubstreams:1 ScalingList:0 TMVPMode:1  DQ:1  SignBitHidingFlag:0 RecalQP:0 
TOOL CFG: LFNST:1 MMVD:1 Affine:1 AffineType:1 PROF:1 SbTMVP:1 DualITree:1 IMV:1 BIO:1 LMChroma:1 HorCollocatedChroma:1 VerCollocatedChroma:0 MTS: 1(intra) 0(inter) SBT:1 ISP:1 SMVD:1 CompositeLTReference:0 Bcw:1 BcwFast:1 LADF:0 CIIP:1 Geo:1 AllowDisFracMMVD:1 AffineAmvr:1 AffineAmvrEncOpt:1 DMVR:1 MmvdDisNum:6 JointCbCr:1 ACT:0 PLT:0 IBC:0 HashME:0 WrapAround:0 VirtualBoundariesEnabledFlag:0 VirtualBoundariesPresentInSPSFlag:1 vertical virtual boundaries:[ ] horizontal virtual boundaries:[ ] Reshape:1 (Signal:SDR Opt:0 CSoffset:6) MRL:1 MIP:1 EncDbOpt:0 
FAST TOOL CFG: LCTUFast:1 FastMrg:1 PBIntraFast:1 IMV4PelFast:1 MTSMaxCand: 4(intra) 4(inter) ISPFast:0 FastLFNST:0 AMaxBT:1 E0023FastEnc:1 ContentBasedFastQtbt:0 UseNonLinearAlfLuma:1 UseNonLinearAlfChroma:1 MaxNumAlfAlternativesChroma:8 FastMIP:0 FastLocalDualTree:1 NumSplitThreads:1 NumWppThreads:1+0 EnsureWppBitEqual:0 RPR:0 TemporalFilter:0 


 started @ Mon Jan 13 22:25:52 2025
POC    0 LId:  0 TId: 0 ( IDR_N_LP, I-SLICE, QP 28 )     116472 bits [Y 36.7181 dB    U 41.5237 dB    V 42.2126 dB] [ET    19 ] [L0] [L1]
POC   16 LId:  0 TId: 0 ( TRAIL, B-SLICE, QP 32 )      22408 bits [Y 34.4085 dB    U 41.0323 dB    V 41.4302 dB] [ET    22 ] [L0 0] [L1 0c]
POC    8 LId:  0 TId: 1 ( STSA, B-SLICE, QP 34 )       7720 bits [Y 34.0420 dB    U 41.1967 dB    V 41.8795 dB] [ET    12 ] [L0 0 16] [L1 16c 0]
POC    4 LId:  0 TId: 2 ( STSA, B-SLICE, QP 37 )       2896 bits [Y 33.5585 dB    U 41.3427 dB    V 42.0586 dB] [ET     6 ] [L0 0 8] [L1 8c 16]
POC    2 LId:  0 TId: 3 ( STSA, B-SLICE, QP 38 )        896 bits [Y 34.1630 dB    U 41.3607 dB    V 42.1043 dB] [ET     3 ] [L0 0 4] [L1 4c 8]
POC    1 LId:  0 TId: 4 ( STSA, B-SLICE, QP 40 )        240 bits [Y 34.9979 dB    U 41.4280 dB    V 42.1808 dB] [ET     1 ] [L0 0 2] [L1 2c 4]
POC    3 LId:  0 TId: 4 ( STSA, B-SLICE, QP 40 )        328 bits [Y 33.7868 dB    U 41.3475 dB    V 42.0585 dB] [ET     2 ] [L0 2c 0] [L1 4 8]
POC    6 LId:  0 TId: 3 ( STSA, B-SLICE, QP 38 )       1000 bits [Y 33.4321 dB    U 41.2850 dB    V 41.9625 dB] [ET     3 ] [L0 4c 0] [L1 8 16]
POC    5 LId:  0 TId: 4 ( STSA, B-SLICE, QP 40 )        200 bits [Y 33.4951 dB    U 41.3037 dB    V 41.9563 dB] [ET     2 ] [L0 4 0] [L1 6c 8]
POC    7 LId:  0 TId: 4 ( STSA, B-SLICE, QP 40 )        208 bits [Y 33.6550 dB    U 41.2018 dB    V 41.9142 dB] [ET     2 ] [L0 6c 4] [L1 8 16]
POC   12 LId:  0 TId: 2 ( STSA, B-SLICE, QP 37 )       3216 bits [Y 33.2146 dB    U 41.1663 dB    V 41.7203 dB] [ET     7 ] [L0 8c 0] [L1 16 8]
POC   10 LId:  0 TId: 3 ( STSA, B-SLICE, QP 38 )        944 bits [Y 33.3682 dB    U 41.1494 dB    V 41.8132 dB] [ET     4 ] [L0 8 0] [L1 12c 16]
POC    9 LId:  0 TId: 4 ( STSA, B-SLICE, QP 40 )        264 bits [Y 33.6724 dB    U 41.1571 dB    V 41.8577 dB] [ET     1 ] [L0 8 0] [L1 10c 12]
POC   11 LId:  0 TId: 4 ( STSA, B-SLICE, QP 40 )        256 bits [Y 33.2283 dB    U 41.1449 dB    V 41.7760 dB] [ET     2 ] [L0 10c 8] [L1 12 16]
POC   14 LId:  0 TId: 3 ( STSA, B-SLICE, QP 38 )        792 bits [Y 33.2192 dB    U 41.1227 dB    V 41.6086 dB] [ET     4 ] [L0 12c 8] [L1 16 12]
POC   13 LId:  0 TId: 4 ( STSA, B-SLICE, QP 40 )        200 bits [Y 33.1439 dB    U 41.1251 dB    V 41.6931 dB] [ET     2 ] [L0 12 8] [L1 14c 16]
POC   15 LId:  0 TId: 4 ( STSA, B-SLICE, QP 40 )        152 bits [Y 33.6829 dB    U 41.0328 dB    V 41.5425 dB] [ET     1 ] [L0 14c 12] [L1 16 14]
POC   32 LId:  0 TId: 0 ( TRAIL, B-SLICE, QP 32 )      22640 bits [Y 34.1992 dB    U 40.7586 dB    V 41.4474 dB] [ET    19 ] [L0 16 0] [L1 16c 0]
POC   24 LId:  0 TId: 1 ( TRAIL, B-SLICE, QP 34 )       7400 bits [Y 33.6214 dB    U 40.8042 dB    V 41.4491 dB] [ET    11 ] [L0 16 8] [L1 32c 16]
POC   20 LId:  0 TId: 2 ( STSA, B-SLICE, QP 37 )       3112 bits [Y 33.1052 dB    U 40.9165 dB    V 41.4046 dB] [ET     7 ] [L0 16 8] [L1 24c 32]
POC   18 LId:  0 TId: 3 ( STSA, B-SLICE, QP 38 )       1128 bits [Y 33.4329 dB    U 40.9810 dB    V 41.4909 dB] [ET     4 ] [L0 16 8] [L1 20c 24]
POC   17 LId:  0 TId: 4 ( STSA, B-SLICE, QP 40 )        216 bits [Y 33.8449 dB    U 41.0305 dB    V 41.4904 dB] [ET     3 ] [L0 16 18] [L1 18c 20]
POC   19 LId:  0 TId: 4 ( STSA, B-SLICE, QP 40 )        336 bits [Y 33.1792 dB    U 40.9046 dB    V 41.4508 dB] [ET     1 ] [L0 18c 16] [L1 20 24]
POC   22 LId:  0 TId: 3 ( STSA, B-SLICE, QP 38 )       1216 bits [Y 33.1088 dB    U 40.8961 dB    V 41.4207 dB] [ET     5 ] [L0 20c 16] [L1 24 32]
POC   21 LId:  0 TId: 4 ( STSA, B-SLICE, QP 40 )        272 bits [Y 33.0703 dB    U 40.9188 dB    V 41.4377 dB] [ET     3 ] [L0 20 16] [L1 22c 24]
POC   23 LId:  0 TId: 4 ( STSA, B-SLICE, QP 40 )        224 bits [Y 33.3093 dB    U 40.8533 dB    V 41.4493 dB] [ET     3 ] [L0 22c 20] [L1 24 32]
POC   28 LId:  0 TId: 2 ( STSA, B-SLICE, QP 37 )       2296 bits [Y 32.9539 dB    U 40.8349 dB    V 41.4928 dB] [ET     5 ] [L0 24c 16] [L1 32 24]
POC   26 LId:  0 TId: 3 ( STSA, B-SLICE, QP 38 )        984 bits [Y 33.1238 dB    U 40.8117 dB    V 41.4445 dB] [ET     4 ] [L0 24 16] [L1 28c 32]
POC   25 LId:  0 TId: 4 ( STSA, B-SLICE, QP 40 )        248 bits [Y 33.3205 dB    U 40.8402 dB    V 41.4519 dB] [ET     3 ] [L0 24 16] [L1 26c 28]
POC   27 LId:  0 TId: 4 ( STSA, B-SLICE, QP 40 )        272 bits [Y 32.9731 dB    U 40.8284 dB    V 41.4729 dB] [ET     3 ] [L0 26c 24] [L1 28 32]
POC   30 LId:  0 TId: 3 ( STSA, B-SLICE, QP 38 )       1040 bits [Y 33.0677 dB    U 40.8338 dB    V 41.4635 dB] [ET     4 ] [L0 28c 24] [L1 32 28]
POC   29 LId:  0 TId: 4 ( STSA, B-SLICE, QP 40 )        280 bits [Y 32.8760 dB    U 40.8062 dB    V 41.4996 dB] [ET     3 ] [L0 28 24] [L1 30c 32]
POC   31 LId:  0 TId: 4 ( STSA, B-SLICE, QP 40 )        264 bits [Y 33.6114 dB    U 40.7730 dB    V 41.4550 dB] [ET     1 ] [L0 30c 28] [L1 32 30]
POC   48 LId:  0 TId: 0 ( TRAIL, B-SLICE, QP 32 )      22944 bits [Y 34.0351 dB    U 40.3763 dB    V 41.2753 dB] [ET    18 ] [L0 32 16] [L1 32c 16]
POC   40 LId:  0 TId: 1 ( TRAIL, B-SLICE, QP 34 )       7120 bits [Y 33.4805 dB    U 40.5424 dB    V 41.3684 dB] [ET    14 ] [L0 32 24] [L1 48c 32]
POC   36 LId:  0 TId: 2 ( STSA, B-SLICE, QP 37 )       2728 bits [Y 32.9622 dB    U 40.6821 dB    V 41.3936 dB] [ET     7 ] [L0 32 24] [L1 40c 48]
POC   34 LId:  0 TId: 3 ( STSA, B-SLICE, QP 38 )       1040 bits [Y 32.9753 dB    U 40.7232 dB    V 41.4470 dB] [ET     4 ] [L0 32 24] [L1 36c 40]
POC   33 LId:  0 TId: 4 ( STSA, B-SLICE, QP 40 )        304 bits [Y 33.4956 dB    U 40.7323 dB    V 41.4565 dB] [ET     3 ] [L0 32 34] [L1 34c 36]
POC   35 LId:  0 TId: 4 ( STSA, B-SLICE, QP 40 )        288 bits [Y 32.8895 dB    U 40.7321 dB    V 41.4155 dB] [ET     3 ] [L0 34c 32] [L1 36 40]
POC   38 LId:  0 TId: 3 ( STSA, B-SLICE, QP 38 )        872 bits [Y 32.7735 dB    U 40.6101 dB    V 41.4071 dB] [ET     4 ] [L0 36c 32] [L1 40 48]
POC   37 LId:  0 TId: 4 ( STSA, B-SLICE, QP 40 )        408 bits [Y 32.8090 dB    U 40.6225 dB    V 41.3819 dB] [ET     3 ] [L0 36 32] [L1 38c 40]
POC   39 LId:  0 TId: 4 ( STSA, B-SLICE, QP 40 )        312 bits [Y 33.0739 dB    U 40.5535 dB    V 41.3942 dB] [ET     3 ] [L0 38c 36] [L1 40 48]
POC   44 LId:  0 TId: 2 ( STSA, B-SLICE, QP 37 )       2592 bits [Y 32.9067 dB    U 40.4877 dB    V 41.3692 dB] [ET     7 ] [L0 40c 32] [L1 48 40]
POC   42 LId:  0 TId: 3 ( STSA, B-SLICE, QP 38 )       1080 bits [Y 32.7560 dB    U 40.4997 dB    V 41.4025 dB] [ET     5 ] [L0 40 32] [L1 44c 48]
POC   41 LId:  0 TId: 4 ( STSA, B-SLICE, QP 40 )        256 bits [Y 33.1731 dB    U 40.5157 dB    V 41.3871 dB] [ET     3 ] [L0 40 32] [L1 42c 44]
POC   43 LId:  0 TId: 4 ( STSA, B-SLICE, QP 40 )        216 bits [Y 32.7964 dB    U 40.4736 dB    V 41.3463 dB] [ET     3 ] [L0 42c 40] [L1 44 48]
POC   46 LId:  0 TId: 3 ( STSA, B-SLICE, QP 38 )        904 bits [Y 32.8188 dB    U 40.4048 dB    V 41.2983 dB] [ET     3 ] [L0 44c 40] [L1 48 44]
POC   45 LId:  0 TId: 4 ( STSA, B-SLICE, QP 40 )        240 bits [Y 32.8332 dB    U 40.4189 dB    V 41.3297 dB] [ET     2 ] [L0 44 40] [L1 46c 48]
POC   47 LId:  0 TId: 4 ( STSA, B-SLICE, QP 40 )        208 bits [Y 33.3118 dB    U 40.3925 dB    V 41.3229 dB] [ET     2 ] [L0 46c 44] [L1 48 46]
POC   64 LId:  0 TId: 0 ( CRA, I-SLICE, QP 28 )     121472 bits [Y 36.6083 dB    U 41.0607 dB    V 42.0349 dB] [ET    20 ] [L0] [L1]
POC   56 LId:  0 TId: 1 ( RASL, B-SLICE, QP 34 )       8120 bits [Y 34.1377 dB    U 41.3196 dB    V 42.1316 dB] [ET    12 ] [L0 48c 40] [L1 64 48]
POC   52 LId:  0 TId: 2 ( RASL, B-SLICE, QP 37 )       3000 bits [Y 33.5047 dB    U 41.1099 dB    V 41.9567 dB] [ET     7 ] [L0 48 40] [L1 56c 64]
POC   50 LId:  0 TId: 3 ( RASL, B-SLICE, QP 38 )       1152 bits [Y 33.3339 dB    U 40.9918 dB    V 41.7359 dB] [ET     4 ] [L0 48 40] [L1 52c 56]
POC   49 LId:  0 TId: 4 ( RASL, B-SLICE, QP 40 )        248 bits [Y 33.6049 dB    U 40.7359 dB    V 41.5802 dB] [ET     3 ] [L0 48 50] [L1 50c 52]
POC   51 LId:  0 TId: 4 ( RASL, B-SLICE, QP 40 )        280 bits [Y 33.3572 dB    U 41.1380 dB    V 41.8611 dB] [ET     3 ] [L0 50c 48] [L1 52 56]
POC   54 LId:  0 TId: 3 ( RASL, B-SLICE, QP 38 )       1496 bits [Y 33.3947 dB    U 41.2293 dB    V 42.0222 dB] [ET     6 ] [L0 52c 48] [L1 56 64]
POC   53 LId:  0 TId: 4 ( RASL, B-SLICE, QP 40 )        248 bits [Y 33.4159 dB    U 41.2613 dB    V 41.9933 dB] [ET     3 ] [L0 52 48] [L1 54c 56]
POC   55 LId:  0 TId: 4 ( RASL, B-SLICE, QP 40 )        232 bits [Y 33.7208 dB    U 41.3213 dB    V 42.0689 dB] [ET     3 ] [L0 54c 52] [L1 56 64]
POC   60 LId:  0 TId: 2 ( RASL, B-SLICE, QP 37 )       2576 bits [Y 33.7037 dB    U 41.1807 dB    V 42.1368 dB] [ET     6 ] [L0 56c 48] [L1 64 56]
POC   58 LId:  0 TId: 3 ( RASL, B-SLICE, QP 38 )       1384 bits [Y 33.5524 dB    U 41.2309 dB    V 42.1266 dB] [ET     4 ] [L0 56 48] [L1 60c 64]
POC   57 LId:  0 TId: 4 ( RASL, B-SLICE, QP 40 )        400 bits [Y 33.7791 dB    U 41.2236 dB    V 42.0945 dB] [ET     2 ] [L0 56 48] [L1 58c 60]
POC   59 LId:  0 TId: 4 ( RASL, B-SLICE, QP 40 )        296 bits [Y 33.4627 dB    U 41.2017 dB    V 42.0912 dB] [ET     3 ] [L0 58c 56] [L1 60 64]
POC   62 LId:  0 TId: 3 ( RASL, B-SLICE, QP 38 )       1208 bits [Y 33.6618 dB    U 41.1920 dB    V 42.0904 dB] [ET     4 ] [L0 60c 56] [L1 64 60]
POC   61 LId:  0 TId: 4 ( RASL, B-SLICE, QP 40 )        328 bits [Y 33.6187 dB    U 41.1581 dB    V 42.1129 dB] [ET     2 ] [L0 60 56] [L1 62c 64]
POC   63 LId:  0 TId: 4 ( RASL, B-SLICE, QP 40 )        288 bits [Y 34.6169 dB    U 41.1216 dB    V 42.0853 dB] [ET     3 ] [L0 62c 60] [L1 64 62]

LayerId  0
	Total Frames |   Bitrate     Y-PSNR    U-PSNR    V-PSNR    YUV-PSNR   
	       65    a     354.7938   33.5254   40.9532   41.6801   34.8893

 finished @ Mon Jan 13 22:32:07 2025
 Total Time:      375.832 sec. [user]      375.832 sec. [elapsed]
