
VVCSoftware: VTM Encoder Version 10.0 [Windows][VS 1916][64 bit] [SIMD=AVX2] 

TOOL CFG: IBD:1 HAD:1 RDQ:1 RDQTS:1 RDpenalty:0 LQP:0 SQP:0 ASR:1 MinSearchWindow:96 RestrictMESampling:0 FEN:1 ECU:0 FDM:1 CFM:0 ESD:0 TransformSkip:1 TransformSkipFast:1 TransformSkipLog2MaxSize:5 ChromaTS:1 BDPCM:0 Tiles: 1x1 Slices: 1 MCTS:0 SAO:1 ALF:1 CCALF:1 WPP:0 WPB:0 PME:2  WaveFrontSynchro:0 WaveFrontSubstreams:1 ScalingList:0 TMVPMode:1  DQ:1  SignBitHidingFlag:0 RecalQP:0 
TOOL CFG: LFNST:1 MMVD:1 Affine:1 AffineType:1 PROF:1 SbTMVP:1 DualITree:1 IMV:1 BIO:1 LMChroma:1 HorCollocatedChroma:1 VerCollocatedChroma:0 MTS: 1(intra) 0(inter) SBT:1 ISP:1 SMVD:1 CompositeLTReference:0 Bcw:1 BcwFast:1 LADF:0 CIIP:1 Geo:1 AllowDisFracMMVD:1 AffineAmvr:1 AffineAmvrEncOpt:1 DMVR:1 MmvdDisNum:6 JointCbCr:1 ACT:0 PLT:0 IBC:0 HashME:0 WrapAround:0 VirtualBoundariesEnabledFlag:0 VirtualBoundariesPresentInSPSFlag:1 vertical virtual boundaries:[ ] horizontal virtual boundaries:[ ] Reshape:1 (Signal:SDR Opt:0 CSoffset:6) MRL:1 MIP:1 EncDbOpt:0 
FAST TOOL CFG: LCTUFast:1 FastMrg:1 PBIntraFast:1 IMV4PelFast:1 MTSMaxCand: 4(intra) 4(inter) ISPFast:0 FastLFNST:0 AMaxBT:1 E0023FastEnc:1 ContentBasedFastQtbt:0 UseNonLinearAlfLuma:1 UseNonLinearAlfChroma:1 MaxNumAlfAlternativesChroma:8 FastMIP:0 FastLocalDualTree:1 NumSplitThreads:1 NumWppThreads:1+0 EnsureWppBitEqual:0 RPR:0 TemporalFilter:0 


 started @ Mon Jan 13 22:06:53 2025
POC    0 LId:  0 TId: 0 ( IDR_N_LP, I-SLICE, QP 31 )      88936 bits [Y 34.5224 dB    U 40.4507 dB    V 40.5465 dB] [ET    17 ] [L0] [L1]
POC   16 LId:  0 TId: 0 ( TRAIL, B-SLICE, QP 35 )      13696 bits [Y 32.4109 dB    U 40.0865 dB    V 40.1788 dB] [ET    17 ] [L0 0] [L1 0c]
POC    8 LId:  0 TId: 1 ( STSA, B-SLICE, QP 37 )       4808 bits [Y 32.3289 dB    U 40.2301 dB    V 40.4686 dB] [ET     8 ] [L0 0 16] [L1 16c 0]
POC    4 LId:  0 TId: 2 ( STSA, B-SLICE, QP 41 )       1320 bits [Y 31.8765 dB    U 40.3473 dB    V 40.5734 dB] [ET     4 ] [L0 0 8] [L1 8c 16]
POC    2 LId:  0 TId: 3 ( STSA, B-SLICE, QP 42 )        416 bits [Y 32.4563 dB    U 40.3771 dB    V 40.5774 dB] [ET     2 ] [L0 0 4] [L1 4c 8]
POC    1 LId:  0 TId: 4 ( STSA, B-SLICE, QP 43 )        216 bits [Y 33.2887 dB    U 40.4267 dB    V 40.5786 dB] [ET     1 ] [L0 0 2] [L1 2c 4]
POC    3 LId:  0 TId: 4 ( STSA, B-SLICE, QP 43 )        184 bits [Y 32.0563 dB    U 40.3445 dB    V 40.5549 dB] [ET     2 ] [L0 2c 0] [L1 4 8]
POC    6 LId:  0 TId: 3 ( STSA, B-SLICE, QP 42 )        696 bits [Y 31.8794 dB    U 40.2854 dB    V 40.5006 dB] [ET     3 ] [L0 4c 0] [L1 8 16]
POC    5 LId:  0 TId: 4 ( STSA, B-SLICE, QP 43 )        176 bits [Y 31.8794 dB    U 40.2883 dB    V 40.4870 dB] [ET     1 ] [L0 4 0] [L1 6c 8]
POC    7 LId:  0 TId: 4 ( STSA, B-SLICE, QP 43 )        160 bits [Y 32.0561 dB    U 40.2256 dB    V 40.4684 dB] [ET     1 ] [L0 6c 4] [L1 8 16]
POC   12 LId:  0 TId: 2 ( STSA, B-SLICE, QP 41 )       1600 bits [Y 31.4572 dB    U 40.2156 dB    V 40.3667 dB] [ET     4 ] [L0 8c 0] [L1 16 8]
POC   10 LId:  0 TId: 3 ( STSA, B-SLICE, QP 42 )        520 bits [Y 31.7311 dB    U 40.2240 dB    V 40.4019 dB] [ET     3 ] [L0 8 0] [L1 12c 16]
POC    9 LId:  0 TId: 4 ( STSA, B-SLICE, QP 43 )        144 bits [Y 32.0276 dB    U 40.2179 dB    V 40.4346 dB] [ET     1 ] [L0 8 0] [L1 10c 12]
POC   11 LId:  0 TId: 4 ( STSA, B-SLICE, QP 43 )        184 bits [Y 31.5929 dB    U 40.1986 dB    V 40.3990 dB] [ET     1 ] [L0 10c 8] [L1 12 16]
POC   14 LId:  0 TId: 3 ( STSA, B-SLICE, QP 42 )        504 bits [Y 31.6351 dB    U 40.1626 dB    V 40.2898 dB] [ET     3 ] [L0 12c 8] [L1 16 12]
POC   13 LId:  0 TId: 4 ( STSA, B-SLICE, QP 43 )        176 bits [Y 31.5237 dB    U 40.2053 dB    V 40.3420 dB] [ET     2 ] [L0 12 8] [L1 14c 16]
POC   15 LId:  0 TId: 4 ( STSA, B-SLICE, QP 43 )        152 bits [Y 32.0133 dB    U 40.1048 dB    V 40.2353 dB] [ET     1 ] [L0 14c 12] [L1 16 14]
POC   32 LId:  0 TId: 0 ( CRA, I-SLICE, QP 31 )      91656 bits [Y 34.4416 dB    U 40.3721 dB    V 40.9001 dB] [ET    17 ] [L0] [L1]
POC   24 LId:  0 TId: 1 ( RASL, B-SLICE, QP 37 )       4280 bits [Y 32.7839 dB    U 40.5148 dB    V 40.9474 dB] [ET     8 ] [L0 16c 8] [L1 32 16]
POC   20 LId:  0 TId: 2 ( RASL, B-SLICE, QP 41 )       1960 bits [Y 31.9857 dB    U 40.5722 dB    V 40.8025 dB] [ET     4 ] [L0 16 8] [L1 24c 32]
POC   18 LId:  0 TId: 3 ( RASL, B-SLICE, QP 42 )        464 bits [Y 32.0986 dB    U 40.4662 dB    V 40.6942 dB] [ET     4 ] [L0 16 8] [L1 20c 24]
POC   17 LId:  0 TId: 4 ( RASL, B-SLICE, QP 43 )        184 bits [Y 32.3089 dB    U 40.3198 dB    V 40.4765 dB] [ET     1 ] [L0 16 18] [L1 18c 20]
POC   19 LId:  0 TId: 4 ( RASL, B-SLICE, QP 43 )        216 bits [Y 32.0611 dB    U 40.4699 dB    V 40.7663 dB] [ET     1 ] [L0 18c 16] [L1 20 24]
POC   22 LId:  0 TId: 3 ( RASL, B-SLICE, QP 42 )        552 bits [Y 31.9128 dB    U 40.5883 dB    V 40.9210 dB] [ET     3 ] [L0 20c 16] [L1 24 32]
POC   21 LId:  0 TId: 4 ( RASL, B-SLICE, QP 43 )        240 bits [Y 31.9552 dB    U 40.5980 dB    V 40.8983 dB] [ET     1 ] [L0 20 16] [L1 22c 24]
POC   23 LId:  0 TId: 4 ( RASL, B-SLICE, QP 43 )        176 bits [Y 32.3694 dB    U 40.5743 dB    V 40.9309 dB] [ET     1 ] [L0 22c 20] [L1 24 32]
POC   28 LId:  0 TId: 2 ( RASL, B-SLICE, QP 41 )       1184 bits [Y 32.2912 dB    U 40.6143 dB    V 41.0717 dB] [ET     4 ] [L0 24c 16] [L1 32 24]
POC   26 LId:  0 TId: 3 ( RASL, B-SLICE, QP 42 )        576 bits [Y 32.3393 dB    U 40.5857 dB    V 40.9907 dB] [ET     3 ] [L0 24 16] [L1 28c 32]
POC   25 LId:  0 TId: 4 ( RASL, B-SLICE, QP 43 )        224 bits [Y 32.5226 dB    U 40.5775 dB    V 40.9725 dB] [ET     1 ] [L0 24 16] [L1 26c 28]
POC   27 LId:  0 TId: 4 ( RASL, B-SLICE, QP 43 )        256 bits [Y 32.3281 dB    U 40.6084 dB    V 41.0263 dB] [ET     2 ] [L0 26c 24] [L1 28 32]
POC   30 LId:  0 TId: 3 ( RASL, B-SLICE, QP 42 )        408 bits [Y 32.5128 dB    U 40.5589 dB    V 41.0128 dB] [ET     3 ] [L0 28c 24] [L1 32 28]
POC   29 LId:  0 TId: 4 ( RASL, B-SLICE, QP 43 )        208 bits [Y 32.2945 dB    U 40.5457 dB    V 41.0414 dB] [ET     1 ] [L0 28 24] [L1 30c 32]
POC   31 LId:  0 TId: 4 ( RASL, B-SLICE, QP 43 )        192 bits [Y 33.3679 dB    U 40.4590 dB    V 40.9915 dB] [ET     1 ] [L0 30c 28] [L1 32 30]
POC   48 LId:  0 TId: 0 ( TRAIL, B-SLICE, QP 35 )      13760 bits [Y 32.4168 dB    U 39.8928 dB    V 40.5287 dB] [ET    17 ] [L0 32] [L1 32c]
POC   40 LId:  0 TId: 1 ( STSA, B-SLICE, QP 37 )       4488 bits [Y 32.3237 dB    U 40.1167 dB    V 40.7202 dB] [ET     8 ] [L0 32 48] [L1 48c 32]
POC   36 LId:  0 TId: 2 ( STSA, B-SLICE, QP 41 )       1448 bits [Y 31.9192 dB    U 40.2581 dB    V 40.7276 dB] [ET     4 ] [L0 32 40] [L1 40c 48]
POC   34 LId:  0 TId: 3 ( STSA, B-SLICE, QP 42 )        512 bits [Y 32.2518 dB    U 40.2850 dB    V 40.8563 dB] [ET     3 ] [L0 32 36] [L1 36c 40]
POC   33 LId:  0 TId: 4 ( STSA, B-SLICE, QP 43 )        256 bits [Y 33.2131 dB    U 40.3378 dB    V 40.8599 dB] [ET     2 ] [L0 32 34] [L1 34c 36]
POC   35 LId:  0 TId: 4 ( STSA, B-SLICE, QP 43 )        248 bits [Y 31.9772 dB    U 40.2946 dB    V 40.7697 dB] [ET     2 ] [L0 34c 32] [L1 36 40]
POC   38 LId:  0 TId: 3 ( STSA, B-SLICE, QP 42 )        584 bits [Y 31.8462 dB    U 40.2042 dB    V 40.7630 dB] [ET     3 ] [L0 36c 32] [L1 40 48]
POC   37 LId:  0 TId: 4 ( STSA, B-SLICE, QP 43 )        192 bits [Y 31.7504 dB    U 40.2117 dB    V 40.7294 dB] [ET     2 ] [L0 36 32] [L1 38c 40]
POC   39 LId:  0 TId: 4 ( STSA, B-SLICE, QP 43 )        248 bits [Y 32.0925 dB    U 40.1433 dB    V 40.7667 dB] [ET     2 ] [L0 38c 36] [L1 40 48]
POC   44 LId:  0 TId: 2 ( STSA, B-SLICE, QP 41 )       1128 bits [Y 31.4696 dB    U 40.0244 dB    V 40.6706 dB] [ET     3 ] [L0 40c 32] [L1 48 40]
POC   42 LId:  0 TId: 3 ( STSA, B-SLICE, QP 42 )        472 bits [Y 31.4411 dB    U 40.0443 dB    V 40.7254 dB] [ET     3 ] [L0 40 32] [L1 44c 48]
POC   41 LId:  0 TId: 4 ( STSA, B-SLICE, QP 43 )        192 bits [Y 31.9071 dB    U 40.0635 dB    V 40.6909 dB] [ET     2 ] [L0 40 32] [L1 42c 44]
POC   43 LId:  0 TId: 4 ( STSA, B-SLICE, QP 43 )        176 bits [Y 31.3841 dB    U 40.0179 dB    V 40.6597 dB] [ET     2 ] [L0 42c 40] [L1 44 48]
POC   46 LId:  0 TId: 3 ( STSA, B-SLICE, QP 42 )        472 bits [Y 31.5274 dB    U 39.9736 dB    V 40.6196 dB] [ET     2 ] [L0 44c 40] [L1 48 44]
POC   45 LId:  0 TId: 4 ( STSA, B-SLICE, QP 43 )        224 bits [Y 31.4902 dB    U 39.9889 dB    V 40.6469 dB] [ET     1 ] [L0 44 40] [L1 46c 48]
POC   47 LId:  0 TId: 4 ( STSA, B-SLICE, QP 43 )        192 bits [Y 31.9695 dB    U 39.9371 dB    V 40.6005 dB] [ET     2 ] [L0 46c 44] [L1 48 46]
POC   64 LId:  0 TId: 0 ( CRA, I-SLICE, QP 31 )      93832 bits [Y 34.4502 dB    U 40.0538 dB    V 40.7787 dB] [ET    17 ] [L0] [L1]
POC   56 LId:  0 TId: 1 ( RASL, B-SLICE, QP 37 )       4824 bits [Y 32.5794 dB    U 40.4288 dB    V 41.2089 dB] [ET    10 ] [L0 48c 40] [L1 64 48]
POC   52 LId:  0 TId: 2 ( RASL, B-SLICE, QP 41 )       1336 bits [Y 31.8516 dB    U 40.2756 dB    V 41.0668 dB] [ET     5 ] [L0 48 40] [L1 56c 64]
POC   50 LId:  0 TId: 3 ( RASL, B-SLICE, QP 42 )        488 bits [Y 31.8232 dB    U 40.1337 dB    V 40.8331 dB] [ET     3 ] [L0 48 40] [L1 52c 56]
POC   49 LId:  0 TId: 4 ( RASL, B-SLICE, QP 43 )        216 bits [Y 32.1434 dB    U 40.0677 dB    V 40.7364 dB] [ET     2 ] [L0 48 50] [L1 50c 52]
POC   51 LId:  0 TId: 4 ( RASL, B-SLICE, QP 43 )        224 bits [Y 31.6962 dB    U 40.2576 dB    V 40.9626 dB] [ET     2 ] [L0 50c 48] [L1 52 56]
POC   54 LId:  0 TId: 3 ( RASL, B-SLICE, QP 42 )        680 bits [Y 31.8801 dB    U 40.3501 dB    V 41.1653 dB] [ET     3 ] [L0 52c 48] [L1 56 64]
POC   53 LId:  0 TId: 4 ( RASL, B-SLICE, QP 43 )        224 bits [Y 31.9586 dB    U 40.3695 dB    V 41.1166 dB] [ET     2 ] [L0 52 48] [L1 54c 56]
POC   55 LId:  0 TId: 4 ( RASL, B-SLICE, QP 43 )        184 bits [Y 32.2769 dB    U 40.4342 dB    V 41.2142 dB] [ET     2 ] [L0 54c 52] [L1 56 64]
POC   60 LId:  0 TId: 2 ( RASL, B-SLICE, QP 41 )       1496 bits [Y 32.2152 dB    U 40.3219 dB    V 41.1113 dB] [ET     4 ] [L0 56c 48] [L1 64 56]
POC   58 LId:  0 TId: 3 ( RASL, B-SLICE, QP 42 )        696 bits [Y 32.1342 dB    U 40.3339 dB    V 41.1479 dB] [ET     3 ] [L0 56 48] [L1 60c 64]
POC   57 LId:  0 TId: 4 ( RASL, B-SLICE, QP 43 )        208 bits [Y 32.3158 dB    U 40.3212 dB    V 41.1575 dB] [ET     2 ] [L0 56 48] [L1 58c 60]
POC   59 LId:  0 TId: 4 ( RASL, B-SLICE, QP 43 )        232 bits [Y 32.0540 dB    U 40.3157 dB    V 41.1029 dB] [ET     2 ] [L0 58c 56] [L1 60 64]
POC   62 LId:  0 TId: 3 ( RASL, B-SLICE, QP 42 )        648 bits [Y 32.2294 dB    U 40.2774 dB    V 40.9576 dB] [ET     3 ] [L0 60c 56] [L1 64 60]
POC   61 LId:  0 TId: 4 ( RASL, B-SLICE, QP 43 )        232 bits [Y 32.1758 dB    U 40.2339 dB    V 41.0618 dB] [ET     2 ] [L0 60 56] [L1 62c 64]
POC   63 LId:  0 TId: 4 ( RASL, B-SLICE, QP 43 )        208 bits [Y 33.1067 dB    U 40.1428 dB    V 40.8430 dB] [ET     2 ] [L0 62c 60] [L1 64 62]

LayerId  0
	Total Frames |   Bitrate     Y-PSNR    U-PSNR    V-PSNR    YUV-PSNR   
	       65    a     320.2929   32.2182   40.2912   40.7638   33.6278

 finished @ Mon Jan 13 22:11:30 2025
 Total Time:      277.562 sec. [user]      277.562 sec. [elapsed]
