
VVCSoftware: VTM Encoder Version 10.0 [Windows][VS 1916][64 bit] [SIMD=AVX2] 

TOOL CFG: IBD:1 HAD:1 RDQ:1 RDQTS:1 RDpenalty:0 LQP:0 SQP:0 ASR:1 MinSearchWindow:96 RestrictMESampling:0 FEN:1 ECU:0 FDM:1 CFM:0 ESD:0 TransformSkip:1 TransformSkipFast:1 TransformSkipLog2MaxSize:5 ChromaTS:1 BDPCM:0 Tiles: 1x1 Slices: 1 MCTS:0 SAO:1 ALF:1 CCALF:1 WPP:0 WPB:0 PME:2  WaveFrontSynchro:0 WaveFrontSubstreams:1 ScalingList:0 TMVPMode:1  DQ:1  SignBitHidingFlag:0 RecalQP:0 
TOOL CFG: LFNST:1 MMVD:1 Affine:1 AffineType:1 PROF:1 SbTMVP:1 DualITree:1 IMV:1 BIO:1 LMChroma:1 HorCollocatedChroma:1 VerCollocatedChroma:0 MTS: 1(intra) 0(inter) SBT:1 ISP:1 SMVD:1 CompositeLTReference:0 Bcw:1 BcwFast:1 LADF:0 CIIP:1 Geo:1 AllowDisFracMMVD:1 AffineAmvr:1 AffineAmvrEncOpt:1 DMVR:1 MmvdDisNum:6 JointCbCr:1 ACT:0 PLT:0 IBC:0 HashME:0 WrapAround:0 VirtualBoundariesEnabledFlag:0 VirtualBoundariesPresentInSPSFlag:1 vertical virtual boundaries:[ ] horizontal virtual boundaries:[ ] Reshape:1 (Signal:SDR Opt:0 CSoffset:6) MRL:1 MIP:1 EncDbOpt:0 
FAST TOOL CFG: LCTUFast:1 FastMrg:1 PBIntraFast:1 IMV4PelFast:1 MTSMaxCand: 4(intra) 4(inter) ISPFast:0 FastLFNST:0 AMaxBT:1 E0023FastEnc:1 ContentBasedFastQtbt:0 UseNonLinearAlfLuma:1 UseNonLinearAlfChroma:1 MaxNumAlfAlternativesChroma:8 FastMIP:0 FastLocalDualTree:1 NumSplitThreads:1 NumWppThreads:1+0 EnsureWppBitEqual:0 RPR:0 TemporalFilter:0 


 started @ Tue Jan 14 02:17:33 2025
POC    0 LId:  0 TId: 0 ( IDR_N_LP, I-SLICE, QP 19 )     244120 bits [Y 44.5906 dB    U 46.2633 dB    V 46.9925 dB] [ET    37 ] [L0] [L1]
POC   16 LId:  0 TId: 0 ( TRAIL, B-SLICE, QP 23 )      83232 bits [Y 41.3512 dB    U 44.8679 dB    V 45.7716 dB] [ET    41 ] [L0 0] [L1 0c]
POC    8 LId:  0 TId: 1 ( STSA, B-SLICE, QP 23 )      55240 bits [Y 41.3450 dB    U 45.0466 dB    V 46.1659 dB] [ET    32 ] [L0 0 16] [L1 16c 0]
POC    4 LId:  0 TId: 2 ( STSA, B-SLICE, QP 26 )      27616 bits [Y 39.6274 dB    U 45.1954 dB    V 46.3215 dB] [ET    22 ] [L0 0 8] [L1 8c 16]
POC    2 LId:  0 TId: 3 ( STSA, B-SLICE, QP 27 )      12528 bits [Y 39.4215 dB    U 45.3055 dB    V 46.4279 dB] [ET    13 ] [L0 0 4] [L1 4c 8]
POC    1 LId:  0 TId: 4 ( STSA, B-SLICE, QP 29 )       1520 bits [Y 39.8561 dB    U 45.4773 dB    V 46.5866 dB] [ET     4 ] [L0 0 2] [L1 2c 4]
POC    3 LId:  0 TId: 4 ( STSA, B-SLICE, QP 29 )       1936 bits [Y 39.0223 dB    U 45.2859 dB    V 46.3787 dB] [ET     4 ] [L0 2c 0] [L1 4 8]
POC    6 LId:  0 TId: 3 ( STSA, B-SLICE, QP 27 )      11872 bits [Y 39.3033 dB    U 45.1187 dB    V 46.1992 dB] [ET    13 ] [L0 4c 0] [L1 8 16]
POC    5 LId:  0 TId: 4 ( STSA, B-SLICE, QP 29 )       1848 bits [Y 39.0490 dB    U 45.1355 dB    V 46.1677 dB] [ET     5 ] [L0 4 0] [L1 6c 8]
POC    7 LId:  0 TId: 4 ( STSA, B-SLICE, QP 29 )       1888 bits [Y 39.4492 dB    U 45.0415 dB    V 46.2139 dB] [ET     4 ] [L0 6c 4] [L1 8 16]
POC   12 LId:  0 TId: 2 ( STSA, B-SLICE, QP 26 )      28672 bits [Y 39.4935 dB    U 44.8522 dB    V 45.9055 dB] [ET    19 ] [L0 8 0] [L1 16c 8]
POC   10 LId:  0 TId: 3 ( STSA, B-SLICE, QP 27 )      11744 bits [Y 39.1830 dB    U 44.9279 dB    V 46.0714 dB] [ET    16 ] [L0 8 0] [L1 12c 16]
POC    9 LId:  0 TId: 4 ( STSA, B-SLICE, QP 29 )       1864 bits [Y 39.3109 dB    U 45.0154 dB    V 46.1525 dB] [ET     5 ] [L0 8 0] [L1 10c 12]
POC   11 LId:  0 TId: 4 ( STSA, B-SLICE, QP 29 )       2008 bits [Y 38.9090 dB    U 44.8804 dB    V 46.0391 dB] [ET     4 ] [L0 10c 8] [L1 12 16]
POC   14 LId:  0 TId: 3 ( STSA, B-SLICE, QP 27 )      13592 bits [Y 39.1052 dB    U 44.7878 dB    V 45.8664 dB] [ET    15 ] [L0 12c 8] [L1 16 12]
POC   13 LId:  0 TId: 4 ( STSA, B-SLICE, QP 29 )       1752 bits [Y 38.8746 dB    U 44.8931 dB    V 45.9546 dB] [ET     5 ] [L0 12 8] [L1 14c 16]
POC   15 LId:  0 TId: 4 ( STSA, B-SLICE, QP 29 )       1624 bits [Y 39.1363 dB    U 44.7809 dB    V 45.9024 dB] [ET     4 ] [L0 14c 12] [L1 16 14]
POC   32 LId:  0 TId: 0 ( TRAIL, B-SLICE, QP 23 )      80784 bits [Y 41.2601 dB    U 44.5443 dB    V 45.7069 dB] [ET    27 ] [L0 16 0] [L1 16c 0]
POC   24 LId:  0 TId: 1 ( TRAIL, B-SLICE, QP 23 )      58184 bits [Y 41.2631 dB    U 44.5310 dB    V 45.8291 dB] [ET    28 ] [L0 16 8] [L1 32c 16]
POC   20 LId:  0 TId: 2 ( STSA, B-SLICE, QP 26 )      27280 bits [Y 39.5521 dB    U 44.6069 dB    V 45.7762 dB] [ET    19 ] [L0 16 8] [L1 24c 32]
POC   18 LId:  0 TId: 3 ( STSA, B-SLICE, QP 27 )      11864 bits [Y 39.1349 dB    U 44.7346 dB    V 45.8098 dB] [ET    14 ] [L0 16 8] [L1 20c 24]
POC   17 LId:  0 TId: 4 ( STSA, B-SLICE, QP 29 )       1664 bits [Y 39.3361 dB    U 44.7729 dB    V 45.8557 dB] [ET     4 ] [L0 16 18] [L1 18c 20]
POC   19 LId:  0 TId: 4 ( STSA, B-SLICE, QP 29 )       1712 bits [Y 38.8852 dB    U 44.5874 dB    V 45.8018 dB] [ET     5 ] [L0 18c 16] [L1 20 24]
POC   22 LId:  0 TId: 3 ( STSA, B-SLICE, QP 27 )      11112 bits [Y 39.1193 dB    U 44.5510 dB    V 45.7586 dB] [ET    17 ] [L0 20c 16] [L1 24 32]
POC   21 LId:  0 TId: 4 ( STSA, B-SLICE, QP 29 )       1856 bits [Y 38.9671 dB    U 44.6266 dB    V 45.8590 dB] [ET     4 ] [L0 20 16] [L1 22c 24]
POC   23 LId:  0 TId: 4 ( STSA, B-SLICE, QP 29 )       1632 bits [Y 39.2839 dB    U 44.5437 dB    V 45.8056 dB] [ET     4 ] [L0 22c 20] [L1 24 32]
POC   28 LId:  0 TId: 2 ( STSA, B-SLICE, QP 26 )      26368 bits [Y 39.4066 dB    U 44.4797 dB    V 45.6441 dB] [ET    19 ] [L0 24 16] [L1 32c 24]
POC   26 LId:  0 TId: 3 ( STSA, B-SLICE, QP 27 )      12072 bits [Y 39.0232 dB    U 44.4728 dB    V 45.7101 dB] [ET    15 ] [L0 24 16] [L1 28c 32]
POC   25 LId:  0 TId: 4 ( STSA, B-SLICE, QP 29 )       1424 bits [Y 39.1959 dB    U 44.5424 dB    V 45.8233 dB] [ET     4 ] [L0 24 16] [L1 26c 28]
POC   27 LId:  0 TId: 4 ( STSA, B-SLICE, QP 29 )       1496 bits [Y 38.6049 dB    U 44.4996 dB    V 45.7139 dB] [ET     4 ] [L0 26c 24] [L1 28 32]
POC   30 LId:  0 TId: 3 ( STSA, B-SLICE, QP 27 )      14728 bits [Y 39.0054 dB    U 44.4647 dB    V 45.6833 dB] [ET    18 ] [L0 28c 24] [L1 32 28]
POC   29 LId:  0 TId: 4 ( STSA, B-SLICE, QP 29 )       1808 bits [Y 38.6861 dB    U 44.4804 dB    V 45.7151 dB] [ET     5 ] [L0 28 24] [L1 30c 32]
POC   31 LId:  0 TId: 4 ( STSA, B-SLICE, QP 29 )       1688 bits [Y 39.1902 dB    U 44.4849 dB    V 45.7743 dB] [ET     4 ] [L0 30c 28] [L1 32 30]
POC   48 LId:  0 TId: 0 ( CRA, I-SLICE, QP 19 )     252136 bits [Y 44.5030 dB    U 46.0941 dB    V 46.8122 dB] [ET    24 ] [L0] [L1]
POC   40 LId:  0 TId: 1 ( RASL, B-SLICE, QP 23 )      55128 bits [Y 41.4924 dB    U 45.4868 dB    V 46.5329 dB] [ET    26 ] [L0 32c 24] [L1 48 32]
POC   36 LId:  0 TId: 2 ( RASL, B-SLICE, QP 26 )      24136 bits [Y 39.6351 dB    U 45.1378 dB    V 46.2134 dB] [ET    19 ] [L0 32 24] [L1 40c 48]
POC   34 LId:  0 TId: 3 ( RASL, B-SLICE, QP 27 )      15816 bits [Y 39.1074 dB    U 45.0773 dB    V 46.1684 dB] [ET    17 ] [L0 32 24] [L1 36c 40]
POC   33 LId:  0 TId: 4 ( RASL, B-SLICE, QP 29 )       1648 bits [Y 39.0762 dB    U 44.8228 dB    V 46.0137 dB] [ET     4 ] [L0 32 34] [L1 34c 36]
POC   35 LId:  0 TId: 4 ( RASL, B-SLICE, QP 29 )       1944 bits [Y 38.9084 dB    U 45.1363 dB    V 46.1938 dB] [ET     5 ] [L0 34c 32] [L1 36 40]
POC   38 LId:  0 TId: 3 ( RASL, B-SLICE, QP 27 )      14880 bits [Y 39.1510 dB    U 45.3769 dB    V 46.3265 dB] [ET    14 ] [L0 36c 32] [L1 40 48]
POC   37 LId:  0 TId: 4 ( RASL, B-SLICE, QP 29 )       2064 bits [Y 38.7400 dB    U 45.2020 dB    V 46.2985 dB] [ET     4 ] [L0 36 32] [L1 38c 40]
POC   39 LId:  0 TId: 4 ( RASL, B-SLICE, QP 29 )       1880 bits [Y 39.1070 dB    U 45.3998 dB    V 46.5177 dB] [ET     5 ] [L0 38c 36] [L1 40 48]
POC   44 LId:  0 TId: 2 ( RASL, B-SLICE, QP 26 )      24344 bits [Y 39.6637 dB    U 45.3407 dB    V 46.6088 dB] [ET    18 ] [L0 40c 32] [L1 48 40]
POC   42 LId:  0 TId: 3 ( RASL, B-SLICE, QP 27 )      17584 bits [Y 39.1522 dB    U 45.4260 dB    V 46.6888 dB] [ET    17 ] [L0 40 32] [L1 44c 48]
POC   41 LId:  0 TId: 4 ( RASL, B-SLICE, QP 29 )       1512 bits [Y 39.1382 dB    U 45.4964 dB    V 46.7278 dB] [ET     4 ] [L0 40 32] [L1 42c 44]
POC   43 LId:  0 TId: 4 ( RASL, B-SLICE, QP 29 )       1912 bits [Y 38.7996 dB    U 45.4323 dB    V 46.6210 dB] [ET     4 ] [L0 42c 40] [L1 44 48]
POC   46 LId:  0 TId: 3 ( RASL, B-SLICE, QP 27 )      18240 bits [Y 39.0903 dB    U 45.4620 dB    V 46.5738 dB] [ET    15 ] [L0 44c 40] [L1 48 44]
POC   45 LId:  0 TId: 4 ( RASL, B-SLICE, QP 29 )       2144 bits [Y 38.7745 dB    U 45.4635 dB    V 46.6147 dB] [ET     4 ] [L0 44 40] [L1 46c 48]
POC   47 LId:  0 TId: 4 ( RASL, B-SLICE, QP 29 )       2176 bits [Y 39.2045 dB    U 45.5114 dB    V 46.5595 dB] [ET     4 ] [L0 46c 44] [L1 48 46]
POC   64 LId:  0 TId: 0 ( TRAIL, B-SLICE, QP 23 )      88232 bits [Y 41.3194 dB    U 44.6092 dB    V 45.8299 dB] [ET    28 ] [L0 48] [L1 48c]
POC   56 LId:  0 TId: 1 ( STSA, B-SLICE, QP 23 )      61200 bits [Y 41.2709 dB    U 44.8863 dB    V 46.0177 dB] [ET    34 ] [L0 48 64] [L1 64c 48]
POC   52 LId:  0 TId: 2 ( STSA, B-SLICE, QP 26 )      25224 bits [Y 39.5680 dB    U 44.9873 dB    V 46.0441 dB] [ET    23 ] [L0 48 56] [L1 56c 64]
POC   50 LId:  0 TId: 3 ( STSA, B-SLICE, QP 27 )      17208 bits [Y 39.0328 dB    U 45.1020 dB    V 46.1874 dB] [ET    18 ] [L0 48 52] [L1 52c 56]
POC   49 LId:  0 TId: 4 ( STSA, B-SLICE, QP 29 )       1944 bits [Y 39.0792 dB    U 45.3000 dB    V 46.4376 dB] [ET     4 ] [L0 48 50] [L1 50c 52]
POC   51 LId:  0 TId: 4 ( STSA, B-SLICE, QP 29 )       2096 bits [Y 38.4742 dB    U 45.0047 dB    V 46.0928 dB] [ET     5 ] [L0 50c 48] [L1 52 56]
POC   54 LId:  0 TId: 3 ( STSA, B-SLICE, QP 27 )      18208 bits [Y 38.9953 dB    U 44.7412 dB    V 46.0009 dB] [ET    15 ] [L0 52c 48] [L1 56 64]
POC   53 LId:  0 TId: 4 ( STSA, B-SLICE, QP 29 )       2624 bits [Y 38.6066 dB    U 44.8097 dB    V 45.9685 dB] [ET     6 ] [L0 52 48] [L1 54c 56]
POC   55 LId:  0 TId: 4 ( STSA, B-SLICE, QP 29 )       1904 bits [Y 38.9719 dB    U 44.8446 dB    V 46.0374 dB] [ET     5 ] [L0 54c 52] [L1 56 64]
POC   60 LId:  0 TId: 2 ( STSA, B-SLICE, QP 26 )      25568 bits [Y 39.4485 dB    U 44.5272 dB    V 45.7369 dB] [ET    16 ] [L0 56 48] [L1 64c 56]
POC   58 LId:  0 TId: 3 ( STSA, B-SLICE, QP 27 )      16584 bits [Y 38.9527 dB    U 44.6870 dB    V 45.8797 dB] [ET    15 ] [L0 56 48] [L1 60c 64]
POC   57 LId:  0 TId: 4 ( STSA, B-SLICE, QP 29 )       2224 bits [Y 38.6938 dB    U 44.7018 dB    V 45.8710 dB] [ET     6 ] [L0 56 48] [L1 58c 60]
POC   59 LId:  0 TId: 4 ( STSA, B-SLICE, QP 29 )       2832 bits [Y 38.3374 dB    U 44.5869 dB    V 45.8233 dB] [ET     6 ] [L0 58c 56] [L1 60 64]
POC   62 LId:  0 TId: 3 ( STSA, B-SLICE, QP 27 )      19640 bits [Y 38.8364 dB    U 44.6249 dB    V 45.8314 dB] [ET    16 ] [L0 60c 56] [L1 64 60]
POC   61 LId:  0 TId: 4 ( STSA, B-SLICE, QP 29 )       2120 bits [Y 38.4435 dB    U 44.5433 dB    V 45.8239 dB] [ET     5 ] [L0 60 56] [L1 62c 64]
POC   63 LId:  0 TId: 4 ( STSA, B-SLICE, QP 29 )       1992 bits [Y 38.6695 dB    U 44.5961 dB    V 45.8505 dB] [ET     5 ] [L0 62c 60] [L1 64 62]

LayerId  0
	Total Frames |   Bitrate     Y-PSNR    U-PSNR    V-PSNR    YUV-PSNR   
	       65    a    1371.5742   39.4952   44.9572   46.0967   40.6274

 finished @ Tue Jan 14 02:31:53 2025
 Total Time:      860.132 sec. [user]      860.132 sec. [elapsed]
