
VVCSoftware: VTM Encoder Version 10.0 [Windows][VS 1916][64 bit] [SIMD=AVX2] 

TOOL CFG: IBD:1 HAD:1 RDQ:1 RDQTS:1 RDpenalty:0 LQP:0 SQP:0 ASR:1 MinSearchWindow:96 RestrictMESampling:0 FEN:1 ECU:0 FDM:1 CFM:0 ESD:0 TransformSkip:1 TransformSkipFast:1 TransformSkipLog2MaxSize:5 ChromaTS:1 BDPCM:0 Tiles: 1x1 Slices: 1 MCTS:0 SAO:1 ALF:1 CCALF:1 WPP:0 WPB:0 PME:2  WaveFrontSynchro:0 WaveFrontSubstreams:1 ScalingList:0 TMVPMode:1  DQ:1  SignBitHidingFlag:0 RecalQP:0 
TOOL CFG: LFNST:1 MMVD:1 Affine:1 AffineType:1 PROF:1 SbTMVP:1 DualITree:1 IMV:1 BIO:1 LMChroma:1 HorCollocatedChroma:1 VerCollocatedChroma:0 MTS: 1(intra) 0(inter) SBT:1 ISP:1 SMVD:1 CompositeLTReference:0 Bcw:1 BcwFast:1 LADF:0 CIIP:1 Geo:1 AllowDisFracMMVD:1 AffineAmvr:1 AffineAmvrEncOpt:1 DMVR:1 MmvdDisNum:6 JointCbCr:1 ACT:0 PLT:0 IBC:0 HashME:0 WrapAround:0 VirtualBoundariesEnabledFlag:0 VirtualBoundariesPresentInSPSFlag:1 vertical virtual boundaries:[ ] horizontal virtual boundaries:[ ] Reshape:1 (Signal:SDR Opt:0 CSoffset:6) MRL:1 MIP:1 EncDbOpt:0 
FAST TOOL CFG: LCTUFast:1 FastMrg:1 PBIntraFast:1 IMV4PelFast:1 MTSMaxCand: 4(intra) 4(inter) ISPFast:0 FastLFNST:0 AMaxBT:1 E0023FastEnc:1 ContentBasedFastQtbt:0 UseNonLinearAlfLuma:1 UseNonLinearAlfChroma:1 MaxNumAlfAlternativesChroma:8 FastMIP:0 FastLocalDualTree:1 NumSplitThreads:1 NumWppThreads:1+0 EnsureWppBitEqual:0 RPR:0 TemporalFilter:0 


 started @ Mon Jan 13 23:10:28 2025
POC    0 LId:  0 TId: 0 ( IDR_N_LP, I-SLICE, QP 22 )     194920 bits [Y 42.0347 dB    U 44.2711 dB    V 45.0883 dB] [ET    24 ] [L0] [L1]
POC   16 LId:  0 TId: 0 ( TRAIL, B-SLICE, QP 26 )      55768 bits [Y 38.9688 dB    U 43.3117 dB    V 44.2722 dB] [ET    27 ] [L0 0] [L1 0c]
POC    8 LId:  0 TId: 1 ( STSA, B-SLICE, QP 26 )      33480 bits [Y 39.0013 dB    U 43.5408 dB    V 44.6290 dB] [ET    25 ] [L0 0 16] [L1 16c 0]
POC    4 LId:  0 TId: 2 ( STSA, B-SLICE, QP 30 )      11952 bits [Y 37.3084 dB    U 43.6368 dB    V 44.7532 dB] [ET    14 ] [L0 0 8] [L1 8c 16]
POC    2 LId:  0 TId: 3 ( STSA, B-SLICE, QP 31 )       3880 bits [Y 37.4420 dB    U 43.7885 dB    V 44.8032 dB] [ET     7 ] [L0 0 4] [L1 4c 8]
POC    1 LId:  0 TId: 4 ( STSA, B-SLICE, QP 33 )        688 bits [Y 38.1788 dB    U 43.9109 dB    V 44.9500 dB] [ET     3 ] [L0 0 2] [L1 2c 4]
POC    3 LId:  0 TId: 4 ( STSA, B-SLICE, QP 33 )        664 bits [Y 37.1462 dB    U 43.7489 dB    V 44.7624 dB] [ET     3 ] [L0 2c 0] [L1 4 8]
POC    6 LId:  0 TId: 3 ( STSA, B-SLICE, QP 31 )       4056 bits [Y 37.1413 dB    U 43.6222 dB    V 44.6294 dB] [ET     7 ] [L0 4c 0] [L1 8 16]
POC    5 LId:  0 TId: 4 ( STSA, B-SLICE, QP 33 )        720 bits [Y 37.1204 dB    U 43.5982 dB    V 44.6214 dB] [ET     3 ] [L0 4 0] [L1 6c 8]
POC    7 LId:  0 TId: 4 ( STSA, B-SLICE, QP 33 )        832 bits [Y 37.6429 dB    U 43.5289 dB    V 44.6594 dB] [ET     3 ] [L0 6c 4] [L1 8 16]
POC   12 LId:  0 TId: 2 ( STSA, B-SLICE, QP 30 )      12880 bits [Y 37.1489 dB    U 43.3879 dB    V 44.3529 dB] [ET    18 ] [L0 8 0] [L1 16c 8]
POC   10 LId:  0 TId: 3 ( STSA, B-SLICE, QP 31 )       3888 bits [Y 37.1644 dB    U 43.4613 dB    V 44.5268 dB] [ET     7 ] [L0 8 0] [L1 12c 16]
POC    9 LId:  0 TId: 4 ( STSA, B-SLICE, QP 33 )        696 bits [Y 37.5621 dB    U 43.5194 dB    V 44.6126 dB] [ET     3 ] [L0 8 0] [L1 10c 12]
POC   11 LId:  0 TId: 4 ( STSA, B-SLICE, QP 33 )        744 bits [Y 36.9494 dB    U 43.4000 dB    V 44.4986 dB] [ET     3 ] [L0 10c 8] [L1 12 16]
POC   14 LId:  0 TId: 3 ( STSA, B-SLICE, QP 31 )       4392 bits [Y 37.0609 dB    U 43.3568 dB    V 44.3548 dB] [ET     7 ] [L0 12c 8] [L1 16 12]
POC   13 LId:  0 TId: 4 ( STSA, B-SLICE, QP 33 )        664 bits [Y 36.8910 dB    U 43.4075 dB    V 44.4224 dB] [ET     3 ] [L0 12 8] [L1 14c 16]
POC   15 LId:  0 TId: 4 ( STSA, B-SLICE, QP 33 )        696 bits [Y 37.4444 dB    U 43.3064 dB    V 44.3381 dB] [ET     3 ] [L0 14c 12] [L1 16 14]
POC   32 LId:  0 TId: 0 ( TRAIL, B-SLICE, QP 26 )      54688 bits [Y 38.8491 dB    U 43.2151 dB    V 43.9879 dB] [ET    25 ] [L0 16 0] [L1 16c 0]
POC   24 LId:  0 TId: 1 ( TRAIL, B-SLICE, QP 26 )      34920 bits [Y 38.8053 dB    U 43.3382 dB    V 44.2229 dB] [ET    23 ] [L0 16 8] [L1 32c 16]
POC   20 LId:  0 TId: 2 ( STSA, B-SLICE, QP 30 )      12344 bits [Y 37.2137 dB    U 43.2901 dB    V 44.2257 dB] [ET    12 ] [L0 16 8] [L1 24c 32]
POC   18 LId:  0 TId: 3 ( STSA, B-SLICE, QP 31 )       3656 bits [Y 37.0688 dB    U 43.3471 dB    V 44.3320 dB] [ET     8 ] [L0 16 8] [L1 20c 24]
POC   17 LId:  0 TId: 4 ( STSA, B-SLICE, QP 33 )        744 bits [Y 37.5883 dB    U 43.3147 dB    V 44.3283 dB] [ET     4 ] [L0 16 18] [L1 18c 20]
POC   19 LId:  0 TId: 4 ( STSA, B-SLICE, QP 33 )        872 bits [Y 36.9398 dB    U 43.2714 dB    V 44.2954 dB] [ET     4 ] [L0 18c 16] [L1 20 24]
POC   22 LId:  0 TId: 3 ( STSA, B-SLICE, QP 31 )       4440 bits [Y 37.1108 dB    U 43.2921 dB    V 44.1479 dB] [ET     8 ] [L0 20c 16] [L1 24 32]
POC   21 LId:  0 TId: 4 ( STSA, B-SLICE, QP 33 )        856 bits [Y 37.0517 dB    U 43.3517 dB    V 44.2568 dB] [ET     4 ] [L0 20 16] [L1 22c 24]
POC   23 LId:  0 TId: 4 ( STSA, B-SLICE, QP 33 )        792 bits [Y 37.5359 dB    U 43.3530 dB    V 44.2272 dB] [ET     4 ] [L0 22c 20] [L1 24 32]
POC   28 LId:  0 TId: 2 ( STSA, B-SLICE, QP 30 )      11320 bits [Y 37.0940 dB    U 43.2618 dB    V 44.1280 dB] [ET    16 ] [L0 24 16] [L1 32c 24]
POC   26 LId:  0 TId: 3 ( STSA, B-SLICE, QP 31 )       4088 bits [Y 36.9847 dB    U 43.2607 dB    V 44.1587 dB] [ET     9 ] [L0 24 16] [L1 28c 32]
POC   25 LId:  0 TId: 4 ( STSA, B-SLICE, QP 33 )        664 bits [Y 37.4536 dB    U 43.3347 dB    V 44.2448 dB] [ET     3 ] [L0 24 16] [L1 26c 28]
POC   27 LId:  0 TId: 4 ( STSA, B-SLICE, QP 33 )        608 bits [Y 36.7019 dB    U 43.2742 dB    V 44.1472 dB] [ET     4 ] [L0 26c 24] [L1 28 32]
POC   30 LId:  0 TId: 3 ( STSA, B-SLICE, QP 31 )       4832 bits [Y 36.8120 dB    U 43.2499 dB    V 44.0697 dB] [ET     9 ] [L0 28c 24] [L1 32 28]
POC   29 LId:  0 TId: 4 ( STSA, B-SLICE, QP 33 )        808 bits [Y 36.7082 dB    U 43.2188 dB    V 44.1190 dB] [ET     4 ] [L0 28 24] [L1 30c 32]
POC   31 LId:  0 TId: 4 ( STSA, B-SLICE, QP 33 )        680 bits [Y 37.4055 dB    U 43.2314 dB    V 44.0790 dB] [ET     3 ] [L0 30c 28] [L1 32 30]
POC   48 LId:  0 TId: 0 ( CRA, I-SLICE, QP 22 )     201944 bits [Y 41.9488 dB    U 44.0778 dB    V 44.9477 dB] [ET    22 ] [L0] [L1]
POC   40 LId:  0 TId: 1 ( RASL, B-SLICE, QP 26 )      32440 bits [Y 39.1861 dB    U 44.0443 dB    V 45.0196 dB] [ET    23 ] [L0 32c 24] [L1 48 32]
POC   36 LId:  0 TId: 2 ( RASL, B-SLICE, QP 30 )      11208 bits [Y 37.4829 dB    U 43.8686 dB    V 44.7765 dB] [ET    14 ] [L0 32 24] [L1 40c 48]
POC   34 LId:  0 TId: 3 ( RASL, B-SLICE, QP 31 )       5224 bits [Y 36.9616 dB    U 43.7533 dB    V 44.7081 dB] [ET    10 ] [L0 32 24] [L1 36c 40]
POC   33 LId:  0 TId: 4 ( RASL, B-SLICE, QP 33 )        776 bits [Y 37.4319 dB    U 43.5547 dB    V 44.4329 dB] [ET     2 ] [L0 32 34] [L1 34c 36]
POC   35 LId:  0 TId: 4 ( RASL, B-SLICE, QP 33 )        808 bits [Y 37.0854 dB    U 43.8928 dB    V 44.7948 dB] [ET     3 ] [L0 34c 32] [L1 36 40]
POC   38 LId:  0 TId: 3 ( RASL, B-SLICE, QP 31 )       5368 bits [Y 37.1160 dB    U 44.0692 dB    V 45.0387 dB] [ET    10 ] [L0 36c 32] [L1 40 48]
POC   37 LId:  0 TId: 4 ( RASL, B-SLICE, QP 33 )        880 bits [Y 37.0300 dB    U 43.9481 dB    V 44.9699 dB] [ET     3 ] [L0 36 32] [L1 38c 40]
POC   39 LId:  0 TId: 4 ( RASL, B-SLICE, QP 33 )        760 bits [Y 37.4774 dB    U 44.0870 dB    V 45.1537 dB] [ET     3 ] [L0 38c 36] [L1 40 48]
POC   44 LId:  0 TId: 2 ( RASL, B-SLICE, QP 30 )      10352 bits [Y 37.4688 dB    U 44.0068 dB    V 45.1693 dB] [ET    15 ] [L0 40c 32] [L1 48 40]
POC   42 LId:  0 TId: 3 ( RASL, B-SLICE, QP 31 )       5792 bits [Y 37.0085 dB    U 44.0867 dB    V 45.2342 dB] [ET    13 ] [L0 40 32] [L1 44c 48]
POC   41 LId:  0 TId: 4 ( RASL, B-SLICE, QP 33 )        664 bits [Y 37.6528 dB    U 44.1705 dB    V 45.2610 dB] [ET     3 ] [L0 40 32] [L1 42c 44]
POC   43 LId:  0 TId: 4 ( RASL, B-SLICE, QP 33 )        664 bits [Y 37.0243 dB    U 44.0713 dB    V 45.1557 dB] [ET     3 ] [L0 42c 40] [L1 44 48]
POC   46 LId:  0 TId: 3 ( RASL, B-SLICE, QP 31 )       5720 bits [Y 36.9638 dB    U 43.9975 dB    V 45.0271 dB] [ET    10 ] [L0 44c 40] [L1 48 44]
POC   45 LId:  0 TId: 4 ( RASL, B-SLICE, QP 33 )        912 bits [Y 37.0111 dB    U 44.0314 dB    V 45.0925 dB] [ET     2 ] [L0 44 40] [L1 46c 48]
POC   47 LId:  0 TId: 4 ( RASL, B-SLICE, QP 33 )        632 bits [Y 37.7504 dB    U 43.9634 dB    V 44.9873 dB] [ET     4 ] [L0 46c 44] [L1 48 46]
POC   64 LId:  0 TId: 0 ( TRAIL, B-SLICE, QP 26 )      59072 bits [Y 38.8932 dB    U 43.2545 dB    V 44.2207 dB] [ET    29 ] [L0 48] [L1 48c]
POC   56 LId:  0 TId: 1 ( STSA, B-SLICE, QP 26 )      37256 bits [Y 38.9043 dB    U 43.5639 dB    V 44.4531 dB] [ET    28 ] [L0 48 64] [L1 64c 48]
POC   52 LId:  0 TId: 2 ( STSA, B-SLICE, QP 30 )      10480 bits [Y 37.3820 dB    U 43.5945 dB    V 44.6196 dB] [ET    13 ] [L0 48 56] [L1 56c 64]
POC   50 LId:  0 TId: 3 ( STSA, B-SLICE, QP 31 )       5336 bits [Y 36.9390 dB    U 43.6381 dB    V 44.6388 dB] [ET    10 ] [L0 48 52] [L1 52c 56]
POC   49 LId:  0 TId: 4 ( STSA, B-SLICE, QP 33 )        648 bits [Y 37.5517 dB    U 43.7397 dB    V 44.7779 dB] [ET     3 ] [L0 48 50] [L1 50c 52]
POC   51 LId:  0 TId: 4 ( STSA, B-SLICE, QP 33 )        672 bits [Y 36.5694 dB    U 43.5936 dB    V 44.6079 dB] [ET     3 ] [L0 50c 48] [L1 52 56]
POC   54 LId:  0 TId: 3 ( STSA, B-SLICE, QP 31 )       6864 bits [Y 36.8538 dB    U 43.4477 dB    V 44.5145 dB] [ET    13 ] [L0 52c 48] [L1 56 64]
POC   53 LId:  0 TId: 4 ( STSA, B-SLICE, QP 33 )        800 bits [Y 36.8242 dB    U 43.4958 dB    V 44.4880 dB] [ET     3 ] [L0 52 48] [L1 54c 56]
POC   55 LId:  0 TId: 4 ( STSA, B-SLICE, QP 33 )        656 bits [Y 37.2651 dB    U 43.5730 dB    V 44.4919 dB] [ET     3 ] [L0 54c 52] [L1 56 64]
POC   60 LId:  0 TId: 2 ( STSA, B-SLICE, QP 30 )      11584 bits [Y 37.1657 dB    U 43.2167 dB    V 44.2478 dB] [ET    17 ] [L0 56 48] [L1 64c 56]
POC   58 LId:  0 TId: 3 ( STSA, B-SLICE, QP 31 )       5688 bits [Y 36.7522 dB    U 43.3010 dB    V 44.3552 dB] [ET    11 ] [L0 56 48] [L1 60c 64]
POC   57 LId:  0 TId: 4 ( STSA, B-SLICE, QP 33 )        912 bits [Y 37.1272 dB    U 43.3770 dB    V 44.3543 dB] [ET     4 ] [L0 56 48] [L1 58c 60]
POC   59 LId:  0 TId: 4 ( STSA, B-SLICE, QP 33 )       1152 bits [Y 36.5226 dB    U 43.2217 dB    V 44.2078 dB] [ET     4 ] [L0 58c 56] [L1 60 64]
POC   62 LId:  0 TId: 3 ( STSA, B-SLICE, QP 31 )       6744 bits [Y 36.5568 dB    U 43.2541 dB    V 44.2022 dB] [ET    11 ] [L0 60c 56] [L1 64 60]
POC   61 LId:  0 TId: 4 ( STSA, B-SLICE, QP 33 )        904 bits [Y 36.5618 dB    U 43.1783 dB    V 44.2153 dB] [ET     3 ] [L0 60 56] [L1 62c 64]
POC   63 LId:  0 TId: 4 ( STSA, B-SLICE, QP 33 )        784 bits [Y 36.9782 dB    U 43.2692 dB    V 44.2189 dB] [ET     3 ] [L0 62c 60] [L1 64 62]

LayerId  0
	Total Frames |   Bitrate     Y-PSNR    U-PSNR    V-PSNR    YUV-PSNR   
	       65    a     831.6258   37.4919   43.5653   44.5481   38.7060

 finished @ Mon Jan 13 23:21:01 2025
 Total Time:      632.607 sec. [user]      632.606 sec. [elapsed]
