
VVCSoftware: VTM Encoder Version 10.0 [Windows][VS 1916][64 bit] [SIMD=AVX2] 

TOOL CFG: IBD:1 HAD:1 RDQ:1 RDQTS:1 RDpenalty:0 LQP:0 SQP:0 ASR:1 MinSearchWindow:96 RestrictMESampling:0 FEN:1 ECU:0 FDM:1 CFM:0 ESD:0 TransformSkip:1 TransformSkipFast:1 TransformSkipLog2MaxSize:5 ChromaTS:1 BDPCM:0 Tiles: 1x1 Slices: 1 MCTS:0 SAO:1 ALF:1 CCALF:1 WPP:0 WPB:0 PME:2  WaveFrontSynchro:0 WaveFrontSubstreams:1 ScalingList:0 TMVPMode:1  DQ:1  SignBitHidingFlag:0 RecalQP:0 
TOOL CFG: LFNST:1 MMVD:1 Affine:1 AffineType:1 PROF:1 SbTMVP:1 DualITree:1 IMV:1 BIO:1 LMChroma:1 HorCollocatedChroma:1 VerCollocatedChroma:0 MTS: 1(intra) 0(inter) SBT:1 ISP:1 SMVD:1 CompositeLTReference:0 Bcw:1 BcwFast:1 LADF:0 CIIP:1 Geo:1 AllowDisFracMMVD:1 AffineAmvr:1 AffineAmvrEncOpt:1 DMVR:1 MmvdDisNum:6 JointCbCr:1 ACT:0 PLT:0 IBC:0 HashME:0 WrapAround:0 VirtualBoundariesEnabledFlag:0 VirtualBoundariesPresentInSPSFlag:1 vertical virtual boundaries:[ ] horizontal virtual boundaries:[ ] Reshape:1 (Signal:SDR Opt:0 CSoffset:6) MRL:1 MIP:1 EncDbOpt:0 
FAST TOOL CFG: LCTUFast:1 FastMrg:1 PBIntraFast:1 IMV4PelFast:1 MTSMaxCand: 4(intra) 4(inter) ISPFast:0 FastLFNST:0 AMaxBT:1 E0023FastEnc:1 ContentBasedFastQtbt:0 UseNonLinearAlfLuma:1 UseNonLinearAlfChroma:1 MaxNumAlfAlternativesChroma:8 FastMIP:0 FastLocalDualTree:1 NumSplitThreads:1 NumWppThreads:1+0 EnsureWppBitEqual:0 RPR:0 TemporalFilter:0 


 started @ Mon Jan 13 22:00:44 2025
POC    0 LId:  0 TId: 0 ( IDR_N_LP, I-SLICE, QP 33 )      73872 bits [Y 33.1224 dB    U 39.6654 dB    V 39.9568 dB] [ET    14 ] [L0] [L1]
POC   16 LId:  0 TId: 0 ( TRAIL, B-SLICE, QP 37 )      10280 bits [Y 31.2885 dB    U 39.3755 dB    V 39.5070 dB] [ET    14 ] [L0 0] [L1 0c]
POC    8 LId:  0 TId: 1 ( STSA, B-SLICE, QP 40 )       3216 bits [Y 31.1418 dB    U 39.4966 dB    V 39.7901 dB] [ET     7 ] [L0 0 16] [L1 16c 0]
POC    4 LId:  0 TId: 2 ( STSA, B-SLICE, QP 43 )       1088 bits [Y 30.9294 dB    U 39.6012 dB    V 39.9048 dB] [ET     4 ] [L0 0 8] [L1 8c 16]
POC    2 LId:  0 TId: 3 ( STSA, B-SLICE, QP 44 )        256 bits [Y 31.4689 dB    U 39.5692 dB    V 39.9174 dB] [ET     2 ] [L0 0 4] [L1 4c 8]
POC    1 LId:  0 TId: 4 ( STSA, B-SLICE, QP 45 )        168 bits [Y 32.1996 dB    U 39.6197 dB    V 39.9553 dB] [ET     1 ] [L0 0 2] [L1 2c 4]
POC    3 LId:  0 TId: 4 ( STSA, B-SLICE, QP 45 )        176 bits [Y 31.1282 dB    U 39.5798 dB    V 39.8940 dB] [ET     1 ] [L0 2c 0] [L1 4 8]
POC    6 LId:  0 TId: 3 ( STSA, B-SLICE, QP 44 )        384 bits [Y 30.7892 dB    U 39.5491 dB    V 39.8376 dB] [ET     2 ] [L0 4c 0] [L1 8 16]
POC    5 LId:  0 TId: 4 ( STSA, B-SLICE, QP 45 )        152 bits [Y 30.8810 dB    U 39.5496 dB    V 39.8127 dB] [ET     1 ] [L0 4 0] [L1 6c 8]
POC    7 LId:  0 TId: 4 ( STSA, B-SLICE, QP 45 )        144 bits [Y 31.0048 dB    U 39.4882 dB    V 39.8016 dB] [ET     1 ] [L0 6c 4] [L1 8 16]
POC   12 LId:  0 TId: 2 ( STSA, B-SLICE, QP 43 )       1168 bits [Y 30.4391 dB    U 39.4795 dB    V 39.6686 dB] [ET     4 ] [L0 8c 0] [L1 16 8]
POC   10 LId:  0 TId: 3 ( STSA, B-SLICE, QP 44 )        328 bits [Y 30.6180 dB    U 39.4787 dB    V 39.7160 dB] [ET     2 ] [L0 8 0] [L1 12c 16]
POC    9 LId:  0 TId: 4 ( STSA, B-SLICE, QP 45 )        160 bits [Y 30.9212 dB    U 39.4482 dB    V 39.7652 dB] [ET     1 ] [L0 8 0] [L1 10c 12]
POC   11 LId:  0 TId: 4 ( STSA, B-SLICE, QP 45 )        176 bits [Y 30.5231 dB    U 39.4637 dB    V 39.7028 dB] [ET     1 ] [L0 10c 8] [L1 12 16]
POC   14 LId:  0 TId: 3 ( STSA, B-SLICE, QP 44 )        344 bits [Y 30.6213 dB    U 39.4459 dB    V 39.6016 dB] [ET     2 ] [L0 12c 8] [L1 16 12]
POC   13 LId:  0 TId: 4 ( STSA, B-SLICE, QP 45 )        160 bits [Y 30.5133 dB    U 39.4891 dB    V 39.6535 dB] [ET     1 ] [L0 12 8] [L1 14c 16]
POC   15 LId:  0 TId: 4 ( STSA, B-SLICE, QP 45 )        160 bits [Y 30.9483 dB    U 39.4135 dB    V 39.5767 dB] [ET     1 ] [L0 14c 12] [L1 16 14]
POC   32 LId:  0 TId: 0 ( TRAIL, B-SLICE, QP 37 )      10520 bits [Y 31.0380 dB    U 39.1529 dB    V 39.4174 dB] [ET    12 ] [L0 16 0] [L1 16c 0]
POC   24 LId:  0 TId: 1 ( TRAIL, B-SLICE, QP 40 )       2752 bits [Y 30.5776 dB    U 39.2163 dB    V 39.4931 dB] [ET     7 ] [L0 16 8] [L1 32c 16]
POC   20 LId:  0 TId: 2 ( STSA, B-SLICE, QP 43 )       1224 bits [Y 30.2096 dB    U 39.3629 dB    V 39.5374 dB] [ET     4 ] [L0 16 8] [L1 24c 32]
POC   18 LId:  0 TId: 3 ( STSA, B-SLICE, QP 44 )        400 bits [Y 30.6044 dB    U 39.3583 dB    V 39.5449 dB] [ET     2 ] [L0 16 8] [L1 20c 24]
POC   17 LId:  0 TId: 4 ( STSA, B-SLICE, QP 45 )        152 bits [Y 30.9977 dB    U 39.3781 dB    V 39.5520 dB] [ET     1 ] [L0 16 18] [L1 18c 20]
POC   19 LId:  0 TId: 4 ( STSA, B-SLICE, QP 45 )        152 bits [Y 30.3720 dB    U 39.2965 dB    V 39.5622 dB] [ET     1 ] [L0 18c 16] [L1 20 24]
POC   22 LId:  0 TId: 3 ( STSA, B-SLICE, QP 44 )        448 bits [Y 30.1694 dB    U 39.3085 dB    V 39.5167 dB] [ET     3 ] [L0 20c 16] [L1 24 32]
POC   21 LId:  0 TId: 4 ( STSA, B-SLICE, QP 45 )        184 bits [Y 30.1905 dB    U 39.3058 dB    V 39.5557 dB] [ET     1 ] [L0 20 16] [L1 22c 24]
POC   23 LId:  0 TId: 4 ( STSA, B-SLICE, QP 45 )        192 bits [Y 30.4748 dB    U 39.2751 dB    V 39.5090 dB] [ET     1 ] [L0 22c 20] [L1 24 32]
POC   28 LId:  0 TId: 2 ( STSA, B-SLICE, QP 43 )        880 bits [Y 30.2494 dB    U 39.2189 dB    V 39.4762 dB] [ET     3 ] [L0 24c 16] [L1 32 24]
POC   26 LId:  0 TId: 3 ( STSA, B-SLICE, QP 44 )        440 bits [Y 30.3312 dB    U 39.2192 dB    V 39.4945 dB] [ET     2 ] [L0 24 16] [L1 28c 32]
POC   25 LId:  0 TId: 4 ( STSA, B-SLICE, QP 45 )        200 bits [Y 30.4661 dB    U 39.2352 dB    V 39.4890 dB] [ET     1 ] [L0 24 16] [L1 26c 28]
POC   27 LId:  0 TId: 4 ( STSA, B-SLICE, QP 45 )        208 bits [Y 30.3026 dB    U 39.2089 dB    V 39.4690 dB] [ET     2 ] [L0 26c 24] [L1 28 32]
POC   30 LId:  0 TId: 3 ( STSA, B-SLICE, QP 44 )        320 bits [Y 30.4256 dB    U 39.1888 dB    V 39.4424 dB] [ET     1 ] [L0 28c 24] [L1 32 28]
POC   29 LId:  0 TId: 4 ( STSA, B-SLICE, QP 45 )        200 bits [Y 30.3031 dB    U 39.1640 dB    V 39.4736 dB] [ET     1 ] [L0 28 24] [L1 30c 32]
POC   31 LId:  0 TId: 4 ( STSA, B-SLICE, QP 45 )        144 bits [Y 30.7779 dB    U 39.1427 dB    V 39.4528 dB] [ET     1 ] [L0 30c 28] [L1 32 30]
POC   48 LId:  0 TId: 0 ( TRAIL, B-SLICE, QP 37 )      10680 bits [Y 30.8802 dB    U 38.8898 dB    V 39.4433 dB] [ET    14 ] [L0 32 16] [L1 32c 16]
POC   40 LId:  0 TId: 1 ( TRAIL, B-SLICE, QP 40 )       2904 bits [Y 30.4772 dB    U 39.0339 dB    V 39.4790 dB] [ET     6 ] [L0 32 24] [L1 48c 32]
POC   36 LId:  0 TId: 2 ( STSA, B-SLICE, QP 43 )        768 bits [Y 30.0807 dB    U 39.1108 dB    V 39.4379 dB] [ET     3 ] [L0 32 24] [L1 40c 48]
POC   34 LId:  0 TId: 3 ( STSA, B-SLICE, QP 44 )        416 bits [Y 30.2595 dB    U 39.1180 dB    V 39.4883 dB] [ET     2 ] [L0 32 24] [L1 36c 40]
POC   33 LId:  0 TId: 4 ( STSA, B-SLICE, QP 45 )        224 bits [Y 30.6903 dB    U 39.1484 dB    V 39.4356 dB] [ET     1 ] [L0 32 34] [L1 34c 36]
POC   35 LId:  0 TId: 4 ( STSA, B-SLICE, QP 45 )        192 bits [Y 30.1332 dB    U 39.1140 dB    V 39.4671 dB] [ET     1 ] [L0 34c 32] [L1 36 40]
POC   38 LId:  0 TId: 3 ( STSA, B-SLICE, QP 44 )        552 bits [Y 30.1404 dB    U 39.0364 dB    V 39.4733 dB] [ET     2 ] [L0 36c 32] [L1 40 48]
POC   37 LId:  0 TId: 4 ( STSA, B-SLICE, QP 45 )        152 bits [Y 30.0194 dB    U 39.0480 dB    V 39.4479 dB] [ET     2 ] [L0 36 32] [L1 38c 40]
POC   39 LId:  0 TId: 4 ( STSA, B-SLICE, QP 45 )        224 bits [Y 30.2845 dB    U 39.0300 dB    V 39.4759 dB] [ET     2 ] [L0 38c 36] [L1 40 48]
POC   44 LId:  0 TId: 2 ( STSA, B-SLICE, QP 43 )        776 bits [Y 29.9650 dB    U 38.9804 dB    V 39.5439 dB] [ET     3 ] [L0 40c 32] [L1 48 40]
POC   42 LId:  0 TId: 3 ( STSA, B-SLICE, QP 44 )        392 bits [Y 30.0444 dB    U 38.9859 dB    V 39.5501 dB] [ET     3 ] [L0 40 32] [L1 44c 48]
POC   41 LId:  0 TId: 4 ( STSA, B-SLICE, QP 45 )        240 bits [Y 30.3507 dB    U 39.0082 dB    V 39.4936 dB] [ET     2 ] [L0 40 32] [L1 42c 44]
POC   43 LId:  0 TId: 4 ( STSA, B-SLICE, QP 45 )        224 bits [Y 30.0486 dB    U 38.9758 dB    V 39.5257 dB] [ET     2 ] [L0 42c 40] [L1 44 48]
POC   46 LId:  0 TId: 3 ( STSA, B-SLICE, QP 44 )        288 bits [Y 30.1375 dB    U 38.9628 dB    V 39.4879 dB] [ET     2 ] [L0 44c 40] [L1 48 44]
POC   45 LId:  0 TId: 4 ( STSA, B-SLICE, QP 45 )        184 bits [Y 30.0775 dB    U 38.9519 dB    V 39.5194 dB] [ET     1 ] [L0 44 40] [L1 46c 48]
POC   47 LId:  0 TId: 4 ( STSA, B-SLICE, QP 45 )        176 bits [Y 30.5863 dB    U 38.9129 dB    V 39.5002 dB] [ET     2 ] [L0 46c 44] [L1 48 46]
POC   64 LId:  0 TId: 0 ( CRA, I-SLICE, QP 33 )      77896 bits [Y 32.9851 dB    U 39.1911 dB    V 39.6994 dB] [ET    15 ] [L0] [L1]
POC   56 LId:  0 TId: 1 ( RASL, B-SLICE, QP 40 )       3096 bits [Y 31.1818 dB    U 39.5278 dB    V 40.1856 dB] [ET     8 ] [L0 48c 40] [L1 64 48]
POC   52 LId:  0 TId: 2 ( RASL, B-SLICE, QP 43 )       1016 bits [Y 30.6728 dB    U 39.3484 dB    V 40.0748 dB] [ET     4 ] [L0 48 40] [L1 56c 64]
POC   50 LId:  0 TId: 3 ( RASL, B-SLICE, QP 44 )        384 bits [Y 30.6608 dB    U 39.2354 dB    V 39.9436 dB] [ET     3 ] [L0 48 40] [L1 52c 56]
POC   49 LId:  0 TId: 4 ( RASL, B-SLICE, QP 45 )        168 bits [Y 30.8136 dB    U 39.0893 dB    V 39.7524 dB] [ET     2 ] [L0 48 50] [L1 50c 52]
POC   51 LId:  0 TId: 4 ( RASL, B-SLICE, QP 45 )        192 bits [Y 30.6039 dB    U 39.3340 dB    V 40.0250 dB] [ET     1 ] [L0 50c 48] [L1 52 56]
POC   54 LId:  0 TId: 3 ( RASL, B-SLICE, QP 44 )        352 bits [Y 30.5491 dB    U 39.4219 dB    V 40.1229 dB] [ET     3 ] [L0 52c 48] [L1 56 64]
POC   53 LId:  0 TId: 4 ( RASL, B-SLICE, QP 45 )        176 bits [Y 30.6277 dB    U 39.4269 dB    V 40.1173 dB] [ET     3 ] [L0 52 48] [L1 54c 56]
POC   55 LId:  0 TId: 4 ( RASL, B-SLICE, QP 45 )        160 bits [Y 30.9105 dB    U 39.5041 dB    V 40.1753 dB] [ET     2 ] [L0 54c 52] [L1 56 64]
POC   60 LId:  0 TId: 2 ( RASL, B-SLICE, QP 43 )       1104 bits [Y 31.1418 dB    U 39.3811 dB    V 40.0512 dB] [ET     8 ] [L0 56c 48] [L1 64 56]
POC   58 LId:  0 TId: 3 ( RASL, B-SLICE, QP 44 )        504 bits [Y 30.9037 dB    U 39.4233 dB    V 40.1398 dB] [ET     3 ] [L0 56 48] [L1 60c 64]
POC   57 LId:  0 TId: 4 ( RASL, B-SLICE, QP 45 )        168 bits [Y 31.0086 dB    U 39.4349 dB    V 40.1567 dB] [ET     2 ] [L0 56 48] [L1 58c 60]
POC   59 LId:  0 TId: 4 ( RASL, B-SLICE, QP 45 )        200 bits [Y 30.9440 dB    U 39.4238 dB    V 40.0768 dB] [ET     3 ] [L0 58c 56] [L1 60 64]
POC   62 LId:  0 TId: 3 ( RASL, B-SLICE, QP 44 )        440 bits [Y 31.2542 dB    U 39.3748 dB    V 39.8888 dB] [ET     3 ] [L0 60c 56] [L1 64 60]
POC   61 LId:  0 TId: 4 ( RASL, B-SLICE, QP 45 )        200 bits [Y 31.2144 dB    U 39.3545 dB    V 40.0165 dB] [ET     2 ] [L0 60 56] [L1 62c 64]
POC   63 LId:  0 TId: 4 ( RASL, B-SLICE, QP 45 )        184 bits [Y 31.9638 dB    U 39.2727 dB    V 39.7870 dB] [ET     2 ] [L0 62c 60] [L1 64 62]

LayerId  0
	Total Frames |   Bitrate     Y-PSNR    U-PSNR    V-PSNR    YUV-PSNR   
	       65    a     198.7200   30.7329   39.2892   39.6928   32.1766

 finished @ Mon Jan 13 22:04:49 2025
 Total Time:      245.492 sec. [user]      245.493 sec. [elapsed]
