
VVCSoftware: VTM Encoder Version 10.0 [Windows][VS 1916][64 bit] [SIMD=AVX2] 

TOOL CFG: IBD:1 HAD:1 RDQ:1 RDQTS:1 RDpenalty:0 LQP:0 SQP:0 ASR:1 MinSearchWindow:96 RestrictMESampling:0 FEN:1 ECU:0 FDM:1 CFM:0 ESD:0 TransformSkip:1 TransformSkipFast:1 TransformSkipLog2MaxSize:5 ChromaTS:1 BDPCM:0 Tiles: 1x1 Slices: 1 MCTS:0 SAO:1 ALF:1 CCALF:1 WPP:0 WPB:0 PME:2  WaveFrontSynchro:0 WaveFrontSubstreams:1 ScalingList:0 TMVPMode:1  DQ:1  SignBitHidingFlag:0 RecalQP:0 
TOOL CFG: LFNST:1 MMVD:1 Affine:1 AffineType:1 PROF:1 SbTMVP:1 DualITree:1 IMV:1 BIO:1 LMChroma:1 HorCollocatedChroma:1 VerCollocatedChroma:0 MTS: 1(intra) 0(inter) SBT:1 ISP:1 SMVD:1 CompositeLTReference:0 Bcw:1 BcwFast:1 LADF:0 CIIP:1 Geo:1 AllowDisFracMMVD:1 AffineAmvr:1 AffineAmvrEncOpt:1 DMVR:1 MmvdDisNum:6 JointCbCr:1 ACT:0 PLT:0 IBC:0 HashME:0 WrapAround:0 VirtualBoundariesEnabledFlag:0 VirtualBoundariesPresentInSPSFlag:1 vertical virtual boundaries:[ ] horizontal virtual boundaries:[ ] Reshape:1 (Signal:SDR Opt:0 CSoffset:6) MRL:1 MIP:1 EncDbOpt:0 
FAST TOOL CFG: LCTUFast:1 FastMrg:1 PBIntraFast:1 IMV4PelFast:1 MTSMaxCand: 4(intra) 4(inter) ISPFast:0 FastLFNST:0 AMaxBT:1 E0023FastEnc:1 ContentBasedFastQtbt:0 UseNonLinearAlfLuma:1 UseNonLinearAlfChroma:1 MaxNumAlfAlternativesChroma:8 FastMIP:0 FastLocalDualTree:1 NumSplitThreads:1 NumWppThreads:1+0 EnsureWppBitEqual:0 RPR:0 TemporalFilter:0 


 started @ Mon Jan 13 22:29:12 2025
POC    0 LId:  0 TId: 0 ( IDR_N_LP, I-SLICE, QP 27 )     129248 bits [Y 37.6575 dB    U 41.9622 dB    V 42.6922 dB] [ET    20 ] [L0] [L1]
POC   16 LId:  0 TId: 0 ( TRAIL, B-SLICE, QP 31 )      25528 bits [Y 35.1087 dB    U 41.3445 dB    V 42.0010 dB] [ET    24 ] [L0 0] [L1 0c]
POC    8 LId:  0 TId: 1 ( STSA, B-SLICE, QP 33 )       9152 bits [Y 34.6956 dB    U 41.5908 dB    V 42.3388 dB] [ET    13 ] [L0 0 16] [L1 16c 0]
POC    4 LId:  0 TId: 2 ( STSA, B-SLICE, QP 36 )       3824 bits [Y 34.1749 dB    U 41.7305 dB    V 42.5304 dB] [ET     6 ] [L0 0 8] [L1 8c 16]
POC    2 LId:  0 TId: 3 ( STSA, B-SLICE, QP 37 )        968 bits [Y 34.6493 dB    U 41.7525 dB    V 42.5831 dB] [ET     4 ] [L0 0 4] [L1 4c 8]
POC    1 LId:  0 TId: 4 ( STSA, B-SLICE, QP 39 )        328 bits [Y 35.6152 dB    U 41.8006 dB    V 42.6792 dB] [ET     1 ] [L0 0 2] [L1 2c 4]
POC    3 LId:  0 TId: 4 ( STSA, B-SLICE, QP 39 )        232 bits [Y 34.2600 dB    U 41.7376 dB    V 42.5287 dB] [ET     2 ] [L0 2c 0] [L1 4 8]
POC    6 LId:  0 TId: 3 ( STSA, B-SLICE, QP 37 )       1328 bits [Y 34.0541 dB    U 41.6788 dB    V 42.4429 dB] [ET     3 ] [L0 4c 0] [L1 8 16]
POC    5 LId:  0 TId: 4 ( STSA, B-SLICE, QP 39 )        240 bits [Y 34.0972 dB    U 41.6710 dB    V 42.4072 dB] [ET     2 ] [L0 4 0] [L1 6c 8]
POC    7 LId:  0 TId: 4 ( STSA, B-SLICE, QP 39 )        224 bits [Y 34.3134 dB    U 41.5907 dB    V 42.3855 dB] [ET     2 ] [L0 6c 4] [L1 8 16]
POC   12 LId:  0 TId: 2 ( STSA, B-SLICE, QP 36 )       4184 bits [Y 33.7979 dB    U 41.4941 dB    V 42.1961 dB] [ET     9 ] [L0 8c 0] [L1 16 8]
POC   10 LId:  0 TId: 3 ( STSA, B-SLICE, QP 37 )       1368 bits [Y 34.0794 dB    U 41.5340 dB    V 42.2842 dB] [ET     4 ] [L0 8 0] [L1 12c 16]
POC    9 LId:  0 TId: 4 ( STSA, B-SLICE, QP 39 )        256 bits [Y 34.3057 dB    U 41.5473 dB    V 42.3242 dB] [ET     2 ] [L0 8 0] [L1 10c 12]
POC   11 LId:  0 TId: 4 ( STSA, B-SLICE, QP 39 )        264 bits [Y 33.8477 dB    U 41.5185 dB    V 42.2792 dB] [ET     3 ] [L0 10c 8] [L1 12 16]
POC   14 LId:  0 TId: 3 ( STSA, B-SLICE, QP 37 )       1096 bits [Y 33.8283 dB    U 41.4554 dB    V 42.1397 dB] [ET     4 ] [L0 12c 8] [L1 16 12]
POC   13 LId:  0 TId: 4 ( STSA, B-SLICE, QP 39 )        272 bits [Y 33.7540 dB    U 41.4926 dB    V 42.2137 dB] [ET     2 ] [L0 12 8] [L1 14c 16]
POC   15 LId:  0 TId: 4 ( STSA, B-SLICE, QP 39 )        384 bits [Y 34.3082 dB    U 41.3803 dB    V 42.0897 dB] [ET     3 ] [L0 14c 12] [L1 16 14]
POC   32 LId:  0 TId: 0 ( CRA, I-SLICE, QP 27 )     132592 bits [Y 37.5606 dB    U 41.8006 dB    V 42.6680 dB] [ET    20 ] [L0] [L1]
POC   24 LId:  0 TId: 1 ( RASL, B-SLICE, QP 33 )       8552 bits [Y 35.1869 dB    U 42.0108 dB    V 42.8042 dB] [ET    12 ] [L0 16c 8] [L1 32 16]
POC   20 LId:  0 TId: 2 ( RASL, B-SLICE, QP 36 )       3760 bits [Y 34.3097 dB    U 41.8904 dB    V 42.6198 dB] [ET     8 ] [L0 16 8] [L1 24c 32]
POC   18 LId:  0 TId: 3 ( RASL, B-SLICE, QP 37 )       1232 bits [Y 34.3721 dB    U 41.7013 dB    V 42.4395 dB] [ET     4 ] [L0 16 8] [L1 20c 24]
POC   17 LId:  0 TId: 4 ( RASL, B-SLICE, QP 39 )        304 bits [Y 34.6902 dB    U 41.5821 dB    V 42.2366 dB] [ET     3 ] [L0 16 18] [L1 18c 20]
POC   19 LId:  0 TId: 4 ( RASL, B-SLICE, QP 39 )        296 bits [Y 34.2190 dB    U 41.7722 dB    V 42.5766 dB] [ET     3 ] [L0 18c 16] [L1 20 24]
POC   22 LId:  0 TId: 3 ( RASL, B-SLICE, QP 37 )       1536 bits [Y 34.3303 dB    U 42.0590 dB    V 42.7441 dB] [ET     5 ] [L0 20c 16] [L1 24 32]
POC   21 LId:  0 TId: 4 ( RASL, B-SLICE, QP 39 )        328 bits [Y 34.3183 dB    U 42.0100 dB    V 42.7412 dB] [ET     2 ] [L0 20 16] [L1 22c 24]
POC   23 LId:  0 TId: 4 ( RASL, B-SLICE, QP 39 )        312 bits [Y 34.7490 dB    U 42.0632 dB    V 42.7979 dB] [ET     3 ] [L0 22c 20] [L1 24 32]
POC   28 LId:  0 TId: 2 ( RASL, B-SLICE, QP 36 )       2904 bits [Y 34.4509 dB    U 42.0165 dB    V 42.8461 dB] [ET     6 ] [L0 24c 16] [L1 32 24]
POC   26 LId:  0 TId: 3 ( RASL, B-SLICE, QP 37 )       1112 bits [Y 34.4510 dB    U 42.0400 dB    V 42.8050 dB] [ET     5 ] [L0 24 16] [L1 28c 32]
POC   25 LId:  0 TId: 4 ( RASL, B-SLICE, QP 39 )        272 bits [Y 34.7220 dB    U 42.0773 dB    V 42.7916 dB] [ET     3 ] [L0 24 16] [L1 26c 28]
POC   27 LId:  0 TId: 4 ( RASL, B-SLICE, QP 39 )        304 bits [Y 34.4163 dB    U 42.0325 dB    V 42.8051 dB] [ET     3 ] [L0 26c 24] [L1 28 32]
POC   30 LId:  0 TId: 3 ( RASL, B-SLICE, QP 37 )       1168 bits [Y 34.6509 dB    U 41.9553 dB    V 42.7677 dB] [ET     4 ] [L0 28c 24] [L1 32 28]
POC   29 LId:  0 TId: 4 ( RASL, B-SLICE, QP 39 )        336 bits [Y 34.3410 dB    U 41.9788 dB    V 42.8203 dB] [ET     3 ] [L0 28 24] [L1 30c 32]
POC   31 LId:  0 TId: 4 ( RASL, B-SLICE, QP 39 )        296 bits [Y 35.7121 dB    U 41.8450 dB    V 42.7553 dB] [ET     3 ] [L0 30c 28] [L1 32 30]
POC   48 LId:  0 TId: 0 ( TRAIL, B-SLICE, QP 31 )      25800 bits [Y 35.0496 dB    U 41.1528 dB    V 42.2309 dB] [ET    22 ] [L0 32] [L1 32c]
POC   40 LId:  0 TId: 1 ( STSA, B-SLICE, QP 33 )       8488 bits [Y 34.6462 dB    U 41.4539 dB    V 42.3867 dB] [ET    14 ] [L0 32 48] [L1 48c 32]
POC   36 LId:  0 TId: 2 ( STSA, B-SLICE, QP 36 )       2856 bits [Y 34.1113 dB    U 41.6030 dB    V 42.3948 dB] [ET     7 ] [L0 32 40] [L1 40c 48]
POC   34 LId:  0 TId: 3 ( STSA, B-SLICE, QP 37 )       1112 bits [Y 34.1869 dB    U 41.6730 dB    V 42.5369 dB] [ET     3 ] [L0 32 36] [L1 36c 40]
POC   33 LId:  0 TId: 4 ( STSA, B-SLICE, QP 39 )        296 bits [Y 35.2668 dB    U 41.7413 dB    V 42.6205 dB] [ET     2 ] [L0 32 34] [L1 34c 36]
POC   35 LId:  0 TId: 4 ( STSA, B-SLICE, QP 39 )        352 bits [Y 33.9378 dB    U 41.6539 dB    V 42.4262 dB] [ET     2 ] [L0 34c 32] [L1 36 40]
POC   38 LId:  0 TId: 3 ( STSA, B-SLICE, QP 37 )       1128 bits [Y 33.7847 dB    U 41.5200 dB    V 42.3634 dB] [ET     5 ] [L0 36c 32] [L1 40 48]
POC   37 LId:  0 TId: 4 ( STSA, B-SLICE, QP 39 )        472 bits [Y 33.8848 dB    U 41.5352 dB    V 42.3747 dB] [ET     2 ] [L0 36 32] [L1 38c 40]
POC   39 LId:  0 TId: 4 ( STSA, B-SLICE, QP 39 )        312 bits [Y 34.0495 dB    U 41.4597 dB    V 42.4002 dB] [ET     2 ] [L0 38c 36] [L1 40 48]
POC   44 LId:  0 TId: 2 ( STSA, B-SLICE, QP 36 )       3160 bits [Y 33.7515 dB    U 41.3408 dB    V 42.3572 dB] [ET     8 ] [L0 40c 32] [L1 48 40]
POC   42 LId:  0 TId: 3 ( STSA, B-SLICE, QP 37 )       1464 bits [Y 33.6585 dB    U 41.3866 dB    V 42.4052 dB] [ET     5 ] [L0 40 32] [L1 44c 48]
POC   41 LId:  0 TId: 4 ( STSA, B-SLICE, QP 39 )        296 bits [Y 34.1771 dB    U 41.4000 dB    V 42.3822 dB] [ET     3 ] [L0 40 32] [L1 42c 44]
POC   43 LId:  0 TId: 4 ( STSA, B-SLICE, QP 39 )        272 bits [Y 33.5492 dB    U 41.3611 dB    V 42.3166 dB] [ET     3 ] [L0 42c 40] [L1 44 48]
POC   46 LId:  0 TId: 3 ( STSA, B-SLICE, QP 37 )       1088 bits [Y 33.6159 dB    U 41.2456 dB    V 42.2615 dB] [ET     3 ] [L0 44c 40] [L1 48 44]
POC   45 LId:  0 TId: 4 ( STSA, B-SLICE, QP 39 )        296 bits [Y 33.6076 dB    U 41.2664 dB    V 42.3106 dB] [ET     3 ] [L0 44 40] [L1 46c 48]
POC   47 LId:  0 TId: 4 ( STSA, B-SLICE, QP 39 )        208 bits [Y 34.1507 dB    U 41.2225 dB    V 42.2863 dB] [ET     2 ] [L0 46c 44] [L1 48 46]
POC   64 LId:  0 TId: 0 ( CRA, I-SLICE, QP 27 )     134272 bits [Y 37.4970 dB    U 41.5868 dB    V 42.6104 dB] [ET    20 ] [L0] [L1]
POC   56 LId:  0 TId: 1 ( RASL, B-SLICE, QP 33 )      10192 bits [Y 34.9223 dB    U 41.8789 dB    V 42.8385 dB] [ET    15 ] [L0 48c 40] [L1 64 48]
POC   52 LId:  0 TId: 2 ( RASL, B-SLICE, QP 36 )       3232 bits [Y 34.2826 dB    U 41.6226 dB    V 42.7431 dB] [ET     8 ] [L0 48 40] [L1 56c 64]
POC   50 LId:  0 TId: 3 ( RASL, B-SLICE, QP 37 )       1368 bits [Y 34.0246 dB    U 41.5028 dB    V 42.5396 dB] [ET     5 ] [L0 48 40] [L1 52c 56]
POC   49 LId:  0 TId: 4 ( RASL, B-SLICE, QP 39 )        264 bits [Y 34.3763 dB    U 41.3657 dB    V 42.4682 dB] [ET     3 ] [L0 48 50] [L1 50c 52]
POC   51 LId:  0 TId: 4 ( RASL, B-SLICE, QP 39 )        256 bits [Y 34.0275 dB    U 41.5951 dB    V 42.6334 dB] [ET     3 ] [L0 50c 48] [L1 52 56]
POC   54 LId:  0 TId: 3 ( RASL, B-SLICE, QP 37 )       1608 bits [Y 34.0495 dB    U 41.6924 dB    V 42.7315 dB] [ET     6 ] [L0 52c 48] [L1 56 64]
POC   53 LId:  0 TId: 4 ( RASL, B-SLICE, QP 39 )        264 bits [Y 34.1283 dB    U 41.7095 dB    V 42.7372 dB] [ET     3 ] [L0 52 48] [L1 54c 56]
POC   55 LId:  0 TId: 4 ( RASL, B-SLICE, QP 39 )        280 bits [Y 34.4433 dB    U 41.8359 dB    V 42.7763 dB] [ET     3 ] [L0 54c 52] [L1 56 64]
POC   60 LId:  0 TId: 2 ( RASL, B-SLICE, QP 36 )       3304 bits [Y 34.4363 dB    U 41.7172 dB    V 42.7887 dB] [ET     7 ] [L0 56c 48] [L1 64 56]
POC   58 LId:  0 TId: 3 ( RASL, B-SLICE, QP 37 )       1504 bits [Y 34.1566 dB    U 41.7761 dB    V 42.8075 dB] [ET     4 ] [L0 56 48] [L1 60c 64]
POC   57 LId:  0 TId: 4 ( RASL, B-SLICE, QP 39 )        360 bits [Y 34.4050 dB    U 41.7946 dB    V 42.7794 dB] [ET     3 ] [L0 56 48] [L1 58c 60]
POC   59 LId:  0 TId: 4 ( RASL, B-SLICE, QP 39 )        304 bits [Y 34.0231 dB    U 41.7411 dB    V 42.7296 dB] [ET     3 ] [L0 58c 56] [L1 60 64]
POC   62 LId:  0 TId: 3 ( RASL, B-SLICE, QP 37 )       1400 bits [Y 34.2757 dB    U 41.7170 dB    V 42.6683 dB] [ET     4 ] [L0 60c 56] [L1 64 60]
POC   61 LId:  0 TId: 4 ( RASL, B-SLICE, QP 39 )        304 bits [Y 34.2192 dB    U 41.6982 dB    V 42.7343 dB] [ET     3 ] [L0 60 56] [L1 62c 64]
POC   63 LId:  0 TId: 4 ( RASL, B-SLICE, QP 39 )        280 bits [Y 35.2012 dB    U 41.6312 dB    V 42.6305 dB] [ET     3 ] [L0 62c 60] [L1 64 62]

LayerId  0
	Total Frames |   Bitrate     Y-PSNR    U-PSNR    V-PSNR    YUV-PSNR   
	       65    a     499.3772   34.4758   41.6615   42.5324   35.8130

 finished @ Mon Jan 13 22:35:53 2025
 Total Time:      401.400 sec. [user]      401.400 sec. [elapsed]
