
VVCSoftware: VTM Encoder Version 10.0 [Windows][VS 1916][64 bit] [SIMD=AVX2] 

TOOL CFG: IBD:1 HAD:1 RDQ:1 RDQTS:1 RDpenalty:0 LQP:0 SQP:0 ASR:1 MinSearchWindow:96 RestrictMESampling:0 FEN:1 ECU:0 FDM:1 CFM:0 ESD:0 TransformSkip:1 TransformSkipFast:1 TransformSkipLog2MaxSize:5 ChromaTS:1 BDPCM:0 Tiles: 1x1 Slices: 1 MCTS:0 SAO:1 ALF:1 CCALF:1 WPP:0 WPB:0 PME:2  WaveFrontSynchro:0 WaveFrontSubstreams:1 ScalingList:0 TMVPMode:1  DQ:1  SignBitHidingFlag:0 RecalQP:0 
TOOL CFG: LFNST:1 MMVD:1 Affine:1 AffineType:1 PROF:1 SbTMVP:1 DualITree:1 IMV:1 BIO:1 LMChroma:1 HorCollocatedChroma:1 VerCollocatedChroma:0 MTS: 1(intra) 0(inter) SBT:1 ISP:1 SMVD:1 CompositeLTReference:0 Bcw:1 BcwFast:1 LADF:0 CIIP:1 Geo:1 AllowDisFracMMVD:1 AffineAmvr:1 AffineAmvrEncOpt:1 DMVR:1 MmvdDisNum:6 JointCbCr:1 ACT:0 PLT:0 IBC:0 HashME:0 WrapAround:0 VirtualBoundariesEnabledFlag:0 VirtualBoundariesPresentInSPSFlag:1 vertical virtual boundaries:[ ] horizontal virtual boundaries:[ ] Reshape:1 (Signal:SDR Opt:0 CSoffset:6) MRL:1 MIP:1 EncDbOpt:0 
FAST TOOL CFG: LCTUFast:1 FastMrg:1 PBIntraFast:1 IMV4PelFast:1 MTSMaxCand: 4(intra) 4(inter) ISPFast:0 FastLFNST:0 AMaxBT:1 E0023FastEnc:1 ContentBasedFastQtbt:0 UseNonLinearAlfLuma:1 UseNonLinearAlfChroma:1 MaxNumAlfAlternativesChroma:8 FastMIP:0 FastLocalDualTree:1 NumSplitThreads:1 NumWppThreads:1+0 EnsureWppBitEqual:0 RPR:0 TemporalFilter:0 


 started @ Mon Jan 13 21:57:07 2025
POC    0 LId:  0 TId: 0 ( IDR_N_LP, I-SLICE, QP 34 )      67152 bits [Y 32.4459 dB    U 38.8324 dB    V 39.5251 dB] [ET    14 ] [L0] [L1]
POC   16 LId:  0 TId: 0 ( TRAIL, B-SLICE, QP 38 )       8680 bits [Y 30.6642 dB    U 38.7364 dB    V 39.2170 dB] [ET    12 ] [L0 0] [L1 0c]
POC    8 LId:  0 TId: 1 ( STSA, B-SLICE, QP 41 )       2816 bits [Y 30.6096 dB    U 38.8221 dB    V 39.4657 dB] [ET     6 ] [L0 0 16] [L1 16c 0]
POC    4 LId:  0 TId: 2 ( STSA, B-SLICE, QP 44 )        912 bits [Y 30.4332 dB    U 38.8436 dB    V 39.5494 dB] [ET     3 ] [L0 0 8] [L1 8c 16]
POC    2 LId:  0 TId: 3 ( STSA, B-SLICE, QP 45 )        216 bits [Y 31.0210 dB    U 38.8010 dB    V 39.5447 dB] [ET     2 ] [L0 0 4] [L1 4c 8]
POC    1 LId:  0 TId: 4 ( STSA, B-SLICE, QP 46 )        144 bits [Y 31.6493 dB    U 38.8288 dB    V 39.5581 dB] [ET     1 ] [L0 0 2] [L1 2c 4]
POC    3 LId:  0 TId: 4 ( STSA, B-SLICE, QP 46 )        160 bits [Y 30.6617 dB    U 38.8102 dB    V 39.5156 dB] [ET     1 ] [L0 2c 0] [L1 4 8]
POC    6 LId:  0 TId: 3 ( STSA, B-SLICE, QP 45 )        224 bits [Y 30.1929 dB    U 38.8496 dB    V 39.4984 dB] [ET     2 ] [L0 4c 0] [L1 8 16]
POC    5 LId:  0 TId: 4 ( STSA, B-SLICE, QP 46 )        160 bits [Y 30.3464 dB    U 38.8229 dB    V 39.4681 dB] [ET     1 ] [L0 4 0] [L1 6c 8]
POC    7 LId:  0 TId: 4 ( STSA, B-SLICE, QP 46 )        136 bits [Y 30.4168 dB    U 38.8030 dB    V 39.4801 dB] [ET     1 ] [L0 6c 4] [L1 8 16]
POC   12 LId:  0 TId: 2 ( STSA, B-SLICE, QP 44 )        936 bits [Y 29.9404 dB    U 38.8337 dB    V 39.3712 dB] [ET     3 ] [L0 8c 0] [L1 16 8]
POC   10 LId:  0 TId: 3 ( STSA, B-SLICE, QP 45 )        264 bits [Y 30.1249 dB    U 38.8045 dB    V 39.4355 dB] [ET     2 ] [L0 8 0] [L1 12c 16]
POC    9 LId:  0 TId: 4 ( STSA, B-SLICE, QP 46 )        136 bits [Y 30.3699 dB    U 38.7911 dB    V 39.4410 dB] [ET     1 ] [L0 8 0] [L1 10c 12]
POC   11 LId:  0 TId: 4 ( STSA, B-SLICE, QP 46 )        168 bits [Y 30.0232 dB    U 38.8009 dB    V 39.4047 dB] [ET     1 ] [L0 10c 8] [L1 12 16]
POC   14 LId:  0 TId: 3 ( STSA, B-SLICE, QP 45 )        208 bits [Y 30.0293 dB    U 38.7810 dB    V 39.3092 dB] [ET     2 ] [L0 12c 8] [L1 16 12]
POC   13 LId:  0 TId: 4 ( STSA, B-SLICE, QP 46 )        168 bits [Y 29.9752 dB    U 38.8033 dB    V 39.3727 dB] [ET     1 ] [L0 12 8] [L1 14c 16]
POC   15 LId:  0 TId: 4 ( STSA, B-SLICE, QP 46 )        136 bits [Y 30.3602 dB    U 38.7530 dB    V 39.2736 dB] [ET     1 ] [L0 14c 12] [L1 16 14]
POC   32 LId:  0 TId: 0 ( TRAIL, B-SLICE, QP 38 )       9448 bits [Y 30.5139 dB    U 38.6402 dB    V 39.2003 dB] [ET    15 ] [L0 16 0] [L1 16c 0]
POC   24 LId:  0 TId: 1 ( TRAIL, B-SLICE, QP 41 )       2504 bits [Y 30.1289 dB    U 38.6452 dB    V 39.2361 dB] [ET     7 ] [L0 16 8] [L1 32c 16]
POC   20 LId:  0 TId: 2 ( STSA, B-SLICE, QP 44 )        912 bits [Y 29.6538 dB    U 38.7527 dB    V 39.2728 dB] [ET     4 ] [L0 16 8] [L1 24c 32]
POC   18 LId:  0 TId: 3 ( STSA, B-SLICE, QP 45 )        368 bits [Y 30.0147 dB    U 38.7511 dB    V 39.2767 dB] [ET     2 ] [L0 16 8] [L1 20c 24]
POC   17 LId:  0 TId: 4 ( STSA, B-SLICE, QP 46 )        168 bits [Y 30.3928 dB    U 38.7552 dB    V 39.2739 dB] [ET     1 ] [L0 16 18] [L1 18c 20]
POC   19 LId:  0 TId: 4 ( STSA, B-SLICE, QP 46 )        160 bits [Y 29.7952 dB    U 38.7168 dB    V 39.2935 dB] [ET     1 ] [L0 18c 16] [L1 20 24]
POC   22 LId:  0 TId: 3 ( STSA, B-SLICE, QP 45 )        328 bits [Y 29.5948 dB    U 38.7382 dB    V 39.2644 dB] [ET     2 ] [L0 20c 16] [L1 24 32]
POC   21 LId:  0 TId: 4 ( STSA, B-SLICE, QP 46 )        152 bits [Y 29.5821 dB    U 38.7252 dB    V 39.3048 dB] [ET     1 ] [L0 20 16] [L1 22c 24]
POC   23 LId:  0 TId: 4 ( STSA, B-SLICE, QP 46 )        160 bits [Y 29.9235 dB    U 38.7023 dB    V 39.2561 dB] [ET     1 ] [L0 22c 20] [L1 24 32]
POC   28 LId:  0 TId: 2 ( STSA, B-SLICE, QP 44 )        784 bits [Y 29.7419 dB    U 38.7011 dB    V 39.2637 dB] [ET     3 ] [L0 24c 16] [L1 32 24]
POC   26 LId:  0 TId: 3 ( STSA, B-SLICE, QP 45 )        384 bits [Y 29.8478 dB    U 38.6925 dB    V 39.2531 dB] [ET     2 ] [L0 24 16] [L1 28c 32]
POC   25 LId:  0 TId: 4 ( STSA, B-SLICE, QP 46 )        168 bits [Y 29.9705 dB    U 38.6958 dB    V 39.2416 dB] [ET     1 ] [L0 24 16] [L1 26c 28]
POC   27 LId:  0 TId: 4 ( STSA, B-SLICE, QP 46 )        144 bits [Y 29.7528 dB    U 38.6976 dB    V 39.2522 dB] [ET     1 ] [L0 26c 24] [L1 28 32]
POC   30 LId:  0 TId: 3 ( STSA, B-SLICE, QP 45 )        296 bits [Y 29.9091 dB    U 38.7017 dB    V 39.2433 dB] [ET     2 ] [L0 28c 24] [L1 32 28]
POC   29 LId:  0 TId: 4 ( STSA, B-SLICE, QP 46 )        176 bits [Y 29.7786 dB    U 38.6858 dB    V 39.2804 dB] [ET     1 ] [L0 28 24] [L1 30c 32]
POC   31 LId:  0 TId: 4 ( STSA, B-SLICE, QP 46 )        184 bits [Y 30.2464 dB    U 38.6644 dB    V 39.2233 dB] [ET     1 ] [L0 30c 28] [L1 32 30]
POC   48 LId:  0 TId: 0 ( TRAIL, B-SLICE, QP 38 )       9664 bits [Y 30.2937 dB    U 38.4696 dB    V 39.1410 dB] [ET    13 ] [L0 32 16] [L1 32c 16]
POC   40 LId:  0 TId: 1 ( TRAIL, B-SLICE, QP 41 )       2408 bits [Y 29.9460 dB    U 38.5510 dB    V 39.1786 dB] [ET     7 ] [L0 32 24] [L1 48c 32]
POC   36 LId:  0 TId: 2 ( STSA, B-SLICE, QP 44 )        632 bits [Y 29.5324 dB    U 38.6615 dB    V 39.1905 dB] [ET     3 ] [L0 32 24] [L1 40c 48]
POC   34 LId:  0 TId: 3 ( STSA, B-SLICE, QP 45 )        344 bits [Y 29.8039 dB    U 38.6424 dB    V 39.2277 dB] [ET     2 ] [L0 32 24] [L1 36c 40]
POC   33 LId:  0 TId: 4 ( STSA, B-SLICE, QP 46 )        192 bits [Y 30.1833 dB    U 38.6686 dB    V 39.2208 dB] [ET     1 ] [L0 32 34] [L1 34c 36]
POC   35 LId:  0 TId: 4 ( STSA, B-SLICE, QP 46 )        168 bits [Y 29.6317 dB    U 38.6609 dB    V 39.2075 dB] [ET     1 ] [L0 34c 32] [L1 36 40]
POC   38 LId:  0 TId: 3 ( STSA, B-SLICE, QP 45 )        312 bits [Y 29.5537 dB    U 38.5893 dB    V 39.2065 dB] [ET     2 ] [L0 36c 32] [L1 40 48]
POC   37 LId:  0 TId: 4 ( STSA, B-SLICE, QP 46 )        208 bits [Y 29.4714 dB    U 38.6105 dB    V 39.1907 dB] [ET     1 ] [L0 36 32] [L1 38c 40]
POC   39 LId:  0 TId: 4 ( STSA, B-SLICE, QP 46 )        184 bits [Y 29.8019 dB    U 38.5998 dB    V 39.2150 dB] [ET     1 ] [L0 38c 36] [L1 40 48]
POC   44 LId:  0 TId: 2 ( STSA, B-SLICE, QP 44 )        664 bits [Y 29.5108 dB    U 38.5754 dB    V 39.2494 dB] [ET     4 ] [L0 40c 32] [L1 48 40]
POC   42 LId:  0 TId: 3 ( STSA, B-SLICE, QP 45 )        304 bits [Y 29.4785 dB    U 38.5526 dB    V 39.2400 dB] [ET     2 ] [L0 40 32] [L1 44c 48]
POC   41 LId:  0 TId: 4 ( STSA, B-SLICE, QP 46 )        176 bits [Y 29.7416 dB    U 38.5648 dB    V 39.2146 dB] [ET     1 ] [L0 40 32] [L1 42c 44]
POC   43 LId:  0 TId: 4 ( STSA, B-SLICE, QP 46 )        192 bits [Y 29.5026 dB    U 38.5699 dB    V 39.2256 dB] [ET     1 ] [L0 42c 40] [L1 44 48]
POC   46 LId:  0 TId: 3 ( STSA, B-SLICE, QP 45 )        328 bits [Y 29.6895 dB    U 38.5572 dB    V 39.1782 dB] [ET     2 ] [L0 44c 40] [L1 48 44]
POC   45 LId:  0 TId: 4 ( STSA, B-SLICE, QP 46 )        184 bits [Y 29.5458 dB    U 38.5558 dB    V 39.2328 dB] [ET     1 ] [L0 44 40] [L1 46c 48]
POC   47 LId:  0 TId: 4 ( STSA, B-SLICE, QP 46 )        152 bits [Y 30.0524 dB    U 38.4982 dB    V 39.1961 dB] [ET     1 ] [L0 46c 44] [L1 48 46]
POC   64 LId:  0 TId: 0 ( CRA, I-SLICE, QP 34 )      71088 bits [Y 32.3258 dB    U 38.4414 dB    V 39.0395 dB] [ET    14 ] [L0] [L1]
POC   56 LId:  0 TId: 1 ( RASL, B-SLICE, QP 41 )       2632 bits [Y 30.6947 dB    U 38.8487 dB    V 39.8113 dB] [ET     8 ] [L0 48c 40] [L1 64 48]
POC   52 LId:  0 TId: 2 ( RASL, B-SLICE, QP 44 )        928 bits [Y 30.1370 dB    U 38.7428 dB    V 39.6918 dB] [ET     4 ] [L0 48 40] [L1 56c 64]
POC   50 LId:  0 TId: 3 ( RASL, B-SLICE, QP 45 )        424 bits [Y 30.0789 dB    U 38.7195 dB    V 39.5892 dB] [ET     2 ] [L0 48 40] [L1 52c 56]
POC   49 LId:  0 TId: 4 ( RASL, B-SLICE, QP 46 )        184 bits [Y 30.2656 dB    U 38.6125 dB    V 39.4221 dB] [ET     1 ] [L0 48 50] [L1 50c 52]
POC   51 LId:  0 TId: 4 ( RASL, B-SLICE, QP 46 )        208 bits [Y 30.0927 dB    U 38.7553 dB    V 39.6562 dB] [ET     2 ] [L0 50c 48] [L1 52 56]
POC   54 LId:  0 TId: 3 ( RASL, B-SLICE, QP 45 )        528 bits [Y 30.2780 dB    U 38.7893 dB    V 39.7237 dB] [ET     3 ] [L0 52c 48] [L1 56 64]
POC   53 LId:  0 TId: 4 ( RASL, B-SLICE, QP 46 )        176 bits [Y 30.2623 dB    U 38.7949 dB    V 39.7405 dB] [ET     1 ] [L0 52 48] [L1 54c 56]
POC   55 LId:  0 TId: 4 ( RASL, B-SLICE, QP 46 )        152 bits [Y 30.5554 dB    U 38.8574 dB    V 39.7884 dB] [ET     1 ] [L0 54c 52] [L1 56 64]
POC   60 LId:  0 TId: 2 ( RASL, B-SLICE, QP 44 )        976 bits [Y 30.5598 dB    U 38.6551 dB    V 39.5403 dB] [ET     4 ] [L0 56c 48] [L1 64 56]
POC   58 LId:  0 TId: 3 ( RASL, B-SLICE, QP 45 )        472 bits [Y 30.4983 dB    U 38.7530 dB    V 39.7229 dB] [ET     3 ] [L0 56 48] [L1 60c 64]
POC   57 LId:  0 TId: 4 ( RASL, B-SLICE, QP 46 )        176 bits [Y 30.6158 dB    U 38.7660 dB    V 39.7558 dB] [ET     1 ] [L0 56 48] [L1 58c 60]
POC   59 LId:  0 TId: 4 ( RASL, B-SLICE, QP 46 )        160 bits [Y 30.3829 dB    U 38.7155 dB    V 39.6341 dB] [ET     1 ] [L0 58c 56] [L1 60 64]
POC   62 LId:  0 TId: 3 ( RASL, B-SLICE, QP 45 )        352 bits [Y 30.7568 dB    U 38.5945 dB    V 39.3109 dB] [ET     3 ] [L0 60c 56] [L1 64 60]
POC   61 LId:  0 TId: 4 ( RASL, B-SLICE, QP 46 )        152 bits [Y 30.6067 dB    U 38.6118 dB    V 39.4878 dB] [ET     1 ] [L0 60 56] [L1 62c 64]
POC   63 LId:  0 TId: 4 ( RASL, B-SLICE, QP 46 )        136 bits [Y 31.4360 dB    U 38.4975 dB    V 39.1872 dB] [ET     1 ] [L0 62c 60] [L1 64 62]

LayerId  0
	Total Frames |   Bitrate     Y-PSNR    U-PSNR    V-PSNR    YUV-PSNR   
	       65    a     178.8997   30.2061   38.6995   39.3690   31.6551

 finished @ Mon Jan 13 22:00:44 2025
 Total Time:      216.059 sec. [user]      216.059 sec. [elapsed]
