
VVCSoftware: VTM Encoder Version 10.0 [Windows][VS 1916][64 bit] [SIMD=AVX2] 

TOOL CFG: IBD:1 HAD:1 RDQ:1 RDQTS:1 RDpenalty:0 LQP:0 SQP:0 ASR:1 MinSearchWindow:96 RestrictMESampling:0 FEN:1 ECU:0 FDM:1 CFM:0 ESD:0 TransformSkip:1 TransformSkipFast:1 TransformSkipLog2MaxSize:5 ChromaTS:1 BDPCM:0 Tiles: 1x1 Slices: 1 MCTS:0 SAO:1 ALF:1 CCALF:1 WPP:0 WPB:0 PME:2  WaveFrontSynchro:0 WaveFrontSubstreams:1 ScalingList:0 TMVPMode:1  DQ:1  SignBitHidingFlag:0 RecalQP:0 
TOOL CFG: LFNST:1 MMVD:1 Affine:1 AffineType:1 PROF:1 SbTMVP:1 DualITree:1 IMV:1 BIO:1 LMChroma:1 HorCollocatedChroma:1 VerCollocatedChroma:0 MTS: 1(intra) 0(inter) SBT:1 ISP:1 SMVD:1 CompositeLTReference:0 Bcw:1 BcwFast:1 LADF:0 CIIP:1 Geo:1 AllowDisFracMMVD:1 AffineAmvr:1 AffineAmvrEncOpt:1 DMVR:1 MmvdDisNum:6 JointCbCr:1 ACT:0 PLT:0 IBC:0 HashME:0 WrapAround:0 VirtualBoundariesEnabledFlag:0 VirtualBoundariesPresentInSPSFlag:1 vertical virtual boundaries:[ ] horizontal virtual boundaries:[ ] Reshape:1 (Signal:SDR Opt:0 CSoffset:6) MRL:1 MIP:1 EncDbOpt:0 
FAST TOOL CFG: LCTUFast:1 FastMrg:1 PBIntraFast:1 IMV4PelFast:1 MTSMaxCand: 4(intra) 4(inter) ISPFast:0 FastLFNST:0 AMaxBT:1 E0023FastEnc:1 ContentBasedFastQtbt:0 UseNonLinearAlfLuma:1 UseNonLinearAlfChroma:1 MaxNumAlfAlternativesChroma:8 FastMIP:0 FastLocalDualTree:1 NumSplitThreads:1 NumWppThreads:1+0 EnsureWppBitEqual:0 RPR:0 TemporalFilter:0 


 started @ Mon Jan 13 22:20:07 2025
POC    0 LId:  0 TId: 0 ( IDR_N_LP, I-SLICE, QP 29 )     106152 bits [Y 35.9329 dB    U 41.0792 dB    V 41.7272 dB] [ET    18 ] [L0] [L1]
POC   16 LId:  0 TId: 0 ( TRAIL, B-SLICE, QP 33 )      19568 bits [Y 33.7379 dB    U 40.5812 dB    V 41.0467 dB] [ET    20 ] [L0 0] [L1 0c]
POC    8 LId:  0 TId: 1 ( STSA, B-SLICE, QP 35 )       6832 bits [Y 33.5051 dB    U 40.7382 dB    V 41.4071 dB] [ET    10 ] [L0 0 16] [L1 16c 0]
POC    4 LId:  0 TId: 2 ( STSA, B-SLICE, QP 38 )       2376 bits [Y 32.9924 dB    U 40.8661 dB    V 41.5842 dB] [ET     5 ] [L0 0 8] [L1 8c 16]
POC    2 LId:  0 TId: 3 ( STSA, B-SLICE, QP 40 )        704 bits [Y 33.5881 dB    U 40.9140 dB    V 41.6537 dB] [ET     3 ] [L0 0 4] [L1 4c 8]
POC    1 LId:  0 TId: 4 ( STSA, B-SLICE, QP 41 )        240 bits [Y 34.4083 dB    U 40.9609 dB    V 41.7262 dB] [ET     1 ] [L0 0 2] [L1 2c 4]
POC    3 LId:  0 TId: 4 ( STSA, B-SLICE, QP 41 )        200 bits [Y 33.1532 dB    U 40.8769 dB    V 41.5996 dB] [ET     2 ] [L0 2c 0] [L1 4 8]
POC    6 LId:  0 TId: 3 ( STSA, B-SLICE, QP 40 )        712 bits [Y 32.8751 dB    U 40.8121 dB    V 41.4777 dB] [ET     3 ] [L0 4c 0] [L1 8 16]
POC    5 LId:  0 TId: 4 ( STSA, B-SLICE, QP 41 )        208 bits [Y 32.9621 dB    U 40.8029 dB    V 41.4745 dB] [ET     2 ] [L0 4 0] [L1 6c 8]
POC    7 LId:  0 TId: 4 ( STSA, B-SLICE, QP 41 )        200 bits [Y 33.1666 dB    U 40.7457 dB    V 41.4272 dB] [ET     2 ] [L0 6c 4] [L1 8 16]
POC   12 LId:  0 TId: 2 ( STSA, B-SLICE, QP 38 )       2592 bits [Y 32.6627 dB    U 40.6885 dB    V 41.2597 dB] [ET     7 ] [L0 8c 0] [L1 16 8]
POC   10 LId:  0 TId: 3 ( STSA, B-SLICE, QP 40 )        696 bits [Y 32.8048 dB    U 40.7015 dB    V 41.3250 dB] [ET     3 ] [L0 8 0] [L1 12c 16]
POC    9 LId:  0 TId: 4 ( STSA, B-SLICE, QP 41 )        232 bits [Y 33.1716 dB    U 40.7136 dB    V 41.3702 dB] [ET     2 ] [L0 8 0] [L1 10c 12]
POC   11 LId:  0 TId: 4 ( STSA, B-SLICE, QP 41 )        216 bits [Y 32.7008 dB    U 40.6925 dB    V 41.3031 dB] [ET     2 ] [L0 10c 8] [L1 12 16]
POC   14 LId:  0 TId: 3 ( STSA, B-SLICE, QP 40 )        608 bits [Y 32.6476 dB    U 40.6532 dB    V 41.1421 dB] [ET     3 ] [L0 12c 8] [L1 16 12]
POC   13 LId:  0 TId: 4 ( STSA, B-SLICE, QP 41 )        168 bits [Y 32.6092 dB    U 40.6759 dB    V 41.2400 dB] [ET     2 ] [L0 12 8] [L1 14c 16]
POC   15 LId:  0 TId: 4 ( STSA, B-SLICE, QP 41 )        200 bits [Y 33.1442 dB    U 40.5576 dB    V 41.1047 dB] [ET     1 ] [L0 14c 12] [L1 16 14]
POC   32 LId:  0 TId: 0 ( TRAIL, B-SLICE, QP 33 )      19608 bits [Y 33.5380 dB    U 40.3627 dB    V 40.9304 dB] [ET    18 ] [L0 16 0] [L1 16c 0]
POC   24 LId:  0 TId: 1 ( TRAIL, B-SLICE, QP 35 )       6408 bits [Y 33.0710 dB    U 40.3885 dB    V 41.0340 dB] [ET    10 ] [L0 16 8] [L1 32c 16]
POC   20 LId:  0 TId: 2 ( STSA, B-SLICE, QP 38 )       2768 bits [Y 32.6330 dB    U 40.5294 dB    V 41.0074 dB] [ET     6 ] [L0 16 8] [L1 24c 32]
POC   18 LId:  0 TId: 3 ( STSA, B-SLICE, QP 40 )        632 bits [Y 32.8067 dB    U 40.5210 dB    V 41.0551 dB] [ET     4 ] [L0 16 8] [L1 20c 24]
POC   17 LId:  0 TId: 4 ( STSA, B-SLICE, QP 41 )        256 bits [Y 33.2712 dB    U 40.5646 dB    V 41.0669 dB] [ET     1 ] [L0 16 18] [L1 18c 20]
POC   19 LId:  0 TId: 4 ( STSA, B-SLICE, QP 41 )        248 bits [Y 32.6482 dB    U 40.4804 dB    V 41.0492 dB] [ET     1 ] [L0 18c 16] [L1 20 24]
POC   22 LId:  0 TId: 3 ( STSA, B-SLICE, QP 40 )        880 bits [Y 32.4622 dB    U 40.4668 dB    V 41.0373 dB] [ET     4 ] [L0 20c 16] [L1 24 32]
POC   21 LId:  0 TId: 4 ( STSA, B-SLICE, QP 41 )        288 bits [Y 32.5426 dB    U 40.4857 dB    V 41.0571 dB] [ET     3 ] [L0 20 16] [L1 22c 24]
POC   23 LId:  0 TId: 4 ( STSA, B-SLICE, QP 41 )        264 bits [Y 32.7829 dB    U 40.4295 dB    V 41.0421 dB] [ET     3 ] [L0 22c 20] [L1 24 32]
POC   28 LId:  0 TId: 2 ( STSA, B-SLICE, QP 38 )       2096 bits [Y 32.4950 dB    U 40.4189 dB    V 41.0023 dB] [ET     6 ] [L0 24c 16] [L1 32 24]
POC   26 LId:  0 TId: 3 ( STSA, B-SLICE, QP 40 )        680 bits [Y 32.4786 dB    U 40.4189 dB    V 40.9900 dB] [ET     3 ] [L0 24 16] [L1 28c 32]
POC   25 LId:  0 TId: 4 ( STSA, B-SLICE, QP 41 )        248 bits [Y 32.7397 dB    U 40.4338 dB    V 41.0097 dB] [ET     2 ] [L0 24 16] [L1 26c 28]
POC   27 LId:  0 TId: 4 ( STSA, B-SLICE, QP 41 )        304 bits [Y 32.4450 dB    U 40.4342 dB    V 40.9921 dB] [ET     2 ] [L0 26c 24] [L1 28 32]
POC   30 LId:  0 TId: 3 ( STSA, B-SLICE, QP 40 )        528 bits [Y 32.4419 dB    U 40.4296 dB    V 40.9630 dB] [ET     3 ] [L0 28c 24] [L1 32 28]
POC   29 LId:  0 TId: 4 ( STSA, B-SLICE, QP 41 )        264 bits [Y 32.4020 dB    U 40.4072 dB    V 40.9877 dB] [ET     2 ] [L0 28 24] [L1 30c 32]
POC   31 LId:  0 TId: 4 ( STSA, B-SLICE, QP 41 )        272 bits [Y 33.0324 dB    U 40.3602 dB    V 40.9525 dB] [ET     1 ] [L0 30c 28] [L1 32 30]
POC   48 LId:  0 TId: 0 ( TRAIL, B-SLICE, QP 33 )      19368 bits [Y 33.3390 dB    U 39.9511 dB    V 40.7384 dB] [ET    18 ] [L0 32 16] [L1 32c 16]
POC   40 LId:  0 TId: 1 ( TRAIL, B-SLICE, QP 35 )       6120 bits [Y 32.8572 dB    U 40.1337 dB    V 40.8738 dB] [ET    13 ] [L0 32 24] [L1 48c 32]
POC   36 LId:  0 TId: 2 ( STSA, B-SLICE, QP 38 )       2288 bits [Y 32.4444 dB    U 40.2571 dB    V 40.8626 dB] [ET     7 ] [L0 32 24] [L1 40c 48]
POC   34 LId:  0 TId: 3 ( STSA, B-SLICE, QP 40 )        600 bits [Y 32.4208 dB    U 40.2650 dB    V 40.9109 dB] [ET     3 ] [L0 32 24] [L1 36c 40]
POC   33 LId:  0 TId: 4 ( STSA, B-SLICE, QP 41 )        264 bits [Y 32.9176 dB    U 40.3226 dB    V 40.9464 dB] [ET     2 ] [L0 32 34] [L1 34c 36]
POC   35 LId:  0 TId: 4 ( STSA, B-SLICE, QP 41 )        296 bits [Y 32.4035 dB    U 40.2855 dB    V 40.8855 dB] [ET     2 ] [L0 34c 32] [L1 36 40]
POC   38 LId:  0 TId: 3 ( STSA, B-SLICE, QP 40 )        496 bits [Y 32.1962 dB    U 40.1785 dB    V 40.8457 dB] [ET     3 ] [L0 36c 32] [L1 40 48]
POC   37 LId:  0 TId: 4 ( STSA, B-SLICE, QP 41 )        376 bits [Y 32.2910 dB    U 40.2090 dB    V 40.8663 dB] [ET     2 ] [L0 36 32] [L1 38c 40]
POC   39 LId:  0 TId: 4 ( STSA, B-SLICE, QP 41 )        312 bits [Y 32.4960 dB    U 40.1577 dB    V 40.8999 dB] [ET     2 ] [L0 38c 36] [L1 40 48]
POC   44 LId:  0 TId: 2 ( STSA, B-SLICE, QP 38 )       2016 bits [Y 32.3345 dB    U 40.0718 dB    V 40.8914 dB] [ET     5 ] [L0 40c 32] [L1 48 40]
POC   42 LId:  0 TId: 3 ( STSA, B-SLICE, QP 40 )        848 bits [Y 32.1726 dB    U 40.0961 dB    V 40.8976 dB] [ET     4 ] [L0 40 32] [L1 44c 48]
POC   41 LId:  0 TId: 4 ( STSA, B-SLICE, QP 41 )        256 bits [Y 32.5577 dB    U 40.1275 dB    V 40.8806 dB] [ET     2 ] [L0 40 32] [L1 42c 44]
POC   43 LId:  0 TId: 4 ( STSA, B-SLICE, QP 41 )        232 bits [Y 32.1783 dB    U 40.0956 dB    V 40.8620 dB] [ET     3 ] [L0 42c 40] [L1 44 48]
POC   46 LId:  0 TId: 3 ( STSA, B-SLICE, QP 40 )        528 bits [Y 32.2319 dB    U 40.0098 dB    V 40.7996 dB] [ET     3 ] [L0 44c 40] [L1 48 44]
POC   45 LId:  0 TId: 4 ( STSA, B-SLICE, QP 41 )        280 bits [Y 32.2758 dB    U 40.0191 dB    V 40.8347 dB] [ET     2 ] [L0 44 40] [L1 46c 48]
POC   47 LId:  0 TId: 4 ( STSA, B-SLICE, QP 41 )        184 bits [Y 32.7350 dB    U 40.0033 dB    V 40.8286 dB] [ET     2 ] [L0 46c 44] [L1 48 46]
POC   64 LId:  0 TId: 0 ( CRA, I-SLICE, QP 29 )     111416 bits [Y 35.8534 dB    U 40.6939 dB    V 41.7118 dB] [ET    20 ] [L0] [L1]
POC   56 LId:  0 TId: 1 ( RASL, B-SLICE, QP 35 )       6816 bits [Y 33.5255 dB    U 40.8764 dB    V 41.6962 dB] [ET    12 ] [L0 48c 40] [L1 64 48]
POC   52 LId:  0 TId: 2 ( RASL, B-SLICE, QP 38 )       2608 bits [Y 32.9849 dB    U 40.7468 dB    V 41.4512 dB] [ET     7 ] [L0 48 40] [L1 56c 64]
POC   50 LId:  0 TId: 3 ( RASL, B-SLICE, QP 40 )        632 bits [Y 32.7055 dB    U 40.5539 dB    V 41.2026 dB] [ET     4 ] [L0 48 40] [L1 52c 56]
POC   49 LId:  0 TId: 4 ( RASL, B-SLICE, QP 41 )        200 bits [Y 32.9490 dB    U 40.3084 dB    V 41.0437 dB] [ET     3 ] [L0 48 50] [L1 50c 52]
POC   51 LId:  0 TId: 4 ( RASL, B-SLICE, QP 41 )        256 bits [Y 32.7663 dB    U 40.7321 dB    V 41.3493 dB] [ET     2 ] [L0 50c 48] [L1 52 56]
POC   54 LId:  0 TId: 3 ( RASL, B-SLICE, QP 40 )        920 bits [Y 32.7525 dB    U 40.8736 dB    V 41.5428 dB] [ET     4 ] [L0 52c 48] [L1 56 64]
POC   53 LId:  0 TId: 4 ( RASL, B-SLICE, QP 41 )        208 bits [Y 32.8904 dB    U 40.8743 dB    V 41.5225 dB] [ET     3 ] [L0 52 48] [L1 54c 56]
POC   55 LId:  0 TId: 4 ( RASL, B-SLICE, QP 41 )        232 bits [Y 33.1703 dB    U 40.9369 dB    V 41.6379 dB] [ET     3 ] [L0 54c 52] [L1 56 64]
POC   60 LId:  0 TId: 2 ( RASL, B-SLICE, QP 38 )       2464 bits [Y 33.3506 dB    U 40.8769 dB    V 41.7873 dB] [ET     6 ] [L0 56c 48] [L1 64 56]
POC   58 LId:  0 TId: 3 ( RASL, B-SLICE, QP 40 )       1008 bits [Y 33.0579 dB    U 40.8817 dB    V 41.7681 dB] [ET     4 ] [L0 56 48] [L1 60c 64]
POC   57 LId:  0 TId: 4 ( RASL, B-SLICE, QP 41 )        216 bits [Y 33.1569 dB    U 40.8282 dB    V 41.7022 dB] [ET     2 ] [L0 56 48] [L1 58c 60]
POC   59 LId:  0 TId: 4 ( RASL, B-SLICE, QP 41 )        248 bits [Y 33.0428 dB    U 40.8886 dB    V 41.7121 dB] [ET     3 ] [L0 58c 56] [L1 60 64]
POC   62 LId:  0 TId: 3 ( RASL, B-SLICE, QP 40 )        776 bits [Y 33.1620 dB    U 40.8898 dB    V 41.7287 dB] [ET     3 ] [L0 60c 56] [L1 64 60]
POC   61 LId:  0 TId: 4 ( RASL, B-SLICE, QP 41 )        248 bits [Y 33.2047 dB    U 40.8613 dB    V 41.7895 dB] [ET     3 ] [L0 60 56] [L1 62c 64]
POC   63 LId:  0 TId: 4 ( RASL, B-SLICE, QP 41 )        232 bits [Y 34.0520 dB    U 40.7545 dB    V 41.7130 dB] [ET     3 ] [L0 62c 60] [L1 64 62]

LayerId  0
	Total Frames |   Bitrate     Y-PSNR    U-PSNR    V-PSNR    YUV-PSNR   
	       65    a     314.3926   32.9589   40.5377   41.2189   34.3362

 finished @ Mon Jan 13 22:25:51 2025
 Total Time:      344.170 sec. [user]      344.170 sec. [elapsed]
