
VVCSoftware: VTM Encoder Version 10.0 [Windows][VS 1916][64 bit] [SIMD=AVX2] 

TOOL CFG: IBD:1 HAD:1 RDQ:1 RDQTS:1 RDpenalty:0 LQP:0 SQP:0 ASR:1 MinSearchWindow:96 RestrictMESampling:0 FEN:1 ECU:0 FDM:1 CFM:0 ESD:0 TransformSkip:1 TransformSkipFast:1 TransformSkipLog2MaxSize:5 ChromaTS:1 BDPCM:0 Tiles: 1x1 Slices: 1 MCTS:0 SAO:1 ALF:1 CCALF:1 WPP:0 WPB:0 PME:2  WaveFrontSynchro:0 WaveFrontSubstreams:1 ScalingList:0 TMVPMode:1  DQ:1  SignBitHidingFlag:0 RecalQP:0 
TOOL CFG: LFNST:1 MMVD:1 Affine:1 AffineType:1 PROF:1 SbTMVP:1 DualITree:1 IMV:1 BIO:1 LMChroma:1 HorCollocatedChroma:1 VerCollocatedChroma:0 MTS: 1(intra) 0(inter) SBT:1 ISP:1 SMVD:1 CompositeLTReference:0 Bcw:1 BcwFast:1 LADF:0 CIIP:1 Geo:1 AllowDisFracMMVD:1 AffineAmvr:1 AffineAmvrEncOpt:1 DMVR:1 MmvdDisNum:6 JointCbCr:1 ACT:0 PLT:0 IBC:0 HashME:0 WrapAround:0 VirtualBoundariesEnabledFlag:0 VirtualBoundariesPresentInSPSFlag:1 vertical virtual boundaries:[ ] horizontal virtual boundaries:[ ] Reshape:1 (Signal:SDR Opt:0 CSoffset:6) MRL:1 MIP:1 EncDbOpt:0 
FAST TOOL CFG: LCTUFast:1 FastMrg:1 PBIntraFast:1 IMV4PelFast:1 MTSMaxCand: 4(intra) 4(inter) ISPFast:0 FastLFNST:0 AMaxBT:1 E0023FastEnc:1 ContentBasedFastQtbt:0 UseNonLinearAlfLuma:1 UseNonLinearAlfChroma:1 MaxNumAlfAlternativesChroma:8 FastMIP:0 FastLocalDualTree:1 NumSplitThreads:1 NumWppThreads:1+0 EnsureWppBitEqual:0 RPR:0 TemporalFilter:0 


 started @ Mon Jan 13 21:54:57 2025
POC    0 LId:  0 TId: 0 ( IDR_N_LP, I-SLICE, QP 34 )      67152 bits [Y 32.4459 dB    U 38.8324 dB    V 39.5251 dB] [ET    15 ] [L0] [L1]
POC   16 LId:  0 TId: 0 ( TRAIL, B-SLICE, QP 38 )       8680 bits [Y 30.6642 dB    U 38.7364 dB    V 39.2170 dB] [ET    13 ] [L0 0] [L1 0c]
POC    8 LId:  0 TId: 1 ( STSA, B-SLICE, QP 41 )       2816 bits [Y 30.6096 dB    U 38.8221 dB    V 39.4657 dB] [ET     7 ] [L0 0 16] [L1 16c 0]
POC    4 LId:  0 TId: 2 ( STSA, B-SLICE, QP 44 )        912 bits [Y 30.4332 dB    U 38.8436 dB    V 39.5494 dB] [ET     3 ] [L0 0 8] [L1 8c 16]
POC    2 LId:  0 TId: 3 ( STSA, B-SLICE, QP 45 )        216 bits [Y 31.0210 dB    U 38.8010 dB    V 39.5447 dB] [ET     2 ] [L0 0 4] [L1 4c 8]
POC    1 LId:  0 TId: 4 ( STSA, B-SLICE, QP 46 )        144 bits [Y 31.6493 dB    U 38.8288 dB    V 39.5581 dB] [ET     1 ] [L0 0 2] [L1 2c 4]
POC    3 LId:  0 TId: 4 ( STSA, B-SLICE, QP 46 )        160 bits [Y 30.6617 dB    U 38.8102 dB    V 39.5156 dB] [ET     1 ] [L0 2c 0] [L1 4 8]
POC    6 LId:  0 TId: 3 ( STSA, B-SLICE, QP 45 )        224 bits [Y 30.1929 dB    U 38.8496 dB    V 39.4984 dB] [ET     2 ] [L0 4c 0] [L1 8 16]
POC    5 LId:  0 TId: 4 ( STSA, B-SLICE, QP 46 )        160 bits [Y 30.3464 dB    U 38.8229 dB    V 39.4681 dB] [ET     1 ] [L0 4 0] [L1 6c 8]
POC    7 LId:  0 TId: 4 ( STSA, B-SLICE, QP 46 )        136 bits [Y 30.4168 dB    U 38.8030 dB    V 39.4801 dB] [ET     1 ] [L0 6c 4] [L1 8 16]
POC   12 LId:  0 TId: 2 ( STSA, B-SLICE, QP 44 )        936 bits [Y 29.9404 dB    U 38.8337 dB    V 39.3712 dB] [ET     3 ] [L0 8c 0] [L1 16 8]
POC   10 LId:  0 TId: 3 ( STSA, B-SLICE, QP 45 )        264 bits [Y 30.1249 dB    U 38.8045 dB    V 39.4355 dB] [ET     2 ] [L0 8 0] [L1 12c 16]
POC    9 LId:  0 TId: 4 ( STSA, B-SLICE, QP 46 )        136 bits [Y 30.3699 dB    U 38.7911 dB    V 39.4410 dB] [ET     1 ] [L0 8 0] [L1 10c 12]
POC   11 LId:  0 TId: 4 ( STSA, B-SLICE, QP 46 )        168 bits [Y 30.0232 dB    U 38.8009 dB    V 39.4047 dB] [ET     1 ] [L0 10c 8] [L1 12 16]
POC   14 LId:  0 TId: 3 ( STSA, B-SLICE, QP 45 )        208 bits [Y 30.0293 dB    U 38.7810 dB    V 39.3092 dB] [ET     2 ] [L0 12c 8] [L1 16 12]
POC   13 LId:  0 TId: 4 ( STSA, B-SLICE, QP 46 )        168 bits [Y 29.9752 dB    U 38.8033 dB    V 39.3727 dB] [ET     1 ] [L0 12 8] [L1 14c 16]
POC   15 LId:  0 TId: 4 ( STSA, B-SLICE, QP 46 )        136 bits [Y 30.3602 dB    U 38.7530 dB    V 39.2736 dB] [ET     1 ] [L0 14c 12] [L1 16 14]
POC   32 LId:  0 TId: 0 ( CRA, I-SLICE, QP 34 )      69048 bits [Y 32.2829 dB    U 38.6741 dB    V 39.1930 dB] [ET    16 ] [L0] [L1]
POC   24 LId:  0 TId: 1 ( RASL, B-SLICE, QP 41 )       2496 bits [Y 31.0949 dB    U 38.9398 dB    V 39.7168 dB] [ET     6 ] [L0 16c 8] [L1 32 16]
POC   20 LId:  0 TId: 2 ( RASL, B-SLICE, QP 44 )       1048 bits [Y 30.2692 dB    U 39.0237 dB    V 39.6590 dB] [ET     3 ] [L0 16 8] [L1 24c 32]
POC   18 LId:  0 TId: 3 ( RASL, B-SLICE, QP 45 )        408 bits [Y 30.4822 dB    U 38.9816 dB    V 39.6671 dB] [ET     3 ] [L0 16 8] [L1 20c 24]
POC   17 LId:  0 TId: 4 ( RASL, B-SLICE, QP 46 )        168 bits [Y 30.6888 dB    U 38.8890 dB    V 39.5077 dB] [ET     1 ] [L0 16 18] [L1 18c 20]
POC   19 LId:  0 TId: 4 ( RASL, B-SLICE, QP 46 )        152 bits [Y 30.3986 dB    U 38.9641 dB    V 39.6979 dB] [ET     1 ] [L0 18c 16] [L1 20 24]
POC   22 LId:  0 TId: 3 ( RASL, B-SLICE, QP 45 )        376 bits [Y 30.4252 dB    U 39.0475 dB    V 39.7287 dB] [ET     2 ] [L0 20c 16] [L1 24 32]
POC   21 LId:  0 TId: 4 ( RASL, B-SLICE, QP 46 )        168 bits [Y 30.3189 dB    U 39.0354 dB    V 39.7315 dB] [ET     1 ] [L0 20 16] [L1 22c 24]
POC   23 LId:  0 TId: 4 ( RASL, B-SLICE, QP 46 )        160 bits [Y 30.8072 dB    U 39.0070 dB    V 39.7126 dB] [ET     1 ] [L0 22c 20] [L1 24 32]
POC   28 LId:  0 TId: 2 ( RASL, B-SLICE, QP 44 )        840 bits [Y 30.8201 dB    U 38.9147 dB    V 39.5779 dB] [ET     3 ] [L0 24c 16] [L1 32 24]
POC   26 LId:  0 TId: 3 ( RASL, B-SLICE, QP 45 )        360 bits [Y 30.8199 dB    U 38.9566 dB    V 39.6885 dB] [ET     2 ] [L0 24 16] [L1 28c 32]
POC   25 LId:  0 TId: 4 ( RASL, B-SLICE, QP 46 )        176 bits [Y 30.9980 dB    U 38.9862 dB    V 39.6996 dB] [ET     1 ] [L0 24 16] [L1 26c 28]
POC   27 LId:  0 TId: 4 ( RASL, B-SLICE, QP 46 )        200 bits [Y 30.8259 dB    U 38.9339 dB    V 39.6355 dB] [ET     1 ] [L0 26c 24] [L1 28 32]
POC   30 LId:  0 TId: 3 ( RASL, B-SLICE, QP 45 )        352 bits [Y 31.1448 dB    U 38.8249 dB    V 39.4322 dB] [ET     2 ] [L0 28c 24] [L1 32 28]
POC   29 LId:  0 TId: 4 ( RASL, B-SLICE, QP 46 )        152 bits [Y 30.8913 dB    U 38.8545 dB    V 39.5269 dB] [ET     1 ] [L0 28 24] [L1 30c 32]
POC   31 LId:  0 TId: 4 ( RASL, B-SLICE, QP 46 )        144 bits [Y 31.7255 dB    U 38.7359 dB    V 39.3337 dB] [ET     1 ] [L0 30c 28] [L1 32 30]
POC   48 LId:  0 TId: 0 ( TRAIL, B-SLICE, QP 38 )       8440 bits [Y 30.5676 dB    U 38.4747 dB    V 39.0372 dB] [ET    14 ] [L0 32] [L1 32c]
POC   40 LId:  0 TId: 1 ( STSA, B-SLICE, QP 41 )       2440 bits [Y 30.4572 dB    U 38.5390 dB    V 39.0949 dB] [ET     6 ] [L0 32 48] [L1 48c 32]
POC   36 LId:  0 TId: 2 ( STSA, B-SLICE, QP 44 )        592 bits [Y 30.1891 dB    U 38.6378 dB    V 39.1606 dB] [ET     3 ] [L0 32 40] [L1 40c 48]
POC   34 LId:  0 TId: 3 ( STSA, B-SLICE, QP 45 )        320 bits [Y 30.6315 dB    U 38.6410 dB    V 39.2249 dB] [ET     2 ] [L0 32 36] [L1 36c 40]
POC   33 LId:  0 TId: 4 ( STSA, B-SLICE, QP 46 )        192 bits [Y 31.3878 dB    U 38.6745 dB    V 39.2168 dB] [ET     1 ] [L0 32 34] [L1 34c 36]
POC   35 LId:  0 TId: 4 ( STSA, B-SLICE, QP 46 )        208 bits [Y 30.3809 dB    U 38.6731 dB    V 39.2102 dB] [ET     1 ] [L0 34c 32] [L1 36 40]
POC   38 LId:  0 TId: 3 ( STSA, B-SLICE, QP 45 )        352 bits [Y 30.1363 dB    U 38.5810 dB    V 39.1326 dB] [ET     2 ] [L0 36c 32] [L1 40 48]
POC   37 LId:  0 TId: 4 ( STSA, B-SLICE, QP 46 )        216 bits [Y 30.0357 dB    U 38.5877 dB    V 39.1425 dB] [ET     1 ] [L0 36 32] [L1 38c 40]
POC   39 LId:  0 TId: 4 ( STSA, B-SLICE, QP 46 )        176 bits [Y 30.2740 dB    U 38.5633 dB    V 39.1308 dB] [ET     1 ] [L0 38c 36] [L1 40 48]
POC   44 LId:  0 TId: 2 ( STSA, B-SLICE, QP 44 )        704 bits [Y 29.8766 dB    U 38.5239 dB    V 39.1403 dB] [ET     3 ] [L0 40c 32] [L1 48 40]
POC   42 LId:  0 TId: 3 ( STSA, B-SLICE, QP 45 )        344 bits [Y 29.8974 dB    U 38.5331 dB    V 39.1655 dB] [ET     2 ] [L0 40 32] [L1 44c 48]
POC   41 LId:  0 TId: 4 ( STSA, B-SLICE, QP 46 )        192 bits [Y 30.2577 dB    U 38.5190 dB    V 39.1286 dB] [ET     1 ] [L0 40 32] [L1 42c 44]
POC   43 LId:  0 TId: 4 ( STSA, B-SLICE, QP 46 )        200 bits [Y 29.8689 dB    U 38.5186 dB    V 39.1275 dB] [ET     1 ] [L0 42c 40] [L1 44 48]
POC   46 LId:  0 TId: 3 ( STSA, B-SLICE, QP 45 )        264 bits [Y 29.9819 dB    U 38.5309 dB    V 39.0980 dB] [ET     2 ] [L0 44c 40] [L1 48 44]
POC   45 LId:  0 TId: 4 ( STSA, B-SLICE, QP 46 )        216 bits [Y 29.9747 dB    U 38.5067 dB    V 39.1365 dB] [ET     1 ] [L0 44 40] [L1 46c 48]
POC   47 LId:  0 TId: 4 ( STSA, B-SLICE, QP 46 )        152 bits [Y 30.3398 dB    U 38.4897 dB    V 39.1075 dB] [ET     1 ] [L0 46c 44] [L1 48 46]
POC   64 LId:  0 TId: 0 ( CRA, I-SLICE, QP 34 )      71088 bits [Y 32.3258 dB    U 38.4414 dB    V 39.0395 dB] [ET    14 ] [L0] [L1]
POC   56 LId:  0 TId: 1 ( RASL, B-SLICE, QP 41 )       2640 bits [Y 30.7309 dB    U 38.7673 dB    V 39.6227 dB] [ET     8 ] [L0 48c 40] [L1 64 48]
POC   52 LId:  0 TId: 2 ( RASL, B-SLICE, QP 44 )        864 bits [Y 30.2962 dB    U 38.7065 dB    V 39.5578 dB] [ET     3 ] [L0 48 40] [L1 56c 64]
POC   50 LId:  0 TId: 3 ( RASL, B-SLICE, QP 45 )        360 bits [Y 30.2402 dB    U 38.6550 dB    V 39.4199 dB] [ET     2 ] [L0 48 40] [L1 52c 56]
POC   49 LId:  0 TId: 4 ( RASL, B-SLICE, QP 46 )        176 bits [Y 30.4472 dB    U 38.5865 dB    V 39.2914 dB] [ET     1 ] [L0 48 50] [L1 50c 52]
POC   51 LId:  0 TId: 4 ( RASL, B-SLICE, QP 46 )        184 bits [Y 30.1537 dB    U 38.7201 dB    V 39.4995 dB] [ET     1 ] [L0 50c 48] [L1 52 56]
POC   54 LId:  0 TId: 3 ( RASL, B-SLICE, QP 45 )        376 bits [Y 30.2848 dB    U 38.7393 dB    V 39.5721 dB] [ET     2 ] [L0 52c 48] [L1 56 64]
POC   53 LId:  0 TId: 4 ( RASL, B-SLICE, QP 46 )        192 bits [Y 30.3771 dB    U 38.7573 dB    V 39.5896 dB] [ET     1 ] [L0 52 48] [L1 54c 56]
POC   55 LId:  0 TId: 4 ( RASL, B-SLICE, QP 46 )        168 bits [Y 30.5793 dB    U 38.7831 dB    V 39.6279 dB] [ET     1 ] [L0 54c 52] [L1 56 64]
POC   60 LId:  0 TId: 2 ( RASL, B-SLICE, QP 44 )        992 bits [Y 30.6420 dB    U 38.6478 dB    V 39.4843 dB] [ET     3 ] [L0 56c 48] [L1 64 56]
POC   58 LId:  0 TId: 3 ( RASL, B-SLICE, QP 45 )        464 bits [Y 30.5405 dB    U 38.6819 dB    V 39.5763 dB] [ET     2 ] [L0 56 48] [L1 60c 64]
POC   57 LId:  0 TId: 4 ( RASL, B-SLICE, QP 46 )        192 bits [Y 30.6343 dB    U 38.6849 dB    V 39.5858 dB] [ET     1 ] [L0 56 48] [L1 58c 60]
POC   59 LId:  0 TId: 4 ( RASL, B-SLICE, QP 46 )        160 bits [Y 30.5144 dB    U 38.6831 dB    V 39.5259 dB] [ET     1 ] [L0 58c 56] [L1 60 64]
POC   62 LId:  0 TId: 3 ( RASL, B-SLICE, QP 45 )        352 bits [Y 30.8163 dB    U 38.5973 dB    V 39.2933 dB] [ET     2 ] [L0 60c 56] [L1 64 60]
POC   61 LId:  0 TId: 4 ( RASL, B-SLICE, QP 46 )        184 bits [Y 30.7500 dB    U 38.6124 dB    V 39.4416 dB] [ET     1 ] [L0 60 56] [L1 62c 64]
POC   63 LId:  0 TId: 4 ( RASL, B-SLICE, QP 46 )        184 bits [Y 31.5023 dB    U 38.4995 dB    V 39.1860 dB] [ET     1 ] [L0 62c 60] [L1 64 62]

LayerId  0
	Total Frames |   Bitrate     Y-PSNR    U-PSNR    V-PSNR    YUV-PSNR   
	       65    a     233.0289   30.5900   38.7391   39.4078   32.0203

 finished @ Mon Jan 13 21:58:33 2025
 Total Time:      216.311 sec. [user]      216.311 sec. [elapsed]
