
VVCSoftware: VTM Encoder Version 10.0 [Windows][VS 1916][64 bit] [SIMD=AVX2] 

TOOL CFG: IBD:1 HAD:1 RDQ:1 RDQTS:1 RDpenalty:0 LQP:0 SQP:0 ASR:1 MinSearchWindow:96 RestrictMESampling:0 FEN:1 ECU:0 FDM:1 CFM:0 ESD:0 TransformSkip:1 TransformSkipFast:1 TransformSkipLog2MaxSize:5 ChromaTS:1 BDPCM:0 Tiles: 1x1 Slices: 1 MCTS:0 SAO:1 ALF:1 CCALF:1 WPP:0 WPB:0 PME:2  WaveFrontSynchro:0 WaveFrontSubstreams:1 ScalingList:0 TMVPMode:1  DQ:1  SignBitHidingFlag:0 RecalQP:0 
TOOL CFG: LFNST:1 MMVD:1 Affine:1 AffineType:1 PROF:1 SbTMVP:1 DualITree:1 IMV:1 BIO:1 LMChroma:1 HorCollocatedChroma:1 VerCollocatedChroma:0 MTS: 1(intra) 0(inter) SBT:1 ISP:1 SMVD:1 CompositeLTReference:0 Bcw:1 BcwFast:1 LADF:0 CIIP:1 Geo:1 AllowDisFracMMVD:1 AffineAmvr:1 AffineAmvrEncOpt:1 DMVR:1 MmvdDisNum:6 JointCbCr:1 ACT:0 PLT:0 IBC:0 HashME:0 WrapAround:0 VirtualBoundariesEnabledFlag:0 VirtualBoundariesPresentInSPSFlag:1 vertical virtual boundaries:[ ] horizontal virtual boundaries:[ ] Reshape:1 (Signal:SDR Opt:0 CSoffset:6) MRL:1 MIP:1 EncDbOpt:0 
FAST TOOL CFG: LCTUFast:1 FastMrg:1 PBIntraFast:1 IMV4PelFast:1 MTSMaxCand: 4(intra) 4(inter) ISPFast:0 FastLFNST:0 AMaxBT:1 E0023FastEnc:1 ContentBasedFastQtbt:0 UseNonLinearAlfLuma:1 UseNonLinearAlfChroma:1 MaxNumAlfAlternativesChroma:8 FastMIP:0 FastLocalDualTree:1 NumSplitThreads:1 NumWppThreads:1+0 EnsureWppBitEqual:0 RPR:0 TemporalFilter:0 


 started @ Mon Jan 13 22:46:10 2025
POC    0 LId:  0 TId: 0 ( IDR_N_LP, I-SLICE, QP 25 )     153688 bits [Y 39.3549 dB    U 42.9135 dB    V 43.8187 dB] [ET    23 ] [L0] [L1]
POC   16 LId:  0 TId: 0 ( TRAIL, B-SLICE, QP 29 )      36552 bits [Y 36.6809 dB    U 42.1681 dB    V 43.1496 dB] [ET    27 ] [L0 0] [L1 0c]
POC    8 LId:  0 TId: 1 ( STSA, B-SLICE, QP 30 )      16200 bits [Y 36.3870 dB    U 42.3747 dB    V 43.3946 dB] [ET    19 ] [L0 0 16] [L1 16c 0]
POC    4 LId:  0 TId: 2 ( STSA, B-SLICE, QP 34 )       5256 bits [Y 35.2826 dB    U 42.5944 dB    V 43.5716 dB] [ET     8 ] [L0 0 8] [L1 8c 16]
POC    2 LId:  0 TId: 3 ( STSA, B-SLICE, QP 35 )       1496 bits [Y 35.7161 dB    U 42.6507 dB    V 43.6506 dB] [ET     4 ] [L0 0 4] [L1 4c 8]
POC    1 LId:  0 TId: 4 ( STSA, B-SLICE, QP 37 )        320 bits [Y 36.6064 dB    U 42.7117 dB    V 43.7799 dB] [ET     2 ] [L0 0 2] [L1 2c 4]
POC    3 LId:  0 TId: 4 ( STSA, B-SLICE, QP 37 )        344 bits [Y 35.3065 dB    U 42.6510 dB    V 43.5795 dB] [ET     2 ] [L0 2c 0] [L1 4 8]
POC    6 LId:  0 TId: 3 ( STSA, B-SLICE, QP 35 )       1688 bits [Y 35.1943 dB    U 42.4972 dB    V 43.4392 dB] [ET     4 ] [L0 4c 0] [L1 8 16]
POC    5 LId:  0 TId: 4 ( STSA, B-SLICE, QP 37 )        328 bits [Y 35.1945 dB    U 42.5245 dB    V 43.4242 dB] [ET     3 ] [L0 4 0] [L1 6c 8]
POC    7 LId:  0 TId: 4 ( STSA, B-SLICE, QP 37 )        336 bits [Y 35.5875 dB    U 42.3863 dB    V 43.3748 dB] [ET     2 ] [L0 6c 4] [L1 8 16]
POC   12 LId:  0 TId: 2 ( STSA, B-SLICE, QP 34 )       5416 bits [Y 34.9269 dB    U 42.2844 dB    V 43.2740 dB] [ET    10 ] [L0 8c 0] [L1 16 8]
POC   10 LId:  0 TId: 3 ( STSA, B-SLICE, QP 35 )       1992 bits [Y 35.2314 dB    U 42.3097 dB    V 43.3019 dB] [ET     4 ] [L0 8 0] [L1 12c 16]
POC    9 LId:  0 TId: 4 ( STSA, B-SLICE, QP 37 )        256 bits [Y 35.6222 dB    U 42.3000 dB    V 43.3550 dB] [ET     2 ] [L0 8 0] [L1 10c 12]
POC   11 LId:  0 TId: 4 ( STSA, B-SLICE, QP 37 )        288 bits [Y 34.9278 dB    U 42.2915 dB    V 43.3211 dB] [ET     3 ] [L0 10c 8] [L1 12 16]
POC   14 LId:  0 TId: 3 ( STSA, B-SLICE, QP 35 )       1912 bits [Y 34.9216 dB    U 42.2356 dB    V 43.2545 dB] [ET     5 ] [L0 12c 8] [L1 16 12]
POC   13 LId:  0 TId: 4 ( STSA, B-SLICE, QP 37 )        312 bits [Y 34.7973 dB    U 42.2512 dB    V 43.2925 dB] [ET     3 ] [L0 12 8] [L1 14c 16]
POC   15 LId:  0 TId: 4 ( STSA, B-SLICE, QP 37 )        456 bits [Y 35.5388 dB    U 42.1458 dB    V 43.2042 dB] [ET     3 ] [L0 14c 12] [L1 16 14]
POC   32 LId:  0 TId: 0 ( TRAIL, B-SLICE, QP 29 )      36032 bits [Y 36.5052 dB    U 41.9789 dB    V 42.9910 dB] [ET    24 ] [L0 16 0] [L1 16c 0]
POC   24 LId:  0 TId: 1 ( TRAIL, B-SLICE, QP 30 )      16024 bits [Y 36.0522 dB    U 41.9925 dB    V 43.0259 dB] [ET    15 ] [L0 16 8] [L1 32c 16]
POC   20 LId:  0 TId: 2 ( STSA, B-SLICE, QP 34 )       5128 bits [Y 34.9023 dB    U 42.1157 dB    V 43.0610 dB] [ET    10 ] [L0 16 8] [L1 24c 32]
POC   18 LId:  0 TId: 3 ( STSA, B-SLICE, QP 35 )       1720 bits [Y 35.1222 dB    U 42.1515 dB    V 43.1356 dB] [ET     5 ] [L0 16 8] [L1 20c 24]
POC   17 LId:  0 TId: 4 ( STSA, B-SLICE, QP 37 )        320 bits [Y 35.7197 dB    U 42.1735 dB    V 43.1767 dB] [ET     3 ] [L0 16 18] [L1 18c 20]
POC   19 LId:  0 TId: 4 ( STSA, B-SLICE, QP 37 )        432 bits [Y 34.9130 dB    U 42.0911 dB    V 43.0983 dB] [ET     3 ] [L0 18c 16] [L1 20 24]
POC   22 LId:  0 TId: 3 ( STSA, B-SLICE, QP 35 )       2304 bits [Y 34.9971 dB    U 42.0865 dB    V 43.0756 dB] [ET     6 ] [L0 20c 16] [L1 24 32]
POC   21 LId:  0 TId: 4 ( STSA, B-SLICE, QP 37 )        480 bits [Y 34.9276 dB    U 42.1248 dB    V 43.1051 dB] [ET     3 ] [L0 20 16] [L1 22c 24]
POC   23 LId:  0 TId: 4 ( STSA, B-SLICE, QP 37 )        392 bits [Y 35.4474 dB    U 42.0258 dB    V 43.0620 dB] [ET     3 ] [L0 22c 20] [L1 24 32]
POC   28 LId:  0 TId: 2 ( STSA, B-SLICE, QP 34 )       4568 bits [Y 34.8614 dB    U 42.0001 dB    V 42.9472 dB] [ET     9 ] [L0 24c 16] [L1 32 24]
POC   26 LId:  0 TId: 3 ( STSA, B-SLICE, QP 35 )       1960 bits [Y 35.0160 dB    U 42.0116 dB    V 42.9710 dB] [ET     5 ] [L0 24 16] [L1 28c 32]
POC   25 LId:  0 TId: 4 ( STSA, B-SLICE, QP 37 )        416 bits [Y 35.4421 dB    U 42.0403 dB    V 43.0207 dB] [ET     3 ] [L0 24 16] [L1 26c 28]
POC   27 LId:  0 TId: 4 ( STSA, B-SLICE, QP 37 )        352 bits [Y 34.8152 dB    U 42.0160 dB    V 42.9647 dB] [ET     2 ] [L0 26c 24] [L1 28 32]
POC   30 LId:  0 TId: 3 ( STSA, B-SLICE, QP 35 )       1688 bits [Y 34.7880 dB    U 41.9814 dB    V 42.9475 dB] [ET     5 ] [L0 28c 24] [L1 32 28]
POC   29 LId:  0 TId: 4 ( STSA, B-SLICE, QP 37 )        360 bits [Y 34.6551 dB    U 41.9599 dB    V 42.9636 dB] [ET     3 ] [L0 28 24] [L1 30c 32]
POC   31 LId:  0 TId: 4 ( STSA, B-SLICE, QP 37 )        376 bits [Y 35.5174 dB    U 41.9535 dB    V 42.9867 dB] [ET     3 ] [L0 30c 28] [L1 32 30]
POC   48 LId:  0 TId: 0 ( TRAIL, B-SLICE, QP 29 )      35936 bits [Y 36.3963 dB    U 41.6062 dB    V 42.8189 dB] [ET    24 ] [L0 32 16] [L1 32c 16]
POC   40 LId:  0 TId: 1 ( TRAIL, B-SLICE, QP 30 )      16696 bits [Y 35.9062 dB    U 42.0328 dB    V 42.8196 dB] [ET    15 ] [L0 32 24] [L1 48c 32]
POC   36 LId:  0 TId: 2 ( STSA, B-SLICE, QP 34 )       4720 bits [Y 34.9037 dB    U 42.0477 dB    V 42.7946 dB] [ET     8 ] [L0 32 24] [L1 40c 48]
POC   34 LId:  0 TId: 3 ( STSA, B-SLICE, QP 35 )       2016 bits [Y 34.7776 dB    U 42.0398 dB    V 42.8787 dB] [ET     5 ] [L0 32 24] [L1 36c 40]
POC   33 LId:  0 TId: 4 ( STSA, B-SLICE, QP 37 )        416 bits [Y 35.4953 dB    U 42.0301 dB    V 42.9552 dB] [ET     3 ] [L0 32 34] [L1 34c 36]
POC   35 LId:  0 TId: 4 ( STSA, B-SLICE, QP 37 )        536 bits [Y 34.7421 dB    U 42.0598 dB    V 42.7954 dB] [ET     3 ] [L0 34c 32] [L1 36 40]
POC   38 LId:  0 TId: 3 ( STSA, B-SLICE, QP 35 )       1968 bits [Y 34.6536 dB    U 41.9871 dB    V 42.7859 dB] [ET     5 ] [L0 36c 32] [L1 40 48]
POC   37 LId:  0 TId: 4 ( STSA, B-SLICE, QP 37 )        504 bits [Y 34.6730 dB    U 42.0046 dB    V 42.7470 dB] [ET     3 ] [L0 36 32] [L1 38c 40]
POC   39 LId:  0 TId: 4 ( STSA, B-SLICE, QP 37 )        440 bits [Y 35.0684 dB    U 42.0455 dB    V 42.8139 dB] [ET     3 ] [L0 38c 36] [L1 40 48]
POC   44 LId:  0 TId: 2 ( STSA, B-SLICE, QP 34 )       4280 bits [Y 34.7968 dB    U 41.8953 dB    V 42.8279 dB] [ET     8 ] [L0 40c 32] [L1 48 40]
POC   42 LId:  0 TId: 3 ( STSA, B-SLICE, QP 35 )       2360 bits [Y 34.5930 dB    U 41.9336 dB    V 42.8683 dB] [ET     8 ] [L0 40 32] [L1 44c 48]
POC   41 LId:  0 TId: 4 ( STSA, B-SLICE, QP 37 )        328 bits [Y 35.2035 dB    U 41.9923 dB    V 42.8406 dB] [ET     3 ] [L0 40 32] [L1 42c 44]
POC   43 LId:  0 TId: 4 ( STSA, B-SLICE, QP 37 )        528 bits [Y 34.6150 dB    U 41.9071 dB    V 42.7602 dB] [ET     3 ] [L0 42c 40] [L1 44 48]
POC   46 LId:  0 TId: 3 ( STSA, B-SLICE, QP 35 )       1784 bits [Y 34.4886 dB    U 41.7903 dB    V 42.7541 dB] [ET     6 ] [L0 44c 40] [L1 48 44]
POC   45 LId:  0 TId: 4 ( STSA, B-SLICE, QP 37 )        416 bits [Y 34.5949 dB    U 41.8296 dB    V 42.7883 dB] [ET     3 ] [L0 44 40] [L1 46c 48]
POC   47 LId:  0 TId: 4 ( STSA, B-SLICE, QP 37 )        240 bits [Y 35.0817 dB    U 41.7080 dB    V 42.8098 dB] [ET     3 ] [L0 46c 44] [L1 48 46]
POC   64 LId:  0 TId: 0 ( CRA, I-SLICE, QP 25 )     161016 bits [Y 39.3440 dB    U 42.5491 dB    V 43.5728 dB] [ET    23 ] [L0] [L1]
POC   56 LId:  0 TId: 1 ( RASL, B-SLICE, QP 30 )      16952 bits [Y 36.5412 dB    U 42.7699 dB    V 43.8398 dB] [ET    16 ] [L0 48c 40] [L1 64 48]
POC   52 LId:  0 TId: 2 ( RASL, B-SLICE, QP 34 )       4752 bits [Y 35.3642 dB    U 42.4443 dB    V 43.6254 dB] [ET     9 ] [L0 48 40] [L1 56c 64]
POC   50 LId:  0 TId: 3 ( RASL, B-SLICE, QP 35 )       1904 bits [Y 34.9526 dB    U 42.1985 dB    V 43.4492 dB] [ET     6 ] [L0 48 40] [L1 52c 56]
POC   49 LId:  0 TId: 4 ( RASL, B-SLICE, QP 37 )        296 bits [Y 35.3892 dB    U 41.9822 dB    V 43.2049 dB] [ET     3 ] [L0 48 50] [L1 50c 52]
POC   51 LId:  0 TId: 4 ( RASL, B-SLICE, QP 37 )        416 bits [Y 34.7973 dB    U 42.4056 dB    V 43.5609 dB] [ET     3 ] [L0 50c 48] [L1 52 56]
POC   54 LId:  0 TId: 3 ( RASL, B-SLICE, QP 35 )       2488 bits [Y 35.1259 dB    U 42.6235 dB    V 43.7421 dB] [ET     8 ] [L0 52c 48] [L1 56 64]
POC   53 LId:  0 TId: 4 ( RASL, B-SLICE, QP 37 )        392 bits [Y 35.1242 dB    U 42.5900 dB    V 43.7055 dB] [ET     3 ] [L0 52 48] [L1 54c 56]
POC   55 LId:  0 TId: 4 ( RASL, B-SLICE, QP 37 )        400 bits [Y 35.6528 dB    U 42.7711 dB    V 43.8041 dB] [ET     3 ] [L0 54c 52] [L1 56 64]
POC   60 LId:  0 TId: 2 ( RASL, B-SLICE, QP 34 )       4656 bits [Y 35.5210 dB    U 42.6478 dB    V 43.7262 dB] [ET     9 ] [L0 56c 48] [L1 64 56]
POC   58 LId:  0 TId: 3 ( RASL, B-SLICE, QP 35 )       2216 bits [Y 35.2387 dB    U 42.6480 dB    V 43.7715 dB] [ET     6 ] [L0 56 48] [L1 60c 64]
POC   57 LId:  0 TId: 4 ( RASL, B-SLICE, QP 37 )        488 bits [Y 35.6439 dB    U 42.6940 dB    V 43.7957 dB] [ET     3 ] [L0 56 48] [L1 58c 60]
POC   59 LId:  0 TId: 4 ( RASL, B-SLICE, QP 37 )        408 bits [Y 35.0714 dB    U 42.6475 dB    V 43.7368 dB] [ET     3 ] [L0 58c 56] [L1 60 64]
POC   62 LId:  0 TId: 3 ( RASL, B-SLICE, QP 35 )       2360 bits [Y 35.1413 dB    U 42.6410 dB    V 43.6430 dB] [ET     6 ] [L0 60c 56] [L1 64 60]
POC   61 LId:  0 TId: 4 ( RASL, B-SLICE, QP 37 )        408 bits [Y 35.1622 dB    U 42.6127 dB    V 43.7394 dB] [ET     3 ] [L0 60 56] [L1 62c 64]
POC   63 LId:  0 TId: 4 ( RASL, B-SLICE, QP 37 )        344 bits [Y 36.1295 dB    U 42.5671 dB    V 43.6128 dB] [ET     3 ] [L0 62c 60] [L1 64 62]

LayerId  0
	Total Frames |   Bitrate     Y-PSNR    U-PSNR    V-PSNR    YUV-PSNR   
	       65    a     528.0517   35.4023   42.2415   43.2355   36.7071

 finished @ Mon Jan 13 22:53:57 2025
 Total Time:      466.128 sec. [user]      466.128 sec. [elapsed]
