
VVCSoftware: VTM Encoder Version 10.0 [Windows][VS 1916][64 bit] [SIMD=AVX2] 

TOOL CFG: IBD:1 HAD:1 RDQ:1 RDQTS:1 RDpenalty:0 LQP:0 SQP:0 ASR:1 MinSearchWindow:96 RestrictMESampling:0 FEN:1 ECU:0 FDM:1 CFM:0 ESD:0 TransformSkip:1 TransformSkipFast:1 TransformSkipLog2MaxSize:5 ChromaTS:1 BDPCM:0 Tiles: 1x1 Slices: 1 MCTS:0 SAO:1 ALF:1 CCALF:1 WPP:0 WPB:0 PME:2  WaveFrontSynchro:0 WaveFrontSubstreams:1 ScalingList:0 TMVPMode:1  DQ:1  SignBitHidingFlag:0 RecalQP:0 
TOOL CFG: LFNST:1 MMVD:1 Affine:1 AffineType:1 PROF:1 SbTMVP:1 DualITree:1 IMV:1 BIO:1 LMChroma:1 HorCollocatedChroma:1 VerCollocatedChroma:0 MTS: 1(intra) 0(inter) SBT:1 ISP:1 SMVD:1 CompositeLTReference:0 Bcw:1 BcwFast:1 LADF:0 CIIP:1 Geo:1 AllowDisFracMMVD:1 AffineAmvr:1 AffineAmvrEncOpt:1 DMVR:1 MmvdDisNum:6 JointCbCr:1 ACT:0 PLT:0 IBC:0 HashME:0 WrapAround:0 VirtualBoundariesEnabledFlag:0 VirtualBoundariesPresentInSPSFlag:1 vertical virtual boundaries:[ ] horizontal virtual boundaries:[ ] Reshape:1 (Signal:SDR Opt:0 CSoffset:6) MRL:1 MIP:1 EncDbOpt:0 
FAST TOOL CFG: LCTUFast:1 FastMrg:1 PBIntraFast:1 IMV4PelFast:1 MTSMaxCand: 4(intra) 4(inter) ISPFast:0 FastLFNST:0 AMaxBT:1 E0023FastEnc:1 ContentBasedFastQtbt:0 UseNonLinearAlfLuma:1 UseNonLinearAlfChroma:1 MaxNumAlfAlternativesChroma:8 FastMIP:0 FastLocalDualTree:1 NumSplitThreads:1 NumWppThreads:1+0 EnsureWppBitEqual:0 RPR:0 TemporalFilter:0 


 started @ Mon Jan 13 23:46:47 2025
POC    0 LId:  0 TId: 0 ( IDR_N_LP, I-SLICE, QP 20 )     224504 bits [Y 43.7082 dB    U 45.1769 dB    V 46.0082 dB] [ET    64 ] [L0] [L1]
POC   16 LId:  0 TId: 0 ( TRAIL, B-SLICE, QP 24 )      72176 bits [Y 40.4874 dB    U 44.2514 dB    V 45.0670 dB] [ET    96 ] [L0 0] [L1 0c]
POC    8 LId:  0 TId: 1 ( STSA, B-SLICE, QP 24 )      46048 bits [Y 40.5124 dB    U 44.4153 dB    V 45.2894 dB] [ET   107 ] [L0 0 16] [L1 16c 0]
POC    4 LId:  0 TId: 2 ( STSA, B-SLICE, QP 27 )      21616 bits [Y 38.8996 dB    U 44.5029 dB    V 45.4922 dB] [ET    69 ] [L0 0 8] [L1 8c 16]
POC    2 LId:  0 TId: 3 ( STSA, B-SLICE, QP 29 )       6192 bits [Y 38.5840 dB    U 44.5523 dB    V 45.5682 dB] [ET    33 ] [L0 0 4] [L1 4c 8]
POC    1 LId:  0 TId: 4 ( STSA, B-SLICE, QP 31 )       1040 bits [Y 39.3299 dB    U 44.6590 dB    V 45.7746 dB] [ET    10 ] [L0 0 2] [L1 2c 4]
POC    3 LId:  0 TId: 4 ( STSA, B-SLICE, QP 31 )       1200 bits [Y 38.2588 dB    U 44.5791 dB    V 45.5273 dB] [ET    12 ] [L0 2c 0] [L1 4 8]
POC    6 LId:  0 TId: 3 ( STSA, B-SLICE, QP 29 )       6120 bits [Y 38.3261 dB    U 44.4398 dB    V 45.2900 dB] [ET    31 ] [L0 4c 0] [L1 8 16]
POC    5 LId:  0 TId: 4 ( STSA, B-SLICE, QP 31 )       1344 bits [Y 38.3118 dB    U 44.4394 dB    V 45.3151 dB] [ET    13 ] [L0 4 0] [L1 6c 8]
POC    7 LId:  0 TId: 4 ( STSA, B-SLICE, QP 31 )       1328 bits [Y 38.7307 dB    U 44.3605 dB    V 45.2725 dB] [ET    13 ] [L0 6c 4] [L1 8 16]
POC   12 LId:  0 TId: 2 ( STSA, B-SLICE, QP 27 )      23040 bits [Y 38.7578 dB    U 44.2266 dB    V 45.1134 dB] [ET    61 ] [L0 8 0] [L1 16c 8]
POC   10 LId:  0 TId: 3 ( STSA, B-SLICE, QP 29 )       6344 bits [Y 38.3219 dB    U 44.2778 dB    V 45.1730 dB] [ET    34 ] [L0 8 0] [L1 12c 16]
POC    9 LId:  0 TId: 4 ( STSA, B-SLICE, QP 31 )       1152 bits [Y 38.6337 dB    U 44.3260 dB    V 45.2121 dB] [ET    13 ] [L0 8 0] [L1 10c 12]
POC   11 LId:  0 TId: 4 ( STSA, B-SLICE, QP 31 )       1176 bits [Y 38.1447 dB    U 44.2771 dB    V 45.1389 dB] [ET    15 ] [L0 10c 8] [L1 12 16]
POC   14 LId:  0 TId: 3 ( STSA, B-SLICE, QP 29 )       7192 bits [Y 38.0910 dB    U 44.1827 dB    V 45.0654 dB] [ET    37 ] [L0 12c 8] [L1 16 12]
POC   13 LId:  0 TId: 4 ( STSA, B-SLICE, QP 31 )       1152 bits [Y 38.1296 dB    U 44.2388 dB    V 45.1019 dB] [ET    15 ] [L0 12 8] [L1 14c 16]
POC   15 LId:  0 TId: 4 ( STSA, B-SLICE, QP 31 )       1000 bits [Y 38.5361 dB    U 44.1799 dB    V 45.1395 dB] [ET    13 ] [L0 14c 12] [L1 16 14]
POC   32 LId:  0 TId: 0 ( CRA, I-SLICE, QP 20 )     231656 bits [Y 43.7212 dB    U 45.1801 dB    V 45.9669 dB] [ET    65 ] [L0] [L1]
POC   24 LId:  0 TId: 1 ( RASL, B-SLICE, QP 24 )      43976 bits [Y 40.6752 dB    U 44.8854 dB    V 45.9679 dB] [ET    23 ] [L0 16c 8] [L1 32 16]
POC   20 LId:  0 TId: 2 ( RASL, B-SLICE, QP 27 )      21224 bits [Y 39.0577 dB    U 44.6797 dB    V 45.6810 dB] [ET    16 ] [L0 16 8] [L1 24c 32]
POC   18 LId:  0 TId: 3 ( RASL, B-SLICE, QP 29 )       6472 bits [Y 38.4328 dB    U 44.6153 dB    V 45.6233 dB] [ET    11 ] [L0 16 8] [L1 20c 24]
POC   17 LId:  0 TId: 4 ( RASL, B-SLICE, QP 31 )       1104 bits [Y 38.7422 dB    U 44.4303 dB    V 45.3749 dB] [ET     3 ] [L0 16 18] [L1 18c 20]
POC   19 LId:  0 TId: 4 ( RASL, B-SLICE, QP 31 )       1216 bits [Y 38.3761 dB    U 44.6669 dB    V 45.6403 dB] [ET     3 ] [L0 18c 16] [L1 20 24]
POC   22 LId:  0 TId: 3 ( RASL, B-SLICE, QP 29 )       6480 bits [Y 38.5525 dB    U 44.7657 dB    V 45.8492 dB] [ET     9 ] [L0 20c 16] [L1 24 32]
POC   21 LId:  0 TId: 4 ( RASL, B-SLICE, QP 31 )       1144 bits [Y 38.5214 dB    U 44.7936 dB    V 45.8774 dB] [ET     4 ] [L0 20 16] [L1 22c 24]
POC   23 LId:  0 TId: 4 ( RASL, B-SLICE, QP 31 )       1040 bits [Y 38.8800 dB    U 44.8761 dB    V 45.9542 dB] [ET     4 ] [L0 22c 20] [L1 24 32]
POC   28 LId:  0 TId: 2 ( RASL, B-SLICE, QP 27 )      20352 bits [Y 39.0751 dB    U 44.8596 dB    V 45.9578 dB] [ET    16 ] [L0 24c 16] [L1 32 24]
POC   26 LId:  0 TId: 3 ( RASL, B-SLICE, QP 29 )       6816 bits [Y 38.5072 dB    U 44.8810 dB    V 45.8762 dB] [ET    10 ] [L0 24 16] [L1 28c 32]
POC   25 LId:  0 TId: 4 ( RASL, B-SLICE, QP 31 )        848 bits [Y 38.8335 dB    U 44.9042 dB    V 46.0089 dB] [ET     4 ] [L0 24 16] [L1 26c 28]
POC   27 LId:  0 TId: 4 ( RASL, B-SLICE, QP 31 )       1024 bits [Y 38.3562 dB    U 44.9338 dB    V 45.9676 dB] [ET     4 ] [L0 26c 24] [L1 28 32]
POC   30 LId:  0 TId: 3 ( RASL, B-SLICE, QP 29 )       7280 bits [Y 38.3865 dB    U 44.8026 dB    V 45.9007 dB] [ET    12 ] [L0 28c 24] [L1 32 28]
POC   29 LId:  0 TId: 4 ( RASL, B-SLICE, QP 31 )       1168 bits [Y 38.2921 dB    U 44.8399 dB    V 45.9362 dB] [ET     4 ] [L0 28 24] [L1 30c 32]
POC   31 LId:  0 TId: 4 ( RASL, B-SLICE, QP 31 )       1000 bits [Y 39.1347 dB    U 44.7873 dB    V 45.8916 dB] [ET     4 ] [L0 30c 28] [L1 32 30]
POC   48 LId:  0 TId: 0 ( TRAIL, B-SLICE, QP 24 )      74744 bits [Y 40.5272 dB    U 44.1265 dB    V 45.1050 dB] [ET    29 ] [L0 32] [L1 32c]
POC   40 LId:  0 TId: 1 ( STSA, B-SLICE, QP 24 )      47976 bits [Y 40.4481 dB    U 44.2935 dB    V 45.2480 dB] [ET    29 ] [L0 32 48] [L1 48c 32]
POC   36 LId:  0 TId: 2 ( STSA, B-SLICE, QP 27 )      20368 bits [Y 38.9359 dB    U 44.4541 dB    V 45.3647 dB] [ET    23 ] [L0 32 40] [L1 40c 48]
POC   34 LId:  0 TId: 3 ( STSA, B-SLICE, QP 29 )       9344 bits [Y 38.1436 dB    U 44.5774 dB    V 45.5184 dB] [ET    13 ] [L0 32 36] [L1 36c 40]
POC   33 LId:  0 TId: 4 ( STSA, B-SLICE, QP 31 )       1064 bits [Y 38.8302 dB    U 44.6006 dB    V 45.6526 dB] [ET     3 ] [L0 32 34] [L1 34c 36]
POC   35 LId:  0 TId: 4 ( STSA, B-SLICE, QP 31 )       1304 bits [Y 38.1180 dB    U 44.5272 dB    V 45.3895 dB] [ET     4 ] [L0 34c 32] [L1 36 40]
POC   38 LId:  0 TId: 3 ( STSA, B-SLICE, QP 29 )       9072 bits [Y 38.0340 dB    U 44.3142 dB    V 45.2547 dB] [ET    14 ] [L0 36c 32] [L1 40 48]
POC   37 LId:  0 TId: 4 ( STSA, B-SLICE, QP 31 )       1256 bits [Y 38.0358 dB    U 44.3699 dB    V 45.3085 dB] [ET     4 ] [L0 36 32] [L1 38c 40]
POC   39 LId:  0 TId: 4 ( STSA, B-SLICE, QP 31 )       1056 bits [Y 38.2908 dB    U 44.3507 dB    V 45.3007 dB] [ET     4 ] [L0 38c 36] [L1 40 48]
POC   44 LId:  0 TId: 2 ( STSA, B-SLICE, QP 27 )      19688 bits [Y 38.7506 dB    U 44.2546 dB    V 45.1921 dB] [ET    16 ] [L0 40 32] [L1 48c 40]
POC   42 LId:  0 TId: 3 ( STSA, B-SLICE, QP 29 )       9968 bits [Y 37.9060 dB    U 44.2418 dB    V 45.3326 dB] [ET    15 ] [L0 40 32] [L1 44c 48]
POC   41 LId:  0 TId: 4 ( STSA, B-SLICE, QP 31 )        928 bits [Y 38.3406 dB    U 44.2787 dB    V 45.2869 dB] [ET     4 ] [L0 40 32] [L1 42c 44]
POC   43 LId:  0 TId: 4 ( STSA, B-SLICE, QP 31 )       1160 bits [Y 37.7484 dB    U 44.2306 dB    V 45.1787 dB] [ET     4 ] [L0 42c 40] [L1 44 48]
POC   46 LId:  0 TId: 3 ( STSA, B-SLICE, QP 29 )      10248 bits [Y 37.7683 dB    U 44.1781 dB    V 45.0491 dB] [ET    15 ] [L0 44c 40] [L1 48 44]
POC   45 LId:  0 TId: 4 ( STSA, B-SLICE, QP 31 )       1280 bits [Y 37.8388 dB    U 44.1381 dB    V 45.0870 dB] [ET     4 ] [L0 44 40] [L1 46c 48]
POC   47 LId:  0 TId: 4 ( STSA, B-SLICE, QP 31 )       1112 bits [Y 38.0490 dB    U 44.2353 dB    V 45.1287 dB] [ET     4 ] [L0 46c 44] [L1 48 46]
POC   64 LId:  0 TId: 0 ( CRA, I-SLICE, QP 20 )     234936 bits [Y 43.6990 dB    U 45.0808 dB    V 45.8500 dB] [ET    24 ] [L0] [L1]
POC   56 LId:  0 TId: 1 ( RASL, B-SLICE, QP 24 )      48728 bits [Y 40.6576 dB    U 44.8384 dB    V 45.9269 dB] [ET    26 ] [L0 48c 40] [L1 64 48]
POC   52 LId:  0 TId: 2 ( RASL, B-SLICE, QP 27 )      19048 bits [Y 38.9521 dB    U 44.5141 dB    V 45.6663 dB] [ET    16 ] [L0 48 40] [L1 56c 64]
POC   50 LId:  0 TId: 3 ( RASL, B-SLICE, QP 29 )       9808 bits [Y 38.0287 dB    U 44.4461 dB    V 45.6339 dB] [ET    15 ] [L0 48 40] [L1 52c 56]
POC   49 LId:  0 TId: 4 ( RASL, B-SLICE, QP 31 )       1056 bits [Y 38.1289 dB    U 44.3498 dB    V 45.4544 dB] [ET     4 ] [L0 48 50] [L1 50c 52]
POC   51 LId:  0 TId: 4 ( RASL, B-SLICE, QP 31 )       1072 bits [Y 37.8250 dB    U 44.5142 dB    V 45.6970 dB] [ET     3 ] [L0 50c 48] [L1 52 56]
POC   54 LId:  0 TId: 3 ( RASL, B-SLICE, QP 29 )      11024 bits [Y 38.1691 dB    U 44.6215 dB    V 45.9032 dB] [ET    15 ] [L0 52c 48] [L1 56 64]
POC   53 LId:  0 TId: 4 ( RASL, B-SLICE, QP 31 )       1240 bits [Y 37.9455 dB    U 44.6012 dB    V 45.8563 dB] [ET     5 ] [L0 52 48] [L1 54c 56]
POC   55 LId:  0 TId: 4 ( RASL, B-SLICE, QP 31 )       1216 bits [Y 38.4738 dB    U 44.8231 dB    V 45.9272 dB] [ET     4 ] [L0 54c 52] [L1 56 64]
POC   60 LId:  0 TId: 2 ( RASL, B-SLICE, QP 27 )      20032 bits [Y 39.0731 dB    U 44.6393 dB    V 45.7656 dB] [ET    16 ] [L0 56c 48] [L1 64 56]
POC   58 LId:  0 TId: 3 ( RASL, B-SLICE, QP 29 )       9128 bits [Y 38.1763 dB    U 44.6720 dB    V 45.8495 dB] [ET    15 ] [L0 56 48] [L1 60c 64]
POC   57 LId:  0 TId: 4 ( RASL, B-SLICE, QP 31 )       1376 bits [Y 38.2824 dB    U 44.7507 dB    V 45.8437 dB] [ET     5 ] [L0 56 48] [L1 58c 60]
POC   59 LId:  0 TId: 4 ( RASL, B-SLICE, QP 31 )       1448 bits [Y 37.7981 dB    U 44.6407 dB    V 45.7369 dB] [ET     4 ] [L0 58c 56] [L1 60 64]
POC   62 LId:  0 TId: 3 ( RASL, B-SLICE, QP 29 )      11000 bits [Y 38.0341 dB    U 44.7465 dB    V 45.7713 dB] [ET    15 ] [L0 60c 56] [L1 64 60]
POC   61 LId:  0 TId: 4 ( RASL, B-SLICE, QP 31 )       1328 bits [Y 37.9331 dB    U 44.6953 dB    V 45.8386 dB] [ET     4 ] [L0 60 56] [L1 62c 64]
POC   63 LId:  0 TId: 4 ( RASL, B-SLICE, QP 31 )       1024 bits [Y 38.4652 dB    U 44.6838 dB    V 45.7791 dB] [ET     4 ] [L0 62c 60] [L1 64 62]

LayerId  0
	Total Frames |   Bitrate     Y-PSNR    U-PSNR    V-PSNR    YUV-PSNR   
	       65    a    1254.8825   38.8418   44.5504   45.5526   39.9724

 finished @ Tue Jan 14 00:07:08 2025
 Total Time:     1220.698 sec. [user]     1220.699 sec. [elapsed]
