
VVCSoftware: VTM Encoder Version 10.0 [Windows][VS 1916][64 bit] [SIMD=AVX2] 

TOOL CFG: IBD:1 HAD:1 RDQ:1 RDQTS:1 RDpenalty:0 LQP:0 SQP:0 ASR:1 MinSearchWindow:96 RestrictMESampling:0 FEN:1 ECU:0 FDM:1 CFM:0 ESD:0 TransformSkip:1 TransformSkipFast:1 TransformSkipLog2MaxSize:5 ChromaTS:1 BDPCM:0 Tiles: 1x1 Slices: 1 MCTS:0 SAO:1 ALF:1 CCALF:1 WPP:0 WPB:0 PME:2  WaveFrontSynchro:0 WaveFrontSubstreams:1 ScalingList:0 TMVPMode:1  DQ:1  SignBitHidingFlag:0 RecalQP:0 
TOOL CFG: LFNST:1 MMVD:1 Affine:1 AffineType:1 PROF:1 SbTMVP:1 DualITree:1 IMV:1 BIO:1 LMChroma:1 HorCollocatedChroma:1 VerCollocatedChroma:0 MTS: 1(intra) 0(inter) SBT:1 ISP:1 SMVD:1 CompositeLTReference:0 Bcw:1 BcwFast:1 LADF:0 CIIP:1 Geo:1 AllowDisFracMMVD:1 AffineAmvr:1 AffineAmvrEncOpt:1 DMVR:1 MmvdDisNum:6 JointCbCr:1 ACT:0 PLT:0 IBC:0 HashME:0 WrapAround:0 VirtualBoundariesEnabledFlag:0 VirtualBoundariesPresentInSPSFlag:1 vertical virtual boundaries:[ ] horizontal virtual boundaries:[ ] Reshape:1 (Signal:SDR Opt:0 CSoffset:6) MRL:1 MIP:1 EncDbOpt:0 
FAST TOOL CFG: LCTUFast:1 FastMrg:1 PBIntraFast:1 IMV4PelFast:1 MTSMaxCand: 4(intra) 4(inter) ISPFast:0 FastLFNST:0 AMaxBT:1 E0023FastEnc:1 ContentBasedFastQtbt:0 UseNonLinearAlfLuma:1 UseNonLinearAlfChroma:1 MaxNumAlfAlternativesChroma:8 FastMIP:0 FastLocalDualTree:1 NumSplitThreads:1 NumWppThreads:1+0 EnsureWppBitEqual:0 RPR:0 TemporalFilter:0 


 started @ Tue Jan 14 02:17:45 2025
POC    0 LId:  0 TId: 0 ( IDR_N_LP, I-SLICE, QP 19 )     244120 bits [Y 44.5906 dB    U 46.2633 dB    V 46.9925 dB] [ET    43 ] [L0] [L1]
POC   16 LId:  0 TId: 0 ( TRAIL, B-SLICE, QP 23 )      83232 bits [Y 41.3512 dB    U 44.8679 dB    V 45.7716 dB] [ET    33 ] [L0 0] [L1 0c]
POC    8 LId:  0 TId: 1 ( STSA, B-SLICE, QP 23 )      55240 bits [Y 41.3450 dB    U 45.0466 dB    V 46.1659 dB] [ET    31 ] [L0 0 16] [L1 16c 0]
POC    4 LId:  0 TId: 2 ( STSA, B-SLICE, QP 26 )      27616 bits [Y 39.6274 dB    U 45.1954 dB    V 46.3215 dB] [ET    22 ] [L0 0 8] [L1 8c 16]
POC    2 LId:  0 TId: 3 ( STSA, B-SLICE, QP 27 )      12528 bits [Y 39.4215 dB    U 45.3055 dB    V 46.4279 dB] [ET    13 ] [L0 0 4] [L1 4c 8]
POC    1 LId:  0 TId: 4 ( STSA, B-SLICE, QP 29 )       1520 bits [Y 39.8561 dB    U 45.4773 dB    V 46.5866 dB] [ET     4 ] [L0 0 2] [L1 2c 4]
POC    3 LId:  0 TId: 4 ( STSA, B-SLICE, QP 29 )       1936 bits [Y 39.0223 dB    U 45.2859 dB    V 46.3787 dB] [ET     4 ] [L0 2c 0] [L1 4 8]
POC    6 LId:  0 TId: 3 ( STSA, B-SLICE, QP 27 )      11872 bits [Y 39.3033 dB    U 45.1187 dB    V 46.1992 dB] [ET    13 ] [L0 4c 0] [L1 8 16]
POC    5 LId:  0 TId: 4 ( STSA, B-SLICE, QP 29 )       1848 bits [Y 39.0490 dB    U 45.1355 dB    V 46.1677 dB] [ET     5 ] [L0 4 0] [L1 6c 8]
POC    7 LId:  0 TId: 4 ( STSA, B-SLICE, QP 29 )       1888 bits [Y 39.4492 dB    U 45.0415 dB    V 46.2139 dB] [ET     4 ] [L0 6c 4] [L1 8 16]
POC   12 LId:  0 TId: 2 ( STSA, B-SLICE, QP 26 )      28672 bits [Y 39.4935 dB    U 44.8522 dB    V 45.9055 dB] [ET    19 ] [L0 8 0] [L1 16c 8]
POC   10 LId:  0 TId: 3 ( STSA, B-SLICE, QP 27 )      11744 bits [Y 39.1830 dB    U 44.9279 dB    V 46.0714 dB] [ET    16 ] [L0 8 0] [L1 12c 16]
POC    9 LId:  0 TId: 4 ( STSA, B-SLICE, QP 29 )       1864 bits [Y 39.3109 dB    U 45.0154 dB    V 46.1525 dB] [ET     5 ] [L0 8 0] [L1 10c 12]
POC   11 LId:  0 TId: 4 ( STSA, B-SLICE, QP 29 )       2008 bits [Y 38.9090 dB    U 44.8804 dB    V 46.0391 dB] [ET     4 ] [L0 10c 8] [L1 12 16]
POC   14 LId:  0 TId: 3 ( STSA, B-SLICE, QP 27 )      13592 bits [Y 39.1052 dB    U 44.7878 dB    V 45.8664 dB] [ET    15 ] [L0 12c 8] [L1 16 12]
POC   13 LId:  0 TId: 4 ( STSA, B-SLICE, QP 29 )       1752 bits [Y 38.8746 dB    U 44.8931 dB    V 45.9546 dB] [ET     5 ] [L0 12 8] [L1 14c 16]
POC   15 LId:  0 TId: 4 ( STSA, B-SLICE, QP 29 )       1624 bits [Y 39.1363 dB    U 44.7809 dB    V 45.9024 dB] [ET     4 ] [L0 14c 12] [L1 16 14]
POC   32 LId:  0 TId: 0 ( TRAIL, B-SLICE, QP 23 )      80784 bits [Y 41.2601 dB    U 44.5443 dB    V 45.7069 dB] [ET    27 ] [L0 16 0] [L1 16c 0]
POC   24 LId:  0 TId: 1 ( TRAIL, B-SLICE, QP 23 )      58184 bits [Y 41.2631 dB    U 44.5310 dB    V 45.8291 dB] [ET    28 ] [L0 16 8] [L1 32c 16]
POC   20 LId:  0 TId: 2 ( STSA, B-SLICE, QP 26 )      27280 bits [Y 39.5521 dB    U 44.6069 dB    V 45.7762 dB] [ET    20 ] [L0 16 8] [L1 24c 32]
POC   18 LId:  0 TId: 3 ( STSA, B-SLICE, QP 27 )      11864 bits [Y 39.1349 dB    U 44.7346 dB    V 45.8098 dB] [ET    14 ] [L0 16 8] [L1 20c 24]
POC   17 LId:  0 TId: 4 ( STSA, B-SLICE, QP 29 )       1664 bits [Y 39.3361 dB    U 44.7729 dB    V 45.8557 dB] [ET     4 ] [L0 16 18] [L1 18c 20]
POC   19 LId:  0 TId: 4 ( STSA, B-SLICE, QP 29 )       1712 bits [Y 38.8852 dB    U 44.5874 dB    V 45.8018 dB] [ET     5 ] [L0 18c 16] [L1 20 24]
POC   22 LId:  0 TId: 3 ( STSA, B-SLICE, QP 27 )      11112 bits [Y 39.1193 dB    U 44.5510 dB    V 45.7586 dB] [ET    16 ] [L0 20c 16] [L1 24 32]
POC   21 LId:  0 TId: 4 ( STSA, B-SLICE, QP 29 )       1856 bits [Y 38.9671 dB    U 44.6266 dB    V 45.8590 dB] [ET     4 ] [L0 20 16] [L1 22c 24]
POC   23 LId:  0 TId: 4 ( STSA, B-SLICE, QP 29 )       1632 bits [Y 39.2839 dB    U 44.5437 dB    V 45.8056 dB] [ET     4 ] [L0 22c 20] [L1 24 32]
POC   28 LId:  0 TId: 2 ( STSA, B-SLICE, QP 26 )      26368 bits [Y 39.4066 dB    U 44.4797 dB    V 45.6441 dB] [ET    19 ] [L0 24 16] [L1 32c 24]
POC   26 LId:  0 TId: 3 ( STSA, B-SLICE, QP 27 )      12072 bits [Y 39.0232 dB    U 44.4728 dB    V 45.7101 dB] [ET    14 ] [L0 24 16] [L1 28c 32]
POC   25 LId:  0 TId: 4 ( STSA, B-SLICE, QP 29 )       1424 bits [Y 39.1959 dB    U 44.5424 dB    V 45.8233 dB] [ET     4 ] [L0 24 16] [L1 26c 28]
POC   27 LId:  0 TId: 4 ( STSA, B-SLICE, QP 29 )       1496 bits [Y 38.6049 dB    U 44.4996 dB    V 45.7139 dB] [ET     4 ] [L0 26c 24] [L1 28 32]
POC   30 LId:  0 TId: 3 ( STSA, B-SLICE, QP 27 )      14728 bits [Y 39.0054 dB    U 44.4647 dB    V 45.6833 dB] [ET    18 ] [L0 28c 24] [L1 32 28]
POC   29 LId:  0 TId: 4 ( STSA, B-SLICE, QP 29 )       1808 bits [Y 38.6861 dB    U 44.4804 dB    V 45.7151 dB] [ET     5 ] [L0 28 24] [L1 30c 32]
POC   31 LId:  0 TId: 4 ( STSA, B-SLICE, QP 29 )       1688 bits [Y 39.1902 dB    U 44.4849 dB    V 45.7743 dB] [ET     4 ] [L0 30c 28] [L1 32 30]
POC   48 LId:  0 TId: 0 ( TRAIL, B-SLICE, QP 23 )      82200 bits [Y 41.2365 dB    U 44.3277 dB    V 45.4589 dB] [ET    30 ] [L0 32 16] [L1 32c 16]
POC   40 LId:  0 TId: 1 ( TRAIL, B-SLICE, QP 23 )      57384 bits [Y 41.1915 dB    U 44.3477 dB    V 45.5076 dB] [ET    29 ] [L0 32 24] [L1 48c 32]
POC   36 LId:  0 TId: 2 ( STSA, B-SLICE, QP 26 )      24904 bits [Y 39.4380 dB    U 44.3348 dB    V 45.4942 dB] [ET    19 ] [L0 32 24] [L1 40c 48]
POC   34 LId:  0 TId: 3 ( STSA, B-SLICE, QP 27 )      15984 bits [Y 38.9728 dB    U 44.5464 dB    V 45.6662 dB] [ET    19 ] [L0 32 24] [L1 36c 40]
POC   33 LId:  0 TId: 4 ( STSA, B-SLICE, QP 29 )       1680 bits [Y 39.0959 dB    U 44.5489 dB    V 45.7598 dB] [ET     4 ] [L0 32 34] [L1 34c 36]
POC   35 LId:  0 TId: 4 ( STSA, B-SLICE, QP 29 )       1912 bits [Y 38.7592 dB    U 44.4494 dB    V 45.5957 dB] [ET     5 ] [L0 34c 32] [L1 36 40]
POC   38 LId:  0 TId: 3 ( STSA, B-SLICE, QP 27 )      15248 bits [Y 38.9722 dB    U 44.3895 dB    V 45.4892 dB] [ET    14 ] [L0 36c 32] [L1 40 48]
POC   37 LId:  0 TId: 4 ( STSA, B-SLICE, QP 29 )       2048 bits [Y 38.6567 dB    U 44.3249 dB    V 45.4871 dB] [ET     5 ] [L0 36 32] [L1 38c 40]
POC   39 LId:  0 TId: 4 ( STSA, B-SLICE, QP 29 )       1888 bits [Y 38.9041 dB    U 44.3297 dB    V 45.5060 dB] [ET     5 ] [L0 38c 36] [L1 40 48]
POC   44 LId:  0 TId: 2 ( STSA, B-SLICE, QP 26 )      25312 bits [Y 39.3368 dB    U 44.2978 dB    V 45.5532 dB] [ET    19 ] [L0 40 32] [L1 48c 40]
POC   42 LId:  0 TId: 3 ( STSA, B-SLICE, QP 27 )      18296 bits [Y 38.8849 dB    U 44.3331 dB    V 45.5740 dB] [ET    23 ] [L0 40 32] [L1 44c 48]
POC   41 LId:  0 TId: 4 ( STSA, B-SLICE, QP 29 )       1648 bits [Y 38.9080 dB    U 44.3775 dB    V 45.5824 dB] [ET     5 ] [L0 40 32] [L1 42c 44]
POC   43 LId:  0 TId: 4 ( STSA, B-SLICE, QP 29 )       1960 bits [Y 38.5440 dB    U 44.3046 dB    V 45.4827 dB] [ET     5 ] [L0 42c 40] [L1 44 48]
POC   46 LId:  0 TId: 3 ( STSA, B-SLICE, QP 27 )      18328 bits [Y 38.8097 dB    U 44.2951 dB    V 45.4231 dB] [ET    15 ] [L0 44c 40] [L1 48 44]
POC   45 LId:  0 TId: 4 ( STSA, B-SLICE, QP 29 )       2080 bits [Y 38.5731 dB    U 44.2940 dB    V 45.4384 dB] [ET     5 ] [L0 44 40] [L1 46c 48]
POC   47 LId:  0 TId: 4 ( STSA, B-SLICE, QP 29 )       2176 bits [Y 38.7790 dB    U 44.3132 dB    V 45.4762 dB] [ET     5 ] [L0 46c 44] [L1 48 46]
POC   64 LId:  0 TId: 0 ( CRA, I-SLICE, QP 19 )     252544 bits [Y 44.4889 dB    U 46.1170 dB    V 46.7927 dB] [ET    26 ] [L0] [L1]
POC   56 LId:  0 TId: 1 ( RASL, B-SLICE, QP 23 )      58464 bits [Y 41.4413 dB    U 45.3289 dB    V 46.4815 dB] [ET    27 ] [L0 48c 40] [L1 64 48]
POC   52 LId:  0 TId: 2 ( RASL, B-SLICE, QP 26 )      23736 bits [Y 39.5938 dB    U 44.8707 dB    V 46.1229 dB] [ET    18 ] [L0 48 40] [L1 56c 64]
POC   50 LId:  0 TId: 3 ( RASL, B-SLICE, QP 27 )      16632 bits [Y 38.9859 dB    U 44.7491 dB    V 45.9846 dB] [ET    17 ] [L0 48 40] [L1 52c 56]
POC   49 LId:  0 TId: 4 ( RASL, B-SLICE, QP 29 )       1936 bits [Y 38.8085 dB    U 44.6653 dB    V 45.8240 dB] [ET     5 ] [L0 48 50] [L1 50c 52]
POC   51 LId:  0 TId: 4 ( RASL, B-SLICE, QP 29 )       2056 bits [Y 38.5748 dB    U 44.8930 dB    V 46.1096 dB] [ET     5 ] [L0 50c 48] [L1 52 56]
POC   54 LId:  0 TId: 3 ( RASL, B-SLICE, QP 27 )      17672 bits [Y 39.1893 dB    U 45.1230 dB    V 46.3603 dB] [ET    16 ] [L0 52c 48] [L1 56 64]
POC   53 LId:  0 TId: 4 ( RASL, B-SLICE, QP 29 )       2656 bits [Y 38.7311 dB    U 45.0283 dB    V 46.2412 dB] [ET     6 ] [L0 52 48] [L1 54c 56]
POC   55 LId:  0 TId: 4 ( RASL, B-SLICE, QP 29 )       1840 bits [Y 39.1271 dB    U 45.2798 dB    V 46.4518 dB] [ET     5 ] [L0 54c 52] [L1 56 64]
POC   60 LId:  0 TId: 2 ( RASL, B-SLICE, QP 26 )      24632 bits [Y 39.6936 dB    U 45.1653 dB    V 46.2965 dB] [ET    17 ] [L0 56c 48] [L1 64 56]
POC   58 LId:  0 TId: 3 ( RASL, B-SLICE, QP 27 )      16096 bits [Y 39.0833 dB    U 45.2317 dB    V 46.4048 dB] [ET    15 ] [L0 56 48] [L1 60c 64]
POC   57 LId:  0 TId: 4 ( RASL, B-SLICE, QP 29 )       2464 bits [Y 38.8905 dB    U 45.2119 dB    V 46.4069 dB] [ET     6 ] [L0 56 48] [L1 58c 60]
POC   59 LId:  0 TId: 4 ( RASL, B-SLICE, QP 29 )       2928 bits [Y 38.5550 dB    U 45.2035 dB    V 46.3693 dB] [ET     6 ] [L0 58c 56] [L1 60 64]
POC   62 LId:  0 TId: 3 ( RASL, B-SLICE, QP 27 )      19384 bits [Y 39.1503 dB    U 45.3622 dB    V 46.4671 dB] [ET    16 ] [L0 60c 56] [L1 64 60]
POC   61 LId:  0 TId: 4 ( RASL, B-SLICE, QP 29 )       2576 bits [Y 38.6843 dB    U 45.2588 dB    V 46.4747 dB] [ET     5 ] [L0 60 56] [L1 62c 64]
POC   63 LId:  0 TId: 4 ( RASL, B-SLICE, QP 29 )       2056 bits [Y 39.1323 dB    U 45.3809 dB    V 46.4882 dB] [ET     5 ] [L0 62c 60] [L1 64 62]

LayerId  0
	Total Frames |   Bitrate     Y-PSNR    U-PSNR    V-PSNR    YUV-PSNR   
	       65    a    1365.6443   39.4790   44.8074   45.9562   40.5978

 finished @ Tue Jan 14 02:32:11 2025
 Total Time:      865.827 sec. [user]      865.828 sec. [elapsed]
