
VVCSoftware: VTM Encoder Version 10.0 [Windows][VS 1916][64 bit] [SIMD=AVX2] 

TOOL CFG: IBD:1 HAD:1 RDQ:1 RDQTS:1 RDpenalty:0 LQP:0 SQP:0 ASR:1 MinSearchWindow:96 RestrictMESampling:0 FEN:1 ECU:0 FDM:1 CFM:0 ESD:0 TransformSkip:1 TransformSkipFast:1 TransformSkipLog2MaxSize:5 ChromaTS:1 BDPCM:0 Tiles: 1x1 Slices: 1 MCTS:0 SAO:1 ALF:1 CCALF:1 WPP:0 WPB:0 PME:2  WaveFrontSynchro:0 WaveFrontSubstreams:1 ScalingList:0 TMVPMode:1  DQ:1  SignBitHidingFlag:0 RecalQP:0 
TOOL CFG: LFNST:1 MMVD:1 Affine:1 AffineType:1 PROF:1 SbTMVP:1 DualITree:1 IMV:1 BIO:1 LMChroma:1 HorCollocatedChroma:1 VerCollocatedChroma:0 MTS: 1(intra) 0(inter) SBT:1 ISP:1 SMVD:1 CompositeLTReference:0 Bcw:1 BcwFast:1 LADF:0 CIIP:1 Geo:1 AllowDisFracMMVD:1 AffineAmvr:1 AffineAmvrEncOpt:1 DMVR:1 MmvdDisNum:6 JointCbCr:1 ACT:0 PLT:0 IBC:0 HashME:0 WrapAround:0 VirtualBoundariesEnabledFlag:0 VirtualBoundariesPresentInSPSFlag:1 vertical virtual boundaries:[ ] horizontal virtual boundaries:[ ] Reshape:1 (Signal:SDR Opt:0 CSoffset:6) MRL:1 MIP:1 EncDbOpt:0 
FAST TOOL CFG: LCTUFast:1 FastMrg:1 PBIntraFast:1 IMV4PelFast:1 MTSMaxCand: 4(intra) 4(inter) ISPFast:0 FastLFNST:0 AMaxBT:1 E0023FastEnc:1 ContentBasedFastQtbt:0 UseNonLinearAlfLuma:1 UseNonLinearAlfChroma:1 MaxNumAlfAlternativesChroma:8 FastMIP:0 FastLocalDualTree:1 NumSplitThreads:1 NumWppThreads:1+0 EnsureWppBitEqual:0 RPR:0 TemporalFilter:0 


 started @ Mon Jan 13 21:58:33 2025
POC    0 LId:  0 TId: 0 ( IDR_N_LP, I-SLICE, QP 33 )      73872 bits [Y 33.1224 dB    U 39.6654 dB    V 39.9568 dB] [ET    14 ] [L0] [L1]
POC   16 LId:  0 TId: 0 ( TRAIL, B-SLICE, QP 37 )      10280 bits [Y 31.2885 dB    U 39.3755 dB    V 39.5070 dB] [ET    14 ] [L0 0] [L1 0c]
POC    8 LId:  0 TId: 1 ( STSA, B-SLICE, QP 40 )       3216 bits [Y 31.1418 dB    U 39.4966 dB    V 39.7901 dB] [ET     7 ] [L0 0 16] [L1 16c 0]
POC    4 LId:  0 TId: 2 ( STSA, B-SLICE, QP 43 )       1088 bits [Y 30.9294 dB    U 39.6012 dB    V 39.9048 dB] [ET     4 ] [L0 0 8] [L1 8c 16]
POC    2 LId:  0 TId: 3 ( STSA, B-SLICE, QP 44 )        256 bits [Y 31.4689 dB    U 39.5692 dB    V 39.9174 dB] [ET     2 ] [L0 0 4] [L1 4c 8]
POC    1 LId:  0 TId: 4 ( STSA, B-SLICE, QP 45 )        168 bits [Y 32.1996 dB    U 39.6197 dB    V 39.9553 dB] [ET     1 ] [L0 0 2] [L1 2c 4]
POC    3 LId:  0 TId: 4 ( STSA, B-SLICE, QP 45 )        176 bits [Y 31.1282 dB    U 39.5798 dB    V 39.8940 dB] [ET     1 ] [L0 2c 0] [L1 4 8]
POC    6 LId:  0 TId: 3 ( STSA, B-SLICE, QP 44 )        384 bits [Y 30.7892 dB    U 39.5491 dB    V 39.8376 dB] [ET     2 ] [L0 4c 0] [L1 8 16]
POC    5 LId:  0 TId: 4 ( STSA, B-SLICE, QP 45 )        152 bits [Y 30.8810 dB    U 39.5496 dB    V 39.8127 dB] [ET     1 ] [L0 4 0] [L1 6c 8]
POC    7 LId:  0 TId: 4 ( STSA, B-SLICE, QP 45 )        144 bits [Y 31.0048 dB    U 39.4882 dB    V 39.8016 dB] [ET     1 ] [L0 6c 4] [L1 8 16]
POC   12 LId:  0 TId: 2 ( STSA, B-SLICE, QP 43 )       1168 bits [Y 30.4391 dB    U 39.4795 dB    V 39.6686 dB] [ET     4 ] [L0 8c 0] [L1 16 8]
POC   10 LId:  0 TId: 3 ( STSA, B-SLICE, QP 44 )        328 bits [Y 30.6180 dB    U 39.4787 dB    V 39.7160 dB] [ET     2 ] [L0 8 0] [L1 12c 16]
POC    9 LId:  0 TId: 4 ( STSA, B-SLICE, QP 45 )        160 bits [Y 30.9212 dB    U 39.4482 dB    V 39.7652 dB] [ET     1 ] [L0 8 0] [L1 10c 12]
POC   11 LId:  0 TId: 4 ( STSA, B-SLICE, QP 45 )        176 bits [Y 30.5231 dB    U 39.4637 dB    V 39.7028 dB] [ET     1 ] [L0 10c 8] [L1 12 16]
POC   14 LId:  0 TId: 3 ( STSA, B-SLICE, QP 44 )        344 bits [Y 30.6213 dB    U 39.4459 dB    V 39.6016 dB] [ET     2 ] [L0 12c 8] [L1 16 12]
POC   13 LId:  0 TId: 4 ( STSA, B-SLICE, QP 45 )        160 bits [Y 30.5133 dB    U 39.4891 dB    V 39.6535 dB] [ET     1 ] [L0 12 8] [L1 14c 16]
POC   15 LId:  0 TId: 4 ( STSA, B-SLICE, QP 45 )        160 bits [Y 30.9483 dB    U 39.4135 dB    V 39.5767 dB] [ET     1 ] [L0 14c 12] [L1 16 14]
POC   32 LId:  0 TId: 0 ( CRA, I-SLICE, QP 33 )      76344 bits [Y 33.0263 dB    U 39.3787 dB    V 39.8056 dB] [ET    15 ] [L0] [L1]
POC   24 LId:  0 TId: 1 ( RASL, B-SLICE, QP 40 )       2984 bits [Y 31.6523 dB    U 39.6754 dB    V 40.2535 dB] [ET     8 ] [L0 16c 8] [L1 32 16]
POC   20 LId:  0 TId: 2 ( RASL, B-SLICE, QP 43 )       1184 bits [Y 30.7506 dB    U 39.7483 dB    V 40.0728 dB] [ET     4 ] [L0 16 8] [L1 24c 32]
POC   18 LId:  0 TId: 3 ( RASL, B-SLICE, QP 44 )        432 bits [Y 30.9779 dB    U 39.6767 dB    V 40.0864 dB] [ET     2 ] [L0 16 8] [L1 20c 24]
POC   17 LId:  0 TId: 4 ( RASL, B-SLICE, QP 45 )        176 bits [Y 31.2850 dB    U 39.5563 dB    V 39.8636 dB] [ET     1 ] [L0 16 18] [L1 18c 20]
POC   19 LId:  0 TId: 4 ( RASL, B-SLICE, QP 45 )        160 bits [Y 30.8638 dB    U 39.6681 dB    V 40.1120 dB] [ET     1 ] [L0 18c 16] [L1 20 24]
POC   22 LId:  0 TId: 3 ( RASL, B-SLICE, QP 44 )        496 bits [Y 30.9232 dB    U 39.7297 dB    V 40.2054 dB] [ET     3 ] [L0 20c 16] [L1 24 32]
POC   21 LId:  0 TId: 4 ( RASL, B-SLICE, QP 45 )        192 bits [Y 30.8385 dB    U 39.7206 dB    V 40.1796 dB] [ET     1 ] [L0 20 16] [L1 22c 24]
POC   23 LId:  0 TId: 4 ( RASL, B-SLICE, QP 45 )        200 bits [Y 31.4349 dB    U 39.7147 dB    V 40.2309 dB] [ET     1 ] [L0 22c 20] [L1 24 32]
POC   28 LId:  0 TId: 2 ( RASL, B-SLICE, QP 43 )        976 bits [Y 31.4054 dB    U 39.6628 dB    V 40.1877 dB] [ET     3 ] [L0 24c 16] [L1 32 24]
POC   26 LId:  0 TId: 3 ( RASL, B-SLICE, QP 44 )        448 bits [Y 31.3624 dB    U 39.6789 dB    V 40.2281 dB] [ET     2 ] [L0 24 16] [L1 28c 32]
POC   25 LId:  0 TId: 4 ( RASL, B-SLICE, QP 45 )        192 bits [Y 31.5030 dB    U 39.6893 dB    V 40.2365 dB] [ET     1 ] [L0 24 16] [L1 26c 28]
POC   27 LId:  0 TId: 4 ( RASL, B-SLICE, QP 45 )        176 bits [Y 31.3393 dB    U 39.6610 dB    V 40.2110 dB] [ET     1 ] [L0 26c 24] [L1 28 32]
POC   30 LId:  0 TId: 3 ( RASL, B-SLICE, QP 44 )        416 bits [Y 31.7067 dB    U 39.5682 dB    V 40.0050 dB] [ET     2 ] [L0 28c 24] [L1 32 28]
POC   29 LId:  0 TId: 4 ( RASL, B-SLICE, QP 45 )        216 bits [Y 31.4638 dB    U 39.5924 dB    V 40.1278 dB] [ET     1 ] [L0 28 24] [L1 30c 32]
POC   31 LId:  0 TId: 4 ( RASL, B-SLICE, QP 45 )        152 bits [Y 32.3052 dB    U 39.4582 dB    V 39.9236 dB] [ET     1 ] [L0 30c 28] [L1 32 30]
POC   48 LId:  0 TId: 0 ( TRAIL, B-SLICE, QP 37 )       9648 bits [Y 31.2013 dB    U 38.9947 dB    V 39.5092 dB] [ET    13 ] [L0 32] [L1 32c]
POC   40 LId:  0 TId: 1 ( STSA, B-SLICE, QP 40 )       2816 bits [Y 31.0479 dB    U 39.2081 dB    V 39.7169 dB] [ET     6 ] [L0 32 48] [L1 48c 32]
POC   36 LId:  0 TId: 2 ( STSA, B-SLICE, QP 43 )        800 bits [Y 30.8048 dB    U 39.3501 dB    V 39.7409 dB] [ET     3 ] [L0 32 40] [L1 40c 48]
POC   34 LId:  0 TId: 3 ( STSA, B-SLICE, QP 44 )        392 bits [Y 31.2531 dB    U 39.3468 dB    V 39.8152 dB] [ET     2 ] [L0 32 36] [L1 36c 40]
POC   33 LId:  0 TId: 4 ( STSA, B-SLICE, QP 45 )        240 bits [Y 32.0772 dB    U 39.3926 dB    V 39.8044 dB] [ET     1 ] [L0 32 34] [L1 34c 36]
POC   35 LId:  0 TId: 4 ( STSA, B-SLICE, QP 45 )        192 bits [Y 30.9114 dB    U 39.3870 dB    V 39.7840 dB] [ET     1 ] [L0 34c 32] [L1 36 40]
POC   38 LId:  0 TId: 3 ( STSA, B-SLICE, QP 44 )        376 bits [Y 30.6955 dB    U 39.2721 dB    V 39.7319 dB] [ET     2 ] [L0 36c 32] [L1 40 48]
POC   37 LId:  0 TId: 4 ( STSA, B-SLICE, QP 45 )        168 bits [Y 30.6298 dB    U 39.2821 dB    V 39.7401 dB] [ET     1 ] [L0 36 32] [L1 38c 40]
POC   39 LId:  0 TId: 4 ( STSA, B-SLICE, QP 45 )        200 bits [Y 30.8500 dB    U 39.2509 dB    V 39.7452 dB] [ET     1 ] [L0 38c 36] [L1 40 48]
POC   44 LId:  0 TId: 2 ( STSA, B-SLICE, QP 43 )        808 bits [Y 30.3670 dB    U 39.1405 dB    V 39.6722 dB] [ET     4 ] [L0 40c 32] [L1 48 40]
POC   42 LId:  0 TId: 3 ( STSA, B-SLICE, QP 44 )        304 bits [Y 30.3877 dB    U 39.1637 dB    V 39.7334 dB] [ET     2 ] [L0 40 32] [L1 44c 48]
POC   41 LId:  0 TId: 4 ( STSA, B-SLICE, QP 45 )        168 bits [Y 30.7786 dB    U 39.1834 dB    V 39.7105 dB] [ET     2 ] [L0 40 32] [L1 42c 44]
POC   43 LId:  0 TId: 4 ( STSA, B-SLICE, QP 45 )        200 bits [Y 30.3011 dB    U 39.1446 dB    V 39.6946 dB] [ET     1 ] [L0 42c 40] [L1 44 48]
POC   46 LId:  0 TId: 3 ( STSA, B-SLICE, QP 44 )        392 bits [Y 30.5922 dB    U 39.0966 dB    V 39.6088 dB] [ET     2 ] [L0 44c 40] [L1 48 44]
POC   45 LId:  0 TId: 4 ( STSA, B-SLICE, QP 45 )        208 bits [Y 30.4859 dB    U 39.0980 dB    V 39.6532 dB] [ET     1 ] [L0 44 40] [L1 46c 48]
POC   47 LId:  0 TId: 4 ( STSA, B-SLICE, QP 45 )        168 bits [Y 30.9743 dB    U 39.0531 dB    V 39.5746 dB] [ET     1 ] [L0 46c 44] [L1 48 46]
POC   64 LId:  0 TId: 0 ( CRA, I-SLICE, QP 33 )      77896 bits [Y 32.9851 dB    U 39.1911 dB    V 39.6994 dB] [ET    16 ] [L0] [L1]
POC   56 LId:  0 TId: 1 ( RASL, B-SLICE, QP 40 )       3072 bits [Y 31.3547 dB    U 39.5497 dB    V 40.1980 dB] [ET    10 ] [L0 48c 40] [L1 64 48]
POC   52 LId:  0 TId: 2 ( RASL, B-SLICE, QP 43 )        968 bits [Y 30.7799 dB    U 39.4091 dB    V 40.1103 dB] [ET     4 ] [L0 48 40] [L1 56c 64]
POC   50 LId:  0 TId: 3 ( RASL, B-SLICE, QP 44 )        408 bits [Y 30.7453 dB    U 39.2690 dB    V 39.8696 dB] [ET     2 ] [L0 48 40] [L1 52c 56]
POC   49 LId:  0 TId: 4 ( RASL, B-SLICE, QP 45 )        208 bits [Y 31.0443 dB    U 39.1611 dB    V 39.7513 dB] [ET     1 ] [L0 48 50] [L1 50c 52]
POC   51 LId:  0 TId: 4 ( RASL, B-SLICE, QP 45 )        168 bits [Y 30.6694 dB    U 39.3625 dB    V 40.0145 dB] [ET     2 ] [L0 50c 48] [L1 52 56]
POC   54 LId:  0 TId: 3 ( RASL, B-SLICE, QP 44 )        528 bits [Y 30.7317 dB    U 39.4468 dB    V 40.1106 dB] [ET     3 ] [L0 52c 48] [L1 56 64]
POC   53 LId:  0 TId: 4 ( RASL, B-SLICE, QP 45 )        184 bits [Y 30.7999 dB    U 39.4697 dB    V 40.1313 dB] [ET     1 ] [L0 52 48] [L1 54c 56]
POC   55 LId:  0 TId: 4 ( RASL, B-SLICE, QP 45 )        160 bits [Y 31.1081 dB    U 39.5183 dB    V 40.1590 dB] [ET     2 ] [L0 54c 52] [L1 56 64]
POC   60 LId:  0 TId: 2 ( RASL, B-SLICE, QP 43 )        984 bits [Y 31.1081 dB    U 39.3981 dB    V 40.0730 dB] [ET     4 ] [L0 56c 48] [L1 64 56]
POC   58 LId:  0 TId: 3 ( RASL, B-SLICE, QP 44 )        464 bits [Y 30.8918 dB    U 39.4612 dB    V 40.1912 dB] [ET     2 ] [L0 56 48] [L1 60c 64]
POC   57 LId:  0 TId: 4 ( RASL, B-SLICE, QP 45 )        200 bits [Y 31.1009 dB    U 39.4479 dB    V 40.1706 dB] [ET     1 ] [L0 56 48] [L1 58c 60]
POC   59 LId:  0 TId: 4 ( RASL, B-SLICE, QP 45 )        200 bits [Y 30.8492 dB    U 39.4484 dB    V 40.0987 dB] [ET     1 ] [L0 58c 56] [L1 60 64]
POC   62 LId:  0 TId: 3 ( RASL, B-SLICE, QP 44 )        464 bits [Y 31.2214 dB    U 39.3777 dB    V 39.8985 dB] [ET     2 ] [L0 60c 56] [L1 64 60]
POC   61 LId:  0 TId: 4 ( RASL, B-SLICE, QP 45 )        208 bits [Y 31.1151 dB    U 39.3650 dB    V 40.0278 dB] [ET     1 ] [L0 60 56] [L1 62c 64]
POC   63 LId:  0 TId: 4 ( RASL, B-SLICE, QP 45 )        200 bits [Y 31.9724 dB    U 39.2825 dB    V 39.7941 dB] [ET     1 ] [L0 62c 60] [L1 64 62]

LayerId  0
	Total Frames |   Bitrate     Y-PSNR    U-PSNR    V-PSNR    YUV-PSNR   
	       65    a     258.8012   31.1263   39.4371   39.8973   32.5572

 finished @ Mon Jan 13 22:02:28 2025
 Total Time:      235.099 sec. [user]      235.098 sec. [elapsed]
