
VVCSoftware: VTM Encoder Version 10.0 [Windows][VS 1916][64 bit] [SIMD=AVX2] 

TOOL CFG: IBD:1 HAD:1 RDQ:1 RDQTS:1 RDpenalty:0 LQP:0 SQP:0 ASR:1 MinSearchWindow:96 RestrictMESampling:0 FEN:1 ECU:0 FDM:1 CFM:0 ESD:0 TransformSkip:1 TransformSkipFast:1 TransformSkipLog2MaxSize:5 ChromaTS:1 BDPCM:0 Tiles: 1x1 Slices: 1 MCTS:0 SAO:1 ALF:1 CCALF:1 WPP:0 WPB:0 PME:2  WaveFrontSynchro:0 WaveFrontSubstreams:1 ScalingList:0 TMVPMode:1  DQ:1  SignBitHidingFlag:0 RecalQP:0 
TOOL CFG: LFNST:1 MMVD:1 Affine:1 AffineType:1 PROF:1 SbTMVP:1 DualITree:1 IMV:1 BIO:1 LMChroma:1 HorCollocatedChroma:1 VerCollocatedChroma:0 MTS: 1(intra) 0(inter) SBT:1 ISP:1 SMVD:1 CompositeLTReference:0 Bcw:1 BcwFast:1 LADF:0 CIIP:1 Geo:1 AllowDisFracMMVD:1 AffineAmvr:1 AffineAmvrEncOpt:1 DMVR:1 MmvdDisNum:6 JointCbCr:1 ACT:0 PLT:0 IBC:0 HashME:0 WrapAround:0 VirtualBoundariesEnabledFlag:0 VirtualBoundariesPresentInSPSFlag:1 vertical virtual boundaries:[ ] horizontal virtual boundaries:[ ] Reshape:1 (Signal:SDR Opt:0 CSoffset:6) MRL:1 MIP:1 EncDbOpt:0 
FAST TOOL CFG: LCTUFast:1 FastMrg:1 PBIntraFast:1 IMV4PelFast:1 MTSMaxCand: 4(intra) 4(inter) ISPFast:0 FastLFNST:0 AMaxBT:1 E0023FastEnc:1 ContentBasedFastQtbt:0 UseNonLinearAlfLuma:1 UseNonLinearAlfChroma:1 MaxNumAlfAlternativesChroma:8 FastMIP:0 FastLocalDualTree:1 NumSplitThreads:1 NumWppThreads:1+0 EnsureWppBitEqual:0 RPR:0 TemporalFilter:0 


 started @ Mon Jan 13 22:18:29 2025
POC    0 LId:  0 TId: 0 ( IDR_N_LP, I-SLICE, QP 29 )     106152 bits [Y 35.9329 dB    U 41.0792 dB    V 41.7272 dB] [ET    18 ] [L0] [L1]
POC   16 LId:  0 TId: 0 ( TRAIL, B-SLICE, QP 33 )      19568 bits [Y 33.7379 dB    U 40.5812 dB    V 41.0467 dB] [ET    19 ] [L0 0] [L1 0c]
POC    8 LId:  0 TId: 1 ( STSA, B-SLICE, QP 35 )       6832 bits [Y 33.5051 dB    U 40.7382 dB    V 41.4071 dB] [ET    10 ] [L0 0 16] [L1 16c 0]
POC    4 LId:  0 TId: 2 ( STSA, B-SLICE, QP 38 )       2376 bits [Y 32.9924 dB    U 40.8661 dB    V 41.5842 dB] [ET     5 ] [L0 0 8] [L1 8c 16]
POC    2 LId:  0 TId: 3 ( STSA, B-SLICE, QP 40 )        704 bits [Y 33.5881 dB    U 40.9140 dB    V 41.6537 dB] [ET     3 ] [L0 0 4] [L1 4c 8]
POC    1 LId:  0 TId: 4 ( STSA, B-SLICE, QP 41 )        240 bits [Y 34.4083 dB    U 40.9609 dB    V 41.7262 dB] [ET     1 ] [L0 0 2] [L1 2c 4]
POC    3 LId:  0 TId: 4 ( STSA, B-SLICE, QP 41 )        200 bits [Y 33.1532 dB    U 40.8769 dB    V 41.5996 dB] [ET     2 ] [L0 2c 0] [L1 4 8]
POC    6 LId:  0 TId: 3 ( STSA, B-SLICE, QP 40 )        712 bits [Y 32.8751 dB    U 40.8121 dB    V 41.4777 dB] [ET     3 ] [L0 4c 0] [L1 8 16]
POC    5 LId:  0 TId: 4 ( STSA, B-SLICE, QP 41 )        208 bits [Y 32.9621 dB    U 40.8029 dB    V 41.4745 dB] [ET     2 ] [L0 4 0] [L1 6c 8]
POC    7 LId:  0 TId: 4 ( STSA, B-SLICE, QP 41 )        200 bits [Y 33.1666 dB    U 40.7457 dB    V 41.4272 dB] [ET     2 ] [L0 6c 4] [L1 8 16]
POC   12 LId:  0 TId: 2 ( STSA, B-SLICE, QP 38 )       2592 bits [Y 32.6627 dB    U 40.6885 dB    V 41.2597 dB] [ET     7 ] [L0 8c 0] [L1 16 8]
POC   10 LId:  0 TId: 3 ( STSA, B-SLICE, QP 40 )        696 bits [Y 32.8048 dB    U 40.7015 dB    V 41.3250 dB] [ET     3 ] [L0 8 0] [L1 12c 16]
POC    9 LId:  0 TId: 4 ( STSA, B-SLICE, QP 41 )        232 bits [Y 33.1716 dB    U 40.7136 dB    V 41.3702 dB] [ET     2 ] [L0 8 0] [L1 10c 12]
POC   11 LId:  0 TId: 4 ( STSA, B-SLICE, QP 41 )        216 bits [Y 32.7008 dB    U 40.6925 dB    V 41.3031 dB] [ET     2 ] [L0 10c 8] [L1 12 16]
POC   14 LId:  0 TId: 3 ( STSA, B-SLICE, QP 40 )        608 bits [Y 32.6476 dB    U 40.6532 dB    V 41.1421 dB] [ET     3 ] [L0 12c 8] [L1 16 12]
POC   13 LId:  0 TId: 4 ( STSA, B-SLICE, QP 41 )        168 bits [Y 32.6092 dB    U 40.6759 dB    V 41.2400 dB] [ET     2 ] [L0 12 8] [L1 14c 16]
POC   15 LId:  0 TId: 4 ( STSA, B-SLICE, QP 41 )        200 bits [Y 33.1442 dB    U 40.5576 dB    V 41.1047 dB] [ET     1 ] [L0 14c 12] [L1 16 14]
POC   32 LId:  0 TId: 0 ( TRAIL, B-SLICE, QP 33 )      19608 bits [Y 33.5380 dB    U 40.3627 dB    V 40.9304 dB] [ET    18 ] [L0 16 0] [L1 16c 0]
POC   24 LId:  0 TId: 1 ( TRAIL, B-SLICE, QP 35 )       6408 bits [Y 33.0710 dB    U 40.3885 dB    V 41.0340 dB] [ET    10 ] [L0 16 8] [L1 32c 16]
POC   20 LId:  0 TId: 2 ( STSA, B-SLICE, QP 38 )       2768 bits [Y 32.6330 dB    U 40.5294 dB    V 41.0074 dB] [ET     6 ] [L0 16 8] [L1 24c 32]
POC   18 LId:  0 TId: 3 ( STSA, B-SLICE, QP 40 )        632 bits [Y 32.8067 dB    U 40.5210 dB    V 41.0551 dB] [ET     4 ] [L0 16 8] [L1 20c 24]
POC   17 LId:  0 TId: 4 ( STSA, B-SLICE, QP 41 )        256 bits [Y 33.2712 dB    U 40.5646 dB    V 41.0669 dB] [ET     1 ] [L0 16 18] [L1 18c 20]
POC   19 LId:  0 TId: 4 ( STSA, B-SLICE, QP 41 )        248 bits [Y 32.6482 dB    U 40.4804 dB    V 41.0492 dB] [ET     1 ] [L0 18c 16] [L1 20 24]
POC   22 LId:  0 TId: 3 ( STSA, B-SLICE, QP 40 )        880 bits [Y 32.4622 dB    U 40.4668 dB    V 41.0373 dB] [ET     4 ] [L0 20c 16] [L1 24 32]
POC   21 LId:  0 TId: 4 ( STSA, B-SLICE, QP 41 )        288 bits [Y 32.5426 dB    U 40.4857 dB    V 41.0571 dB] [ET     2 ] [L0 20 16] [L1 22c 24]
POC   23 LId:  0 TId: 4 ( STSA, B-SLICE, QP 41 )        264 bits [Y 32.7829 dB    U 40.4295 dB    V 41.0421 dB] [ET     2 ] [L0 22c 20] [L1 24 32]
POC   28 LId:  0 TId: 2 ( STSA, B-SLICE, QP 38 )       2096 bits [Y 32.4950 dB    U 40.4189 dB    V 41.0023 dB] [ET     5 ] [L0 24c 16] [L1 32 24]
POC   26 LId:  0 TId: 3 ( STSA, B-SLICE, QP 40 )        680 bits [Y 32.4786 dB    U 40.4189 dB    V 40.9900 dB] [ET     3 ] [L0 24 16] [L1 28c 32]
POC   25 LId:  0 TId: 4 ( STSA, B-SLICE, QP 41 )        248 bits [Y 32.7397 dB    U 40.4338 dB    V 41.0097 dB] [ET     2 ] [L0 24 16] [L1 26c 28]
POC   27 LId:  0 TId: 4 ( STSA, B-SLICE, QP 41 )        304 bits [Y 32.4450 dB    U 40.4342 dB    V 40.9921 dB] [ET     2 ] [L0 26c 24] [L1 28 32]
POC   30 LId:  0 TId: 3 ( STSA, B-SLICE, QP 40 )        528 bits [Y 32.4419 dB    U 40.4296 dB    V 40.9630 dB] [ET     3 ] [L0 28c 24] [L1 32 28]
POC   29 LId:  0 TId: 4 ( STSA, B-SLICE, QP 41 )        264 bits [Y 32.4020 dB    U 40.4072 dB    V 40.9877 dB] [ET     2 ] [L0 28 24] [L1 30c 32]
POC   31 LId:  0 TId: 4 ( STSA, B-SLICE, QP 41 )        272 bits [Y 33.0324 dB    U 40.3602 dB    V 40.9525 dB] [ET     1 ] [L0 30c 28] [L1 32 30]
POC   48 LId:  0 TId: 0 ( CRA, I-SLICE, QP 29 )     111360 bits [Y 35.8926 dB    U 40.8425 dB    V 41.6630 dB] [ET    19 ] [L0] [L1]
POC   40 LId:  0 TId: 1 ( RASL, B-SLICE, QP 35 )       6224 bits [Y 33.8409 dB    U 41.0628 dB    V 41.7749 dB] [ET    11 ] [L0 32c 24] [L1 48 32]
POC   36 LId:  0 TId: 2 ( RASL, B-SLICE, QP 38 )       2656 bits [Y 33.0591 dB    U 41.1058 dB    V 41.5674 dB] [ET     7 ] [L0 32 24] [L1 40c 48]
POC   34 LId:  0 TId: 3 ( RASL, B-SLICE, QP 40 )        816 bits [Y 32.8706 dB    U 40.8866 dB    V 41.3915 dB] [ET     3 ] [L0 32 24] [L1 36c 40]
POC   33 LId:  0 TId: 4 ( RASL, B-SLICE, QP 41 )        272 bits [Y 33.1953 dB    U 40.6595 dB    V 41.1985 dB] [ET     2 ] [L0 32 34] [L1 34c 36]
POC   35 LId:  0 TId: 4 ( RASL, B-SLICE, QP 41 )        304 bits [Y 32.9352 dB    U 41.0799 dB    V 41.4977 dB] [ET     2 ] [L0 34c 32] [L1 36 40]
POC   38 LId:  0 TId: 3 ( RASL, B-SLICE, QP 40 )        520 bits [Y 32.8622 dB    U 41.1613 dB    V 41.6932 dB] [ET     3 ] [L0 36c 32] [L1 40 48]
POC   37 LId:  0 TId: 4 ( RASL, B-SLICE, QP 41 )        368 bits [Y 32.8797 dB    U 41.1275 dB    V 41.6424 dB] [ET     2 ] [L0 36 32] [L1 38c 40]
POC   39 LId:  0 TId: 4 ( RASL, B-SLICE, QP 41 )        264 bits [Y 33.2343 dB    U 41.1108 dB    V 41.7462 dB] [ET     2 ] [L0 38c 36] [L1 40 48]
POC   44 LId:  0 TId: 2 ( RASL, B-SLICE, QP 38 )       2032 bits [Y 33.3180 dB    U 41.0899 dB    V 41.9244 dB] [ET     5 ] [L0 40c 32] [L1 48 40]
POC   42 LId:  0 TId: 3 ( RASL, B-SLICE, QP 40 )        856 bits [Y 33.0894 dB    U 41.0845 dB    V 41.8679 dB] [ET     4 ] [L0 40 32] [L1 44c 48]
POC   41 LId:  0 TId: 4 ( RASL, B-SLICE, QP 41 )        264 bits [Y 33.4998 dB    U 41.0895 dB    V 41.8011 dB] [ET     3 ] [L0 40 32] [L1 42c 44]
POC   43 LId:  0 TId: 4 ( RASL, B-SLICE, QP 41 )        216 bits [Y 33.0986 dB    U 41.0826 dB    V 41.8505 dB] [ET     3 ] [L0 42c 40] [L1 44 48]
POC   46 LId:  0 TId: 3 ( RASL, B-SLICE, QP 40 )        528 bits [Y 33.2763 dB    U 40.9772 dB    V 41.7781 dB] [ET     3 ] [L0 44c 40] [L1 48 44]
POC   45 LId:  0 TId: 4 ( RASL, B-SLICE, QP 41 )        248 bits [Y 33.3034 dB    U 41.0119 dB    V 41.8376 dB] [ET     3 ] [L0 44 40] [L1 46c 48]
POC   47 LId:  0 TId: 4 ( RASL, B-SLICE, QP 41 )        224 bits [Y 34.1602 dB    U 40.9091 dB    V 41.7738 dB] [ET     3 ] [L0 46c 44] [L1 48 46]
POC   64 LId:  0 TId: 0 ( TRAIL, B-SLICE, QP 33 )      20048 bits [Y 33.6526 dB    U 40.2923 dB    V 41.2209 dB] [ET    21 ] [L0 48] [L1 48c]
POC   56 LId:  0 TId: 1 ( STSA, B-SLICE, QP 35 )       6936 bits [Y 33.2682 dB    U 40.6186 dB    V 41.3856 dB] [ET    12 ] [L0 48 64] [L1 64c 48]
POC   52 LId:  0 TId: 2 ( STSA, B-SLICE, QP 38 )       2176 bits [Y 32.9233 dB    U 40.6667 dB    V 41.5399 dB] [ET     6 ] [L0 48 56] [L1 56c 64]
POC   50 LId:  0 TId: 3 ( STSA, B-SLICE, QP 40 )        712 bits [Y 33.0742 dB    U 40.7499 dB    V 41.5687 dB] [ET     3 ] [L0 48 52] [L1 52c 56]
POC   49 LId:  0 TId: 4 ( STSA, B-SLICE, QP 41 )        240 bits [Y 34.0451 dB    U 40.8116 dB    V 41.6564 dB] [ET     2 ] [L0 48 50] [L1 50c 52]
POC   51 LId:  0 TId: 4 ( STSA, B-SLICE, QP 41 )        200 bits [Y 32.7021 dB    U 40.7141 dB    V 41.5468 dB] [ET     2 ] [L0 50c 48] [L1 52 56]
POC   54 LId:  0 TId: 3 ( STSA, B-SLICE, QP 40 )        904 bits [Y 32.5532 dB    U 40.6022 dB    V 41.4292 dB] [ET     4 ] [L0 52c 48] [L1 56 64]
POC   53 LId:  0 TId: 4 ( STSA, B-SLICE, QP 41 )        224 bits [Y 32.7190 dB    U 40.6618 dB    V 41.4618 dB] [ET     2 ] [L0 52 48] [L1 54c 56]
POC   55 LId:  0 TId: 4 ( STSA, B-SLICE, QP 41 )        240 bits [Y 32.9814 dB    U 40.6431 dB    V 41.4423 dB] [ET     2 ] [L0 54c 52] [L1 56 64]
POC   60 LId:  0 TId: 2 ( STSA, B-SLICE, QP 38 )       2472 bits [Y 32.6180 dB    U 40.4385 dB    V 41.2895 dB] [ET     6 ] [L0 56c 48] [L1 64 56]
POC   58 LId:  0 TId: 3 ( STSA, B-SLICE, QP 40 )        976 bits [Y 32.4882 dB    U 40.5346 dB    V 41.3862 dB] [ET     4 ] [L0 56 48] [L1 60c 64]
POC   57 LId:  0 TId: 4 ( STSA, B-SLICE, QP 41 )        288 bits [Y 32.7551 dB    U 40.5265 dB    V 41.3561 dB] [ET     2 ] [L0 56 48] [L1 58c 60]
POC   59 LId:  0 TId: 4 ( STSA, B-SLICE, QP 41 )        264 bits [Y 32.4400 dB    U 40.4643 dB    V 41.3146 dB] [ET     2 ] [L0 58c 56] [L1 60 64]
POC   62 LId:  0 TId: 3 ( STSA, B-SLICE, QP 40 )        760 bits [Y 32.3832 dB    U 40.4027 dB    V 41.2456 dB] [ET     3 ] [L0 60c 56] [L1 64 60]
POC   61 LId:  0 TId: 4 ( STSA, B-SLICE, QP 41 )        240 bits [Y 32.4656 dB    U 40.4119 dB    V 41.3138 dB] [ET     3 ] [L0 60 56] [L1 62c 64]
POC   63 LId:  0 TId: 4 ( STSA, B-SLICE, QP 41 )        216 bits [Y 32.9172 dB    U 40.3418 dB    V 41.2440 dB] [ET     2 ] [L0 62c 60] [L1 64 62]

LayerId  0
	Total Frames |   Bitrate     Y-PSNR    U-PSNR    V-PSNR    YUV-PSNR   
	       65    a     315.4117   33.0824   40.6977   41.3762   34.4645

 finished @ Mon Jan 13 22:24:05 2025
 Total Time:      335.272 sec. [user]      335.272 sec. [elapsed]
