
VVCSoftware: VTM Encoder Version 10.0 [Windows][VS 1916][64 bit] [SIMD=AVX2] 

TOOL CFG: IBD:1 HAD:1 RDQ:1 RDQTS:1 RDpenalty:0 LQP:0 SQP:0 ASR:1 MinSearchWindow:96 RestrictMESampling:0 FEN:1 ECU:0 FDM:1 CFM:0 ESD:0 TransformSkip:1 TransformSkipFast:1 TransformSkipLog2MaxSize:5 ChromaTS:1 BDPCM:0 Tiles: 1x1 Slices: 1 MCTS:0 SAO:1 ALF:1 CCALF:1 WPP:0 WPB:0 PME:2  WaveFrontSynchro:0 WaveFrontSubstreams:1 ScalingList:0 TMVPMode:1  DQ:1  SignBitHidingFlag:0 RecalQP:0 
TOOL CFG: LFNST:1 MMVD:1 Affine:1 AffineType:1 PROF:1 SbTMVP:1 DualITree:1 IMV:1 BIO:1 LMChroma:1 HorCollocatedChroma:1 VerCollocatedChroma:0 MTS: 1(intra) 0(inter) SBT:1 ISP:1 SMVD:1 CompositeLTReference:0 Bcw:1 BcwFast:1 LADF:0 CIIP:1 Geo:1 AllowDisFracMMVD:1 AffineAmvr:1 AffineAmvrEncOpt:1 DMVR:1 MmvdDisNum:6 JointCbCr:1 ACT:0 PLT:0 IBC:0 HashME:0 WrapAround:0 VirtualBoundariesEnabledFlag:0 VirtualBoundariesPresentInSPSFlag:1 vertical virtual boundaries:[ ] horizontal virtual boundaries:[ ] Reshape:1 (Signal:SDR Opt:0 CSoffset:6) MRL:1 MIP:1 EncDbOpt:0 
FAST TOOL CFG: LCTUFast:1 FastMrg:1 PBIntraFast:1 IMV4PelFast:1 MTSMaxCand: 4(intra) 4(inter) ISPFast:0 FastLFNST:0 AMaxBT:1 E0023FastEnc:1 ContentBasedFastQtbt:0 UseNonLinearAlfLuma:1 UseNonLinearAlfChroma:1 MaxNumAlfAlternativesChroma:8 FastMIP:0 FastLocalDualTree:1 NumSplitThreads:1 NumWppThreads:1+0 EnsureWppBitEqual:0 RPR:0 TemporalFilter:0 


 started @ Tue Jan 14 00:22:13 2025
POC    0 LId:  0 TId: 0 ( IDR_N_LP, I-SLICE, QP 17 )     282320 bits [Y 46.3253 dB    U 47.5297 dB    V 48.0610 dB] [ET    25 ] [L0] [L1]
POC   16 LId:  0 TId: 0 ( TRAIL, B-SLICE, QP 21 )     105976 bits [Y 42.9943 dB    U 45.5978 dB    V 46.5052 dB] [ET    34 ] [L0 0] [L1 0c]
POC    8 LId:  0 TId: 1 ( STSA, B-SLICE, QP 21 )      74096 bits [Y 42.9303 dB    U 45.7893 dB    V 46.7658 dB] [ET    35 ] [L0 0 16] [L1 16c 0]
POC    4 LId:  0 TId: 2 ( STSA, B-SLICE, QP 24 )      40872 bits [Y 40.9974 dB    U 45.8888 dB    V 46.9246 dB] [ET    26 ] [L0 0 8] [L1 8c 16]
POC    2 LId:  0 TId: 3 ( STSA, B-SLICE, QP 25 )      19784 bits [Y 40.6368 dB    U 46.0165 dB    V 47.1244 dB] [ET    19 ] [L0 0 4] [L1 4c 8]
POC    1 LId:  0 TId: 4 ( STSA, B-SLICE, QP 27 )       2360 bits [Y 40.5550 dB    U 46.1760 dB    V 47.3380 dB] [ET     5 ] [L0 0 2] [L1 2c 4]
POC    3 LId:  0 TId: 4 ( STSA, B-SLICE, QP 27 )       3008 bits [Y 39.8408 dB    U 45.9918 dB    V 46.9967 dB] [ET     5 ] [L0 2c 0] [L1 4 8]
POC    6 LId:  0 TId: 3 ( STSA, B-SLICE, QP 25 )      19144 bits [Y 40.4193 dB    U 45.7903 dB    V 46.8748 dB] [ET    15 ] [L0 4c 0] [L1 8 16]
POC    5 LId:  0 TId: 4 ( STSA, B-SLICE, QP 27 )       2736 bits [Y 40.0102 dB    U 45.8255 dB    V 46.8405 dB] [ET     5 ] [L0 4 0] [L1 6c 8]
POC    7 LId:  0 TId: 4 ( STSA, B-SLICE, QP 27 )       2904 bits [Y 40.3159 dB    U 45.7052 dB    V 46.8647 dB] [ET     5 ] [L0 6c 4] [L1 8 16]
POC   12 LId:  0 TId: 2 ( STSA, B-SLICE, QP 24 )      41584 bits [Y 40.9131 dB    U 45.5365 dB    V 46.4508 dB] [ET    22 ] [L0 8 0] [L1 16c 8]
POC   10 LId:  0 TId: 3 ( STSA, B-SLICE, QP 25 )      19416 bits [Y 40.3796 dB    U 45.6634 dB    V 46.6548 dB] [ET    14 ] [L0 8 0] [L1 12c 16]
POC    9 LId:  0 TId: 4 ( STSA, B-SLICE, QP 27 )       2920 bits [Y 40.1674 dB    U 45.7632 dB    V 46.7534 dB] [ET     5 ] [L0 8 0] [L1 10c 12]
POC   11 LId:  0 TId: 4 ( STSA, B-SLICE, QP 27 )       2944 bits [Y 39.9254 dB    U 45.6433 dB    V 46.5819 dB] [ET     6 ] [L0 10c 8] [L1 12 16]
POC   14 LId:  0 TId: 3 ( STSA, B-SLICE, QP 25 )      21112 bits [Y 40.3527 dB    U 45.5475 dB    V 46.5091 dB] [ET    15 ] [L0 12c 8] [L1 16 12]
POC   13 LId:  0 TId: 4 ( STSA, B-SLICE, QP 27 )       2752 bits [Y 39.8639 dB    U 45.6141 dB    V 46.5697 dB] [ET     5 ] [L0 12 8] [L1 14c 16]
POC   15 LId:  0 TId: 4 ( STSA, B-SLICE, QP 27 )       2480 bits [Y 40.0747 dB    U 45.5002 dB    V 46.5381 dB] [ET     5 ] [L0 14c 12] [L1 16 14]
POC   32 LId:  0 TId: 0 ( CRA, I-SLICE, QP 17 )     288704 bits [Y 46.3165 dB    U 47.4590 dB    V 47.9027 dB] [ET    24 ] [L0] [L1]
POC   24 LId:  0 TId: 1 ( RASL, B-SLICE, QP 21 )      73552 bits [Y 43.0724 dB    U 46.1826 dB    V 47.1804 dB] [ET    30 ] [L0 16c 8] [L1 32 16]
POC   20 LId:  0 TId: 2 ( RASL, B-SLICE, QP 24 )      38704 bits [Y 41.1173 dB    U 45.9618 dB    V 47.0390 dB] [ET    21 ] [L0 16 8] [L1 24c 32]
POC   18 LId:  0 TId: 3 ( RASL, B-SLICE, QP 25 )      19416 bits [Y 40.4537 dB    U 45.9315 dB    V 46.9349 dB] [ET    16 ] [L0 16 8] [L1 20c 24]
POC   17 LId:  0 TId: 4 ( RASL, B-SLICE, QP 27 )       2472 bits [Y 40.3029 dB    U 45.7192 dB    V 46.7310 dB] [ET     4 ] [L0 16 18] [L1 18c 20]
POC   19 LId:  0 TId: 4 ( RASL, B-SLICE, QP 27 )       2624 bits [Y 39.9956 dB    U 45.9629 dB    V 47.0033 dB] [ET     4 ] [L0 18c 16] [L1 20 24]
POC   22 LId:  0 TId: 3 ( RASL, B-SLICE, QP 25 )      18448 bits [Y 40.5125 dB    U 46.0369 dB    V 47.0978 dB] [ET    19 ] [L0 20c 16] [L1 24 32]
POC   21 LId:  0 TId: 4 ( RASL, B-SLICE, QP 27 )       2528 bits [Y 40.1174 dB    U 46.1138 dB    V 47.1063 dB] [ET     4 ] [L0 20 16] [L1 22c 24]
POC   23 LId:  0 TId: 4 ( RASL, B-SLICE, QP 27 )       2488 bits [Y 40.3647 dB    U 46.1721 dB    V 47.2319 dB] [ET     5 ] [L0 22c 20] [L1 24 32]
POC   28 LId:  0 TId: 2 ( RASL, B-SLICE, QP 24 )      38304 bits [Y 41.0650 dB    U 46.1990 dB    V 47.2427 dB] [ET    21 ] [L0 24c 16] [L1 32 24]
POC   26 LId:  0 TId: 3 ( RASL, B-SLICE, QP 25 )      20104 bits [Y 40.4386 dB    U 46.1214 dB    V 47.1775 dB] [ET    20 ] [L0 24 16] [L1 28c 32]
POC   25 LId:  0 TId: 4 ( RASL, B-SLICE, QP 27 )       2304 bits [Y 40.2845 dB    U 46.2184 dB    V 47.2408 dB] [ET     5 ] [L0 24 16] [L1 26c 28]
POC   27 LId:  0 TId: 4 ( RASL, B-SLICE, QP 27 )       2512 bits [Y 39.6896 dB    U 46.2827 dB    V 47.2842 dB] [ET     5 ] [L0 26c 24] [L1 28 32]
POC   30 LId:  0 TId: 3 ( RASL, B-SLICE, QP 25 )      22384 bits [Y 40.5023 dB    U 46.2357 dB    V 47.3463 dB] [ET    17 ] [L0 28c 24] [L1 32 28]
POC   29 LId:  0 TId: 4 ( RASL, B-SLICE, QP 27 )       2904 bits [Y 39.8296 dB    U 46.2571 dB    V 47.3244 dB] [ET     6 ] [L0 28 24] [L1 30c 32]
POC   31 LId:  0 TId: 4 ( RASL, B-SLICE, QP 27 )       2552 bits [Y 40.4691 dB    U 46.2951 dB    V 47.3100 dB] [ET     5 ] [L0 30c 28] [L1 32 30]
POC   48 LId:  0 TId: 0 ( TRAIL, B-SLICE, QP 21 )     107472 bits [Y 42.9192 dB    U 45.5650 dB    V 46.5947 dB] [ET    34 ] [L0 32] [L1 32c]
POC   40 LId:  0 TId: 1 ( STSA, B-SLICE, QP 21 )      76240 bits [Y 42.8442 dB    U 45.6790 dB    V 46.6675 dB] [ET    34 ] [L0 32 48] [L1 48c 32]
POC   36 LId:  0 TId: 2 ( STSA, B-SLICE, QP 24 )      38232 bits [Y 40.9256 dB    U 45.7632 dB    V 46.7263 dB] [ET    30 ] [L0 32 40] [L1 40c 48]
POC   34 LId:  0 TId: 3 ( STSA, B-SLICE, QP 25 )      26912 bits [Y 40.3910 dB    U 46.0008 dB    V 47.0170 dB] [ET    25 ] [L0 32 36] [L1 36c 40]
POC   33 LId:  0 TId: 4 ( STSA, B-SLICE, QP 27 )       2848 bits [Y 40.1189 dB    U 46.1353 dB    V 47.1704 dB] [ET     5 ] [L0 32 34] [L1 34c 36]
POC   35 LId:  0 TId: 4 ( STSA, B-SLICE, QP 27 )       3128 bits [Y 39.7046 dB    U 45.8763 dB    V 46.7749 dB] [ET     5 ] [L0 34c 32] [L1 36 40]
POC   38 LId:  0 TId: 3 ( STSA, B-SLICE, QP 25 )      25112 bits [Y 40.2402 dB    U 45.7102 dB    V 46.6922 dB] [ET    17 ] [L0 36c 32] [L1 40 48]
POC   37 LId:  0 TId: 4 ( STSA, B-SLICE, QP 27 )       3752 bits [Y 39.5724 dB    U 45.6242 dB    V 46.7346 dB] [ET     7 ] [L0 36 32] [L1 38c 40]
POC   39 LId:  0 TId: 4 ( STSA, B-SLICE, QP 27 )       3072 bits [Y 39.7588 dB    U 45.6760 dB    V 46.7951 dB] [ET     6 ] [L0 38c 36] [L1 40 48]
POC   44 LId:  0 TId: 2 ( STSA, B-SLICE, QP 24 )      37432 bits [Y 40.8501 dB    U 45.5095 dB    V 46.6223 dB] [ET    21 ] [L0 40 32] [L1 48c 40]
POC   42 LId:  0 TId: 3 ( STSA, B-SLICE, QP 25 )      28424 bits [Y 40.2664 dB    U 45.5193 dB    V 46.7124 dB] [ET    19 ] [L0 40 32] [L1 44c 48]
POC   41 LId:  0 TId: 4 ( STSA, B-SLICE, QP 27 )       3672 bits [Y 39.8244 dB    U 45.5928 dB    V 46.7707 dB] [ET     8 ] [L0 40 32] [L1 42c 44]
POC   43 LId:  0 TId: 4 ( STSA, B-SLICE, QP 27 )       3728 bits [Y 39.5746 dB    U 45.5894 dB    V 46.6100 dB] [ET     8 ] [L0 42c 40] [L1 44 48]
POC   46 LId:  0 TId: 3 ( STSA, B-SLICE, QP 25 )      28840 bits [Y 40.1447 dB    U 45.5088 dB    V 46.5674 dB] [ET    18 ] [L0 44c 40] [L1 48 44]
POC   45 LId:  0 TId: 4 ( STSA, B-SLICE, QP 27 )       3240 bits [Y 39.5377 dB    U 45.4770 dB    V 46.6099 dB] [ET     6 ] [L0 44 40] [L1 46c 48]
POC   47 LId:  0 TId: 4 ( STSA, B-SLICE, QP 27 )       5008 bits [Y 39.7326 dB    U 45.5333 dB    V 46.6427 dB] [ET     8 ] [L0 46c 44] [L1 48 46]
POC   64 LId:  0 TId: 0 ( CRA, I-SLICE, QP 17 )     292984 bits [Y 46.3002 dB    U 47.5001 dB    V 47.9112 dB] [ET    26 ] [L0] [L1]
POC   56 LId:  0 TId: 1 ( RASL, B-SLICE, QP 21 )      78120 bits [Y 43.0136 dB    U 46.3080 dB    V 47.3274 dB] [ET    31 ] [L0 48c 40] [L1 64 48]
POC   52 LId:  0 TId: 2 ( RASL, B-SLICE, QP 24 )      36512 bits [Y 41.0015 dB    U 45.9333 dB    V 47.0183 dB] [ET    23 ] [L0 48 40] [L1 56c 64]
POC   50 LId:  0 TId: 3 ( RASL, B-SLICE, QP 25 )      26440 bits [Y 40.2958 dB    U 45.7962 dB    V 46.9778 dB] [ET    20 ] [L0 48 40] [L1 52c 56]
POC   49 LId:  0 TId: 4 ( RASL, B-SLICE, QP 27 )       3824 bits [Y 39.7295 dB    U 45.7487 dB    V 46.8852 dB] [ET     7 ] [L0 48 50] [L1 50c 52]
POC   51 LId:  0 TId: 4 ( RASL, B-SLICE, QP 27 )       4736 bits [Y 39.6617 dB    U 45.9571 dB    V 47.0954 dB] [ET     9 ] [L0 50c 48] [L1 52 56]
POC   54 LId:  0 TId: 3 ( RASL, B-SLICE, QP 25 )      28120 bits [Y 40.3931 dB    U 46.0119 dB    V 47.1743 dB] [ET    21 ] [L0 52c 48] [L1 56 64]
POC   53 LId:  0 TId: 4 ( RASL, B-SLICE, QP 27 )       5512 bits [Y 39.6838 dB    U 46.0091 dB    V 47.1106 dB] [ET     9 ] [L0 52 48] [L1 54c 56]
POC   55 LId:  0 TId: 4 ( RASL, B-SLICE, QP 27 )       3784 bits [Y 39.9164 dB    U 46.2049 dB    V 47.3042 dB] [ET     7 ] [L0 54c 52] [L1 56 64]
POC   60 LId:  0 TId: 2 ( RASL, B-SLICE, QP 24 )      35800 bits [Y 40.9587 dB    U 45.9906 dB    V 47.0641 dB] [ET    22 ] [L0 56c 48] [L1 64 56]
POC   58 LId:  0 TId: 3 ( RASL, B-SLICE, QP 25 )      26224 bits [Y 40.3698 dB    U 46.0714 dB    V 47.2083 dB] [ET    19 ] [L0 56 48] [L1 60c 64]
POC   57 LId:  0 TId: 4 ( RASL, B-SLICE, QP 27 )       5416 bits [Y 39.7523 dB    U 46.2134 dB    V 47.2383 dB] [ET    10 ] [L0 56 48] [L1 58c 60]
POC   59 LId:  0 TId: 4 ( RASL, B-SLICE, QP 27 )       6208 bits [Y 39.5901 dB    U 46.1088 dB    V 47.1913 dB] [ET     9 ] [L0 58c 56] [L1 60 64]
POC   62 LId:  0 TId: 3 ( RASL, B-SLICE, QP 25 )      29160 bits [Y 40.3837 dB    U 46.2540 dB    V 47.2011 dB] [ET    19 ] [L0 60c 56] [L1 64 60]
POC   61 LId:  0 TId: 4 ( RASL, B-SLICE, QP 27 )       4896 bits [Y 39.6133 dB    U 46.1323 dB    V 47.2507 dB] [ET     8 ] [L0 60 56] [L1 62c 64]
POC   63 LId:  0 TId: 4 ( RASL, B-SLICE, QP 27 )       4416 bits [Y 39.9282 dB    U 46.2465 dB    V 47.2835 dB] [ET     8 ] [L0 62c 60] [L1 64 62]

LayerId  0
	Total Frames |   Bitrate     Y-PSNR    U-PSNR    V-PSNR    YUV-PSNR   
	       65    a    2008.3126   40.7420   45.9688   46.9916   41.7744

 finished @ Tue Jan 14 00:38:43 2025
 Total Time:      989.364 sec. [user]      989.364 sec. [elapsed]
