
VVCSoftware: VTM Encoder Version 10.0 [Windows][VS 1916][64 bit] [SIMD=AVX2] 

TOOL CFG: IBD:1 HAD:1 RDQ:1 RDQTS:1 RDpenalty:0 LQP:0 SQP:0 ASR:1 MinSearchWindow:96 RestrictMESampling:0 FEN:1 ECU:0 FDM:1 CFM:0 ESD:0 TransformSkip:1 TransformSkipFast:1 TransformSkipLog2MaxSize:5 ChromaTS:1 BDPCM:0 Tiles: 1x1 Slices: 1 MCTS:0 SAO:1 ALF:1 CCALF:1 WPP:0 WPB:0 PME:2  WaveFrontSynchro:0 WaveFrontSubstreams:1 ScalingList:0 TMVPMode:1  DQ:1  SignBitHidingFlag:0 RecalQP:0 
TOOL CFG: LFNST:1 MMVD:1 Affine:1 AffineType:1 PROF:1 SbTMVP:1 DualITree:1 IMV:1 BIO:1 LMChroma:1 HorCollocatedChroma:1 VerCollocatedChroma:0 MTS: 1(intra) 0(inter) SBT:1 ISP:1 SMVD:1 CompositeLTReference:0 Bcw:1 BcwFast:1 LADF:0 CIIP:1 Geo:1 AllowDisFracMMVD:1 AffineAmvr:1 AffineAmvrEncOpt:1 DMVR:1 MmvdDisNum:6 JointCbCr:1 ACT:0 PLT:0 IBC:0 HashME:0 WrapAround:0 VirtualBoundariesEnabledFlag:0 VirtualBoundariesPresentInSPSFlag:1 vertical virtual boundaries:[ ] horizontal virtual boundaries:[ ] Reshape:1 (Signal:SDR Opt:0 CSoffset:6) MRL:1 MIP:1 EncDbOpt:0 
FAST TOOL CFG: LCTUFast:1 FastMrg:1 PBIntraFast:1 IMV4PelFast:1 MTSMaxCand: 4(intra) 4(inter) ISPFast:0 FastLFNST:0 AMaxBT:1 E0023FastEnc:1 ContentBasedFastQtbt:0 UseNonLinearAlfLuma:1 UseNonLinearAlfChroma:1 MaxNumAlfAlternativesChroma:8 FastMIP:0 FastLocalDualTree:1 NumSplitThreads:1 NumWppThreads:1+0 EnsureWppBitEqual:0 RPR:0 TemporalFilter:0 


 started @ Mon Jan 13 22:44:06 2025
POC    0 LId:  0 TId: 0 ( IDR_N_LP, I-SLICE, QP 25 )     153688 bits [Y 39.3549 dB    U 42.9135 dB    V 43.8187 dB] [ET    23 ] [L0] [L1]
POC   16 LId:  0 TId: 0 ( TRAIL, B-SLICE, QP 29 )      36552 bits [Y 36.6809 dB    U 42.1681 dB    V 43.1496 dB] [ET    27 ] [L0 0] [L1 0c]
POC    8 LId:  0 TId: 1 ( STSA, B-SLICE, QP 30 )      16200 bits [Y 36.3870 dB    U 42.3747 dB    V 43.3946 dB] [ET    19 ] [L0 0 16] [L1 16c 0]
POC    4 LId:  0 TId: 2 ( STSA, B-SLICE, QP 34 )       5256 bits [Y 35.2826 dB    U 42.5944 dB    V 43.5716 dB] [ET     8 ] [L0 0 8] [L1 8c 16]
POC    2 LId:  0 TId: 3 ( STSA, B-SLICE, QP 35 )       1496 bits [Y 35.7161 dB    U 42.6507 dB    V 43.6506 dB] [ET     4 ] [L0 0 4] [L1 4c 8]
POC    1 LId:  0 TId: 4 ( STSA, B-SLICE, QP 37 )        320 bits [Y 36.6064 dB    U 42.7117 dB    V 43.7799 dB] [ET     2 ] [L0 0 2] [L1 2c 4]
POC    3 LId:  0 TId: 4 ( STSA, B-SLICE, QP 37 )        344 bits [Y 35.3065 dB    U 42.6510 dB    V 43.5795 dB] [ET     2 ] [L0 2c 0] [L1 4 8]
POC    6 LId:  0 TId: 3 ( STSA, B-SLICE, QP 35 )       1688 bits [Y 35.1943 dB    U 42.4972 dB    V 43.4392 dB] [ET     4 ] [L0 4c 0] [L1 8 16]
POC    5 LId:  0 TId: 4 ( STSA, B-SLICE, QP 37 )        328 bits [Y 35.1945 dB    U 42.5245 dB    V 43.4242 dB] [ET     3 ] [L0 4 0] [L1 6c 8]
POC    7 LId:  0 TId: 4 ( STSA, B-SLICE, QP 37 )        336 bits [Y 35.5875 dB    U 42.3863 dB    V 43.3748 dB] [ET     2 ] [L0 6c 4] [L1 8 16]
POC   12 LId:  0 TId: 2 ( STSA, B-SLICE, QP 34 )       5416 bits [Y 34.9269 dB    U 42.2844 dB    V 43.2740 dB] [ET    10 ] [L0 8c 0] [L1 16 8]
POC   10 LId:  0 TId: 3 ( STSA, B-SLICE, QP 35 )       1992 bits [Y 35.2314 dB    U 42.3097 dB    V 43.3019 dB] [ET     4 ] [L0 8 0] [L1 12c 16]
POC    9 LId:  0 TId: 4 ( STSA, B-SLICE, QP 37 )        256 bits [Y 35.6222 dB    U 42.3000 dB    V 43.3550 dB] [ET     2 ] [L0 8 0] [L1 10c 12]
POC   11 LId:  0 TId: 4 ( STSA, B-SLICE, QP 37 )        288 bits [Y 34.9278 dB    U 42.2915 dB    V 43.3211 dB] [ET     3 ] [L0 10c 8] [L1 12 16]
POC   14 LId:  0 TId: 3 ( STSA, B-SLICE, QP 35 )       1912 bits [Y 34.9216 dB    U 42.2356 dB    V 43.2545 dB] [ET     5 ] [L0 12c 8] [L1 16 12]
POC   13 LId:  0 TId: 4 ( STSA, B-SLICE, QP 37 )        312 bits [Y 34.7973 dB    U 42.2512 dB    V 43.2925 dB] [ET     3 ] [L0 12 8] [L1 14c 16]
POC   15 LId:  0 TId: 4 ( STSA, B-SLICE, QP 37 )        456 bits [Y 35.5388 dB    U 42.1458 dB    V 43.2042 dB] [ET     3 ] [L0 14c 12] [L1 16 14]
POC   32 LId:  0 TId: 0 ( TRAIL, B-SLICE, QP 29 )      36032 bits [Y 36.5052 dB    U 41.9789 dB    V 42.9910 dB] [ET    24 ] [L0 16 0] [L1 16c 0]
POC   24 LId:  0 TId: 1 ( TRAIL, B-SLICE, QP 30 )      16024 bits [Y 36.0522 dB    U 41.9925 dB    V 43.0259 dB] [ET    14 ] [L0 16 8] [L1 32c 16]
POC   20 LId:  0 TId: 2 ( STSA, B-SLICE, QP 34 )       5128 bits [Y 34.9023 dB    U 42.1157 dB    V 43.0610 dB] [ET    10 ] [L0 16 8] [L1 24c 32]
POC   18 LId:  0 TId: 3 ( STSA, B-SLICE, QP 35 )       1720 bits [Y 35.1222 dB    U 42.1515 dB    V 43.1356 dB] [ET     5 ] [L0 16 8] [L1 20c 24]
POC   17 LId:  0 TId: 4 ( STSA, B-SLICE, QP 37 )        320 bits [Y 35.7197 dB    U 42.1735 dB    V 43.1767 dB] [ET     3 ] [L0 16 18] [L1 18c 20]
POC   19 LId:  0 TId: 4 ( STSA, B-SLICE, QP 37 )        432 bits [Y 34.9130 dB    U 42.0911 dB    V 43.0983 dB] [ET     3 ] [L0 18c 16] [L1 20 24]
POC   22 LId:  0 TId: 3 ( STSA, B-SLICE, QP 35 )       2304 bits [Y 34.9971 dB    U 42.0865 dB    V 43.0756 dB] [ET     6 ] [L0 20c 16] [L1 24 32]
POC   21 LId:  0 TId: 4 ( STSA, B-SLICE, QP 37 )        480 bits [Y 34.9276 dB    U 42.1248 dB    V 43.1051 dB] [ET     3 ] [L0 20 16] [L1 22c 24]
POC   23 LId:  0 TId: 4 ( STSA, B-SLICE, QP 37 )        392 bits [Y 35.4474 dB    U 42.0258 dB    V 43.0620 dB] [ET     3 ] [L0 22c 20] [L1 24 32]
POC   28 LId:  0 TId: 2 ( STSA, B-SLICE, QP 34 )       4568 bits [Y 34.8614 dB    U 42.0001 dB    V 42.9472 dB] [ET     9 ] [L0 24c 16] [L1 32 24]
POC   26 LId:  0 TId: 3 ( STSA, B-SLICE, QP 35 )       1960 bits [Y 35.0160 dB    U 42.0116 dB    V 42.9710 dB] [ET     5 ] [L0 24 16] [L1 28c 32]
POC   25 LId:  0 TId: 4 ( STSA, B-SLICE, QP 37 )        416 bits [Y 35.4421 dB    U 42.0403 dB    V 43.0207 dB] [ET     3 ] [L0 24 16] [L1 26c 28]
POC   27 LId:  0 TId: 4 ( STSA, B-SLICE, QP 37 )        352 bits [Y 34.8152 dB    U 42.0160 dB    V 42.9647 dB] [ET     2 ] [L0 26c 24] [L1 28 32]
POC   30 LId:  0 TId: 3 ( STSA, B-SLICE, QP 35 )       1688 bits [Y 34.7880 dB    U 41.9814 dB    V 42.9475 dB] [ET     5 ] [L0 28c 24] [L1 32 28]
POC   29 LId:  0 TId: 4 ( STSA, B-SLICE, QP 37 )        360 bits [Y 34.6551 dB    U 41.9599 dB    V 42.9636 dB] [ET     3 ] [L0 28 24] [L1 30c 32]
POC   31 LId:  0 TId: 4 ( STSA, B-SLICE, QP 37 )        376 bits [Y 35.5174 dB    U 41.9535 dB    V 42.9867 dB] [ET     3 ] [L0 30c 28] [L1 32 30]
POC   48 LId:  0 TId: 0 ( CRA, I-SLICE, QP 25 )     159080 bits [Y 39.2537 dB    U 42.6422 dB    V 43.5111 dB] [ET    20 ] [L0] [L1]
POC   40 LId:  0 TId: 1 ( RASL, B-SLICE, QP 30 )      15712 bits [Y 36.6576 dB    U 42.9029 dB    V 43.8766 dB] [ET    15 ] [L0 32c 24] [L1 48 32]
POC   36 LId:  0 TId: 2 ( RASL, B-SLICE, QP 34 )       5008 bits [Y 35.3584 dB    U 42.6743 dB    V 43.6364 dB] [ET    10 ] [L0 32 24] [L1 40c 48]
POC   34 LId:  0 TId: 3 ( RASL, B-SLICE, QP 35 )       2200 bits [Y 35.1368 dB    U 42.4890 dB    V 43.4360 dB] [ET     6 ] [L0 32 24] [L1 36c 40]
POC   33 LId:  0 TId: 4 ( RASL, B-SLICE, QP 37 )        408 bits [Y 35.7086 dB    U 42.2815 dB    V 43.2637 dB] [ET     3 ] [L0 32 34] [L1 34c 36]
POC   35 LId:  0 TId: 4 ( RASL, B-SLICE, QP 37 )        520 bits [Y 35.1620 dB    U 42.6439 dB    V 43.5579 dB] [ET     3 ] [L0 34c 32] [L1 36 40]
POC   38 LId:  0 TId: 3 ( RASL, B-SLICE, QP 35 )       1872 bits [Y 35.2162 dB    U 42.8214 dB    V 43.7787 dB] [ET     5 ] [L0 36c 32] [L1 40 48]
POC   37 LId:  0 TId: 4 ( RASL, B-SLICE, QP 37 )        480 bits [Y 35.1384 dB    U 42.7386 dB    V 43.7128 dB] [ET     3 ] [L0 36 32] [L1 38c 40]
POC   39 LId:  0 TId: 4 ( RASL, B-SLICE, QP 37 )        400 bits [Y 35.6315 dB    U 42.9059 dB    V 43.8772 dB] [ET     3 ] [L0 38c 36] [L1 40 48]
POC   44 LId:  0 TId: 2 ( RASL, B-SLICE, QP 34 )       4272 bits [Y 35.4956 dB    U 42.8889 dB    V 43.9019 dB] [ET     9 ] [L0 40c 32] [L1 48 40]
POC   42 LId:  0 TId: 3 ( RASL, B-SLICE, QP 35 )       2152 bits [Y 35.1449 dB    U 42.9121 dB    V 43.9627 dB] [ET     7 ] [L0 40 32] [L1 44c 48]
POC   41 LId:  0 TId: 4 ( RASL, B-SLICE, QP 37 )        408 bits [Y 35.8794 dB    U 42.9330 dB    V 43.9691 dB] [ET     2 ] [L0 40 32] [L1 42c 44]
POC   43 LId:  0 TId: 4 ( RASL, B-SLICE, QP 37 )        408 bits [Y 35.2552 dB    U 42.9477 dB    V 43.8991 dB] [ET     3 ] [L0 42c 40] [L1 44 48]
POC   46 LId:  0 TId: 3 ( RASL, B-SLICE, QP 35 )       1896 bits [Y 35.3250 dB    U 42.8003 dB    V 43.7898 dB] [ET     6 ] [L0 44c 40] [L1 48 44]
POC   45 LId:  0 TId: 4 ( RASL, B-SLICE, QP 37 )        352 bits [Y 35.3093 dB    U 42.9135 dB    V 43.8221 dB] [ET     3 ] [L0 44 40] [L1 46c 48]
POC   47 LId:  0 TId: 4 ( RASL, B-SLICE, QP 37 )        352 bits [Y 36.2168 dB    U 42.7409 dB    V 43.6874 dB] [ET     3 ] [L0 46c 44] [L1 48 46]
POC   64 LId:  0 TId: 0 ( TRAIL, B-SLICE, QP 29 )      37432 bits [Y 36.5021 dB    U 41.8985 dB    V 42.9881 dB] [ET    26 ] [L0 48] [L1 48c]
POC   56 LId:  0 TId: 1 ( STSA, B-SLICE, QP 30 )      18552 bits [Y 36.2502 dB    U 42.1579 dB    V 43.0771 dB] [ET    18 ] [L0 48 64] [L1 64c 48]
POC   52 LId:  0 TId: 2 ( STSA, B-SLICE, QP 34 )       4464 bits [Y 35.2542 dB    U 42.2479 dB    V 43.2377 dB] [ET     9 ] [L0 48 56] [L1 56c 64]
POC   50 LId:  0 TId: 3 ( STSA, B-SLICE, QP 35 )       1808 bits [Y 35.1998 dB    U 42.3662 dB    V 43.2884 dB] [ET     4 ] [L0 48 52] [L1 52c 56]
POC   49 LId:  0 TId: 4 ( STSA, B-SLICE, QP 37 )        248 bits [Y 36.1092 dB    U 42.4926 dB    V 43.4528 dB] [ET     2 ] [L0 48 50] [L1 50c 52]
POC   51 LId:  0 TId: 4 ( STSA, B-SLICE, QP 37 )        424 bits [Y 34.9490 dB    U 42.3048 dB    V 43.2349 dB] [ET     2 ] [L0 50c 48] [L1 52 56]
POC   54 LId:  0 TId: 3 ( STSA, B-SLICE, QP 35 )       2448 bits [Y 34.8414 dB    U 42.1682 dB    V 43.1150 dB] [ET     8 ] [L0 52c 48] [L1 56 64]
POC   53 LId:  0 TId: 4 ( STSA, B-SLICE, QP 37 )        344 bits [Y 34.9838 dB    U 42.2533 dB    V 43.1255 dB] [ET     2 ] [L0 52 48] [L1 54c 56]
POC   55 LId:  0 TId: 4 ( STSA, B-SLICE, QP 37 )        312 bits [Y 35.3526 dB    U 42.1588 dB    V 43.0897 dB] [ET     2 ] [L0 54c 52] [L1 56 64]
POC   60 LId:  0 TId: 2 ( STSA, B-SLICE, QP 34 )       5088 bits [Y 34.9673 dB    U 41.9229 dB    V 42.9723 dB] [ET     8 ] [L0 56c 48] [L1 64 56]
POC   58 LId:  0 TId: 3 ( STSA, B-SLICE, QP 35 )       2208 bits [Y 34.8530 dB    U 42.0006 dB    V 43.0243 dB] [ET     7 ] [L0 56 48] [L1 60c 64]
POC   57 LId:  0 TId: 4 ( STSA, B-SLICE, QP 37 )        432 bits [Y 35.2527 dB    U 41.9964 dB    V 43.0200 dB] [ET     3 ] [L0 56 48] [L1 58c 60]
POC   59 LId:  0 TId: 4 ( STSA, B-SLICE, QP 37 )        368 bits [Y 34.6769 dB    U 41.9319 dB    V 42.9752 dB] [ET     3 ] [L0 58c 56] [L1 60 64]
POC   62 LId:  0 TId: 3 ( STSA, B-SLICE, QP 35 )       2208 bits [Y 34.5564 dB    U 41.9496 dB    V 42.9482 dB] [ET     5 ] [L0 60c 56] [L1 64 60]
POC   61 LId:  0 TId: 4 ( STSA, B-SLICE, QP 37 )        456 bits [Y 34.6503 dB    U 41.9072 dB    V 43.0073 dB] [ET     3 ] [L0 60 56] [L1 62c 64]
POC   63 LId:  0 TId: 4 ( STSA, B-SLICE, QP 37 )        392 bits [Y 35.2202 dB    U 41.9041 dB    V 42.9878 dB] [ET     3 ] [L0 62c 60] [L1 64 62]

LayerId  0
	Total Frames |   Bitrate     Y-PSNR    U-PSNR    V-PSNR    YUV-PSNR   
	       65    a     528.0886   35.4841   42.3368   43.3222   36.7925

 finished @ Mon Jan 13 22:51:50 2025
 Total Time:      464.630 sec. [user]      464.630 sec. [elapsed]
