
VVCSoftware: VTM Encoder Version 10.0 [Windows][VS 1916][64 bit] [SIMD=AVX2] 

TOOL CFG: IBD:1 HAD:1 RDQ:1 RDQTS:1 RDpenalty:0 LQP:0 SQP:0 ASR:1 MinSearchWindow:96 RestrictMESampling:0 FEN:1 ECU:0 FDM:1 CFM:0 ESD:0 TransformSkip:1 TransformSkipFast:1 TransformSkipLog2MaxSize:5 ChromaTS:1 BDPCM:0 Tiles: 1x1 Slices: 1 MCTS:0 SAO:1 ALF:1 CCALF:1 WPP:0 WPB:0 PME:2  WaveFrontSynchro:0 WaveFrontSubstreams:1 ScalingList:0 TMVPMode:1  DQ:1  SignBitHidingFlag:0 RecalQP:0 
TOOL CFG: LFNST:1 MMVD:1 Affine:1 AffineType:1 PROF:1 SbTMVP:1 DualITree:1 IMV:1 BIO:1 LMChroma:1 HorCollocatedChroma:1 VerCollocatedChroma:0 MTS: 1(intra) 0(inter) SBT:1 ISP:1 SMVD:1 CompositeLTReference:0 Bcw:1 BcwFast:1 LADF:0 CIIP:1 Geo:1 AllowDisFracMMVD:1 AffineAmvr:1 AffineAmvrEncOpt:1 DMVR:1 MmvdDisNum:6 JointCbCr:1 ACT:0 PLT:0 IBC:0 HashME:0 WrapAround:0 VirtualBoundariesEnabledFlag:0 VirtualBoundariesPresentInSPSFlag:1 vertical virtual boundaries:[ ] horizontal virtual boundaries:[ ] Reshape:1 (Signal:SDR Opt:0 CSoffset:6) MRL:1 MIP:1 EncDbOpt:0 
FAST TOOL CFG: LCTUFast:1 FastMrg:1 PBIntraFast:1 IMV4PelFast:1 MTSMaxCand: 4(intra) 4(inter) ISPFast:0 FastLFNST:0 AMaxBT:1 E0023FastEnc:1 ContentBasedFastQtbt:0 UseNonLinearAlfLuma:1 UseNonLinearAlfChroma:1 MaxNumAlfAlternativesChroma:8 FastMIP:0 FastLocalDualTree:1 NumSplitThreads:1 NumWppThreads:1+0 EnsureWppBitEqual:0 RPR:0 TemporalFilter:0 


 started @ Mon Jan 13 23:14:42 2025
POC    0 LId:  0 TId: 0 ( IDR_N_LP, I-SLICE, QP 30 )      97960 bits [Y 35.1969 dB    U 40.6974 dB    V 41.3194 dB] [ET    26 ] [L0] [L1]
POC   32 LId:  0 TId: 0 ( TRAIL, B-SLICE, QP 32 )      28288 bits [Y 33.8019 dB    U 40.0994 dB    V 40.9162 dB] [ET    40 ] [L0 0] [L1 0c]
POC   16 LId:  0 TId: 1 ( STSA, B-SLICE, QP 36 )       7960 bits [Y 32.6775 dB    U 40.4122 dB    V 41.0006 dB] [ET    28 ] [L0 0 32] [L1 32c 0]
POC    8 LId:  0 TId: 2 ( STSA, B-SLICE, QP 36 )       5768 bits [Y 32.9207 dB    U 40.5054 dB    V 41.1260 dB] [ET    21 ] [L0 0 16] [L1 16c 32]
POC    4 LId:  0 TId: 3 ( STSA, B-SLICE, QP 39 )       2064 bits [Y 32.5234 dB    U 40.5937 dB    V 41.2323 dB] [ET    11 ] [L0 0 8] [L1 8c 16]
POC    2 LId:  0 TId: 4 ( STSA, B-SLICE, QP 41 )        480 bits [Y 33.0225 dB    U 40.5973 dB    V 41.2578 dB] [ET     6 ] [L0 0 4] [L1 4c 8]
POC    1 LId:  0 TId: 5 ( STSA, B-SLICE, QP 42 )        200 bits [Y 33.7889 dB    U 40.6335 dB    V 41.3045 dB] [ET     2 ] [L0 0 2] [L1 2c 4]
POC    3 LId:  0 TId: 5 ( STSA, B-SLICE, QP 42 )        240 bits [Y 32.6706 dB    U 40.5838 dB    V 41.2151 dB] [ET     3 ] [L0 2c 0] [L1 4 8]
POC    6 LId:  0 TId: 4 ( STSA, B-SLICE, QP 41 )        736 bits [Y 32.4305 dB    U 40.5760 dB    V 41.1700 dB] [ET     6 ] [L0 4c 0] [L1 8 16]
POC    5 LId:  0 TId: 5 ( STSA, B-SLICE, QP 42 )        224 bits [Y 32.4780 dB    U 40.5631 dB    V 41.1386 dB] [ET     3 ] [L0 4 0] [L1 6c 8]
POC    7 LId:  0 TId: 5 ( STSA, B-SLICE, QP 42 )        176 bits [Y 32.6442 dB    U 40.5151 dB    V 41.1401 dB] [ET     4 ] [L0 6c 4] [L1 8 16]
POC   12 LId:  0 TId: 3 ( STSA, B-SLICE, QP 39 )       2264 bits [Y 32.1394 dB    U 40.4916 dB    V 41.0966 dB] [ET    12 ] [L0 8 0] [L1 16c 32]
POC   10 LId:  0 TId: 4 ( STSA, B-SLICE, QP 41 )        544 bits [Y 32.3294 dB    U 40.4868 dB    V 41.1090 dB] [ET     6 ] [L0 8 0] [L1 12c 16]
POC    9 LId:  0 TId: 5 ( STSA, B-SLICE, QP 42 )        208 bits [Y 32.6159 dB    U 40.5099 dB    V 41.1477 dB] [ET     3 ] [L0 8 0] [L1 10c 12]
POC   11 LId:  0 TId: 5 ( STSA, B-SLICE, QP 42 )        144 bits [Y 32.2015 dB    U 40.4884 dB    V 41.1276 dB] [ET     3 ] [L0 10c 8] [L1 12 16]
POC   14 LId:  0 TId: 4 ( STSA, B-SLICE, QP 41 )        616 bits [Y 32.0473 dB    U 40.4677 dB    V 41.0541 dB] [ET     7 ] [L0 12c 8] [L1 16 32]
POC   13 LId:  0 TId: 5 ( STSA, B-SLICE, QP 42 )        176 bits [Y 32.1008 dB    U 40.4753 dB    V 41.1074 dB] [ET     2 ] [L0 12 8] [L1 14c 16]
POC   15 LId:  0 TId: 5 ( STSA, B-SLICE, QP 42 )        176 bits [Y 32.2875 dB    U 40.4156 dB    V 41.0331 dB] [ET     3 ] [L0 14c 12] [L1 16 32]
POC   24 LId:  0 TId: 2 ( STSA, B-SLICE, QP 36 )       5472 bits [Y 32.7065 dB    U 40.1948 dB    V 41.0056 dB] [ET    22 ] [L0 16c 0] [L1 32 16]
POC   20 LId:  0 TId: 3 ( STSA, B-SLICE, QP 39 )       2392 bits [Y 32.1157 dB    U 40.3108 dB    V 40.9266 dB] [ET    12 ] [L0 16 0] [L1 24c 32]
POC   18 LId:  0 TId: 4 ( STSA, B-SLICE, QP 41 )        608 bits [Y 32.2522 dB    U 40.3663 dB    V 40.9872 dB] [ET     8 ] [L0 16 0] [L1 20c 24]
POC   17 LId:  0 TId: 5 ( STSA, B-SLICE, QP 42 )        208 bits [Y 32.4979 dB    U 40.3885 dB    V 41.0263 dB] [ET     2 ] [L0 16 0] [L1 18c 20]
POC   19 LId:  0 TId: 5 ( STSA, B-SLICE, QP 42 )        192 bits [Y 32.1413 dB    U 40.2920 dB    V 40.9945 dB] [ET     3 ] [L0 18c 16] [L1 20 24]
POC   22 LId:  0 TId: 4 ( STSA, B-SLICE, QP 41 )        672 bits [Y 31.9707 dB    U 40.2904 dB    V 40.9778 dB] [ET     7 ] [L0 20c 16] [L1 24 32]
POC   21 LId:  0 TId: 5 ( STSA, B-SLICE, QP 42 )        336 bits [Y 32.0619 dB    U 40.2972 dB    V 41.0019 dB] [ET     4 ] [L0 20 16] [L1 22c 24]
POC   23 LId:  0 TId: 5 ( STSA, B-SLICE, QP 42 )        240 bits [Y 32.4140 dB    U 40.2342 dB    V 40.9988 dB] [ET     3 ] [L0 22c 20] [L1 24 32]
POC   28 LId:  0 TId: 3 ( STSA, B-SLICE, QP 39 )       1584 bits [Y 32.2210 dB    U 40.2013 dB    V 40.9673 dB] [ET    11 ] [L0 24c 16] [L1 32 24]
POC   26 LId:  0 TId: 4 ( STSA, B-SLICE, QP 41 )        600 bits [Y 32.1903 dB    U 40.1865 dB    V 40.9406 dB] [ET     7 ] [L0 24 16] [L1 28c 32]
POC   25 LId:  0 TId: 5 ( STSA, B-SLICE, QP 42 )        232 bits [Y 32.3954 dB    U 40.2210 dB    V 40.9773 dB] [ET     3 ] [L0 24 16] [L1 26c 28]
POC   27 LId:  0 TId: 5 ( STSA, B-SLICE, QP 42 )        280 bits [Y 32.2219 dB    U 40.2134 dB    V 40.9464 dB] [ET     5 ] [L0 26c 24] [L1 28 32]
POC   30 LId:  0 TId: 4 ( STSA, B-SLICE, QP 41 )        520 bits [Y 32.4487 dB    U 40.1837 dB    V 40.9244 dB] [ET     6 ] [L0 28c 16] [L1 32 28]
POC   29 LId:  0 TId: 5 ( STSA, B-SLICE, QP 42 )        216 bits [Y 32.2097 dB    U 40.1843 dB    V 40.9614 dB] [ET     5 ] [L0 28 16] [L1 30c 32]
POC   31 LId:  0 TId: 5 ( STSA, B-SLICE, QP 42 )        232 bits [Y 33.1236 dB    U 40.1116 dB    V 40.9438 dB] [ET     3 ] [L0 30c 28] [L1 32 30]
POC   64 LId:  0 TId: 0 ( CRA, I-SLICE, QP 30 )     103056 bits [Y 35.1528 dB    U 40.4118 dB    V 41.0708 dB] [ET    34 ] [L0] [L1]
POC   48 LId:  0 TId: 1 ( RASL, B-SLICE, QP 36 )       8784 bits [Y 32.9528 dB    U 40.5354 dB    V 41.3906 dB] [ET    36 ] [L0 32c 16] [L1 64 32]
POC   40 LId:  0 TId: 2 ( RASL, B-SLICE, QP 36 )       5328 bits [Y 32.9102 dB    U 40.5660 dB    V 41.2614 dB] [ET    23 ] [L0 32 16] [L1 48c 64]
POC   36 LId:  0 TId: 3 ( RASL, B-SLICE, QP 39 )       1960 bits [Y 32.4885 dB    U 40.4871 dB    V 41.1016 dB] [ET    13 ] [L0 32 16] [L1 40c 48]
POC   34 LId:  0 TId: 4 ( RASL, B-SLICE, QP 41 )        656 bits [Y 32.5185 dB    U 40.3223 dB    V 41.0448 dB] [ET     7 ] [L0 32 16] [L1 36c 40]
POC   33 LId:  0 TId: 5 ( RASL, B-SLICE, QP 42 )        288 bits [Y 33.1005 dB    U 40.2349 dB    V 41.0039 dB] [ET     5 ] [L0 32 34] [L1 34c 36]
POC   35 LId:  0 TId: 5 ( RASL, B-SLICE, QP 42 )        264 bits [Y 32.4064 dB    U 40.4478 dB    V 41.0721 dB] [ET     6 ] [L0 34c 32] [L1 36 40]
POC   38 LId:  0 TId: 4 ( RASL, B-SLICE, QP 41 )        496 bits [Y 32.2834 dB    U 40.5803 dB    V 41.2078 dB] [ET     7 ] [L0 36c 32] [L1 40 48]
POC   37 LId:  0 TId: 5 ( RASL, B-SLICE, QP 42 )        320 bits [Y 32.3087 dB    U 40.5224 dB    V 41.1319 dB] [ET     4 ] [L0 36 32] [L1 38c 40]
POC   39 LId:  0 TId: 5 ( RASL, B-SLICE, QP 42 )        280 bits [Y 32.5338 dB    U 40.5904 dB    V 41.2478 dB] [ET     3 ] [L0 38c 36] [L1 40 48]
POC   44 LId:  0 TId: 3 ( RASL, B-SLICE, QP 39 )       1912 bits [Y 32.2997 dB    U 40.6758 dB    V 41.3679 dB] [ET    11 ] [L0 40 32] [L1 48c 64]
POC   42 LId:  0 TId: 4 ( RASL, B-SLICE, QP 41 )        472 bits [Y 32.0375 dB    U 40.6444 dB    V 41.3231 dB] [ET     8 ] [L0 40 32] [L1 44c 48]
POC   41 LId:  0 TId: 5 ( RASL, B-SLICE, QP 42 )        208 bits [Y 32.4795 dB    U 40.6259 dB    V 41.2837 dB] [ET     4 ] [L0 40 32] [L1 42c 44]
POC   43 LId:  0 TId: 5 ( RASL, B-SLICE, QP 42 )        216 bits [Y 32.1221 dB    U 40.6565 dB    V 41.3330 dB] [ET     5 ] [L0 42c 40] [L1 44 48]
POC   46 LId:  0 TId: 4 ( RASL, B-SLICE, QP 41 )        504 bits [Y 32.1298 dB    U 40.6069 dB    V 41.3514 dB] [ET     7 ] [L0 44c 40] [L1 48 64]
POC   45 LId:  0 TId: 5 ( RASL, B-SLICE, QP 42 )        216 bits [Y 32.1170 dB    U 40.6006 dB    V 41.3461 dB] [ET     5 ] [L0 44 40] [L1 46c 48]
POC   47 LId:  0 TId: 5 ( RASL, B-SLICE, QP 42 )        192 bits [Y 32.5178 dB    U 40.5603 dB    V 41.3822 dB] [ET     5 ] [L0 46c 44] [L1 48 64]
POC   56 LId:  0 TId: 2 ( RASL, B-SLICE, QP 36 )       5800 bits [Y 32.9010 dB    U 40.6933 dB    V 41.3356 dB] [ET    25 ] [L0 48c 32] [L1 64 48]
POC   52 LId:  0 TId: 3 ( RASL, B-SLICE, QP 39 )       2288 bits [Y 32.4887 dB    U 40.5801 dB    V 41.3854 dB] [ET    20 ] [L0 48 32] [L1 56c 64]
POC   50 LId:  0 TId: 4 ( RASL, B-SLICE, QP 41 )        568 bits [Y 32.2528 dB    U 40.5786 dB    V 41.3661 dB] [ET    16 ] [L0 48 32] [L1 52c 56]
POC   49 LId:  0 TId: 5 ( RASL, B-SLICE, QP 42 )        216 bits [Y 32.5441 dB    U 40.5616 dB    V 41.4240 dB] [ET    11 ] [L0 48 32] [L1 50c 52]
POC   51 LId:  0 TId: 5 ( RASL, B-SLICE, QP 42 )        216 bits [Y 32.1686 dB    U 40.5939 dB    V 41.3685 dB] [ET    10 ] [L0 50c 48] [L1 52 56]
POC   54 LId:  0 TId: 4 ( RASL, B-SLICE, QP 41 )        784 bits [Y 32.0435 dB    U 40.5943 dB    V 41.3170 dB] [ET    15 ] [L0 52c 48] [L1 56 64]
POC   53 LId:  0 TId: 5 ( RASL, B-SLICE, QP 42 )        240 bits [Y 32.2497 dB    U 40.5970 dB    V 41.3324 dB] [ET    10 ] [L0 52 48] [L1 54c 56]
POC   55 LId:  0 TId: 5 ( RASL, B-SLICE, QP 42 )        208 bits [Y 32.4982 dB    U 40.6899 dB    V 41.3468 dB] [ET     9 ] [L0 54c 52] [L1 56 64]
POC   60 LId:  0 TId: 3 ( RASL, B-SLICE, QP 39 )       2080 bits [Y 32.6987 dB    U 40.5506 dB    V 41.1952 dB] [ET    18 ] [L0 56c 48] [L1 64 56]
POC   58 LId:  0 TId: 4 ( RASL, B-SLICE, QP 41 )        720 bits [Y 32.3425 dB    U 40.5965 dB    V 41.2689 dB] [ET    15 ] [L0 56 48] [L1 60c 64]
POC   57 LId:  0 TId: 5 ( RASL, B-SLICE, QP 42 )        232 bits [Y 32.5348 dB    U 40.5814 dB    V 41.2508 dB] [ET    11 ] [L0 56 48] [L1 58c 60]
POC   59 LId:  0 TId: 5 ( RASL, B-SLICE, QP 42 )        240 bits [Y 32.3736 dB    U 40.5665 dB    V 41.1760 dB] [ET    10 ] [L0 58c 56] [L1 60 64]
POC   62 LId:  0 TId: 4 ( RASL, B-SLICE, QP 41 )        720 bits [Y 32.6729 dB    U 40.5316 dB    V 41.1075 dB] [ET    13 ] [L0 60c 48] [L1 64 60]
POC   61 LId:  0 TId: 5 ( RASL, B-SLICE, QP 42 )        232 bits [Y 32.5554 dB    U 40.5311 dB    V 41.1829 dB] [ET    11 ] [L0 60 48] [L1 62c 64]
POC   63 LId:  0 TId: 5 ( RASL, B-SLICE, QP 42 )        208 bits [Y 33.5577 dB    U 40.4631 dB    V 41.0765 dB] [ET     8 ] [L0 62c 60] [L1 64 62]

LayerId  0
	Total Frames |   Bitrate     Y-PSNR    U-PSNR    V-PSNR    YUV-PSNR   
	       65    a     278.6880   32.5706   40.4702   41.1558   33.9822

 finished @ Mon Jan 13 23:26:27 2025
 Total Time:      704.248 sec. [user]      704.248 sec. [elapsed]
