
VVCSoftware: VTM Encoder Version 10.0 [Windows][VS 1916][64 bit] [SIMD=AVX2] 

TOOL CFG: IBD:1 HAD:1 RDQ:1 RDQTS:1 RDpenalty:0 LQP:0 SQP:0 ASR:1 MinSearchWindow:96 RestrictMESampling:0 FEN:1 ECU:0 FDM:1 CFM:0 ESD:0 TransformSkip:1 TransformSkipFast:1 TransformSkipLog2MaxSize:5 ChromaTS:1 BDPCM:0 Tiles: 1x1 Slices: 1 MCTS:0 SAO:1 ALF:1 CCALF:1 WPP:0 WPB:0 PME:2  WaveFrontSynchro:0 WaveFrontSubstreams:1 ScalingList:0 TMVPMode:1  DQ:1  SignBitHidingFlag:0 RecalQP:0 
TOOL CFG: LFNST:1 MMVD:1 Affine:1 AffineType:1 PROF:1 SbTMVP:1 DualITree:1 IMV:1 BIO:1 LMChroma:1 HorCollocatedChroma:1 VerCollocatedChroma:0 MTS: 1(intra) 0(inter) SBT:1 ISP:1 SMVD:1 CompositeLTReference:0 Bcw:1 BcwFast:1 LADF:0 CIIP:1 Geo:1 AllowDisFracMMVD:1 AffineAmvr:1 AffineAmvrEncOpt:1 DMVR:1 MmvdDisNum:6 JointCbCr:1 ACT:0 PLT:0 IBC:0 HashME:0 WrapAround:0 VirtualBoundariesEnabledFlag:0 VirtualBoundariesPresentInSPSFlag:1 vertical virtual boundaries:[ ] horizontal virtual boundaries:[ ] Reshape:1 (Signal:SDR Opt:0 CSoffset:6) MRL:1 MIP:1 EncDbOpt:0 
FAST TOOL CFG: LCTUFast:1 FastMrg:1 PBIntraFast:1 IMV4PelFast:1 MTSMaxCand: 4(intra) 4(inter) ISPFast:0 FastLFNST:0 AMaxBT:1 E0023FastEnc:1 ContentBasedFastQtbt:0 UseNonLinearAlfLuma:1 UseNonLinearAlfChroma:1 MaxNumAlfAlternativesChroma:8 FastMIP:0 FastLocalDualTree:1 NumSplitThreads:1 NumWppThreads:1+0 EnsureWppBitEqual:0 RPR:0 TemporalFilter:0 


 started @ Tue Jan 14 01:39:01 2025
POC    0 LId:  0 TId: 0 ( IDR_N_LP, I-SLICE, QP 17 )     283192 bits [Y 46.3253 dB    U 47.5297 dB    V 48.0610 dB] [ET    42 ] [L0] [L1]
POC   32 LId:  0 TId: 0 ( TRAIL, B-SLICE, QP 19 )     148304 bits [Y 44.4797 dB    U 46.3344 dB    V 47.1966 dB] [ET    78 ] [L0 0] [L1 0c]
POC   16 LId:  0 TId: 1 ( STSA, B-SLICE, QP 20 )      95976 bits [Y 43.6851 dB    U 45.8702 dB    V 46.8472 dB] [ET    85 ] [L0 0 32] [L1 32c 0]
POC    8 LId:  0 TId: 2 ( STSA, B-SLICE, QP 20 )      83432 bits [Y 43.6570 dB    U 45.9435 dB    V 47.0335 dB] [ET    76 ] [L0 0 16] [L1 16c 32]
POC    4 LId:  0 TId: 3 ( STSA, B-SLICE, QP 24 )      39464 bits [Y 41.0050 dB    U 45.9721 dB    V 47.0650 dB] [ET    53 ] [L0 0 8] [L1 8c 16]
POC    2 LId:  0 TId: 4 ( STSA, B-SLICE, QP 25 )      19304 bits [Y 40.6515 dB    U 46.1247 dB    V 47.2264 dB] [ET    36 ] [L0 0 4] [L1 4c 8]
POC    1 LId:  0 TId: 5 ( STSA, B-SLICE, QP 27 )       2432 bits [Y 40.5902 dB    U 46.2417 dB    V 47.4012 dB] [ET     9 ] [L0 0 2] [L1 2c 4]
POC    3 LId:  0 TId: 5 ( STSA, B-SLICE, QP 27 )       2888 bits [Y 39.8757 dB    U 46.0862 dB    V 47.1372 dB] [ET    10 ] [L0 2c 0] [L1 4 8]
POC    6 LId:  0 TId: 4 ( STSA, B-SLICE, QP 25 )      19752 bits [Y 40.5219 dB    U 45.9304 dB    V 47.0256 dB] [ET    31 ] [L0 4c 0] [L1 8 16]
POC    5 LId:  0 TId: 5 ( STSA, B-SLICE, QP 27 )       2568 bits [Y 40.0335 dB    U 45.9198 dB    V 46.9557 dB] [ET    10 ] [L0 4 0] [L1 6c 8]
POC    7 LId:  0 TId: 5 ( STSA, B-SLICE, QP 27 )       3064 bits [Y 40.5146 dB    U 45.8648 dB    V 47.0619 dB] [ET    10 ] [L0 6c 4] [L1 8 16]
POC   12 LId:  0 TId: 3 ( STSA, B-SLICE, QP 24 )      39520 bits [Y 41.0450 dB    U 45.7711 dB    V 46.7329 dB] [ET    43 ] [L0 8 0] [L1 16c 32]
POC   10 LId:  0 TId: 4 ( STSA, B-SLICE, QP 25 )      18360 bits [Y 40.5113 dB    U 45.8175 dB    V 46.9586 dB] [ET    30 ] [L0 8 0] [L1 12c 16]
POC    9 LId:  0 TId: 5 ( STSA, B-SLICE, QP 27 )       2992 bits [Y 40.3648 dB    U 45.9484 dB    V 47.0700 dB] [ET    10 ] [L0 8 0] [L1 10c 12]
POC   11 LId:  0 TId: 5 ( STSA, B-SLICE, QP 27 )       2904 bits [Y 40.0299 dB    U 45.8261 dB    V 46.8479 dB] [ET    11 ] [L0 10c 8] [L1 12 16]
POC   14 LId:  0 TId: 4 ( STSA, B-SLICE, QP 25 )      20032 bits [Y 40.5392 dB    U 45.7989 dB    V 46.8108 dB] [ET    38 ] [L0 12c 8] [L1 16 32]
POC   13 LId:  0 TId: 5 ( STSA, B-SLICE, QP 27 )       2864 bits [Y 40.0539 dB    U 45.8520 dB    V 46.8705 dB] [ET    11 ] [L0 12 8] [L1 14c 16]
POC   15 LId:  0 TId: 5 ( STSA, B-SLICE, QP 27 )       2408 bits [Y 40.3201 dB    U 45.8003 dB    V 46.8385 dB] [ET    10 ] [L0 14c 12] [L1 16 32]
POC   24 LId:  0 TId: 2 ( STSA, B-SLICE, QP 20 )      86864 bits [Y 43.6134 dB    U 45.7555 dB    V 46.9185 dB] [ET    62 ] [L0 16c 0] [L1 32 16]
POC   20 LId:  0 TId: 3 ( STSA, B-SLICE, QP 24 )      39944 bits [Y 41.0002 dB    U 45.6584 dB    V 46.7787 dB] [ET    45 ] [L0 16 0] [L1 24c 32]
POC   18 LId:  0 TId: 4 ( STSA, B-SLICE, QP 25 )      18608 bits [Y 40.4646 dB    U 45.7717 dB    V 46.8197 dB] [ET    30 ] [L0 16 0] [L1 20c 24]
POC   17 LId:  0 TId: 5 ( STSA, B-SLICE, QP 27 )       2624 bits [Y 40.4670 dB    U 45.7248 dB    V 46.8270 dB] [ET     9 ] [L0 16 0] [L1 18c 20]
POC   19 LId:  0 TId: 5 ( STSA, B-SLICE, QP 27 )       2640 bits [Y 39.9842 dB    U 45.6476 dB    V 46.7748 dB] [ET    12 ] [L0 18c 16] [L1 20 24]
POC   22 LId:  0 TId: 4 ( STSA, B-SLICE, QP 25 )      18928 bits [Y 40.4519 dB    U 45.6535 dB    V 46.7755 dB] [ET    38 ] [L0 20c 16] [L1 24 32]
POC   21 LId:  0 TId: 5 ( STSA, B-SLICE, QP 27 )       2576 bits [Y 40.0558 dB    U 45.7438 dB    V 46.7974 dB] [ET    10 ] [L0 20 16] [L1 22c 24]
POC   23 LId:  0 TId: 5 ( STSA, B-SLICE, QP 27 )       2472 bits [Y 40.3851 dB    U 45.7535 dB    V 46.9144 dB] [ET    11 ] [L0 22c 20] [L1 24 32]
POC   28 LId:  0 TId: 3 ( STSA, B-SLICE, QP 24 )      37744 bits [Y 40.9309 dB    U 45.7429 dB    V 46.7607 dB] [ET    43 ] [L0 24c 16] [L1 32 24]
POC   26 LId:  0 TId: 4 ( STSA, B-SLICE, QP 25 )      20000 bits [Y 40.3939 dB    U 45.6880 dB    V 46.8070 dB] [ET    30 ] [L0 24 16] [L1 28c 32]
POC   25 LId:  0 TId: 5 ( STSA, B-SLICE, QP 27 )       2320 bits [Y 40.2775 dB    U 45.7370 dB    V 46.8662 dB] [ET    11 ] [L0 24 16] [L1 26c 28]
POC   27 LId:  0 TId: 5 ( STSA, B-SLICE, QP 27 )       2368 bits [Y 39.8117 dB    U 45.7781 dB    V 46.8547 dB] [ET    11 ] [L0 26c 24] [L1 28 32]
POC   30 LId:  0 TId: 4 ( STSA, B-SLICE, QP 25 )      22928 bits [Y 40.3488 dB    U 45.7792 dB    V 46.8609 dB] [ET    33 ] [L0 28c 16] [L1 32 28]
POC   29 LId:  0 TId: 5 ( STSA, B-SLICE, QP 27 )       3224 bits [Y 39.7418 dB    U 45.8194 dB    V 46.8491 dB] [ET    13 ] [L0 28 16] [L1 30c 32]
POC   31 LId:  0 TId: 5 ( STSA, B-SLICE, QP 27 )       2528 bits [Y 40.3090 dB    U 45.9401 dB    V 46.9543 dB] [ET    10 ] [L0 30c 28] [L1 32 30]
POC   64 LId:  0 TId: 0 ( CRA, I-SLICE, QP 17 )     293864 bits [Y 46.3002 dB    U 47.5001 dB    V 47.9112 dB] [ET    51 ] [L0] [L1]
POC   48 LId:  0 TId: 1 ( RASL, B-SLICE, QP 20 )     100680 bits [Y 43.7362 dB    U 46.1679 dB    V 47.2396 dB] [ET    68 ] [L0 32c 16] [L1 64 32]
POC   40 LId:  0 TId: 2 ( RASL, B-SLICE, QP 20 )      84984 bits [Y 43.6637 dB    U 46.1223 dB    V 47.1964 dB] [ET    58 ] [L0 32 16] [L1 48c 64]
POC   36 LId:  0 TId: 3 ( RASL, B-SLICE, QP 24 )      36864 bits [Y 41.0164 dB    U 46.0260 dB    V 46.9510 dB] [ET    42 ] [L0 32 16] [L1 40c 48]
POC   34 LId:  0 TId: 4 ( RASL, B-SLICE, QP 25 )      25520 bits [Y 40.4433 dB    U 46.0605 dB    V 47.0912 dB] [ET    34 ] [L0 32 16] [L1 36c 40]
POC   33 LId:  0 TId: 5 ( RASL, B-SLICE, QP 27 )       2984 bits [Y 40.1530 dB    U 46.0349 dB    V 47.1244 dB] [ET    11 ] [L0 32 34] [L1 34c 36]
POC   35 LId:  0 TId: 5 ( RASL, B-SLICE, QP 27 )       3248 bits [Y 39.8464 dB    U 46.0523 dB    V 47.0530 dB] [ET    13 ] [L0 34c 32] [L1 36 40]
POC   38 LId:  0 TId: 4 ( RASL, B-SLICE, QP 25 )      24840 bits [Y 40.3700 dB    U 46.0579 dB    V 47.0164 dB] [ET    34 ] [L0 36c 32] [L1 40 48]
POC   37 LId:  0 TId: 5 ( RASL, B-SLICE, QP 27 )       3856 bits [Y 39.7202 dB    U 45.9739 dB    V 47.0138 dB] [ET    13 ] [L0 36 32] [L1 38c 40]
POC   39 LId:  0 TId: 5 ( RASL, B-SLICE, QP 27 )       3040 bits [Y 39.9305 dB    U 46.0489 dB    V 47.1782 dB] [ET    13 ] [L0 38c 36] [L1 40 48]
POC   44 LId:  0 TId: 3 ( RASL, B-SLICE, QP 24 )      35624 bits [Y 40.9793 dB    U 45.8934 dB    V 47.1145 dB] [ET    40 ] [L0 40 32] [L1 48c 64]
POC   42 LId:  0 TId: 4 ( RASL, B-SLICE, QP 25 )      27592 bits [Y 40.3986 dB    U 45.9493 dB    V 47.2045 dB] [ET    39 ] [L0 40 32] [L1 44c 48]
POC   41 LId:  0 TId: 5 ( RASL, B-SLICE, QP 27 )       3392 bits [Y 39.9874 dB    U 46.0434 dB    V 47.2030 dB] [ET    16 ] [L0 40 32] [L1 42c 44]
POC   43 LId:  0 TId: 5 ( RASL, B-SLICE, QP 27 )       3792 bits [Y 39.6744 dB    U 46.0500 dB    V 47.1744 dB] [ET    14 ] [L0 42c 40] [L1 44 48]
POC   46 LId:  0 TId: 4 ( RASL, B-SLICE, QP 25 )      28528 bits [Y 40.3874 dB    U 46.0234 dB    V 47.1306 dB] [ET    38 ] [L0 44c 40] [L1 48 64]
POC   45 LId:  0 TId: 5 ( RASL, B-SLICE, QP 27 )       3656 bits [Y 39.7616 dB    U 46.0018 dB    V 47.1768 dB] [ET    11 ] [L0 44 40] [L1 46c 48]
POC   47 LId:  0 TId: 5 ( RASL, B-SLICE, QP 27 )       4840 bits [Y 39.9710 dB    U 46.0914 dB    V 47.2569 dB] [ET    19 ] [L0 46c 44] [L1 48 64]
POC   56 LId:  0 TId: 2 ( RASL, B-SLICE, QP 20 )      90848 bits [Y 43.7223 dB    U 46.1335 dB    V 47.2177 dB] [ET    62 ] [L0 48c 32] [L1 64 48]
POC   52 LId:  0 TId: 3 ( RASL, B-SLICE, QP 24 )      35872 bits [Y 41.0065 dB    U 45.9345 dB    V 47.0766 dB] [ET    44 ] [L0 48 32] [L1 56c 64]
POC   50 LId:  0 TId: 4 ( RASL, B-SLICE, QP 25 )      27448 bits [Y 40.4145 dB    U 45.9455 dB    V 47.1007 dB] [ET    38 ] [L0 48 32] [L1 52c 56]
POC   49 LId:  0 TId: 5 ( RASL, B-SLICE, QP 27 )       3808 bits [Y 39.8461 dB    U 46.1276 dB    V 47.2912 dB] [ET    15 ] [L0 48 32] [L1 50c 52]
POC   51 LId:  0 TId: 5 ( RASL, B-SLICE, QP 27 )       4248 bits [Y 39.6462 dB    U 45.9884 dB    V 47.1124 dB] [ET    19 ] [L0 50c 48] [L1 52 56]
POC   54 LId:  0 TId: 4 ( RASL, B-SLICE, QP 25 )      27536 bits [Y 40.3822 dB    U 45.9199 dB    V 47.1250 dB] [ET    38 ] [L0 52c 48] [L1 56 64]
POC   53 LId:  0 TId: 5 ( RASL, B-SLICE, QP 27 )       5512 bits [Y 39.6242 dB    U 45.9226 dB    V 47.0490 dB] [ET    20 ] [L0 52 48] [L1 54c 56]
POC   55 LId:  0 TId: 5 ( RASL, B-SLICE, QP 27 )       3824 bits [Y 39.9791 dB    U 46.0762 dB    V 47.1441 dB] [ET    13 ] [L0 54c 52] [L1 56 64]
POC   60 LId:  0 TId: 3 ( RASL, B-SLICE, QP 24 )      36600 bits [Y 41.0317 dB    U 45.8713 dB    V 46.9111 dB] [ET    42 ] [L0 56c 48] [L1 64 56]
POC   58 LId:  0 TId: 4 ( RASL, B-SLICE, QP 25 )      25888 bits [Y 40.3393 dB    U 45.9027 dB    V 47.0501 dB] [ET    34 ] [L0 56 48] [L1 60c 64]
POC   57 LId:  0 TId: 5 ( RASL, B-SLICE, QP 27 )       5488 bits [Y 39.8084 dB    U 46.0058 dB    V 47.0482 dB] [ET    21 ] [L0 56 48] [L1 58c 60]
POC   59 LId:  0 TId: 5 ( RASL, B-SLICE, QP 27 )       6296 bits [Y 39.4690 dB    U 45.9571 dB    V 46.9730 dB] [ET    18 ] [L0 58c 56] [L1 60 64]
POC   62 LId:  0 TId: 4 ( RASL, B-SLICE, QP 25 )      29712 bits [Y 40.3344 dB    U 46.2072 dB    V 47.0947 dB] [ET    39 ] [L0 60c 48] [L1 64 60]
POC   61 LId:  0 TId: 5 ( RASL, B-SLICE, QP 27 )       4752 bits [Y 39.6015 dB    U 46.0469 dB    V 47.0801 dB] [ET    16 ] [L0 60 48] [L1 62c 64]
POC   63 LId:  0 TId: 5 ( RASL, B-SLICE, QP 27 )       4184 bits [Y 39.9025 dB    U 46.2195 dB    V 47.2334 dB] [ET    17 ] [L0 62c 60] [L1 64 62]

LayerId  0
	Total Frames |   Bitrate     Y-PSNR    U-PSNR    V-PSNR    YUV-PSNR   
	       65    a    1896.5022   40.8290   45.9874   47.0499   41.8508

 finished @ Tue Jan 14 02:11:26 2025
 Total Time:     1943.882 sec. [user]     1943.882 sec. [elapsed]
