
VVCSoftware: VTM Encoder Version 10.0 [Windows][VS 1916][64 bit] [SIMD=AVX2] 

TOOL CFG: IBD:1 HAD:1 RDQ:1 RDQTS:1 RDpenalty:0 LQP:0 SQP:0 ASR:1 MinSearchWindow:96 RestrictMESampling:0 FEN:1 ECU:0 FDM:1 CFM:0 ESD:0 TransformSkip:1 TransformSkipFast:1 TransformSkipLog2MaxSize:5 ChromaTS:1 BDPCM:0 Tiles: 1x1 Slices: 1 MCTS:0 SAO:1 ALF:1 CCALF:1 WPP:0 WPB:0 PME:2  WaveFrontSynchro:0 WaveFrontSubstreams:1 ScalingList:0 TMVPMode:1  DQ:1  SignBitHidingFlag:0 RecalQP:0 
TOOL CFG: LFNST:1 MMVD:1 Affine:1 AffineType:1 PROF:1 SbTMVP:1 DualITree:1 IMV:1 BIO:1 LMChroma:1 HorCollocatedChroma:1 VerCollocatedChroma:0 MTS: 1(intra) 0(inter) SBT:1 ISP:1 SMVD:1 CompositeLTReference:0 Bcw:1 BcwFast:1 LADF:0 CIIP:1 Geo:1 AllowDisFracMMVD:1 AffineAmvr:1 AffineAmvrEncOpt:1 DMVR:1 MmvdDisNum:6 JointCbCr:1 ACT:0 PLT:0 IBC:0 HashME:0 WrapAround:0 VirtualBoundariesEnabledFlag:0 VirtualBoundariesPresentInSPSFlag:1 vertical virtual boundaries:[ ] horizontal virtual boundaries:[ ] Reshape:1 (Signal:SDR Opt:0 CSoffset:6) MRL:1 MIP:1 EncDbOpt:0 
FAST TOOL CFG: LCTUFast:1 FastMrg:1 PBIntraFast:1 IMV4PelFast:1 MTSMaxCand: 4(intra) 4(inter) ISPFast:0 FastLFNST:0 AMaxBT:1 E0023FastEnc:1 ContentBasedFastQtbt:0 UseNonLinearAlfLuma:1 UseNonLinearAlfChroma:1 MaxNumAlfAlternativesChroma:8 FastMIP:0 FastLocalDualTree:1 NumSplitThreads:1 NumWppThreads:1+0 EnsureWppBitEqual:0 RPR:0 TemporalFilter:0 


 started @ Mon Jan 13 22:56:09 2025
POC    0 LId:  0 TId: 0 ( IDR_N_LP, I-SLICE, QP 29 )     107024 bits [Y 35.9329 dB    U 41.0792 dB    V 41.7272 dB] [ET    18 ] [L0] [L1]
POC   32 LId:  0 TId: 0 ( CRA, I-SLICE, QP 29 )     110928 bits [Y 35.8952 dB    U 40.9410 dB    V 41.8744 dB] [ET    18 ] [L0] [L1]
POC   16 LId:  0 TId: 1 ( RASL, B-SLICE, QP 34 )      11192 bits [Y 34.1686 dB    U 41.3290 dB    V 42.0738 dB] [ET    13 ] [L0 0 32] [L1 32c 0]
POC    8 LId:  0 TId: 2 ( RASL, B-SLICE, QP 35 )       6576 bits [Y 33.8981 dB    U 41.2760 dB    V 42.0567 dB] [ET    10 ] [L0 0 16] [L1 16c 32]
POC    4 LId:  0 TId: 3 ( RASL, B-SLICE, QP 38 )       2608 bits [Y 33.3362 dB    U 41.1837 dB    V 41.9513 dB] [ET     6 ] [L0 0 8] [L1 8c 16]
POC    2 LId:  0 TId: 4 ( RASL, B-SLICE, QP 40 )        616 bits [Y 33.7165 dB    U 41.0989 dB    V 41.8525 dB] [ET     3 ] [L0 0 4] [L1 4c 8]
POC    1 LId:  0 TId: 5 ( RASL, B-SLICE, QP 41 )        336 bits [Y 34.6055 dB    U 41.0563 dB    V 41.8111 dB] [ET     2 ] [L0 0 2] [L1 2c 4]
POC    3 LId:  0 TId: 5 ( RASL, B-SLICE, QP 41 )        160 bits [Y 33.3479 dB    U 41.1312 dB    V 41.8754 dB] [ET     1 ] [L0 2c 0] [L1 4 8]
POC    6 LId:  0 TId: 4 ( RASL, B-SLICE, QP 40 )        736 bits [Y 33.2176 dB    U 41.2801 dB    V 41.9842 dB] [ET     3 ] [L0 4c 0] [L1 8 16]
POC    5 LId:  0 TId: 5 ( RASL, B-SLICE, QP 41 )        184 bits [Y 33.2562 dB    U 41.2087 dB    V 41.9166 dB] [ET     2 ] [L0 4 0] [L1 6c 8]
POC    7 LId:  0 TId: 5 ( RASL, B-SLICE, QP 41 )        160 bits [Y 33.5143 dB    U 41.2465 dB    V 41.9994 dB] [ET     2 ] [L0 6c 4] [L1 8 16]
POC   12 LId:  0 TId: 3 ( RASL, B-SLICE, QP 38 )       2928 bits [Y 33.3456 dB    U 41.3648 dB    V 42.0993 dB] [ET     7 ] [L0 8c 0] [L1 16 32]
POC   10 LId:  0 TId: 4 ( RASL, B-SLICE, QP 40 )        576 bits [Y 33.2753 dB    U 41.3385 dB    V 42.0666 dB] [ET     3 ] [L0 8 0] [L1 12c 16]
POC    9 LId:  0 TId: 5 ( RASL, B-SLICE, QP 41 )        152 bits [Y 33.5404 dB    U 41.2928 dB    V 42.0620 dB] [ET     1 ] [L0 8 0] [L1 10c 12]
POC   11 LId:  0 TId: 5 ( RASL, B-SLICE, QP 41 )        168 bits [Y 33.2149 dB    U 41.3546 dB    V 42.1105 dB] [ET     1 ] [L0 10c 8] [L1 12 16]
POC   14 LId:  0 TId: 4 ( RASL, B-SLICE, QP 40 )        640 bits [Y 33.1960 dB    U 41.3857 dB    V 42.0608 dB] [ET     4 ] [L0 12c 8] [L1 16 32]
POC   13 LId:  0 TId: 5 ( RASL, B-SLICE, QP 41 )        200 bits [Y 33.2584 dB    U 41.3890 dB    V 42.1288 dB] [ET     2 ] [L0 12 8] [L1 14c 16]
POC   15 LId:  0 TId: 5 ( RASL, B-SLICE, QP 41 )        232 bits [Y 33.5872 dB    U 41.3178 dB    V 42.0630 dB] [ET     1 ] [L0 14c 12] [L1 16 32]
POC   24 LId:  0 TId: 2 ( RASL, B-SLICE, QP 35 )       6112 bits [Y 33.8681 dB    U 41.0319 dB    V 42.0100 dB] [ET    11 ] [L0 16c 0] [L1 32 16]
POC   20 LId:  0 TId: 3 ( RASL, B-SLICE, QP 38 )       2856 bits [Y 33.1263 dB    U 41.2540 dB    V 42.0173 dB] [ET     6 ] [L0 16 0] [L1 24c 32]
POC   18 LId:  0 TId: 4 ( RASL, B-SLICE, QP 40 )        808 bits [Y 33.3119 dB    U 41.2874 dB    V 42.0291 dB] [ET     3 ] [L0 16 0] [L1 20c 24]
POC   17 LId:  0 TId: 5 ( RASL, B-SLICE, QP 41 )        256 bits [Y 33.7601 dB    U 41.3018 dB    V 42.0711 dB] [ET     1 ] [L0 16 0] [L1 18c 20]
POC   19 LId:  0 TId: 5 ( RASL, B-SLICE, QP 41 )        248 bits [Y 33.1393 dB    U 41.2211 dB    V 42.0132 dB] [ET     2 ] [L0 18c 16] [L1 20 24]
POC   22 LId:  0 TId: 4 ( RASL, B-SLICE, QP 40 )        912 bits [Y 33.1265 dB    U 41.1986 dB    V 42.0242 dB] [ET     4 ] [L0 20c 16] [L1 24 32]
POC   21 LId:  0 TId: 5 ( RASL, B-SLICE, QP 41 )        296 bits [Y 33.0627 dB    U 41.2185 dB    V 42.0407 dB] [ET     2 ] [L0 20 16] [L1 22c 24]
POC   23 LId:  0 TId: 5 ( RASL, B-SLICE, QP 41 )        248 bits [Y 33.5335 dB    U 41.1201 dB    V 42.0043 dB] [ET     1 ] [L0 22c 20] [L1 24 32]
POC   28 LId:  0 TId: 3 ( RASL, B-SLICE, QP 38 )       1864 bits [Y 33.2528 dB    U 41.0595 dB    V 41.9174 dB] [ET     5 ] [L0 24c 16] [L1 32 24]
POC   26 LId:  0 TId: 4 ( RASL, B-SLICE, QP 40 )        640 bits [Y 33.2183 dB    U 41.0552 dB    V 41.9353 dB] [ET     3 ] [L0 24 16] [L1 28c 32]
POC   25 LId:  0 TId: 5 ( RASL, B-SLICE, QP 41 )        288 bits [Y 33.5066 dB    U 41.0643 dB    V 41.9502 dB] [ET     1 ] [L0 24 16] [L1 26c 28]
POC   27 LId:  0 TId: 5 ( RASL, B-SLICE, QP 41 )        272 bits [Y 33.1645 dB    U 41.0652 dB    V 41.9158 dB] [ET     2 ] [L0 26c 24] [L1 28 32]
POC   30 LId:  0 TId: 4 ( RASL, B-SLICE, QP 40 )        568 bits [Y 33.4193 dB    U 41.0234 dB    V 41.9044 dB] [ET     3 ] [L0 28c 16] [L1 32 28]
POC   29 LId:  0 TId: 5 ( RASL, B-SLICE, QP 41 )        240 bits [Y 33.1505 dB    U 40.9952 dB    V 41.9318 dB] [ET     1 ] [L0 28 16] [L1 30c 32]
POC   31 LId:  0 TId: 5 ( RASL, B-SLICE, QP 41 )        296 bits [Y 34.4767 dB    U 40.9415 dB    V 41.8945 dB] [ET     1 ] [L0 30c 28] [L1 32 30]
POC   64 LId:  0 TId: 0 ( CRA, I-SLICE, QP 29 )     112296 bits [Y 35.8534 dB    U 40.6939 dB    V 41.7118 dB] [ET    19 ] [L0] [L1]
POC   48 LId:  0 TId: 1 ( RASL, B-SLICE, QP 34 )      12000 bits [Y 33.9018 dB    U 40.9783 dB    V 42.1354 dB] [ET    16 ] [L0 32 64] [L1 64c 32]
POC   40 LId:  0 TId: 2 ( RASL, B-SLICE, QP 35 )       5912 bits [Y 33.6993 dB    U 41.0356 dB    V 42.0222 dB] [ET    10 ] [L0 32 48] [L1 48c 64]
POC   36 LId:  0 TId: 3 ( RASL, B-SLICE, QP 38 )       2048 bits [Y 33.1247 dB    U 41.0198 dB    V 41.8819 dB] [ET     6 ] [L0 32 40] [L1 40c 48]
POC   34 LId:  0 TId: 4 ( RASL, B-SLICE, QP 40 )        640 bits [Y 33.2120 dB    U 40.9704 dB    V 41.9079 dB] [ET     3 ] [L0 32 36] [L1 36c 40]
POC   33 LId:  0 TId: 5 ( RASL, B-SLICE, QP 41 )        232 bits [Y 34.2147 dB    U 40.9644 dB    V 41.9187 dB] [ET     2 ] [L0 32 34] [L1 34c 36]
POC   35 LId:  0 TId: 5 ( RASL, B-SLICE, QP 41 )        360 bits [Y 32.9941 dB    U 41.0153 dB    V 41.8768 dB] [ET     2 ] [L0 34c 32] [L1 36 40]
POC   38 LId:  0 TId: 4 ( RASL, B-SLICE, QP 40 )        736 bits [Y 32.9843 dB    U 41.0316 dB    V 41.9439 dB] [ET     3 ] [L0 36c 32] [L1 40 48]
POC   37 LId:  0 TId: 5 ( RASL, B-SLICE, QP 41 )        328 bits [Y 32.9408 dB    U 41.0092 dB    V 41.9153 dB] [ET     2 ] [L0 36 32] [L1 38c 40]
POC   39 LId:  0 TId: 5 ( RASL, B-SLICE, QP 41 )        264 bits [Y 33.2500 dB    U 41.0115 dB    V 41.9981 dB] [ET     2 ] [L0 38c 36] [L1 40 48]
POC   44 LId:  0 TId: 3 ( RASL, B-SLICE, QP 38 )       2296 bits [Y 32.9495 dB    U 41.1031 dB    V 42.1640 dB] [ET     6 ] [L0 40c 32] [L1 48 64]
POC   42 LId:  0 TId: 4 ( RASL, B-SLICE, QP 40 )        904 bits [Y 32.7922 dB    U 41.0679 dB    V 42.0980 dB] [ET     4 ] [L0 40 32] [L1 44c 48]
POC   41 LId:  0 TId: 5 ( RASL, B-SLICE, QP 41 )        264 bits [Y 33.3108 dB    U 41.0388 dB    V 42.0344 dB] [ET     2 ] [L0 40 32] [L1 42c 44]
POC   43 LId:  0 TId: 5 ( RASL, B-SLICE, QP 41 )        272 bits [Y 32.8086 dB    U 41.0695 dB    V 42.0544 dB] [ET     2 ] [L0 42c 40] [L1 44 48]
POC   46 LId:  0 TId: 4 ( RASL, B-SLICE, QP 40 )        560 bits [Y 32.7697 dB    U 41.0452 dB    V 42.0969 dB] [ET     3 ] [L0 44c 40] [L1 48 64]
POC   45 LId:  0 TId: 5 ( RASL, B-SLICE, QP 41 )        232 bits [Y 32.8201 dB    U 41.0446 dB    V 42.1135 dB] [ET     2 ] [L0 44 40] [L1 46c 48]
POC   47 LId:  0 TId: 5 ( RASL, B-SLICE, QP 41 )        200 bits [Y 33.2856 dB    U 41.0296 dB    V 42.1535 dB] [ET     2 ] [L0 46c 44] [L1 48 64]
POC   56 LId:  0 TId: 2 ( RASL, B-SLICE, QP 35 )       6824 bits [Y 33.5574 dB    U 41.0076 dB    V 41.9421 dB] [ET    13 ] [L0 48c 32] [L1 64 48]
POC   52 LId:  0 TId: 3 ( RASL, B-SLICE, QP 38 )       2528 bits [Y 33.1218 dB    U 40.9445 dB    V 42.0605 dB] [ET     5 ] [L0 48 32] [L1 56c 64]
POC   50 LId:  0 TId: 4 ( RASL, B-SLICE, QP 40 )        712 bits [Y 32.9544 dB    U 40.9865 dB    V 42.0641 dB] [ET     4 ] [L0 48 32] [L1 52c 56]
POC   49 LId:  0 TId: 5 ( RASL, B-SLICE, QP 41 )        216 bits [Y 33.3469 dB    U 41.0001 dB    V 42.1867 dB] [ET     3 ] [L0 48 32] [L1 50c 52]
POC   51 LId:  0 TId: 5 ( RASL, B-SLICE, QP 41 )        256 bits [Y 32.9607 dB    U 40.9884 dB    V 42.0379 dB] [ET     2 ] [L0 50c 48] [L1 52 56]
POC   54 LId:  0 TId: 4 ( RASL, B-SLICE, QP 40 )        696 bits [Y 32.7276 dB    U 40.9657 dB    V 41.9318 dB] [ET     4 ] [L0 52c 48] [L1 56 64]
POC   53 LId:  0 TId: 5 ( RASL, B-SLICE, QP 41 )        216 bits [Y 32.8233 dB    U 40.9616 dB    V 41.9662 dB] [ET     2 ] [L0 52 48] [L1 54c 56]
POC   55 LId:  0 TId: 5 ( RASL, B-SLICE, QP 41 )        232 bits [Y 33.1581 dB    U 41.0163 dB    V 41.9319 dB] [ET     2 ] [L0 54c 52] [L1 56 64]
POC   60 LId:  0 TId: 3 ( RASL, B-SLICE, QP 38 )       2264 bits [Y 33.1985 dB    U 40.8165 dB    V 41.7715 dB] [ET     5 ] [L0 56c 48] [L1 64 56]
POC   58 LId:  0 TId: 4 ( RASL, B-SLICE, QP 40 )       1048 bits [Y 32.9765 dB    U 40.8681 dB    V 41.8311 dB] [ET     4 ] [L0 56 48] [L1 60c 64]
POC   57 LId:  0 TId: 5 ( RASL, B-SLICE, QP 41 )        320 bits [Y 33.2589 dB    U 40.8667 dB    V 41.8415 dB] [ET     2 ] [L0 56 48] [L1 58c 60]
POC   59 LId:  0 TId: 5 ( RASL, B-SLICE, QP 41 )        232 bits [Y 32.9246 dB    U 40.8460 dB    V 41.7329 dB] [ET     2 ] [L0 58c 56] [L1 60 64]
POC   62 LId:  0 TId: 4 ( RASL, B-SLICE, QP 40 )        664 bits [Y 32.9769 dB    U 40.8182 dB    V 41.6933 dB] [ET     3 ] [L0 60c 48] [L1 64 60]
POC   61 LId:  0 TId: 5 ( RASL, B-SLICE, QP 41 )        232 bits [Y 32.9841 dB    U 40.7968 dB    V 41.7535 dB] [ET     3 ] [L0 60 48] [L1 62c 64]
POC   63 LId:  0 TId: 5 ( RASL, B-SLICE, QP 41 )        224 bits [Y 33.9097 dB    U 40.7225 dB    V 41.6909 dB] [ET     2 ] [L0 62c 60] [L1 64 62]

LayerId  0
	Total Frames |   Bitrate     Y-PSNR    U-PSNR    V-PSNR    YUV-PSNR   
	       65    a     385.4105   33.4341   41.0745   41.9667   34.8258

 finished @ Mon Jan 13 23:01:29 2025
 Total Time:      320.417 sec. [user]      320.417 sec. [elapsed]
