
VVCSoftware: VTM Encoder Version 10.0 [Windows][VS 1916][64 bit] [SIMD=AVX2] 

TOOL CFG: IBD:1 HAD:1 RDQ:1 RDQTS:1 RDpenalty:0 LQP:0 SQP:0 ASR:1 MinSearchWindow:96 RestrictMESampling:0 FEN:1 ECU:0 FDM:1 CFM:0 ESD:0 TransformSkip:1 TransformSkipFast:1 TransformSkipLog2MaxSize:5 ChromaTS:1 BDPCM:0 Tiles: 1x1 Slices: 1 MCTS:0 SAO:1 ALF:1 CCALF:1 WPP:0 WPB:0 PME:2  WaveFrontSynchro:0 WaveFrontSubstreams:1 ScalingList:0 TMVPMode:1  DQ:1  SignBitHidingFlag:0 RecalQP:0 
TOOL CFG: LFNST:1 MMVD:1 Affine:1 AffineType:1 PROF:1 SbTMVP:1 DualITree:1 IMV:1 BIO:1 LMChroma:1 HorCollocatedChroma:1 VerCollocatedChroma:0 MTS: 1(intra) 0(inter) SBT:1 ISP:1 SMVD:1 CompositeLTReference:0 Bcw:1 BcwFast:1 LADF:0 CIIP:1 Geo:1 AllowDisFracMMVD:1 AffineAmvr:1 AffineAmvrEncOpt:1 DMVR:1 MmvdDisNum:6 JointCbCr:1 ACT:0 PLT:0 IBC:0 HashME:0 WrapAround:0 VirtualBoundariesEnabledFlag:0 VirtualBoundariesPresentInSPSFlag:1 vertical virtual boundaries:[ ] horizontal virtual boundaries:[ ] Reshape:1 (Signal:SDR Opt:0 CSoffset:6) MRL:1 MIP:1 EncDbOpt:0 
FAST TOOL CFG: LCTUFast:1 FastMrg:1 PBIntraFast:1 IMV4PelFast:1 MTSMaxCand: 4(intra) 4(inter) ISPFast:0 FastLFNST:0 AMaxBT:1 E0023FastEnc:1 ContentBasedFastQtbt:0 UseNonLinearAlfLuma:1 UseNonLinearAlfChroma:1 MaxNumAlfAlternativesChroma:8 FastMIP:0 FastLocalDualTree:1 NumSplitThreads:1 NumWppThreads:1+0 EnsureWppBitEqual:0 RPR:0 TemporalFilter:0 


 started @ Mon Jan 13 23:07:12 2025
POC    0 LId:  0 TId: 0 ( IDR_N_LP, I-SLICE, QP 27 )     130120 bits [Y 37.6575 dB    U 41.9622 dB    V 42.6922 dB] [ET    20 ] [L0] [L1]
POC   32 LId:  0 TId: 0 ( CRA, I-SLICE, QP 27 )     133472 bits [Y 37.5606 dB    U 41.8006 dB    V 42.6680 dB] [ET    20 ] [L0] [L1]
POC   16 LId:  0 TId: 1 ( RASL, B-SLICE, QP 32 )      15408 bits [Y 35.4532 dB    U 42.0911 dB    V 42.7117 dB] [ET    18 ] [L0 0 32] [L1 32c 0]
POC    8 LId:  0 TId: 2 ( RASL, B-SLICE, QP 33 )       9256 bits [Y 35.1442 dB    U 42.0342 dB    V 42.8140 dB] [ET    12 ] [L0 0 16] [L1 16c 32]
POC    4 LId:  0 TId: 3 ( RASL, B-SLICE, QP 36 )       3432 bits [Y 34.3618 dB    U 42.0191 dB    V 42.8558 dB] [ET     7 ] [L0 0 8] [L1 8c 16]
POC    2 LId:  0 TId: 4 ( RASL, B-SLICE, QP 37 )        920 bits [Y 34.7629 dB    U 41.9143 dB    V 42.7768 dB] [ET     3 ] [L0 0 4] [L1 4c 8]
POC    1 LId:  0 TId: 5 ( RASL, B-SLICE, QP 39 )        320 bits [Y 35.6781 dB    U 41.8752 dB    V 42.7767 dB] [ET     1 ] [L0 0 2] [L1 2c 4]
POC    3 LId:  0 TId: 5 ( RASL, B-SLICE, QP 39 )        288 bits [Y 34.4341 dB    U 41.9709 dB    V 42.7897 dB] [ET     2 ] [L0 2c 0] [L1 4 8]
POC    6 LId:  0 TId: 4 ( RASL, B-SLICE, QP 37 )       1256 bits [Y 34.3139 dB    U 42.0687 dB    V 42.8339 dB] [ET     4 ] [L0 4c 0] [L1 8 16]
POC    5 LId:  0 TId: 5 ( RASL, B-SLICE, QP 39 )        240 bits [Y 34.2815 dB    U 42.0081 dB    V 42.7572 dB] [ET     2 ] [L0 4 0] [L1 6c 8]
POC    7 LId:  0 TId: 5 ( RASL, B-SLICE, QP 39 )        240 bits [Y 34.6567 dB    U 42.0112 dB    V 42.8412 dB] [ET     2 ] [L0 6c 4] [L1 8 16]
POC   12 LId:  0 TId: 3 ( RASL, B-SLICE, QP 36 )       3824 bits [Y 34.3781 dB    U 42.0831 dB    V 42.7556 dB] [ET     8 ] [L0 8c 0] [L1 16 32]
POC   10 LId:  0 TId: 4 ( RASL, B-SLICE, QP 37 )       1360 bits [Y 34.5525 dB    U 42.0558 dB    V 42.8335 dB] [ET     3 ] [L0 8 0] [L1 12c 16]
POC    9 LId:  0 TId: 5 ( RASL, B-SLICE, QP 39 )        240 bits [Y 34.7758 dB    U 42.0484 dB    V 42.8292 dB] [ET     2 ] [L0 8 0] [L1 10c 12]
POC   11 LId:  0 TId: 5 ( RASL, B-SLICE, QP 39 )        264 bits [Y 34.4080 dB    U 42.0769 dB    V 42.8351 dB] [ET     2 ] [L0 10c 8] [L1 12 16]
POC   14 LId:  0 TId: 4 ( RASL, B-SLICE, QP 37 )       1136 bits [Y 34.2854 dB    U 42.1138 dB    V 42.7491 dB] [ET     4 ] [L0 12c 8] [L1 16 32]
POC   13 LId:  0 TId: 5 ( RASL, B-SLICE, QP 39 )        248 bits [Y 34.2984 dB    U 42.0930 dB    V 42.7919 dB] [ET     2 ] [L0 12 8] [L1 14c 16]
POC   15 LId:  0 TId: 5 ( RASL, B-SLICE, QP 39 )        240 bits [Y 34.8554 dB    U 42.0679 dB    V 42.7322 dB] [ET     2 ] [L0 14c 12] [L1 16 32]
POC   24 LId:  0 TId: 2 ( RASL, B-SLICE, QP 33 )       8272 bits [Y 35.0525 dB    U 41.8837 dB    V 42.7677 dB] [ET    14 ] [L0 16c 0] [L1 32 16]
POC   20 LId:  0 TId: 3 ( RASL, B-SLICE, QP 36 )       3920 bits [Y 34.2111 dB    U 42.0328 dB    V 42.7328 dB] [ET     8 ] [L0 16 0] [L1 24c 32]
POC   18 LId:  0 TId: 4 ( RASL, B-SLICE, QP 37 )       1184 bits [Y 34.4654 dB    U 42.0359 dB    V 42.7383 dB] [ET     4 ] [L0 16 0] [L1 20c 24]
POC   17 LId:  0 TId: 5 ( RASL, B-SLICE, QP 39 )        328 bits [Y 34.9042 dB    U 42.1017 dB    V 42.7301 dB] [ET     2 ] [L0 16 0] [L1 18c 20]
POC   19 LId:  0 TId: 5 ( RASL, B-SLICE, QP 39 )        296 bits [Y 34.1969 dB    U 41.9876 dB    V 42.7438 dB] [ET     2 ] [L0 18c 16] [L1 20 24]
POC   22 LId:  0 TId: 4 ( RASL, B-SLICE, QP 37 )       1472 bits [Y 34.1751 dB    U 42.0308 dB    V 42.7830 dB] [ET     4 ] [L0 20c 16] [L1 24 32]
POC   21 LId:  0 TId: 5 ( RASL, B-SLICE, QP 39 )        328 bits [Y 34.1641 dB    U 42.0494 dB    V 42.7909 dB] [ET     2 ] [L0 20 16] [L1 22c 24]
POC   23 LId:  0 TId: 5 ( RASL, B-SLICE, QP 39 )        296 bits [Y 34.5692 dB    U 41.9664 dB    V 42.7799 dB] [ET     2 ] [L0 22c 20] [L1 24 32]
POC   28 LId:  0 TId: 3 ( RASL, B-SLICE, QP 36 )       2808 bits [Y 34.3281 dB    U 41.8975 dB    V 42.7480 dB] [ET     6 ] [L0 24c 16] [L1 32 24]
POC   26 LId:  0 TId: 4 ( RASL, B-SLICE, QP 37 )       1128 bits [Y 34.3223 dB    U 41.8989 dB    V 42.7057 dB] [ET     4 ] [L0 24 16] [L1 28c 32]
POC   25 LId:  0 TId: 5 ( RASL, B-SLICE, QP 39 )        312 bits [Y 34.6233 dB    U 41.9370 dB    V 42.7413 dB] [ET     2 ] [L0 24 16] [L1 26c 28]
POC   27 LId:  0 TId: 5 ( RASL, B-SLICE, QP 39 )        288 bits [Y 34.2305 dB    U 41.8845 dB    V 42.7117 dB] [ET     2 ] [L0 26c 24] [L1 28 32]
POC   30 LId:  0 TId: 4 ( RASL, B-SLICE, QP 37 )       1112 bits [Y 34.5347 dB    U 41.8582 dB    V 42.7115 dB] [ET     4 ] [L0 28c 16] [L1 32 28]
POC   29 LId:  0 TId: 5 ( RASL, B-SLICE, QP 39 )        248 bits [Y 34.1728 dB    U 41.8600 dB    V 42.7450 dB] [ET     2 ] [L0 28 16] [L1 30c 32]
POC   31 LId:  0 TId: 5 ( RASL, B-SLICE, QP 39 )        336 bits [Y 35.6325 dB    U 41.7932 dB    V 42.7253 dB] [ET     1 ] [L0 30c 28] [L1 32 30]
POC   64 LId:  0 TId: 0 ( CRA, I-SLICE, QP 27 )     135152 bits [Y 37.4970 dB    U 41.5868 dB    V 42.6104 dB] [ET    20 ] [L0] [L1]
POC   48 LId:  0 TId: 1 ( RASL, B-SLICE, QP 32 )      16456 bits [Y 35.1696 dB    U 41.7279 dB    V 42.8687 dB] [ET    21 ] [L0 32 64] [L1 64c 32]
POC   40 LId:  0 TId: 2 ( RASL, B-SLICE, QP 33 )       8840 bits [Y 34.9544 dB    U 41.8877 dB    V 42.8165 dB] [ET    14 ] [L0 32 48] [L1 48c 64]
POC   36 LId:  0 TId: 3 ( RASL, B-SLICE, QP 36 )       3088 bits [Y 34.3360 dB    U 41.8573 dB    V 42.6514 dB] [ET     7 ] [L0 32 40] [L1 40c 48]
POC   34 LId:  0 TId: 4 ( RASL, B-SLICE, QP 37 )       1176 bits [Y 34.3485 dB    U 41.8045 dB    V 42.6893 dB] [ET     3 ] [L0 32 36] [L1 36c 40]
POC   33 LId:  0 TId: 5 ( RASL, B-SLICE, QP 39 )        336 bits [Y 35.3925 dB    U 41.7940 dB    V 42.6847 dB] [ET     2 ] [L0 32 34] [L1 34c 36]
POC   35 LId:  0 TId: 5 ( RASL, B-SLICE, QP 39 )        384 bits [Y 34.1236 dB    U 41.8601 dB    V 42.6478 dB] [ET     3 ] [L0 34c 32] [L1 36 40]
POC   38 LId:  0 TId: 4 ( RASL, B-SLICE, QP 37 )       1224 bits [Y 34.0594 dB    U 41.8591 dB    V 42.6730 dB] [ET     4 ] [L0 36c 32] [L1 40 48]
POC   37 LId:  0 TId: 5 ( RASL, B-SLICE, QP 39 )        392 bits [Y 34.1119 dB    U 41.8305 dB    V 42.6638 dB] [ET     2 ] [L0 36 32] [L1 38c 40]
POC   39 LId:  0 TId: 5 ( RASL, B-SLICE, QP 39 )        368 bits [Y 34.3842 dB    U 41.8673 dB    V 42.7853 dB] [ET     2 ] [L0 38c 36] [L1 40 48]
POC   44 LId:  0 TId: 3 ( RASL, B-SLICE, QP 36 )       3360 bits [Y 34.1254 dB    U 41.8618 dB    V 42.9127 dB] [ET     7 ] [L0 40c 32] [L1 48 64]
POC   42 LId:  0 TId: 4 ( RASL, B-SLICE, QP 37 )       1192 bits [Y 33.8853 dB    U 41.8500 dB    V 42.8617 dB] [ET     4 ] [L0 40 32] [L1 44c 48]
POC   41 LId:  0 TId: 5 ( RASL, B-SLICE, QP 39 )        304 bits [Y 34.4374 dB    U 41.8497 dB    V 42.8129 dB] [ET     2 ] [L0 40 32] [L1 42c 44]
POC   43 LId:  0 TId: 5 ( RASL, B-SLICE, QP 39 )        304 bits [Y 33.8542 dB    U 41.8512 dB    V 42.8109 dB] [ET     2 ] [L0 42c 40] [L1 44 48]
POC   46 LId:  0 TId: 4 ( RASL, B-SLICE, QP 37 )       1400 bits [Y 33.9724 dB    U 41.7981 dB    V 42.8376 dB] [ET     4 ] [L0 44c 40] [L1 48 64]
POC   45 LId:  0 TId: 5 ( RASL, B-SLICE, QP 39 )        280 bits [Y 34.0332 dB    U 41.7853 dB    V 42.8749 dB] [ET     2 ] [L0 44 40] [L1 46c 48]
POC   47 LId:  0 TId: 5 ( RASL, B-SLICE, QP 39 )        216 bits [Y 34.4350 dB    U 41.7864 dB    V 42.8995 dB] [ET     2 ] [L0 46c 44] [L1 48 64]
POC   56 LId:  0 TId: 2 ( RASL, B-SLICE, QP 33 )       9808 bits [Y 34.7928 dB    U 41.8367 dB    V 42.7301 dB] [ET    15 ] [L0 48c 32] [L1 64 48]
POC   52 LId:  0 TId: 3 ( RASL, B-SLICE, QP 36 )       3288 bits [Y 34.1704 dB    U 41.6971 dB    V 42.7899 dB] [ET     7 ] [L0 48 32] [L1 56c 64]
POC   50 LId:  0 TId: 4 ( RASL, B-SLICE, QP 37 )       1240 bits [Y 33.9303 dB    U 41.7099 dB    V 42.7728 dB] [ET     4 ] [L0 48 32] [L1 52c 56]
POC   49 LId:  0 TId: 5 ( RASL, B-SLICE, QP 39 )        216 bits [Y 34.3585 dB    U 41.7324 dB    V 42.8978 dB] [ET     2 ] [L0 48 32] [L1 50c 52]
POC   51 LId:  0 TId: 5 ( RASL, B-SLICE, QP 39 )        304 bits [Y 33.9199 dB    U 41.7374 dB    V 42.7569 dB] [ET     3 ] [L0 50c 48] [L1 52 56]
POC   54 LId:  0 TId: 4 ( RASL, B-SLICE, QP 37 )       1720 bits [Y 33.9679 dB    U 41.6839 dB    V 42.6777 dB] [ET     6 ] [L0 52c 48] [L1 56 64]
POC   53 LId:  0 TId: 5 ( RASL, B-SLICE, QP 39 )        248 bits [Y 34.0052 dB    U 41.7125 dB    V 42.7137 dB] [ET     2 ] [L0 52 48] [L1 54c 56]
POC   55 LId:  0 TId: 5 ( RASL, B-SLICE, QP 39 )        264 bits [Y 34.3275 dB    U 41.7886 dB    V 42.6833 dB] [ET     2 ] [L0 54c 52] [L1 56 64]
POC   60 LId:  0 TId: 3 ( RASL, B-SLICE, QP 36 )       3432 bits [Y 34.2818 dB    U 41.6063 dB    V 42.5666 dB] [ET     7 ] [L0 56c 48] [L1 64 56]
POC   58 LId:  0 TId: 4 ( RASL, B-SLICE, QP 37 )       1584 bits [Y 34.0584 dB    U 41.6880 dB    V 42.6280 dB] [ET     5 ] [L0 56 48] [L1 60c 64]
POC   57 LId:  0 TId: 5 ( RASL, B-SLICE, QP 39 )        416 bits [Y 34.3436 dB    U 41.7033 dB    V 42.6318 dB] [ET     3 ] [L0 56 48] [L1 58c 60]
POC   59 LId:  0 TId: 5 ( RASL, B-SLICE, QP 39 )        296 bits [Y 33.9638 dB    U 41.6392 dB    V 42.5271 dB] [ET     2 ] [L0 58c 56] [L1 60 64]
POC   62 LId:  0 TId: 4 ( RASL, B-SLICE, QP 37 )       1264 bits [Y 34.1623 dB    U 41.6172 dB    V 42.5565 dB] [ET     3 ] [L0 60c 48] [L1 64 60]
POC   61 LId:  0 TId: 5 ( RASL, B-SLICE, QP 39 )        312 bits [Y 34.1423 dB    U 41.5849 dB    V 42.5619 dB] [ET     3 ] [L0 60 48] [L1 62c 64]
POC   63 LId:  0 TId: 5 ( RASL, B-SLICE, QP 39 )        296 bits [Y 35.0992 dB    U 41.5725 dB    V 42.5717 dB] [ET     2 ] [L0 62c 60] [L1 64 62]

LayerId  0
	Total Frames |   Bitrate     Y-PSNR    U-PSNR    V-PSNR    YUV-PSNR   
	       65    a     483.4634   34.5859   41.8720   42.7441   35.9372

 finished @ Mon Jan 13 23:13:28 2025
 Total Time:      376.151 sec. [user]      376.151 sec. [elapsed]
