
VVCSoftware: VTM Encoder Version 10.0 [Windows][VS 1916][64 bit] [SIMD=AVX2] 

TOOL CFG: IBD:1 HAD:1 RDQ:1 RDQTS:1 RDpenalty:0 LQP:0 SQP:0 ASR:1 MinSearchWindow:96 RestrictMESampling:0 FEN:1 ECU:0 FDM:1 CFM:0 ESD:0 TransformSkip:1 TransformSkipFast:1 TransformSkipLog2MaxSize:5 ChromaTS:1 BDPCM:0 Tiles: 1x1 Slices: 1 MCTS:0 SAO:1 ALF:1 CCALF:1 WPP:0 WPB:0 PME:2  WaveFrontSynchro:0 WaveFrontSubstreams:1 ScalingList:0 TMVPMode:1  DQ:1  SignBitHidingFlag:0 RecalQP:0 
TOOL CFG: LFNST:1 MMVD:1 Affine:1 AffineType:1 PROF:1 SbTMVP:1 DualITree:1 IMV:1 BIO:1 LMChroma:1 HorCollocatedChroma:1 VerCollocatedChroma:0 MTS: 1(intra) 0(inter) SBT:1 ISP:1 SMVD:1 CompositeLTReference:0 Bcw:1 BcwFast:1 LADF:0 CIIP:1 Geo:1 AllowDisFracMMVD:1 AffineAmvr:1 AffineAmvrEncOpt:1 DMVR:1 MmvdDisNum:6 JointCbCr:1 ACT:0 PLT:0 IBC:0 HashME:0 WrapAround:0 VirtualBoundariesEnabledFlag:0 VirtualBoundariesPresentInSPSFlag:1 vertical virtual boundaries:[ ] horizontal virtual boundaries:[ ] Reshape:1 (Signal:SDR Opt:0 CSoffset:6) MRL:1 MIP:1 EncDbOpt:0 
FAST TOOL CFG: LCTUFast:1 FastMrg:1 PBIntraFast:1 IMV4PelFast:1 MTSMaxCand: 4(intra) 4(inter) ISPFast:0 FastLFNST:0 AMaxBT:1 E0023FastEnc:1 ContentBasedFastQtbt:0 UseNonLinearAlfLuma:1 UseNonLinearAlfChroma:1 MaxNumAlfAlternativesChroma:8 FastMIP:0 FastLocalDualTree:1 NumSplitThreads:1 NumWppThreads:1+0 EnsureWppBitEqual:0 RPR:0 TemporalFilter:0 


 started @ Mon Jan 13 23:26:28 2025
POC    0 LId:  0 TId: 0 ( IDR_N_LP, I-SLICE, QP 29 )     107024 bits [Y 35.9329 dB    U 41.0792 dB    V 41.7272 dB] [ET    40 ] [L0] [L1]
POC   32 LId:  0 TId: 0 ( TRAIL, B-SLICE, QP 31 )      33064 bits [Y 34.5408 dB    U 40.5890 dB    V 41.2779 dB] [ET    88 ] [L0 0] [L1 0c]
POC   16 LId:  0 TId: 1 ( STSA, B-SLICE, QP 34 )      11200 bits [Y 33.5748 dB    U 40.7839 dB    V 41.3368 dB] [ET    56 ] [L0 0 32] [L1 32c 0]
POC    8 LId:  0 TId: 2 ( STSA, B-SLICE, QP 35 )       6552 bits [Y 33.5086 dB    U 40.8417 dB    V 41.5501 dB] [ET    36 ] [L0 0 16] [L1 16c 32]
POC    4 LId:  0 TId: 3 ( STSA, B-SLICE, QP 38 )       2352 bits [Y 33.0505 dB    U 40.9331 dB    V 41.6646 dB] [ET    19 ] [L0 0 8] [L1 8c 16]
POC    2 LId:  0 TId: 4 ( STSA, B-SLICE, QP 40 )        544 bits [Y 33.5228 dB    U 40.9431 dB    V 41.6874 dB] [ET    10 ] [L0 0 4] [L1 4c 8]
POC    1 LId:  0 TId: 5 ( STSA, B-SLICE, QP 41 )        216 bits [Y 34.3577 dB    U 40.9758 dB    V 41.7463 dB] [ET     4 ] [L0 0 2] [L1 2c 4]
POC    3 LId:  0 TId: 5 ( STSA, B-SLICE, QP 41 )        184 bits [Y 33.1374 dB    U 40.9263 dB    V 41.6570 dB] [ET     8 ] [L0 2c 0] [L1 4 8]
POC    6 LId:  0 TId: 4 ( STSA, B-SLICE, QP 40 )        760 bits [Y 32.9111 dB    U 40.9180 dB    V 41.5918 dB] [ET    12 ] [L0 4c 0] [L1 8 16]
POC    5 LId:  0 TId: 5 ( STSA, B-SLICE, QP 41 )        224 bits [Y 32.9810 dB    U 40.8902 dB    V 41.5784 dB] [ET     8 ] [L0 4 0] [L1 6c 8]
POC    7 LId:  0 TId: 5 ( STSA, B-SLICE, QP 41 )        208 bits [Y 33.1638 dB    U 40.8490 dB    V 41.5337 dB] [ET     8 ] [L0 6c 4] [L1 8 16]
POC   12 LId:  0 TId: 3 ( STSA, B-SLICE, QP 38 )       2896 bits [Y 32.8546 dB    U 40.8357 dB    V 41.4417 dB] [ET    23 ] [L0 8c 0] [L1 16 32]
POC   10 LId:  0 TId: 4 ( STSA, B-SLICE, QP 40 )        736 bits [Y 32.9053 dB    U 40.8448 dB    V 41.4882 dB] [ET    12 ] [L0 8 0] [L1 12c 16]
POC    9 LId:  0 TId: 5 ( STSA, B-SLICE, QP 41 )        296 bits [Y 33.2298 dB    U 40.8276 dB    V 41.5293 dB] [ET     6 ] [L0 8 0] [L1 10c 12]
POC   11 LId:  0 TId: 5 ( STSA, B-SLICE, QP 41 )        240 bits [Y 32.8800 dB    U 40.8452 dB    V 41.4869 dB] [ET     7 ] [L0 10c 8] [L1 12 16]
POC   14 LId:  0 TId: 4 ( STSA, B-SLICE, QP 40 )        640 bits [Y 32.6627 dB    U 40.8180 dB    V 41.3882 dB] [ET    11 ] [L0 12c 8] [L1 16 32]
POC   13 LId:  0 TId: 5 ( STSA, B-SLICE, QP 41 )        200 bits [Y 32.7491 dB    U 40.8287 dB    V 41.4566 dB] [ET     9 ] [L0 12 8] [L1 14c 16]
POC   15 LId:  0 TId: 5 ( STSA, B-SLICE, QP 41 )        200 bits [Y 33.0129 dB    U 40.7505 dB    V 41.3787 dB] [ET     9 ] [L0 14c 12] [L1 16 32]
POC   24 LId:  0 TId: 2 ( STSA, B-SLICE, QP 35 )       6232 bits [Y 33.2862 dB    U 40.5121 dB    V 41.2391 dB] [ET    37 ] [L0 16c 0] [L1 32 16]
POC   20 LId:  0 TId: 3 ( STSA, B-SLICE, QP 38 )       3072 bits [Y 32.7575 dB    U 40.7177 dB    V 41.3077 dB] [ET    23 ] [L0 16 0] [L1 24c 32]
POC   18 LId:  0 TId: 4 ( STSA, B-SLICE, QP 40 )        600 bits [Y 32.7994 dB    U 40.7299 dB    V 41.3516 dB] [ET    15 ] [L0 16 0] [L1 20c 24]
POC   17 LId:  0 TId: 5 ( STSA, B-SLICE, QP 41 )        272 bits [Y 33.2215 dB    U 40.7610 dB    V 41.3675 dB] [ET     9 ] [L0 16 0] [L1 18c 20]
POC   19 LId:  0 TId: 5 ( STSA, B-SLICE, QP 41 )        208 bits [Y 32.6552 dB    U 40.6770 dB    V 41.3546 dB] [ET     5 ] [L0 18c 16] [L1 20 24]
POC   22 LId:  0 TId: 4 ( STSA, B-SLICE, QP 40 )        896 bits [Y 32.5673 dB    U 40.6426 dB    V 41.3192 dB] [ET    15 ] [L0 20c 16] [L1 24 32]
POC   21 LId:  0 TId: 5 ( STSA, B-SLICE, QP 41 )        256 bits [Y 32.6331 dB    U 40.6801 dB    V 41.3748 dB] [ET     9 ] [L0 20 16] [L1 22c 24]
POC   23 LId:  0 TId: 5 ( STSA, B-SLICE, QP 41 )        248 bits [Y 32.9922 dB    U 40.5945 dB    V 41.3015 dB] [ET     8 ] [L0 22c 20] [L1 24 32]
POC   28 LId:  0 TId: 3 ( STSA, B-SLICE, QP 38 )       1976 bits [Y 32.7868 dB    U 40.6190 dB    V 41.2783 dB] [ET    15 ] [L0 24c 16] [L1 32 24]
POC   26 LId:  0 TId: 4 ( STSA, B-SLICE, QP 40 )        888 bits [Y 32.7721 dB    U 40.6025 dB    V 41.2252 dB] [ET    12 ] [L0 24 16] [L1 28c 32]
POC   25 LId:  0 TId: 5 ( STSA, B-SLICE, QP 41 )        264 bits [Y 32.9753 dB    U 40.5816 dB    V 41.2387 dB] [ET     8 ] [L0 24 16] [L1 26c 28]
POC   27 LId:  0 TId: 5 ( STSA, B-SLICE, QP 41 )        280 bits [Y 32.7597 dB    U 40.6182 dB    V 41.2500 dB] [ET     9 ] [L0 26c 24] [L1 28 32]
POC   30 LId:  0 TId: 4 ( STSA, B-SLICE, QP 40 )        536 bits [Y 32.8764 dB    U 40.6468 dB    V 41.2938 dB] [ET    13 ] [L0 28c 16] [L1 32 28]
POC   29 LId:  0 TId: 5 ( STSA, B-SLICE, QP 41 )        288 bits [Y 32.7231 dB    U 40.6010 dB    V 41.3126 dB] [ET    11 ] [L0 28 16] [L1 30c 32]
POC   31 LId:  0 TId: 5 ( STSA, B-SLICE, QP 41 )        264 bits [Y 33.6455 dB    U 40.5868 dB    V 41.3094 dB] [ET     4 ] [L0 30c 28] [L1 32 30]
POC   64 LId:  0 TId: 0 ( CRA, I-SLICE, QP 29 )     112296 bits [Y 35.8534 dB    U 40.6939 dB    V 41.7118 dB] [ET    61 ] [L0] [L1]
POC   48 LId:  0 TId: 1 ( RASL, B-SLICE, QP 34 )      12392 bits [Y 33.8489 dB    U 40.9172 dB    V 41.9373 dB] [ET    42 ] [L0 32c 16] [L1 64 32]
POC   40 LId:  0 TId: 2 ( RASL, B-SLICE, QP 35 )       6240 bits [Y 33.5111 dB    U 40.9788 dB    V 41.8324 dB] [ET    41 ] [L0 32 16] [L1 48c 64]
POC   36 LId:  0 TId: 3 ( RASL, B-SLICE, QP 38 )       2360 bits [Y 32.9431 dB    U 40.8502 dB    V 41.5667 dB] [ET    19 ] [L0 32 16] [L1 40c 48]
POC   34 LId:  0 TId: 4 ( RASL, B-SLICE, QP 40 )        720 bits [Y 32.9645 dB    U 40.7012 dB    V 41.4380 dB] [ET    15 ] [L0 32 16] [L1 36c 40]
POC   33 LId:  0 TId: 5 ( RASL, B-SLICE, QP 41 )        272 bits [Y 33.6463 dB    U 40.6659 dB    V 41.3893 dB] [ET     9 ] [L0 32 34] [L1 34c 36]
POC   35 LId:  0 TId: 5 ( RASL, B-SLICE, QP 41 )        272 bits [Y 32.8698 dB    U 40.7966 dB    V 41.4947 dB] [ET     8 ] [L0 34c 32] [L1 36 40]
POC   38 LId:  0 TId: 4 ( RASL, B-SLICE, QP 40 )        592 bits [Y 32.6435 dB    U 40.9498 dB    V 41.6849 dB] [ET    13 ] [L0 36c 32] [L1 40 48]
POC   37 LId:  0 TId: 5 ( RASL, B-SLICE, QP 41 )        312 bits [Y 32.6673 dB    U 40.8855 dB    V 41.6225 dB] [ET    10 ] [L0 36 32] [L1 38c 40]
POC   39 LId:  0 TId: 5 ( RASL, B-SLICE, QP 41 )        312 bits [Y 33.0693 dB    U 40.9503 dB    V 41.7885 dB] [ET     9 ] [L0 38c 36] [L1 40 48]
POC   44 LId:  0 TId: 3 ( RASL, B-SLICE, QP 38 )       2272 bits [Y 32.9139 dB    U 41.0328 dB    V 41.9397 dB] [ET    19 ] [L0 40c 32] [L1 48 64]
POC   42 LId:  0 TId: 4 ( RASL, B-SLICE, QP 40 )        624 bits [Y 32.5399 dB    U 40.9906 dB    V 41.8834 dB] [ET    13 ] [L0 40 32] [L1 44c 48]
POC   41 LId:  0 TId: 5 ( RASL, B-SLICE, QP 41 )        272 bits [Y 33.0901 dB    U 40.9874 dB    V 41.8471 dB] [ET    10 ] [L0 40 32] [L1 42c 44]
POC   43 LId:  0 TId: 5 ( RASL, B-SLICE, QP 41 )        240 bits [Y 32.5819 dB    U 40.9835 dB    V 41.8587 dB] [ET     9 ] [L0 42c 40] [L1 44 48]
POC   46 LId:  0 TId: 4 ( RASL, B-SLICE, QP 40 )        656 bits [Y 32.7265 dB    U 41.0079 dB    V 41.8907 dB] [ET    12 ] [L0 44c 40] [L1 48 64]
POC   45 LId:  0 TId: 5 ( RASL, B-SLICE, QP 41 )        272 bits [Y 32.8074 dB    U 40.9908 dB    V 41.8896 dB] [ET     7 ] [L0 44 40] [L1 46c 48]
POC   47 LId:  0 TId: 5 ( RASL, B-SLICE, QP 41 )        200 bits [Y 33.2192 dB    U 40.9812 dB    V 41.9550 dB] [ET    10 ] [L0 46c 44] [L1 48 64]
POC   56 LId:  0 TId: 2 ( RASL, B-SLICE, QP 35 )       6680 bits [Y 33.5092 dB    U 40.9442 dB    V 41.8274 dB] [ET    38 ] [L0 48c 32] [L1 64 48]
POC   52 LId:  0 TId: 3 ( RASL, B-SLICE, QP 38 )       2408 bits [Y 33.0165 dB    U 40.8957 dB    V 41.8782 dB] [ET    22 ] [L0 48 32] [L1 56c 64]
POC   50 LId:  0 TId: 4 ( RASL, B-SLICE, QP 40 )        632 bits [Y 32.8068 dB    U 40.9540 dB    V 41.8954 dB] [ET    12 ] [L0 48 32] [L1 52c 56]
POC   49 LId:  0 TId: 5 ( RASL, B-SLICE, QP 41 )        248 bits [Y 33.2604 dB    U 40.9494 dB    V 41.9869 dB] [ET    10 ] [L0 48 32] [L1 50c 52]
POC   51 LId:  0 TId: 5 ( RASL, B-SLICE, QP 41 )        272 bits [Y 32.7674 dB    U 40.9605 dB    V 41.8759 dB] [ET     9 ] [L0 50c 48] [L1 52 56]
POC   54 LId:  0 TId: 4 ( RASL, B-SLICE, QP 40 )        936 bits [Y 32.6305 dB    U 40.9150 dB    V 41.7842 dB] [ET    14 ] [L0 52c 48] [L1 56 64]
POC   53 LId:  0 TId: 5 ( RASL, B-SLICE, QP 41 )        224 bits [Y 32.7411 dB    U 40.9326 dB    V 41.8196 dB] [ET     9 ] [L0 52 48] [L1 54c 56]
POC   55 LId:  0 TId: 5 ( RASL, B-SLICE, QP 41 )        200 bits [Y 33.0828 dB    U 40.9624 dB    V 41.8071 dB] [ET    10 ] [L0 54c 52] [L1 56 64]
POC   60 LId:  0 TId: 3 ( RASL, B-SLICE, QP 38 )       2272 bits [Y 33.1361 dB    U 40.7805 dB    V 41.7293 dB] [ET    21 ] [L0 56c 48] [L1 64 56]
POC   58 LId:  0 TId: 4 ( RASL, B-SLICE, QP 40 )       1016 bits [Y 32.9591 dB    U 40.8388 dB    V 41.7733 dB] [ET    15 ] [L0 56 48] [L1 60c 64]
POC   57 LId:  0 TId: 5 ( RASL, B-SLICE, QP 41 )        296 bits [Y 33.1510 dB    U 40.8089 dB    V 41.7536 dB] [ET     9 ] [L0 56 48] [L1 58c 60]
POC   59 LId:  0 TId: 5 ( RASL, B-SLICE, QP 41 )        224 bits [Y 32.9056 dB    U 40.8122 dB    V 41.6775 dB] [ET    10 ] [L0 58c 56] [L1 60 64]
POC   62 LId:  0 TId: 4 ( RASL, B-SLICE, QP 40 )        880 bits [Y 33.0432 dB    U 40.8148 dB    V 41.6851 dB] [ET    14 ] [L0 60c 48] [L1 64 60]
POC   61 LId:  0 TId: 5 ( RASL, B-SLICE, QP 41 )        264 bits [Y 33.0399 dB    U 40.7700 dB    V 41.7343 dB] [ET     9 ] [L0 60 48] [L1 62c 64]
POC   63 LId:  0 TId: 5 ( RASL, B-SLICE, QP 41 )        224 bits [Y 33.9762 dB    U 40.7166 dB    V 41.6880 dB] [ET    10 ] [L0 62c 60] [L1 64 62]

LayerId  0
	Total Frames |   Bitrate     Y-PSNR    U-PSNR    V-PSNR    YUV-PSNR   
	       65    a     314.6732   33.1438   40.8226   41.5952   34.5391

 finished @ Mon Jan 13 23:44:58 2025
 Total Time:     1109.999 sec. [user]     1109.999 sec. [elapsed]
