
VVCSoftware: VTM Encoder Version 10.0 [Windows][VS 1916][64 bit] [SIMD=AVX2] 

TOOL CFG: IBD:1 HAD:1 RDQ:1 RDQTS:1 RDpenalty:0 LQP:0 SQP:0 ASR:1 MinSearchWindow:96 RestrictMESampling:0 FEN:1 ECU:0 FDM:1 CFM:0 ESD:0 TransformSkip:1 TransformSkipFast:1 TransformSkipLog2MaxSize:5 ChromaTS:1 BDPCM:0 Tiles: 1x1 Slices: 1 MCTS:0 SAO:1 ALF:1 CCALF:1 WPP:0 WPB:0 PME:2  WaveFrontSynchro:0 WaveFrontSubstreams:1 ScalingList:0 TMVPMode:1  DQ:1  SignBitHidingFlag:0 RecalQP:0 
TOOL CFG: LFNST:1 MMVD:1 Affine:1 AffineType:1 PROF:1 SbTMVP:1 DualITree:1 IMV:1 BIO:1 LMChroma:1 HorCollocatedChroma:1 VerCollocatedChroma:0 MTS: 1(intra) 0(inter) SBT:1 ISP:1 SMVD:1 CompositeLTReference:0 Bcw:1 BcwFast:1 LADF:0 CIIP:1 Geo:1 AllowDisFracMMVD:1 AffineAmvr:1 AffineAmvrEncOpt:1 DMVR:1 MmvdDisNum:6 JointCbCr:1 ACT:0 PLT:0 IBC:0 HashME:0 WrapAround:0 VirtualBoundariesEnabledFlag:0 VirtualBoundariesPresentInSPSFlag:1 vertical virtual boundaries:[ ] horizontal virtual boundaries:[ ] Reshape:1 (Signal:SDR Opt:0 CSoffset:6) MRL:1 MIP:1 EncDbOpt:0 
FAST TOOL CFG: LCTUFast:1 FastMrg:1 PBIntraFast:1 IMV4PelFast:1 MTSMaxCand: 4(intra) 4(inter) ISPFast:0 FastLFNST:0 AMaxBT:1 E0023FastEnc:1 ContentBasedFastQtbt:0 UseNonLinearAlfLuma:1 UseNonLinearAlfChroma:1 MaxNumAlfAlternativesChroma:8 FastMIP:0 FastLocalDualTree:1 NumSplitThreads:1 NumWppThreads:1+0 EnsureWppBitEqual:0 RPR:0 TemporalFilter:0 


 started @ Mon Jan 13 23:45:00 2025
POC    0 LId:  0 TId: 0 ( IDR_N_LP, I-SLICE, QP 28 )     117344 bits [Y 36.7181 dB    U 41.5237 dB    V 42.2126 dB] [ET    42 ] [L0] [L1]
POC   32 LId:  0 TId: 0 ( TRAIL, B-SLICE, QP 30 )      38248 bits [Y 35.3113 dB    U 40.9391 dB    V 41.7399 dB] [ET    86 ] [L0 0] [L1 0c]
POC   16 LId:  0 TId: 1 ( STSA, B-SLICE, QP 33 )      13208 bits [Y 34.2741 dB    U 41.1120 dB    V 41.7526 dB] [ET    57 ] [L0 0 32] [L1 32c 0]
POC    8 LId:  0 TId: 2 ( STSA, B-SLICE, QP 34 )       7640 bits [Y 34.1249 dB    U 41.2853 dB    V 42.0490 dB] [ET    40 ] [L0 0 16] [L1 16c 32]
POC    4 LId:  0 TId: 3 ( STSA, B-SLICE, QP 37 )       2848 bits [Y 33.5644 dB    U 41.3895 dB    V 42.1531 dB] [ET    22 ] [L0 0 8] [L1 8c 16]
POC    2 LId:  0 TId: 4 ( STSA, B-SLICE, QP 39 )        784 bits [Y 34.0882 dB    U 41.3883 dB    V 42.1614 dB] [ET    11 ] [L0 0 4] [L1 4c 8]
POC    1 LId:  0 TId: 5 ( STSA, B-SLICE, QP 40 )        248 bits [Y 34.9736 dB    U 41.4420 dB    V 42.2110 dB] [ET     4 ] [L0 0 2] [L1 2c 4]
POC    3 LId:  0 TId: 5 ( STSA, B-SLICE, QP 40 )        208 bits [Y 33.6888 dB    U 41.3837 dB    V 42.1274 dB] [ET     8 ] [L0 2c 0] [L1 4 8]
POC    6 LId:  0 TId: 4 ( STSA, B-SLICE, QP 39 )        840 bits [Y 33.4441 dB    U 41.3549 dB    V 42.0788 dB] [ET    11 ] [L0 4c 0] [L1 8 16]
POC    5 LId:  0 TId: 5 ( STSA, B-SLICE, QP 40 )        216 bits [Y 33.4717 dB    U 41.3563 dB    V 42.0653 dB] [ET     5 ] [L0 4 0] [L1 6c 8]
POC    7 LId:  0 TId: 5 ( STSA, B-SLICE, QP 40 )        216 bits [Y 33.7293 dB    U 41.2858 dB    V 42.0568 dB] [ET     9 ] [L0 6c 4] [L1 8 16]
POC   12 LId:  0 TId: 3 ( STSA, B-SLICE, QP 37 )       3088 bits [Y 33.3308 dB    U 41.2375 dB    V 41.9098 dB] [ET    33 ] [L0 8c 0] [L1 16 32]
POC   10 LId:  0 TId: 4 ( STSA, B-SLICE, QP 39 )        840 bits [Y 33.3595 dB    U 41.2168 dB    V 41.9882 dB] [ET    11 ] [L0 8 0] [L1 12c 16]
POC    9 LId:  0 TId: 5 ( STSA, B-SLICE, QP 40 )        224 bits [Y 33.6669 dB    U 41.2404 dB    V 42.0347 dB] [ET     5 ] [L0 8 0] [L1 10c 12]
POC   11 LId:  0 TId: 5 ( STSA, B-SLICE, QP 40 )        264 bits [Y 33.2714 dB    U 41.2166 dB    V 41.9546 dB] [ET    10 ] [L0 10c 8] [L1 12 16]
POC   14 LId:  0 TId: 4 ( STSA, B-SLICE, QP 39 )        808 bits [Y 33.2037 dB    U 41.1926 dB    V 41.8269 dB] [ET    13 ] [L0 12c 8] [L1 16 32]
POC   13 LId:  0 TId: 5 ( STSA, B-SLICE, QP 40 )        240 bits [Y 33.2668 dB    U 41.1989 dB    V 41.8993 dB] [ET     7 ] [L0 12 8] [L1 14c 16]
POC   15 LId:  0 TId: 5 ( STSA, B-SLICE, QP 40 )        240 bits [Y 33.5933 dB    U 41.1122 dB    V 41.8156 dB] [ET     5 ] [L0 14c 12] [L1 16 32]
POC   24 LId:  0 TId: 2 ( STSA, B-SLICE, QP 34 )       7320 bits [Y 33.9040 dB    U 40.9291 dB    V 41.6718 dB] [ET    42 ] [L0 16c 0] [L1 32 16]
POC   20 LId:  0 TId: 3 ( STSA, B-SLICE, QP 37 )       3448 bits [Y 33.2156 dB    U 41.1064 dB    V 41.7490 dB] [ET    25 ] [L0 16 0] [L1 24c 32]
POC   18 LId:  0 TId: 4 ( STSA, B-SLICE, QP 39 )        840 bits [Y 33.4193 dB    U 41.1263 dB    V 41.8039 dB] [ET    12 ] [L0 16 0] [L1 20c 24]
POC   17 LId:  0 TId: 5 ( STSA, B-SLICE, QP 40 )        288 bits [Y 33.8514 dB    U 41.1127 dB    V 41.7963 dB] [ET     5 ] [L0 16 0] [L1 18c 20]
POC   19 LId:  0 TId: 5 ( STSA, B-SLICE, QP 40 )        272 bits [Y 33.2416 dB    U 41.0730 dB    V 41.7664 dB] [ET     5 ] [L0 18c 16] [L1 20 24]
POC   22 LId:  0 TId: 4 ( STSA, B-SLICE, QP 39 )        896 bits [Y 32.9896 dB    U 41.0533 dB    V 41.7383 dB] [ET    15 ] [L0 20c 16] [L1 24 32]
POC   21 LId:  0 TId: 5 ( STSA, B-SLICE, QP 40 )        312 bits [Y 33.0906 dB    U 41.1052 dB    V 41.7887 dB] [ET     6 ] [L0 20 16] [L1 22c 24]
POC   23 LId:  0 TId: 5 ( STSA, B-SLICE, QP 40 )        280 bits [Y 33.4738 dB    U 40.9995 dB    V 41.7171 dB] [ET     7 ] [L0 22c 20] [L1 24 32]
POC   28 LId:  0 TId: 3 ( STSA, B-SLICE, QP 37 )       2240 bits [Y 33.2651 dB    U 40.9576 dB    V 41.7260 dB] [ET    19 ] [L0 24c 16] [L1 32 24]
POC   26 LId:  0 TId: 4 ( STSA, B-SLICE, QP 39 )        936 bits [Y 33.2657 dB    U 40.9475 dB    V 41.6888 dB] [ET    14 ] [L0 24 16] [L1 28c 32]
POC   25 LId:  0 TId: 5 ( STSA, B-SLICE, QP 40 )        296 bits [Y 33.5451 dB    U 40.9908 dB    V 41.7011 dB] [ET     5 ] [L0 24 16] [L1 26c 28]
POC   27 LId:  0 TId: 5 ( STSA, B-SLICE, QP 40 )        280 bits [Y 33.2262 dB    U 40.9577 dB    V 41.7065 dB] [ET     7 ] [L0 26c 24] [L1 28 32]
POC   30 LId:  0 TId: 4 ( STSA, B-SLICE, QP 39 )        704 bits [Y 33.4032 dB    U 40.9981 dB    V 41.7214 dB] [ET    13 ] [L0 28c 16] [L1 32 28]
POC   29 LId:  0 TId: 5 ( STSA, B-SLICE, QP 40 )        280 bits [Y 33.2040 dB    U 40.9447 dB    V 41.7489 dB] [ET     6 ] [L0 28 16] [L1 30c 32]
POC   31 LId:  0 TId: 5 ( STSA, B-SLICE, QP 40 )        296 bits [Y 34.2969 dB    U 40.9344 dB    V 41.7389 dB] [ET     5 ] [L0 30c 28] [L1 32 30]
POC   64 LId:  0 TId: 0 ( CRA, I-SLICE, QP 28 )     122352 bits [Y 36.6083 dB    U 41.0607 dB    V 42.0349 dB] [ET    64 ] [L0] [L1]
POC   48 LId:  0 TId: 1 ( RASL, B-SLICE, QP 33 )      14072 bits [Y 34.4399 dB    U 41.2647 dB    V 42.2974 dB] [ET    48 ] [L0 32c 16] [L1 64 32]
POC   40 LId:  0 TId: 2 ( RASL, B-SLICE, QP 34 )       7296 bits [Y 34.1584 dB    U 41.3551 dB    V 42.1058 dB] [ET    44 ] [L0 32 16] [L1 48c 64]
POC   36 LId:  0 TId: 3 ( RASL, B-SLICE, QP 37 )       2504 bits [Y 33.5252 dB    U 41.2224 dB    V 41.8562 dB] [ET    25 ] [L0 32 16] [L1 40c 48]
POC   34 LId:  0 TId: 4 ( RASL, B-SLICE, QP 39 )        768 bits [Y 33.4485 dB    U 41.0997 dB    V 41.8377 dB] [ET    13 ] [L0 32 16] [L1 36c 40]
POC   33 LId:  0 TId: 5 ( RASL, B-SLICE, QP 40 )        272 bits [Y 34.1541 dB    U 41.0206 dB    V 41.8121 dB] [ET     8 ] [L0 32 34] [L1 34c 36]
POC   35 LId:  0 TId: 5 ( RASL, B-SLICE, QP 40 )        392 bits [Y 33.3977 dB    U 41.1815 dB    V 41.8344 dB] [ET     8 ] [L0 34c 32] [L1 36 40]
POC   38 LId:  0 TId: 4 ( RASL, B-SLICE, QP 39 )        752 bits [Y 33.2488 dB    U 41.3276 dB    V 41.9999 dB] [ET    12 ] [L0 36c 32] [L1 40 48]
POC   37 LId:  0 TId: 5 ( RASL, B-SLICE, QP 40 )        416 bits [Y 33.2928 dB    U 41.2545 dB    V 41.9070 dB] [ET     7 ] [L0 36 32] [L1 38c 40]
POC   39 LId:  0 TId: 5 ( RASL, B-SLICE, QP 40 )        400 bits [Y 33.6575 dB    U 41.3481 dB    V 42.0517 dB] [ET     7 ] [L0 38c 36] [L1 40 48]
POC   44 LId:  0 TId: 3 ( RASL, B-SLICE, QP 37 )       2832 bits [Y 33.4650 dB    U 41.4563 dB    V 42.3185 dB] [ET    10 ] [L0 40c 32] [L1 48 64]
POC   42 LId:  0 TId: 4 ( RASL, B-SLICE, QP 39 )        992 bits [Y 33.2975 dB    U 41.4199 dB    V 42.2271 dB] [ET     5 ] [L0 40 32] [L1 44c 48]
POC   41 LId:  0 TId: 5 ( RASL, B-SLICE, QP 40 )        264 bits [Y 33.7844 dB    U 41.3911 dB    V 42.1569 dB] [ET     2 ] [L0 40 32] [L1 42c 44]
POC   43 LId:  0 TId: 5 ( RASL, B-SLICE, QP 40 )        256 bits [Y 33.3764 dB    U 41.4107 dB    V 42.2191 dB] [ET     3 ] [L0 42c 40] [L1 44 48]
POC   46 LId:  0 TId: 4 ( RASL, B-SLICE, QP 39 )        776 bits [Y 33.2415 dB    U 41.3760 dB    V 42.2793 dB] [ET     3 ] [L0 44c 40] [L1 48 64]
POC   45 LId:  0 TId: 5 ( RASL, B-SLICE, QP 40 )        320 bits [Y 33.3523 dB    U 41.3805 dB    V 42.2667 dB] [ET     2 ] [L0 44 40] [L1 46c 48]
POC   47 LId:  0 TId: 5 ( RASL, B-SLICE, QP 40 )        200 bits [Y 33.7640 dB    U 41.3020 dB    V 42.3199 dB] [ET     3 ] [L0 46c 44] [L1 48 64]
POC   56 LId:  0 TId: 2 ( RASL, B-SLICE, QP 34 )       8136 bits [Y 34.1116 dB    U 41.3809 dB    V 42.2997 dB] [ET    14 ] [L0 48c 32] [L1 64 48]
POC   52 LId:  0 TId: 3 ( RASL, B-SLICE, QP 37 )       2912 bits [Y 33.6316 dB    U 41.2554 dB    V 42.2987 dB] [ET     7 ] [L0 48 32] [L1 56c 64]
POC   50 LId:  0 TId: 4 ( RASL, B-SLICE, QP 39 )        768 bits [Y 33.3167 dB    U 41.2593 dB    V 42.2672 dB] [ET     4 ] [L0 48 32] [L1 52c 56]
POC   49 LId:  0 TId: 5 ( RASL, B-SLICE, QP 40 )        264 bits [Y 33.7431 dB    U 41.2563 dB    V 42.3374 dB] [ET     3 ] [L0 48 32] [L1 50c 52]
POC   51 LId:  0 TId: 5 ( RASL, B-SLICE, QP 40 )        232 bits [Y 33.2653 dB    U 41.2856 dB    V 42.2743 dB] [ET     2 ] [L0 50c 48] [L1 52 56]
POC   54 LId:  0 TId: 4 ( RASL, B-SLICE, QP 39 )       1128 bits [Y 33.2154 dB    U 41.2958 dB    V 42.2499 dB] [ET     5 ] [L0 52c 48] [L1 56 64]
POC   53 LId:  0 TId: 5 ( RASL, B-SLICE, QP 40 )        224 bits [Y 33.3186 dB    U 41.3010 dB    V 42.2609 dB] [ET     3 ] [L0 52 48] [L1 54c 56]
POC   55 LId:  0 TId: 5 ( RASL, B-SLICE, QP 40 )        208 bits [Y 33.6229 dB    U 41.3668 dB    V 42.2796 dB] [ET     2 ] [L0 54c 52] [L1 56 64]
POC   60 LId:  0 TId: 3 ( RASL, B-SLICE, QP 37 )       2928 bits [Y 33.7609 dB    U 41.1464 dB    V 42.1390 dB] [ET     6 ] [L0 56c 48] [L1 64 56]
POC   58 LId:  0 TId: 4 ( RASL, B-SLICE, QP 39 )       1136 bits [Y 33.3962 dB    U 41.2249 dB    V 42.1914 dB] [ET     4 ] [L0 56 48] [L1 60c 64]
POC   57 LId:  0 TId: 5 ( RASL, B-SLICE, QP 40 )        312 bits [Y 33.6733 dB    U 41.2395 dB    V 42.2028 dB] [ET     3 ] [L0 56 48] [L1 58c 60]
POC   59 LId:  0 TId: 5 ( RASL, B-SLICE, QP 40 )        256 bits [Y 33.3449 dB    U 41.1726 dB    V 42.1126 dB] [ET     2 ] [L0 58c 56] [L1 60 64]
POC   62 LId:  0 TId: 4 ( RASL, B-SLICE, QP 39 )        960 bits [Y 33.5694 dB    U 41.1581 dB    V 42.0757 dB] [ET     4 ] [L0 60c 48] [L1 64 60]
POC   61 LId:  0 TId: 5 ( RASL, B-SLICE, QP 40 )        272 bits [Y 33.5918 dB    U 41.1309 dB    V 42.1065 dB] [ET     2 ] [L0 60 48] [L1 62c 64]
POC   63 LId:  0 TId: 5 ( RASL, B-SLICE, QP 40 )        240 bits [Y 34.4782 dB    U 41.0891 dB    V 42.0738 dB] [ET     2 ] [L0 62c 60] [L1 64 62]

LayerId  0
	Total Frames |   Bitrate     Y-PSNR    U-PSNR    V-PSNR    YUV-PSNR   
	       65    a     351.7218   33.7035   41.2084   42.0122   35.0814

 finished @ Tue Jan 14 00:00:26 2025
 Total Time:      926.214 sec. [user]      926.214 sec. [elapsed]
