
VVCSoftware: VTM Encoder Version 10.0 [Windows][VS 1916][64 bit] [SIMD=AVX2] 

TOOL CFG: IBD:1 HAD:1 RDQ:1 RDQTS:1 RDpenalty:0 LQP:0 SQP:0 ASR:1 MinSearchWindow:96 RestrictMESampling:0 FEN:1 ECU:0 FDM:1 CFM:0 ESD:0 TransformSkip:1 TransformSkipFast:1 TransformSkipLog2MaxSize:5 ChromaTS:1 BDPCM:0 Tiles: 1x1 Slices: 1 MCTS:0 SAO:1 ALF:1 CCALF:1 WPP:0 WPB:0 PME:2  WaveFrontSynchro:0 WaveFrontSubstreams:1 ScalingList:0 TMVPMode:1  DQ:1  SignBitHidingFlag:0 RecalQP:0 
TOOL CFG: LFNST:1 MMVD:1 Affine:1 AffineType:1 PROF:1 SbTMVP:1 DualITree:1 IMV:1 BIO:1 LMChroma:1 HorCollocatedChroma:1 VerCollocatedChroma:0 MTS: 1(intra) 0(inter) SBT:1 ISP:1 SMVD:1 CompositeLTReference:0 Bcw:1 BcwFast:1 LADF:0 CIIP:1 Geo:1 AllowDisFracMMVD:1 AffineAmvr:1 AffineAmvrEncOpt:1 DMVR:1 MmvdDisNum:6 JointCbCr:1 ACT:0 PLT:0 IBC:0 HashME:0 WrapAround:0 VirtualBoundariesEnabledFlag:0 VirtualBoundariesPresentInSPSFlag:1 vertical virtual boundaries:[ ] horizontal virtual boundaries:[ ] Reshape:1 (Signal:SDR Opt:0 CSoffset:6) MRL:1 MIP:1 EncDbOpt:0 
FAST TOOL CFG: LCTUFast:1 FastMrg:1 PBIntraFast:1 IMV4PelFast:1 MTSMaxCand: 4(intra) 4(inter) ISPFast:0 FastLFNST:0 AMaxBT:1 E0023FastEnc:1 ContentBasedFastQtbt:0 UseNonLinearAlfLuma:1 UseNonLinearAlfChroma:1 MaxNumAlfAlternativesChroma:8 FastMIP:0 FastLocalDualTree:1 NumSplitThreads:1 NumWppThreads:1+0 EnsureWppBitEqual:0 RPR:0 TemporalFilter:0 


 started @ Tue Jan 14 00:59:51 2025
POC    0 LId:  0 TId: 0 ( IDR_N_LP, I-SLICE, QP 18 )     263512 bits [Y 45.4238 dB    U 47.0138 dB    V 47.6010 dB] [ET    24 ] [L0] [L1]
POC   32 LId:  0 TId: 0 ( CRA, I-SLICE, QP 18 )     269728 bits [Y 45.4217 dB    U 46.9260 dB    V 47.3558 dB] [ET    25 ] [L0] [L1]
POC   16 LId:  0 TId: 1 ( RASL, B-SLICE, QP 21 )      83240 bits [Y 43.0533 dB    U 46.0756 dB    V 47.0928 dB] [ET    35 ] [L0 0 32] [L1 32c 0]
POC    8 LId:  0 TId: 2 ( RASL, B-SLICE, QP 21 )      72384 bits [Y 43.0055 dB    U 45.9756 dB    V 47.0990 dB] [ET    34 ] [L0 0 16] [L1 16c 32]
POC    4 LId:  0 TId: 3 ( RASL, B-SLICE, QP 25 )      33168 bits [Y 40.4198 dB    U 45.9750 dB    V 47.0665 dB] [ET    24 ] [L0 0 8] [L1 8c 16]
POC    2 LId:  0 TId: 4 ( RASL, B-SLICE, QP 27 )      12008 bits [Y 39.6863 dB    U 45.9916 dB    V 47.1233 dB] [ET    13 ] [L0 0 4] [L1 4c 8]
POC    1 LId:  0 TId: 5 ( RASL, B-SLICE, QP 28 )       2192 bits [Y 39.9642 dB    U 46.0406 dB    V 47.1746 dB] [ET     5 ] [L0 0 2] [L1 2c 4]
POC    3 LId:  0 TId: 5 ( RASL, B-SLICE, QP 28 )       2400 bits [Y 39.3825 dB    U 46.0332 dB    V 47.1013 dB] [ET     5 ] [L0 2c 0] [L1 4 8]
POC    6 LId:  0 TId: 4 ( RASL, B-SLICE, QP 27 )      11232 bits [Y 39.5978 dB    U 45.9122 dB    V 46.9457 dB] [ET    12 ] [L0 4c 0] [L1 8 16]
POC    5 LId:  0 TId: 5 ( RASL, B-SLICE, QP 28 )       2280 bits [Y 39.5257 dB    U 45.9452 dB    V 46.9404 dB] [ET     5 ] [L0 4 0] [L1 6c 8]
POC    7 LId:  0 TId: 5 ( RASL, B-SLICE, QP 28 )       2328 bits [Y 40.0072 dB    U 45.8766 dB    V 47.0583 dB] [ET     4 ] [L0 6c 4] [L1 8 16]
POC   12 LId:  0 TId: 3 ( RASL, B-SLICE, QP 25 )      32376 bits [Y 40.4617 dB    U 45.8858 dB    V 46.9429 dB] [ET    21 ] [L0 8 0] [L1 16c 32]
POC   10 LId:  0 TId: 4 ( RASL, B-SLICE, QP 27 )      10632 bits [Y 39.6422 dB    U 45.9283 dB    V 47.0458 dB] [ET    13 ] [L0 8 0] [L1 12c 16]
POC    9 LId:  0 TId: 5 ( RASL, B-SLICE, QP 28 )       2376 bits [Y 39.9371 dB    U 45.9482 dB    V 47.1275 dB] [ET     5 ] [L0 8 0] [L1 10c 12]
POC   11 LId:  0 TId: 5 ( RASL, B-SLICE, QP 28 )       2360 bits [Y 39.5277 dB    U 45.9310 dB    V 47.0912 dB] [ET     5 ] [L0 10c 8] [L1 12 16]
POC   14 LId:  0 TId: 4 ( RASL, B-SLICE, QP 27 )      11872 bits [Y 39.6139 dB    U 45.9844 dB    V 47.0107 dB] [ET    12 ] [L0 12c 8] [L1 16 32]
POC   13 LId:  0 TId: 5 ( RASL, B-SLICE, QP 28 )       2144 bits [Y 39.5445 dB    U 46.0058 dB    V 47.0839 dB] [ET     4 ] [L0 12 8] [L1 14c 16]
POC   15 LId:  0 TId: 5 ( RASL, B-SLICE, QP 28 )       2064 bits [Y 39.8723 dB    U 46.0138 dB    V 47.1066 dB] [ET     4 ] [L0 14c 12] [L1 16 32]
POC   24 LId:  0 TId: 2 ( RASL, B-SLICE, QP 21 )      74880 bits [Y 42.9718 dB    U 45.8873 dB    V 47.0626 dB] [ET    44 ] [L0 16c 0] [L1 32 16]
POC   20 LId:  0 TId: 3 ( RASL, B-SLICE, QP 25 )      33512 bits [Y 40.4656 dB    U 45.8384 dB    V 47.0203 dB] [ET    37 ] [L0 16 0] [L1 24c 32]
POC   18 LId:  0 TId: 4 ( RASL, B-SLICE, QP 27 )      10632 bits [Y 39.6603 dB    U 45.8987 dB    V 47.0000 dB] [ET    24 ] [L0 16 0] [L1 20c 24]
POC   17 LId:  0 TId: 5 ( RASL, B-SLICE, QP 28 )       1984 bits [Y 40.0899 dB    U 45.9860 dB    V 47.0374 dB] [ET    10 ] [L0 16 0] [L1 18c 20]
POC   19 LId:  0 TId: 5 ( RASL, B-SLICE, QP 28 )       2312 bits [Y 39.5739 dB    U 45.8854 dB    V 46.9674 dB] [ET    10 ] [L0 18c 16] [L1 20 24]
POC   22 LId:  0 TId: 4 ( RASL, B-SLICE, QP 27 )      11016 bits [Y 39.6287 dB    U 45.8263 dB    V 46.9849 dB] [ET    27 ] [L0 20c 16] [L1 24 32]
POC   21 LId:  0 TId: 5 ( RASL, B-SLICE, QP 28 )       2064 bits [Y 39.5796 dB    U 45.9658 dB    V 47.0871 dB] [ET     8 ] [L0 20 16] [L1 22c 24]
POC   23 LId:  0 TId: 5 ( RASL, B-SLICE, QP 28 )       1976 bits [Y 39.9574 dB    U 45.9097 dB    V 47.1100 dB] [ET    10 ] [L0 22c 20] [L1 24 32]
POC   28 LId:  0 TId: 3 ( RASL, B-SLICE, QP 25 )      31208 bits [Y 40.3947 dB    U 45.8081 dB    V 46.8190 dB] [ET    36 ] [L0 24c 16] [L1 32 24]
POC   26 LId:  0 TId: 4 ( RASL, B-SLICE, QP 27 )      11504 bits [Y 39.5341 dB    U 45.8024 dB    V 46.9154 dB] [ET    26 ] [L0 24 16] [L1 28c 32]
POC   25 LId:  0 TId: 5 ( RASL, B-SLICE, QP 28 )       1720 bits [Y 39.8655 dB    U 45.8707 dB    V 47.0692 dB] [ET    10 ] [L0 24 16] [L1 26c 28]
POC   27 LId:  0 TId: 5 ( RASL, B-SLICE, QP 28 )       2152 bits [Y 39.4178 dB    U 45.8747 dB    V 46.9209 dB] [ET     9 ] [L0 26c 24] [L1 28 32]
POC   30 LId:  0 TId: 4 ( RASL, B-SLICE, QP 27 )      13664 bits [Y 39.5403 dB    U 45.8471 dB    V 46.8576 dB] [ET    36 ] [L0 28c 16] [L1 32 28]
POC   29 LId:  0 TId: 5 ( RASL, B-SLICE, QP 28 )       2400 bits [Y 39.3165 dB    U 45.8428 dB    V 46.8823 dB] [ET    10 ] [L0 28 16] [L1 30c 32]
POC   31 LId:  0 TId: 5 ( RASL, B-SLICE, QP 28 )       2088 bits [Y 40.0032 dB    U 45.9023 dB    V 46.8973 dB] [ET     9 ] [L0 30c 28] [L1 32 30]
POC   64 LId:  0 TId: 0 ( CRA, I-SLICE, QP 18 )     274656 bits [Y 45.4742 dB    U 46.7847 dB    V 47.4078 dB] [ET    46 ] [L0] [L1]
POC   48 LId:  0 TId: 1 ( RASL, B-SLICE, QP 21 )      91208 bits [Y 43.0287 dB    U 45.7351 dB    V 46.9827 dB] [ET    73 ] [L0 32 64] [L1 64c 32]
POC   40 LId:  0 TId: 2 ( RASL, B-SLICE, QP 21 )      75256 bits [Y 42.9203 dB    U 45.7956 dB    V 46.9367 dB] [ET    66 ] [L0 32 48] [L1 48c 64]
POC   36 LId:  0 TId: 3 ( RASL, B-SLICE, QP 25 )      31248 bits [Y 40.3725 dB    U 45.7281 dB    V 46.7639 dB] [ET    48 ] [L0 32 40] [L1 40c 48]
POC   34 LId:  0 TId: 4 ( RASL, B-SLICE, QP 27 )      15584 bits [Y 39.3381 dB    U 45.8606 dB    V 46.8675 dB] [ET    35 ] [L0 32 36] [L1 36c 40]
POC   33 LId:  0 TId: 5 ( RASL, B-SLICE, QP 28 )       2368 bits [Y 39.7373 dB    U 45.8441 dB    V 46.8916 dB] [ET    10 ] [L0 32 34] [L1 34c 36]
POC   35 LId:  0 TId: 5 ( RASL, B-SLICE, QP 28 )       2248 bits [Y 39.1973 dB    U 45.7900 dB    V 46.7791 dB] [ET    10 ] [L0 34c 32] [L1 36 40]
POC   38 LId:  0 TId: 4 ( RASL, B-SLICE, QP 27 )      14480 bits [Y 39.3072 dB    U 45.7502 dB    V 46.8148 dB] [ET    35 ] [L0 36c 32] [L1 40 48]
POC   37 LId:  0 TId: 5 ( RASL, B-SLICE, QP 28 )       2800 bits [Y 39.1760 dB    U 45.7391 dB    V 46.9094 dB] [ET    12 ] [L0 36 32] [L1 38c 40]
POC   39 LId:  0 TId: 5 ( RASL, B-SLICE, QP 28 )       2424 bits [Y 39.4905 dB    U 45.6996 dB    V 46.9659 dB] [ET    11 ] [L0 38c 36] [L1 40 48]
POC   44 LId:  0 TId: 3 ( RASL, B-SLICE, QP 25 )      29872 bits [Y 40.4225 dB    U 45.6376 dB    V 46.9468 dB] [ET    39 ] [L0 40 32] [L1 48c 64]
POC   42 LId:  0 TId: 4 ( RASL, B-SLICE, QP 27 )      17056 bits [Y 39.3065 dB    U 45.6753 dB    V 47.0425 dB] [ET    43 ] [L0 40 32] [L1 44c 48]
POC   41 LId:  0 TId: 5 ( RASL, B-SLICE, QP 28 )       2856 bits [Y 39.5158 dB    U 45.6723 dB    V 47.0556 dB] [ET    12 ] [L0 40 32] [L1 42c 44]
POC   43 LId:  0 TId: 5 ( RASL, B-SLICE, QP 28 )       2944 bits [Y 39.1628 dB    U 45.7036 dB    V 46.9199 dB] [ET    12 ] [L0 42c 40] [L1 44 48]
POC   46 LId:  0 TId: 4 ( RASL, B-SLICE, QP 27 )      17560 bits [Y 39.2960 dB    U 45.6837 dB    V 46.8090 dB] [ET    27 ] [L0 44c 40] [L1 48 64]
POC   45 LId:  0 TId: 5 ( RASL, B-SLICE, QP 28 )       2936 bits [Y 39.3197 dB    U 45.7178 dB    V 46.9189 dB] [ET    11 ] [L0 44 40] [L1 46c 48]
POC   47 LId:  0 TId: 5 ( RASL, B-SLICE, QP 28 )       3280 bits [Y 39.4691 dB    U 45.7238 dB    V 46.9464 dB] [ET    15 ] [L0 46c 44] [L1 48 64]
POC   56 LId:  0 TId: 2 ( RASL, B-SLICE, QP 21 )      79504 bits [Y 42.9575 dB    U 45.7876 dB    V 46.9320 dB] [ET    58 ] [L0 48c 32] [L1 64 48]
POC   52 LId:  0 TId: 3 ( RASL, B-SLICE, QP 25 )      28856 bits [Y 40.3744 dB    U 45.5203 dB    V 46.8173 dB] [ET    40 ] [L0 48 32] [L1 56c 64]
POC   50 LId:  0 TId: 4 ( RASL, B-SLICE, QP 27 )      16440 bits [Y 39.3487 dB    U 45.5107 dB    V 46.8658 dB] [ET    31 ] [L0 48 32] [L1 52c 56]
POC   49 LId:  0 TId: 5 ( RASL, B-SLICE, QP 28 )       2592 bits [Y 39.2973 dB    U 45.7335 dB    V 47.0472 dB] [ET    11 ] [L0 48 32] [L1 50c 52]
POC   51 LId:  0 TId: 5 ( RASL, B-SLICE, QP 28 )       3488 bits [Y 39.0931 dB    U 45.6292 dB    V 46.8839 dB] [ET    15 ] [L0 50c 48] [L1 52 56]
POC   54 LId:  0 TId: 4 ( RASL, B-SLICE, QP 27 )      17000 bits [Y 39.3695 dB    U 45.5625 dB    V 46.8106 dB] [ET    28 ] [L0 52c 48] [L1 56 64]
POC   53 LId:  0 TId: 5 ( RASL, B-SLICE, QP 28 )       3976 bits [Y 39.1436 dB    U 45.5773 dB    V 46.8289 dB] [ET    16 ] [L0 52 48] [L1 54c 56]
POC   55 LId:  0 TId: 5 ( RASL, B-SLICE, QP 28 )       3000 bits [Y 39.5556 dB    U 45.6977 dB    V 46.9211 dB] [ET    12 ] [L0 54c 52] [L1 56 64]
POC   60 LId:  0 TId: 3 ( RASL, B-SLICE, QP 25 )      28928 bits [Y 40.3153 dB    U 45.5420 dB    V 46.6757 dB] [ET    37 ] [L0 56c 48] [L1 64 56]
POC   58 LId:  0 TId: 4 ( RASL, B-SLICE, QP 27 )      15552 bits [Y 39.3344 dB    U 45.5877 dB    V 46.8371 dB] [ET    26 ] [L0 56 48] [L1 60c 64]
POC   57 LId:  0 TId: 5 ( RASL, B-SLICE, QP 28 )       3480 bits [Y 39.3148 dB    U 45.6490 dB    V 46.7636 dB] [ET    15 ] [L0 56 48] [L1 58c 60]
POC   59 LId:  0 TId: 5 ( RASL, B-SLICE, QP 28 )       4440 bits [Y 38.9333 dB    U 45.6106 dB    V 46.7104 dB] [ET    16 ] [L0 58c 56] [L1 60 64]
POC   62 LId:  0 TId: 4 ( RASL, B-SLICE, QP 27 )      19280 bits [Y 39.2618 dB    U 45.7408 dB    V 46.8209 dB] [ET    32 ] [L0 60c 48] [L1 64 60]
POC   61 LId:  0 TId: 5 ( RASL, B-SLICE, QP 28 )       3352 bits [Y 39.0255 dB    U 45.6673 dB    V 46.7797 dB] [ET    15 ] [L0 60 48] [L1 62c 64]
POC   63 LId:  0 TId: 5 ( RASL, B-SLICE, QP 28 )       2904 bits [Y 39.3979 dB    U 45.7916 dB    V 46.9184 dB] [ET    13 ] [L0 62c 60] [L1 64 62]

LayerId  0
	Total Frames |   Bitrate     Y-PSNR    U-PSNR    V-PSNR    YUV-PSNR   
	       65    a    1701.2086   40.2053   45.8578   46.9718   41.2776

 finished @ Tue Jan 14 01:24:11 2025
 Total Time:     1459.949 sec. [user]     1459.949 sec. [elapsed]
