
VVCSoftware: VTM Encoder Version 10.0 [Windows][VS 1916][64 bit] [SIMD=AVX2] 

TOOL CFG: IBD:1 HAD:1 RDQ:1 RDQTS:1 RDpenalty:0 LQP:0 SQP:0 ASR:1 MinSearchWindow:96 RestrictMESampling:0 FEN:1 ECU:0 FDM:1 CFM:0 ESD:0 TransformSkip:1 TransformSkipFast:1 TransformSkipLog2MaxSize:5 ChromaTS:1 BDPCM:0 Tiles: 1x1 Slices: 1 MCTS:0 SAO:1 ALF:1 CCALF:1 WPP:0 WPB:0 PME:2  WaveFrontSynchro:0 WaveFrontSubstreams:1 ScalingList:0 TMVPMode:1  DQ:1  SignBitHidingFlag:0 RecalQP:0 
TOOL CFG: LFNST:1 MMVD:1 Affine:1 AffineType:1 PROF:1 SbTMVP:1 DualITree:1 IMV:1 BIO:1 LMChroma:1 HorCollocatedChroma:1 VerCollocatedChroma:0 MTS: 1(intra) 0(inter) SBT:1 ISP:1 SMVD:1 CompositeLTReference:0 Bcw:1 BcwFast:1 LADF:0 CIIP:1 Geo:1 AllowDisFracMMVD:1 AffineAmvr:1 AffineAmvrEncOpt:1 DMVR:1 MmvdDisNum:6 JointCbCr:1 ACT:0 PLT:0 IBC:0 HashME:0 WrapAround:0 VirtualBoundariesEnabledFlag:0 VirtualBoundariesPresentInSPSFlag:1 vertical virtual boundaries:[ ] horizontal virtual boundaries:[ ] Reshape:1 (Signal:SDR Opt:0 CSoffset:6) MRL:1 MIP:1 EncDbOpt:0 
FAST TOOL CFG: LCTUFast:1 FastMrg:1 PBIntraFast:1 IMV4PelFast:1 MTSMaxCand: 4(intra) 4(inter) ISPFast:0 FastLFNST:0 AMaxBT:1 E0023FastEnc:1 ContentBasedFastQtbt:0 UseNonLinearAlfLuma:1 UseNonLinearAlfChroma:1 MaxNumAlfAlternativesChroma:8 FastMIP:0 FastLocalDualTree:1 NumSplitThreads:1 NumWppThreads:1+0 EnsureWppBitEqual:0 RPR:0 TemporalFilter:0 


 started @ Mon Jan 13 22:42:33 2025
POC    0 LId:  0 TId: 0 ( IDR_N_LP, I-SLICE, QP 32 )      81472 bits [Y 33.7985 dB    U 39.9300 dB    V 40.1412 dB] [ET    16 ] [L0] [L1]
POC   32 LId:  0 TId: 0 ( CRA, I-SLICE, QP 32 )      84592 bits [Y 33.7155 dB    U 39.9749 dB    V 40.3454 dB] [ET    16 ] [L0] [L1]
POC   16 LId:  0 TId: 1 ( RASL, B-SLICE, QP 38 )       6112 bits [Y 32.0990 dB    U 40.1658 dB    V 40.5032 dB] [ET    12 ] [L0 0 32] [L1 32c 0]
POC    8 LId:  0 TId: 2 ( RASL, B-SLICE, QP 38 )       4080 bits [Y 32.1422 dB    U 40.2110 dB    V 40.5555 dB] [ET     8 ] [L0 0 16] [L1 16c 32]
POC    4 LId:  0 TId: 3 ( RASL, B-SLICE, QP 41 )       1464 bits [Y 31.8266 dB    U 40.1442 dB    V 40.4694 dB] [ET     4 ] [L0 0 8] [L1 8c 16]
POC    2 LId:  0 TId: 4 ( RASL, B-SLICE, QP 43 )        288 bits [Y 32.1389 dB    U 40.0168 dB    V 40.3385 dB] [ET     3 ] [L0 0 4] [L1 4c 8]
POC    1 LId:  0 TId: 5 ( RASL, B-SLICE, QP 44 )        144 bits [Y 32.7786 dB    U 39.9806 dB    V 40.2668 dB] [ET     1 ] [L0 0 2] [L1 2c 4]
POC    3 LId:  0 TId: 5 ( RASL, B-SLICE, QP 44 )        184 bits [Y 31.8987 dB    U 40.0749 dB    V 40.3860 dB] [ET     1 ] [L0 2c 0] [L1 4 8]
POC    6 LId:  0 TId: 4 ( RASL, B-SLICE, QP 43 )        368 bits [Y 31.6424 dB    U 40.1712 dB    V 40.5355 dB] [ET     2 ] [L0 4c 0] [L1 8 16]
POC    5 LId:  0 TId: 5 ( RASL, B-SLICE, QP 44 )        176 bits [Y 31.7662 dB    U 40.1205 dB    V 40.4611 dB] [ET     1 ] [L0 4 0] [L1 6c 8]
POC    7 LId:  0 TId: 5 ( RASL, B-SLICE, QP 44 )        144 bits [Y 31.8869 dB    U 40.1642 dB    V 40.5456 dB] [ET     1 ] [L0 6c 4] [L1 8 16]
POC   12 LId:  0 TId: 3 ( RASL, B-SLICE, QP 41 )       1608 bits [Y 31.5144 dB    U 40.2165 dB    V 40.5290 dB] [ET     4 ] [L0 8 0] [L1 16c 32]
POC   10 LId:  0 TId: 4 ( RASL, B-SLICE, QP 43 )        392 bits [Y 31.5648 dB    U 40.1963 dB    V 40.5452 dB] [ET     3 ] [L0 8 0] [L1 12c 16]
POC    9 LId:  0 TId: 5 ( RASL, B-SLICE, QP 44 )        128 bits [Y 31.8891 dB    U 40.2011 dB    V 40.5517 dB] [ET     1 ] [L0 8 0] [L1 10c 12]
POC   11 LId:  0 TId: 5 ( RASL, B-SLICE, QP 44 )        160 bits [Y 31.5392 dB    U 40.1969 dB    V 40.5502 dB] [ET     1 ] [L0 10c 8] [L1 12 16]
POC   14 LId:  0 TId: 4 ( RASL, B-SLICE, QP 43 )        448 bits [Y 31.4267 dB    U 40.1905 dB    V 40.5278 dB] [ET     2 ] [L0 12c 8] [L1 16 32]
POC   13 LId:  0 TId: 5 ( RASL, B-SLICE, QP 44 )        168 bits [Y 31.4413 dB    U 40.2123 dB    V 40.5577 dB] [ET     1 ] [L0 12 8] [L1 14c 16]
POC   15 LId:  0 TId: 5 ( RASL, B-SLICE, QP 44 )        160 bits [Y 31.6999 dB    U 40.1566 dB    V 40.5077 dB] [ET     1 ] [L0 14c 12] [L1 16 32]
POC   24 LId:  0 TId: 2 ( RASL, B-SLICE, QP 38 )       3840 bits [Y 32.1806 dB    U 40.0722 dB    V 40.5569 dB] [ET     9 ] [L0 16c 0] [L1 32 16]
POC   20 LId:  0 TId: 3 ( RASL, B-SLICE, QP 41 )       1768 bits [Y 31.5415 dB    U 40.1766 dB    V 40.5519 dB] [ET     4 ] [L0 16 0] [L1 24c 32]
POC   18 LId:  0 TId: 4 ( RASL, B-SLICE, QP 43 )        456 bits [Y 31.6530 dB    U 40.1498 dB    V 40.5477 dB] [ET     3 ] [L0 16 0] [L1 20c 24]
POC   17 LId:  0 TId: 5 ( RASL, B-SLICE, QP 44 )        192 bits [Y 31.9258 dB    U 40.1633 dB    V 40.5184 dB] [ET     1 ] [L0 16 0] [L1 18c 20]
POC   19 LId:  0 TId: 5 ( RASL, B-SLICE, QP 44 )        200 bits [Y 31.5129 dB    U 40.1263 dB    V 40.5637 dB] [ET     1 ] [L0 18c 16] [L1 20 24]
POC   22 LId:  0 TId: 4 ( RASL, B-SLICE, QP 43 )        440 bits [Y 31.5118 dB    U 40.1748 dB    V 40.5892 dB] [ET     3 ] [L0 20c 16] [L1 24 32]
POC   21 LId:  0 TId: 5 ( RASL, B-SLICE, QP 44 )        184 bits [Y 31.4731 dB    U 40.1775 dB    V 40.5879 dB] [ET     1 ] [L0 20 16] [L1 22c 24]
POC   23 LId:  0 TId: 5 ( RASL, B-SLICE, QP 44 )        144 bits [Y 31.8358 dB    U 40.1453 dB    V 40.5571 dB] [ET     1 ] [L0 22c 20] [L1 24 32]
POC   28 LId:  0 TId: 3 ( RASL, B-SLICE, QP 41 )       1240 bits [Y 31.8377 dB    U 40.0730 dB    V 40.4726 dB] [ET     4 ] [L0 24c 16] [L1 32 24]
POC   26 LId:  0 TId: 4 ( RASL, B-SLICE, QP 43 )        496 bits [Y 31.7964 dB    U 40.0654 dB    V 40.4947 dB] [ET     3 ] [L0 24 16] [L1 28c 32]
POC   25 LId:  0 TId: 5 ( RASL, B-SLICE, QP 44 )        192 bits [Y 31.9273 dB    U 40.0762 dB    V 40.5143 dB] [ET     1 ] [L0 24 16] [L1 26c 28]
POC   27 LId:  0 TId: 5 ( RASL, B-SLICE, QP 44 )        216 bits [Y 31.7629 dB    U 40.0738 dB    V 40.4865 dB] [ET     2 ] [L0 26c 24] [L1 28 32]
POC   30 LId:  0 TId: 4 ( RASL, B-SLICE, QP 43 )        376 bits [Y 32.0306 dB    U 40.0625 dB    V 40.4286 dB] [ET     2 ] [L0 28c 16] [L1 32 28]
POC   29 LId:  0 TId: 5 ( RASL, B-SLICE, QP 44 )        208 bits [Y 31.8492 dB    U 40.0352 dB    V 40.4486 dB] [ET     1 ] [L0 28 16] [L1 30c 32]
POC   31 LId:  0 TId: 5 ( RASL, B-SLICE, QP 44 )        208 bits [Y 32.8380 dB    U 39.9974 dB    V 40.3950 dB] [ET     1 ] [L0 30c 28] [L1 32 30]
POC   64 LId:  0 TId: 0 ( CRA, I-SLICE, QP 32 )      86336 bits [Y 33.7263 dB    U 39.5338 dB    V 39.9073 dB] [ET    16 ] [L0] [L1]
POC   48 LId:  0 TId: 1 ( RASL, B-SLICE, QP 38 )       6352 bits [Y 31.9450 dB    U 40.0179 dB    V 40.5311 dB] [ET    12 ] [L0 32 64] [L1 64c 32]
POC   40 LId:  0 TId: 2 ( RASL, B-SLICE, QP 38 )       3904 bits [Y 32.0639 dB    U 40.0848 dB    V 40.5041 dB] [ET     9 ] [L0 32 48] [L1 48c 64]
POC   36 LId:  0 TId: 3 ( RASL, B-SLICE, QP 41 )       1376 bits [Y 31.7495 dB    U 40.0626 dB    V 40.4148 dB] [ET     4 ] [L0 32 40] [L1 40c 48]
POC   34 LId:  0 TId: 4 ( RASL, B-SLICE, QP 43 )        504 bits [Y 31.9343 dB    U 39.9763 dB    V 40.4079 dB] [ET     2 ] [L0 32 36] [L1 36c 40]
POC   33 LId:  0 TId: 5 ( RASL, B-SLICE, QP 44 )        256 bits [Y 32.7161 dB    U 39.9977 dB    V 40.3985 dB] [ET     1 ] [L0 32 34] [L1 34c 36]
POC   35 LId:  0 TId: 5 ( RASL, B-SLICE, QP 44 )        216 bits [Y 31.7263 dB    U 40.0502 dB    V 40.4121 dB] [ET     1 ] [L0 34c 32] [L1 36 40]
POC   38 LId:  0 TId: 4 ( RASL, B-SLICE, QP 43 )        432 bits [Y 31.5884 dB    U 40.0408 dB    V 40.4497 dB] [ET     3 ] [L0 36c 32] [L1 40 48]
POC   37 LId:  0 TId: 5 ( RASL, B-SLICE, QP 44 )        208 bits [Y 31.5698 dB    U 40.0235 dB    V 40.4176 dB] [ET     2 ] [L0 36 32] [L1 38c 40]
POC   39 LId:  0 TId: 5 ( RASL, B-SLICE, QP 44 )        248 bits [Y 31.7940 dB    U 40.0592 dB    V 40.4761 dB] [ET     1 ] [L0 38c 36] [L1 40 48]
POC   44 LId:  0 TId: 3 ( RASL, B-SLICE, QP 41 )       1176 bits [Y 31.2923 dB    U 40.1147 dB    V 40.6031 dB] [ET     3 ] [L0 40 32] [L1 48c 64]
POC   42 LId:  0 TId: 4 ( RASL, B-SLICE, QP 43 )        312 bits [Y 31.1866 dB    U 40.0606 dB    V 40.5746 dB] [ET     2 ] [L0 40 32] [L1 44c 48]
POC   41 LId:  0 TId: 5 ( RASL, B-SLICE, QP 44 )        232 bits [Y 31.6623 dB    U 40.0658 dB    V 40.5193 dB] [ET     2 ] [L0 40 32] [L1 42c 44]
POC   43 LId:  0 TId: 5 ( RASL, B-SLICE, QP 44 )        200 bits [Y 31.2089 dB    U 40.0672 dB    V 40.5512 dB] [ET     2 ] [L0 42c 40] [L1 44 48]
POC   46 LId:  0 TId: 4 ( RASL, B-SLICE, QP 43 )        456 bits [Y 31.3197 dB    U 40.0860 dB    V 40.5609 dB] [ET     3 ] [L0 44c 40] [L1 48 64]
POC   45 LId:  0 TId: 5 ( RASL, B-SLICE, QP 44 )        208 bits [Y 31.3187 dB    U 40.0637 dB    V 40.5849 dB] [ET     1 ] [L0 44 40] [L1 46c 48]
POC   47 LId:  0 TId: 5 ( RASL, B-SLICE, QP 44 )        168 bits [Y 31.6931 dB    U 40.0364 dB    V 40.5630 dB] [ET     2 ] [L0 46c 44] [L1 48 64]
POC   56 LId:  0 TId: 2 ( RASL, B-SLICE, QP 38 )       4416 bits [Y 31.9025 dB    U 39.9969 dB    V 40.4118 dB] [ET    10 ] [L0 48c 32] [L1 64 48]
POC   52 LId:  0 TId: 3 ( RASL, B-SLICE, QP 41 )       1328 bits [Y 31.3824 dB    U 39.9750 dB    V 40.5107 dB] [ET     6 ] [L0 48 32] [L1 56c 64]
POC   50 LId:  0 TId: 4 ( RASL, B-SLICE, QP 43 )        416 bits [Y 31.3662 dB    U 40.0005 dB    V 40.5078 dB] [ET     2 ] [L0 48 32] [L1 52c 56]
POC   49 LId:  0 TId: 5 ( RASL, B-SLICE, QP 44 )        160 bits [Y 31.6482 dB    U 40.0314 dB    V 40.5584 dB] [ET     1 ] [L0 48 32] [L1 50c 52]
POC   51 LId:  0 TId: 5 ( RASL, B-SLICE, QP 44 )        200 bits [Y 31.3157 dB    U 40.0385 dB    V 40.5158 dB] [ET     1 ] [L0 50c 48] [L1 52 56]
POC   54 LId:  0 TId: 4 ( RASL, B-SLICE, QP 43 )        600 bits [Y 31.2560 dB    U 39.9506 dB    V 40.4231 dB] [ET     3 ] [L0 52c 48] [L1 56 64]
POC   53 LId:  0 TId: 5 ( RASL, B-SLICE, QP 44 )        160 bits [Y 31.3129 dB    U 39.9878 dB    V 40.4622 dB] [ET     1 ] [L0 52 48] [L1 54c 56]
POC   55 LId:  0 TId: 5 ( RASL, B-SLICE, QP 44 )        192 bits [Y 31.6403 dB    U 39.9845 dB    V 40.4144 dB] [ET     2 ] [L0 54c 52] [L1 56 64]
POC   60 LId:  0 TId: 3 ( RASL, B-SLICE, QP 41 )       1424 bits [Y 31.6870 dB    U 39.7487 dB    V 40.1718 dB] [ET     5 ] [L0 56c 48] [L1 64 56]
POC   58 LId:  0 TId: 4 ( RASL, B-SLICE, QP 43 )        568 bits [Y 31.5479 dB    U 39.8378 dB    V 40.2934 dB] [ET     2 ] [L0 56 48] [L1 60c 64]
POC   57 LId:  0 TId: 5 ( RASL, B-SLICE, QP 44 )        192 bits [Y 31.6956 dB    U 39.8568 dB    V 40.3198 dB] [ET     2 ] [L0 56 48] [L1 58c 60]
POC   59 LId:  0 TId: 5 ( RASL, B-SLICE, QP 44 )        224 bits [Y 31.5421 dB    U 39.8134 dB    V 40.2082 dB] [ET     2 ] [L0 58c 56] [L1 60 64]
POC   62 LId:  0 TId: 4 ( RASL, B-SLICE, QP 43 )        528 bits [Y 31.6405 dB    U 39.7014 dB    V 40.0438 dB] [ET     3 ] [L0 60c 48] [L1 64 60]
POC   61 LId:  0 TId: 5 ( RASL, B-SLICE, QP 44 )        208 bits [Y 31.6100 dB    U 39.7190 dB    V 40.1401 dB] [ET     2 ] [L0 60 48] [L1 62c 64]
POC   63 LId:  0 TId: 5 ( RASL, B-SLICE, QP 44 )        192 bits [Y 32.4811 dB    U 39.6178 dB    V 39.9594 dB] [ET     1 ] [L0 62c 60] [L1 64 62]

LayerId  0
	Total Frames |   Bitrate     Y-PSNR    U-PSNR    V-PSNR    YUV-PSNR   
	       65    a     282.1292   31.8303   40.0384   40.4438   33.2593

 finished @ Mon Jan 13 22:46:44 2025
 Total Time:      251.261 sec. [user]      251.260 sec. [elapsed]
