
VVCSoftware: VTM Encoder Version 10.0 [Windows][VS 1916][64 bit] [SIMD=AVX2] 

TOOL CFG: IBD:1 HAD:1 RDQ:1 RDQTS:1 RDpenalty:0 LQP:0 SQP:0 ASR:1 MinSearchWindow:96 RestrictMESampling:0 FEN:1 ECU:0 FDM:1 CFM:0 ESD:0 TransformSkip:1 TransformSkipFast:1 TransformSkipLog2MaxSize:5 ChromaTS:1 BDPCM:0 Tiles: 1x1 Slices: 1 MCTS:0 SAO:1 ALF:1 CCALF:1 WPP:0 WPB:0 PME:2  WaveFrontSynchro:0 WaveFrontSubstreams:1 ScalingList:0 TMVPMode:1  DQ:1  SignBitHidingFlag:0 RecalQP:0 
TOOL CFG: LFNST:1 MMVD:1 Affine:1 AffineType:1 PROF:1 SbTMVP:1 DualITree:1 IMV:1 BIO:1 LMChroma:1 HorCollocatedChroma:1 VerCollocatedChroma:0 MTS: 1(intra) 0(inter) SBT:1 ISP:1 SMVD:1 CompositeLTReference:0 Bcw:1 BcwFast:1 LADF:0 CIIP:1 Geo:1 AllowDisFracMMVD:1 AffineAmvr:1 AffineAmvrEncOpt:1 DMVR:1 MmvdDisNum:6 JointCbCr:1 ACT:0 PLT:0 IBC:0 HashME:0 WrapAround:0 VirtualBoundariesEnabledFlag:0 VirtualBoundariesPresentInSPSFlag:1 vertical virtual boundaries:[ ] horizontal virtual boundaries:[ ] Reshape:1 (Signal:SDR Opt:0 CSoffset:6) MRL:1 MIP:1 EncDbOpt:0 
FAST TOOL CFG: LCTUFast:1 FastMrg:1 PBIntraFast:1 IMV4PelFast:1 MTSMaxCand: 4(intra) 4(inter) ISPFast:0 FastLFNST:0 AMaxBT:1 E0023FastEnc:1 ContentBasedFastQtbt:0 UseNonLinearAlfLuma:1 UseNonLinearAlfChroma:1 MaxNumAlfAlternativesChroma:8 FastMIP:0 FastLocalDualTree:1 NumSplitThreads:1 NumWppThreads:1+0 EnsureWppBitEqual:0 RPR:0 TemporalFilter:0 


 started @ Mon Jan 13 23:38:31 2025
POC    0 LId:  0 TId: 0 ( IDR_N_LP, I-SLICE, QP 24 )     168056 bits [Y 40.3043 dB    U 43.3449 dB    V 44.1306 dB] [ET    56 ] [L0] [L1]
POC   32 LId:  0 TId: 0 ( CRA, I-SLICE, QP 24 )     173264 bits [Y 40.2609 dB    U 43.1341 dB    V 44.1770 dB] [ET    72 ] [L0] [L1]
POC   16 LId:  0 TId: 1 ( RASL, B-SLICE, QP 28 )      27888 bits [Y 37.8866 dB    U 43.3654 dB    V 44.2947 dB] [ET    81 ] [L0 0 32] [L1 32c 0]
POC    8 LId:  0 TId: 2 ( RASL, B-SLICE, QP 29 )      18648 bits [Y 37.4899 dB    U 43.2489 dB    V 44.2830 dB] [ET    68 ] [L0 0 16] [L1 16c 32]
POC    4 LId:  0 TId: 3 ( RASL, B-SLICE, QP 32 )       8272 bits [Y 36.3550 dB    U 43.3095 dB    V 44.2894 dB] [ET    45 ] [L0 0 8] [L1 8c 16]
POC    2 LId:  0 TId: 4 ( RASL, B-SLICE, QP 34 )       1752 bits [Y 36.3872 dB    U 43.2483 dB    V 44.1997 dB] [ET    17 ] [L0 0 4] [L1 4c 8]
POC    1 LId:  0 TId: 5 ( RASL, B-SLICE, QP 36 )        432 bits [Y 37.4506 dB    U 43.2363 dB    V 44.1975 dB] [ET     7 ] [L0 0 2] [L1 2c 4]
POC    3 LId:  0 TId: 5 ( RASL, B-SLICE, QP 36 )        384 bits [Y 36.1414 dB    U 43.3059 dB    V 44.2754 dB] [ET     9 ] [L0 2c 0] [L1 4 8]
POC    6 LId:  0 TId: 4 ( RASL, B-SLICE, QP 34 )       2088 bits [Y 36.0625 dB    U 43.3592 dB    V 44.3122 dB] [ET    15 ] [L0 4c 0] [L1 8 16]
POC    5 LId:  0 TId: 5 ( RASL, B-SLICE, QP 36 )        440 bits [Y 36.0822 dB    U 43.3291 dB    V 44.2690 dB] [ET    10 ] [L0 4 0] [L1 6c 8]
POC    7 LId:  0 TId: 5 ( RASL, B-SLICE, QP 36 )        424 bits [Y 36.4985 dB    U 43.2776 dB    V 44.3030 dB] [ET    10 ] [L0 6c 4] [L1 8 16]
POC   12 LId:  0 TId: 3 ( RASL, B-SLICE, QP 32 )       7816 bits [Y 36.2761 dB    U 43.3411 dB    V 44.3089 dB] [ET    44 ] [L0 8c 0] [L1 16 32]
POC   10 LId:  0 TId: 4 ( RASL, B-SLICE, QP 34 )       2080 bits [Y 36.1834 dB    U 43.3272 dB    V 44.3439 dB] [ET    17 ] [L0 8 0] [L1 12c 16]
POC    9 LId:  0 TId: 5 ( RASL, B-SLICE, QP 36 )        360 bits [Y 36.5835 dB    U 43.2648 dB    V 44.3132 dB] [ET     9 ] [L0 8 0] [L1 10c 12]
POC   11 LId:  0 TId: 5 ( RASL, B-SLICE, QP 36 )        328 bits [Y 35.9885 dB    U 43.3647 dB    V 44.3951 dB] [ET    10 ] [L0 10c 8] [L1 12 16]
POC   14 LId:  0 TId: 4 ( RASL, B-SLICE, QP 34 )       2088 bits [Y 36.0023 dB    U 43.4125 dB    V 44.3590 dB] [ET    15 ] [L0 12c 8] [L1 16 32]
POC   13 LId:  0 TId: 5 ( RASL, B-SLICE, QP 36 )        360 bits [Y 36.0087 dB    U 43.3621 dB    V 44.4204 dB] [ET    10 ] [L0 12 8] [L1 14c 16]
POC   15 LId:  0 TId: 5 ( RASL, B-SLICE, QP 36 )        456 bits [Y 36.5074 dB    U 43.3424 dB    V 44.3880 dB] [ET     8 ] [L0 14c 12] [L1 16 32]
POC   24 LId:  0 TId: 2 ( RASL, B-SLICE, QP 29 )      17760 bits [Y 37.3615 dB    U 43.1122 dB    V 44.2667 dB] [ET    48 ] [L0 16c 0] [L1 32 16]
POC   20 LId:  0 TId: 3 ( RASL, B-SLICE, QP 32 )       7920 bits [Y 36.2645 dB    U 43.2358 dB    V 44.2385 dB] [ET    45 ] [L0 16 0] [L1 24c 32]
POC   18 LId:  0 TId: 4 ( RASL, B-SLICE, QP 34 )       2056 bits [Y 36.2985 dB    U 43.3023 dB    V 44.2834 dB] [ET    20 ] [L0 16 0] [L1 20c 24]
POC   17 LId:  0 TId: 5 ( RASL, B-SLICE, QP 36 )        456 bits [Y 36.8608 dB    U 43.3585 dB    V 44.3166 dB] [ET    11 ] [L0 16 0] [L1 18c 20]
POC   19 LId:  0 TId: 5 ( RASL, B-SLICE, QP 36 )        432 bits [Y 36.0807 dB    U 43.2070 dB    V 44.2266 dB] [ET     7 ] [L0 18c 16] [L1 20 24]
POC   22 LId:  0 TId: 4 ( RASL, B-SLICE, QP 34 )       2592 bits [Y 36.2315 dB    U 43.2259 dB    V 44.3042 dB] [ET    20 ] [L0 20c 16] [L1 24 32]
POC   21 LId:  0 TId: 5 ( RASL, B-SLICE, QP 36 )        488 bits [Y 36.1435 dB    U 43.2623 dB    V 44.3199 dB] [ET    12 ] [L0 20 16] [L1 22c 24]
POC   23 LId:  0 TId: 5 ( RASL, B-SLICE, QP 36 )        448 bits [Y 36.5688 dB    U 43.2184 dB    V 44.3259 dB] [ET     9 ] [L0 22c 20] [L1 24 32]
POC   28 LId:  0 TId: 3 ( RASL, B-SLICE, QP 32 )       6840 bits [Y 36.3209 dB    U 43.1438 dB    V 44.1895 dB] [ET    40 ] [L0 24c 16] [L1 32 24]
POC   26 LId:  0 TId: 4 ( RASL, B-SLICE, QP 34 )       2088 bits [Y 36.1169 dB    U 43.1144 dB    V 44.1567 dB] [ET    19 ] [L0 24 16] [L1 28c 32]
POC   25 LId:  0 TId: 5 ( RASL, B-SLICE, QP 36 )        552 bits [Y 36.6174 dB    U 43.1845 dB    V 44.2871 dB] [ET    11 ] [L0 24 16] [L1 26c 28]
POC   27 LId:  0 TId: 5 ( RASL, B-SLICE, QP 36 )        424 bits [Y 35.9701 dB    U 43.1806 dB    V 44.2602 dB] [ET    11 ] [L0 26c 24] [L1 28 32]
POC   30 LId:  0 TId: 4 ( RASL, B-SLICE, QP 34 )       1728 bits [Y 36.0628 dB    U 43.0858 dB    V 44.0991 dB] [ET    16 ] [L0 28c 16] [L1 32 28]
POC   29 LId:  0 TId: 5 ( RASL, B-SLICE, QP 36 )        536 bits [Y 35.9577 dB    U 43.1291 dB    V 44.1971 dB] [ET    11 ] [L0 28 16] [L1 30c 32]
POC   31 LId:  0 TId: 5 ( RASL, B-SLICE, QP 36 )        432 bits [Y 37.1559 dB    U 43.0157 dB    V 44.1473 dB] [ET    10 ] [L0 30c 28] [L1 32 30]
POC   64 LId:  0 TId: 0 ( CRA, I-SLICE, QP 24 )     175440 bits [Y 40.2362 dB    U 42.9808 dB    V 44.0111 dB] [ET    72 ] [L0] [L1]
POC   48 LId:  0 TId: 1 ( RASL, B-SLICE, QP 28 )      33000 bits [Y 37.7666 dB    U 42.9976 dB    V 44.2872 dB] [ET    81 ] [L0 32 64] [L1 64c 32]
POC   40 LId:  0 TId: 2 ( RASL, B-SLICE, QP 29 )      18840 bits [Y 37.2849 dB    U 43.0114 dB    V 44.2061 dB] [ET    75 ] [L0 32 48] [L1 48c 64]
POC   36 LId:  0 TId: 3 ( RASL, B-SLICE, QP 32 )       7096 bits [Y 36.2463 dB    U 43.0658 dB    V 44.1463 dB] [ET    42 ] [L0 32 40] [L1 40c 48]
POC   34 LId:  0 TId: 4 ( RASL, B-SLICE, QP 34 )       2344 bits [Y 35.8766 dB    U 43.0525 dB    V 44.1436 dB] [ET    19 ] [L0 32 36] [L1 36c 40]
POC   33 LId:  0 TId: 5 ( RASL, B-SLICE, QP 36 )        448 bits [Y 36.9799 dB    U 43.0504 dB    V 44.1451 dB] [ET     9 ] [L0 32 34] [L1 34c 36]
POC   35 LId:  0 TId: 5 ( RASL, B-SLICE, QP 36 )        536 bits [Y 35.8651 dB    U 43.0908 dB    V 44.1119 dB] [ET    10 ] [L0 34c 32] [L1 36 40]
POC   38 LId:  0 TId: 4 ( RASL, B-SLICE, QP 34 )       2336 bits [Y 35.7542 dB    U 43.0395 dB    V 44.0979 dB] [ET    20 ] [L0 36c 32] [L1 40 48]
POC   37 LId:  0 TId: 5 ( RASL, B-SLICE, QP 36 )        504 bits [Y 35.8344 dB    U 43.0287 dB    V 44.1345 dB] [ET     8 ] [L0 36 32] [L1 38c 40]
POC   39 LId:  0 TId: 5 ( RASL, B-SLICE, QP 36 )        544 bits [Y 36.1090 dB    U 43.0725 dB    V 44.2018 dB] [ET     8 ] [L0 38c 36] [L1 40 48]
POC   44 LId:  0 TId: 3 ( RASL, B-SLICE, QP 32 )       7264 bits [Y 36.2508 dB    U 43.1660 dB    V 44.4056 dB] [ET    44 ] [L0 40c 32] [L1 48 64]
POC   42 LId:  0 TId: 4 ( RASL, B-SLICE, QP 34 )       2704 bits [Y 35.6009 dB    U 43.0683 dB    V 44.4209 dB] [ET    17 ] [L0 40 32] [L1 44c 48]
POC   41 LId:  0 TId: 5 ( RASL, B-SLICE, QP 36 )        360 bits [Y 36.2913 dB    U 43.1104 dB    V 44.3062 dB] [ET     6 ] [L0 40 32] [L1 42c 44]
POC   43 LId:  0 TId: 5 ( RASL, B-SLICE, QP 36 )        392 bits [Y 35.7076 dB    U 43.1585 dB    V 44.3217 dB] [ET     6 ] [L0 42c 40] [L1 44 48]
POC   46 LId:  0 TId: 4 ( RASL, B-SLICE, QP 34 )       2392 bits [Y 35.6248 dB    U 43.0984 dB    V 44.3260 dB] [ET    17 ] [L0 44c 40] [L1 48 64]
POC   45 LId:  0 TId: 5 ( RASL, B-SLICE, QP 36 )        448 bits [Y 35.8327 dB    U 43.1160 dB    V 44.3467 dB] [ET     6 ] [L0 44 40] [L1 46c 48]
POC   47 LId:  0 TId: 5 ( RASL, B-SLICE, QP 36 )        376 bits [Y 36.2332 dB    U 43.0921 dB    V 44.3869 dB] [ET     7 ] [L0 46c 44] [L1 48 64]
POC   56 LId:  0 TId: 2 ( RASL, B-SLICE, QP 29 )      21032 bits [Y 37.2385 dB    U 43.0596 dB    V 44.1914 dB] [ET    38 ] [L0 48c 32] [L1 64 48]
POC   52 LId:  0 TId: 3 ( RASL, B-SLICE, QP 32 )       6816 bits [Y 36.2652 dB    U 42.9565 dB    V 44.3001 dB] [ET    25 ] [L0 48 32] [L1 56c 64]
POC   50 LId:  0 TId: 4 ( RASL, B-SLICE, QP 34 )       2216 bits [Y 35.7325 dB    U 42.9998 dB    V 44.3458 dB] [ET    14 ] [L0 48 32] [L1 52c 56]
POC   49 LId:  0 TId: 5 ( RASL, B-SLICE, QP 36 )        328 bits [Y 36.2627 dB    U 43.0424 dB    V 44.4153 dB] [ET     6 ] [L0 48 32] [L1 50c 52]
POC   51 LId:  0 TId: 5 ( RASL, B-SLICE, QP 36 )        352 bits [Y 35.7302 dB    U 42.9988 dB    V 44.3229 dB] [ET     6 ] [L0 50c 48] [L1 52 56]
POC   54 LId:  0 TId: 4 ( RASL, B-SLICE, QP 34 )       3040 bits [Y 35.7234 dB    U 42.9480 dB    V 44.2680 dB] [ET    18 ] [L0 52c 48] [L1 56 64]
POC   53 LId:  0 TId: 5 ( RASL, B-SLICE, QP 36 )        472 bits [Y 35.8092 dB    U 42.9820 dB    V 44.2747 dB] [ET     8 ] [L0 52 48] [L1 54c 56]
POC   55 LId:  0 TId: 5 ( RASL, B-SLICE, QP 36 )        376 bits [Y 36.1662 dB    U 43.0672 dB    V 44.2283 dB] [ET     7 ] [L0 54c 52] [L1 56 64]
POC   60 LId:  0 TId: 3 ( RASL, B-SLICE, QP 32 )       7512 bits [Y 36.3526 dB    U 42.9007 dB    V 44.0398 dB] [ET    25 ] [L0 56c 48] [L1 64 56]
POC   58 LId:  0 TId: 4 ( RASL, B-SLICE, QP 34 )       2984 bits [Y 35.6945 dB    U 42.9083 dB    V 44.0639 dB] [ET    14 ] [L0 56 48] [L1 60c 64]
POC   57 LId:  0 TId: 5 ( RASL, B-SLICE, QP 36 )        504 bits [Y 36.1173 dB    U 42.9775 dB    V 44.1192 dB] [ET     6 ] [L0 56 48] [L1 58c 60]
POC   59 LId:  0 TId: 5 ( RASL, B-SLICE, QP 36 )        512 bits [Y 35.6179 dB    U 42.8785 dB    V 44.0179 dB] [ET     8 ] [L0 58c 56] [L1 60 64]
POC   62 LId:  0 TId: 4 ( RASL, B-SLICE, QP 34 )       2592 bits [Y 35.7069 dB    U 42.9508 dB    V 44.0121 dB] [ET    12 ] [L0 60c 48] [L1 64 60]
POC   61 LId:  0 TId: 5 ( RASL, B-SLICE, QP 36 )        536 bits [Y 35.8326 dB    U 42.8861 dB    V 44.0194 dB] [ET     7 ] [L0 60 48] [L1 62c 64]
POC   63 LId:  0 TId: 5 ( RASL, B-SLICE, QP 36 )        448 bits [Y 36.6547 dB    U 42.8839 dB    V 43.9944 dB] [ET     6 ] [L0 62c 60] [L1 64 62]

LayerId  0
	Total Frames |   Bitrate     Y-PSNR    U-PSNR    V-PSNR    YUV-PSNR   
	       65    a     705.8142   36.4751   43.1383   44.2383   37.7535

 finished @ Tue Jan 14 00:03:07 2025
 Total Time:     1475.810 sec. [user]     1475.809 sec. [elapsed]
