
VVCSoftware: VTM Encoder Version 10.0 [Windows][VS 1916][64 bit] [SIMD=AVX2] 

TOOL CFG: IBD:1 HAD:1 RDQ:1 RDQTS:1 RDpenalty:0 LQP:0 SQP:0 ASR:1 MinSearchWindow:96 RestrictMESampling:0 FEN:1 ECU:0 FDM:1 CFM:0 ESD:0 TransformSkip:1 TransformSkipFast:1 TransformSkipLog2MaxSize:5 ChromaTS:1 BDPCM:0 Tiles: 1x1 Slices: 1 MCTS:0 SAO:1 ALF:1 CCALF:1 WPP:0 WPB:0 PME:2  WaveFrontSynchro:0 WaveFrontSubstreams:1 ScalingList:0 TMVPMode:1  DQ:1  SignBitHidingFlag:0 RecalQP:0 
TOOL CFG: LFNST:1 MMVD:1 Affine:1 AffineType:1 PROF:1 SbTMVP:1 DualITree:1 IMV:1 BIO:1 LMChroma:1 HorCollocatedChroma:1 VerCollocatedChroma:0 MTS: 1(intra) 0(inter) SBT:1 ISP:1 SMVD:1 CompositeLTReference:0 Bcw:1 BcwFast:1 LADF:0 CIIP:1 Geo:1 AllowDisFracMMVD:1 AffineAmvr:1 AffineAmvrEncOpt:1 DMVR:1 MmvdDisNum:6 JointCbCr:1 ACT:0 PLT:0 IBC:0 HashME:0 WrapAround:0 VirtualBoundariesEnabledFlag:0 VirtualBoundariesPresentInSPSFlag:1 vertical virtual boundaries:[ ] horizontal virtual boundaries:[ ] Reshape:1 (Signal:SDR Opt:0 CSoffset:6) MRL:1 MIP:1 EncDbOpt:0 
FAST TOOL CFG: LCTUFast:1 FastMrg:1 PBIntraFast:1 IMV4PelFast:1 MTSMaxCand: 4(intra) 4(inter) ISPFast:0 FastLFNST:0 AMaxBT:1 E0023FastEnc:1 ContentBasedFastQtbt:0 UseNonLinearAlfLuma:1 UseNonLinearAlfChroma:1 MaxNumAlfAlternativesChroma:8 FastMIP:0 FastLocalDualTree:1 NumSplitThreads:1 NumWppThreads:1+0 EnsureWppBitEqual:0 RPR:0 TemporalFilter:0 


 started @ Mon Jan 13 22:51:18 2025
POC    0 LId:  0 TId: 0 ( IDR_N_LP, I-SLICE, QP 30 )      97960 bits [Y 35.1969 dB    U 40.6974 dB    V 41.3194 dB] [ET    17 ] [L0] [L1]
POC   32 LId:  0 TId: 0 ( CRA, I-SLICE, QP 30 )     100776 bits [Y 35.1088 dB    U 40.6817 dB    V 41.3580 dB] [ET    17 ] [L0] [L1]
POC   16 LId:  0 TId: 1 ( RASL, B-SLICE, QP 36 )       8064 bits [Y 33.2507 dB    U 40.8953 dB    V 41.5690 dB] [ET    14 ] [L0 0 32] [L1 32c 0]
POC    8 LId:  0 TId: 2 ( RASL, B-SLICE, QP 36 )       5600 bits [Y 33.2692 dB    U 40.8129 dB    V 41.5338 dB] [ET     9 ] [L0 0 16] [L1 16c 32]
POC    4 LId:  0 TId: 3 ( RASL, B-SLICE, QP 39 )       2120 bits [Y 32.7617 dB    U 40.7681 dB    V 41.4936 dB] [ET     5 ] [L0 0 8] [L1 8c 16]
POC    2 LId:  0 TId: 4 ( RASL, B-SLICE, QP 41 )        464 bits [Y 33.1658 dB    U 40.6914 dB    V 41.3856 dB] [ET     3 ] [L0 0 4] [L1 4c 8]
POC    1 LId:  0 TId: 5 ( RASL, B-SLICE, QP 42 )        184 bits [Y 33.8307 dB    U 40.6922 dB    V 41.3643 dB] [ET     1 ] [L0 0 2] [L1 2c 4]
POC    3 LId:  0 TId: 5 ( RASL, B-SLICE, QP 42 )        200 bits [Y 32.8678 dB    U 40.7189 dB    V 41.4085 dB] [ET     1 ] [L0 2c 0] [L1 4 8]
POC    6 LId:  0 TId: 4 ( RASL, B-SLICE, QP 41 )        656 bits [Y 32.7394 dB    U 40.8176 dB    V 41.5150 dB] [ET     3 ] [L0 4c 0] [L1 8 16]
POC    5 LId:  0 TId: 5 ( RASL, B-SLICE, QP 42 )        184 bits [Y 32.7351 dB    U 40.7646 dB    V 41.4507 dB] [ET     1 ] [L0 4 0] [L1 6c 8]
POC    7 LId:  0 TId: 5 ( RASL, B-SLICE, QP 42 )        184 bits [Y 32.9889 dB    U 40.7995 dB    V 41.5166 dB] [ET     2 ] [L0 6c 4] [L1 8 16]
POC   12 LId:  0 TId: 3 ( RASL, B-SLICE, QP 39 )       2424 bits [Y 32.6572 dB    U 40.9030 dB    V 41.5456 dB] [ET     5 ] [L0 8 0] [L1 16c 32]
POC   10 LId:  0 TId: 4 ( RASL, B-SLICE, QP 41 )        504 bits [Y 32.6234 dB    U 40.8499 dB    V 41.5407 dB] [ET     3 ] [L0 8 0] [L1 12c 16]
POC    9 LId:  0 TId: 5 ( RASL, B-SLICE, QP 42 )        192 bits [Y 32.9321 dB    U 40.8409 dB    V 41.5729 dB] [ET     1 ] [L0 8 0] [L1 10c 12]
POC   11 LId:  0 TId: 5 ( RASL, B-SLICE, QP 42 )        184 bits [Y 32.5884 dB    U 40.8731 dB    V 41.5766 dB] [ET     2 ] [L0 10c 8] [L1 12 16]
POC   14 LId:  0 TId: 4 ( RASL, B-SLICE, QP 41 )        552 bits [Y 32.4445 dB    U 40.9031 dB    V 41.5593 dB] [ET     3 ] [L0 12c 8] [L1 16 32]
POC   13 LId:  0 TId: 5 ( RASL, B-SLICE, QP 42 )        184 bits [Y 32.5299 dB    U 40.9109 dB    V 41.6135 dB] [ET     2 ] [L0 12 8] [L1 14c 16]
POC   15 LId:  0 TId: 5 ( RASL, B-SLICE, QP 42 )        208 bits [Y 32.7681 dB    U 40.8801 dB    V 41.5511 dB] [ET     2 ] [L0 14c 12] [L1 16 32]
POC   24 LId:  0 TId: 2 ( RASL, B-SLICE, QP 36 )       5368 bits [Y 33.2657 dB    U 40.7752 dB    V 41.4843 dB] [ET     9 ] [L0 16c 0] [L1 32 16]
POC   20 LId:  0 TId: 3 ( RASL, B-SLICE, QP 39 )       2336 bits [Y 32.5742 dB    U 40.8987 dB    V 41.5126 dB] [ET     5 ] [L0 16 0] [L1 24c 32]
POC   18 LId:  0 TId: 4 ( RASL, B-SLICE, QP 41 )        592 bits [Y 32.7069 dB    U 40.8929 dB    V 41.5709 dB] [ET     3 ] [L0 16 0] [L1 20c 24]
POC   17 LId:  0 TId: 5 ( RASL, B-SLICE, QP 42 )        184 bits [Y 33.0190 dB    U 40.9073 dB    V 41.5582 dB] [ET     1 ] [L0 16 0] [L1 18c 20]
POC   19 LId:  0 TId: 5 ( RASL, B-SLICE, QP 42 )        232 bits [Y 32.5772 dB    U 40.8489 dB    V 41.5550 dB] [ET     1 ] [L0 18c 16] [L1 20 24]
POC   22 LId:  0 TId: 4 ( RASL, B-SLICE, QP 41 )        584 bits [Y 32.3491 dB    U 40.8886 dB    V 41.5094 dB] [ET     4 ] [L0 20c 16] [L1 24 32]
POC   21 LId:  0 TId: 5 ( RASL, B-SLICE, QP 42 )        264 bits [Y 32.4227 dB    U 40.8920 dB    V 41.5619 dB] [ET     2 ] [L0 20 16] [L1 22c 24]
POC   23 LId:  0 TId: 5 ( RASL, B-SLICE, QP 42 )        240 bits [Y 32.8437 dB    U 40.8172 dB    V 41.4899 dB] [ET     2 ] [L0 22c 20] [L1 24 32]
POC   28 LId:  0 TId: 3 ( RASL, B-SLICE, QP 39 )       1512 bits [Y 32.7384 dB    U 40.7797 dB    V 41.4624 dB] [ET     4 ] [L0 24c 16] [L1 32 24]
POC   26 LId:  0 TId: 4 ( RASL, B-SLICE, QP 41 )        576 bits [Y 32.7012 dB    U 40.7755 dB    V 41.4324 dB] [ET     3 ] [L0 24 16] [L1 28c 32]
POC   25 LId:  0 TId: 5 ( RASL, B-SLICE, QP 42 )        216 bits [Y 32.9155 dB    U 40.8026 dB    V 41.4583 dB] [ET     2 ] [L0 24 16] [L1 26c 28]
POC   27 LId:  0 TId: 5 ( RASL, B-SLICE, QP 42 )        296 bits [Y 32.7354 dB    U 40.7749 dB    V 41.4288 dB] [ET     2 ] [L0 26c 24] [L1 28 32]
POC   30 LId:  0 TId: 4 ( RASL, B-SLICE, QP 41 )        488 bits [Y 32.9554 dB    U 40.7902 dB    V 41.3967 dB] [ET     3 ] [L0 28c 16] [L1 32 28]
POC   29 LId:  0 TId: 5 ( RASL, B-SLICE, QP 42 )        240 bits [Y 32.6952 dB    U 40.7627 dB    V 41.4466 dB] [ET     1 ] [L0 28 16] [L1 30c 32]
POC   31 LId:  0 TId: 5 ( RASL, B-SLICE, QP 42 )        232 bits [Y 33.9039 dB    U 40.6993 dB    V 41.4078 dB] [ET     1 ] [L0 30c 28] [L1 32 30]
POC   64 LId:  0 TId: 0 ( CRA, I-SLICE, QP 30 )     103056 bits [Y 35.1528 dB    U 40.4118 dB    V 41.0708 dB] [ET    17 ] [L0] [L1]
POC   48 LId:  0 TId: 1 ( RASL, B-SLICE, QP 36 )       8664 bits [Y 33.0479 dB    U 40.6971 dB    V 41.5491 dB] [ET    12 ] [L0 32 64] [L1 64c 32]
POC   40 LId:  0 TId: 2 ( RASL, B-SLICE, QP 36 )       5456 bits [Y 33.1420 dB    U 40.7456 dB    V 41.5019 dB] [ET    10 ] [L0 32 48] [L1 48c 64]
POC   36 LId:  0 TId: 3 ( RASL, B-SLICE, QP 39 )       1792 bits [Y 32.7659 dB    U 40.7601 dB    V 41.3709 dB] [ET     5 ] [L0 32 40] [L1 40c 48]
POC   34 LId:  0 TId: 4 ( RASL, B-SLICE, QP 41 )        584 bits [Y 32.9000 dB    U 40.6976 dB    V 41.3898 dB] [ET     2 ] [L0 32 36] [L1 36c 40]
POC   33 LId:  0 TId: 5 ( RASL, B-SLICE, QP 42 )        256 bits [Y 33.7898 dB    U 40.7092 dB    V 41.3899 dB] [ET     2 ] [L0 32 34] [L1 34c 36]
POC   35 LId:  0 TId: 5 ( RASL, B-SLICE, QP 42 )        248 bits [Y 32.6977 dB    U 40.7633 dB    V 41.3718 dB] [ET     2 ] [L0 34c 32] [L1 36 40]
POC   38 LId:  0 TId: 4 ( RASL, B-SLICE, QP 41 )        568 bits [Y 32.5148 dB    U 40.7548 dB    V 41.4226 dB] [ET     2 ] [L0 36c 32] [L1 40 48]
POC   37 LId:  0 TId: 5 ( RASL, B-SLICE, QP 42 )        256 bits [Y 32.5459 dB    U 40.7234 dB    V 41.3830 dB] [ET     2 ] [L0 36 32] [L1 38c 40]
POC   39 LId:  0 TId: 5 ( RASL, B-SLICE, QP 42 )        256 bits [Y 32.7651 dB    U 40.7518 dB    V 41.4947 dB] [ET     2 ] [L0 38c 36] [L1 40 48]
POC   44 LId:  0 TId: 3 ( RASL, B-SLICE, QP 39 )       1840 bits [Y 32.3652 dB    U 40.8392 dB    V 41.5816 dB] [ET     5 ] [L0 40 32] [L1 48c 64]
POC   42 LId:  0 TId: 4 ( RASL, B-SLICE, QP 41 )        584 bits [Y 32.2118 dB    U 40.7869 dB    V 41.5558 dB] [ET     2 ] [L0 40 32] [L1 44c 48]
POC   41 LId:  0 TId: 5 ( RASL, B-SLICE, QP 42 )        288 bits [Y 32.6991 dB    U 40.7593 dB    V 41.5198 dB] [ET     2 ] [L0 40 32] [L1 42c 44]
POC   43 LId:  0 TId: 5 ( RASL, B-SLICE, QP 42 )        248 bits [Y 32.2748 dB    U 40.7950 dB    V 41.5429 dB] [ET     2 ] [L0 42c 40] [L1 44 48]
POC   46 LId:  0 TId: 4 ( RASL, B-SLICE, QP 41 )        704 bits [Y 32.3023 dB    U 40.7797 dB    V 41.5378 dB] [ET     3 ] [L0 44c 40] [L1 48 64]
POC   45 LId:  0 TId: 5 ( RASL, B-SLICE, QP 42 )        232 bits [Y 32.3304 dB    U 40.7646 dB    V 41.5560 dB] [ET     2 ] [L0 44 40] [L1 46c 48]
POC   47 LId:  0 TId: 5 ( RASL, B-SLICE, QP 42 )        192 bits [Y 32.7005 dB    U 40.7414 dB    V 41.5546 dB] [ET     2 ] [L0 46c 44] [L1 48 64]
POC   56 LId:  0 TId: 2 ( RASL, B-SLICE, QP 36 )       5904 bits [Y 32.9855 dB    U 40.7429 dB    V 41.3951 dB] [ET    12 ] [L0 48c 32] [L1 64 48]
POC   52 LId:  0 TId: 3 ( RASL, B-SLICE, QP 39 )       1960 bits [Y 32.4573 dB    U 40.6409 dB    V 41.4880 dB] [ET     6 ] [L0 48 32] [L1 56c 64]
POC   50 LId:  0 TId: 4 ( RASL, B-SLICE, QP 41 )        632 bits [Y 32.3845 dB    U 40.6747 dB    V 41.4811 dB] [ET     3 ] [L0 48 32] [L1 52c 56]
POC   49 LId:  0 TId: 5 ( RASL, B-SLICE, QP 42 )        232 bits [Y 32.7466 dB    U 40.7102 dB    V 41.5869 dB] [ET     2 ] [L0 48 32] [L1 50c 52]
POC   51 LId:  0 TId: 5 ( RASL, B-SLICE, QP 42 )        200 bits [Y 32.3079 dB    U 40.6700 dB    V 41.4683 dB] [ET     2 ] [L0 50c 48] [L1 52 56]
POC   54 LId:  0 TId: 4 ( RASL, B-SLICE, QP 41 )        672 bits [Y 32.1275 dB    U 40.6666 dB    V 41.3959 dB] [ET     3 ] [L0 52c 48] [L1 56 64]
POC   53 LId:  0 TId: 5 ( RASL, B-SLICE, QP 42 )        200 bits [Y 32.3197 dB    U 40.6767 dB    V 41.4157 dB] [ET     2 ] [L0 52 48] [L1 54c 56]
POC   55 LId:  0 TId: 5 ( RASL, B-SLICE, QP 42 )        208 bits [Y 32.6145 dB    U 40.7307 dB    V 41.4173 dB] [ET     2 ] [L0 54c 52] [L1 56 64]
POC   60 LId:  0 TId: 3 ( RASL, B-SLICE, QP 39 )       1888 bits [Y 32.6528 dB    U 40.5354 dB    V 41.2318 dB] [ET     4 ] [L0 56c 48] [L1 64 56]
POC   58 LId:  0 TId: 4 ( RASL, B-SLICE, QP 41 )        840 bits [Y 32.4330 dB    U 40.6088 dB    V 41.3198 dB] [ET     3 ] [L0 56 48] [L1 60c 64]
POC   57 LId:  0 TId: 5 ( RASL, B-SLICE, QP 42 )        344 bits [Y 32.6790 dB    U 40.6075 dB    V 41.3281 dB] [ET     2 ] [L0 56 48] [L1 58c 60]
POC   59 LId:  0 TId: 5 ( RASL, B-SLICE, QP 42 )        208 bits [Y 32.4594 dB    U 40.5562 dB    V 41.2187 dB] [ET     2 ] [L0 58c 56] [L1 60 64]
POC   62 LId:  0 TId: 4 ( RASL, B-SLICE, QP 41 )        640 bits [Y 32.6569 dB    U 40.5211 dB    V 41.1268 dB] [ET     3 ] [L0 60c 48] [L1 64 60]
POC   61 LId:  0 TId: 5 ( RASL, B-SLICE, QP 42 )        224 bits [Y 32.5751 dB    U 40.5168 dB    V 41.2153 dB] [ET     3 ] [L0 60 48] [L1 62c 64]
POC   63 LId:  0 TId: 5 ( RASL, B-SLICE, QP 42 )        216 bits [Y 33.5510 dB    U 40.4573 dB    V 41.0881 dB] [ET     2 ] [L0 62c 60] [L1 64 62]

LayerId  0
	Total Frames |   Bitrate     Y-PSNR    U-PSNR    V-PSNR    YUV-PSNR   
	       65    a     344.8542   32.8618   40.7477   41.4480   34.2701

 finished @ Mon Jan 13 22:56:09 2025
 Total Time:      290.740 sec. [user]      290.740 sec. [elapsed]
