
VVCSoftware: VTM Encoder Version 10.0 [Windows][VS 1916][64 bit] [SIMD=AVX2] 

TOOL CFG: IBD:1 HAD:1 RDQ:1 RDQTS:1 RDpenalty:0 LQP:0 SQP:0 ASR:1 MinSearchWindow:96 RestrictMESampling:0 FEN:1 ECU:0 FDM:1 CFM:0 ESD:0 TransformSkip:1 TransformSkipFast:1 TransformSkipLog2MaxSize:5 ChromaTS:1 BDPCM:0 Tiles: 1x1 Slices: 1 MCTS:0 SAO:1 ALF:1 CCALF:1 WPP:0 WPB:0 PME:2  WaveFrontSynchro:0 WaveFrontSubstreams:1 ScalingList:0 TMVPMode:1  DQ:1  SignBitHidingFlag:0 RecalQP:0 
TOOL CFG: LFNST:1 MMVD:1 Affine:1 AffineType:1 PROF:1 SbTMVP:1 DualITree:1 IMV:1 BIO:1 LMChroma:1 HorCollocatedChroma:1 VerCollocatedChroma:0 MTS: 1(intra) 0(inter) SBT:1 ISP:1 SMVD:1 CompositeLTReference:0 Bcw:1 BcwFast:1 LADF:0 CIIP:1 Geo:1 AllowDisFracMMVD:1 AffineAmvr:1 AffineAmvrEncOpt:1 DMVR:1 MmvdDisNum:6 JointCbCr:1 ACT:0 PLT:0 IBC:0 HashME:0 WrapAround:0 VirtualBoundariesEnabledFlag:0 VirtualBoundariesPresentInSPSFlag:1 vertical virtual boundaries:[ ] horizontal virtual boundaries:[ ] Reshape:1 (Signal:SDR Opt:0 CSoffset:6) MRL:1 MIP:1 EncDbOpt:0 
FAST TOOL CFG: LCTUFast:1 FastMrg:1 PBIntraFast:1 IMV4PelFast:1 MTSMaxCand: 4(intra) 4(inter) ISPFast:0 FastLFNST:0 AMaxBT:1 E0023FastEnc:1 ContentBasedFastQtbt:0 UseNonLinearAlfLuma:1 UseNonLinearAlfChroma:1 MaxNumAlfAlternativesChroma:8 FastMIP:0 FastLocalDualTree:1 NumSplitThreads:1 NumWppThreads:1+0 EnsureWppBitEqual:0 RPR:0 TemporalFilter:0 


 started @ Tue Jan 14 00:42:40 2025
POC    0 LId:  0 TId: 0 ( IDR_N_LP, I-SLICE, QP 22 )     195792 bits [Y 42.0347 dB    U 44.2711 dB    V 45.0883 dB] [ET    23 ] [L0] [L1]
POC   32 LId:  0 TId: 0 ( TRAIL, B-SLICE, QP 24 )      84768 bits [Y 40.3150 dB    U 43.5611 dB    V 44.4820 dB] [ET    29 ] [L0 0] [L1 0c]
POC   16 LId:  0 TId: 1 ( STSA, B-SLICE, QP 26 )      40104 bits [Y 39.0284 dB    U 43.5706 dB    V 44.4203 dB] [ET    28 ] [L0 0 32] [L1 32c 0]
POC    8 LId:  0 TId: 2 ( STSA, B-SLICE, QP 26 )      32016 bits [Y 39.0537 dB    U 43.6659 dB    V 44.6102 dB] [ET    27 ] [L0 0 16] [L1 16c 32]
POC    4 LId:  0 TId: 3 ( STSA, B-SLICE, QP 30 )      12184 bits [Y 37.3970 dB    U 43.6996 dB    V 44.7063 dB] [ET    15 ] [L0 0 8] [L1 8c 16]
POC    2 LId:  0 TId: 4 ( STSA, B-SLICE, QP 31 )       3744 bits [Y 37.4760 dB    U 43.8025 dB    V 44.7650 dB] [ET     7 ] [L0 0 4] [L1 4c 8]
POC    1 LId:  0 TId: 5 ( STSA, B-SLICE, QP 33 )        760 bits [Y 38.1754 dB    U 43.9238 dB    V 44.9289 dB] [ET     3 ] [L0 0 2] [L1 2c 4]
POC    3 LId:  0 TId: 5 ( STSA, B-SLICE, QP 33 )        552 bits [Y 37.1925 dB    U 43.7977 dB    V 44.7224 dB] [ET     3 ] [L0 2c 0] [L1 4 8]
POC    6 LId:  0 TId: 4 ( STSA, B-SLICE, QP 31 )       4112 bits [Y 37.1687 dB    U 43.7236 dB    V 44.6191 dB] [ET     8 ] [L0 4c 0] [L1 8 16]
POC    5 LId:  0 TId: 5 ( STSA, B-SLICE, QP 33 )        840 bits [Y 37.2054 dB    U 43.6872 dB    V 44.5887 dB] [ET     3 ] [L0 4 0] [L1 6c 8]
POC    7 LId:  0 TId: 5 ( STSA, B-SLICE, QP 33 )        768 bits [Y 37.6630 dB    U 43.6622 dB    V 44.6537 dB] [ET     3 ] [L0 6c 4] [L1 8 16]
POC   12 LId:  0 TId: 3 ( STSA, B-SLICE, QP 30 )      12472 bits [Y 37.3399 dB    U 43.6607 dB    V 44.4941 dB] [ET    17 ] [L0 8 0] [L1 16c 32]
POC   10 LId:  0 TId: 4 ( STSA, B-SLICE, QP 31 )       4128 bits [Y 37.3354 dB    U 43.6595 dB    V 44.5654 dB] [ET     7 ] [L0 8 0] [L1 12c 16]
POC    9 LId:  0 TId: 5 ( STSA, B-SLICE, QP 33 )        888 bits [Y 37.7479 dB    U 43.6906 dB    V 44.6081 dB] [ET     3 ] [L0 8 0] [L1 10c 12]
POC   11 LId:  0 TId: 5 ( STSA, B-SLICE, QP 33 )        832 bits [Y 37.1486 dB    U 43.6713 dB    V 44.5725 dB] [ET     4 ] [L0 10c 8] [L1 12 16]
POC   14 LId:  0 TId: 4 ( STSA, B-SLICE, QP 31 )       4536 bits [Y 37.1015 dB    U 43.6626 dB    V 44.4505 dB] [ET     8 ] [L0 12c 8] [L1 16 32]
POC   13 LId:  0 TId: 5 ( STSA, B-SLICE, QP 33 )        784 bits [Y 37.1295 dB    U 43.6963 dB    V 44.5159 dB] [ET     3 ] [L0 12 8] [L1 14c 16]
POC   15 LId:  0 TId: 5 ( STSA, B-SLICE, QP 33 )        664 bits [Y 37.4508 dB    U 43.5837 dB    V 44.4253 dB] [ET     4 ] [L0 14c 12] [L1 16 32]
POC   24 LId:  0 TId: 2 ( STSA, B-SLICE, QP 26 )      33656 bits [Y 38.9607 dB    U 43.4197 dB    V 44.4216 dB] [ET    20 ] [L0 16c 0] [L1 32 16]
POC   20 LId:  0 TId: 3 ( STSA, B-SLICE, QP 30 )      12928 bits [Y 37.2596 dB    U 43.4131 dB    V 44.3804 dB] [ET    12 ] [L0 16 0] [L1 24c 32]
POC   18 LId:  0 TId: 4 ( STSA, B-SLICE, QP 31 )       3704 bits [Y 37.2655 dB    U 43.5592 dB    V 44.5133 dB] [ET     7 ] [L0 16 0] [L1 20c 24]
POC   17 LId:  0 TId: 5 ( STSA, B-SLICE, QP 33 )        632 bits [Y 37.7591 dB    U 43.5476 dB    V 44.4944 dB] [ET     3 ] [L0 16 0] [L1 18c 20]
POC   19 LId:  0 TId: 5 ( STSA, B-SLICE, QP 33 )        760 bits [Y 37.0242 dB    U 43.4371 dB    V 44.4352 dB] [ET     3 ] [L0 18c 16] [L1 20 24]
POC   22 LId:  0 TId: 4 ( STSA, B-SLICE, QP 31 )       4024 bits [Y 37.2664 dB    U 43.4124 dB    V 44.3896 dB] [ET     8 ] [L0 20c 16] [L1 24 32]
POC   21 LId:  0 TId: 5 ( STSA, B-SLICE, QP 33 )        760 bits [Y 37.1104 dB    U 43.4643 dB    V 44.4510 dB] [ET     3 ] [L0 20 16] [L1 22c 24]
POC   23 LId:  0 TId: 5 ( STSA, B-SLICE, QP 33 )        696 bits [Y 37.6621 dB    U 43.4702 dB    V 44.4445 dB] [ET     4 ] [L0 22c 20] [L1 24 32]
POC   28 LId:  0 TId: 3 ( STSA, B-SLICE, QP 30 )      11048 bits [Y 37.2676 dB    U 43.4548 dB    V 44.4009 dB] [ET    11 ] [L0 24c 16] [L1 32 24]
POC   26 LId:  0 TId: 4 ( STSA, B-SLICE, QP 31 )       4344 bits [Y 37.1975 dB    U 43.4255 dB    V 44.3920 dB] [ET     7 ] [L0 24 16] [L1 28c 32]
POC   25 LId:  0 TId: 5 ( STSA, B-SLICE, QP 33 )        680 bits [Y 37.6716 dB    U 43.4484 dB    V 44.4351 dB] [ET     3 ] [L0 24 16] [L1 26c 28]
POC   27 LId:  0 TId: 5 ( STSA, B-SLICE, QP 33 )        664 bits [Y 36.9523 dB    U 43.4605 dB    V 44.3733 dB] [ET     3 ] [L0 26c 24] [L1 28 32]
POC   30 LId:  0 TId: 4 ( STSA, B-SLICE, QP 31 )       4488 bits [Y 36.9320 dB    U 43.4520 dB    V 44.3854 dB] [ET     9 ] [L0 28c 16] [L1 32 28]
POC   29 LId:  0 TId: 5 ( STSA, B-SLICE, QP 33 )        808 bits [Y 36.8771 dB    U 43.4383 dB    V 44.4131 dB] [ET     3 ] [L0 28 16] [L1 30c 32]
POC   31 LId:  0 TId: 5 ( STSA, B-SLICE, QP 33 )        648 bits [Y 37.8674 dB    U 43.5030 dB    V 44.4644 dB] [ET     3 ] [L0 30c 28] [L1 32 30]
POC   64 LId:  0 TId: 0 ( CRA, I-SLICE, QP 22 )     203408 bits [Y 41.9353 dB    U 44.0411 dB    V 44.9931 dB] [ET    22 ] [L0] [L1]
POC   48 LId:  0 TId: 1 ( RASL, B-SLICE, QP 26 )      43672 bits [Y 39.1458 dB    U 43.8264 dB    V 44.9319 dB] [ET    23 ] [L0 32c 16] [L1 64 32]
POC   40 LId:  0 TId: 2 ( RASL, B-SLICE, QP 26 )      33464 bits [Y 39.0889 dB    U 43.8306 dB    V 44.8986 dB] [ET    22 ] [L0 32 16] [L1 48c 64]
POC   36 LId:  0 TId: 3 ( RASL, B-SLICE, QP 30 )      11032 bits [Y 37.4812 dB    U 43.7244 dB    V 44.7238 dB] [ET    16 ] [L0 32 16] [L1 40c 48]
POC   34 LId:  0 TId: 4 ( RASL, B-SLICE, QP 31 )       5328 bits [Y 37.0413 dB    U 43.6652 dB    V 44.7295 dB] [ET    10 ] [L0 32 16] [L1 36c 40]
POC   33 LId:  0 TId: 5 ( RASL, B-SLICE, QP 33 )        648 bits [Y 37.8536 dB    U 43.6380 dB    V 44.6545 dB] [ET     3 ] [L0 32 34] [L1 34c 36]
POC   35 LId:  0 TId: 5 ( RASL, B-SLICE, QP 33 )        736 bits [Y 37.0323 dB    U 43.7401 dB    V 44.7428 dB] [ET     3 ] [L0 34c 32] [L1 36 40]
POC   38 LId:  0 TId: 4 ( RASL, B-SLICE, QP 31 )       5240 bits [Y 37.0038 dB    U 43.8384 dB    V 44.8167 dB] [ET    10 ] [L0 36c 32] [L1 40 48]
POC   37 LId:  0 TId: 5 ( RASL, B-SLICE, QP 33 )        800 bits [Y 36.9299 dB    U 43.7624 dB    V 44.8322 dB] [ET     3 ] [L0 36 32] [L1 38c 40]
POC   39 LId:  0 TId: 5 ( RASL, B-SLICE, QP 33 )        704 bits [Y 37.3428 dB    U 43.8311 dB    V 44.9622 dB] [ET     3 ] [L0 38c 36] [L1 40 48]
POC   44 LId:  0 TId: 3 ( RASL, B-SLICE, QP 30 )      11048 bits [Y 37.4484 dB    U 43.8495 dB    V 45.0725 dB] [ET    17 ] [L0 40 32] [L1 48c 64]
POC   42 LId:  0 TId: 4 ( RASL, B-SLICE, QP 31 )       5944 bits [Y 36.8154 dB    U 43.8332 dB    V 45.0829 dB] [ET    13 ] [L0 40 32] [L1 44c 48]
POC   41 LId:  0 TId: 5 ( RASL, B-SLICE, QP 33 )        536 bits [Y 37.5007 dB    U 43.8937 dB    V 45.0620 dB] [ET     3 ] [L0 40 32] [L1 42c 44]
POC   43 LId:  0 TId: 5 ( RASL, B-SLICE, QP 33 )        784 bits [Y 36.7608 dB    U 43.8585 dB    V 45.0475 dB] [ET     3 ] [L0 42c 40] [L1 44 48]
POC   46 LId:  0 TId: 4 ( RASL, B-SLICE, QP 31 )       6552 bits [Y 36.9583 dB    U 43.8927 dB    V 45.0233 dB] [ET    12 ] [L0 44c 40] [L1 48 64]
POC   45 LId:  0 TId: 5 ( RASL, B-SLICE, QP 33 )       1136 bits [Y 37.0260 dB    U 43.8708 dB    V 45.0470 dB] [ET     3 ] [L0 44 40] [L1 46c 48]
POC   47 LId:  0 TId: 5 ( RASL, B-SLICE, QP 33 )        728 bits [Y 37.4128 dB    U 43.9074 dB    V 45.0460 dB] [ET     4 ] [L0 46c 44] [L1 48 64]
POC   56 LId:  0 TId: 2 ( RASL, B-SLICE, QP 26 )      35800 bits [Y 39.0788 dB    U 43.9868 dB    V 44.9566 dB] [ET    22 ] [L0 48c 32] [L1 64 48]
POC   52 LId:  0 TId: 3 ( RASL, B-SLICE, QP 30 )       9840 bits [Y 37.4113 dB    U 43.8257 dB    V 44.9840 dB] [ET    16 ] [L0 48 32] [L1 56c 64]
POC   50 LId:  0 TId: 4 ( RASL, B-SLICE, QP 31 )       5656 bits [Y 36.9341 dB    U 43.8535 dB    V 45.0116 dB] [ET    11 ] [L0 48 32] [L1 52c 56]
POC   49 LId:  0 TId: 5 ( RASL, B-SLICE, QP 33 )        528 bits [Y 37.2210 dB    U 43.9061 dB    V 45.0721 dB] [ET     3 ] [L0 48 32] [L1 50c 52]
POC   51 LId:  0 TId: 5 ( RASL, B-SLICE, QP 33 )        816 bits [Y 36.7152 dB    U 43.9013 dB    V 45.0279 dB] [ET     3 ] [L0 50c 48] [L1 52 56]
POC   54 LId:  0 TId: 4 ( RASL, B-SLICE, QP 31 )       6560 bits [Y 37.0171 dB    U 43.8616 dB    V 44.9527 dB] [ET    14 ] [L0 52c 48] [L1 56 64]
POC   53 LId:  0 TId: 5 ( RASL, B-SLICE, QP 33 )       1024 bits [Y 36.9551 dB    U 43.8643 dB    V 44.9916 dB] [ET     4 ] [L0 52 48] [L1 54c 56]
POC   55 LId:  0 TId: 5 ( RASL, B-SLICE, QP 33 )        728 bits [Y 37.4565 dB    U 43.9439 dB    V 44.9833 dB] [ET     3 ] [L0 54c 52] [L1 56 64]
POC   60 LId:  0 TId: 3 ( RASL, B-SLICE, QP 30 )      10832 bits [Y 37.5445 dB    U 43.7629 dB    V 44.8382 dB] [ET    16 ] [L0 56c 48] [L1 64 56]
POC   58 LId:  0 TId: 4 ( RASL, B-SLICE, QP 31 )       5512 bits [Y 36.9749 dB    U 43.8710 dB    V 44.8522 dB] [ET    11 ] [L0 56 48] [L1 60c 64]
POC   57 LId:  0 TId: 5 ( RASL, B-SLICE, QP 33 )        768 bits [Y 37.2753 dB    U 43.8782 dB    V 44.8925 dB] [ET     4 ] [L0 56 48] [L1 58c 60]
POC   59 LId:  0 TId: 5 ( RASL, B-SLICE, QP 33 )       1000 bits [Y 36.7773 dB    U 43.8254 dB    V 44.8193 dB] [ET     3 ] [L0 58c 56] [L1 60 64]
POC   62 LId:  0 TId: 4 ( RASL, B-SLICE, QP 31 )       6832 bits [Y 36.8796 dB    U 43.8623 dB    V 44.8565 dB] [ET    11 ] [L0 60c 48] [L1 64 60]
POC   61 LId:  0 TId: 5 ( RASL, B-SLICE, QP 33 )        840 bits [Y 36.8667 dB    U 43.8243 dB    V 44.8789 dB] [ET     4 ] [L0 60 48] [L1 62c 64]
POC   63 LId:  0 TId: 5 ( RASL, B-SLICE, QP 33 )        728 bits [Y 37.5839 dB    U 43.8493 dB    V 44.9166 dB] [ET     3 ] [L0 62c 60] [L1 64 62]

LayerId  0
	Total Frames |   Bitrate     Y-PSNR    U-PSNR    V-PSNR    YUV-PSNR   
	       65    a     829.8535   37.6078   43.7218   44.7279   38.8230

 finished @ Tue Jan 14 00:53:05 2025
 Total Time:      625.573 sec. [user]      625.573 sec. [elapsed]
