
VVCSoftware: VTM Encoder Version 10.0 [Windows][VS 1916][64 bit] [SIMD=AVX2] 

TOOL CFG: IBD:1 HAD:1 RDQ:1 RDQTS:1 RDpenalty:0 LQP:0 SQP:0 ASR:1 MinSearchWindow:96 RestrictMESampling:0 FEN:1 ECU:0 FDM:1 CFM:0 ESD:0 TransformSkip:1 TransformSkipFast:1 TransformSkipLog2MaxSize:5 ChromaTS:1 BDPCM:0 Tiles: 1x1 Slices: 1 MCTS:0 SAO:1 ALF:1 CCALF:1 WPP:0 WPB:0 PME:2  WaveFrontSynchro:0 WaveFrontSubstreams:1 ScalingList:0 TMVPMode:1  DQ:1  SignBitHidingFlag:0 RecalQP:0 
TOOL CFG: LFNST:1 MMVD:1 Affine:1 AffineType:1 PROF:1 SbTMVP:1 DualITree:1 IMV:1 BIO:1 LMChroma:1 HorCollocatedChroma:1 VerCollocatedChroma:0 MTS: 1(intra) 0(inter) SBT:1 ISP:1 SMVD:1 CompositeLTReference:0 Bcw:1 BcwFast:1 LADF:0 CIIP:1 Geo:1 AllowDisFracMMVD:1 AffineAmvr:1 AffineAmvrEncOpt:1 DMVR:1 MmvdDisNum:6 JointCbCr:1 ACT:0 PLT:0 IBC:0 HashME:0 WrapAround:0 VirtualBoundariesEnabledFlag:0 VirtualBoundariesPresentInSPSFlag:1 vertical virtual boundaries:[ ] horizontal virtual boundaries:[ ] Reshape:1 (Signal:SDR Opt:0 CSoffset:6) MRL:1 MIP:1 EncDbOpt:0 
FAST TOOL CFG: LCTUFast:1 FastMrg:1 PBIntraFast:1 IMV4PelFast:1 MTSMaxCand: 4(intra) 4(inter) ISPFast:0 FastLFNST:0 AMaxBT:1 E0023FastEnc:1 ContentBasedFastQtbt:0 UseNonLinearAlfLuma:1 UseNonLinearAlfChroma:1 MaxNumAlfAlternativesChroma:8 FastMIP:0 FastLocalDualTree:1 NumSplitThreads:1 NumWppThreads:1+0 EnsureWppBitEqual:0 RPR:0 TemporalFilter:0 


 started @ Tue Jan 14 00:00:26 2025
POC    0 LId:  0 TId: 0 ( IDR_N_LP, I-SLICE, QP 27 )     130120 bits [Y 37.6575 dB    U 41.9622 dB    V 42.6922 dB] [ET    19 ] [L0] [L1]
POC   32 LId:  0 TId: 0 ( TRAIL, B-SLICE, QP 29 )      44472 bits [Y 36.1222 dB    U 41.4719 dB    V 42.2140 dB] [ET    26 ] [L0 0] [L1 0c]
POC   16 LId:  0 TId: 1 ( STSA, B-SLICE, QP 32 )      15888 bits [Y 35.0128 dB    U 41.4963 dB    V 42.0872 dB] [ET    19 ] [L0 0 32] [L1 32c 0]
POC    8 LId:  0 TId: 2 ( STSA, B-SLICE, QP 33 )       8920 bits [Y 34.7751 dB    U 41.6372 dB    V 42.3750 dB] [ET    12 ] [L0 0 16] [L1 16c 32]
POC    4 LId:  0 TId: 3 ( STSA, B-SLICE, QP 36 )       3528 bits [Y 34.1802 dB    U 41.7524 dB    V 42.5515 dB] [ET     7 ] [L0 0 8] [L1 8c 16]
POC    2 LId:  0 TId: 4 ( STSA, B-SLICE, QP 37 )       1024 bits [Y 34.7501 dB    U 41.7785 dB    V 42.6175 dB] [ET     4 ] [L0 0 4] [L1 4c 8]
POC    1 LId:  0 TId: 5 ( STSA, B-SLICE, QP 39 )        248 bits [Y 35.5770 dB    U 41.8139 dB    V 42.7095 dB] [ET     1 ] [L0 0 2] [L1 2c 4]
POC    3 LId:  0 TId: 5 ( STSA, B-SLICE, QP 39 )        328 bits [Y 34.2909 dB    U 41.7724 dB    V 42.5526 dB] [ET     2 ] [L0 2c 0] [L1 4 8]
POC    6 LId:  0 TId: 4 ( STSA, B-SLICE, QP 37 )       1248 bits [Y 34.0741 dB    U 41.7287 dB    V 42.4592 dB] [ET     4 ] [L0 4c 0] [L1 8 16]
POC    5 LId:  0 TId: 5 ( STSA, B-SLICE, QP 39 )        296 bits [Y 34.1048 dB    U 41.7142 dB    V 42.4217 dB] [ET     1 ] [L0 4 0] [L1 6c 8]
POC    7 LId:  0 TId: 5 ( STSA, B-SLICE, QP 39 )        232 bits [Y 34.3724 dB    U 41.6437 dB    V 42.3965 dB] [ET     3 ] [L0 6c 4] [L1 8 16]
POC   12 LId:  0 TId: 3 ( STSA, B-SLICE, QP 36 )       3712 bits [Y 33.9661 dB    U 41.5979 dB    V 42.2271 dB] [ET     8 ] [L0 8c 0] [L1 16 32]
POC   10 LId:  0 TId: 4 ( STSA, B-SLICE, QP 37 )       1440 bits [Y 34.1458 dB    U 41.5961 dB    V 42.3298 dB] [ET     4 ] [L0 8 0] [L1 12c 16]
POC    9 LId:  0 TId: 5 ( STSA, B-SLICE, QP 39 )        240 bits [Y 34.3741 dB    U 41.6034 dB    V 42.3578 dB] [ET     3 ] [L0 8 0] [L1 10c 12]
POC   11 LId:  0 TId: 5 ( STSA, B-SLICE, QP 39 )        288 bits [Y 33.9222 dB    U 41.6025 dB    V 42.3102 dB] [ET     1 ] [L0 10c 8] [L1 12 16]
POC   14 LId:  0 TId: 4 ( STSA, B-SLICE, QP 37 )       1088 bits [Y 33.9463 dB    U 41.5699 dB    V 42.1730 dB] [ET     3 ] [L0 12c 8] [L1 16 32]
POC   13 LId:  0 TId: 5 ( STSA, B-SLICE, QP 39 )        232 bits [Y 33.8566 dB    U 41.5921 dB    V 42.2295 dB] [ET     1 ] [L0 12 8] [L1 14c 16]
POC   15 LId:  0 TId: 5 ( STSA, B-SLICE, QP 39 )        280 bits [Y 34.3139 dB    U 41.5083 dB    V 42.1418 dB] [ET     1 ] [L0 14c 12] [L1 16 32]
POC   24 LId:  0 TId: 2 ( STSA, B-SLICE, QP 33 )       8688 bits [Y 34.5986 dB    U 41.3289 dB    V 42.1344 dB] [ET    13 ] [L0 16c 0] [L1 32 16]
POC   20 LId:  0 TId: 3 ( STSA, B-SLICE, QP 36 )       3976 bits [Y 33.8326 dB    U 41.4849 dB    V 42.1211 dB] [ET     8 ] [L0 16 0] [L1 24c 32]
POC   18 LId:  0 TId: 4 ( STSA, B-SLICE, QP 37 )       1128 bits [Y 34.0672 dB    U 41.4860 dB    V 42.1432 dB] [ET     5 ] [L0 16 0] [L1 20c 24]
POC   17 LId:  0 TId: 5 ( STSA, B-SLICE, QP 39 )        392 bits [Y 34.5239 dB    U 41.5205 dB    V 42.1134 dB] [ET     3 ] [L0 16 0] [L1 18c 20]
POC   19 LId:  0 TId: 5 ( STSA, B-SLICE, QP 39 )        216 bits [Y 33.7847 dB    U 41.4591 dB    V 42.1374 dB] [ET     3 ] [L0 18c 16] [L1 20 24]
POC   22 LId:  0 TId: 4 ( STSA, B-SLICE, QP 37 )       1392 bits [Y 33.8600 dB    U 41.4686 dB    V 42.1487 dB] [ET     5 ] [L0 20c 16] [L1 24 32]
POC   21 LId:  0 TId: 5 ( STSA, B-SLICE, QP 39 )        320 bits [Y 33.8191 dB    U 41.4988 dB    V 42.1788 dB] [ET     3 ] [L0 20 16] [L1 22c 24]
POC   23 LId:  0 TId: 5 ( STSA, B-SLICE, QP 39 )        336 bits [Y 34.2321 dB    U 41.4119 dB    V 42.1563 dB] [ET     3 ] [L0 22c 20] [L1 24 32]
POC   28 LId:  0 TId: 3 ( STSA, B-SLICE, QP 36 )       2688 bits [Y 33.8889 dB    U 41.4445 dB    V 42.1714 dB] [ET     6 ] [L0 24c 16] [L1 32 24]
POC   26 LId:  0 TId: 4 ( STSA, B-SLICE, QP 37 )       1104 bits [Y 33.9408 dB    U 41.3849 dB    V 42.1016 dB] [ET     4 ] [L0 24 16] [L1 28c 32]
POC   25 LId:  0 TId: 5 ( STSA, B-SLICE, QP 39 )        320 bits [Y 34.2519 dB    U 41.4029 dB    V 42.1116 dB] [ET     3 ] [L0 24 16] [L1 26c 28]
POC   27 LId:  0 TId: 5 ( STSA, B-SLICE, QP 39 )        288 bits [Y 33.8546 dB    U 41.4244 dB    V 42.1116 dB] [ET     3 ] [L0 26c 24] [L1 28 32]
POC   30 LId:  0 TId: 4 ( STSA, B-SLICE, QP 37 )       1048 bits [Y 34.0668 dB    U 41.5019 dB    V 42.1873 dB] [ET     4 ] [L0 28c 16] [L1 32 28]
POC   29 LId:  0 TId: 5 ( STSA, B-SLICE, QP 39 )        272 bits [Y 33.7789 dB    U 41.4532 dB    V 42.1879 dB] [ET     3 ] [L0 28 16] [L1 30c 32]
POC   31 LId:  0 TId: 5 ( STSA, B-SLICE, QP 39 )        296 bits [Y 34.9205 dB    U 41.4848 dB    V 42.2072 dB] [ET     1 ] [L0 30c 28] [L1 32 30]
POC   64 LId:  0 TId: 0 ( CRA, I-SLICE, QP 27 )     135152 bits [Y 37.4970 dB    U 41.5868 dB    V 42.6104 dB] [ET    19 ] [L0] [L1]
POC   48 LId:  0 TId: 1 ( RASL, B-SLICE, QP 32 )      16280 bits [Y 35.0800 dB    U 41.6712 dB    V 42.7537 dB] [ET    16 ] [L0 32c 16] [L1 64 32]
POC   40 LId:  0 TId: 2 ( RASL, B-SLICE, QP 33 )       8768 bits [Y 34.7533 dB    U 41.8674 dB    V 42.6225 dB] [ET    14 ] [L0 32 16] [L1 48c 64]
POC   36 LId:  0 TId: 3 ( RASL, B-SLICE, QP 36 )       3040 bits [Y 34.0268 dB    U 41.7615 dB    V 42.4198 dB] [ET     7 ] [L0 32 16] [L1 40c 48]
POC   34 LId:  0 TId: 4 ( RASL, B-SLICE, QP 37 )       1232 bits [Y 34.0765 dB    U 41.6440 dB    V 42.3569 dB] [ET     4 ] [L0 32 16] [L1 36c 40]
POC   33 LId:  0 TId: 5 ( RASL, B-SLICE, QP 39 )        376 bits [Y 34.8832 dB    U 41.5456 dB    V 42.2901 dB] [ET     3 ] [L0 32 34] [L1 34c 36]
POC   35 LId:  0 TId: 5 ( RASL, B-SLICE, QP 39 )        296 bits [Y 33.8665 dB    U 41.7107 dB    V 42.3401 dB] [ET     2 ] [L0 34c 32] [L1 36 40]
POC   38 LId:  0 TId: 4 ( RASL, B-SLICE, QP 37 )       1248 bits [Y 33.8644 dB    U 41.8352 dB    V 42.5063 dB] [ET     4 ] [L0 36c 32] [L1 40 48]
POC   37 LId:  0 TId: 5 ( RASL, B-SLICE, QP 39 )        368 bits [Y 33.8579 dB    U 41.7946 dB    V 42.4371 dB] [ET     2 ] [L0 36 32] [L1 38c 40]
POC   39 LId:  0 TId: 5 ( RASL, B-SLICE, QP 39 )        368 bits [Y 34.1729 dB    U 41.8661 dB    V 42.5770 dB] [ET     3 ] [L0 38c 36] [L1 40 48]
POC   44 LId:  0 TId: 3 ( RASL, B-SLICE, QP 36 )       3272 bits [Y 33.9604 dB    U 41.8995 dB    V 42.7718 dB] [ET     6 ] [L0 40c 32] [L1 48 64]
POC   42 LId:  0 TId: 4 ( RASL, B-SLICE, QP 37 )       1552 bits [Y 33.7850 dB    U 41.8748 dB    V 42.7117 dB] [ET     5 ] [L0 40 32] [L1 44c 48]
POC   41 LId:  0 TId: 5 ( RASL, B-SLICE, QP 39 )        320 bits [Y 34.3012 dB    U 41.8975 dB    V 42.6576 dB] [ET     2 ] [L0 40 32] [L1 42c 44]
POC   43 LId:  0 TId: 5 ( RASL, B-SLICE, QP 39 )        304 bits [Y 33.7745 dB    U 41.8852 dB    V 42.6772 dB] [ET     3 ] [L0 42c 40] [L1 44 48]
POC   46 LId:  0 TId: 4 ( RASL, B-SLICE, QP 37 )       1136 bits [Y 33.7886 dB    U 41.7917 dB    V 42.6828 dB] [ET     4 ] [L0 44c 40] [L1 48 64]
POC   45 LId:  0 TId: 5 ( RASL, B-SLICE, QP 39 )        336 bits [Y 33.8543 dB    U 41.8186 dB    V 42.7084 dB] [ET     2 ] [L0 44 40] [L1 46c 48]
POC   47 LId:  0 TId: 5 ( RASL, B-SLICE, QP 39 )        224 bits [Y 34.2818 dB    U 41.7600 dB    V 42.7521 dB] [ET     3 ] [L0 46c 44] [L1 48 64]
POC   56 LId:  0 TId: 2 ( RASL, B-SLICE, QP 33 )       9600 bits [Y 34.7168 dB    U 41.7233 dB    V 42.6485 dB] [ET    14 ] [L0 48c 32] [L1 64 48]
POC   52 LId:  0 TId: 3 ( RASL, B-SLICE, QP 36 )       3512 bits [Y 34.2083 dB    U 41.6844 dB    V 42.7363 dB] [ET     7 ] [L0 48 32] [L1 56c 64]
POC   50 LId:  0 TId: 4 ( RASL, B-SLICE, QP 37 )       1376 bits [Y 34.0294 dB    U 41.6520 dB    V 42.6851 dB] [ET     4 ] [L0 48 32] [L1 52c 56]
POC   49 LId:  0 TId: 5 ( RASL, B-SLICE, QP 39 )        248 bits [Y 34.2952 dB    U 41.6719 dB    V 42.7804 dB] [ET     3 ] [L0 48 32] [L1 50c 52]
POC   51 LId:  0 TId: 5 ( RASL, B-SLICE, QP 39 )        208 bits [Y 33.8057 dB    U 41.6840 dB    V 42.6773 dB] [ET     2 ] [L0 50c 48] [L1 52 56]
POC   54 LId:  0 TId: 4 ( RASL, B-SLICE, QP 37 )       1704 bits [Y 33.8207 dB    U 41.6523 dB    V 42.6273 dB] [ET     6 ] [L0 52c 48] [L1 56 64]
POC   53 LId:  0 TId: 5 ( RASL, B-SLICE, QP 39 )        296 bits [Y 33.9388 dB    U 41.6858 dB    V 42.6456 dB] [ET     3 ] [L0 52 48] [L1 54c 56]
POC   55 LId:  0 TId: 5 ( RASL, B-SLICE, QP 39 )        272 bits [Y 34.2468 dB    U 41.7396 dB    V 42.6190 dB] [ET     3 ] [L0 54c 52] [L1 56 64]
POC   60 LId:  0 TId: 3 ( RASL, B-SLICE, QP 36 )       3568 bits [Y 34.2753 dB    U 41.5157 dB    V 42.5297 dB] [ET     8 ] [L0 56c 48] [L1 64 56]
POC   58 LId:  0 TId: 4 ( RASL, B-SLICE, QP 37 )       1680 bits [Y 34.0760 dB    U 41.6212 dB    V 42.5860 dB] [ET     5 ] [L0 56 48] [L1 60c 64]
POC   57 LId:  0 TId: 5 ( RASL, B-SLICE, QP 39 )        304 bits [Y 34.2723 dB    U 41.6239 dB    V 42.5471 dB] [ET     3 ] [L0 56 48] [L1 58c 60]
POC   59 LId:  0 TId: 5 ( RASL, B-SLICE, QP 39 )        360 bits [Y 33.9303 dB    U 41.5703 dB    V 42.4891 dB] [ET     3 ] [L0 58c 56] [L1 60 64]
POC   62 LId:  0 TId: 4 ( RASL, B-SLICE, QP 37 )       1376 bits [Y 34.0981 dB    U 41.5856 dB    V 42.5323 dB] [ET     4 ] [L0 60c 48] [L1 64 60]
POC   61 LId:  0 TId: 5 ( RASL, B-SLICE, QP 39 )        272 bits [Y 34.0455 dB    U 41.5251 dB    V 42.5264 dB] [ET     3 ] [L0 60 48] [L1 62c 64]
POC   63 LId:  0 TId: 5 ( RASL, B-SLICE, QP 39 )        272 bits [Y 35.1043 dB    U 41.5581 dB    V 42.5551 dB] [ET     3 ] [L0 62c 60] [L1 64 62]

LayerId  0
	Total Frames |   Bitrate     Y-PSNR    U-PSNR    V-PSNR    YUV-PSNR   
	       65    a     401.8782   34.3315   41.6354   42.4326   35.6878

 finished @ Tue Jan 14 00:06:56 2025
 Total Time:      389.074 sec. [user]      389.074 sec. [elapsed]
