
VVCSoftware: VTM Encoder Version 10.0 [Windows][VS 1916][64 bit] [SIMD=AVX2] 

TOOL CFG: IBD:1 HAD:1 RDQ:1 RDQTS:1 RDpenalty:0 LQP:0 SQP:0 ASR:1 MinSearchWindow:96 RestrictMESampling:0 FEN:1 ECU:0 FDM:1 CFM:0 ESD:0 TransformSkip:1 TransformSkipFast:1 TransformSkipLog2MaxSize:5 ChromaTS:1 BDPCM:0 Tiles: 1x1 Slices: 1 MCTS:0 SAO:1 ALF:1 CCALF:1 WPP:0 WPB:0 PME:2  WaveFrontSynchro:0 WaveFrontSubstreams:1 ScalingList:0 TMVPMode:1  DQ:1  SignBitHidingFlag:0 RecalQP:0 
TOOL CFG: LFNST:1 MMVD:1 Affine:1 AffineType:1 PROF:1 SbTMVP:1 DualITree:1 IMV:1 BIO:1 LMChroma:1 HorCollocatedChroma:1 VerCollocatedChroma:0 MTS: 1(intra) 0(inter) SBT:1 ISP:1 SMVD:1 CompositeLTReference:0 Bcw:1 BcwFast:1 LADF:0 CIIP:1 Geo:1 AllowDisFracMMVD:1 AffineAmvr:1 AffineAmvrEncOpt:1 DMVR:1 MmvdDisNum:6 JointCbCr:1 ACT:0 PLT:0 IBC:0 HashME:0 WrapAround:0 VirtualBoundariesEnabledFlag:0 VirtualBoundariesPresentInSPSFlag:1 vertical virtual boundaries:[ ] horizontal virtual boundaries:[ ] Reshape:1 (Signal:SDR Opt:0 CSoffset:6) MRL:1 MIP:1 EncDbOpt:0 
FAST TOOL CFG: LCTUFast:1 FastMrg:1 PBIntraFast:1 IMV4PelFast:1 MTSMaxCand: 4(intra) 4(inter) ISPFast:0 FastLFNST:0 AMaxBT:1 E0023FastEnc:1 ContentBasedFastQtbt:0 UseNonLinearAlfLuma:1 UseNonLinearAlfChroma:1 MaxNumAlfAlternativesChroma:8 FastMIP:0 FastLocalDualTree:1 NumSplitThreads:1 NumWppThreads:1+0 EnsureWppBitEqual:0 RPR:0 TemporalFilter:0 


 started @ Tue Jan 14 00:53:05 2025
POC    0 LId:  0 TId: 0 ( IDR_N_LP, I-SLICE, QP 21 )     210104 bits [Y 42.8619 dB    U 44.7966 dB    V 45.5586 dB] [ET    24 ] [L0] [L1]
POC   32 LId:  0 TId: 0 ( TRAIL, B-SLICE, QP 23 )      95200 bits [Y 41.1024 dB    U 44.0169 dB    V 44.9800 dB] [ET    31 ] [L0 0] [L1 0c]
POC   16 LId:  0 TId: 1 ( STSA, B-SLICE, QP 25 )      47640 bits [Y 39.8115 dB    U 43.9394 dB    V 44.8608 dB] [ET    29 ] [L0 0 32] [L1 32c 0]
POC    8 LId:  0 TId: 2 ( STSA, B-SLICE, QP 25 )      37288 bits [Y 39.7638 dB    U 44.0899 dB    V 45.0329 dB] [ET    28 ] [L0 0 16] [L1 16c 32]
POC    4 LId:  0 TId: 3 ( STSA, B-SLICE, QP 29 )      14944 bits [Y 37.9828 dB    U 44.2048 dB    V 45.1516 dB] [ET    16 ] [L0 0 8] [L1 8c 16]
POC    2 LId:  0 TId: 4 ( STSA, B-SLICE, QP 30 )       4992 bits [Y 37.9336 dB    U 44.2540 dB    V 45.2611 dB] [ET     9 ] [L0 0 4] [L1 4c 8]
POC    1 LId:  0 TId: 5 ( STSA, B-SLICE, QP 32 )        888 bits [Y 38.7198 dB    U 44.4091 dB    V 45.4226 dB] [ET     3 ] [L0 0 2] [L1 2c 4]
POC    3 LId:  0 TId: 5 ( STSA, B-SLICE, QP 32 )        704 bits [Y 37.6275 dB    U 44.2792 dB    V 45.1632 dB] [ET     3 ] [L0 2c 0] [L1 4 8]
POC    6 LId:  0 TId: 4 ( STSA, B-SLICE, QP 30 )       5056 bits [Y 37.6376 dB    U 44.1094 dB    V 45.0630 dB] [ET     8 ] [L0 4c 0] [L1 8 16]
POC    5 LId:  0 TId: 5 ( STSA, B-SLICE, QP 32 )        904 bits [Y 37.6792 dB    U 44.1546 dB    V 45.0614 dB] [ET     3 ] [L0 4 0] [L1 6c 8]
POC    7 LId:  0 TId: 5 ( STSA, B-SLICE, QP 32 )        976 bits [Y 38.2208 dB    U 44.0921 dB    V 45.0563 dB] [ET     3 ] [L0 6c 4] [L1 8 16]
POC   12 LId:  0 TId: 3 ( STSA, B-SLICE, QP 29 )      14968 bits [Y 37.8051 dB    U 44.0424 dB    V 44.9306 dB] [ET    17 ] [L0 8 0] [L1 16c 32]
POC   10 LId:  0 TId: 4 ( STSA, B-SLICE, QP 30 )       5256 bits [Y 37.8174 dB    U 44.0243 dB    V 44.9953 dB] [ET     8 ] [L0 8 0] [L1 12c 16]
POC    9 LId:  0 TId: 5 ( STSA, B-SLICE, QP 32 )        880 bits [Y 38.1839 dB    U 44.0600 dB    V 45.0490 dB] [ET     3 ] [L0 8 0] [L1 10c 12]
POC   11 LId:  0 TId: 5 ( STSA, B-SLICE, QP 32 )       1064 bits [Y 37.6119 dB    U 44.0357 dB    V 44.9760 dB] [ET     4 ] [L0 10c 8] [L1 12 16]
POC   14 LId:  0 TId: 4 ( STSA, B-SLICE, QP 30 )       6264 bits [Y 37.6939 dB    U 43.9690 dB    V 44.9062 dB] [ET    10 ] [L0 12c 8] [L1 16 32]
POC   13 LId:  0 TId: 5 ( STSA, B-SLICE, QP 32 )        984 bits [Y 37.6425 dB    U 44.0023 dB    V 44.9730 dB] [ET     4 ] [L0 12 8] [L1 14c 16]
POC   15 LId:  0 TId: 5 ( STSA, B-SLICE, QP 32 )        848 bits [Y 38.0728 dB    U 43.9330 dB    V 44.8890 dB] [ET     4 ] [L0 14c 12] [L1 16 32]
POC   24 LId:  0 TId: 2 ( STSA, B-SLICE, QP 25 )      38768 bits [Y 39.6388 dB    U 43.8435 dB    V 44.9419 dB] [ET    22 ] [L0 16c 0] [L1 32 16]
POC   20 LId:  0 TId: 3 ( STSA, B-SLICE, QP 29 )      15296 bits [Y 37.8207 dB    U 43.7899 dB    V 44.7927 dB] [ET    13 ] [L0 16 0] [L1 24c 32]
POC   18 LId:  0 TId: 4 ( STSA, B-SLICE, QP 30 )       5152 bits [Y 37.7800 dB    U 43.9235 dB    V 44.8812 dB] [ET     8 ] [L0 16 0] [L1 20c 24]
POC   17 LId:  0 TId: 5 ( STSA, B-SLICE, QP 32 )        824 bits [Y 38.2959 dB    U 43.9551 dB    V 44.8859 dB] [ET     3 ] [L0 16 0] [L1 18c 20]
POC   19 LId:  0 TId: 5 ( STSA, B-SLICE, QP 32 )        888 bits [Y 37.5503 dB    U 43.7938 dB    V 44.8180 dB] [ET     4 ] [L0 18c 16] [L1 20 24]
POC   22 LId:  0 TId: 4 ( STSA, B-SLICE, QP 30 )       5424 bits [Y 37.7335 dB    U 43.8373 dB    V 44.8482 dB] [ET     9 ] [L0 20c 16] [L1 24 32]
POC   21 LId:  0 TId: 5 ( STSA, B-SLICE, QP 32 )        952 bits [Y 37.6072 dB    U 43.8635 dB    V 44.9277 dB] [ET     4 ] [L0 20 16] [L1 22c 24]
POC   23 LId:  0 TId: 5 ( STSA, B-SLICE, QP 32 )       1080 bits [Y 38.2314 dB    U 43.8742 dB    V 44.9752 dB] [ET     4 ] [L0 22c 20] [L1 24 32]
POC   28 LId:  0 TId: 3 ( STSA, B-SLICE, QP 29 )      13552 bits [Y 37.8358 dB    U 43.8470 dB    V 44.8463 dB] [ET    13 ] [L0 24c 16] [L1 32 24]
POC   26 LId:  0 TId: 4 ( STSA, B-SLICE, QP 30 )       5480 bits [Y 37.6777 dB    U 43.8361 dB    V 44.8097 dB] [ET     9 ] [L0 24 16] [L1 28c 32]
POC   25 LId:  0 TId: 5 ( STSA, B-SLICE, QP 32 )        744 bits [Y 38.1117 dB    U 43.9023 dB    V 44.9207 dB] [ET     4 ] [L0 24 16] [L1 26c 28]
POC   27 LId:  0 TId: 5 ( STSA, B-SLICE, QP 32 )        712 bits [Y 37.3815 dB    U 43.8875 dB    V 44.8570 dB] [ET     4 ] [L0 26c 24] [L1 28 32]
POC   30 LId:  0 TId: 4 ( STSA, B-SLICE, QP 30 )       6344 bits [Y 37.5373 dB    U 43.8829 dB    V 44.8771 dB] [ET    11 ] [L0 28c 16] [L1 32 28]
POC   29 LId:  0 TId: 5 ( STSA, B-SLICE, QP 32 )        992 bits [Y 37.3254 dB    U 43.8869 dB    V 44.8906 dB] [ET     4 ] [L0 28 16] [L1 30c 32]
POC   31 LId:  0 TId: 5 ( STSA, B-SLICE, QP 32 )        776 bits [Y 38.3475 dB    U 43.9515 dB    V 44.9496 dB] [ET     3 ] [L0 30c 28] [L1 32 30]
POC   64 LId:  0 TId: 0 ( CRA, I-SLICE, QP 21 )     218760 bits [Y 42.8162 dB    U 44.5481 dB    V 45.3776 dB] [ET    24 ] [L0] [L1]
POC   48 LId:  0 TId: 1 ( RASL, B-SLICE, QP 25 )      50856 bits [Y 39.9336 dB    U 44.1907 dB    V 45.2102 dB] [ET    26 ] [L0 32c 16] [L1 64 32]
POC   40 LId:  0 TId: 2 ( RASL, B-SLICE, QP 25 )      40120 bits [Y 39.8607 dB    U 44.1450 dB    V 45.2249 dB] [ET    24 ] [L0 32 16] [L1 48c 64]
POC   36 LId:  0 TId: 3 ( RASL, B-SLICE, QP 29 )      12720 bits [Y 37.9309 dB    U 44.0894 dB    V 45.0390 dB] [ET    18 ] [L0 32 16] [L1 40c 48]
POC   34 LId:  0 TId: 4 ( RASL, B-SLICE, QP 30 )       7104 bits [Y 37.5913 dB    U 44.0397 dB    V 45.0288 dB] [ET    12 ] [L0 32 16] [L1 36c 40]
POC   33 LId:  0 TId: 5 ( RASL, B-SLICE, QP 32 )        808 bits [Y 38.3432 dB    U 44.0259 dB    V 45.0261 dB] [ET     3 ] [L0 32 34] [L1 34c 36]
POC   35 LId:  0 TId: 5 ( RASL, B-SLICE, QP 32 )       1048 bits [Y 37.5501 dB    U 44.0777 dB    V 44.9933 dB] [ET     4 ] [L0 34c 32] [L1 36 40]
POC   38 LId:  0 TId: 4 ( RASL, B-SLICE, QP 30 )       7232 bits [Y 37.5866 dB    U 44.1547 dB    V 45.1033 dB] [ET    12 ] [L0 36c 32] [L1 40 48]
POC   37 LId:  0 TId: 5 ( RASL, B-SLICE, QP 32 )       1056 bits [Y 37.4429 dB    U 44.0477 dB    V 45.1000 dB] [ET     3 ] [L0 36 32] [L1 38c 40]
POC   39 LId:  0 TId: 5 ( RASL, B-SLICE, QP 32 )        904 bits [Y 37.9431 dB    U 44.1384 dB    V 45.2316 dB] [ET     3 ] [L0 38c 36] [L1 40 48]
POC   44 LId:  0 TId: 3 ( RASL, B-SLICE, QP 29 )      12824 bits [Y 38.0288 dB    U 44.2180 dB    V 45.2533 dB] [ET    17 ] [L0 40 32] [L1 48c 64]
POC   42 LId:  0 TId: 4 ( RASL, B-SLICE, QP 30 )       8152 bits [Y 37.4516 dB    U 44.1562 dB    V 45.3870 dB] [ET    16 ] [L0 40 32] [L1 44c 48]
POC   41 LId:  0 TId: 5 ( RASL, B-SLICE, QP 32 )        944 bits [Y 38.0590 dB    U 44.2001 dB    V 45.3720 dB] [ET     3 ] [L0 40 32] [L1 42c 44]
POC   43 LId:  0 TId: 5 ( RASL, B-SLICE, QP 32 )        880 bits [Y 37.3633 dB    U 44.2043 dB    V 45.2950 dB] [ET     3 ] [L0 42c 40] [L1 44 48]
POC   46 LId:  0 TId: 4 ( RASL, B-SLICE, QP 30 )       8168 bits [Y 37.5197 dB    U 44.2165 dB    V 45.2170 dB] [ET    14 ] [L0 44c 40] [L1 48 64]
POC   45 LId:  0 TId: 5 ( RASL, B-SLICE, QP 32 )       1160 bits [Y 37.5329 dB    U 44.2678 dB    V 45.3017 dB] [ET     4 ] [L0 44 40] [L1 46c 48]
POC   47 LId:  0 TId: 5 ( RASL, B-SLICE, QP 32 )       1024 bits [Y 37.8967 dB    U 44.2360 dB    V 45.3338 dB] [ET     4 ] [L0 46c 44] [L1 48 64]
POC   56 LId:  0 TId: 2 ( RASL, B-SLICE, QP 25 )      41848 bits [Y 39.8266 dB    U 44.3715 dB    V 45.2325 dB] [ET    22 ] [L0 48c 32] [L1 64 48]
POC   52 LId:  0 TId: 3 ( RASL, B-SLICE, QP 29 )      12304 bits [Y 37.9682 dB    U 44.1794 dB    V 45.1872 dB] [ET    17 ] [L0 48 32] [L1 56c 64]
POC   50 LId:  0 TId: 4 ( RASL, B-SLICE, QP 30 )       7400 bits [Y 37.4544 dB    U 44.1887 dB    V 45.3255 dB] [ET    13 ] [L0 48 32] [L1 52c 56]
POC   49 LId:  0 TId: 5 ( RASL, B-SLICE, QP 32 )        832 bits [Y 37.7063 dB    U 44.2642 dB    V 45.3551 dB] [ET     3 ] [L0 48 32] [L1 50c 52]
POC   51 LId:  0 TId: 5 ( RASL, B-SLICE, QP 32 )       1096 bits [Y 37.0960 dB    U 44.2025 dB    V 45.2975 dB] [ET     4 ] [L0 50c 48] [L1 52 56]
POC   54 LId:  0 TId: 4 ( RASL, B-SLICE, QP 30 )       8552 bits [Y 37.5391 dB    U 44.2013 dB    V 45.1665 dB] [ET    13 ] [L0 52c 48] [L1 56 64]
POC   53 LId:  0 TId: 5 ( RASL, B-SLICE, QP 32 )        992 bits [Y 37.4362 dB    U 44.2483 dB    V 45.1689 dB] [ET     4 ] [L0 52 48] [L1 54c 56]
POC   55 LId:  0 TId: 5 ( RASL, B-SLICE, QP 32 )        976 bits [Y 37.9099 dB    U 44.3259 dB    V 45.2077 dB] [ET     4 ] [L0 54c 52] [L1 56 64]
POC   60 LId:  0 TId: 3 ( RASL, B-SLICE, QP 29 )      13304 bits [Y 38.0966 dB    U 44.1536 dB    V 45.1142 dB] [ET    15 ] [L0 56c 48] [L1 64 56]
POC   58 LId:  0 TId: 4 ( RASL, B-SLICE, QP 30 )       7328 bits [Y 37.4856 dB    U 44.2324 dB    V 45.2178 dB] [ET    11 ] [L0 56 48] [L1 60c 64]
POC   57 LId:  0 TId: 5 ( RASL, B-SLICE, QP 32 )       1144 bits [Y 37.7750 dB    U 44.2467 dB    V 45.1694 dB] [ET     4 ] [L0 56 48] [L1 58c 60]
POC   59 LId:  0 TId: 5 ( RASL, B-SLICE, QP 32 )       1160 bits [Y 37.2247 dB    U 44.1921 dB    V 45.1421 dB] [ET     4 ] [L0 58c 56] [L1 60 64]
POC   62 LId:  0 TId: 4 ( RASL, B-SLICE, QP 30 )       9208 bits [Y 37.3816 dB    U 44.2288 dB    V 45.1599 dB] [ET    14 ] [L0 60c 48] [L1 64 60]
POC   61 LId:  0 TId: 5 ( RASL, B-SLICE, QP 32 )       1104 bits [Y 37.3189 dB    U 44.1470 dB    V 45.1768 dB] [ET     3 ] [L0 60 48] [L1 62c 64]
POC   63 LId:  0 TId: 5 ( RASL, B-SLICE, QP 32 )        928 bits [Y 38.0011 dB    U 44.2141 dB    V 45.1816 dB] [ET     3 ] [L0 62c 60] [L1 64 62]

LayerId  0
	Total Frames |   Bitrate     Y-PSNR    U-PSNR    V-PSNR    YUV-PSNR   
	       65    a     948.8123   38.1556   44.1052   45.0946   39.3394

 finished @ Tue Jan 14 01:04:21 2025
 Total Time:      675.803 sec. [user]      675.803 sec. [elapsed]
