
VVCSoftware: VTM Encoder Version 10.0 [Windows][VS 1916][64 bit] [SIMD=AVX2] 

TOOL CFG: IBD:1 HAD:1 RDQ:1 RDQTS:1 RDpenalty:0 LQP:0 SQP:0 ASR:1 MinSearchWindow:96 RestrictMESampling:0 FEN:1 ECU:0 FDM:1 CFM:0 ESD:0 TransformSkip:1 TransformSkipFast:1 TransformSkipLog2MaxSize:5 ChromaTS:1 BDPCM:0 Tiles: 1x1 Slices: 1 MCTS:0 SAO:1 ALF:1 CCALF:1 WPP:0 WPB:0 PME:2  WaveFrontSynchro:0 WaveFrontSubstreams:1 ScalingList:0 TMVPMode:1  DQ:1  SignBitHidingFlag:0 RecalQP:0 
TOOL CFG: LFNST:1 MMVD:1 Affine:1 AffineType:1 PROF:1 SbTMVP:1 DualITree:1 IMV:1 BIO:1 LMChroma:1 HorCollocatedChroma:1 VerCollocatedChroma:0 MTS: 1(intra) 0(inter) SBT:1 ISP:1 SMVD:1 CompositeLTReference:0 Bcw:1 BcwFast:1 LADF:0 CIIP:1 Geo:1 AllowDisFracMMVD:1 AffineAmvr:1 AffineAmvrEncOpt:1 DMVR:1 MmvdDisNum:6 JointCbCr:1 ACT:0 PLT:0 IBC:0 HashME:0 WrapAround:0 VirtualBoundariesEnabledFlag:0 VirtualBoundariesPresentInSPSFlag:1 vertical virtual boundaries:[ ] horizontal virtual boundaries:[ ] Reshape:1 (Signal:SDR Opt:0 CSoffset:6) MRL:1 MIP:1 EncDbOpt:0 
FAST TOOL CFG: LCTUFast:1 FastMrg:1 PBIntraFast:1 IMV4PelFast:1 MTSMaxCand: 4(intra) 4(inter) ISPFast:0 FastLFNST:0 AMaxBT:1 E0023FastEnc:1 ContentBasedFastQtbt:0 UseNonLinearAlfLuma:1 UseNonLinearAlfChroma:1 MaxNumAlfAlternativesChroma:8 FastMIP:0 FastLocalDualTree:1 NumSplitThreads:1 NumWppThreads:1+0 EnsureWppBitEqual:0 RPR:0 TemporalFilter:0 


 started @ Tue Jan 14 01:24:12 2025
POC    0 LId:  0 TId: 0 ( IDR_N_LP, I-SLICE, QP 17 )     283192 bits [Y 46.3253 dB    U 47.5297 dB    V 48.0610 dB] [ET    43 ] [L0] [L1]
POC   32 LId:  0 TId: 0 ( CRA, I-SLICE, QP 17 )     289584 bits [Y 46.3165 dB    U 47.4590 dB    V 47.9027 dB] [ET    49 ] [L0] [L1]
POC   16 LId:  0 TId: 1 ( RASL, B-SLICE, QP 20 )      95056 bits [Y 43.8518 dB    U 46.4222 dB    V 47.3119 dB] [ET    83 ] [L0 0 32] [L1 32c 0]
POC    8 LId:  0 TId: 2 ( RASL, B-SLICE, QP 20 )      82776 bits [Y 43.8114 dB    U 46.3188 dB    V 47.3512 dB] [ET    75 ] [L0 0 16] [L1 16c 32]
POC    4 LId:  0 TId: 3 ( RASL, B-SLICE, QP 24 )      39200 bits [Y 41.0949 dB    U 46.2145 dB    V 47.3208 dB] [ET    54 ] [L0 0 8] [L1 8c 16]
POC    2 LId:  0 TId: 4 ( RASL, B-SLICE, QP 25 )      18760 bits [Y 40.6585 dB    U 46.2525 dB    V 47.3316 dB] [ET    38 ] [L0 0 4] [L1 4c 8]
POC    1 LId:  0 TId: 5 ( RASL, B-SLICE, QP 27 )       2288 bits [Y 40.5921 dB    U 46.2962 dB    V 47.4589 dB] [ET    10 ] [L0 0 2] [L1 2c 4]
POC    3 LId:  0 TId: 5 ( RASL, B-SLICE, QP 27 )       2640 bits [Y 39.9132 dB    U 46.2940 dB    V 47.3446 dB] [ET    12 ] [L0 2c 0] [L1 4 8]
POC    6 LId:  0 TId: 4 ( RASL, B-SLICE, QP 25 )      20096 bits [Y 40.6124 dB    U 46.2223 dB    V 47.2688 dB] [ET    30 ] [L0 4c 0] [L1 8 16]
POC    5 LId:  0 TId: 5 ( RASL, B-SLICE, QP 27 )       2688 bits [Y 40.1142 dB    U 46.1977 dB    V 47.2171 dB] [ET    10 ] [L0 4 0] [L1 6c 8]
POC    7 LId:  0 TId: 5 ( RASL, B-SLICE, QP 27 )       2632 bits [Y 40.5475 dB    U 46.1996 dB    V 47.3554 dB] [ET    11 ] [L0 6c 4] [L1 8 16]
POC   12 LId:  0 TId: 3 ( RASL, B-SLICE, QP 24 )      39688 bits [Y 41.1132 dB    U 46.1886 dB    V 47.1325 dB] [ET    45 ] [L0 8 0] [L1 16c 32]
POC   10 LId:  0 TId: 4 ( RASL, B-SLICE, QP 25 )      18944 bits [Y 40.6097 dB    U 46.2197 dB    V 47.2906 dB] [ET    32 ] [L0 8 0] [L1 12c 16]
POC    9 LId:  0 TId: 5 ( RASL, B-SLICE, QP 27 )       3088 bits [Y 40.4635 dB    U 46.2859 dB    V 47.3941 dB] [ET    12 ] [L0 8 0] [L1 10c 12]
POC   11 LId:  0 TId: 5 ( RASL, B-SLICE, QP 27 )       2952 bits [Y 40.0911 dB    U 46.2664 dB    V 47.2511 dB] [ET    11 ] [L0 10c 8] [L1 12 16]
POC   14 LId:  0 TId: 4 ( RASL, B-SLICE, QP 25 )      21072 bits [Y 40.6773 dB    U 46.2907 dB    V 47.2393 dB] [ET    36 ] [L0 12c 8] [L1 16 32]
POC   13 LId:  0 TId: 5 ( RASL, B-SLICE, QP 27 )       2616 bits [Y 40.1406 dB    U 46.2838 dB    V 47.2738 dB] [ET    11 ] [L0 12 8] [L1 14c 16]
POC   15 LId:  0 TId: 5 ( RASL, B-SLICE, QP 27 )       2576 bits [Y 40.3724 dB    U 46.2642 dB    V 47.3004 dB] [ET    10 ] [L0 14c 12] [L1 16 32]
POC   24 LId:  0 TId: 2 ( RASL, B-SLICE, QP 20 )      86432 bits [Y 43.8014 dB    U 46.2371 dB    V 47.3199 dB] [ET    62 ] [L0 16c 0] [L1 32 16]
POC   20 LId:  0 TId: 3 ( RASL, B-SLICE, QP 24 )      40128 bits [Y 41.1310 dB    U 46.1224 dB    V 47.2259 dB] [ET    43 ] [L0 16 0] [L1 24c 32]
POC   18 LId:  0 TId: 4 ( RASL, B-SLICE, QP 25 )      18304 bits [Y 40.5456 dB    U 46.3173 dB    V 47.2693 dB] [ET    34 ] [L0 16 0] [L1 20c 24]
POC   17 LId:  0 TId: 5 ( RASL, B-SLICE, QP 27 )       2640 bits [Y 40.5799 dB    U 46.3099 dB    V 47.3081 dB] [ET    10 ] [L0 16 0] [L1 18c 20]
POC   19 LId:  0 TId: 5 ( RASL, B-SLICE, QP 27 )       2776 bits [Y 40.1005 dB    U 46.2139 dB    V 47.2493 dB] [ET    12 ] [L0 18c 16] [L1 20 24]
POC   22 LId:  0 TId: 4 ( RASL, B-SLICE, QP 25 )      18352 bits [Y 40.5058 dB    U 46.1302 dB    V 47.1969 dB] [ET    40 ] [L0 20c 16] [L1 24 32]
POC   21 LId:  0 TId: 5 ( RASL, B-SLICE, QP 27 )       2656 bits [Y 40.0922 dB    U 46.2701 dB    V 47.2861 dB] [ET    10 ] [L0 20 16] [L1 22c 24]
POC   23 LId:  0 TId: 5 ( RASL, B-SLICE, QP 27 )       2536 bits [Y 40.4215 dB    U 46.2357 dB    V 47.3580 dB] [ET    12 ] [L0 22c 20] [L1 24 32]
POC   28 LId:  0 TId: 3 ( RASL, B-SLICE, QP 24 )      37856 bits [Y 41.0479 dB    U 46.1704 dB    V 47.1859 dB] [ET    44 ] [L0 24c 16] [L1 32 24]
POC   26 LId:  0 TId: 4 ( RASL, B-SLICE, QP 25 )      19800 bits [Y 40.4768 dB    U 46.0974 dB    V 47.2060 dB] [ET    42 ] [L0 24 16] [L1 28c 32]
POC   25 LId:  0 TId: 5 ( RASL, B-SLICE, QP 27 )       2240 bits [Y 40.3441 dB    U 46.2311 dB    V 47.3137 dB] [ET    11 ] [L0 24 16] [L1 26c 28]
POC   27 LId:  0 TId: 5 ( RASL, B-SLICE, QP 27 )       2560 bits [Y 39.7540 dB    U 46.2276 dB    V 47.2508 dB] [ET    11 ] [L0 26c 24] [L1 28 32]
POC   30 LId:  0 TId: 4 ( RASL, B-SLICE, QP 25 )      21936 bits [Y 40.4738 dB    U 46.1582 dB    V 47.2716 dB] [ET    33 ] [L0 28c 16] [L1 32 28]
POC   29 LId:  0 TId: 5 ( RASL, B-SLICE, QP 27 )       3112 bits [Y 39.8190 dB    U 46.1717 dB    V 47.2898 dB] [ET    12 ] [L0 28 16] [L1 30c 32]
POC   31 LId:  0 TId: 5 ( RASL, B-SLICE, QP 27 )       2512 bits [Y 40.4297 dB    U 46.2184 dB    V 47.2402 dB] [ET     9 ] [L0 30c 28] [L1 32 30]
POC   64 LId:  0 TId: 0 ( CRA, I-SLICE, QP 17 )     293864 bits [Y 46.3002 dB    U 47.5001 dB    V 47.9112 dB] [ET    51 ] [L0] [L1]
POC   48 LId:  0 TId: 1 ( RASL, B-SLICE, QP 20 )     102744 bits [Y 43.8147 dB    U 46.2976 dB    V 47.3127 dB] [ET    81 ] [L0 32 64] [L1 64c 32]
POC   40 LId:  0 TId: 2 ( RASL, B-SLICE, QP 20 )      86592 bits [Y 43.7333 dB    U 46.2122 dB    V 47.1858 dB] [ET    74 ] [L0 32 48] [L1 48c 64]
POC   36 LId:  0 TId: 3 ( RASL, B-SLICE, QP 24 )      37976 bits [Y 41.0258 dB    U 46.1342 dB    V 47.0574 dB] [ET    53 ] [L0 32 40] [L1 40c 48]
POC   34 LId:  0 TId: 4 ( RASL, B-SLICE, QP 25 )      26040 bits [Y 40.4073 dB    U 46.1689 dB    V 47.1553 dB] [ET    50 ] [L0 32 36] [L1 36c 40]
POC   33 LId:  0 TId: 5 ( RASL, B-SLICE, QP 27 )       2888 bits [Y 40.2085 dB    U 46.2420 dB    V 47.2742 dB] [ET    11 ] [L0 32 34] [L1 34c 36]
POC   35 LId:  0 TId: 5 ( RASL, B-SLICE, QP 27 )       3208 bits [Y 39.7346 dB    U 46.2019 dB    V 47.0576 dB] [ET    12 ] [L0 34c 32] [L1 36 40]
POC   38 LId:  0 TId: 4 ( RASL, B-SLICE, QP 25 )      24552 bits [Y 40.3923 dB    U 46.1320 dB    V 47.0194 dB] [ET    36 ] [L0 36c 32] [L1 40 48]
POC   37 LId:  0 TId: 5 ( RASL, B-SLICE, QP 27 )       3432 bits [Y 39.6542 dB    U 46.0412 dB    V 47.1061 dB] [ET    14 ] [L0 36 32] [L1 38c 40]
POC   39 LId:  0 TId: 5 ( RASL, B-SLICE, QP 27 )       2976 bits [Y 39.9516 dB    U 46.1385 dB    V 47.1837 dB] [ET    12 ] [L0 38c 36] [L1 40 48]
POC   44 LId:  0 TId: 3 ( RASL, B-SLICE, QP 24 )      36056 bits [Y 41.0470 dB    U 46.0355 dB    V 47.1977 dB] [ET    44 ] [L0 40 32] [L1 48c 64]
POC   42 LId:  0 TId: 4 ( RASL, B-SLICE, QP 25 )      27600 bits [Y 40.4220 dB    U 46.0461 dB    V 47.2618 dB] [ET    39 ] [L0 40 32] [L1 44c 48]
POC   41 LId:  0 TId: 5 ( RASL, B-SLICE, QP 27 )       3816 bits [Y 40.0380 dB    U 46.1522 dB    V 47.2812 dB] [ET    14 ] [L0 40 32] [L1 42c 44]
POC   43 LId:  0 TId: 5 ( RASL, B-SLICE, QP 27 )       4112 bits [Y 39.7538 dB    U 46.1572 dB    V 47.1872 dB] [ET    16 ] [L0 42c 40] [L1 44 48]
POC   46 LId:  0 TId: 4 ( RASL, B-SLICE, QP 25 )      28376 bits [Y 40.4289 dB    U 46.0882 dB    V 47.0901 dB] [ET    39 ] [L0 44c 40] [L1 48 64]
POC   45 LId:  0 TId: 5 ( RASL, B-SLICE, QP 27 )       3720 bits [Y 39.8222 dB    U 46.0648 dB    V 47.1743 dB] [ET    14 ] [L0 44 40] [L1 46c 48]
POC   47 LId:  0 TId: 5 ( RASL, B-SLICE, QP 27 )       4624 bits [Y 39.9992 dB    U 46.2052 dB    V 47.2947 dB] [ET    17 ] [L0 46c 44] [L1 48 64]
POC   56 LId:  0 TId: 2 ( RASL, B-SLICE, QP 20 )      89104 bits [Y 43.6665 dB    U 46.2381 dB    V 47.2718 dB] [ET    65 ] [L0 48c 32] [L1 64 48]
POC   52 LId:  0 TId: 3 ( RASL, B-SLICE, QP 24 )      35792 bits [Y 41.0071 dB    U 46.0602 dB    V 47.1588 dB] [ET    42 ] [L0 48 32] [L1 56c 64]
POC   50 LId:  0 TId: 4 ( RASL, B-SLICE, QP 25 )      26984 bits [Y 40.4200 dB    U 46.0542 dB    V 47.1881 dB] [ET    36 ] [L0 48 32] [L1 52c 56]
POC   49 LId:  0 TId: 5 ( RASL, B-SLICE, QP 27 )       4064 bits [Y 39.8161 dB    U 46.2302 dB    V 47.3741 dB] [ET    15 ] [L0 48 32] [L1 50c 52]
POC   51 LId:  0 TId: 5 ( RASL, B-SLICE, QP 27 )       4288 bits [Y 39.6515 dB    U 46.1080 dB    V 47.1762 dB] [ET    18 ] [L0 50c 48] [L1 52 56]
POC   54 LId:  0 TId: 4 ( RASL, B-SLICE, QP 25 )      27840 bits [Y 40.4306 dB    U 45.9924 dB    V 47.1412 dB] [ET    40 ] [L0 52c 48] [L1 56 64]
POC   53 LId:  0 TId: 5 ( RASL, B-SLICE, QP 27 )       5184 bits [Y 39.6361 dB    U 46.0468 dB    V 47.1060 dB] [ET    20 ] [L0 52 48] [L1 54c 56]
POC   55 LId:  0 TId: 5 ( RASL, B-SLICE, QP 27 )       4080 bits [Y 39.9911 dB    U 46.1731 dB    V 47.2442 dB] [ET    14 ] [L0 54c 52] [L1 56 64]
POC   60 LId:  0 TId: 3 ( RASL, B-SLICE, QP 24 )      36336 bits [Y 41.0166 dB    U 45.9638 dB    V 46.9971 dB] [ET    42 ] [L0 56c 48] [L1 64 56]
POC   58 LId:  0 TId: 4 ( RASL, B-SLICE, QP 25 )      25608 bits [Y 40.3620 dB    U 46.0376 dB    V 47.1250 dB] [ET    37 ] [L0 56 48] [L1 60c 64]
POC   57 LId:  0 TId: 5 ( RASL, B-SLICE, QP 27 )       5536 bits [Y 39.8341 dB    U 46.1351 dB    V 47.1308 dB] [ET    19 ] [L0 56 48] [L1 58c 60]
POC   59 LId:  0 TId: 5 ( RASL, B-SLICE, QP 27 )       5488 bits [Y 39.5612 dB    U 46.0494 dB    V 47.0337 dB] [ET    21 ] [L0 58c 56] [L1 60 64]
POC   62 LId:  0 TId: 4 ( RASL, B-SLICE, QP 25 )      30664 bits [Y 40.3573 dB    U 46.1798 dB    V 47.1395 dB] [ET    40 ] [L0 60c 48] [L1 64 60]
POC   61 LId:  0 TId: 5 ( RASL, B-SLICE, QP 27 )       4792 bits [Y 39.5909 dB    U 46.0570 dB    V 47.1376 dB] [ET    19 ] [L0 60 48] [L1 62c 64]
POC   63 LId:  0 TId: 5 ( RASL, B-SLICE, QP 27 )       4344 bits [Y 39.8993 dB    U 46.2063 dB    V 47.2590 dB] [ET    17 ] [L0 62c 60] [L1 64 62]

LayerId  0
	Total Frames |   Bitrate     Y-PSNR    U-PSNR    V-PSNR    YUV-PSNR   
	       65    a    2027.4166   40.9047   46.2410   47.2617   41.9256

 finished @ Tue Jan 14 01:57:43 2025
 Total Time:     2009.685 sec. [user]     2009.685 sec. [elapsed]
