
VVCSoftware: VTM Encoder Version 10.0 [Windows][VS 1916][64 bit] [SIMD=AVX2] 

TOOL CFG: IBD:1 HAD:1 RDQ:1 RDQTS:1 RDpenalty:0 LQP:0 SQP:0 ASR:1 MinSearchWindow:96 RestrictMESampling:0 FEN:1 ECU:0 FDM:1 CFM:0 ESD:0 TransformSkip:1 TransformSkipFast:1 TransformSkipLog2MaxSize:5 ChromaTS:1 BDPCM:0 Tiles: 1x1 Slices: 1 MCTS:0 SAO:1 ALF:1 CCALF:1 WPP:0 WPB:0 PME:2  WaveFrontSynchro:0 WaveFrontSubstreams:1 ScalingList:0 TMVPMode:1  DQ:1  SignBitHidingFlag:0 RecalQP:0 
TOOL CFG: LFNST:1 MMVD:1 Affine:1 AffineType:1 PROF:1 SbTMVP:1 DualITree:1 IMV:1 BIO:1 LMChroma:1 HorCollocatedChroma:1 VerCollocatedChroma:0 MTS: 1(intra) 0(inter) SBT:1 ISP:1 SMVD:1 CompositeLTReference:0 Bcw:1 BcwFast:1 LADF:0 CIIP:1 Geo:1 AllowDisFracMMVD:1 AffineAmvr:1 AffineAmvrEncOpt:1 DMVR:1 MmvdDisNum:6 JointCbCr:1 ACT:0 PLT:0 IBC:0 HashME:0 WrapAround:0 VirtualBoundariesEnabledFlag:0 VirtualBoundariesPresentInSPSFlag:1 vertical virtual boundaries:[ ] horizontal virtual boundaries:[ ] Reshape:1 (Signal:SDR Opt:0 CSoffset:6) MRL:1 MIP:1 EncDbOpt:0 
FAST TOOL CFG: LCTUFast:1 FastMrg:1 PBIntraFast:1 IMV4PelFast:1 MTSMaxCand: 4(intra) 4(inter) ISPFast:0 FastLFNST:0 AMaxBT:1 E0023FastEnc:1 ContentBasedFastQtbt:0 UseNonLinearAlfLuma:1 UseNonLinearAlfChroma:1 MaxNumAlfAlternativesChroma:8 FastMIP:0 FastLocalDualTree:1 NumSplitThreads:1 NumWppThreads:1+0 EnsureWppBitEqual:0 RPR:0 TemporalFilter:0 


 started @ Mon Jan 13 22:28:33 2025
POC    0 LId:  0 TId: 0 ( IDR_N_LP, I-SLICE, QP 36 )      56240 bits [Y 30.9867 dB    U 38.7290 dB    V 39.0823 dB] [ET    13 ] [L0] [L1]
POC   32 LId:  0 TId: 0 ( CRA, I-SLICE, QP 36 )      58720 bits [Y 30.9084 dB    U 38.4379 dB    V 38.9896 dB] [ET    14 ] [L0] [L1]
POC   16 LId:  0 TId: 1 ( RASL, B-SLICE, QP 42 )       3600 bits [Y 29.8665 dB    U 38.9102 dB    V 39.3775 dB] [ET     8 ] [L0 0 32] [L1 32c 0]
POC    8 LId:  0 TId: 2 ( RASL, B-SLICE, QP 42 )       2424 bits [Y 30.0417 dB    U 38.8976 dB    V 39.4506 dB] [ET     6 ] [L0 0 16] [L1 16c 32]
POC    4 LId:  0 TId: 3 ( RASL, B-SLICE, QP 45 )        784 bits [Y 29.7166 dB    U 38.8743 dB    V 39.3516 dB] [ET     3 ] [L0 0 8] [L1 8c 16]
POC    2 LId:  0 TId: 4 ( RASL, B-SLICE, QP 47 )        240 bits [Y 30.1104 dB    U 38.7993 dB    V 39.2932 dB] [ET     1 ] [L0 0 4] [L1 4c 8]
POC    1 LId:  0 TId: 5 ( RASL, B-SLICE, QP 48 )        168 bits [Y 30.5727 dB    U 38.7983 dB    V 39.2216 dB] [ET     1 ] [L0 0 2] [L1 2c 4]
POC    3 LId:  0 TId: 5 ( RASL, B-SLICE, QP 48 )        176 bits [Y 29.8779 dB    U 38.8303 dB    V 39.2979 dB] [ET     1 ] [L0 2c 0] [L1 4 8]
POC    6 LId:  0 TId: 4 ( RASL, B-SLICE, QP 47 )        208 bits [Y 29.6067 dB    U 38.9193 dB    V 39.3999 dB] [ET     1 ] [L0 4c 0] [L1 8 16]
POC    5 LId:  0 TId: 5 ( RASL, B-SLICE, QP 48 )        168 bits [Y 29.6655 dB    U 38.8582 dB    V 39.3457 dB] [ET     1 ] [L0 4 0] [L1 6c 8]
POC    7 LId:  0 TId: 5 ( RASL, B-SLICE, QP 48 )        128 bits [Y 29.8540 dB    U 38.8843 dB    V 39.4142 dB] [ET     1 ] [L0 6c 4] [L1 8 16]
POC   12 LId:  0 TId: 3 ( RASL, B-SLICE, QP 45 )        792 bits [Y 29.4642 dB    U 38.9472 dB    V 39.4519 dB] [ET     3 ] [L0 8 0] [L1 16c 32]
POC   10 LId:  0 TId: 4 ( RASL, B-SLICE, QP 47 )        176 bits [Y 29.5260 dB    U 38.9084 dB    V 39.4483 dB] [ET     2 ] [L0 8 0] [L1 12c 16]
POC    9 LId:  0 TId: 5 ( RASL, B-SLICE, QP 48 )        128 bits [Y 29.7975 dB    U 38.8929 dB    V 39.4584 dB] [ET     1 ] [L0 8 0] [L1 10c 12]
POC   11 LId:  0 TId: 5 ( RASL, B-SLICE, QP 48 )        144 bits [Y 29.4769 dB    U 38.9116 dB    V 39.4606 dB] [ET     1 ] [L0 10c 8] [L1 12 16]
POC   14 LId:  0 TId: 4 ( RASL, B-SLICE, QP 47 )        200 bits [Y 29.4323 dB    U 38.9294 dB    V 39.4242 dB] [ET     1 ] [L0 12c 8] [L1 16 32]
POC   13 LId:  0 TId: 5 ( RASL, B-SLICE, QP 48 )        128 bits [Y 29.4311 dB    U 38.9319 dB    V 39.4603 dB] [ET     1 ] [L0 12 8] [L1 14c 16]
POC   15 LId:  0 TId: 5 ( RASL, B-SLICE, QP 48 )        136 bits [Y 29.5860 dB    U 38.8871 dB    V 39.3951 dB] [ET     1 ] [L0 14c 12] [L1 16 32]
POC   24 LId:  0 TId: 2 ( RASL, B-SLICE, QP 42 )       2072 bits [Y 29.9400 dB    U 38.6903 dB    V 39.2320 dB] [ET     5 ] [L0 16c 0] [L1 32 16]
POC   20 LId:  0 TId: 3 ( RASL, B-SLICE, QP 45 )        808 bits [Y 29.2807 dB    U 38.9028 dB    V 39.3602 dB] [ET     3 ] [L0 16 0] [L1 24c 32]
POC   18 LId:  0 TId: 4 ( RASL, B-SLICE, QP 47 )        232 bits [Y 29.4257 dB    U 38.8842 dB    V 39.3960 dB] [ET     1 ] [L0 16 0] [L1 20c 24]
POC   17 LId:  0 TId: 5 ( RASL, B-SLICE, QP 48 )        168 bits [Y 29.7428 dB    U 38.9076 dB    V 39.3959 dB] [ET     1 ] [L0 16 0] [L1 18c 20]
POC   19 LId:  0 TId: 5 ( RASL, B-SLICE, QP 48 )        168 bits [Y 29.3333 dB    U 38.8583 dB    V 39.3877 dB] [ET     1 ] [L0 18c 16] [L1 20 24]
POC   22 LId:  0 TId: 4 ( RASL, B-SLICE, QP 47 )        272 bits [Y 29.3061 dB    U 38.8351 dB    V 39.3183 dB] [ET     2 ] [L0 20c 16] [L1 24 32]
POC   21 LId:  0 TId: 5 ( RASL, B-SLICE, QP 48 )        160 bits [Y 29.2516 dB    U 38.8547 dB    V 39.3589 dB] [ET     1 ] [L0 20 16] [L1 22c 24]
POC   23 LId:  0 TId: 5 ( RASL, B-SLICE, QP 48 )        160 bits [Y 29.6884 dB    U 38.7872 dB    V 39.2443 dB] [ET     1 ] [L0 22c 20] [L1 24 32]
POC   28 LId:  0 TId: 3 ( RASL, B-SLICE, QP 45 )        816 bits [Y 29.8059 dB    U 38.6214 dB    V 39.1824 dB] [ET     2 ] [L0 24c 16] [L1 32 24]
POC   26 LId:  0 TId: 4 ( RASL, B-SLICE, QP 47 )        288 bits [Y 29.7046 dB    U 38.6690 dB    V 39.2265 dB] [ET     2 ] [L0 24 16] [L1 28c 32]
POC   25 LId:  0 TId: 5 ( RASL, B-SLICE, QP 48 )        160 bits [Y 29.8359 dB    U 38.7002 dB    V 39.2087 dB] [ET     1 ] [L0 24 16] [L1 26c 28]
POC   27 LId:  0 TId: 5 ( RASL, B-SLICE, QP 48 )        168 bits [Y 29.7241 dB    U 38.6534 dB    V 39.1905 dB] [ET     1 ] [L0 26c 24] [L1 28 32]
POC   30 LId:  0 TId: 4 ( RASL, B-SLICE, QP 47 )        256 bits [Y 29.9704 dB    U 38.5583 dB    V 39.1116 dB] [ET     1 ] [L0 28c 16] [L1 32 28]
POC   29 LId:  0 TId: 5 ( RASL, B-SLICE, QP 48 )        136 bits [Y 29.7418 dB    U 38.5793 dB    V 39.1619 dB] [ET     1 ] [L0 28 16] [L1 30c 32]
POC   31 LId:  0 TId: 5 ( RASL, B-SLICE, QP 48 )        152 bits [Y 30.4853 dB    U 38.5008 dB    V 39.0653 dB] [ET     0 ] [L0 30c 28] [L1 32 30]
POC   64 LId:  0 TId: 0 ( CRA, I-SLICE, QP 36 )      59592 bits [Y 30.8537 dB    U 38.1692 dB    V 38.8253 dB] [ET    14 ] [L0] [L1]
POC   48 LId:  0 TId: 1 ( RASL, B-SLICE, QP 42 )       3408 bits [Y 29.6862 dB    U 38.4716 dB    V 39.4406 dB] [ET    11 ] [L0 32 64] [L1 64c 32]
POC   40 LId:  0 TId: 2 ( RASL, B-SLICE, QP 42 )       2336 bits [Y 29.9439 dB    U 38.5176 dB    V 39.3666 dB] [ET     6 ] [L0 32 48] [L1 48c 64]
POC   36 LId:  0 TId: 3 ( RASL, B-SLICE, QP 45 )        536 bits [Y 29.5409 dB    U 38.5486 dB    V 39.2260 dB] [ET     3 ] [L0 32 40] [L1 40c 48]
POC   34 LId:  0 TId: 4 ( RASL, B-SLICE, QP 47 )        256 bits [Y 29.8266 dB    U 38.4925 dB    V 39.1610 dB] [ET     1 ] [L0 32 36] [L1 36c 40]
POC   33 LId:  0 TId: 5 ( RASL, B-SLICE, QP 48 )        200 bits [Y 30.4060 dB    U 38.4919 dB    V 39.0878 dB] [ET     1 ] [L0 32 34] [L1 34c 36]
POC   35 LId:  0 TId: 5 ( RASL, B-SLICE, QP 48 )        168 bits [Y 29.6175 dB    U 38.5400 dB    V 39.2070 dB] [ET     1 ] [L0 34c 32] [L1 36 40]
POC   38 LId:  0 TId: 4 ( RASL, B-SLICE, QP 47 )        336 bits [Y 29.5893 dB    U 38.5352 dB    V 39.3073 dB] [ET     2 ] [L0 36c 32] [L1 40 48]
POC   37 LId:  0 TId: 5 ( RASL, B-SLICE, QP 48 )        168 bits [Y 29.4261 dB    U 38.5271 dB    V 39.2715 dB] [ET     1 ] [L0 36 32] [L1 38c 40]
POC   39 LId:  0 TId: 5 ( RASL, B-SLICE, QP 48 )        152 bits [Y 29.7446 dB    U 38.5395 dB    V 39.3420 dB] [ET     1 ] [L0 38c 36] [L1 40 48]
POC   44 LId:  0 TId: 3 ( RASL, B-SLICE, QP 45 )        592 bits [Y 29.3391 dB    U 38.5635 dB    V 39.5135 dB] [ET     3 ] [L0 40 32] [L1 48c 64]
POC   42 LId:  0 TId: 4 ( RASL, B-SLICE, QP 47 )        240 bits [Y 29.3693 dB    U 38.5489 dB    V 39.4904 dB] [ET     2 ] [L0 40 32] [L1 44c 48]
POC   41 LId:  0 TId: 5 ( RASL, B-SLICE, QP 48 )        160 bits [Y 29.7336 dB    U 38.5580 dB    V 39.4216 dB] [ET     1 ] [L0 40 32] [L1 42c 44]
POC   43 LId:  0 TId: 5 ( RASL, B-SLICE, QP 48 )        168 bits [Y 29.3071 dB    U 38.5659 dB    V 39.4770 dB] [ET     1 ] [L0 42c 40] [L1 44 48]
POC   46 LId:  0 TId: 4 ( RASL, B-SLICE, QP 47 )        248 bits [Y 29.2972 dB    U 38.5730 dB    V 39.4872 dB] [ET     2 ] [L0 44c 40] [L1 48 64]
POC   45 LId:  0 TId: 5 ( RASL, B-SLICE, QP 48 )        176 bits [Y 29.3293 dB    U 38.5524 dB    V 39.5057 dB] [ET     1 ] [L0 44 40] [L1 46c 48]
POC   47 LId:  0 TId: 5 ( RASL, B-SLICE, QP 48 )        168 bits [Y 29.5839 dB    U 38.4992 dB    V 39.5043 dB] [ET     1 ] [L0 46c 44] [L1 48 64]
POC   56 LId:  0 TId: 2 ( RASL, B-SLICE, QP 42 )       2320 bits [Y 29.7319 dB    U 38.4167 dB    V 39.3065 dB] [ET     7 ] [L0 48c 32] [L1 64 48]
POC   52 LId:  0 TId: 3 ( RASL, B-SLICE, QP 45 )        584 bits [Y 29.3005 dB    U 38.4643 dB    V 39.4480 dB] [ET     4 ] [L0 48 32] [L1 56c 64]
POC   50 LId:  0 TId: 4 ( RASL, B-SLICE, QP 47 )        232 bits [Y 29.2660 dB    U 38.4999 dB    V 39.4574 dB] [ET     2 ] [L0 48 32] [L1 52c 56]
POC   49 LId:  0 TId: 5 ( RASL, B-SLICE, QP 48 )        176 bits [Y 29.5856 dB    U 38.4882 dB    V 39.4903 dB] [ET     1 ] [L0 48 32] [L1 50c 52]
POC   51 LId:  0 TId: 5 ( RASL, B-SLICE, QP 48 )        152 bits [Y 29.2067 dB    U 38.5227 dB    V 39.4590 dB] [ET     1 ] [L0 50c 48] [L1 52 56]
POC   54 LId:  0 TId: 4 ( RASL, B-SLICE, QP 47 )        232 bits [Y 29.1369 dB    U 38.4303 dB    V 39.3587 dB] [ET     2 ] [L0 52c 48] [L1 56 64]
POC   53 LId:  0 TId: 5 ( RASL, B-SLICE, QP 48 )        168 bits [Y 29.1834 dB    U 38.4653 dB    V 39.4127 dB] [ET     1 ] [L0 52 48] [L1 54c 56]
POC   55 LId:  0 TId: 5 ( RASL, B-SLICE, QP 48 )        160 bits [Y 29.4800 dB    U 38.4324 dB    V 39.3424 dB] [ET     1 ] [L0 54c 52] [L1 56 64]
POC   60 LId:  0 TId: 3 ( RASL, B-SLICE, QP 45 )        712 bits [Y 29.5423 dB    U 38.2732 dB    V 39.1331 dB] [ET     4 ] [L0 56c 48] [L1 64 56]
POC   58 LId:  0 TId: 4 ( RASL, B-SLICE, QP 47 )        240 bits [Y 29.3668 dB    U 38.3445 dB    V 39.2548 dB] [ET     2 ] [L0 56 48] [L1 60c 64]
POC   57 LId:  0 TId: 5 ( RASL, B-SLICE, QP 48 )        128 bits [Y 29.5561 dB    U 38.3256 dB    V 39.2640 dB] [ET     1 ] [L0 56 48] [L1 58c 60]
POC   59 LId:  0 TId: 5 ( RASL, B-SLICE, QP 48 )        144 bits [Y 29.3405 dB    U 38.3204 dB    V 39.1892 dB] [ET     1 ] [L0 58c 56] [L1 60 64]
POC   62 LId:  0 TId: 4 ( RASL, B-SLICE, QP 47 )        224 bits [Y 29.5976 dB    U 38.2560 dB    V 39.0038 dB] [ET     2 ] [L0 60c 48] [L1 64 60]
POC   61 LId:  0 TId: 5 ( RASL, B-SLICE, QP 48 )        128 bits [Y 29.5549 dB    U 38.2472 dB    V 39.1102 dB] [ET     1 ] [L0 60 48] [L1 62c 64]
POC   63 LId:  0 TId: 5 ( RASL, B-SLICE, QP 48 )        128 bits [Y 30.2021 dB    U 38.1977 dB    V 38.9336 dB] [ET     1 ] [L0 62c 60] [L1 64 62]

LayerId  0
	Total Frames |   Bitrate     Y-PSNR    U-PSNR    V-PSNR    YUV-PSNR   
	       65    a     189.4228   29.6893   38.6266   39.3071   31.1831

 finished @ Mon Jan 13 22:31:42 2025
 Total Time:      189.192 sec. [user]      189.192 sec. [elapsed]
