
VVCSoftware: VTM Encoder Version 10.0 [Windows][VS 1916][64 bit] [SIMD=AVX2] 

TOOL CFG: IBD:1 HAD:1 RDQ:1 RDQTS:1 RDpenalty:0 LQP:0 SQP:0 ASR:1 MinSearchWindow:96 RestrictMESampling:0 FEN:1 ECU:0 FDM:1 CFM:0 ESD:0 TransformSkip:1 TransformSkipFast:1 TransformSkipLog2MaxSize:5 ChromaTS:1 BDPCM:0 Tiles: 1x1 Slices: 1 MCTS:0 SAO:1 ALF:1 CCALF:1 WPP:0 WPB:0 PME:2  WaveFrontSynchro:0 WaveFrontSubstreams:1 ScalingList:0 TMVPMode:1  DQ:1  SignBitHidingFlag:0 RecalQP:0 
TOOL CFG: LFNST:1 MMVD:1 Affine:1 AffineType:1 PROF:1 SbTMVP:1 DualITree:1 IMV:1 BIO:1 LMChroma:1 HorCollocatedChroma:1 VerCollocatedChroma:0 MTS: 1(intra) 0(inter) SBT:1 ISP:1 SMVD:1 CompositeLTReference:0 Bcw:1 BcwFast:1 LADF:0 CIIP:1 Geo:1 AllowDisFracMMVD:1 AffineAmvr:1 AffineAmvrEncOpt:1 DMVR:1 MmvdDisNum:6 JointCbCr:1 ACT:0 PLT:0 IBC:0 HashME:0 WrapAround:0 VirtualBoundariesEnabledFlag:0 VirtualBoundariesPresentInSPSFlag:1 vertical virtual boundaries:[ ] horizontal virtual boundaries:[ ] Reshape:1 (Signal:SDR Opt:0 CSoffset:6) MRL:1 MIP:1 EncDbOpt:0 
FAST TOOL CFG: LCTUFast:1 FastMrg:1 PBIntraFast:1 IMV4PelFast:1 MTSMaxCand: 4(intra) 4(inter) ISPFast:0 FastLFNST:0 AMaxBT:1 E0023FastEnc:1 ContentBasedFastQtbt:0 UseNonLinearAlfLuma:1 UseNonLinearAlfChroma:1 MaxNumAlfAlternativesChroma:8 FastMIP:0 FastLocalDualTree:1 NumSplitThreads:1 NumWppThreads:1+0 EnsureWppBitEqual:0 RPR:0 TemporalFilter:0 


 started @ Mon Jan 13 23:01:29 2025
POC    0 LId:  0 TId: 0 ( IDR_N_LP, I-SLICE, QP 28 )     117344 bits [Y 36.7181 dB    U 41.5237 dB    V 42.2126 dB] [ET    18 ] [L0] [L1]
POC   32 LId:  0 TId: 0 ( CRA, I-SLICE, QP 28 )     120744 bits [Y 36.6256 dB    U 41.5023 dB    V 42.2589 dB] [ET    20 ] [L0] [L1]
POC   16 LId:  0 TId: 1 ( RASL, B-SLICE, QP 33 )      13144 bits [Y 34.7212 dB    U 41.7697 dB    V 42.4496 dB] [ET    18 ] [L0 0 32] [L1 32c 0]
POC    8 LId:  0 TId: 2 ( RASL, B-SLICE, QP 34 )       7512 bits [Y 34.4023 dB    U 41.6558 dB    V 42.5203 dB] [ET    11 ] [L0 0 16] [L1 16c 32]
POC    4 LId:  0 TId: 3 ( RASL, B-SLICE, QP 37 )       2936 bits [Y 33.7890 dB    U 41.6194 dB    V 42.4517 dB] [ET     6 ] [L0 0 8] [L1 8c 16]
POC    2 LId:  0 TId: 4 ( RASL, B-SLICE, QP 39 )        760 bits [Y 34.2246 dB    U 41.5281 dB    V 42.3325 dB] [ET     3 ] [L0 0 4] [L1 4c 8]
POC    1 LId:  0 TId: 5 ( RASL, B-SLICE, QP 40 )        232 bits [Y 34.9857 dB    U 41.5203 dB    V 42.2927 dB] [ET     1 ] [L0 0 2] [L1 2c 4]
POC    3 LId:  0 TId: 5 ( RASL, B-SLICE, QP 40 )        224 bits [Y 33.8856 dB    U 41.5643 dB    V 42.3617 dB] [ET     2 ] [L0 2c 0] [L1 4 8]
POC    6 LId:  0 TId: 4 ( RASL, B-SLICE, QP 39 )       1128 bits [Y 33.7989 dB    U 41.6590 dB    V 42.4685 dB] [ET     3 ] [L0 4c 0] [L1 8 16]
POC    5 LId:  0 TId: 5 ( RASL, B-SLICE, QP 40 )        232 bits [Y 33.7887 dB    U 41.6256 dB    V 42.3975 dB] [ET     2 ] [L0 4 0] [L1 6c 8]
POC    7 LId:  0 TId: 5 ( RASL, B-SLICE, QP 40 )        224 bits [Y 34.0593 dB    U 41.6241 dB    V 42.4920 dB] [ET     2 ] [L0 6c 4] [L1 8 16]
POC   12 LId:  0 TId: 3 ( RASL, B-SLICE, QP 37 )       3152 bits [Y 33.7378 dB    U 41.7859 dB    V 42.5237 dB] [ET     6 ] [L0 8c 0] [L1 16 32]
POC   10 LId:  0 TId: 4 ( RASL, B-SLICE, QP 39 )        840 bits [Y 33.7414 dB    U 41.6907 dB    V 42.5264 dB] [ET     4 ] [L0 8 0] [L1 12c 16]
POC    9 LId:  0 TId: 5 ( RASL, B-SLICE, QP 40 )        256 bits [Y 34.0249 dB    U 41.6522 dB    V 42.5460 dB] [ET     2 ] [L0 8 0] [L1 10c 12]
POC   11 LId:  0 TId: 5 ( RASL, B-SLICE, QP 40 )        248 bits [Y 33.6733 dB    U 41.7254 dB    V 42.5391 dB] [ET     1 ] [L0 10c 8] [L1 12 16]
POC   14 LId:  0 TId: 4 ( RASL, B-SLICE, QP 39 )        744 bits [Y 33.5608 dB    U 41.7931 dB    V 42.4735 dB] [ET     3 ] [L0 12c 8] [L1 16 32]
POC   13 LId:  0 TId: 5 ( RASL, B-SLICE, QP 40 )        216 bits [Y 33.6099 dB    U 41.7600 dB    V 42.5420 dB] [ET     2 ] [L0 12 8] [L1 14c 16]
POC   15 LId:  0 TId: 5 ( RASL, B-SLICE, QP 40 )        296 bits [Y 34.0744 dB    U 41.7394 dB    V 42.4608 dB] [ET     2 ] [L0 14c 12] [L1 16 32]
POC   24 LId:  0 TId: 2 ( RASL, B-SLICE, QP 34 )       7072 bits [Y 34.4110 dB    U 41.5500 dB    V 42.3766 dB] [ET    11 ] [L0 16c 0] [L1 32 16]
POC   20 LId:  0 TId: 3 ( RASL, B-SLICE, QP 37 )       3216 bits [Y 33.5838 dB    U 41.7523 dB    V 42.4261 dB] [ET     6 ] [L0 16 0] [L1 24c 32]
POC   18 LId:  0 TId: 4 ( RASL, B-SLICE, QP 39 )        848 bits [Y 33.7744 dB    U 41.7526 dB    V 42.4805 dB] [ET     4 ] [L0 16 0] [L1 20c 24]
POC   17 LId:  0 TId: 5 ( RASL, B-SLICE, QP 40 )        288 bits [Y 34.2874 dB    U 41.7516 dB    V 42.4730 dB] [ET     2 ] [L0 16 0] [L1 18c 20]
POC   19 LId:  0 TId: 5 ( RASL, B-SLICE, QP 40 )        256 bits [Y 33.5617 dB    U 41.7114 dB    V 42.4391 dB] [ET     2 ] [L0 18c 16] [L1 20 24]
POC   22 LId:  0 TId: 4 ( RASL, B-SLICE, QP 39 )       1048 bits [Y 33.6048 dB    U 41.7082 dB    V 42.4376 dB] [ET     3 ] [L0 20c 16] [L1 24 32]
POC   21 LId:  0 TId: 5 ( RASL, B-SLICE, QP 40 )        344 bits [Y 33.5703 dB    U 41.7481 dB    V 42.4829 dB] [ET     2 ] [L0 20 16] [L1 22c 24]
POC   23 LId:  0 TId: 5 ( RASL, B-SLICE, QP 40 )        224 bits [Y 34.0581 dB    U 41.6455 dB    V 42.4035 dB] [ET     2 ] [L0 22c 20] [L1 24 32]
POC   28 LId:  0 TId: 3 ( RASL, B-SLICE, QP 37 )       2272 bits [Y 33.7744 dB    U 41.6232 dB    V 42.3220 dB] [ET     5 ] [L0 24c 16] [L1 32 24]
POC   26 LId:  0 TId: 4 ( RASL, B-SLICE, QP 39 )        800 bits [Y 33.6728 dB    U 41.5874 dB    V 42.2961 dB] [ET     3 ] [L0 24 16] [L1 28c 32]
POC   25 LId:  0 TId: 5 ( RASL, B-SLICE, QP 40 )        320 bits [Y 33.9923 dB    U 41.6228 dB    V 42.3491 dB] [ET     2 ] [L0 24 16] [L1 26c 28]
POC   27 LId:  0 TId: 5 ( RASL, B-SLICE, QP 40 )        264 bits [Y 33.6918 dB    U 41.6281 dB    V 42.3051 dB] [ET     2 ] [L0 26c 24] [L1 28 32]
POC   30 LId:  0 TId: 4 ( RASL, B-SLICE, QP 39 )        776 bits [Y 33.9861 dB    U 41.6221 dB    V 42.2751 dB] [ET     3 ] [L0 28c 16] [L1 32 28]
POC   29 LId:  0 TId: 5 ( RASL, B-SLICE, QP 40 )        224 bits [Y 33.6594 dB    U 41.5706 dB    V 42.3046 dB] [ET     1 ] [L0 28 16] [L1 30c 32]
POC   31 LId:  0 TId: 5 ( RASL, B-SLICE, QP 40 )        336 bits [Y 34.9914 dB    U 41.5220 dB    V 42.2972 dB] [ET     1 ] [L0 30c 28] [L1 32 30]
POC   64 LId:  0 TId: 0 ( CRA, I-SLICE, QP 28 )     122352 bits [Y 36.6083 dB    U 41.0607 dB    V 42.0349 dB] [ET    19 ] [L0] [L1]
POC   48 LId:  0 TId: 1 ( RASL, B-SLICE, QP 33 )      13736 bits [Y 34.5057 dB    U 41.3341 dB    V 42.3869 dB] [ET    18 ] [L0 32 64] [L1 64c 32]
POC   40 LId:  0 TId: 2 ( RASL, B-SLICE, QP 34 )       7424 bits [Y 34.2711 dB    U 41.5569 dB    V 42.3402 dB] [ET    12 ] [L0 32 48] [L1 48c 64]
POC   36 LId:  0 TId: 3 ( RASL, B-SLICE, QP 37 )       2504 bits [Y 33.7473 dB    U 41.4958 dB    V 42.1847 dB] [ET     6 ] [L0 32 40] [L1 40c 48]
POC   34 LId:  0 TId: 4 ( RASL, B-SLICE, QP 39 )        832 bits [Y 33.7224 dB    U 41.4867 dB    V 42.2575 dB] [ET     3 ] [L0 32 36] [L1 36c 40]
POC   33 LId:  0 TId: 5 ( RASL, B-SLICE, QP 40 )        280 bits [Y 34.7288 dB    U 41.5043 dB    V 42.2659 dB] [ET     1 ] [L0 32 34] [L1 34c 36]
POC   35 LId:  0 TId: 5 ( RASL, B-SLICE, QP 40 )        312 bits [Y 33.5956 dB    U 41.5523 dB    V 42.2149 dB] [ET     2 ] [L0 34c 32] [L1 36 40]
POC   38 LId:  0 TId: 4 ( RASL, B-SLICE, QP 39 )        792 bits [Y 33.4412 dB    U 41.5185 dB    V 42.2368 dB] [ET     4 ] [L0 36c 32] [L1 40 48]
POC   37 LId:  0 TId: 5 ( RASL, B-SLICE, QP 40 )        360 bits [Y 33.5414 dB    U 41.5065 dB    V 42.2165 dB] [ET     2 ] [L0 36 32] [L1 38c 40]
POC   39 LId:  0 TId: 5 ( RASL, B-SLICE, QP 40 )        400 bits [Y 33.7488 dB    U 41.5257 dB    V 42.3262 dB] [ET     2 ] [L0 38c 36] [L1 40 48]
POC   44 LId:  0 TId: 3 ( RASL, B-SLICE, QP 37 )       2608 bits [Y 33.5334 dB    U 41.5410 dB    V 42.4138 dB] [ET     6 ] [L0 40c 32] [L1 48 64]
POC   42 LId:  0 TId: 4 ( RASL, B-SLICE, QP 39 )       1000 bits [Y 33.3031 dB    U 41.5416 dB    V 42.3851 dB] [ET     4 ] [L0 40 32] [L1 44c 48]
POC   41 LId:  0 TId: 5 ( RASL, B-SLICE, QP 40 )        256 bits [Y 33.8600 dB    U 41.5388 dB    V 42.3538 dB] [ET     2 ] [L0 40 32] [L1 42c 44]
POC   43 LId:  0 TId: 5 ( RASL, B-SLICE, QP 40 )        256 bits [Y 33.2880 dB    U 41.5418 dB    V 42.3387 dB] [ET     3 ] [L0 42c 40] [L1 44 48]
POC   46 LId:  0 TId: 4 ( RASL, B-SLICE, QP 39 )        760 bits [Y 33.3144 dB    U 41.4616 dB    V 42.3588 dB] [ET     4 ] [L0 44c 40] [L1 48 64]
POC   45 LId:  0 TId: 5 ( RASL, B-SLICE, QP 40 )        296 bits [Y 33.4202 dB    U 41.4650 dB    V 42.3561 dB] [ET     2 ] [L0 44 40] [L1 46c 48]
POC   47 LId:  0 TId: 5 ( RASL, B-SLICE, QP 40 )        200 bits [Y 33.7913 dB    U 41.3847 dB    V 42.3922 dB] [ET     3 ] [L0 46c 44] [L1 48 64]
POC   56 LId:  0 TId: 2 ( RASL, B-SLICE, QP 34 )       8776 bits [Y 34.2169 dB    U 41.4212 dB    V 42.3087 dB] [ET    14 ] [L0 48c 32] [L1 64 48]
POC   52 LId:  0 TId: 3 ( RASL, B-SLICE, QP 37 )       2888 bits [Y 33.6654 dB    U 41.2741 dB    V 42.3451 dB] [ET     6 ] [L0 48 32] [L1 56c 64]
POC   50 LId:  0 TId: 4 ( RASL, B-SLICE, QP 39 )        912 bits [Y 33.4175 dB    U 41.3255 dB    V 42.3257 dB] [ET     4 ] [L0 48 32] [L1 52c 56]
POC   49 LId:  0 TId: 5 ( RASL, B-SLICE, QP 40 )        200 bits [Y 33.8004 dB    U 41.3561 dB    V 42.4291 dB] [ET     3 ] [L0 48 32] [L1 50c 52]
POC   51 LId:  0 TId: 5 ( RASL, B-SLICE, QP 40 )        288 bits [Y 33.4743 dB    U 41.3380 dB    V 42.3386 dB] [ET     2 ] [L0 50c 48] [L1 52 56]
POC   54 LId:  0 TId: 4 ( RASL, B-SLICE, QP 39 )       1192 bits [Y 33.2680 dB    U 41.2363 dB    V 42.2349 dB] [ET     5 ] [L0 52c 48] [L1 56 64]
POC   53 LId:  0 TId: 5 ( RASL, B-SLICE, QP 40 )        232 bits [Y 33.4208 dB    U 41.2965 dB    V 42.2727 dB] [ET     2 ] [L0 52 48] [L1 54c 56]
POC   55 LId:  0 TId: 5 ( RASL, B-SLICE, QP 40 )        248 bits [Y 33.7538 dB    U 41.3660 dB    V 42.2600 dB] [ET     2 ] [L0 54c 52] [L1 56 64]
POC   60 LId:  0 TId: 3 ( RASL, B-SLICE, QP 37 )       2872 bits [Y 33.7257 dB    U 41.1613 dB    V 42.1360 dB] [ET     6 ] [L0 56c 48] [L1 64 56]
POC   58 LId:  0 TId: 4 ( RASL, B-SLICE, QP 39 )       1064 bits [Y 33.4296 dB    U 41.2615 dB    V 42.1715 dB] [ET     4 ] [L0 56 48] [L1 60c 64]
POC   57 LId:  0 TId: 5 ( RASL, B-SLICE, QP 40 )        368 bits [Y 33.7951 dB    U 41.2849 dB    V 42.1969 dB] [ET     3 ] [L0 56 48] [L1 58c 60]
POC   59 LId:  0 TId: 5 ( RASL, B-SLICE, QP 40 )        248 bits [Y 33.4013 dB    U 41.2088 dB    V 42.0994 dB] [ET     3 ] [L0 58c 56] [L1 60 64]
POC   62 LId:  0 TId: 4 ( RASL, B-SLICE, QP 39 )        968 bits [Y 33.5572 dB    U 41.1550 dB    V 42.0573 dB] [ET     3 ] [L0 60c 48] [L1 64 60]
POC   61 LId:  0 TId: 5 ( RASL, B-SLICE, QP 40 )        296 bits [Y 33.5602 dB    U 41.1383 dB    V 42.0975 dB] [ET     3 ] [L0 60 48] [L1 62c 64]
POC   63 LId:  0 TId: 5 ( RASL, B-SLICE, QP 40 )        304 bits [Y 34.5188 dB    U 41.0891 dB    V 42.0507 dB] [ET     3 ] [L0 62c 60] [L1 64 62]

LayerId  0
	Total Frames |   Bitrate     Y-PSNR    U-PSNR    V-PSNR    YUV-PSNR   
	       65    a     428.0714   33.9610   41.5148   42.3370   35.3393

 finished @ Mon Jan 13 23:07:12 2025
 Total Time:      342.622 sec. [user]      342.622 sec. [elapsed]
