
VVCSoftware: VTM Encoder Version 10.0 [Windows][VS 1916][64 bit] [SIMD=AVX2] 

TOOL CFG: IBD:1 HAD:1 RDQ:1 RDQTS:1 RDpenalty:0 LQP:0 SQP:0 ASR:1 MinSearchWindow:96 RestrictMESampling:0 FEN:1 ECU:0 FDM:1 CFM:0 ESD:0 TransformSkip:1 TransformSkipFast:1 TransformSkipLog2MaxSize:5 ChromaTS:1 BDPCM:0 Tiles: 1x1 Slices: 1 MCTS:0 SAO:1 ALF:1 CCALF:1 WPP:0 WPB:0 PME:2  WaveFrontSynchro:0 WaveFrontSubstreams:1 ScalingList:0 TMVPMode:1  DQ:1  SignBitHidingFlag:0 RecalQP:0 
TOOL CFG: LFNST:1 MMVD:1 Affine:1 AffineType:1 PROF:1 SbTMVP:1 DualITree:1 IMV:1 BIO:1 LMChroma:1 HorCollocatedChroma:1 VerCollocatedChroma:0 MTS: 1(intra) 0(inter) SBT:1 ISP:1 SMVD:1 CompositeLTReference:0 Bcw:1 BcwFast:1 LADF:0 CIIP:1 Geo:1 AllowDisFracMMVD:1 AffineAmvr:1 AffineAmvrEncOpt:1 DMVR:1 MmvdDisNum:6 JointCbCr:1 ACT:0 PLT:0 IBC:0 HashME:0 WrapAround:0 VirtualBoundariesEnabledFlag:0 VirtualBoundariesPresentInSPSFlag:1 vertical virtual boundaries:[ ] horizontal virtual boundaries:[ ] Reshape:1 (Signal:SDR Opt:0 CSoffset:6) MRL:1 MIP:1 EncDbOpt:0 
FAST TOOL CFG: LCTUFast:1 FastMrg:1 PBIntraFast:1 IMV4PelFast:1 MTSMaxCand: 4(intra) 4(inter) ISPFast:0 FastLFNST:0 AMaxBT:1 E0023FastEnc:1 ContentBasedFastQtbt:0 UseNonLinearAlfLuma:1 UseNonLinearAlfChroma:1 MaxNumAlfAlternativesChroma:8 FastMIP:0 FastLocalDualTree:1 NumSplitThreads:1 NumWppThreads:1+0 EnsureWppBitEqual:0 RPR:0 TemporalFilter:0 


 started @ Mon Jan 13 22:28:15 2025
POC    0 LId:  0 TId: 0 ( IDR_N_LP, I-SLICE, QP 36 )      56240 bits [Y 30.9867 dB    U 38.7290 dB    V 39.0823 dB] [ET    18 ] [L0] [L1]
POC   32 LId:  0 TId: 0 ( TRAIL, B-SLICE, QP 38 )      11864 bits [Y 29.9243 dB    U 38.4089 dB    V 38.8674 dB] [ET    28 ] [L0 0] [L1 0c]
POC   16 LId:  0 TId: 1 ( STSA, B-SLICE, QP 42 )       3424 bits [Y 29.2760 dB    U 38.5557 dB    V 38.9948 dB] [ET    14 ] [L0 0 32] [L1 32c 0]
POC    8 LId:  0 TId: 2 ( STSA, B-SLICE, QP 42 )       2504 bits [Y 29.5625 dB    U 38.6513 dB    V 39.1494 dB] [ET    12 ] [L0 0 16] [L1 16c 32]
POC    4 LId:  0 TId: 3 ( STSA, B-SLICE, QP 45 )        752 bits [Y 29.4642 dB    U 38.7388 dB    V 39.1633 dB] [ET     6 ] [L0 0 8] [L1 8c 16]
POC    2 LId:  0 TId: 4 ( STSA, B-SLICE, QP 47 )        200 bits [Y 29.9320 dB    U 38.7053 dB    V 39.1312 dB] [ET     2 ] [L0 0 4] [L1 4c 8]
POC    1 LId:  0 TId: 5 ( STSA, B-SLICE, QP 48 )        160 bits [Y 30.4424 dB    U 38.7449 dB    V 39.1318 dB] [ET     2 ] [L0 0 2] [L1 2c 4]
POC    3 LId:  0 TId: 5 ( STSA, B-SLICE, QP 48 )        168 bits [Y 29.6451 dB    U 38.7159 dB    V 39.1200 dB] [ET     2 ] [L0 2c 0] [L1 4 8]
POC    6 LId:  0 TId: 4 ( STSA, B-SLICE, QP 47 )        224 bits [Y 29.2781 dB    U 38.7241 dB    V 39.1483 dB] [ET     3 ] [L0 4c 0] [L1 8 16]
POC    5 LId:  0 TId: 5 ( STSA, B-SLICE, QP 48 )        152 bits [Y 29.3761 dB    U 38.6971 dB    V 39.1267 dB] [ET     2 ] [L0 4 0] [L1 6c 8]
POC    7 LId:  0 TId: 5 ( STSA, B-SLICE, QP 48 )        128 bits [Y 29.4598 dB    U 38.6669 dB    V 39.1326 dB] [ET     2 ] [L0 6c 4] [L1 8 16]
POC   12 LId:  0 TId: 3 ( STSA, B-SLICE, QP 45 )        736 bits [Y 28.8630 dB    U 38.6462 dB    V 39.1013 dB] [ET     7 ] [L0 8 0] [L1 16c 32]
POC   10 LId:  0 TId: 4 ( STSA, B-SLICE, QP 47 )        160 bits [Y 29.0446 dB    U 38.6358 dB    V 39.1193 dB] [ET     3 ] [L0 8 0] [L1 12c 16]
POC    9 LId:  0 TId: 5 ( STSA, B-SLICE, QP 48 )        128 bits [Y 29.3607 dB    U 38.6294 dB    V 39.1385 dB] [ET     2 ] [L0 8 0] [L1 10c 12]
POC   11 LId:  0 TId: 5 ( STSA, B-SLICE, QP 48 )        144 bits [Y 28.9746 dB    U 38.6285 dB    V 39.1128 dB] [ET     2 ] [L0 10c 8] [L1 12 16]
POC   14 LId:  0 TId: 4 ( STSA, B-SLICE, QP 47 )        256 bits [Y 28.9406 dB    U 38.6227 dB    V 39.0518 dB] [ET     4 ] [L0 12c 8] [L1 16 32]
POC   13 LId:  0 TId: 5 ( STSA, B-SLICE, QP 48 )        168 bits [Y 28.9002 dB    U 38.6294 dB    V 39.0996 dB] [ET     2 ] [L0 12 8] [L1 14c 16]
POC   15 LId:  0 TId: 5 ( STSA, B-SLICE, QP 48 )        160 bits [Y 29.1512 dB    U 38.5649 dB    V 39.0348 dB] [ET     2 ] [L0 14c 12] [L1 16 32]
POC   24 LId:  0 TId: 2 ( STSA, B-SLICE, QP 42 )       2200 bits [Y 29.2678 dB    U 38.4438 dB    V 39.0184 dB] [ET    12 ] [L0 16c 0] [L1 32 16]
POC   20 LId:  0 TId: 3 ( STSA, B-SLICE, QP 45 )        872 bits [Y 28.7870 dB    U 38.5372 dB    V 38.9801 dB] [ET     8 ] [L0 16 0] [L1 24c 32]
POC   18 LId:  0 TId: 4 ( STSA, B-SLICE, QP 47 )        288 bits [Y 28.9528 dB    U 38.5295 dB    V 39.0026 dB] [ET     4 ] [L0 16 0] [L1 20c 24]
POC   17 LId:  0 TId: 5 ( STSA, B-SLICE, QP 48 )        136 bits [Y 29.1765 dB    U 38.5614 dB    V 39.0089 dB] [ET     2 ] [L0 16 0] [L1 18c 20]
POC   19 LId:  0 TId: 5 ( STSA, B-SLICE, QP 48 )        128 bits [Y 28.8553 dB    U 38.5059 dB    V 38.9966 dB] [ET     2 ] [L0 18c 16] [L1 20 24]
POC   22 LId:  0 TId: 4 ( STSA, B-SLICE, QP 47 )        232 bits [Y 28.6485 dB    U 38.5249 dB    V 38.9940 dB] [ET     3 ] [L0 20c 16] [L1 24 32]
POC   21 LId:  0 TId: 5 ( STSA, B-SLICE, QP 48 )        128 bits [Y 28.6618 dB    U 38.5254 dB    V 39.0238 dB] [ET     2 ] [L0 20 16] [L1 22c 24]
POC   23 LId:  0 TId: 5 ( STSA, B-SLICE, QP 48 )        136 bits [Y 29.0033 dB    U 38.4988 dB    V 39.0060 dB] [ET     2 ] [L0 22c 20] [L1 24 32]
POC   28 LId:  0 TId: 3 ( STSA, B-SLICE, QP 45 )        688 bits [Y 29.1027 dB    U 38.4775 dB    V 38.9676 dB] [ET     7 ] [L0 24c 16] [L1 32 24]
POC   26 LId:  0 TId: 4 ( STSA, B-SLICE, QP 47 )        232 bits [Y 28.9884 dB    U 38.4593 dB    V 38.9961 dB] [ET     3 ] [L0 24 16] [L1 28c 32]
POC   25 LId:  0 TId: 5 ( STSA, B-SLICE, QP 48 )        128 bits [Y 29.1459 dB    U 38.4732 dB    V 39.0076 dB] [ET     2 ] [L0 24 16] [L1 26c 28]
POC   27 LId:  0 TId: 5 ( STSA, B-SLICE, QP 48 )        136 bits [Y 28.9950 dB    U 38.4731 dB    V 38.9801 dB] [ET     2 ] [L0 26c 24] [L1 28 32]
POC   30 LId:  0 TId: 4 ( STSA, B-SLICE, QP 47 )        256 bits [Y 29.2327 dB    U 38.4514 dB    V 38.9261 dB] [ET     2 ] [L0 28c 16] [L1 32 28]
POC   29 LId:  0 TId: 5 ( STSA, B-SLICE, QP 48 )        128 bits [Y 29.0905 dB    U 38.4468 dB    V 38.9532 dB] [ET     2 ] [L0 28 16] [L1 30c 32]
POC   31 LId:  0 TId: 5 ( STSA, B-SLICE, QP 48 )        144 bits [Y 29.6141 dB    U 38.4383 dB    V 38.9043 dB] [ET     2 ] [L0 30c 28] [L1 32 30]
POC   64 LId:  0 TId: 0 ( CRA, I-SLICE, QP 36 )      59592 bits [Y 30.8537 dB    U 38.1692 dB    V 38.8253 dB] [ET    26 ] [L0] [L1]
POC   48 LId:  0 TId: 1 ( RASL, B-SLICE, QP 42 )       3632 bits [Y 29.6481 dB    U 38.4844 dB    V 39.3221 dB] [ET    19 ] [L0 32c 16] [L1 64 32]
POC   40 LId:  0 TId: 2 ( RASL, B-SLICE, QP 42 )       2376 bits [Y 29.6624 dB    U 38.4956 dB    V 39.1948 dB] [ET    14 ] [L0 32 16] [L1 48c 64]
POC   36 LId:  0 TId: 3 ( RASL, B-SLICE, QP 45 )        592 bits [Y 29.1919 dB    U 38.5710 dB    V 39.1061 dB] [ET     7 ] [L0 32 16] [L1 40c 48]
POC   34 LId:  0 TId: 4 ( RASL, B-SLICE, QP 47 )        304 bits [Y 29.3673 dB    U 38.4916 dB    V 39.0486 dB] [ET     5 ] [L0 32 16] [L1 36c 40]
POC   33 LId:  0 TId: 5 ( RASL, B-SLICE, QP 48 )        184 bits [Y 29.6992 dB    U 38.4781 dB    V 38.9707 dB] [ET     2 ] [L0 32 34] [L1 34c 36]
POC   35 LId:  0 TId: 5 ( RASL, B-SLICE, QP 48 )        176 bits [Y 29.2705 dB    U 38.5380 dB    V 39.0760 dB] [ET     2 ] [L0 34c 32] [L1 36 40]
POC   38 LId:  0 TId: 4 ( RASL, B-SLICE, QP 47 )        344 bits [Y 29.2961 dB    U 38.5295 dB    V 39.1361 dB] [ET     5 ] [L0 36c 32] [L1 40 48]
POC   37 LId:  0 TId: 5 ( RASL, B-SLICE, QP 48 )        192 bits [Y 29.1256 dB    U 38.5171 dB    V 39.1036 dB] [ET     2 ] [L0 36 32] [L1 38c 40]
POC   39 LId:  0 TId: 5 ( RASL, B-SLICE, QP 48 )        192 bits [Y 29.5122 dB    U 38.5179 dB    V 39.1601 dB] [ET     2 ] [L0 38c 36] [L1 40 48]
POC   44 LId:  0 TId: 3 ( RASL, B-SLICE, QP 45 )        672 bits [Y 29.2248 dB    U 38.5623 dB    V 39.3714 dB] [ET     7 ] [L0 40 32] [L1 48c 64]
POC   42 LId:  0 TId: 4 ( RASL, B-SLICE, QP 47 )        296 bits [Y 29.2251 dB    U 38.5279 dB    V 39.3256 dB] [ET     5 ] [L0 40 32] [L1 44c 48]
POC   41 LId:  0 TId: 5 ( RASL, B-SLICE, QP 48 )        160 bits [Y 29.4716 dB    U 38.5288 dB    V 39.2418 dB] [ET     2 ] [L0 40 32] [L1 42c 44]
POC   43 LId:  0 TId: 5 ( RASL, B-SLICE, QP 48 )        152 bits [Y 29.1822 dB    U 38.5337 dB    V 39.3242 dB] [ET     2 ] [L0 42c 40] [L1 44 48]
POC   46 LId:  0 TId: 4 ( RASL, B-SLICE, QP 47 )        264 bits [Y 29.2238 dB    U 38.5598 dB    V 39.3432 dB] [ET     5 ] [L0 44c 40] [L1 48 64]
POC   45 LId:  0 TId: 5 ( RASL, B-SLICE, QP 48 )        184 bits [Y 29.2591 dB    U 38.5433 dB    V 39.3723 dB] [ET     2 ] [L0 44 40] [L1 46c 48]
POC   47 LId:  0 TId: 5 ( RASL, B-SLICE, QP 48 )        128 bits [Y 29.5238 dB    U 38.4924 dB    V 39.3799 dB] [ET     2 ] [L0 46c 44] [L1 48 64]
POC   56 LId:  0 TId: 2 ( RASL, B-SLICE, QP 42 )       2384 bits [Y 29.7281 dB    U 38.4158 dB    V 39.2132 dB] [ET    13 ] [L0 48c 32] [L1 64 48]
POC   52 LId:  0 TId: 3 ( RASL, B-SLICE, QP 45 )        728 bits [Y 29.3089 dB    U 38.4462 dB    V 39.3434 dB] [ET     8 ] [L0 48 32] [L1 56c 64]
POC   50 LId:  0 TId: 4 ( RASL, B-SLICE, QP 47 )        232 bits [Y 29.1941 dB    U 38.4874 dB    V 39.3451 dB] [ET     5 ] [L0 48 32] [L1 52c 56]
POC   49 LId:  0 TId: 5 ( RASL, B-SLICE, QP 48 )        168 bits [Y 29.4712 dB    U 38.4920 dB    V 39.3662 dB] [ET     2 ] [L0 48 32] [L1 50c 52]
POC   51 LId:  0 TId: 5 ( RASL, B-SLICE, QP 48 )        128 bits [Y 29.1334 dB    U 38.5055 dB    V 39.3520 dB] [ET     2 ] [L0 50c 48] [L1 52 56]
POC   54 LId:  0 TId: 4 ( RASL, B-SLICE, QP 47 )        288 bits [Y 29.2387 dB    U 38.4098 dB    V 39.2508 dB] [ET     5 ] [L0 52c 48] [L1 56 64]
POC   53 LId:  0 TId: 5 ( RASL, B-SLICE, QP 48 )        136 bits [Y 29.2614 dB    U 38.4493 dB    V 39.3207 dB] [ET     2 ] [L0 52 48] [L1 54c 56]
POC   55 LId:  0 TId: 5 ( RASL, B-SLICE, QP 48 )        136 bits [Y 29.5281 dB    U 38.4226 dB    V 39.2432 dB] [ET     2 ] [L0 54c 52] [L1 56 64]
POC   60 LId:  0 TId: 3 ( RASL, B-SLICE, QP 45 )        792 bits [Y 29.5935 dB    U 38.2655 dB    V 39.0616 dB] [ET     6 ] [L0 56c 48] [L1 64 56]
POC   58 LId:  0 TId: 4 ( RASL, B-SLICE, QP 47 )        264 bits [Y 29.3794 dB    U 38.3308 dB    V 39.1661 dB] [ET     4 ] [L0 56 48] [L1 60c 64]
POC   57 LId:  0 TId: 5 ( RASL, B-SLICE, QP 48 )        136 bits [Y 29.5368 dB    U 38.3239 dB    V 39.1773 dB] [ET     2 ] [L0 56 48] [L1 58c 60]
POC   59 LId:  0 TId: 5 ( RASL, B-SLICE, QP 48 )        168 bits [Y 29.3812 dB    U 38.3111 dB    V 39.1091 dB] [ET     2 ] [L0 58c 56] [L1 60 64]
POC   62 LId:  0 TId: 4 ( RASL, B-SLICE, QP 47 )        280 bits [Y 29.6673 dB    U 38.2392 dB    V 38.9543 dB] [ET     5 ] [L0 60c 48] [L1 64 60]
POC   61 LId:  0 TId: 5 ( RASL, B-SLICE, QP 48 )        176 bits [Y 29.6369 dB    U 38.2390 dB    V 39.0469 dB] [ET     2 ] [L0 60 48] [L1 62c 64]
POC   63 LId:  0 TId: 5 ( RASL, B-SLICE, QP 48 )        128 bits [Y 30.2171 dB    U 38.1862 dB    V 38.9065 dB] [ET     2 ] [L0 62c 60] [L1 64 62]

LayerId  0
	Total Frames |   Bitrate     Y-PSNR    U-PSNR    V-PSNR    YUV-PSNR   
	       65    a     146.7545   29.3710   38.5093   39.1174   30.8719

 finished @ Mon Jan 13 22:34:20 2025
 Total Time:      364.875 sec. [user]      364.875 sec. [elapsed]
