
VVCSoftware: VTM Encoder Version 10.0 [Windows][VS 1916][64 bit] [SIMD=AVX2] 

TOOL CFG: IBD:1 HAD:1 RDQ:1 RDQTS:1 RDpenalty:0 LQP:0 SQP:0 ASR:1 MinSearchWindow:96 RestrictMESampling:0 FEN:1 ECU:0 FDM:1 CFM:0 ESD:0 TransformSkip:1 TransformSkipFast:1 TransformSkipLog2MaxSize:5 ChromaTS:1 BDPCM:0 Tiles: 1x1 Slices: 1 MCTS:0 SAO:1 ALF:1 CCALF:1 WPP:0 WPB:0 PME:2  WaveFrontSynchro:0 WaveFrontSubstreams:1 ScalingList:0 TMVPMode:1  DQ:1  SignBitHidingFlag:0 RecalQP:0 
TOOL CFG: LFNST:1 MMVD:1 Affine:1 AffineType:1 PROF:1 SbTMVP:1 DualITree:1 IMV:1 BIO:1 LMChroma:1 HorCollocatedChroma:1 VerCollocatedChroma:0 MTS: 1(intra) 0(inter) SBT:1 ISP:1 SMVD:1 CompositeLTReference:0 Bcw:1 BcwFast:1 LADF:0 CIIP:1 Geo:1 AllowDisFracMMVD:1 AffineAmvr:1 AffineAmvrEncOpt:1 DMVR:1 MmvdDisNum:6 JointCbCr:1 ACT:0 PLT:0 IBC:0 HashME:0 WrapAround:0 VirtualBoundariesEnabledFlag:0 VirtualBoundariesPresentInSPSFlag:1 vertical virtual boundaries:[ ] horizontal virtual boundaries:[ ] Reshape:1 (Signal:SDR Opt:0 CSoffset:6) MRL:1 MIP:1 EncDbOpt:0 
FAST TOOL CFG: LCTUFast:1 FastMrg:1 PBIntraFast:1 IMV4PelFast:1 MTSMaxCand: 4(intra) 4(inter) ISPFast:0 FastLFNST:0 AMaxBT:1 E0023FastEnc:1 ContentBasedFastQtbt:0 UseNonLinearAlfLuma:1 UseNonLinearAlfChroma:1 MaxNumAlfAlternativesChroma:8 FastMIP:0 FastLocalDualTree:1 NumSplitThreads:1 NumWppThreads:1+0 EnsureWppBitEqual:0 RPR:0 TemporalFilter:0 


 started @ Tue Jan 14 02:18:04 2025
POC    0 LId:  0 TId: 0 ( IDR_N_LP, I-SLICE, QP 19 )     245000 bits [Y 44.5906 dB    U 46.2633 dB    V 46.9925 dB] [ET    32 ] [L0] [L1]
POC   32 LId:  0 TId: 0 ( TRAIL, B-SLICE, QP 21 )     118552 bits [Y 42.8351 dB    U 45.1358 dB    V 46.0765 dB] [ET    33 ] [L0 0] [L1 0c]
POC   16 LId:  0 TId: 1 ( STSA, B-SLICE, QP 22 )      75120 bits [Y 42.0484 dB    U 45.0826 dB    V 46.0588 dB] [ET    36 ] [L0 0 32] [L1 32c 0]
POC    8 LId:  0 TId: 2 ( STSA, B-SLICE, QP 23 )      51832 bits [Y 41.3787 dB    U 45.0669 dB    V 46.1756 dB] [ET    32 ] [L0 0 16] [L1 16c 32]
POC    4 LId:  0 TId: 3 ( STSA, B-SLICE, QP 26 )      27192 bits [Y 39.6682 dB    U 45.1926 dB    V 46.2694 dB] [ET    23 ] [L0 0 8] [L1 8c 16]
POC    2 LId:  0 TId: 4 ( STSA, B-SLICE, QP 28 )       8736 bits [Y 39.0602 dB    U 45.2984 dB    V 46.4073 dB] [ET    12 ] [L0 0 4] [L1 4c 8]
POC    1 LId:  0 TId: 5 ( STSA, B-SLICE, QP 29 )       1608 bits [Y 39.5689 dB    U 45.4706 dB    V 46.5846 dB] [ET     4 ] [L0 0 2] [L1 2c 4]
POC    3 LId:  0 TId: 5 ( STSA, B-SLICE, QP 29 )       1944 bits [Y 38.8962 dB    U 45.2701 dB    V 46.3729 dB] [ET     4 ] [L0 2c 0] [L1 4 8]
POC    6 LId:  0 TId: 4 ( STSA, B-SLICE, QP 28 )       9160 bits [Y 38.9685 dB    U 45.1253 dB    V 46.1641 dB] [ET    12 ] [L0 4c 0] [L1 8 16]
POC    5 LId:  0 TId: 5 ( STSA, B-SLICE, QP 29 )       1872 bits [Y 38.9965 dB    U 45.1424 dB    V 46.1519 dB] [ET     4 ] [L0 4 0] [L1 6c 8]
POC    7 LId:  0 TId: 5 ( STSA, B-SLICE, QP 29 )       1936 bits [Y 39.4126 dB    U 45.0495 dB    V 46.2306 dB] [ET     5 ] [L0 6c 4] [L1 8 16]
POC   12 LId:  0 TId: 3 ( STSA, B-SLICE, QP 26 )      27024 bits [Y 39.5862 dB    U 44.9782 dB    V 46.0390 dB] [ET    18 ] [L0 8c 0] [L1 16 32]
POC   10 LId:  0 TId: 4 ( STSA, B-SLICE, QP 28 )       8304 bits [Y 38.9768 dB    U 44.9879 dB    V 46.1295 dB] [ET    11 ] [L0 8 0] [L1 12c 16]
POC    9 LId:  0 TId: 5 ( STSA, B-SLICE, QP 29 )       2136 bits [Y 39.3455 dB    U 45.0601 dB    V 46.2189 dB] [ET     5 ] [L0 8 0] [L1 10c 12]
POC   11 LId:  0 TId: 5 ( STSA, B-SLICE, QP 29 )       2064 bits [Y 38.9648 dB    U 44.9763 dB    V 46.1166 dB] [ET     5 ] [L0 10c 8] [L1 12 16]
POC   14 LId:  0 TId: 4 ( STSA, B-SLICE, QP 28 )       9000 bits [Y 38.9558 dB    U 45.0031 dB    V 46.0804 dB] [ET    13 ] [L0 12c 8] [L1 16 32]
POC   13 LId:  0 TId: 5 ( STSA, B-SLICE, QP 29 )       1920 bits [Y 38.9213 dB    U 45.0272 dB    V 46.1345 dB] [ET    11 ] [L0 12 8] [L1 14c 16]
POC   15 LId:  0 TId: 5 ( STSA, B-SLICE, QP 29 )       1696 bits [Y 39.3575 dB    U 44.9780 dB    V 46.0973 dB] [ET     9 ] [L0 14c 12] [L1 16 32]
POC   24 LId:  0 TId: 2 ( STSA, B-SLICE, QP 23 )      54440 bits [Y 41.3067 dB    U 44.8115 dB    V 46.0836 dB] [ET    52 ] [L0 16c 0] [L1 32 16]
POC   20 LId:  0 TId: 3 ( STSA, B-SLICE, QP 26 )      28320 bits [Y 39.6065 dB    U 44.7737 dB    V 45.9219 dB] [ET    39 ] [L0 16 0] [L1 24c 32]
POC   18 LId:  0 TId: 4 ( STSA, B-SLICE, QP 28 )       8272 bits [Y 38.9713 dB    U 44.9316 dB    V 46.0698 dB] [ET    25 ] [L0 16 0] [L1 20c 24]
POC   17 LId:  0 TId: 5 ( STSA, B-SLICE, QP 29 )       1640 bits [Y 39.5053 dB    U 44.9456 dB    V 46.0743 dB] [ET     9 ] [L0 16 0] [L1 18c 20]
POC   19 LId:  0 TId: 5 ( STSA, B-SLICE, QP 29 )       1800 bits [Y 38.8555 dB    U 44.8171 dB    V 45.9891 dB] [ET    10 ] [L0 18c 16] [L1 20 24]
POC   22 LId:  0 TId: 4 ( STSA, B-SLICE, QP 28 )       8536 bits [Y 38.9118 dB    U 44.7911 dB    V 46.0388 dB] [ET    23 ] [L0 20c 16] [L1 24 32]
POC   21 LId:  0 TId: 5 ( STSA, B-SLICE, QP 29 )       1824 bits [Y 38.9457 dB    U 44.8486 dB    V 46.0347 dB] [ET     8 ] [L0 20 16] [L1 22c 24]
POC   23 LId:  0 TId: 5 ( STSA, B-SLICE, QP 29 )       1592 bits [Y 39.2623 dB    U 44.8238 dB    V 46.0734 dB] [ET     9 ] [L0 22c 20] [L1 24 32]
POC   28 LId:  0 TId: 3 ( STSA, B-SLICE, QP 26 )      26232 bits [Y 39.6039 dB    U 44.8367 dB    V 45.8818 dB] [ET    37 ] [L0 24c 16] [L1 32 24]
POC   26 LId:  0 TId: 4 ( STSA, B-SLICE, QP 28 )       8952 bits [Y 38.8500 dB    U 44.8014 dB    V 45.9267 dB] [ET    26 ] [L0 24 16] [L1 28c 32]
POC   25 LId:  0 TId: 5 ( STSA, B-SLICE, QP 29 )       1552 bits [Y 39.2034 dB    U 44.8463 dB    V 46.0514 dB] [ET     9 ] [L0 24 16] [L1 26c 28]
POC   27 LId:  0 TId: 5 ( STSA, B-SLICE, QP 29 )       1440 bits [Y 38.6478 dB    U 44.8134 dB    V 45.9293 dB] [ET     9 ] [L0 26c 24] [L1 28 32]
POC   30 LId:  0 TId: 4 ( STSA, B-SLICE, QP 28 )      10616 bits [Y 38.7505 dB    U 44.9150 dB    V 45.9479 dB] [ET    29 ] [L0 28c 16] [L1 32 28]
POC   29 LId:  0 TId: 5 ( STSA, B-SLICE, QP 29 )       1848 bits [Y 38.6944 dB    U 44.8837 dB    V 45.9744 dB] [ET    10 ] [L0 28 16] [L1 30c 32]
POC   31 LId:  0 TId: 5 ( STSA, B-SLICE, QP 29 )       1680 bits [Y 39.4059 dB    U 44.9697 dB    V 46.0258 dB] [ET     9 ] [L0 30c 28] [L1 32 30]
POC   64 LId:  0 TId: 0 ( CRA, I-SLICE, QP 19 )     253432 bits [Y 44.4889 dB    U 46.1170 dB    V 46.7927 dB] [ET    51 ] [L0] [L1]
POC   48 LId:  0 TId: 1 ( RASL, B-SLICE, QP 22 )      79104 bits [Y 42.1496 dB    U 45.1529 dB    V 46.3447 dB] [ET    59 ] [L0 32c 16] [L1 64 32]
POC   40 LId:  0 TId: 2 ( RASL, B-SLICE, QP 23 )      54928 bits [Y 41.4661 dB    U 45.1637 dB    V 46.2719 dB] [ET    53 ] [L0 32 16] [L1 48c 64]
POC   36 LId:  0 TId: 3 ( RASL, B-SLICE, QP 26 )      25688 bits [Y 39.7055 dB    U 45.1214 dB    V 46.1382 dB] [ET    41 ] [L0 32 16] [L1 40c 48]
POC   34 LId:  0 TId: 4 ( RASL, B-SLICE, QP 28 )      11936 bits [Y 38.7944 dB    U 45.1257 dB    V 46.1182 dB] [ET    30 ] [L0 32 16] [L1 36c 40]
POC   33 LId:  0 TId: 5 ( RASL, B-SLICE, QP 29 )       1736 bits [Y 39.2797 dB    U 45.1220 dB    V 46.1479 dB] [ET    10 ] [L0 32 34] [L1 34c 36]
POC   35 LId:  0 TId: 5 ( RASL, B-SLICE, QP 29 )       1896 bits [Y 38.7791 dB    U 45.1247 dB    V 46.0710 dB] [ET    11 ] [L0 34c 32] [L1 36 40]
POC   38 LId:  0 TId: 4 ( RASL, B-SLICE, QP 28 )      11528 bits [Y 38.7553 dB    U 45.1989 dB    V 46.1821 dB] [ET    33 ] [L0 36c 32] [L1 40 48]
POC   37 LId:  0 TId: 5 ( RASL, B-SLICE, QP 29 )       2216 bits [Y 38.6974 dB    U 45.0895 dB    V 46.1619 dB] [ET    10 ] [L0 36 32] [L1 38c 40]
POC   39 LId:  0 TId: 5 ( RASL, B-SLICE, QP 29 )       1904 bits [Y 38.9645 dB    U 45.1351 dB    V 46.3385 dB] [ET     9 ] [L0 38c 36] [L1 40 48]
POC   44 LId:  0 TId: 3 ( RASL, B-SLICE, QP 26 )      24432 bits [Y 39.6564 dB    U 45.1474 dB    V 46.4991 dB] [ET    35 ] [L0 40c 32] [L1 48 64]
POC   42 LId:  0 TId: 4 ( RASL, B-SLICE, QP 28 )      13656 bits [Y 38.6963 dB    U 45.1510 dB    V 46.4880 dB] [ET    37 ] [L0 40 32] [L1 44c 48]
POC   41 LId:  0 TId: 5 ( RASL, B-SLICE, QP 29 )       1688 bits [Y 39.0027 dB    U 45.1839 dB    V 46.4644 dB] [ET    10 ] [L0 40 32] [L1 42c 44]
POC   43 LId:  0 TId: 5 ( RASL, B-SLICE, QP 29 )       2256 bits [Y 38.6056 dB    U 45.1696 dB    V 46.3921 dB] [ET    11 ] [L0 42c 40] [L1 44 48]
POC   46 LId:  0 TId: 4 ( RASL, B-SLICE, QP 28 )      13968 bits [Y 38.7182 dB    U 45.1737 dB    V 46.3705 dB] [ET    29 ] [L0 44c 40] [L1 48 64]
POC   45 LId:  0 TId: 5 ( RASL, B-SLICE, QP 29 )       2128 bits [Y 38.8081 dB    U 45.1724 dB    V 46.3910 dB] [ET    11 ] [L0 44 40] [L1 46c 48]
POC   47 LId:  0 TId: 5 ( RASL, B-SLICE, QP 29 )       2048 bits [Y 38.9913 dB    U 45.2420 dB    V 46.4396 dB] [ET    12 ] [L0 46c 44] [L1 48 64]
POC   56 LId:  0 TId: 2 ( RASL, B-SLICE, QP 23 )      57296 bits [Y 41.4035 dB    U 45.2601 dB    V 46.4237 dB] [ET    58 ] [L0 48c 32] [L1 64 48]
POC   52 LId:  0 TId: 3 ( RASL, B-SLICE, QP 26 )      24256 bits [Y 39.7023 dB    U 45.1600 dB    V 46.3954 dB] [ET    38 ] [L0 48 32] [L1 56c 64]
POC   50 LId:  0 TId: 4 ( RASL, B-SLICE, QP 28 )      13240 bits [Y 38.7094 dB    U 45.1714 dB    V 46.4135 dB] [ET    28 ] [L0 48 32] [L1 52c 56]
POC   49 LId:  0 TId: 5 ( RASL, B-SLICE, QP 29 )       1848 bits [Y 38.8394 dB    U 45.2611 dB    V 46.5037 dB] [ET    10 ] [L0 48 32] [L1 50c 52]
POC   51 LId:  0 TId: 5 ( RASL, B-SLICE, QP 29 )       2176 bits [Y 38.5512 dB    U 45.2145 dB    V 46.4423 dB] [ET    10 ] [L0 50c 48] [L1 52 56]
POC   54 LId:  0 TId: 4 ( RASL, B-SLICE, QP 28 )      13848 bits [Y 38.7966 dB    U 45.2492 dB    V 46.4267 dB] [ET    29 ] [L0 52c 48] [L1 56 64]
POC   53 LId:  0 TId: 5 ( RASL, B-SLICE, QP 29 )       2904 bits [Y 38.6760 dB    U 45.2580 dB    V 46.3943 dB] [ET    12 ] [L0 52 48] [L1 54c 56]
POC   55 LId:  0 TId: 5 ( RASL, B-SLICE, QP 29 )       2112 bits [Y 38.9991 dB    U 45.3014 dB    V 46.4863 dB] [ET    11 ] [L0 54c 52] [L1 56 64]
POC   60 LId:  0 TId: 3 ( RASL, B-SLICE, QP 26 )      25304 bits [Y 39.6929 dB    U 45.0978 dB    V 46.2293 dB] [ET    36 ] [L0 56c 48] [L1 64 56]
POC   58 LId:  0 TId: 4 ( RASL, B-SLICE, QP 28 )      12576 bits [Y 38.7332 dB    U 45.1508 dB    V 46.3481 dB] [ET    27 ] [L0 56 48] [L1 60c 64]
POC   57 LId:  0 TId: 5 ( RASL, B-SLICE, QP 29 )       2728 bits [Y 38.8135 dB    U 45.1856 dB    V 46.2804 dB] [ET    14 ] [L0 56 48] [L1 58c 60]
POC   59 LId:  0 TId: 5 ( RASL, B-SLICE, QP 29 )       3128 bits [Y 38.3736 dB    U 45.1455 dB    V 46.3272 dB] [ET    16 ] [L0 58c 56] [L1 60 64]
POC   62 LId:  0 TId: 4 ( RASL, B-SLICE, QP 28 )      16064 bits [Y 38.7110 dB    U 45.2666 dB    V 46.4089 dB] [ET    28 ] [L0 60c 48] [L1 64 60]
POC   61 LId:  0 TId: 5 ( RASL, B-SLICE, QP 29 )       2120 bits [Y 38.5115 dB    U 45.2376 dB    V 46.4240 dB] [ET    11 ] [L0 60 48] [L1 62c 64]
POC   63 LId:  0 TId: 5 ( RASL, B-SLICE, QP 29 )       1968 bits [Y 38.9536 dB    U 45.3543 dB    V 46.4269 dB] [ET    11 ] [L0 62c 60] [L1 64 62]

LayerId  0
	Total Frames |   Bitrate     Y-PSNR    U-PSNR    V-PSNR    YUV-PSNR   
	       65    a    1329.1865   39.4935   45.1203   46.2441   40.6188

 finished @ Tue Jan 14 02:41:19 2025
 Total Time:     1394.756 sec. [user]     1394.756 sec. [elapsed]
