
VVCSoftware: VTM Encoder Version 10.0 [Windows][VS 1916][64 bit] [SIMD=AVX2] 

TOOL CFG: IBD:1 HAD:1 RDQ:1 RDQTS:1 RDpenalty:0 LQP:0 SQP:0 ASR:1 MinSearchWindow:96 RestrictMESampling:0 FEN:1 ECU:0 FDM:1 CFM:0 ESD:0 TransformSkip:1 TransformSkipFast:1 TransformSkipLog2MaxSize:5 ChromaTS:1 BDPCM:0 Tiles: 1x1 Slices: 1 MCTS:0 SAO:1 ALF:1 CCALF:1 WPP:0 WPB:0 PME:2  WaveFrontSynchro:0 WaveFrontSubstreams:1 ScalingList:0 TMVPMode:1  DQ:1  SignBitHidingFlag:0 RecalQP:0 
TOOL CFG: LFNST:1 MMVD:1 Affine:1 AffineType:1 PROF:1 SbTMVP:1 DualITree:1 IMV:1 BIO:1 LMChroma:1 HorCollocatedChroma:1 VerCollocatedChroma:0 MTS: 1(intra) 0(inter) SBT:1 ISP:1 SMVD:1 CompositeLTReference:0 Bcw:1 BcwFast:1 LADF:0 CIIP:1 Geo:1 AllowDisFracMMVD:1 AffineAmvr:1 AffineAmvrEncOpt:1 DMVR:1 MmvdDisNum:6 JointCbCr:1 ACT:0 PLT:0 IBC:0 HashME:0 WrapAround:0 VirtualBoundariesEnabledFlag:0 VirtualBoundariesPresentInSPSFlag:1 vertical virtual boundaries:[ ] horizontal virtual boundaries:[ ] Reshape:1 (Signal:SDR Opt:0 CSoffset:6) MRL:1 MIP:1 EncDbOpt:0 
FAST TOOL CFG: LCTUFast:1 FastMrg:1 PBIntraFast:1 IMV4PelFast:1 MTSMaxCand: 4(intra) 4(inter) ISPFast:0 FastLFNST:0 AMaxBT:1 E0023FastEnc:1 ContentBasedFastQtbt:0 UseNonLinearAlfLuma:1 UseNonLinearAlfChroma:1 MaxNumAlfAlternativesChroma:8 FastMIP:0 FastLocalDualTree:1 NumSplitThreads:1 NumWppThreads:1+0 EnsureWppBitEqual:0 RPR:0 TemporalFilter:0 


 started @ Tue Jan 14 01:04:21 2025
POC    0 LId:  0 TId: 0 ( IDR_N_LP, I-SLICE, QP 20 )     225376 bits [Y 43.7082 dB    U 45.1769 dB    V 46.0082 dB] [ET    25 ] [L0] [L1]
POC   32 LId:  0 TId: 0 ( TRAIL, B-SLICE, QP 22 )     106448 bits [Y 41.9346 dB    U 44.3336 dB    V 45.3948 dB] [ET    31 ] [L0 0] [L1 0c]
POC   16 LId:  0 TId: 1 ( STSA, B-SLICE, QP 23 )      64776 bits [Y 41.1942 dB    U 44.3650 dB    V 45.3230 dB] [ET    34 ] [L0 0 32] [L1 32c 0]
POC    8 LId:  0 TId: 2 ( STSA, B-SLICE, QP 24 )      44232 bits [Y 40.6078 dB    U 44.3859 dB    V 45.4228 dB] [ET    30 ] [L0 0 16] [L1 16c 32]
POC    4 LId:  0 TId: 3 ( STSA, B-SLICE, QP 27 )      21912 bits [Y 39.0077 dB    U 44.4960 dB    V 45.5858 dB] [ET    21 ] [L0 0 8] [L1 8c 16]
POC    2 LId:  0 TId: 4 ( STSA, B-SLICE, QP 29 )       6656 bits [Y 38.5404 dB    U 44.5465 dB    V 45.6330 dB] [ET     9 ] [L0 0 4] [L1 4c 8]
POC    1 LId:  0 TId: 5 ( STSA, B-SLICE, QP 31 )        968 bits [Y 39.2446 dB    U 44.6519 dB    V 45.8070 dB] [ET     3 ] [L0 0 2] [L1 2c 4]
POC    3 LId:  0 TId: 5 ( STSA, B-SLICE, QP 31 )       1064 bits [Y 38.3162 dB    U 44.5798 dB    V 45.6365 dB] [ET     3 ] [L0 2c 0] [L1 4 8]
POC    6 LId:  0 TId: 4 ( STSA, B-SLICE, QP 29 )       6824 bits [Y 38.3477 dB    U 44.4194 dB    V 45.4282 dB] [ET    10 ] [L0 4c 0] [L1 8 16]
POC    5 LId:  0 TId: 5 ( STSA, B-SLICE, QP 31 )       1160 bits [Y 38.3877 dB    U 44.4371 dB    V 45.4330 dB] [ET     3 ] [L0 4 0] [L1 6c 8]
POC    7 LId:  0 TId: 5 ( STSA, B-SLICE, QP 31 )       1344 bits [Y 38.8368 dB    U 44.3402 dB    V 45.4676 dB] [ET     4 ] [L0 6c 4] [L1 8 16]
POC   12 LId:  0 TId: 3 ( STSA, B-SLICE, QP 27 )      22080 bits [Y 38.9150 dB    U 44.3310 dB    V 45.2558 dB] [ET    16 ] [L0 8c 0] [L1 16 32]
POC   10 LId:  0 TId: 4 ( STSA, B-SLICE, QP 29 )       5992 bits [Y 38.4223 dB    U 44.3047 dB    V 45.4354 dB] [ET     9 ] [L0 8 0] [L1 12c 16]
POC    9 LId:  0 TId: 5 ( STSA, B-SLICE, QP 31 )       1112 bits [Y 38.7455 dB    U 44.3237 dB    V 45.4759 dB] [ET     3 ] [L0 8 0] [L1 10c 12]
POC   11 LId:  0 TId: 5 ( STSA, B-SLICE, QP 31 )       1352 bits [Y 38.3106 dB    U 44.3257 dB    V 45.3716 dB] [ET     4 ] [L0 10c 8] [L1 12 16]
POC   14 LId:  0 TId: 4 ( STSA, B-SLICE, QP 29 )       7288 bits [Y 38.3019 dB    U 44.2902 dB    V 45.2644 dB] [ET     9 ] [L0 12c 8] [L1 16 32]
POC   13 LId:  0 TId: 5 ( STSA, B-SLICE, QP 31 )       1112 bits [Y 38.3384 dB    U 44.3404 dB    V 45.3124 dB] [ET     4 ] [L0 12 8] [L1 14c 16]
POC   15 LId:  0 TId: 5 ( STSA, B-SLICE, QP 31 )       1064 bits [Y 38.8232 dB    U 44.3077 dB    V 45.3514 dB] [ET     3 ] [L0 14c 12] [L1 16 32]
POC   24 LId:  0 TId: 2 ( STSA, B-SLICE, QP 24 )      45696 bits [Y 40.4750 dB    U 44.0872 dB    V 45.3121 dB] [ET    23 ] [L0 16c 0] [L1 32 16]
POC   20 LId:  0 TId: 3 ( STSA, B-SLICE, QP 27 )      22640 bits [Y 38.9167 dB    U 44.1458 dB    V 45.2111 dB] [ET    16 ] [L0 16 0] [L1 24c 32]
POC   18 LId:  0 TId: 4 ( STSA, B-SLICE, QP 29 )       6424 bits [Y 38.4555 dB    U 44.2376 dB    V 45.2846 dB] [ET    10 ] [L0 16 0] [L1 20c 24]
POC   17 LId:  0 TId: 5 ( STSA, B-SLICE, QP 31 )       1136 bits [Y 38.9735 dB    U 44.2714 dB    V 45.3169 dB] [ET     4 ] [L0 16 0] [L1 18c 20]
POC   19 LId:  0 TId: 5 ( STSA, B-SLICE, QP 31 )       1240 bits [Y 38.2998 dB    U 44.1461 dB    V 45.2101 dB] [ET     4 ] [L0 18c 16] [L1 20 24]
POC   22 LId:  0 TId: 4 ( STSA, B-SLICE, QP 29 )       6640 bits [Y 38.3508 dB    U 44.1310 dB    V 45.2454 dB] [ET    10 ] [L0 20c 16] [L1 24 32]
POC   21 LId:  0 TId: 5 ( STSA, B-SLICE, QP 31 )       1144 bits [Y 38.3371 dB    U 44.1625 dB    V 45.2953 dB] [ET     4 ] [L0 20 16] [L1 22c 24]
POC   23 LId:  0 TId: 5 ( STSA, B-SLICE, QP 31 )       1096 bits [Y 38.7769 dB    U 44.1025 dB    V 45.2967 dB] [ET     3 ] [L0 22c 20] [L1 24 32]
POC   28 LId:  0 TId: 3 ( STSA, B-SLICE, QP 27 )      20760 bits [Y 38.8793 dB    U 44.1375 dB    V 45.2550 dB] [ET    16 ] [L0 24c 16] [L1 32 24]
POC   26 LId:  0 TId: 4 ( STSA, B-SLICE, QP 29 )       6664 bits [Y 38.2812 dB    U 44.0916 dB    V 45.2681 dB] [ET    10 ] [L0 24 16] [L1 28c 32]
POC   25 LId:  0 TId: 5 ( STSA, B-SLICE, QP 31 )        832 bits [Y 38.6384 dB    U 44.1118 dB    V 45.3242 dB] [ET     3 ] [L0 24 16] [L1 26c 28]
POC   27 LId:  0 TId: 5 ( STSA, B-SLICE, QP 31 )        968 bits [Y 38.0598 dB    U 44.1277 dB    V 45.2841 dB] [ET     4 ] [L0 26c 24] [L1 28 32]
POC   30 LId:  0 TId: 4 ( STSA, B-SLICE, QP 29 )       7616 bits [Y 38.1282 dB    U 44.2146 dB    V 45.2946 dB] [ET    12 ] [L0 28c 16] [L1 32 28]
POC   29 LId:  0 TId: 5 ( STSA, B-SLICE, QP 31 )       1240 bits [Y 38.1025 dB    U 44.1397 dB    V 45.2954 dB] [ET     4 ] [L0 28 16] [L1 30c 32]
POC   31 LId:  0 TId: 5 ( STSA, B-SLICE, QP 31 )       1096 bits [Y 38.8728 dB    U 44.2379 dB    V 45.4148 dB] [ET     4 ] [L0 30c 28] [L1 32 30]
POC   64 LId:  0 TId: 0 ( CRA, I-SLICE, QP 20 )     235816 bits [Y 43.6990 dB    U 45.0808 dB    V 45.8500 dB] [ET    23 ] [L0] [L1]
POC   48 LId:  0 TId: 1 ( RASL, B-SLICE, QP 23 )      68640 bits [Y 41.3402 dB    U 44.4939 dB    V 45.7445 dB] [ET    29 ] [L0 32c 16] [L1 64 32]
POC   40 LId:  0 TId: 2 ( RASL, B-SLICE, QP 24 )      46264 bits [Y 40.6606 dB    U 44.4551 dB    V 45.6340 dB] [ET    24 ] [L0 32 16] [L1 48c 64]
POC   36 LId:  0 TId: 3 ( RASL, B-SLICE, QP 27 )      20720 bits [Y 39.0159 dB    U 44.4779 dB    V 45.4666 dB] [ET    16 ] [L0 32 16] [L1 40c 48]
POC   34 LId:  0 TId: 4 ( RASL, B-SLICE, QP 29 )       8992 bits [Y 38.1639 dB    U 44.4440 dB    V 45.5304 dB] [ET    13 ] [L0 32 16] [L1 36c 40]
POC   33 LId:  0 TId: 5 ( RASL, B-SLICE, QP 31 )        984 bits [Y 38.7610 dB    U 44.4081 dB    V 45.5087 dB] [ET     3 ] [L0 32 34] [L1 34c 36]
POC   35 LId:  0 TId: 5 ( RASL, B-SLICE, QP 31 )       1208 bits [Y 38.2106 dB    U 44.4889 dB    V 45.4603 dB] [ET     4 ] [L0 34c 32] [L1 36 40]
POC   38 LId:  0 TId: 4 ( RASL, B-SLICE, QP 29 )       8536 bits [Y 38.2169 dB    U 44.4845 dB    V 45.5398 dB] [ET    14 ] [L0 36c 32] [L1 40 48]
POC   37 LId:  0 TId: 5 ( RASL, B-SLICE, QP 31 )       1400 bits [Y 38.0792 dB    U 44.4385 dB    V 45.5206 dB] [ET     3 ] [L0 36 32] [L1 38c 40]
POC   39 LId:  0 TId: 5 ( RASL, B-SLICE, QP 31 )        992 bits [Y 38.4642 dB    U 44.4730 dB    V 45.6762 dB] [ET     4 ] [L0 38c 36] [L1 40 48]
POC   44 LId:  0 TId: 3 ( RASL, B-SLICE, QP 27 )      19752 bits [Y 39.0290 dB    U 44.4507 dB    V 45.7397 dB] [ET    16 ] [L0 40c 32] [L1 48 64]
POC   42 LId:  0 TId: 4 ( RASL, B-SLICE, QP 29 )      10104 bits [Y 38.0827 dB    U 44.4646 dB    V 45.8592 dB] [ET    16 ] [L0 40 32] [L1 44c 48]
POC   41 LId:  0 TId: 5 ( RASL, B-SLICE, QP 31 )        896 bits [Y 38.4846 dB    U 44.5271 dB    V 45.7839 dB] [ET     3 ] [L0 40 32] [L1 42c 44]
POC   43 LId:  0 TId: 5 ( RASL, B-SLICE, QP 31 )       1008 bits [Y 37.9808 dB    U 44.4541 dB    V 45.7680 dB] [ET     4 ] [L0 42c 40] [L1 44 48]
POC   46 LId:  0 TId: 4 ( RASL, B-SLICE, QP 29 )      10016 bits [Y 38.0949 dB    U 44.5024 dB    V 45.7545 dB] [ET    15 ] [L0 44c 40] [L1 48 64]
POC   45 LId:  0 TId: 5 ( RASL, B-SLICE, QP 31 )       1464 bits [Y 38.1198 dB    U 44.4928 dB    V 45.7887 dB] [ET     4 ] [L0 44 40] [L1 46c 48]
POC   47 LId:  0 TId: 5 ( RASL, B-SLICE, QP 31 )       1288 bits [Y 38.4638 dB    U 44.5806 dB    V 45.8778 dB] [ET     4 ] [L0 46c 44] [L1 48 64]
POC   56 LId:  0 TId: 2 ( RASL, B-SLICE, QP 24 )      48744 bits [Y 40.6419 dB    U 44.6661 dB    V 45.7738 dB] [ET    24 ] [L0 48c 32] [L1 64 48]
POC   52 LId:  0 TId: 3 ( RASL, B-SLICE, QP 27 )      19376 bits [Y 39.0000 dB    U 44.5095 dB    V 45.7571 dB] [ET    15 ] [L0 48 32] [L1 56c 64]
POC   50 LId:  0 TId: 4 ( RASL, B-SLICE, QP 29 )       9728 bits [Y 38.1350 dB    U 44.5081 dB    V 45.8050 dB] [ET    15 ] [L0 48 32] [L1 52c 56]
POC   49 LId:  0 TId: 5 ( RASL, B-SLICE, QP 31 )       1136 bits [Y 38.3567 dB    U 44.5679 dB    V 45.8386 dB] [ET     3 ] [L0 48 32] [L1 50c 52]
POC   51 LId:  0 TId: 5 ( RASL, B-SLICE, QP 31 )       1192 bits [Y 37.9271 dB    U 44.5483 dB    V 45.7770 dB] [ET     4 ] [L0 50c 48] [L1 52 56]
POC   54 LId:  0 TId: 4 ( RASL, B-SLICE, QP 29 )      10064 bits [Y 38.1265 dB    U 44.5067 dB    V 45.7734 dB] [ET    15 ] [L0 52c 48] [L1 56 64]
POC   53 LId:  0 TId: 5 ( RASL, B-SLICE, QP 31 )       1424 bits [Y 38.0390 dB    U 44.5327 dB    V 45.7838 dB] [ET     4 ] [L0 52 48] [L1 54c 56]
POC   55 LId:  0 TId: 5 ( RASL, B-SLICE, QP 31 )       1328 bits [Y 38.4221 dB    U 44.6384 dB    V 45.8094 dB] [ET     4 ] [L0 54c 52] [L1 56 64]
POC   60 LId:  0 TId: 3 ( RASL, B-SLICE, QP 27 )      19904 bits [Y 39.0057 dB    U 44.4694 dB    V 45.5475 dB] [ET    14 ] [L0 56c 48] [L1 64 56]
POC   58 LId:  0 TId: 4 ( RASL, B-SLICE, QP 29 )       9512 bits [Y 38.1417 dB    U 44.5477 dB    V 45.6923 dB] [ET    14 ] [L0 56 48] [L1 60c 64]
POC   57 LId:  0 TId: 5 ( RASL, B-SLICE, QP 31 )       1368 bits [Y 38.2828 dB    U 44.5489 dB    V 45.6748 dB] [ET     5 ] [L0 56 48] [L1 58c 60]
POC   59 LId:  0 TId: 5 ( RASL, B-SLICE, QP 31 )       1472 bits [Y 37.8325 dB    U 44.5088 dB    V 45.5807 dB] [ET     4 ] [L0 58c 56] [L1 60 64]
POC   62 LId:  0 TId: 4 ( RASL, B-SLICE, QP 29 )      11640 bits [Y 38.0093 dB    U 44.6115 dB    V 45.6441 dB] [ET    15 ] [L0 60c 48] [L1 64 60]
POC   61 LId:  0 TId: 5 ( RASL, B-SLICE, QP 31 )       1280 bits [Y 37.9142 dB    U 44.5170 dB    V 45.6622 dB] [ET     4 ] [L0 60 48] [L1 62c 64]
POC   63 LId:  0 TId: 5 ( RASL, B-SLICE, QP 31 )       1192 bits [Y 38.4687 dB    U 44.6303 dB    V 45.6673 dB] [ET     4 ] [L0 62c 60] [L1 64 62]

LayerId  0
	Total Frames |   Bitrate     Y-PSNR    U-PSNR    V-PSNR    YUV-PSNR   
	       65    a    1129.2849   38.8723   44.4205   45.5416   40.0033

 finished @ Tue Jan 14 01:16:20 2025
 Total Time:      718.413 sec. [user]      718.413 sec. [elapsed]
