
VVCSoftware: VTM Encoder Version 10.0 [Windows][VS 1916][64 bit] [SIMD=AVX2] 

TOOL CFG: IBD:1 HAD:1 RDQ:1 RDQTS:1 RDpenalty:0 LQP:0 SQP:0 ASR:1 MinSearchWindow:96 RestrictMESampling:0 FEN:1 ECU:0 FDM:1 CFM:0 ESD:0 TransformSkip:1 TransformSkipFast:1 TransformSkipLog2MaxSize:5 ChromaTS:1 BDPCM:0 Tiles: 1x1 Slices: 1 MCTS:0 SAO:1 ALF:1 CCALF:1 WPP:0 WPB:0 PME:2  WaveFrontSynchro:0 WaveFrontSubstreams:1 ScalingList:0 TMVPMode:1  DQ:1  SignBitHidingFlag:0 RecalQP:0 
TOOL CFG: LFNST:1 MMVD:1 Affine:1 AffineType:1 PROF:1 SbTMVP:1 DualITree:1 IMV:1 BIO:1 LMChroma:1 HorCollocatedChroma:1 VerCollocatedChroma:0 MTS: 1(intra) 0(inter) SBT:1 ISP:1 SMVD:1 CompositeLTReference:0 Bcw:1 BcwFast:1 LADF:0 CIIP:1 Geo:1 AllowDisFracMMVD:1 AffineAmvr:1 AffineAmvrEncOpt:1 DMVR:1 MmvdDisNum:6 JointCbCr:1 ACT:0 PLT:0 IBC:0 HashME:0 WrapAround:0 VirtualBoundariesEnabledFlag:0 VirtualBoundariesPresentInSPSFlag:1 vertical virtual boundaries:[ ] horizontal virtual boundaries:[ ] Reshape:1 (Signal:SDR Opt:0 CSoffset:6) MRL:1 MIP:1 EncDbOpt:0 
FAST TOOL CFG: LCTUFast:1 FastMrg:1 PBIntraFast:1 IMV4PelFast:1 MTSMaxCand: 4(intra) 4(inter) ISPFast:0 FastLFNST:0 AMaxBT:1 E0023FastEnc:1 ContentBasedFastQtbt:0 UseNonLinearAlfLuma:1 UseNonLinearAlfChroma:1 MaxNumAlfAlternativesChroma:8 FastMIP:0 FastLocalDualTree:1 NumSplitThreads:1 NumWppThreads:1+0 EnsureWppBitEqual:0 RPR:0 TemporalFilter:0 


 started @ Mon Jan 13 22:55:57 2025
POC    0 LId:  0 TId: 0 ( IDR_N_LP, I-SLICE, QP 32 )      81472 bits [Y 33.7985 dB    U 39.9300 dB    V 40.1412 dB] [ET    23 ] [L0] [L1]
POC   32 LId:  0 TId: 0 ( TRAIL, B-SLICE, QP 34 )      21192 bits [Y 32.4605 dB    U 39.3854 dB    V 39.6912 dB] [ET    38 ] [L0 0] [L1 0c]
POC   16 LId:  0 TId: 1 ( STSA, B-SLICE, QP 38 )       5760 bits [Y 31.4581 dB    U 39.5972 dB    V 39.9110 dB] [ET    25 ] [L0 0 32] [L1 32c 0]
POC    8 LId:  0 TId: 2 ( STSA, B-SLICE, QP 38 )       4312 bits [Y 31.7993 dB    U 39.7520 dB    V 40.0873 dB] [ET    16 ] [L0 0 16] [L1 16c 32]
POC    4 LId:  0 TId: 3 ( STSA, B-SLICE, QP 41 )       1424 bits [Y 31.5523 dB    U 39.8895 dB    V 40.2024 dB] [ET     8 ] [L0 0 8] [L1 8c 16]
POC    2 LId:  0 TId: 4 ( STSA, B-SLICE, QP 43 )        280 bits [Y 32.0323 dB    U 39.8716 dB    V 40.1933 dB] [ET     5 ] [L0 0 4] [L1 4c 8]
POC    1 LId:  0 TId: 5 ( STSA, B-SLICE, QP 44 )        152 bits [Y 32.7045 dB    U 39.8999 dB    V 40.1931 dB] [ET     2 ] [L0 0 2] [L1 2c 4]
POC    3 LId:  0 TId: 5 ( STSA, B-SLICE, QP 44 )        168 bits [Y 31.7479 dB    U 39.8710 dB    V 40.1768 dB] [ET     2 ] [L0 2c 0] [L1 4 8]
POC    6 LId:  0 TId: 4 ( STSA, B-SLICE, QP 43 )        432 bits [Y 31.3876 dB    U 39.8103 dB    V 40.1471 dB] [ET     6 ] [L0 4c 0] [L1 8 16]
POC    5 LId:  0 TId: 5 ( STSA, B-SLICE, QP 44 )        160 bits [Y 31.4733 dB    U 39.8220 dB    V 40.1360 dB] [ET     4 ] [L0 4 0] [L1 6c 8]
POC    7 LId:  0 TId: 5 ( STSA, B-SLICE, QP 44 )        152 bits [Y 31.6080 dB    U 39.7550 dB    V 40.1157 dB] [ET     2 ] [L0 6c 4] [L1 8 16]
POC   12 LId:  0 TId: 3 ( STSA, B-SLICE, QP 41 )       1728 bits [Y 31.0560 dB    U 39.7021 dB    V 40.0122 dB] [ET    10 ] [L0 8 0] [L1 16c 32]
POC   10 LId:  0 TId: 4 ( STSA, B-SLICE, QP 43 )        400 bits [Y 31.2092 dB    U 39.7010 dB    V 40.0453 dB] [ET     6 ] [L0 8 0] [L1 12c 16]
POC    9 LId:  0 TId: 5 ( STSA, B-SLICE, QP 44 )        152 bits [Y 31.5427 dB    U 39.7205 dB    V 40.0737 dB] [ET     2 ] [L0 8 0] [L1 10c 12]
POC   11 LId:  0 TId: 5 ( STSA, B-SLICE, QP 44 )        152 bits [Y 31.1492 dB    U 39.6896 dB    V 40.0398 dB] [ET     4 ] [L0 10c 8] [L1 12 16]
POC   14 LId:  0 TId: 4 ( STSA, B-SLICE, QP 43 )        368 bits [Y 30.9730 dB    U 39.6676 dB    V 39.9865 dB] [ET     5 ] [L0 12c 8] [L1 16 32]
POC   13 LId:  0 TId: 5 ( STSA, B-SLICE, QP 44 )        208 bits [Y 31.0933 dB    U 39.6913 dB    V 40.0499 dB] [ET     4 ] [L0 12 8] [L1 14c 16]
POC   15 LId:  0 TId: 5 ( STSA, B-SLICE, QP 44 )        176 bits [Y 31.2263 dB    U 39.6307 dB    V 39.9636 dB] [ET     4 ] [L0 14c 12] [L1 16 32]
POC   24 LId:  0 TId: 2 ( STSA, B-SLICE, QP 38 )       4128 bits [Y 31.5460 dB    U 39.4835 dB    V 39.8386 dB] [ET    18 ] [L0 16c 0] [L1 32 16]
POC   20 LId:  0 TId: 3 ( STSA, B-SLICE, QP 41 )       1848 bits [Y 31.0991 dB    U 39.5991 dB    V 39.8736 dB] [ET    10 ] [L0 16 0] [L1 24c 32]
POC   18 LId:  0 TId: 4 ( STSA, B-SLICE, QP 43 )        432 bits [Y 31.1663 dB    U 39.5906 dB    V 39.9062 dB] [ET     5 ] [L0 16 0] [L1 20c 24]
POC   17 LId:  0 TId: 5 ( STSA, B-SLICE, QP 44 )        192 bits [Y 31.3579 dB    U 39.6103 dB    V 39.9151 dB] [ET     3 ] [L0 16 0] [L1 18c 20]
POC   19 LId:  0 TId: 5 ( STSA, B-SLICE, QP 44 )        216 bits [Y 31.1167 dB    U 39.5417 dB    V 39.9040 dB] [ET     2 ] [L0 18c 16] [L1 20 24]
POC   22 LId:  0 TId: 4 ( STSA, B-SLICE, QP 43 )        488 bits [Y 30.9382 dB    U 39.5723 dB    V 39.8750 dB] [ET     6 ] [L0 20c 16] [L1 24 32]
POC   21 LId:  0 TId: 5 ( STSA, B-SLICE, QP 44 )        184 bits [Y 31.0024 dB    U 39.5780 dB    V 39.8992 dB] [ET     2 ] [L0 20 16] [L1 22c 24]
POC   23 LId:  0 TId: 5 ( STSA, B-SLICE, QP 44 )        200 bits [Y 31.3188 dB    U 39.5437 dB    V 39.8578 dB] [ET     3 ] [L0 22c 20] [L1 24 32]
POC   28 LId:  0 TId: 3 ( STSA, B-SLICE, QP 41 )       1328 bits [Y 31.2950 dB    U 39.4609 dB    V 39.7727 dB] [ET     7 ] [L0 24c 16] [L1 32 24]
POC   26 LId:  0 TId: 4 ( STSA, B-SLICE, QP 43 )        544 bits [Y 31.2696 dB    U 39.4797 dB    V 39.8262 dB] [ET     7 ] [L0 24 16] [L1 28c 32]
POC   25 LId:  0 TId: 5 ( STSA, B-SLICE, QP 44 )        208 bits [Y 31.4110 dB    U 39.4989 dB    V 39.8373 dB] [ET     3 ] [L0 24 16] [L1 26c 28]
POC   27 LId:  0 TId: 5 ( STSA, B-SLICE, QP 44 )        200 bits [Y 31.2543 dB    U 39.4712 dB    V 39.7905 dB] [ET     4 ] [L0 26c 24] [L1 28 32]
POC   30 LId:  0 TId: 4 ( STSA, B-SLICE, QP 43 )        448 bits [Y 31.4820 dB    U 39.4639 dB    V 39.7528 dB] [ET     5 ] [L0 28c 16] [L1 32 28]
POC   29 LId:  0 TId: 5 ( STSA, B-SLICE, QP 44 )        216 bits [Y 31.3141 dB    U 39.4402 dB    V 39.7936 dB] [ET     3 ] [L0 28 16] [L1 30c 32]
POC   31 LId:  0 TId: 5 ( STSA, B-SLICE, QP 44 )        200 bits [Y 31.9847 dB    U 39.4291 dB    V 39.7306 dB] [ET     2 ] [L0 30c 28] [L1 32 30]
POC   64 LId:  0 TId: 0 ( CRA, I-SLICE, QP 32 )      86336 bits [Y 33.7263 dB    U 39.5338 dB    V 39.9073 dB] [ET    32 ] [L0] [L1]
POC   48 LId:  0 TId: 1 ( RASL, B-SLICE, QP 38 )       6400 bits [Y 31.8008 dB    U 39.7784 dB    V 40.3378 dB] [ET    27 ] [L0 32c 16] [L1 64 32]
POC   40 LId:  0 TId: 2 ( RASL, B-SLICE, QP 38 )       3936 bits [Y 31.8662 dB    U 39.8105 dB    V 40.1811 dB] [ET    19 ] [L0 32 16] [L1 48c 64]
POC   36 LId:  0 TId: 3 ( RASL, B-SLICE, QP 41 )       1320 bits [Y 31.3608 dB    U 39.7839 dB    V 40.0216 dB] [ET    10 ] [L0 32 16] [L1 40c 48]
POC   34 LId:  0 TId: 4 ( RASL, B-SLICE, QP 43 )        464 bits [Y 31.4678 dB    U 39.6034 dB    V 39.9019 dB] [ET     6 ] [L0 32 16] [L1 36c 40]
POC   33 LId:  0 TId: 5 ( RASL, B-SLICE, QP 44 )        224 bits [Y 31.9624 dB    U 39.5372 dB    V 39.8081 dB] [ET     3 ] [L0 32 34] [L1 34c 36]
POC   35 LId:  0 TId: 5 ( RASL, B-SLICE, QP 44 )        232 bits [Y 31.3692 dB    U 39.7328 dB    V 39.9479 dB] [ET     5 ] [L0 34c 32] [L1 36 40]
POC   38 LId:  0 TId: 4 ( RASL, B-SLICE, QP 43 )        408 bits [Y 31.2629 dB    U 39.8008 dB    V 40.1051 dB] [ET     6 ] [L0 36c 32] [L1 40 48]
POC   37 LId:  0 TId: 5 ( RASL, B-SLICE, QP 44 )        240 bits [Y 31.1684 dB    U 39.7854 dB    V 40.0391 dB] [ET     4 ] [L0 36 32] [L1 38c 40]
POC   39 LId:  0 TId: 5 ( RASL, B-SLICE, QP 44 )        216 bits [Y 31.5305 dB    U 39.8070 dB    V 40.1247 dB] [ET     3 ] [L0 38c 36] [L1 40 48]
POC   44 LId:  0 TId: 3 ( RASL, B-SLICE, QP 41 )       1328 bits [Y 31.2571 dB    U 39.9283 dB    V 40.3585 dB] [ET    10 ] [L0 40 32] [L1 48c 64]
POC   42 LId:  0 TId: 4 ( RASL, B-SLICE, QP 43 )        384 bits [Y 31.1454 dB    U 39.8708 dB    V 40.3120 dB] [ET     5 ] [L0 40 32] [L1 44c 48]
POC   41 LId:  0 TId: 5 ( RASL, B-SLICE, QP 44 )        208 bits [Y 31.5735 dB    U 39.8785 dB    V 40.2322 dB] [ET     5 ] [L0 40 32] [L1 42c 44]
POC   43 LId:  0 TId: 5 ( RASL, B-SLICE, QP 44 )        240 bits [Y 31.2130 dB    U 39.8931 dB    V 40.3139 dB] [ET     4 ] [L0 42c 40] [L1 44 48]
POC   46 LId:  0 TId: 4 ( RASL, B-SLICE, QP 43 )        400 bits [Y 31.1711 dB    U 39.8770 dB    V 40.3361 dB] [ET     6 ] [L0 44c 40] [L1 48 64]
POC   45 LId:  0 TId: 5 ( RASL, B-SLICE, QP 44 )        280 bits [Y 31.2719 dB    U 39.8790 dB    V 40.3562 dB] [ET     4 ] [L0 44 40] [L1 46c 48]
POC   47 LId:  0 TId: 5 ( RASL, B-SLICE, QP 44 )        176 bits [Y 31.5483 dB    U 39.8181 dB    V 40.3748 dB] [ET     4 ] [L0 46c 44] [L1 48 64]
POC   56 LId:  0 TId: 2 ( RASL, B-SLICE, QP 38 )       4352 bits [Y 31.8094 dB    U 39.7972 dB    V 40.2717 dB] [ET    18 ] [L0 48c 32] [L1 64 48]
POC   52 LId:  0 TId: 3 ( RASL, B-SLICE, QP 41 )       1440 bits [Y 31.3629 dB    U 39.7630 dB    V 40.3659 dB] [ET     9 ] [L0 48 32] [L1 56c 64]
POC   50 LId:  0 TId: 4 ( RASL, B-SLICE, QP 43 )        440 bits [Y 31.1954 dB    U 39.7837 dB    V 40.3452 dB] [ET     6 ] [L0 48 32] [L1 52c 56]
POC   49 LId:  0 TId: 5 ( RASL, B-SLICE, QP 44 )        200 bits [Y 31.5765 dB    U 39.7981 dB    V 40.3938 dB] [ET     5 ] [L0 48 32] [L1 50c 52]
POC   51 LId:  0 TId: 5 ( RASL, B-SLICE, QP 44 )        184 bits [Y 31.0928 dB    U 39.8177 dB    V 40.3750 dB] [ET     5 ] [L0 50c 48] [L1 52 56]
POC   54 LId:  0 TId: 4 ( RASL, B-SLICE, QP 43 )        456 bits [Y 31.0835 dB    U 39.7551 dB    V 40.2637 dB] [ET     7 ] [L0 52c 48] [L1 56 64]
POC   53 LId:  0 TId: 5 ( RASL, B-SLICE, QP 44 )        200 bits [Y 31.2489 dB    U 39.7791 dB    V 40.3238 dB] [ET     5 ] [L0 52 48] [L1 54c 56]
POC   55 LId:  0 TId: 5 ( RASL, B-SLICE, QP 44 )        200 bits [Y 31.5367 dB    U 39.7926 dB    V 40.2647 dB] [ET     5 ] [L0 54c 52] [L1 56 64]
POC   60 LId:  0 TId: 3 ( RASL, B-SLICE, QP 41 )       1440 bits [Y 31.5239 dB    U 39.6519 dB    V 40.1210 dB] [ET    11 ] [L0 56c 48] [L1 64 56]
POC   58 LId:  0 TId: 4 ( RASL, B-SLICE, QP 43 )        552 bits [Y 31.3511 dB    U 39.6960 dB    V 40.2030 dB] [ET     8 ] [L0 56 48] [L1 60c 64]
POC   57 LId:  0 TId: 5 ( RASL, B-SLICE, QP 44 )        168 bits [Y 31.5609 dB    U 39.6993 dB    V 40.2200 dB] [ET     5 ] [L0 56 48] [L1 58c 60]
POC   59 LId:  0 TId: 5 ( RASL, B-SLICE, QP 44 )        208 bits [Y 31.3260 dB    U 39.6900 dB    V 40.1441 dB] [ET     5 ] [L0 58c 56] [L1 60 64]
POC   62 LId:  0 TId: 4 ( RASL, B-SLICE, QP 43 )        448 bits [Y 31.5403 dB    U 39.6677 dB    V 40.0292 dB] [ET     6 ] [L0 60c 48] [L1 64 60]
POC   61 LId:  0 TId: 5 ( RASL, B-SLICE, QP 44 )        200 bits [Y 31.5079 dB    U 39.6509 dB    V 40.1080 dB] [ET     5 ] [L0 60 48] [L1 62c 64]
POC   63 LId:  0 TId: 5 ( RASL, B-SLICE, QP 44 )        184 bits [Y 32.4368 dB    U 39.5953 dB    V 39.9588 dB] [ET     2 ] [L0 62c 60] [L1 64 62]

LayerId  0
	Total Frames |   Bitrate     Y-PSNR    U-PSNR    V-PSNR    YUV-PSNR   
	       65    a     224.2929   31.5181   39.6985   40.0736   32.9463

 finished @ Mon Jan 13 23:04:49 2025
 Total Time:      531.705 sec. [user]      531.705 sec. [elapsed]
