
VVCSoftware: VTM Encoder Version 10.0 [Windows][VS 1916][64 bit] [SIMD=AVX2] 

TOOL CFG: IBD:1 HAD:1 RDQ:1 RDQTS:1 RDpenalty:0 LQP:0 SQP:0 ASR:1 MinSearchWindow:96 RestrictMESampling:0 FEN:1 ECU:0 FDM:1 CFM:0 ESD:0 TransformSkip:1 TransformSkipFast:1 TransformSkipLog2MaxSize:5 ChromaTS:1 BDPCM:0 Tiles: 1x1 Slices: 1 MCTS:0 SAO:1 ALF:1 CCALF:1 WPP:0 WPB:0 PME:2  WaveFrontSynchro:0 WaveFrontSubstreams:1 ScalingList:0 TMVPMode:1  DQ:1  SignBitHidingFlag:0 RecalQP:0 
TOOL CFG: LFNST:1 MMVD:1 Affine:1 AffineType:1 PROF:1 SbTMVP:1 DualITree:1 IMV:1 BIO:1 LMChroma:1 HorCollocatedChroma:1 VerCollocatedChroma:0 MTS: 1(intra) 0(inter) SBT:1 ISP:1 SMVD:1 CompositeLTReference:0 Bcw:1 BcwFast:1 LADF:0 CIIP:1 Geo:1 AllowDisFracMMVD:1 AffineAmvr:1 AffineAmvrEncOpt:1 DMVR:1 MmvdDisNum:6 JointCbCr:1 ACT:0 PLT:0 IBC:0 HashME:0 WrapAround:0 VirtualBoundariesEnabledFlag:0 VirtualBoundariesPresentInSPSFlag:1 vertical virtual boundaries:[ ] horizontal virtual boundaries:[ ] Reshape:1 (Signal:SDR Opt:0 CSoffset:6) MRL:1 MIP:1 EncDbOpt:0 
FAST TOOL CFG: LCTUFast:1 FastMrg:1 PBIntraFast:1 IMV4PelFast:1 MTSMaxCand: 4(intra) 4(inter) ISPFast:0 FastLFNST:0 AMaxBT:1 E0023FastEnc:1 ContentBasedFastQtbt:0 UseNonLinearAlfLuma:1 UseNonLinearAlfChroma:1 MaxNumAlfAlternativesChroma:8 FastMIP:0 FastLocalDualTree:1 NumSplitThreads:1 NumWppThreads:1+0 EnsureWppBitEqual:0 RPR:0 TemporalFilter:0 


 started @ Mon Jan 13 22:48:12 2025
POC    0 LId:  0 TId: 0 ( IDR_N_LP, I-SLICE, QP 33 )      74752 bits [Y 33.1224 dB    U 39.6654 dB    V 39.9568 dB] [ET    21 ] [L0] [L1]
POC   32 LId:  0 TId: 0 ( TRAIL, B-SLICE, QP 35 )      17776 bits [Y 31.7728 dB    U 39.1486 dB    V 39.5353 dB] [ET    33 ] [L0 0] [L1 0c]
POC   16 LId:  0 TId: 1 ( STSA, B-SLICE, QP 39 )       5040 bits [Y 30.9613 dB    U 39.2954 dB    V 39.6736 dB] [ET    20 ] [L0 0 32] [L1 32c 0]
POC    8 LId:  0 TId: 2 ( STSA, B-SLICE, QP 39 )       3752 bits [Y 31.2606 dB    U 39.5035 dB    V 39.8836 dB] [ET    16 ] [L0 0 16] [L1 16c 32]
POC    4 LId:  0 TId: 3 ( STSA, B-SLICE, QP 42 )       1240 bits [Y 31.1069 dB    U 39.6074 dB    V 39.9485 dB] [ET     9 ] [L0 0 8] [L1 8c 16]
POC    2 LId:  0 TId: 4 ( STSA, B-SLICE, QP 44 )        248 bits [Y 31.5449 dB    U 39.5742 dB    V 39.9332 dB] [ET     4 ] [L0 0 4] [L1 4c 8]
POC    1 LId:  0 TId: 5 ( STSA, B-SLICE, QP 45 )        200 bits [Y 32.2266 dB    U 39.6253 dB    V 39.9618 dB] [ET     2 ] [L0 0 2] [L1 2c 4]
POC    3 LId:  0 TId: 5 ( STSA, B-SLICE, QP 45 )        208 bits [Y 31.2754 dB    U 39.5887 dB    V 39.9221 dB] [ET     3 ] [L0 2c 0] [L1 4 8]
POC    6 LId:  0 TId: 4 ( STSA, B-SLICE, QP 44 )        336 bits [Y 30.8691 dB    U 39.5696 dB    V 39.9085 dB] [ET     4 ] [L0 4c 0] [L1 8 16]
POC    5 LId:  0 TId: 5 ( STSA, B-SLICE, QP 45 )        192 bits [Y 31.0023 dB    U 39.5642 dB    V 39.8749 dB] [ET     3 ] [L0 4 0] [L1 6c 8]
POC    7 LId:  0 TId: 5 ( STSA, B-SLICE, QP 45 )        152 bits [Y 31.0721 dB    U 39.5029 dB    V 39.8866 dB] [ET     2 ] [L0 6c 4] [L1 8 16]
POC   12 LId:  0 TId: 3 ( STSA, B-SLICE, QP 42 )       1272 bits [Y 30.5335 dB    U 39.4440 dB    V 39.8351 dB] [ET     7 ] [L0 8 0] [L1 16c 32]
POC   10 LId:  0 TId: 4 ( STSA, B-SLICE, QP 44 )        336 bits [Y 30.6889 dB    U 39.4721 dB    V 39.8564 dB] [ET     5 ] [L0 8 0] [L1 12c 16]
POC    9 LId:  0 TId: 5 ( STSA, B-SLICE, QP 45 )        176 bits [Y 31.0227 dB    U 39.4684 dB    V 39.8899 dB] [ET     2 ] [L0 8 0] [L1 10c 12]
POC   11 LId:  0 TId: 5 ( STSA, B-SLICE, QP 45 )        184 bits [Y 30.6334 dB    U 39.4454 dB    V 39.8660 dB] [ET     3 ] [L0 10c 8] [L1 12 16]
POC   14 LId:  0 TId: 4 ( STSA, B-SLICE, QP 44 )        368 bits [Y 30.5039 dB    U 39.3836 dB    V 39.7591 dB] [ET     5 ] [L0 12c 8] [L1 16 32]
POC   13 LId:  0 TId: 5 ( STSA, B-SLICE, QP 45 )        160 bits [Y 30.5051 dB    U 39.4289 dB    V 39.8263 dB] [ET     2 ] [L0 12 8] [L1 14c 16]
POC   15 LId:  0 TId: 5 ( STSA, B-SLICE, QP 45 )        168 bits [Y 30.7621 dB    U 39.3421 dB    V 39.7384 dB] [ET     2 ] [L0 14c 12] [L1 16 32]
POC   24 LId:  0 TId: 2 ( STSA, B-SLICE, QP 39 )       3528 bits [Y 30.9995 dB    U 39.2103 dB    V 39.6526 dB] [ET    18 ] [L0 16c 0] [L1 32 16]
POC   20 LId:  0 TId: 3 ( STSA, B-SLICE, QP 42 )       1496 bits [Y 30.5677 dB    U 39.2588 dB    V 39.6320 dB] [ET     9 ] [L0 16 0] [L1 24c 32]
POC   18 LId:  0 TId: 4 ( STSA, B-SLICE, QP 44 )        408 bits [Y 30.6769 dB    U 39.2684 dB    V 39.6655 dB] [ET     5 ] [L0 16 0] [L1 20c 24]
POC   17 LId:  0 TId: 5 ( STSA, B-SLICE, QP 45 )        200 bits [Y 30.8993 dB    U 39.2873 dB    V 39.6818 dB] [ET     2 ] [L0 16 0] [L1 18c 20]
POC   19 LId:  0 TId: 5 ( STSA, B-SLICE, QP 45 )        184 bits [Y 30.6243 dB    U 39.2114 dB    V 39.6496 dB] [ET     2 ] [L0 18c 16] [L1 20 24]
POC   22 LId:  0 TId: 4 ( STSA, B-SLICE, QP 44 )        312 bits [Y 30.3281 dB    U 39.2596 dB    V 39.6302 dB] [ET     5 ] [L0 20c 16] [L1 24 32]
POC   21 LId:  0 TId: 5 ( STSA, B-SLICE, QP 45 )        184 bits [Y 30.4204 dB    U 39.2485 dB    V 39.6572 dB] [ET     2 ] [L0 20 16] [L1 22c 24]
POC   23 LId:  0 TId: 5 ( STSA, B-SLICE, QP 45 )        184 bits [Y 30.7226 dB    U 39.2480 dB    V 39.6363 dB] [ET     2 ] [L0 22c 20] [L1 24 32]
POC   28 LId:  0 TId: 3 ( STSA, B-SLICE, QP 42 )       1088 bits [Y 30.7446 dB    U 39.2703 dB    V 39.6423 dB] [ET     6 ] [L0 24c 16] [L1 32 24]
POC   26 LId:  0 TId: 4 ( STSA, B-SLICE, QP 44 )        416 bits [Y 30.6871 dB    U 39.2504 dB    V 39.6446 dB] [ET     6 ] [L0 24 16] [L1 28c 32]
POC   25 LId:  0 TId: 5 ( STSA, B-SLICE, QP 45 )        144 bits [Y 30.8480 dB    U 39.2482 dB    V 39.6332 dB] [ET     2 ] [L0 24 16] [L1 26c 28]
POC   27 LId:  0 TId: 5 ( STSA, B-SLICE, QP 45 )        184 bits [Y 30.6182 dB    U 39.2389 dB    V 39.6278 dB] [ET     3 ] [L0 26c 24] [L1 28 32]
POC   30 LId:  0 TId: 4 ( STSA, B-SLICE, QP 44 )        320 bits [Y 30.8931 dB    U 39.2459 dB    V 39.5914 dB] [ET     5 ] [L0 28c 16] [L1 32 28]
POC   29 LId:  0 TId: 5 ( STSA, B-SLICE, QP 45 )        200 bits [Y 30.7672 dB    U 39.2374 dB    V 39.6336 dB] [ET     2 ] [L0 28 16] [L1 30c 32]
POC   31 LId:  0 TId: 5 ( STSA, B-SLICE, QP 45 )        184 bits [Y 31.3959 dB    U 39.1777 dB    V 39.5864 dB] [ET     2 ] [L0 30c 28] [L1 32 30]
POC   64 LId:  0 TId: 0 ( CRA, I-SLICE, QP 33 )      78768 bits [Y 32.9851 dB    U 39.1911 dB    V 39.6994 dB] [ET    30 ] [L0] [L1]
POC   48 LId:  0 TId: 1 ( RASL, B-SLICE, QP 39 )       5552 bits [Y 31.2883 dB    U 39.4030 dB    V 40.1594 dB] [ET    23 ] [L0 32c 16] [L1 64 32]
POC   40 LId:  0 TId: 2 ( RASL, B-SLICE, QP 39 )       3368 bits [Y 31.3095 dB    U 39.5163 dB    V 40.0043 dB] [ET    19 ] [L0 32 16] [L1 48c 64]
POC   36 LId:  0 TId: 3 ( RASL, B-SLICE, QP 42 )       1040 bits [Y 30.8560 dB    U 39.4497 dB    V 39.8233 dB] [ET    10 ] [L0 32 16] [L1 40c 48]
POC   34 LId:  0 TId: 4 ( RASL, B-SLICE, QP 44 )        376 bits [Y 30.9315 dB    U 39.3144 dB    V 39.7290 dB] [ET     6 ] [L0 32 16] [L1 36c 40]
POC   33 LId:  0 TId: 5 ( RASL, B-SLICE, QP 45 )        184 bits [Y 31.3524 dB    U 39.2712 dB    V 39.6419 dB] [ET     3 ] [L0 32 34] [L1 34c 36]
POC   35 LId:  0 TId: 5 ( RASL, B-SLICE, QP 45 )        192 bits [Y 30.8591 dB    U 39.3996 dB    V 39.7692 dB] [ET     3 ] [L0 34c 32] [L1 36 40]
POC   38 LId:  0 TId: 4 ( RASL, B-SLICE, QP 44 )        400 bits [Y 30.8284 dB    U 39.4935 dB    V 39.9413 dB] [ET     6 ] [L0 36c 32] [L1 40 48]
POC   37 LId:  0 TId: 5 ( RASL, B-SLICE, QP 45 )        192 bits [Y 30.6872 dB    U 39.4385 dB    V 39.8667 dB] [ET     2 ] [L0 36 32] [L1 38c 40]
POC   39 LId:  0 TId: 5 ( RASL, B-SLICE, QP 45 )        224 bits [Y 31.0862 dB    U 39.5074 dB    V 39.9864 dB] [ET     3 ] [L0 38c 36] [L1 40 48]
POC   44 LId:  0 TId: 3 ( RASL, B-SLICE, QP 42 )        960 bits [Y 30.7048 dB    U 39.5457 dB    V 40.2020 dB] [ET     8 ] [L0 40 32] [L1 48c 64]
POC   42 LId:  0 TId: 4 ( RASL, B-SLICE, QP 44 )        360 bits [Y 30.6648 dB    U 39.5320 dB    V 40.1403 dB] [ET     6 ] [L0 40 32] [L1 44c 48]
POC   41 LId:  0 TId: 5 ( RASL, B-SLICE, QP 45 )        200 bits [Y 31.0148 dB    U 39.5431 dB    V 40.0603 dB] [ET     2 ] [L0 40 32] [L1 42c 44]
POC   43 LId:  0 TId: 5 ( RASL, B-SLICE, QP 45 )        208 bits [Y 30.6707 dB    U 39.5260 dB    V 40.1330 dB] [ET     4 ] [L0 42c 40] [L1 44 48]
POC   46 LId:  0 TId: 4 ( RASL, B-SLICE, QP 44 )        336 bits [Y 30.6707 dB    U 39.5024 dB    V 40.1591 dB] [ET     5 ] [L0 44c 40] [L1 48 64]
POC   45 LId:  0 TId: 5 ( RASL, B-SLICE, QP 45 )        208 bits [Y 30.6975 dB    U 39.4984 dB    V 40.1939 dB] [ET     3 ] [L0 44 40] [L1 46c 48]
POC   47 LId:  0 TId: 5 ( RASL, B-SLICE, QP 45 )        168 bits [Y 31.0092 dB    U 39.4375 dB    V 40.1979 dB] [ET     2 ] [L0 46c 44] [L1 48 64]
POC   56 LId:  0 TId: 2 ( RASL, B-SLICE, QP 39 )       3544 bits [Y 31.2063 dB    U 39.3937 dB    V 40.0980 dB] [ET    17 ] [L0 48c 32] [L1 64 48]
POC   52 LId:  0 TId: 3 ( RASL, B-SLICE, QP 42 )       1112 bits [Y 30.7849 dB    U 39.3548 dB    V 40.1800 dB] [ET    11 ] [L0 48 32] [L1 56c 64]
POC   50 LId:  0 TId: 4 ( RASL, B-SLICE, QP 44 )        400 bits [Y 30.7143 dB    U 39.3972 dB    V 40.1742 dB] [ET     6 ] [L0 48 32] [L1 52c 56]
POC   49 LId:  0 TId: 5 ( RASL, B-SLICE, QP 45 )        168 bits [Y 31.0410 dB    U 39.3919 dB    V 40.1980 dB] [ET     3 ] [L0 48 32] [L1 50c 52]
POC   51 LId:  0 TId: 5 ( RASL, B-SLICE, QP 45 )        192 bits [Y 30.6375 dB    U 39.3954 dB    V 40.1776 dB] [ET     3 ] [L0 50c 48] [L1 52 56]
POC   54 LId:  0 TId: 4 ( RASL, B-SLICE, QP 44 )        416 bits [Y 30.6147 dB    U 39.3444 dB    V 40.1024 dB] [ET     6 ] [L0 52c 48] [L1 56 64]
POC   53 LId:  0 TId: 5 ( RASL, B-SLICE, QP 45 )        192 bits [Y 30.7185 dB    U 39.3708 dB    V 40.1457 dB] [ET     5 ] [L0 52 48] [L1 54c 56]
POC   55 LId:  0 TId: 5 ( RASL, B-SLICE, QP 45 )        176 bits [Y 30.9465 dB    U 39.3863 dB    V 40.1106 dB] [ET     3 ] [L0 54c 52] [L1 56 64]
POC   60 LId:  0 TId: 3 ( RASL, B-SLICE, QP 42 )       1144 bits [Y 31.0327 dB    U 39.2375 dB    V 39.9122 dB] [ET     8 ] [L0 56c 48] [L1 64 56]
POC   58 LId:  0 TId: 4 ( RASL, B-SLICE, QP 44 )        440 bits [Y 30.8249 dB    U 39.2974 dB    V 40.0412 dB] [ET     6 ] [L0 56 48] [L1 60c 64]
POC   57 LId:  0 TId: 5 ( RASL, B-SLICE, QP 45 )        208 bits [Y 30.9752 dB    U 39.2966 dB    V 40.0522 dB] [ET     3 ] [L0 56 48] [L1 58c 60]
POC   59 LId:  0 TId: 5 ( RASL, B-SLICE, QP 45 )        176 bits [Y 30.8431 dB    U 39.2856 dB    V 39.9553 dB] [ET     5 ] [L0 58c 56] [L1 60 64]
POC   62 LId:  0 TId: 4 ( RASL, B-SLICE, QP 44 )        472 bits [Y 31.1470 dB    U 39.3054 dB    V 39.8193 dB] [ET     5 ] [L0 60c 48] [L1 64 60]
POC   61 LId:  0 TId: 5 ( RASL, B-SLICE, QP 45 )        192 bits [Y 31.0823 dB    U 39.2444 dB    V 39.9134 dB] [ET     3 ] [L0 60 48] [L1 62c 64]
POC   63 LId:  0 TId: 5 ( RASL, B-SLICE, QP 45 )        192 bits [Y 31.9621 dB    U 39.2361 dB    V 39.7529 dB] [ET     2 ] [L0 62c 60] [L1 64 62]

LayerId  0
	Total Frames |   Bitrate     Y-PSNR    U-PSNR    V-PSNR    YUV-PSNR   
	       65    a     200.6326   30.9878   39.3815   39.8794   32.4360

 finished @ Mon Jan 13 22:55:57 2025
 Total Time:      464.336 sec. [user]      464.336 sec. [elapsed]
