
VVCSoftware: VTM Encoder Version 10.0 [Windows][VS 1916][64 bit] [SIMD=AVX2] 

TOOL CFG: IBD:1 HAD:1 RDQ:1 RDQTS:1 RDpenalty:0 LQP:0 SQP:0 ASR:1 MinSearchWindow:96 RestrictMESampling:0 FEN:1 ECU:0 FDM:1 CFM:0 ESD:0 TransformSkip:1 TransformSkipFast:1 TransformSkipLog2MaxSize:5 ChromaTS:1 BDPCM:0 Tiles: 1x1 Slices: 1 MCTS:0 SAO:1 ALF:1 CCALF:1 WPP:0 WPB:0 PME:2  WaveFrontSynchro:0 WaveFrontSubstreams:1 ScalingList:0 TMVPMode:1  DQ:1  SignBitHidingFlag:0 RecalQP:0 
TOOL CFG: LFNST:1 MMVD:1 Affine:1 AffineType:1 PROF:1 SbTMVP:1 DualITree:1 IMV:1 BIO:1 LMChroma:1 HorCollocatedChroma:1 VerCollocatedChroma:0 MTS: 1(intra) 0(inter) SBT:1 ISP:1 SMVD:1 CompositeLTReference:0 Bcw:1 BcwFast:1 LADF:0 CIIP:1 Geo:1 AllowDisFracMMVD:1 AffineAmvr:1 AffineAmvrEncOpt:1 DMVR:1 MmvdDisNum:6 JointCbCr:1 ACT:0 PLT:0 IBC:0 HashME:0 WrapAround:0 VirtualBoundariesEnabledFlag:0 VirtualBoundariesPresentInSPSFlag:1 vertical virtual boundaries:[ ] horizontal virtual boundaries:[ ] Reshape:1 (Signal:SDR Opt:0 CSoffset:6) MRL:1 MIP:1 EncDbOpt:0 
FAST TOOL CFG: LCTUFast:1 FastMrg:1 PBIntraFast:1 IMV4PelFast:1 MTSMaxCand: 4(intra) 4(inter) ISPFast:0 FastLFNST:0 AMaxBT:1 E0023FastEnc:1 ContentBasedFastQtbt:0 UseNonLinearAlfLuma:1 UseNonLinearAlfChroma:1 MaxNumAlfAlternativesChroma:8 FastMIP:0 FastLocalDualTree:1 NumSplitThreads:1 NumWppThreads:1+0 EnsureWppBitEqual:0 RPR:0 TemporalFilter:0 


 started @ Tue Jan 14 00:36:27 2025
POC    0 LId:  0 TId: 0 ( IDR_N_LP, I-SLICE, QP 21 )     210104 bits [Y 42.8619 dB    U 44.7966 dB    V 45.5586 dB] [ET    25 ] [L0] [L1]
POC   32 LId:  0 TId: 0 ( CRA, I-SLICE, QP 21 )     216328 bits [Y 42.8367 dB    U 44.5818 dB    V 45.4107 dB] [ET    23 ] [L0] [L1]
POC   16 LId:  0 TId: 1 ( RASL, B-SLICE, QP 25 )      46360 bits [Y 40.0555 dB    U 44.5315 dB    V 45.5188 dB] [ET    30 ] [L0 0 32] [L1 32c 0]
POC    8 LId:  0 TId: 2 ( RASL, B-SLICE, QP 25 )      37792 bits [Y 39.9873 dB    U 44.4778 dB    V 45.6003 dB] [ET    26 ] [L0 0 16] [L1 16c 32]
POC    4 LId:  0 TId: 3 ( RASL, B-SLICE, QP 29 )      15032 bits [Y 38.0807 dB    U 44.4234 dB    V 45.5433 dB] [ET    17 ] [L0 0 8] [L1 8c 16]
POC    2 LId:  0 TId: 4 ( RASL, B-SLICE, QP 30 )       4832 bits [Y 38.0509 dB    U 44.4791 dB    V 45.5418 dB] [ET     9 ] [L0 0 4] [L1 4c 8]
POC    1 LId:  0 TId: 5 ( RASL, B-SLICE, QP 32 )        880 bits [Y 38.7861 dB    U 44.5169 dB    V 45.5519 dB] [ET     3 ] [L0 0 2] [L1 2c 4]
POC    3 LId:  0 TId: 5 ( RASL, B-SLICE, QP 32 )        912 bits [Y 37.6576 dB    U 44.5320 dB    V 45.5409 dB] [ET     4 ] [L0 2c 0] [L1 4 8]
POC    6 LId:  0 TId: 4 ( RASL, B-SLICE, QP 30 )       5136 bits [Y 37.8092 dB    U 44.4873 dB    V 45.5807 dB] [ET     8 ] [L0 4c 0] [L1 8 16]
POC    5 LId:  0 TId: 5 ( RASL, B-SLICE, QP 32 )        976 bits [Y 37.8092 dB    U 44.4796 dB    V 45.5550 dB] [ET     4 ] [L0 4 0] [L1 6c 8]
POC    7 LId:  0 TId: 5 ( RASL, B-SLICE, QP 32 )       1000 bits [Y 38.3919 dB    U 44.4517 dB    V 45.6180 dB] [ET     3 ] [L0 6c 4] [L1 8 16]
POC   12 LId:  0 TId: 3 ( RASL, B-SLICE, QP 29 )      14736 bits [Y 38.0843 dB    U 44.5361 dB    V 45.5596 dB] [ET    19 ] [L0 8 0] [L1 16c 32]
POC   10 LId:  0 TId: 4 ( RASL, B-SLICE, QP 30 )       4896 bits [Y 37.9931 dB    U 44.5172 dB    V 45.6218 dB] [ET     9 ] [L0 8 0] [L1 12c 16]
POC    9 LId:  0 TId: 5 ( RASL, B-SLICE, QP 32 )       1096 bits [Y 38.3960 dB    U 44.4783 dB    V 45.6240 dB] [ET     3 ] [L0 8 0] [L1 10c 12]
POC   11 LId:  0 TId: 5 ( RASL, B-SLICE, QP 32 )       1008 bits [Y 37.7997 dB    U 44.5220 dB    V 45.6642 dB] [ET     4 ] [L0 10c 8] [L1 12 16]
POC   14 LId:  0 TId: 4 ( RASL, B-SLICE, QP 30 )       6064 bits [Y 37.7923 dB    U 44.4847 dB    V 45.5635 dB] [ET    10 ] [L0 12c 8] [L1 16 32]
POC   13 LId:  0 TId: 5 ( RASL, B-SLICE, QP 32 )        800 bits [Y 37.8061 dB    U 44.5211 dB    V 45.6785 dB] [ET     4 ] [L0 12 8] [L1 14c 16]
POC   15 LId:  0 TId: 5 ( RASL, B-SLICE, QP 32 )       1040 bits [Y 38.2753 dB    U 44.5043 dB    V 45.5734 dB] [ET     4 ] [L0 14c 12] [L1 16 32]
POC   24 LId:  0 TId: 2 ( RASL, B-SLICE, QP 25 )      37288 bits [Y 39.8825 dB    U 44.3322 dB    V 45.5027 dB] [ET    23 ] [L0 16c 0] [L1 32 16]
POC   20 LId:  0 TId: 3 ( RASL, B-SLICE, QP 29 )      15328 bits [Y 38.0303 dB    U 44.3377 dB    V 45.4588 dB] [ET    12 ] [L0 16 0] [L1 24c 32]
POC   18 LId:  0 TId: 4 ( RASL, B-SLICE, QP 30 )       5256 bits [Y 37.9780 dB    U 44.4713 dB    V 45.5560 dB] [ET     9 ] [L0 16 0] [L1 20c 24]
POC   17 LId:  0 TId: 5 ( RASL, B-SLICE, QP 32 )        832 bits [Y 38.5174 dB    U 44.5058 dB    V 45.5690 dB] [ET     3 ] [L0 16 0] [L1 18c 20]
POC   19 LId:  0 TId: 5 ( RASL, B-SLICE, QP 32 )       1048 bits [Y 37.7452 dB    U 44.4202 dB    V 45.5351 dB] [ET     4 ] [L0 18c 16] [L1 20 24]
POC   22 LId:  0 TId: 4 ( RASL, B-SLICE, QP 30 )       5272 bits [Y 37.9192 dB    U 44.3857 dB    V 45.4607 dB] [ET     9 ] [L0 20c 16] [L1 24 32]
POC   21 LId:  0 TId: 5 ( RASL, B-SLICE, QP 32 )       1048 bits [Y 37.8098 dB    U 44.4436 dB    V 45.5580 dB] [ET     4 ] [L0 20 16] [L1 22c 24]
POC   23 LId:  0 TId: 5 ( RASL, B-SLICE, QP 32 )        872 bits [Y 38.4075 dB    U 44.4016 dB    V 45.5582 dB] [ET     4 ] [L0 22c 20] [L1 24 32]
POC   28 LId:  0 TId: 3 ( RASL, B-SLICE, QP 29 )      13696 bits [Y 38.0659 dB    U 44.3784 dB    V 45.3874 dB] [ET    13 ] [L0 24c 16] [L1 32 24]
POC   26 LId:  0 TId: 4 ( RASL, B-SLICE, QP 30 )       5136 bits [Y 37.8202 dB    U 44.3601 dB    V 45.3715 dB] [ET     8 ] [L0 24 16] [L1 28c 32]
POC   25 LId:  0 TId: 5 ( RASL, B-SLICE, QP 32 )        736 bits [Y 38.3231 dB    U 44.4146 dB    V 45.5136 dB] [ET     3 ] [L0 24 16] [L1 26c 28]
POC   27 LId:  0 TId: 5 ( RASL, B-SLICE, QP 32 )        816 bits [Y 37.5367 dB    U 44.3775 dB    V 45.4148 dB] [ET     3 ] [L0 26c 24] [L1 28 32]
POC   30 LId:  0 TId: 4 ( RASL, B-SLICE, QP 30 )       6008 bits [Y 37.8495 dB    U 44.2992 dB    V 45.3016 dB] [ET    10 ] [L0 28c 16] [L1 32 28]
POC   29 LId:  0 TId: 5 ( RASL, B-SLICE, QP 32 )        880 bits [Y 37.5761 dB    U 44.3263 dB    V 45.3872 dB] [ET     3 ] [L0 28 16] [L1 30c 32]
POC   31 LId:  0 TId: 5 ( RASL, B-SLICE, QP 32 )        840 bits [Y 38.6833 dB    U 44.2776 dB    V 45.3073 dB] [ET     2 ] [L0 30c 28] [L1 32 30]
POC   64 LId:  0 TId: 0 ( CRA, I-SLICE, QP 21 )     218760 bits [Y 42.8162 dB    U 44.5481 dB    V 45.3776 dB] [ET    24 ] [L0] [L1]
POC   48 LId:  0 TId: 1 ( RASL, B-SLICE, QP 25 )      52288 bits [Y 39.9731 dB    U 44.3273 dB    V 45.4135 dB] [ET    33 ] [L0 32 64] [L1 64c 32]
POC   40 LId:  0 TId: 2 ( RASL, B-SLICE, QP 25 )      39328 bits [Y 39.8916 dB    U 44.3566 dB    V 45.4145 dB] [ET    28 ] [L0 32 48] [L1 48c 64]
POC   36 LId:  0 TId: 3 ( RASL, B-SLICE, QP 29 )      13216 bits [Y 38.0264 dB    U 44.2631 dB    V 45.2652 dB] [ET    18 ] [L0 32 40] [L1 40c 48]
POC   34 LId:  0 TId: 4 ( RASL, B-SLICE, QP 30 )       7384 bits [Y 37.6441 dB    U 44.2989 dB    V 45.3448 dB] [ET    12 ] [L0 32 36] [L1 36c 40]
POC   33 LId:  0 TId: 5 ( RASL, B-SLICE, QP 32 )        784 bits [Y 38.4816 dB    U 44.2860 dB    V 45.3332 dB] [ET     3 ] [L0 32 34] [L1 34c 36]
POC   35 LId:  0 TId: 5 ( RASL, B-SLICE, QP 32 )        816 bits [Y 37.4708 dB    U 44.2586 dB    V 45.2508 dB] [ET     3 ] [L0 34c 32] [L1 36 40]
POC   38 LId:  0 TId: 4 ( RASL, B-SLICE, QP 30 )       7272 bits [Y 37.5633 dB    U 44.3554 dB    V 45.3463 dB] [ET    12 ] [L0 36c 32] [L1 40 48]
POC   37 LId:  0 TId: 5 ( RASL, B-SLICE, QP 32 )       1080 bits [Y 37.4027 dB    U 44.2518 dB    V 45.3379 dB] [ET     3 ] [L0 36 32] [L1 38c 40]
POC   39 LId:  0 TId: 5 ( RASL, B-SLICE, QP 32 )        744 bits [Y 37.9065 dB    U 44.3231 dB    V 45.4756 dB] [ET     3 ] [L0 38c 36] [L1 40 48]
POC   44 LId:  0 TId: 3 ( RASL, B-SLICE, QP 29 )      12720 bits [Y 38.0018 dB    U 44.3340 dB    V 45.4848 dB] [ET    15 ] [L0 40 32] [L1 48c 64]
POC   42 LId:  0 TId: 4 ( RASL, B-SLICE, QP 30 )       7512 bits [Y 37.4263 dB    U 44.3438 dB    V 45.5868 dB] [ET    13 ] [L0 40 32] [L1 44c 48]
POC   41 LId:  0 TId: 5 ( RASL, B-SLICE, QP 32 )        880 bits [Y 38.0614 dB    U 44.3522 dB    V 45.5264 dB] [ET     3 ] [L0 40 32] [L1 42c 44]
POC   43 LId:  0 TId: 5 ( RASL, B-SLICE, QP 32 )        896 bits [Y 37.3284 dB    U 44.3796 dB    V 45.4445 dB] [ET     4 ] [L0 42c 40] [L1 44 48]
POC   46 LId:  0 TId: 4 ( RASL, B-SLICE, QP 30 )       8224 bits [Y 37.4475 dB    U 44.3455 dB    V 45.4161 dB] [ET    15 ] [L0 44c 40] [L1 48 64]
POC   45 LId:  0 TId: 5 ( RASL, B-SLICE, QP 32 )       1000 bits [Y 37.4593 dB    U 44.3415 dB    V 45.4038 dB] [ET     3 ] [L0 44 40] [L1 46c 48]
POC   47 LId:  0 TId: 5 ( RASL, B-SLICE, QP 32 )        992 bits [Y 37.7986 dB    U 44.3796 dB    V 45.5145 dB] [ET     4 ] [L0 46c 44] [L1 48 64]
POC   56 LId:  0 TId: 2 ( RASL, B-SLICE, QP 25 )      42696 bits [Y 39.8893 dB    U 44.3728 dB    V 45.4122 dB] [ET    22 ] [L0 48c 32] [L1 64 48]
POC   52 LId:  0 TId: 3 ( RASL, B-SLICE, QP 29 )      12464 bits [Y 38.0066 dB    U 44.2290 dB    V 45.4356 dB] [ET    16 ] [L0 48 32] [L1 56c 64]
POC   50 LId:  0 TId: 4 ( RASL, B-SLICE, QP 30 )       7560 bits [Y 37.5117 dB    U 44.2511 dB    V 45.4571 dB] [ET    13 ] [L0 48 32] [L1 52c 56]
POC   49 LId:  0 TId: 5 ( RASL, B-SLICE, QP 32 )        864 bits [Y 37.7423 dB    U 44.3737 dB    V 45.5574 dB] [ET     3 ] [L0 48 32] [L1 50c 52]
POC   51 LId:  0 TId: 5 ( RASL, B-SLICE, QP 32 )        704 bits [Y 37.2612 dB    U 44.3207 dB    V 45.4789 dB] [ET     3 ] [L0 50c 48] [L1 52 56]
POC   54 LId:  0 TId: 4 ( RASL, B-SLICE, QP 30 )       8328 bits [Y 37.5966 dB    U 44.2529 dB    V 45.3607 dB] [ET    13 ] [L0 52c 48] [L1 56 64]
POC   53 LId:  0 TId: 5 ( RASL, B-SLICE, QP 32 )        888 bits [Y 37.4018 dB    U 44.3199 dB    V 45.4416 dB] [ET     4 ] [L0 52 48] [L1 54c 56]
POC   55 LId:  0 TId: 5 ( RASL, B-SLICE, QP 32 )        960 bits [Y 37.9737 dB    U 44.3780 dB    V 45.4252 dB] [ET     3 ] [L0 54c 52] [L1 56 64]
POC   60 LId:  0 TId: 3 ( RASL, B-SLICE, QP 29 )      13440 bits [Y 38.1161 dB    U 44.1358 dB    V 45.2106 dB] [ET    16 ] [L0 56c 48] [L1 64 56]
POC   58 LId:  0 TId: 4 ( RASL, B-SLICE, QP 30 )       7200 bits [Y 37.5485 dB    U 44.1957 dB    V 45.2991 dB] [ET    11 ] [L0 56 48] [L1 60c 64]
POC   57 LId:  0 TId: 5 ( RASL, B-SLICE, QP 32 )       1192 bits [Y 37.8520 dB    U 44.2548 dB    V 45.2952 dB] [ET     4 ] [L0 56 48] [L1 58c 60]
POC   59 LId:  0 TId: 5 ( RASL, B-SLICE, QP 32 )       1224 bits [Y 37.2304 dB    U 44.1842 dB    V 45.2353 dB] [ET     4 ] [L0 58c 56] [L1 60 64]
POC   62 LId:  0 TId: 4 ( RASL, B-SLICE, QP 30 )       8880 bits [Y 37.3962 dB    U 44.2252 dB    V 45.2177 dB] [ET    14 ] [L0 60c 48] [L1 64 60]
POC   61 LId:  0 TId: 5 ( RASL, B-SLICE, QP 32 )       1080 bits [Y 37.3839 dB    U 44.1532 dB    V 45.2729 dB] [ET     4 ] [L0 60 48] [L1 62c 64]
POC   63 LId:  0 TId: 5 ( RASL, B-SLICE, QP 32 )        904 bits [Y 38.0172 dB    U 44.1998 dB    V 45.2010 dB] [ET     4 ] [L0 62c 60] [L1 64 62]

LayerId  0
	Total Frames |   Bitrate     Y-PSNR    U-PSNR    V-PSNR    YUV-PSNR   
	       65    a    1058.1489   38.2807   44.3792   45.4527   39.4676

 finished @ Tue Jan 14 00:47:42 2025
 Total Time:      674.480 sec. [user]      674.480 sec. [elapsed]
