
VVCSoftware: VTM Encoder Version 10.0 [Windows][VS 1916][64 bit] [SIMD=AVX2] 

TOOL CFG: IBD:1 HAD:1 RDQ:1 RDQTS:1 RDpenalty:0 LQP:0 SQP:0 ASR:1 MinSearchWindow:96 RestrictMESampling:0 FEN:1 ECU:0 FDM:1 CFM:0 ESD:0 TransformSkip:1 TransformSkipFast:1 TransformSkipLog2MaxSize:5 ChromaTS:1 BDPCM:0 Tiles: 1x1 Slices: 1 MCTS:0 SAO:1 ALF:1 CCALF:1 WPP:0 WPB:0 PME:2  WaveFrontSynchro:0 WaveFrontSubstreams:1 ScalingList:0 TMVPMode:1  DQ:1  SignBitHidingFlag:0 RecalQP:0 
TOOL CFG: LFNST:1 MMVD:1 Affine:1 AffineType:1 PROF:1 SbTMVP:1 DualITree:1 IMV:1 BIO:1 LMChroma:1 HorCollocatedChroma:1 VerCollocatedChroma:0 MTS: 1(intra) 0(inter) SBT:1 ISP:1 SMVD:1 CompositeLTReference:0 Bcw:1 BcwFast:1 LADF:0 CIIP:1 Geo:1 AllowDisFracMMVD:1 AffineAmvr:1 AffineAmvrEncOpt:1 DMVR:1 MmvdDisNum:6 JointCbCr:1 ACT:0 PLT:0 IBC:0 HashME:0 WrapAround:0 VirtualBoundariesEnabledFlag:0 VirtualBoundariesPresentInSPSFlag:1 vertical virtual boundaries:[ ] horizontal virtual boundaries:[ ] Reshape:1 (Signal:SDR Opt:0 CSoffset:6) MRL:1 MIP:1 EncDbOpt:0 
FAST TOOL CFG: LCTUFast:1 FastMrg:1 PBIntraFast:1 IMV4PelFast:1 MTSMaxCand: 4(intra) 4(inter) ISPFast:0 FastLFNST:0 AMaxBT:1 E0023FastEnc:1 ContentBasedFastQtbt:0 UseNonLinearAlfLuma:1 UseNonLinearAlfChroma:1 MaxNumAlfAlternativesChroma:8 FastMIP:0 FastLocalDualTree:1 NumSplitThreads:1 NumWppThreads:1+0 EnsureWppBitEqual:0 RPR:0 TemporalFilter:0 


 started @ Tue Jan 14 02:18:17 2025
POC    0 LId:  0 TId: 0 ( IDR_N_LP, I-SLICE, QP 19 )     245000 bits [Y 44.5906 dB    U 46.2633 dB    V 46.9925 dB] [ET    25 ] [L0] [L1]
POC   32 LId:  0 TId: 0 ( CRA, I-SLICE, QP 19 )     251648 bits [Y 44.5886 dB    U 46.1775 dB    V 46.9008 dB] [ET    25 ] [L0] [L1]
POC   16 LId:  0 TId: 1 ( RASL, B-SLICE, QP 22 )      72504 bits [Y 42.2055 dB    U 45.7194 dB    V 46.6757 dB] [ET    39 ] [L0 0 32] [L1 32c 0]
POC    8 LId:  0 TId: 2 ( RASL, B-SLICE, QP 23 )      51432 bits [Y 41.5240 dB    U 45.4765 dB    V 46.6158 dB] [ET    32 ] [L0 0 16] [L1 16c 32]
POC    4 LId:  0 TId: 3 ( RASL, B-SLICE, QP 26 )      27520 bits [Y 39.7326 dB    U 45.4927 dB    V 46.6050 dB] [ET    24 ] [L0 0 8] [L1 8c 16]
POC    2 LId:  0 TId: 4 ( RASL, B-SLICE, QP 28 )       8840 bits [Y 39.1548 dB    U 45.5149 dB    V 46.6547 dB] [ET    12 ] [L0 0 4] [L1 4c 8]
POC    1 LId:  0 TId: 5 ( RASL, B-SLICE, QP 29 )       1768 bits [Y 39.6353 dB    U 45.5797 dB    V 46.7036 dB] [ET     4 ] [L0 0 2] [L1 2c 4]
POC    3 LId:  0 TId: 5 ( RASL, B-SLICE, QP 29 )       1816 bits [Y 38.8842 dB    U 45.5503 dB    V 46.6736 dB] [ET     4 ] [L0 2c 0] [L1 4 8]
POC    6 LId:  0 TId: 4 ( RASL, B-SLICE, QP 28 )       9408 bits [Y 39.0047 dB    U 45.4688 dB    V 46.5355 dB] [ET    12 ] [L0 4c 0] [L1 8 16]
POC    5 LId:  0 TId: 5 ( RASL, B-SLICE, QP 29 )       1768 bits [Y 39.0124 dB    U 45.4536 dB    V 46.4992 dB] [ET     5 ] [L0 4 0] [L1 6c 8]
POC    7 LId:  0 TId: 5 ( RASL, B-SLICE, QP 29 )       1792 bits [Y 39.4743 dB    U 45.4144 dB    V 46.6037 dB] [ET     4 ] [L0 6c 4] [L1 8 16]
POC   12 LId:  0 TId: 3 ( RASL, B-SLICE, QP 26 )      26584 bits [Y 39.7545 dB    U 45.5474 dB    V 46.5581 dB] [ET    20 ] [L0 8c 0] [L1 16 32]
POC   10 LId:  0 TId: 4 ( RASL, B-SLICE, QP 28 )       7624 bits [Y 39.0251 dB    U 45.5366 dB    V 46.6890 dB] [ET    11 ] [L0 8 0] [L1 12c 16]
POC    9 LId:  0 TId: 5 ( RASL, B-SLICE, QP 29 )       2216 bits [Y 39.3945 dB    U 45.5120 dB    V 46.7129 dB] [ET     4 ] [L0 8 0] [L1 10c 12]
POC   11 LId:  0 TId: 5 ( RASL, B-SLICE, QP 29 )       2120 bits [Y 39.0053 dB    U 45.5704 dB    V 46.6814 dB] [ET     5 ] [L0 10c 8] [L1 12 16]
POC   14 LId:  0 TId: 4 ( RASL, B-SLICE, QP 28 )       9152 bits [Y 39.1033 dB    U 45.5899 dB    V 46.6392 dB] [ET    15 ] [L0 12c 8] [L1 16 32]
POC   13 LId:  0 TId: 5 ( RASL, B-SLICE, QP 29 )       1784 bits [Y 39.0781 dB    U 45.5965 dB    V 46.6605 dB] [ET     9 ] [L0 12 8] [L1 14c 16]
POC   15 LId:  0 TId: 5 ( RASL, B-SLICE, QP 29 )       1720 bits [Y 39.5739 dB    U 45.5820 dB    V 46.6993 dB] [ET     8 ] [L0 14c 12] [L1 16 32]
POC   24 LId:  0 TId: 2 ( RASL, B-SLICE, QP 23 )      53928 bits [Y 41.4999 dB    U 45.3726 dB    V 46.6183 dB] [ET    58 ] [L0 16c 0] [L1 32 16]
POC   20 LId:  0 TId: 3 ( RASL, B-SLICE, QP 26 )      28096 bits [Y 39.7820 dB    U 45.3347 dB    V 46.5683 dB] [ET    38 ] [L0 16 0] [L1 24c 32]
POC   18 LId:  0 TId: 4 ( RASL, B-SLICE, QP 28 )       8168 bits [Y 39.1113 dB    U 45.5225 dB    V 46.5753 dB] [ET    25 ] [L0 16 0] [L1 20c 24]
POC   17 LId:  0 TId: 5 ( RASL, B-SLICE, QP 29 )       1480 bits [Y 39.6146 dB    U 45.5844 dB    V 46.6402 dB] [ET    10 ] [L0 16 0] [L1 18c 20]
POC   19 LId:  0 TId: 5 ( RASL, B-SLICE, QP 29 )       1992 bits [Y 39.0325 dB    U 45.3691 dB    V 46.5387 dB] [ET     9 ] [L0 18c 16] [L1 20 24]
POC   22 LId:  0 TId: 4 ( RASL, B-SLICE, QP 28 )       8872 bits [Y 39.0824 dB    U 45.4039 dB    V 46.6009 dB] [ET    22 ] [L0 20c 16] [L1 24 32]
POC   21 LId:  0 TId: 5 ( RASL, B-SLICE, QP 29 )       1712 bits [Y 39.1206 dB    U 45.4483 dB    V 46.6341 dB] [ET    11 ] [L0 20 16] [L1 22c 24]
POC   23 LId:  0 TId: 5 ( RASL, B-SLICE, QP 29 )       1480 bits [Y 39.4065 dB    U 45.4401 dB    V 46.7170 dB] [ET    10 ] [L0 22c 20] [L1 24 32]
POC   28 LId:  0 TId: 3 ( RASL, B-SLICE, QP 26 )      25752 bits [Y 39.7072 dB    U 45.3502 dB    V 46.4126 dB] [ET    34 ] [L0 24c 16] [L1 32 24]
POC   26 LId:  0 TId: 4 ( RASL, B-SLICE, QP 28 )       9176 bits [Y 38.9807 dB    U 45.2995 dB    V 46.4547 dB] [ET    27 ] [L0 24 16] [L1 28c 32]
POC   25 LId:  0 TId: 5 ( RASL, B-SLICE, QP 29 )       1464 bits [Y 39.3512 dB    U 45.4276 dB    V 46.6500 dB] [ET     9 ] [L0 24 16] [L1 26c 28]
POC   27 LId:  0 TId: 5 ( RASL, B-SLICE, QP 29 )       1664 bits [Y 38.7924 dB    U 45.3573 dB    V 46.4588 dB] [ET    10 ] [L0 26c 24] [L1 28 32]
POC   30 LId:  0 TId: 4 ( RASL, B-SLICE, QP 28 )      10624 bits [Y 38.7897 dB    U 45.3572 dB    V 46.4937 dB] [ET    28 ] [L0 28c 16] [L1 32 28]
POC   29 LId:  0 TId: 5 ( RASL, B-SLICE, QP 29 )       1896 bits [Y 38.7026 dB    U 45.3668 dB    V 46.4391 dB] [ET    10 ] [L0 28 16] [L1 30c 32]
POC   31 LId:  0 TId: 5 ( RASL, B-SLICE, QP 29 )       1688 bits [Y 39.6316 dB    U 45.4160 dB    V 46.5065 dB] [ET     9 ] [L0 30c 28] [L1 32 30]
POC   64 LId:  0 TId: 0 ( CRA, I-SLICE, QP 19 )     253432 bits [Y 44.4889 dB    U 46.1170 dB    V 46.7927 dB] [ET    51 ] [L0] [L1]
POC   48 LId:  0 TId: 1 ( RASL, B-SLICE, QP 22 )      80136 bits [Y 42.2147 dB    U 45.4657 dB    V 46.6167 dB] [ET    76 ] [L0 32 64] [L1 64c 32]
POC   40 LId:  0 TId: 2 ( RASL, B-SLICE, QP 23 )      54984 bits [Y 41.4625 dB    U 45.3817 dB    V 46.5176 dB] [ET    62 ] [L0 32 48] [L1 48c 64]
POC   36 LId:  0 TId: 3 ( RASL, B-SLICE, QP 26 )      25824 bits [Y 39.6976 dB    U 45.3060 dB    V 46.3456 dB] [ET    47 ] [L0 32 40] [L1 40c 48]
POC   34 LId:  0 TId: 4 ( RASL, B-SLICE, QP 28 )      12624 bits [Y 38.7736 dB    U 45.3810 dB    V 46.4702 dB] [ET    35 ] [L0 32 36] [L1 36c 40]
POC   33 LId:  0 TId: 5 ( RASL, B-SLICE, QP 29 )       1848 bits [Y 39.3473 dB    U 45.4010 dB    V 46.5517 dB] [ET     8 ] [L0 32 34] [L1 34c 36]
POC   35 LId:  0 TId: 5 ( RASL, B-SLICE, QP 29 )       1984 bits [Y 38.7355 dB    U 45.3794 dB    V 46.3208 dB] [ET     9 ] [L0 34c 32] [L1 36 40]
POC   38 LId:  0 TId: 4 ( RASL, B-SLICE, QP 28 )      11568 bits [Y 38.7192 dB    U 45.3693 dB    V 46.3661 dB] [ET    32 ] [L0 36c 32] [L1 40 48]
POC   37 LId:  0 TId: 5 ( RASL, B-SLICE, QP 29 )       1984 bits [Y 38.6727 dB    U 45.2805 dB    V 46.3642 dB] [ET    10 ] [L0 36 32] [L1 38c 40]
POC   39 LId:  0 TId: 5 ( RASL, B-SLICE, QP 29 )       1840 bits [Y 38.9360 dB    U 45.3508 dB    V 46.5422 dB] [ET    10 ] [L0 38c 36] [L1 40 48]
POC   44 LId:  0 TId: 3 ( RASL, B-SLICE, QP 26 )      25048 bits [Y 39.7539 dB    U 45.3506 dB    V 46.5862 dB] [ET    37 ] [L0 40c 32] [L1 48 64]
POC   42 LId:  0 TId: 4 ( RASL, B-SLICE, QP 28 )      13712 bits [Y 38.6863 dB    U 45.3061 dB    V 46.6587 dB] [ET    37 ] [L0 40 32] [L1 44c 48]
POC   41 LId:  0 TId: 5 ( RASL, B-SLICE, QP 29 )       1808 bits [Y 38.9535 dB    U 45.3820 dB    V 46.6198 dB] [ET    10 ] [L0 40 32] [L1 42c 44]
POC   43 LId:  0 TId: 5 ( RASL, B-SLICE, QP 29 )       1912 bits [Y 38.6686 dB    U 45.3341 dB    V 46.5194 dB] [ET    11 ] [L0 42c 40] [L1 44 48]
POC   46 LId:  0 TId: 4 ( RASL, B-SLICE, QP 28 )      13392 bits [Y 38.6721 dB    U 45.3218 dB    V 46.4991 dB] [ET    27 ] [L0 44c 40] [L1 48 64]
POC   45 LId:  0 TId: 5 ( RASL, B-SLICE, QP 29 )       2384 bits [Y 38.7612 dB    U 45.3169 dB    V 46.5654 dB] [ET    10 ] [L0 44 40] [L1 46c 48]
POC   47 LId:  0 TId: 5 ( RASL, B-SLICE, QP 29 )       2064 bits [Y 38.9570 dB    U 45.4654 dB    V 46.6007 dB] [ET    11 ] [L0 46c 44] [L1 48 64]
POC   56 LId:  0 TId: 2 ( RASL, B-SLICE, QP 23 )      58784 bits [Y 41.4587 dB    U 45.3906 dB    V 46.5202 dB] [ET    53 ] [L0 48c 32] [L1 64 48]
POC   52 LId:  0 TId: 3 ( RASL, B-SLICE, QP 26 )      24760 bits [Y 39.7521 dB    U 45.2805 dB    V 46.5554 dB] [ET    36 ] [L0 48 32] [L1 56c 64]
POC   50 LId:  0 TId: 4 ( RASL, B-SLICE, QP 28 )      12472 bits [Y 38.7420 dB    U 45.3244 dB    V 46.5766 dB] [ET    27 ] [L0 48 32] [L1 52c 56]
POC   49 LId:  0 TId: 5 ( RASL, B-SLICE, QP 29 )       2008 bits [Y 38.8448 dB    U 45.4595 dB    V 46.7173 dB] [ET     9 ] [L0 48 32] [L1 50c 52]
POC   51 LId:  0 TId: 5 ( RASL, B-SLICE, QP 29 )       2384 bits [Y 38.5778 dB    U 45.3000 dB    V 46.5941 dB] [ET    11 ] [L0 50c 48] [L1 52 56]
POC   54 LId:  0 TId: 4 ( RASL, B-SLICE, QP 28 )      13632 bits [Y 38.7272 dB    U 45.2557 dB    V 46.5040 dB] [ET    36 ] [L0 52c 48] [L1 56 64]
POC   53 LId:  0 TId: 5 ( RASL, B-SLICE, QP 29 )       2912 bits [Y 38.6555 dB    U 45.3014 dB    V 46.5124 dB] [ET    14 ] [L0 52 48] [L1 54c 56]
POC   55 LId:  0 TId: 5 ( RASL, B-SLICE, QP 29 )       2016 bits [Y 39.0169 dB    U 45.3884 dB    V 46.5825 dB] [ET    10 ] [L0 54c 52] [L1 56 64]
POC   60 LId:  0 TId: 3 ( RASL, B-SLICE, QP 26 )      24576 bits [Y 39.7013 dB    U 45.1890 dB    V 46.3043 dB] [ET    36 ] [L0 56c 48] [L1 64 56]
POC   58 LId:  0 TId: 4 ( RASL, B-SLICE, QP 28 )      12808 bits [Y 38.7577 dB    U 45.2378 dB    V 46.4589 dB] [ET    26 ] [L0 56 48] [L1 60c 64]
POC   57 LId:  0 TId: 5 ( RASL, B-SLICE, QP 29 )       2624 bits [Y 38.8429 dB    U 45.3084 dB    V 46.4278 dB] [ET    12 ] [L0 56 48] [L1 58c 60]
POC   59 LId:  0 TId: 5 ( RASL, B-SLICE, QP 29 )       3088 bits [Y 38.4868 dB    U 45.2272 dB    V 46.3403 dB] [ET    15 ] [L0 58c 56] [L1 60 64]
POC   62 LId:  0 TId: 4 ( RASL, B-SLICE, QP 28 )      15120 bits [Y 38.6288 dB    U 45.3497 dB    V 46.4134 dB] [ET    29 ] [L0 60c 48] [L1 64 60]
POC   61 LId:  0 TId: 5 ( RASL, B-SLICE, QP 29 )       2312 bits [Y 38.4671 dB    U 45.2603 dB    V 46.4015 dB] [ET    11 ] [L0 60 48] [L1 62c 64]
POC   63 LId:  0 TId: 5 ( RASL, B-SLICE, QP 29 )       2024 bits [Y 38.9375 dB    U 45.3774 dB    V 46.4417 dB] [ET    11 ] [L0 62c 60] [L1 64 62]

LayerId  0
	Total Frames |   Bitrate     Y-PSNR    U-PSNR    V-PSNR    YUV-PSNR   
	       65    a    1449.9249   39.5761   45.4409   46.5646   40.7080

 finished @ Tue Jan 14 02:41:58 2025
 Total Time:     1420.756 sec. [user]     1420.755 sec. [elapsed]
