
VVCSoftware: VTM Encoder Version 10.0 [Windows][VS 1916][64 bit] [SIMD=AVX2] 

TOOL CFG: IBD:1 HAD:1 RDQ:1 RDQTS:1 RDpenalty:0 LQP:0 SQP:0 ASR:1 MinSearchWindow:96 RestrictMESampling:0 FEN:1 ECU:0 FDM:1 CFM:0 ESD:0 TransformSkip:1 TransformSkipFast:1 TransformSkipLog2MaxSize:5 ChromaTS:1 BDPCM:0 Tiles: 1x1 Slices: 1 MCTS:0 SAO:1 ALF:1 CCALF:1 WPP:0 WPB:0 PME:2  WaveFrontSynchro:0 WaveFrontSubstreams:1 ScalingList:0 TMVPMode:1  DQ:1  SignBitHidingFlag:0 RecalQP:0 
TOOL CFG: LFNST:1 MMVD:1 Affine:1 AffineType:1 PROF:1 SbTMVP:1 DualITree:1 IMV:1 BIO:1 LMChroma:1 HorCollocatedChroma:1 VerCollocatedChroma:0 MTS: 1(intra) 0(inter) SBT:1 ISP:1 SMVD:1 CompositeLTReference:0 Bcw:1 BcwFast:1 LADF:0 CIIP:1 Geo:1 AllowDisFracMMVD:1 AffineAmvr:1 AffineAmvrEncOpt:1 DMVR:1 MmvdDisNum:6 JointCbCr:1 ACT:0 PLT:0 IBC:0 HashME:0 WrapAround:0 VirtualBoundariesEnabledFlag:0 VirtualBoundariesPresentInSPSFlag:1 vertical virtual boundaries:[ ] horizontal virtual boundaries:[ ] Reshape:1 (Signal:SDR Opt:0 CSoffset:6) MRL:1 MIP:1 EncDbOpt:0 
FAST TOOL CFG: LCTUFast:1 FastMrg:1 PBIntraFast:1 IMV4PelFast:1 MTSMaxCand: 4(intra) 4(inter) ISPFast:0 FastLFNST:0 AMaxBT:1 E0023FastEnc:1 ContentBasedFastQtbt:0 UseNonLinearAlfLuma:1 UseNonLinearAlfChroma:1 MaxNumAlfAlternativesChroma:8 FastMIP:0 FastLocalDualTree:1 NumSplitThreads:1 NumWppThreads:1+0 EnsureWppBitEqual:0 RPR:0 TemporalFilter:0 


 started @ Mon Jan 13 22:35:01 2025
POC    0 LId:  0 TId: 0 ( IDR_N_LP, I-SLICE, QP 34 )      68032 bits [Y 32.4459 dB    U 38.8324 dB    V 39.5251 dB] [ET    14 ] [L0] [L1]
POC   32 LId:  0 TId: 0 ( CRA, I-SLICE, QP 34 )      69928 bits [Y 32.2829 dB    U 38.6741 dB    V 39.1930 dB] [ET    15 ] [L0] [L1]
POC   16 LId:  0 TId: 1 ( RASL, B-SLICE, QP 40 )       4712 bits [Y 30.9965 dB    U 38.9391 dB    V 39.5772 dB] [ET    10 ] [L0 0 32] [L1 32c 0]
POC    8 LId:  0 TId: 2 ( RASL, B-SLICE, QP 40 )       3360 bits [Y 31.1857 dB    U 39.0200 dB    V 39.8711 dB] [ET     7 ] [L0 0 16] [L1 16c 32]
POC    4 LId:  0 TId: 3 ( RASL, B-SLICE, QP 43 )       1016 bits [Y 30.8151 dB    U 38.9969 dB    V 39.8202 dB] [ET     4 ] [L0 0 8] [L1 8c 16]
POC    2 LId:  0 TId: 4 ( RASL, B-SLICE, QP 45 )        248 bits [Y 31.2638 dB    U 38.8886 dB    V 39.6946 dB] [ET     2 ] [L0 0 4] [L1 4c 8]
POC    1 LId:  0 TId: 5 ( RASL, B-SLICE, QP 46 )        200 bits [Y 31.8076 dB    U 38.8802 dB    V 39.6363 dB] [ET     1 ] [L0 0 2] [L1 2c 4]
POC    3 LId:  0 TId: 5 ( RASL, B-SLICE, QP 46 )        200 bits [Y 30.9960 dB    U 38.9304 dB    V 39.7245 dB] [ET     1 ] [L0 2c 0] [L1 4 8]
POC    6 LId:  0 TId: 4 ( RASL, B-SLICE, QP 45 )        216 bits [Y 30.5630 dB    U 39.0335 dB    V 39.8449 dB] [ET     2 ] [L0 4c 0] [L1 8 16]
POC    5 LId:  0 TId: 5 ( RASL, B-SLICE, QP 46 )        168 bits [Y 30.6975 dB    U 38.9910 dB    V 39.7642 dB] [ET     1 ] [L0 4 0] [L1 6c 8]
POC    7 LId:  0 TId: 5 ( RASL, B-SLICE, QP 46 )        136 bits [Y 30.8865 dB    U 39.0074 dB    V 39.8463 dB] [ET     1 ] [L0 6c 4] [L1 8 16]
POC   12 LId:  0 TId: 3 ( RASL, B-SLICE, QP 43 )       1120 bits [Y 30.4655 dB    U 39.0549 dB    V 39.8034 dB] [ET     4 ] [L0 8 0] [L1 16c 32]
POC   10 LId:  0 TId: 4 ( RASL, B-SLICE, QP 45 )        280 bits [Y 30.6101 dB    U 39.0140 dB    V 39.8566 dB] [ET     2 ] [L0 8 0] [L1 12c 16]
POC    9 LId:  0 TId: 5 ( RASL, B-SLICE, QP 46 )        136 bits [Y 30.8814 dB    U 39.0062 dB    V 39.8685 dB] [ET     1 ] [L0 8 0] [L1 10c 12]
POC   11 LId:  0 TId: 5 ( RASL, B-SLICE, QP 46 )        184 bits [Y 30.5332 dB    U 39.0219 dB    V 39.8534 dB] [ET     1 ] [L0 10c 8] [L1 12 16]
POC   14 LId:  0 TId: 4 ( RASL, B-SLICE, QP 45 )        224 bits [Y 30.3989 dB    U 39.0003 dB    V 39.7103 dB] [ET     2 ] [L0 12c 8] [L1 16 32]
POC   13 LId:  0 TId: 5 ( RASL, B-SLICE, QP 46 )        160 bits [Y 30.4598 dB    U 39.0275 dB    V 39.7918 dB] [ET     1 ] [L0 12 8] [L1 14c 16]
POC   15 LId:  0 TId: 5 ( RASL, B-SLICE, QP 46 )        232 bits [Y 30.7818 dB    U 38.9540 dB    V 39.6498 dB] [ET     1 ] [L0 14c 12] [L1 16 32]
POC   24 LId:  0 TId: 2 ( RASL, B-SLICE, QP 40 )       2976 bits [Y 31.0862 dB    U 38.7663 dB    V 39.4759 dB] [ET     7 ] [L0 16c 0] [L1 32 16]
POC   20 LId:  0 TId: 3 ( RASL, B-SLICE, QP 43 )       1248 bits [Y 30.4621 dB    U 38.9194 dB    V 39.5421 dB] [ET     4 ] [L0 16 0] [L1 24c 32]
POC   18 LId:  0 TId: 4 ( RASL, B-SLICE, QP 45 )        360 bits [Y 30.6036 dB    U 38.9242 dB    V 39.5896 dB] [ET     2 ] [L0 16 0] [L1 20c 24]
POC   17 LId:  0 TId: 5 ( RASL, B-SLICE, QP 46 )        152 bits [Y 30.8449 dB    U 38.9397 dB    V 39.6007 dB] [ET     1 ] [L0 16 0] [L1 18c 20]
POC   19 LId:  0 TId: 5 ( RASL, B-SLICE, QP 46 )        152 bits [Y 30.4414 dB    U 38.8867 dB    V 39.5888 dB] [ET     1 ] [L0 18c 16] [L1 20 24]
POC   22 LId:  0 TId: 4 ( RASL, B-SLICE, QP 45 )        304 bits [Y 30.3614 dB    U 38.8940 dB    V 39.5302 dB] [ET     2 ] [L0 20c 16] [L1 24 32]
POC   21 LId:  0 TId: 5 ( RASL, B-SLICE, QP 46 )        160 bits [Y 30.3532 dB    U 38.9046 dB    V 39.5791 dB] [ET     1 ] [L0 20 16] [L1 22c 24]
POC   23 LId:  0 TId: 5 ( RASL, B-SLICE, QP 46 )        152 bits [Y 30.7660 dB    U 38.8521 dB    V 39.4944 dB] [ET     1 ] [L0 22c 20] [L1 24 32]
POC   28 LId:  0 TId: 3 ( RASL, B-SLICE, QP 43 )        896 bits [Y 30.8423 dB    U 38.7917 dB    V 39.4039 dB] [ET     4 ] [L0 24c 16] [L1 32 24]
POC   26 LId:  0 TId: 4 ( RASL, B-SLICE, QP 45 )        336 bits [Y 30.7324 dB    U 38.7861 dB    V 39.4497 dB] [ET     3 ] [L0 24 16] [L1 28c 32]
POC   25 LId:  0 TId: 5 ( RASL, B-SLICE, QP 46 )        136 bits [Y 30.8932 dB    U 38.8058 dB    V 39.4382 dB] [ET     1 ] [L0 24 16] [L1 26c 28]
POC   27 LId:  0 TId: 5 ( RASL, B-SLICE, QP 46 )        216 bits [Y 30.7746 dB    U 38.7911 dB    V 39.4264 dB] [ET     1 ] [L0 26c 24] [L1 28 32]
POC   30 LId:  0 TId: 4 ( RASL, B-SLICE, QP 45 )        336 bits [Y 31.0742 dB    U 38.7529 dB    V 39.3320 dB] [ET     2 ] [L0 28c 16] [L1 32 28]
POC   29 LId:  0 TId: 5 ( RASL, B-SLICE, QP 46 )        184 bits [Y 30.8844 dB    U 38.7578 dB    V 39.3832 dB] [ET     1 ] [L0 28 16] [L1 30c 32]
POC   31 LId:  0 TId: 5 ( RASL, B-SLICE, QP 46 )        152 bits [Y 31.6457 dB    U 38.7057 dB    V 39.2778 dB] [ET     1 ] [L0 30c 28] [L1 32 30]
POC   64 LId:  0 TId: 0 ( CRA, I-SLICE, QP 34 )      71968 bits [Y 32.3258 dB    U 38.4414 dB    V 39.0395 dB] [ET    14 ] [L0] [L1]
POC   48 LId:  0 TId: 1 ( RASL, B-SLICE, QP 40 )       4816 bits [Y 30.9304 dB    U 38.6864 dB    V 39.5843 dB] [ET    12 ] [L0 32 64] [L1 64c 32]
POC   40 LId:  0 TId: 2 ( RASL, B-SLICE, QP 40 )       2792 bits [Y 31.0060 dB    U 38.7365 dB    V 39.4924 dB] [ET     8 ] [L0 32 48] [L1 48c 64]
POC   36 LId:  0 TId: 3 ( RASL, B-SLICE, QP 43 )        760 bits [Y 30.5600 dB    U 38.7698 dB    V 39.3708 dB] [ET     3 ] [L0 32 40] [L1 40c 48]
POC   34 LId:  0 TId: 4 ( RASL, B-SLICE, QP 45 )        360 bits [Y 30.8339 dB    U 38.6922 dB    V 39.3263 dB] [ET     2 ] [L0 32 36] [L1 36c 40]
POC   33 LId:  0 TId: 5 ( RASL, B-SLICE, QP 46 )        208 bits [Y 31.5524 dB    U 38.6969 dB    V 39.2765 dB] [ET     1 ] [L0 32 34] [L1 34c 36]
POC   35 LId:  0 TId: 5 ( RASL, B-SLICE, QP 46 )        248 bits [Y 30.6712 dB    U 38.7530 dB    V 39.3605 dB] [ET     1 ] [L0 34c 32] [L1 36 40]
POC   38 LId:  0 TId: 4 ( RASL, B-SLICE, QP 45 )        344 bits [Y 30.5006 dB    U 38.7621 dB    V 39.4503 dB] [ET     2 ] [L0 36c 32] [L1 40 48]
POC   37 LId:  0 TId: 5 ( RASL, B-SLICE, QP 46 )        224 bits [Y 30.3819 dB    U 38.7481 dB    V 39.4146 dB] [ET     1 ] [L0 36 32] [L1 38c 40]
POC   39 LId:  0 TId: 5 ( RASL, B-SLICE, QP 46 )        248 bits [Y 30.7983 dB    U 38.7512 dB    V 39.4809 dB] [ET     1 ] [L0 38c 36] [L1 40 48]
POC   44 LId:  0 TId: 3 ( RASL, B-SLICE, QP 43 )        896 bits [Y 30.3822 dB    U 38.7505 dB    V 39.6326 dB] [ET     4 ] [L0 40 32] [L1 48c 64]
POC   42 LId:  0 TId: 4 ( RASL, B-SLICE, QP 45 )        376 bits [Y 30.4481 dB    U 38.7590 dB    V 39.6184 dB] [ET     2 ] [L0 40 32] [L1 44c 48]
POC   41 LId:  0 TId: 5 ( RASL, B-SLICE, QP 46 )        192 bits [Y 30.8185 dB    U 38.7384 dB    V 39.5581 dB] [ET     1 ] [L0 40 32] [L1 42c 44]
POC   43 LId:  0 TId: 5 ( RASL, B-SLICE, QP 46 )        168 bits [Y 30.3613 dB    U 38.7484 dB    V 39.6025 dB] [ET     1 ] [L0 42c 40] [L1 44 48]
POC   46 LId:  0 TId: 4 ( RASL, B-SLICE, QP 45 )        288 bits [Y 30.4071 dB    U 38.7516 dB    V 39.6134 dB] [ET     2 ] [L0 44c 40] [L1 48 64]
POC   45 LId:  0 TId: 5 ( RASL, B-SLICE, QP 46 )        176 bits [Y 30.3711 dB    U 38.7321 dB    V 39.6394 dB] [ET     1 ] [L0 44 40] [L1 46c 48]
POC   47 LId:  0 TId: 5 ( RASL, B-SLICE, QP 46 )        160 bits [Y 30.6907 dB    U 38.6974 dB    V 39.6423 dB] [ET     1 ] [L0 46c 44] [L1 48 64]
POC   56 LId:  0 TId: 2 ( RASL, B-SLICE, QP 40 )       3376 bits [Y 30.8603 dB    U 38.6669 dB    V 39.4837 dB] [ET     8 ] [L0 48c 32] [L1 64 48]
POC   52 LId:  0 TId: 3 ( RASL, B-SLICE, QP 43 )        936 bits [Y 30.3730 dB    U 38.6671 dB    V 39.6064 dB] [ET     3 ] [L0 48 32] [L1 56c 64]
POC   50 LId:  0 TId: 4 ( RASL, B-SLICE, QP 45 )        280 bits [Y 30.2687 dB    U 38.7140 dB    V 39.5997 dB] [ET     2 ] [L0 48 32] [L1 52c 56]
POC   49 LId:  0 TId: 5 ( RASL, B-SLICE, QP 46 )        176 bits [Y 30.6848 dB    U 38.7115 dB    V 39.6390 dB] [ET     1 ] [L0 48 32] [L1 50c 52]
POC   51 LId:  0 TId: 5 ( RASL, B-SLICE, QP 46 )        152 bits [Y 30.1450 dB    U 38.7363 dB    V 39.6102 dB] [ET     1 ] [L0 50c 48] [L1 52 56]
POC   54 LId:  0 TId: 4 ( RASL, B-SLICE, QP 45 )        360 bits [Y 30.2186 dB    U 38.6586 dB    V 39.5069 dB] [ET     3 ] [L0 52c 48] [L1 56 64]
POC   53 LId:  0 TId: 5 ( RASL, B-SLICE, QP 46 )        160 bits [Y 30.3254 dB    U 38.6832 dB    V 39.5662 dB] [ET     1 ] [L0 52 48] [L1 54c 56]
POC   55 LId:  0 TId: 5 ( RASL, B-SLICE, QP 46 )        160 bits [Y 30.5870 dB    U 38.6876 dB    V 39.5173 dB] [ET     1 ] [L0 54c 52] [L1 56 64]
POC   60 LId:  0 TId: 3 ( RASL, B-SLICE, QP 43 )       1064 bits [Y 30.7089 dB    U 38.5480 dB    V 39.3243 dB] [ET     4 ] [L0 56c 48] [L1 64 56]
POC   58 LId:  0 TId: 4 ( RASL, B-SLICE, QP 45 )        488 bits [Y 30.5788 dB    U 38.5651 dB    V 39.3907 dB] [ET     2 ] [L0 56 48] [L1 60c 64]
POC   57 LId:  0 TId: 5 ( RASL, B-SLICE, QP 46 )        208 bits [Y 30.7469 dB    U 38.5815 dB    V 39.4225 dB] [ET     1 ] [L0 56 48] [L1 58c 60]
POC   59 LId:  0 TId: 5 ( RASL, B-SLICE, QP 46 )        200 bits [Y 30.5651 dB    U 38.5717 dB    V 39.3597 dB] [ET     1 ] [L0 58c 56] [L1 60 64]
POC   62 LId:  0 TId: 4 ( RASL, B-SLICE, QP 45 )        384 bits [Y 30.7473 dB    U 38.5366 dB    V 39.2040 dB] [ET     2 ] [L0 60c 48] [L1 64 60]
POC   61 LId:  0 TId: 5 ( RASL, B-SLICE, QP 46 )        192 bits [Y 30.7136 dB    U 38.5306 dB    V 39.3201 dB] [ET     1 ] [L0 60 48] [L1 62c 64]
POC   63 LId:  0 TId: 5 ( RASL, B-SLICE, QP 46 )        176 bits [Y 31.4435 dB    U 38.4642 dB    V 39.1400 dB] [ET     1 ] [L0 62c 60] [L1 64 62]

LayerId  0
	Total Frames |   Bitrate     Y-PSNR    U-PSNR    V-PSNR    YUV-PSNR   
	       65    a     231.5520   30.7976   38.7891   39.5375   32.2290

 finished @ Mon Jan 13 22:38:39 2025
 Total Time:      218.173 sec. [user]      218.173 sec. [elapsed]
