
VVCSoftware: VTM Encoder Version 10.0 [Windows][VS 1916][64 bit] [SIMD=AVX2] 

TOOL CFG: IBD:1 HAD:1 RDQ:1 RDQTS:1 RDpenalty:0 LQP:0 SQP:0 ASR:1 MinSearchWindow:96 RestrictMESampling:0 FEN:1 ECU:0 FDM:1 CFM:0 ESD:0 TransformSkip:1 TransformSkipFast:1 TransformSkipLog2MaxSize:5 ChromaTS:1 BDPCM:0 Tiles: 1x1 Slices: 1 MCTS:0 SAO:1 ALF:1 CCALF:1 WPP:0 WPB:0 PME:2  WaveFrontSynchro:0 WaveFrontSubstreams:1 ScalingList:0 TMVPMode:1  DQ:1  SignBitHidingFlag:0 RecalQP:0 
TOOL CFG: LFNST:1 MMVD:1 Affine:1 AffineType:1 PROF:1 SbTMVP:1 DualITree:1 IMV:1 BIO:1 LMChroma:1 HorCollocatedChroma:1 VerCollocatedChroma:0 MTS: 1(intra) 0(inter) SBT:1 ISP:1 SMVD:1 CompositeLTReference:0 Bcw:1 BcwFast:1 LADF:0 CIIP:1 Geo:1 AllowDisFracMMVD:1 AffineAmvr:1 AffineAmvrEncOpt:1 DMVR:1 MmvdDisNum:6 JointCbCr:1 ACT:0 PLT:0 IBC:0 HashME:0 WrapAround:0 VirtualBoundariesEnabledFlag:0 VirtualBoundariesPresentInSPSFlag:1 vertical virtual boundaries:[ ] horizontal virtual boundaries:[ ] Reshape:1 (Signal:SDR Opt:0 CSoffset:6) MRL:1 MIP:1 EncDbOpt:0 
FAST TOOL CFG: LCTUFast:1 FastMrg:1 PBIntraFast:1 IMV4PelFast:1 MTSMaxCand: 4(intra) 4(inter) ISPFast:0 FastLFNST:0 AMaxBT:1 E0023FastEnc:1 ContentBasedFastQtbt:0 UseNonLinearAlfLuma:1 UseNonLinearAlfChroma:1 MaxNumAlfAlternativesChroma:8 FastMIP:0 FastLocalDualTree:1 NumSplitThreads:1 NumWppThreads:1+0 EnsureWppBitEqual:0 RPR:0 TemporalFilter:0 


 started @ Mon Jan 13 22:31:42 2025
POC    0 LId:  0 TId: 0 ( IDR_N_LP, I-SLICE, QP 35 )      62064 bits [Y 31.7269 dB    U 38.6245 dB    V 39.0503 dB] [ET    13 ] [L0] [L1]
POC   32 LId:  0 TId: 0 ( CRA, I-SLICE, QP 35 )      64024 bits [Y 31.6253 dB    U 38.4773 dB    V 38.8169 dB] [ET    15 ] [L0] [L1]
POC   16 LId:  0 TId: 1 ( RASL, B-SLICE, QP 41 )       4048 bits [Y 30.5047 dB    U 38.7785 dB    V 39.2660 dB] [ET     9 ] [L0 0 32] [L1 32c 0]
POC    8 LId:  0 TId: 2 ( RASL, B-SLICE, QP 41 )       2832 bits [Y 30.6111 dB    U 38.8329 dB    V 39.3425 dB] [ET     7 ] [L0 0 16] [L1 16c 32]
POC    4 LId:  0 TId: 3 ( RASL, B-SLICE, QP 44 )        904 bits [Y 30.2848 dB    U 38.7896 dB    V 39.2910 dB] [ET     3 ] [L0 0 8] [L1 8c 16]
POC    2 LId:  0 TId: 4 ( RASL, B-SLICE, QP 46 )        216 bits [Y 30.6459 dB    U 38.6896 dB    V 39.1913 dB] [ET     2 ] [L0 0 4] [L1 4c 8]
POC    1 LId:  0 TId: 5 ( RASL, B-SLICE, QP 47 )        168 bits [Y 31.0989 dB    U 38.6911 dB    V 39.1489 dB] [ET     1 ] [L0 0 2] [L1 2c 4]
POC    3 LId:  0 TId: 5 ( RASL, B-SLICE, QP 47 )        160 bits [Y 30.4239 dB    U 38.7352 dB    V 39.2216 dB] [ET     1 ] [L0 2c 0] [L1 4 8]
POC    6 LId:  0 TId: 4 ( RASL, B-SLICE, QP 46 )        192 bits [Y 30.0517 dB    U 38.8388 dB    V 39.3254 dB] [ET     1 ] [L0 4c 0] [L1 8 16]
POC    5 LId:  0 TId: 5 ( RASL, B-SLICE, QP 47 )        128 bits [Y 30.1635 dB    U 38.7878 dB    V 39.2578 dB] [ET     1 ] [L0 4 0] [L1 6c 8]
POC    7 LId:  0 TId: 5 ( RASL, B-SLICE, QP 47 )        128 bits [Y 30.3623 dB    U 38.8170 dB    V 39.3216 dB] [ET     1 ] [L0 6c 4] [L1 8 16]
POC   12 LId:  0 TId: 3 ( RASL, B-SLICE, QP 44 )        904 bits [Y 29.9444 dB    U 38.8436 dB    V 39.3637 dB] [ET     3 ] [L0 8 0] [L1 16c 32]
POC   10 LId:  0 TId: 4 ( RASL, B-SLICE, QP 46 )        168 bits [Y 29.9790 dB    U 38.8257 dB    V 39.3451 dB] [ET     1 ] [L0 8 0] [L1 12c 16]
POC    9 LId:  0 TId: 5 ( RASL, B-SLICE, QP 47 )        128 bits [Y 30.3502 dB    U 38.8187 dB    V 39.3479 dB] [ET     1 ] [L0 8 0] [L1 10c 12]
POC   11 LId:  0 TId: 5 ( RASL, B-SLICE, QP 47 )        144 bits [Y 29.9490 dB    U 38.8351 dB    V 39.3805 dB] [ET     1 ] [L0 10c 8] [L1 12 16]
POC   14 LId:  0 TId: 4 ( RASL, B-SLICE, QP 46 )        216 bits [Y 29.9671 dB    U 38.8208 dB    V 39.3270 dB] [ET     1 ] [L0 12c 8] [L1 16 32]
POC   13 LId:  0 TId: 5 ( RASL, B-SLICE, QP 47 )        152 bits [Y 29.9582 dB    U 38.8389 dB    V 39.3806 dB] [ET     1 ] [L0 12 8] [L1 14c 16]
POC   15 LId:  0 TId: 5 ( RASL, B-SLICE, QP 47 )        128 bits [Y 30.2631 dB    U 38.7798 dB    V 39.2903 dB] [ET     1 ] [L0 14c 12] [L1 16 32]
POC   24 LId:  0 TId: 2 ( RASL, B-SLICE, QP 41 )       2632 bits [Y 30.5937 dB    U 38.6139 dB    V 39.1708 dB] [ET     6 ] [L0 16c 0] [L1 32 16]
POC   20 LId:  0 TId: 3 ( RASL, B-SLICE, QP 44 )        960 bits [Y 29.9559 dB    U 38.7768 dB    V 39.2111 dB] [ET     4 ] [L0 16 0] [L1 24c 32]
POC   18 LId:  0 TId: 4 ( RASL, B-SLICE, QP 46 )        336 bits [Y 30.1081 dB    U 38.7725 dB    V 39.2759 dB] [ET     1 ] [L0 16 0] [L1 20c 24]
POC   17 LId:  0 TId: 5 ( RASL, B-SLICE, QP 47 )        168 bits [Y 30.3671 dB    U 38.7994 dB    V 39.2908 dB] [ET     1 ] [L0 16 0] [L1 18c 20]
POC   19 LId:  0 TId: 5 ( RASL, B-SLICE, QP 47 )        160 bits [Y 30.0000 dB    U 38.7612 dB    V 39.2745 dB] [ET     1 ] [L0 18c 16] [L1 20 24]
POC   22 LId:  0 TId: 4 ( RASL, B-SLICE, QP 46 )        320 bits [Y 29.9675 dB    U 38.7286 dB    V 39.2256 dB] [ET     1 ] [L0 20c 16] [L1 24 32]
POC   21 LId:  0 TId: 5 ( RASL, B-SLICE, QP 47 )        152 bits [Y 29.9316 dB    U 38.7481 dB    V 39.2421 dB] [ET     1 ] [L0 20 16] [L1 22c 24]
POC   23 LId:  0 TId: 5 ( RASL, B-SLICE, QP 47 )        152 bits [Y 30.3410 dB    U 38.6936 dB    V 39.1848 dB] [ET     1 ] [L0 22c 20] [L1 24 32]
POC   28 LId:  0 TId: 3 ( RASL, B-SLICE, QP 44 )        832 bits [Y 30.3144 dB    U 38.5842 dB    V 39.0125 dB] [ET     3 ] [L0 24c 16] [L1 32 24]
POC   26 LId:  0 TId: 4 ( RASL, B-SLICE, QP 46 )        296 bits [Y 30.2294 dB    U 38.6130 dB    V 39.0963 dB] [ET     2 ] [L0 24 16] [L1 28c 32]
POC   25 LId:  0 TId: 5 ( RASL, B-SLICE, QP 47 )        136 bits [Y 30.4238 dB    U 38.6352 dB    V 39.1170 dB] [ET     1 ] [L0 24 16] [L1 26c 28]
POC   27 LId:  0 TId: 5 ( RASL, B-SLICE, QP 47 )        136 bits [Y 30.1945 dB    U 38.6055 dB    V 39.0526 dB] [ET     1 ] [L0 26c 24] [L1 28 32]
POC   30 LId:  0 TId: 4 ( RASL, B-SLICE, QP 46 )        232 bits [Y 30.5031 dB    U 38.5459 dB    V 38.9282 dB] [ET     1 ] [L0 28c 16] [L1 32 28]
POC   29 LId:  0 TId: 5 ( RASL, B-SLICE, QP 47 )        152 bits [Y 30.3112 dB    U 38.5490 dB    V 38.9802 dB] [ET     1 ] [L0 28 16] [L1 30c 32]
POC   31 LId:  0 TId: 5 ( RASL, B-SLICE, QP 47 )        144 bits [Y 31.0860 dB    U 38.4943 dB    V 38.8796 dB] [ET     1 ] [L0 30c 28] [L1 32 30]
POC   64 LId:  0 TId: 0 ( CRA, I-SLICE, QP 35 )      65568 bits [Y 31.6024 dB    U 38.1182 dB    V 38.7185 dB] [ET    15 ] [L0] [L1]
POC   48 LId:  0 TId: 1 ( RASL, B-SLICE, QP 41 )       4288 bits [Y 30.3374 dB    U 38.5387 dB    V 39.1928 dB] [ET    11 ] [L0 32 64] [L1 64c 32]
POC   40 LId:  0 TId: 2 ( RASL, B-SLICE, QP 41 )       2456 bits [Y 30.4417 dB    U 38.5741 dB    V 39.1032 dB] [ET     6 ] [L0 32 48] [L1 48c 64]
POC   36 LId:  0 TId: 3 ( RASL, B-SLICE, QP 44 )        808 bits [Y 30.1076 dB    U 38.5877 dB    V 38.9827 dB] [ET     3 ] [L0 32 40] [L1 40c 48]
POC   34 LId:  0 TId: 4 ( RASL, B-SLICE, QP 46 )        328 bits [Y 30.4294 dB    U 38.5153 dB    V 38.9407 dB] [ET     2 ] [L0 32 36] [L1 36c 40]
POC   33 LId:  0 TId: 5 ( RASL, B-SLICE, QP 47 )        184 bits [Y 31.0097 dB    U 38.5147 dB    V 38.8922 dB] [ET     1 ] [L0 32 34] [L1 34c 36]
POC   35 LId:  0 TId: 5 ( RASL, B-SLICE, QP 47 )        152 bits [Y 30.1659 dB    U 38.5863 dB    V 38.9789 dB] [ET     1 ] [L0 34c 32] [L1 36 40]
POC   38 LId:  0 TId: 4 ( RASL, B-SLICE, QP 46 )        336 bits [Y 30.0680 dB    U 38.5887 dB    V 39.0640 dB] [ET     2 ] [L0 36c 32] [L1 40 48]
POC   37 LId:  0 TId: 5 ( RASL, B-SLICE, QP 47 )        160 bits [Y 29.9308 dB    U 38.5630 dB    V 39.0084 dB] [ET     1 ] [L0 36 32] [L1 38c 40]
POC   39 LId:  0 TId: 5 ( RASL, B-SLICE, QP 47 )        184 bits [Y 30.2679 dB    U 38.5945 dB    V 39.0775 dB] [ET     1 ] [L0 38c 36] [L1 40 48]
POC   44 LId:  0 TId: 3 ( RASL, B-SLICE, QP 44 )        720 bits [Y 29.8559 dB    U 38.6132 dB    V 39.2136 dB] [ET     2 ] [L0 40 32] [L1 48c 64]
POC   42 LId:  0 TId: 4 ( RASL, B-SLICE, QP 46 )        248 bits [Y 29.8583 dB    U 38.5938 dB    V 39.1813 dB] [ET     2 ] [L0 40 32] [L1 44c 48]
POC   41 LId:  0 TId: 5 ( RASL, B-SLICE, QP 47 )        184 bits [Y 30.2164 dB    U 38.5899 dB    V 39.1208 dB] [ET     1 ] [L0 40 32] [L1 42c 44]
POC   43 LId:  0 TId: 5 ( RASL, B-SLICE, QP 47 )        176 bits [Y 29.8531 dB    U 38.5868 dB    V 39.1893 dB] [ET     1 ] [L0 42c 40] [L1 44 48]
POC   46 LId:  0 TId: 4 ( RASL, B-SLICE, QP 46 )        256 bits [Y 29.8535 dB    U 38.6210 dB    V 39.2051 dB] [ET     2 ] [L0 44c 40] [L1 48 64]
POC   45 LId:  0 TId: 5 ( RASL, B-SLICE, QP 47 )        176 bits [Y 29.8577 dB    U 38.5953 dB    V 39.2126 dB] [ET     1 ] [L0 44 40] [L1 46c 48]
POC   47 LId:  0 TId: 5 ( RASL, B-SLICE, QP 47 )        152 bits [Y 30.1513 dB    U 38.5614 dB    V 39.2321 dB] [ET     1 ] [L0 46c 44] [L1 48 64]
POC   56 LId:  0 TId: 2 ( RASL, B-SLICE, QP 41 )       2776 bits [Y 30.2931 dB    U 38.4401 dB    V 39.1332 dB] [ET     8 ] [L0 48c 32] [L1 64 48]
POC   52 LId:  0 TId: 3 ( RASL, B-SLICE, QP 44 )        832 bits [Y 29.8755 dB    U 38.5001 dB    V 39.2274 dB] [ET     5 ] [L0 48 32] [L1 56c 64]
POC   50 LId:  0 TId: 4 ( RASL, B-SLICE, QP 46 )        256 bits [Y 29.8312 dB    U 38.5402 dB    V 39.2203 dB] [ET     1 ] [L0 48 32] [L1 52c 56]
POC   49 LId:  0 TId: 5 ( RASL, B-SLICE, QP 47 )        176 bits [Y 30.1789 dB    U 38.5497 dB    V 39.2501 dB] [ET     1 ] [L0 48 32] [L1 50c 52]
POC   51 LId:  0 TId: 5 ( RASL, B-SLICE, QP 47 )        152 bits [Y 29.7296 dB    U 38.5588 dB    V 39.2195 dB] [ET     1 ] [L0 50c 48] [L1 52 56]
POC   54 LId:  0 TId: 4 ( RASL, B-SLICE, QP 46 )        248 bits [Y 29.6960 dB    U 38.4496 dB    V 39.1493 dB] [ET     2 ] [L0 52c 48] [L1 56 64]
POC   53 LId:  0 TId: 5 ( RASL, B-SLICE, QP 47 )        168 bits [Y 29.7913 dB    U 38.4879 dB    V 39.1979 dB] [ET     1 ] [L0 52 48] [L1 54c 56]
POC   55 LId:  0 TId: 5 ( RASL, B-SLICE, QP 47 )        160 bits [Y 30.0414 dB    U 38.4568 dB    V 39.1469 dB] [ET     1 ] [L0 54c 52] [L1 56 64]
POC   60 LId:  0 TId: 3 ( RASL, B-SLICE, QP 44 )        928 bits [Y 30.1336 dB    U 38.2722 dB    V 39.0139 dB] [ET     4 ] [L0 56c 48] [L1 64 56]
POC   58 LId:  0 TId: 4 ( RASL, B-SLICE, QP 46 )        328 bits [Y 29.9677 dB    U 38.3474 dB    V 39.0899 dB] [ET     2 ] [L0 56 48] [L1 60c 64]
POC   57 LId:  0 TId: 5 ( RASL, B-SLICE, QP 47 )        184 bits [Y 30.1149 dB    U 38.3367 dB    V 39.1060 dB] [ET     1 ] [L0 56 48] [L1 58c 60]
POC   59 LId:  0 TId: 5 ( RASL, B-SLICE, QP 47 )        152 bits [Y 29.9506 dB    U 38.3236 dB    V 39.0479 dB] [ET     1 ] [L0 58c 56] [L1 60 64]
POC   62 LId:  0 TId: 4 ( RASL, B-SLICE, QP 46 )        320 bits [Y 30.2225 dB    U 38.2218 dB    V 38.8766 dB] [ET     2 ] [L0 60c 48] [L1 64 60]
POC   61 LId:  0 TId: 5 ( RASL, B-SLICE, QP 47 )        184 bits [Y 30.2143 dB    U 38.2403 dB    V 38.9801 dB] [ET     1 ] [L0 60 48] [L1 62c 64]
POC   63 LId:  0 TId: 5 ( RASL, B-SLICE, QP 47 )        152 bits [Y 30.8424 dB    U 38.1592 dB    V 38.8058 dB] [ET     1 ] [L0 62c 60] [L1 64 62]

LayerId  0
	Total Frames |   Bitrate     Y-PSNR    U-PSNR    V-PSNR    YUV-PSNR   
	       65    a     209.4498   30.2635   38.5996   39.1444   31.7154

 finished @ Mon Jan 13 22:35:01 2025
 Total Time:      198.932 sec. [user]      198.932 sec. [elapsed]
