
VVCSoftware: VTM Encoder Version 10.0 [Windows][VS 1916][64 bit] [SIMD=AVX2] 

TOOL CFG: IBD:1 HAD:1 RDQ:1 RDQTS:1 RDpenalty:0 LQP:0 SQP:0 ASR:1 MinSearchWindow:96 RestrictMESampling:0 FEN:1 ECU:0 FDM:1 CFM:0 ESD:0 TransformSkip:1 TransformSkipFast:1 TransformSkipLog2MaxSize:5 ChromaTS:1 BDPCM:0 Tiles: 1x1 Slices: 1 MCTS:0 SAO:1 ALF:1 CCALF:1 WPP:0 WPB:0 PME:2  WaveFrontSynchro:0 WaveFrontSubstreams:1 ScalingList:0 TMVPMode:1  DQ:1  SignBitHidingFlag:0 RecalQP:0 
TOOL CFG: LFNST:1 MMVD:1 Affine:1 AffineType:1 PROF:1 SbTMVP:1 DualITree:1 IMV:1 BIO:1 LMChroma:1 HorCollocatedChroma:1 VerCollocatedChroma:0 MTS: 1(intra) 0(inter) SBT:1 ISP:1 SMVD:1 CompositeLTReference:0 Bcw:1 BcwFast:1 LADF:0 CIIP:1 Geo:1 AllowDisFracMMVD:1 AffineAmvr:1 AffineAmvrEncOpt:1 DMVR:1 MmvdDisNum:6 JointCbCr:1 ACT:0 PLT:0 IBC:0 HashME:0 WrapAround:0 VirtualBoundariesEnabledFlag:0 VirtualBoundariesPresentInSPSFlag:1 vertical virtual boundaries:[ ] horizontal virtual boundaries:[ ] Reshape:1 (Signal:SDR Opt:0 CSoffset:6) MRL:1 MIP:1 EncDbOpt:0 
FAST TOOL CFG: LCTUFast:1 FastMrg:1 PBIntraFast:1 IMV4PelFast:1 MTSMaxCand: 4(intra) 4(inter) ISPFast:0 FastLFNST:0 AMaxBT:1 E0023FastEnc:1 ContentBasedFastQtbt:0 UseNonLinearAlfLuma:1 UseNonLinearAlfChroma:1 MaxNumAlfAlternativesChroma:8 FastMIP:0 FastLocalDualTree:1 NumSplitThreads:1 NumWppThreads:1+0 EnsureWppBitEqual:0 RPR:0 TemporalFilter:0 


 started @ Tue Jan 14 00:13:54 2025
POC    0 LId:  0 TId: 0 ( IDR_N_LP, I-SLICE, QP 25 )     154552 bits [Y 39.3549 dB    U 42.9135 dB    V 43.8187 dB] [ET    22 ] [L0] [L1]
POC   32 LId:  0 TId: 0 ( TRAIL, B-SLICE, QP 27 )      58696 bits [Y 37.7888 dB    U 42.2511 dB    V 43.2789 dB] [ET    25 ] [L0 0] [L1 0c]
POC   16 LId:  0 TId: 1 ( STSA, B-SLICE, QP 29 )      25024 bits [Y 36.7852 dB    U 42.3457 dB    V 43.2433 dB] [ET    26 ] [L0 0 32] [L1 32c 0]
POC    8 LId:  0 TId: 2 ( STSA, B-SLICE, QP 30 )      15512 bits [Y 36.4679 dB    U 42.4227 dB    V 43.3764 dB] [ET    19 ] [L0 0 16] [L1 16c 32]
POC    4 LId:  0 TId: 3 ( STSA, B-SLICE, QP 34 )       5432 bits [Y 35.3341 dB    U 42.5858 dB    V 43.5665 dB] [ET     9 ] [L0 0 8] [L1 8c 16]
POC    2 LId:  0 TId: 4 ( STSA, B-SLICE, QP 35 )       1544 bits [Y 35.7270 dB    U 42.6611 dB    V 43.6625 dB] [ET     5 ] [L0 0 4] [L1 4c 8]
POC    1 LId:  0 TId: 5 ( STSA, B-SLICE, QP 37 )        304 bits [Y 36.5904 dB    U 42.7120 dB    V 43.7847 dB] [ET     3 ] [L0 0 2] [L1 2c 4]
POC    3 LId:  0 TId: 5 ( STSA, B-SLICE, QP 37 )        360 bits [Y 35.3527 dB    U 42.6644 dB    V 43.5886 dB] [ET     2 ] [L0 2c 0] [L1 4 8]
POC    6 LId:  0 TId: 4 ( STSA, B-SLICE, QP 35 )       1808 bits [Y 35.2645 dB    U 42.5188 dB    V 43.4405 dB] [ET     4 ] [L0 4c 0] [L1 8 16]
POC    5 LId:  0 TId: 5 ( STSA, B-SLICE, QP 37 )        416 bits [Y 35.2538 dB    U 42.5498 dB    V 43.4189 dB] [ET     3 ] [L0 4 0] [L1 6c 8]
POC    7 LId:  0 TId: 5 ( STSA, B-SLICE, QP 37 )        336 bits [Y 35.6717 dB    U 42.4288 dB    V 43.3614 dB] [ET     3 ] [L0 6c 4] [L1 8 16]
POC   12 LId:  0 TId: 3 ( STSA, B-SLICE, QP 34 )       5328 bits [Y 35.1795 dB    U 42.3953 dB    V 43.2671 dB] [ET    10 ] [L0 8c 0] [L1 16 32]
POC   10 LId:  0 TId: 4 ( STSA, B-SLICE, QP 35 )       1864 bits [Y 35.3545 dB    U 42.3851 dB    V 43.2937 dB] [ET     4 ] [L0 8 0] [L1 12c 16]
POC    9 LId:  0 TId: 5 ( STSA, B-SLICE, QP 37 )        320 bits [Y 35.7428 dB    U 42.3613 dB    V 43.3310 dB] [ET     3 ] [L0 8 0] [L1 10c 12]
POC   11 LId:  0 TId: 5 ( STSA, B-SLICE, QP 37 )        328 bits [Y 35.0836 dB    U 42.3834 dB    V 43.3043 dB] [ET     3 ] [L0 10c 8] [L1 12 16]
POC   14 LId:  0 TId: 4 ( STSA, B-SLICE, QP 35 )       1784 bits [Y 35.1430 dB    U 42.3675 dB    V 43.2721 dB] [ET     5 ] [L0 12c 8] [L1 16 32]
POC   13 LId:  0 TId: 5 ( STSA, B-SLICE, QP 37 )        256 bits [Y 35.0666 dB    U 42.3607 dB    V 43.2956 dB] [ET     3 ] [L0 12 8] [L1 14c 16]
POC   15 LId:  0 TId: 5 ( STSA, B-SLICE, QP 37 )        376 bits [Y 35.6416 dB    U 42.3072 dB    V 43.2651 dB] [ET     3 ] [L0 14c 12] [L1 16 32]
POC   24 LId:  0 TId: 2 ( STSA, B-SLICE, QP 30 )      15344 bits [Y 36.2827 dB    U 42.1813 dB    V 43.2385 dB] [ET    14 ] [L0 16c 0] [L1 32 16]
POC   20 LId:  0 TId: 3 ( STSA, B-SLICE, QP 34 )       5328 bits [Y 35.0611 dB    U 42.2549 dB    V 43.2051 dB] [ET    10 ] [L0 16 0] [L1 24c 32]
POC   18 LId:  0 TId: 4 ( STSA, B-SLICE, QP 35 )       1720 bits [Y 35.3413 dB    U 42.3210 dB    V 43.2636 dB] [ET     4 ] [L0 16 0] [L1 20c 24]
POC   17 LId:  0 TId: 5 ( STSA, B-SLICE, QP 37 )        472 bits [Y 35.9357 dB    U 42.3290 dB    V 43.2876 dB] [ET     3 ] [L0 16 0] [L1 18c 20]
POC   19 LId:  0 TId: 5 ( STSA, B-SLICE, QP 37 )        392 bits [Y 35.0663 dB    U 42.2454 dB    V 43.2469 dB] [ET     3 ] [L0 18c 16] [L1 20 24]
POC   22 LId:  0 TId: 4 ( STSA, B-SLICE, QP 35 )       2360 bits [Y 35.1208 dB    U 42.2299 dB    V 43.2273 dB] [ET     6 ] [L0 20c 16] [L1 24 32]
POC   21 LId:  0 TId: 5 ( STSA, B-SLICE, QP 37 )        376 bits [Y 35.0107 dB    U 42.2672 dB    V 43.2592 dB] [ET     3 ] [L0 20 16] [L1 22c 24]
POC   23 LId:  0 TId: 5 ( STSA, B-SLICE, QP 37 )        352 bits [Y 35.6203 dB    U 42.1809 dB    V 43.2495 dB] [ET     3 ] [L0 22c 20] [L1 24 32]
POC   28 LId:  0 TId: 3 ( STSA, B-SLICE, QP 34 )       4648 bits [Y 35.1926 dB    U 42.2523 dB    V 43.2256 dB] [ET     7 ] [L0 24c 16] [L1 32 24]
POC   26 LId:  0 TId: 4 ( STSA, B-SLICE, QP 35 )       1904 bits [Y 35.2877 dB    U 42.2005 dB    V 43.1847 dB] [ET     5 ] [L0 24 16] [L1 28c 32]
POC   25 LId:  0 TId: 5 ( STSA, B-SLICE, QP 37 )        408 bits [Y 35.6693 dB    U 42.2322 dB    V 43.2209 dB] [ET     3 ] [L0 24 16] [L1 26c 28]
POC   27 LId:  0 TId: 5 ( STSA, B-SLICE, QP 37 )        360 bits [Y 35.0698 dB    U 42.2283 dB    V 43.2077 dB] [ET     3 ] [L0 26c 24] [L1 28 32]
POC   30 LId:  0 TId: 4 ( STSA, B-SLICE, QP 35 )       1688 bits [Y 35.1313 dB    U 42.2193 dB    V 43.2347 dB] [ET     4 ] [L0 28c 16] [L1 32 28]
POC   29 LId:  0 TId: 5 ( STSA, B-SLICE, QP 37 )        272 bits [Y 34.8836 dB    U 42.2043 dB    V 43.2393 dB] [ET     3 ] [L0 28 16] [L1 30c 32]
POC   31 LId:  0 TId: 5 ( STSA, B-SLICE, QP 37 )        408 bits [Y 36.1368 dB    U 42.2210 dB    V 43.2724 dB] [ET     3 ] [L0 30c 28] [L1 32 30]
POC   64 LId:  0 TId: 0 ( CRA, I-SLICE, QP 25 )     161888 bits [Y 39.3440 dB    U 42.5491 dB    V 43.5728 dB] [ET    22 ] [L0] [L1]
POC   48 LId:  0 TId: 1 ( RASL, B-SLICE, QP 29 )      27168 bits [Y 36.9315 dB    U 42.6644 dB    V 43.9260 dB] [ET    20 ] [L0 32c 16] [L1 64 32]
POC   40 LId:  0 TId: 2 ( RASL, B-SLICE, QP 30 )      15416 bits [Y 36.5040 dB    U 42.5888 dB    V 43.7382 dB] [ET    16 ] [L0 32 16] [L1 48c 64]
POC   36 LId:  0 TId: 3 ( RASL, B-SLICE, QP 34 )       4448 bits [Y 35.3011 dB    U 42.4914 dB    V 43.5560 dB] [ET     9 ] [L0 32 16] [L1 40c 48]
POC   34 LId:  0 TId: 4 ( RASL, B-SLICE, QP 35 )       1936 bits [Y 35.2065 dB    U 42.4037 dB    V 43.4785 dB] [ET     4 ] [L0 32 16] [L1 36c 40]
POC   33 LId:  0 TId: 5 ( RASL, B-SLICE, QP 37 )        448 bits [Y 36.0945 dB    U 42.3417 dB    V 43.4072 dB] [ET     3 ] [L0 32 34] [L1 34c 36]
POC   35 LId:  0 TId: 5 ( RASL, B-SLICE, QP 37 )        560 bits [Y 35.1813 dB    U 42.4799 dB    V 43.4935 dB] [ET     3 ] [L0 34c 32] [L1 36 40]
POC   38 LId:  0 TId: 4 ( RASL, B-SLICE, QP 35 )       1848 bits [Y 35.0532 dB    U 42.5615 dB    V 43.6150 dB] [ET     5 ] [L0 36c 32] [L1 40 48]
POC   37 LId:  0 TId: 5 ( RASL, B-SLICE, QP 37 )        504 bits [Y 35.0395 dB    U 42.5184 dB    V 43.5886 dB] [ET     3 ] [L0 36 32] [L1 38c 40]
POC   39 LId:  0 TId: 5 ( RASL, B-SLICE, QP 37 )        480 bits [Y 35.5078 dB    U 42.6371 dB    V 43.7436 dB] [ET     3 ] [L0 38c 36] [L1 40 48]
POC   44 LId:  0 TId: 3 ( RASL, B-SLICE, QP 34 )       4616 bits [Y 35.2913 dB    U 42.7455 dB    V 43.9779 dB] [ET    10 ] [L0 40c 32] [L1 48 64]
POC   42 LId:  0 TId: 4 ( RASL, B-SLICE, QP 35 )       2352 bits [Y 35.0416 dB    U 42.6596 dB    V 43.8918 dB] [ET     7 ] [L0 40 32] [L1 44c 48]
POC   41 LId:  0 TId: 5 ( RASL, B-SLICE, QP 37 )        328 bits [Y 35.6921 dB    U 42.6818 dB    V 43.8444 dB] [ET     3 ] [L0 40 32] [L1 42c 44]
POC   43 LId:  0 TId: 5 ( RASL, B-SLICE, QP 37 )        416 bits [Y 34.9584 dB    U 42.7205 dB    V 43.8713 dB] [ET     3 ] [L0 42c 40] [L1 44 48]
POC   46 LId:  0 TId: 4 ( RASL, B-SLICE, QP 35 )       2448 bits [Y 35.1553 dB    U 42.7668 dB    V 43.9199 dB] [ET     7 ] [L0 44c 40] [L1 48 64]
POC   45 LId:  0 TId: 5 ( RASL, B-SLICE, QP 37 )        384 bits [Y 35.1266 dB    U 42.7793 dB    V 43.9750 dB] [ET     3 ] [L0 44 40] [L1 46c 48]
POC   47 LId:  0 TId: 5 ( RASL, B-SLICE, QP 37 )        336 bits [Y 35.7543 dB    U 42.7142 dB    V 43.9846 dB] [ET     3 ] [L0 46c 44] [L1 48 64]
POC   56 LId:  0 TId: 2 ( RASL, B-SLICE, QP 30 )      16744 bits [Y 36.4803 dB    U 42.7193 dB    V 43.8274 dB] [ET    15 ] [L0 48c 32] [L1 64 48]
POC   52 LId:  0 TId: 3 ( RASL, B-SLICE, QP 34 )       4672 bits [Y 35.4013 dB    U 42.5990 dB    V 43.9070 dB] [ET     8 ] [L0 48 32] [L1 56c 64]
POC   50 LId:  0 TId: 4 ( RASL, B-SLICE, QP 35 )       1800 bits [Y 35.1112 dB    U 42.6339 dB    V 43.9340 dB] [ET     6 ] [L0 48 32] [L1 52c 56]
POC   49 LId:  0 TId: 5 ( RASL, B-SLICE, QP 37 )        320 bits [Y 35.6078 dB    U 42.6877 dB    V 44.0207 dB] [ET     3 ] [L0 48 32] [L1 50c 52]
POC   51 LId:  0 TId: 5 ( RASL, B-SLICE, QP 37 )        344 bits [Y 35.0334 dB    U 42.6738 dB    V 43.9227 dB] [ET     3 ] [L0 50c 48] [L1 52 56]
POC   54 LId:  0 TId: 4 ( RASL, B-SLICE, QP 35 )       2536 bits [Y 35.1044 dB    U 42.6794 dB    V 43.7789 dB] [ET     7 ] [L0 52c 48] [L1 56 64]
POC   53 LId:  0 TId: 5 ( RASL, B-SLICE, QP 37 )        440 bits [Y 35.2107 dB    U 42.6754 dB    V 43.8528 dB] [ET     3 ] [L0 52 48] [L1 54c 56]
POC   55 LId:  0 TId: 5 ( RASL, B-SLICE, QP 37 )        320 bits [Y 35.5589 dB    U 42.7617 dB    V 43.7863 dB] [ET     3 ] [L0 54c 52] [L1 56 64]
POC   60 LId:  0 TId: 3 ( RASL, B-SLICE, QP 34 )       4968 bits [Y 35.4301 dB    U 42.5556 dB    V 43.6547 dB] [ET     9 ] [L0 56c 48] [L1 64 56]
POC   58 LId:  0 TId: 4 ( RASL, B-SLICE, QP 35 )       2296 bits [Y 35.2260 dB    U 42.5986 dB    V 43.7401 dB] [ET     7 ] [L0 56 48] [L1 60c 64]
POC   57 LId:  0 TId: 5 ( RASL, B-SLICE, QP 37 )        424 bits [Y 35.5903 dB    U 42.6288 dB    V 43.7330 dB] [ET     3 ] [L0 56 48] [L1 58c 60]
POC   59 LId:  0 TId: 5 ( RASL, B-SLICE, QP 37 )        416 bits [Y 34.9809 dB    U 42.5757 dB    V 43.6733 dB] [ET     3 ] [L0 58c 56] [L1 60 64]
POC   62 LId:  0 TId: 4 ( RASL, B-SLICE, QP 35 )       2176 bits [Y 35.1705 dB    U 42.5615 dB    V 43.5859 dB] [ET     5 ] [L0 60c 48] [L1 64 60]
POC   61 LId:  0 TId: 5 ( RASL, B-SLICE, QP 37 )        504 bits [Y 35.1707 dB    U 42.5338 dB    V 43.6750 dB] [ET     3 ] [L0 60 48] [L1 62c 64]
POC   63 LId:  0 TId: 5 ( RASL, B-SLICE, QP 37 )        336 bits [Y 36.0917 dB    U 42.5116 dB    V 43.5759 dB] [ET     3 ] [L0 62c 60] [L1 64 62]

LayerId  0
	Total Frames |   Bitrate     Y-PSNR    U-PSNR    V-PSNR    YUV-PSNR   
	       65    a     529.9791   35.6302   42.4905   43.5444   36.9418

 finished @ Tue Jan 14 00:21:34 2025
 Total Time:      459.957 sec. [user]      459.957 sec. [elapsed]
