
VVCSoftware: VTM Encoder Version 10.0 [Windows][VS 1916][64 bit] [SIMD=AVX2] 

TOOL CFG: IBD:1 HAD:1 RDQ:1 RDQTS:1 RDpenalty:0 LQP:0 SQP:0 ASR:1 MinSearchWindow:96 RestrictMESampling:0 FEN:1 ECU:0 FDM:1 CFM:0 ESD:0 TransformSkip:1 TransformSkipFast:1 TransformSkipLog2MaxSize:5 ChromaTS:1 BDPCM:0 Tiles: 1x1 Slices: 1 MCTS:0 SAO:1 ALF:1 CCALF:1 WPP:0 WPB:0 PME:2  WaveFrontSynchro:0 WaveFrontSubstreams:1 ScalingList:0 TMVPMode:1  DQ:1  SignBitHidingFlag:0 RecalQP:0 
TOOL CFG: LFNST:1 MMVD:1 Affine:1 AffineType:1 PROF:1 SbTMVP:1 DualITree:1 IMV:1 BIO:1 LMChroma:1 HorCollocatedChroma:1 VerCollocatedChroma:0 MTS: 1(intra) 0(inter) SBT:1 ISP:1 SMVD:1 CompositeLTReference:0 Bcw:1 BcwFast:1 LADF:0 CIIP:1 Geo:1 AllowDisFracMMVD:1 AffineAmvr:1 AffineAmvrEncOpt:1 DMVR:1 MmvdDisNum:6 JointCbCr:1 ACT:0 PLT:0 IBC:0 HashME:0 WrapAround:0 VirtualBoundariesEnabledFlag:0 VirtualBoundariesPresentInSPSFlag:1 vertical virtual boundaries:[ ] horizontal virtual boundaries:[ ] Reshape:1 (Signal:SDR Opt:0 CSoffset:6) MRL:1 MIP:1 EncDbOpt:0 
FAST TOOL CFG: LCTUFast:1 FastMrg:1 PBIntraFast:1 IMV4PelFast:1 MTSMaxCand: 4(intra) 4(inter) ISPFast:0 FastLFNST:0 AMaxBT:1 E0023FastEnc:1 ContentBasedFastQtbt:0 UseNonLinearAlfLuma:1 UseNonLinearAlfChroma:1 MaxNumAlfAlternativesChroma:8 FastMIP:0 FastLocalDualTree:1 NumSplitThreads:1 NumWppThreads:1+0 EnsureWppBitEqual:0 RPR:0 TemporalFilter:0 


 started @ Mon Jan 13 23:20:33 2025
POC    0 LId:  0 TId: 0 ( IDR_N_LP, I-SLICE, QP 25 )     154552 bits [Y 39.3549 dB    U 42.9135 dB    V 43.8187 dB] [ET    23 ] [L0] [L1]
POC   32 LId:  0 TId: 0 ( CRA, I-SLICE, QP 25 )     158568 bits [Y 39.3071 dB    U 42.6597 dB    V 43.7361 dB] [ET    22 ] [L0] [L1]
POC   16 LId:  0 TId: 1 ( RASL, B-SLICE, QP 29 )      24376 bits [Y 37.1978 dB    U 43.0344 dB    V 43.8840 dB] [ET    21 ] [L0 0 32] [L1 32c 0]
POC    8 LId:  0 TId: 2 ( RASL, B-SLICE, QP 30 )      15480 bits [Y 36.7729 dB    U 42.8561 dB    V 43.7631 dB] [ET    18 ] [L0 0 16] [L1 16c 32]
POC    4 LId:  0 TId: 3 ( RASL, B-SLICE, QP 34 )       5112 bits [Y 35.4909 dB    U 42.8933 dB    V 43.8732 dB] [ET     8 ] [L0 0 8] [L1 8c 16]
POC    2 LId:  0 TId: 4 ( RASL, B-SLICE, QP 35 )       1544 bits [Y 35.8183 dB    U 42.8375 dB    V 43.8365 dB] [ET     4 ] [L0 0 4] [L1 4c 8]
POC    1 LId:  0 TId: 5 ( RASL, B-SLICE, QP 37 )        328 bits [Y 36.6806 dB    U 42.8202 dB    V 43.8755 dB] [ET     2 ] [L0 0 2] [L1 2c 4]
POC    3 LId:  0 TId: 5 ( RASL, B-SLICE, QP 37 )        440 bits [Y 35.5197 dB    U 42.9021 dB    V 43.8326 dB] [ET     2 ] [L0 2c 0] [L1 4 8]
POC    6 LId:  0 TId: 4 ( RASL, B-SLICE, QP 35 )       1984 bits [Y 35.5335 dB    U 42.9098 dB    V 43.8554 dB] [ET     4 ] [L0 4c 0] [L1 8 16]
POC    5 LId:  0 TId: 5 ( RASL, B-SLICE, QP 37 )        280 bits [Y 35.4223 dB    U 42.8969 dB    V 43.7929 dB] [ET     3 ] [L0 4 0] [L1 6c 8]
POC    7 LId:  0 TId: 5 ( RASL, B-SLICE, QP 37 )        272 bits [Y 35.8881 dB    U 42.8464 dB    V 43.8088 dB] [ET     2 ] [L0 6c 4] [L1 8 16]
POC   12 LId:  0 TId: 3 ( RASL, B-SLICE, QP 34 )       5488 bits [Y 35.5050 dB    U 42.9503 dB    V 43.9029 dB] [ET    10 ] [L0 8c 0] [L1 16 32]
POC   10 LId:  0 TId: 4 ( RASL, B-SLICE, QP 35 )       1752 bits [Y 35.6344 dB    U 42.9166 dB    V 43.9037 dB] [ET     5 ] [L0 8 0] [L1 12c 16]
POC    9 LId:  0 TId: 5 ( RASL, B-SLICE, QP 37 )        336 bits [Y 35.9866 dB    U 42.8502 dB    V 43.8711 dB] [ET     2 ] [L0 8 0] [L1 10c 12]
POC   11 LId:  0 TId: 5 ( RASL, B-SLICE, QP 37 )        304 bits [Y 35.4104 dB    U 42.9172 dB    V 43.9765 dB] [ET     3 ] [L0 10c 8] [L1 12 16]
POC   14 LId:  0 TId: 4 ( RASL, B-SLICE, QP 35 )       1656 bits [Y 35.6000 dB    U 42.9920 dB    V 43.9502 dB] [ET     4 ] [L0 12c 8] [L1 16 32]
POC   13 LId:  0 TId: 5 ( RASL, B-SLICE, QP 37 )        344 bits [Y 35.3621 dB    U 42.9793 dB    V 43.9942 dB] [ET     3 ] [L0 12 8] [L1 14c 16]
POC   15 LId:  0 TId: 5 ( RASL, B-SLICE, QP 37 )        448 bits [Y 36.0924 dB    U 42.9758 dB    V 43.9154 dB] [ET     3 ] [L0 14c 12] [L1 16 32]
POC   24 LId:  0 TId: 2 ( RASL, B-SLICE, QP 30 )      14904 bits [Y 36.7387 dB    U 42.6883 dB    V 43.7910 dB] [ET    13 ] [L0 16c 0] [L1 32 16]
POC   20 LId:  0 TId: 3 ( RASL, B-SLICE, QP 34 )       5200 bits [Y 35.4055 dB    U 42.8404 dB    V 43.8731 dB] [ET    10 ] [L0 16 0] [L1 24c 32]
POC   18 LId:  0 TId: 4 ( RASL, B-SLICE, QP 35 )       1704 bits [Y 35.7301 dB    U 42.9791 dB    V 43.9388 dB] [ET     7 ] [L0 16 0] [L1 20c 24]
POC   17 LId:  0 TId: 5 ( RASL, B-SLICE, QP 37 )        384 bits [Y 36.3080 dB    U 43.0100 dB    V 43.9308 dB] [ET     8 ] [L0 16 0] [L1 18c 20]
POC   19 LId:  0 TId: 5 ( RASL, B-SLICE, QP 37 )        376 bits [Y 35.4166 dB    U 42.8718 dB    V 43.9114 dB] [ET    14 ] [L0 18c 16] [L1 20 24]
POC   22 LId:  0 TId: 4 ( RASL, B-SLICE, QP 35 )       2200 bits [Y 35.5146 dB    U 42.8477 dB    V 43.9077 dB] [ET    22 ] [L0 20c 16] [L1 24 32]
POC   21 LId:  0 TId: 5 ( RASL, B-SLICE, QP 37 )        456 bits [Y 35.3996 dB    U 42.8711 dB    V 43.9719 dB] [ET    13 ] [L0 20 16] [L1 22c 24]
POC   23 LId:  0 TId: 5 ( RASL, B-SLICE, QP 37 )        440 bits [Y 36.0031 dB    U 42.7820 dB    V 43.9021 dB] [ET    10 ] [L0 22c 20] [L1 24 32]
POC   28 LId:  0 TId: 3 ( RASL, B-SLICE, QP 34 )       4640 bits [Y 35.5297 dB    U 42.6979 dB    V 43.7725 dB] [ET    28 ] [L0 24c 16] [L1 32 24]
POC   26 LId:  0 TId: 4 ( RASL, B-SLICE, QP 35 )       1664 bits [Y 35.6057 dB    U 42.6943 dB    V 43.7902 dB] [ET    18 ] [L0 24 16] [L1 28c 32]
POC   25 LId:  0 TId: 5 ( RASL, B-SLICE, QP 37 )        408 bits [Y 36.0312 dB    U 42.7530 dB    V 43.8307 dB] [ET    10 ] [L0 24 16] [L1 26c 28]
POC   27 LId:  0 TId: 5 ( RASL, B-SLICE, QP 37 )        328 bits [Y 35.3922 dB    U 42.7019 dB    V 43.8227 dB] [ET    10 ] [L0 26c 24] [L1 28 32]
POC   30 LId:  0 TId: 4 ( RASL, B-SLICE, QP 35 )       1488 bits [Y 35.5106 dB    U 42.6905 dB    V 43.7723 dB] [ET    16 ] [L0 28c 16] [L1 32 28]
POC   29 LId:  0 TId: 5 ( RASL, B-SLICE, QP 37 )        432 bits [Y 35.2865 dB    U 42.6823 dB    V 43.8353 dB] [ET    10 ] [L0 28 16] [L1 30c 32]
POC   31 LId:  0 TId: 5 ( RASL, B-SLICE, QP 37 )        360 bits [Y 36.6825 dB    U 42.6040 dB    V 43.7578 dB] [ET    11 ] [L0 30c 28] [L1 32 30]
POC   64 LId:  0 TId: 0 ( CRA, I-SLICE, QP 25 )     161888 bits [Y 39.3440 dB    U 42.5491 dB    V 43.5728 dB] [ET    72 ] [L0] [L1]
POC   48 LId:  0 TId: 1 ( RASL, B-SLICE, QP 29 )      27408 bits [Y 36.9783 dB    U 42.6723 dB    V 43.9259 dB] [ET    82 ] [L0 32 64] [L1 64c 32]
POC   40 LId:  0 TId: 2 ( RASL, B-SLICE, QP 30 )      15296 bits [Y 36.5848 dB    U 42.6688 dB    V 43.8069 dB] [ET    64 ] [L0 32 48] [L1 48c 64]
POC   36 LId:  0 TId: 3 ( RASL, B-SLICE, QP 34 )       4640 bits [Y 35.4815 dB    U 42.6254 dB    V 43.6548 dB] [ET    34 ] [L0 32 40] [L1 40c 48]
POC   34 LId:  0 TId: 4 ( RASL, B-SLICE, QP 35 )       1896 bits [Y 35.3267 dB    U 42.5623 dB    V 43.6674 dB] [ET    15 ] [L0 32 36] [L1 36c 40]
POC   33 LId:  0 TId: 5 ( RASL, B-SLICE, QP 37 )        448 bits [Y 36.4886 dB    U 42.6030 dB    V 43.6978 dB] [ET    10 ] [L0 32 34] [L1 34c 36]
POC   35 LId:  0 TId: 5 ( RASL, B-SLICE, QP 37 )        552 bits [Y 35.2261 dB    U 42.6125 dB    V 43.6247 dB] [ET    10 ] [L0 34c 32] [L1 36 40]
POC   38 LId:  0 TId: 4 ( RASL, B-SLICE, QP 35 )       1744 bits [Y 35.1102 dB    U 42.6143 dB    V 43.6627 dB] [ET    16 ] [L0 36c 32] [L1 40 48]
POC   37 LId:  0 TId: 5 ( RASL, B-SLICE, QP 37 )        440 bits [Y 35.2042 dB    U 42.5961 dB    V 43.6293 dB] [ET     9 ] [L0 36 32] [L1 38c 40]
POC   39 LId:  0 TId: 5 ( RASL, B-SLICE, QP 37 )        472 bits [Y 35.5456 dB    U 42.6880 dB    V 43.7933 dB] [ET    10 ] [L0 38c 36] [L1 40 48]
POC   44 LId:  0 TId: 3 ( RASL, B-SLICE, QP 34 )       4568 bits [Y 35.3729 dB    U 42.7861 dB    V 43.9767 dB] [ET    29 ] [L0 40c 32] [L1 48 64]
POC   42 LId:  0 TId: 4 ( RASL, B-SLICE, QP 35 )       2208 bits [Y 35.1021 dB    U 42.7147 dB    V 43.8917 dB] [ET    21 ] [L0 40 32] [L1 44c 48]
POC   41 LId:  0 TId: 5 ( RASL, B-SLICE, QP 37 )        360 bits [Y 35.7845 dB    U 42.6754 dB    V 43.8817 dB] [ET    10 ] [L0 40 32] [L1 42c 44]
POC   43 LId:  0 TId: 5 ( RASL, B-SLICE, QP 37 )        320 bits [Y 35.0575 dB    U 42.7461 dB    V 43.8765 dB] [ET    10 ] [L0 42c 40] [L1 44 48]
POC   46 LId:  0 TId: 4 ( RASL, B-SLICE, QP 35 )       2104 bits [Y 35.1020 dB    U 42.7239 dB    V 43.9150 dB] [ET    23 ] [L0 44c 40] [L1 48 64]
POC   45 LId:  0 TId: 5 ( RASL, B-SLICE, QP 37 )        392 bits [Y 35.2268 dB    U 42.7340 dB    V 43.9410 dB] [ET     9 ] [L0 44 40] [L1 46c 48]
POC   47 LId:  0 TId: 5 ( RASL, B-SLICE, QP 37 )        256 bits [Y 35.6372 dB    U 42.7019 dB    V 43.9652 dB] [ET    10 ] [L0 46c 44] [L1 48 64]
POC   56 LId:  0 TId: 2 ( RASL, B-SLICE, QP 30 )      17120 bits [Y 36.5961 dB    U 42.7149 dB    V 43.7535 dB] [ET    49 ] [L0 48c 32] [L1 64 48]
POC   52 LId:  0 TId: 3 ( RASL, B-SLICE, QP 34 )       4552 bits [Y 35.4712 dB    U 42.6217 dB    V 43.9164 dB] [ET    31 ] [L0 48 32] [L1 56c 64]
POC   50 LId:  0 TId: 4 ( RASL, B-SLICE, QP 35 )       1816 bits [Y 35.1405 dB    U 42.6818 dB    V 43.9373 dB] [ET    17 ] [L0 48 32] [L1 52c 56]
POC   49 LId:  0 TId: 5 ( RASL, B-SLICE, QP 37 )        280 bits [Y 35.6664 dB    U 42.7152 dB    V 44.0138 dB] [ET     9 ] [L0 48 32] [L1 50c 52]
POC   51 LId:  0 TId: 5 ( RASL, B-SLICE, QP 37 )        416 bits [Y 34.9379 dB    U 42.7056 dB    V 43.9276 dB] [ET    11 ] [L0 50c 48] [L1 52 56]
POC   54 LId:  0 TId: 4 ( RASL, B-SLICE, QP 35 )       2488 bits [Y 35.1183 dB    U 42.6510 dB    V 43.7975 dB] [ET    24 ] [L0 52c 48] [L1 56 64]
POC   53 LId:  0 TId: 5 ( RASL, B-SLICE, QP 37 )        424 bits [Y 35.1967 dB    U 42.6855 dB    V 43.8485 dB] [ET    10 ] [L0 52 48] [L1 54c 56]
POC   55 LId:  0 TId: 5 ( RASL, B-SLICE, QP 37 )        352 bits [Y 35.6316 dB    U 42.7703 dB    V 43.7848 dB] [ET    10 ] [L0 54c 52] [L1 56 64]
POC   60 LId:  0 TId: 3 ( RASL, B-SLICE, QP 34 )       4776 bits [Y 35.5474 dB    U 42.5679 dB    V 43.6176 dB] [ET    33 ] [L0 56c 48] [L1 64 56]
POC   58 LId:  0 TId: 4 ( RASL, B-SLICE, QP 35 )       2264 bits [Y 35.2923 dB    U 42.5834 dB    V 43.7045 dB] [ET    19 ] [L0 56 48] [L1 60c 64]
POC   57 LId:  0 TId: 5 ( RASL, B-SLICE, QP 37 )        456 bits [Y 35.6709 dB    U 42.6374 dB    V 43.6699 dB] [ET    10 ] [L0 56 48] [L1 58c 60]
POC   59 LId:  0 TId: 5 ( RASL, B-SLICE, QP 37 )        352 bits [Y 35.0771 dB    U 42.5701 dB    V 43.6474 dB] [ET     9 ] [L0 58c 56] [L1 60 64]
POC   62 LId:  0 TId: 4 ( RASL, B-SLICE, QP 35 )       2160 bits [Y 35.1304 dB    U 42.5627 dB    V 43.5637 dB] [ET    18 ] [L0 60c 48] [L1 64 60]
POC   61 LId:  0 TId: 5 ( RASL, B-SLICE, QP 37 )        392 bits [Y 35.1239 dB    U 42.5487 dB    V 43.6320 dB] [ET    10 ] [L0 60 48] [L1 62c 64]
POC   63 LId:  0 TId: 5 ( RASL, B-SLICE, QP 37 )        344 bits [Y 36.1132 dB    U 42.5264 dB    V 43.5603 dB] [ET    10 ] [L0 62c 60] [L1 64 62]

LayerId  0
	Total Frames |   Bitrate     Y-PSNR    U-PSNR    V-PSNR    YUV-PSNR   
	       65    a     619.7834   35.8372   42.7490   43.8194   37.1439

 finished @ Mon Jan 13 23:38:30 2025
 Total Time:     1076.461 sec. [user]     1076.461 sec. [elapsed]
