
VVCSoftware: VTM Encoder Version 10.0 [Windows][VS 1916][64 bit] [SIMD=AVX2] 

TOOL CFG: IBD:1 HAD:1 RDQ:1 RDQTS:1 RDpenalty:0 LQP:0 SQP:0 ASR:1 MinSearchWindow:96 RestrictMESampling:0 FEN:1 ECU:0 FDM:1 CFM:0 ESD:0 TransformSkip:1 TransformSkipFast:1 TransformSkipLog2MaxSize:5 ChromaTS:1 BDPCM:0 Tiles: 1x1 Slices: 1 MCTS:0 SAO:1 ALF:1 CCALF:1 WPP:0 WPB:0 PME:2  WaveFrontSynchro:0 WaveFrontSubstreams:1 ScalingList:0 TMVPMode:1  DQ:1  SignBitHidingFlag:0 RecalQP:0 
TOOL CFG: LFNST:1 MMVD:1 Affine:1 AffineType:1 PROF:1 SbTMVP:1 DualITree:1 IMV:1 BIO:1 LMChroma:1 HorCollocatedChroma:1 VerCollocatedChroma:0 MTS: 1(intra) 0(inter) SBT:1 ISP:1 SMVD:1 CompositeLTReference:0 Bcw:1 BcwFast:1 LADF:0 CIIP:1 Geo:1 AllowDisFracMMVD:1 AffineAmvr:1 AffineAmvrEncOpt:1 DMVR:1 MmvdDisNum:6 JointCbCr:1 ACT:0 PLT:0 IBC:0 HashME:0 WrapAround:0 VirtualBoundariesEnabledFlag:0 VirtualBoundariesPresentInSPSFlag:1 vertical virtual boundaries:[ ] horizontal virtual boundaries:[ ] Reshape:1 (Signal:SDR Opt:0 CSoffset:6) MRL:1 MIP:1 EncDbOpt:0 
FAST TOOL CFG: LCTUFast:1 FastMrg:1 PBIntraFast:1 IMV4PelFast:1 MTSMaxCand: 4(intra) 4(inter) ISPFast:0 FastLFNST:0 AMaxBT:1 E0023FastEnc:1 ContentBasedFastQtbt:0 UseNonLinearAlfLuma:1 UseNonLinearAlfChroma:1 MaxNumAlfAlternativesChroma:8 FastMIP:0 FastLocalDualTree:1 NumSplitThreads:1 NumWppThreads:1+0 EnsureWppBitEqual:0 RPR:0 TemporalFilter:0 


 started @ Tue Jan 14 00:33:12 2025
POC    0 LId:  0 TId: 0 ( IDR_N_LP, I-SLICE, QP 23 )     180848 bits [Y 41.1517 dB    U 43.8436 dB    V 44.5289 dB] [ET    23 ] [L0] [L1]
POC   32 LId:  0 TId: 0 ( TRAIL, B-SLICE, QP 25 )      74720 bits [Y 39.4309 dB    U 43.2126 dB    V 44.1413 dB] [ET    30 ] [L0 0] [L1 0c]
POC   16 LId:  0 TId: 1 ( STSA, B-SLICE, QP 27 )      34328 bits [Y 38.2294 dB    U 43.2471 dB    V 43.9842 dB] [ET    29 ] [L0 0 32] [L1 32c 0]
POC    8 LId:  0 TId: 2 ( STSA, B-SLICE, QP 28 )      22296 bits [Y 37.8437 dB    U 43.3383 dB    V 44.1791 dB] [ET    23 ] [L0 0 16] [L1 16c 32]
POC    4 LId:  0 TId: 3 ( STSA, B-SLICE, QP 31 )      10096 bits [Y 36.7026 dB    U 43.4520 dB    V 44.2735 dB] [ET    13 ] [L0 0 8] [L1 8c 16]
POC    2 LId:  0 TId: 4 ( STSA, B-SLICE, QP 33 )       2168 bits [Y 36.7312 dB    U 43.5322 dB    V 44.3322 dB] [ET     6 ] [L0 0 4] [L1 4c 8]
POC    1 LId:  0 TId: 5 ( STSA, B-SLICE, QP 34 )        608 bits [Y 37.6495 dB    U 43.5571 dB    V 44.4277 dB] [ET     3 ] [L0 0 2] [L1 2c 4]
POC    3 LId:  0 TId: 5 ( STSA, B-SLICE, QP 34 )        520 bits [Y 36.5835 dB    U 43.5066 dB    V 44.2772 dB] [ET     3 ] [L0 2c 0] [L1 4 8]
POC    6 LId:  0 TId: 4 ( STSA, B-SLICE, QP 33 )       2504 bits [Y 36.3660 dB    U 43.4289 dB    V 44.1783 dB] [ET     6 ] [L0 4c 0] [L1 8 16]
POC    5 LId:  0 TId: 5 ( STSA, B-SLICE, QP 34 )        560 bits [Y 36.4798 dB    U 43.3924 dB    V 44.1496 dB] [ET     3 ] [L0 4 0] [L1 6c 8]
POC    7 LId:  0 TId: 5 ( STSA, B-SLICE, QP 34 )        592 bits [Y 36.8362 dB    U 43.3368 dB    V 44.1437 dB] [ET     3 ] [L0 6c 4] [L1 8 16]
POC   12 LId:  0 TId: 3 ( STSA, B-SLICE, QP 31 )      10152 bits [Y 36.6271 dB    U 43.2664 dB    V 43.9644 dB] [ET    18 ] [L0 8c 0] [L1 16 32]
POC   10 LId:  0 TId: 4 ( STSA, B-SLICE, QP 33 )       2456 bits [Y 36.5440 dB    U 43.3214 dB    V 44.0578 dB] [ET     6 ] [L0 8 0] [L1 12c 16]
POC    9 LId:  0 TId: 5 ( STSA, B-SLICE, QP 34 )        608 bits [Y 36.8868 dB    U 43.3696 dB    V 44.1207 dB] [ET     3 ] [L0 8 0] [L1 10c 12]
POC   11 LId:  0 TId: 5 ( STSA, B-SLICE, QP 34 )        736 bits [Y 36.4553 dB    U 43.3143 dB    V 44.0454 dB] [ET     3 ] [L0 10c 8] [L1 12 16]
POC   14 LId:  0 TId: 4 ( STSA, B-SLICE, QP 33 )       3112 bits [Y 36.3110 dB    U 43.2352 dB    V 43.9719 dB] [ET     7 ] [L0 12c 8] [L1 16 32]
POC   13 LId:  0 TId: 5 ( STSA, B-SLICE, QP 34 )        696 bits [Y 36.4531 dB    U 43.2815 dB    V 44.0016 dB] [ET     3 ] [L0 12 8] [L1 14c 16]
POC   15 LId:  0 TId: 5 ( STSA, B-SLICE, QP 34 )        680 bits [Y 36.8773 dB    U 43.2166 dB    V 43.9801 dB] [ET     4 ] [L0 14c 12] [L1 16 32]
POC   24 LId:  0 TId: 2 ( STSA, B-SLICE, QP 28 )      21672 bits [Y 37.6638 dB    U 43.1523 dB    V 44.0164 dB] [ET    19 ] [L0 16c 0] [L1 32 16]
POC   20 LId:  0 TId: 3 ( STSA, B-SLICE, QP 31 )      10472 bits [Y 36.5386 dB    U 43.1349 dB    V 43.9210 dB] [ET    16 ] [L0 16 0] [L1 24c 32]
POC   18 LId:  0 TId: 4 ( STSA, B-SLICE, QP 33 )       2680 bits [Y 36.5499 dB    U 43.2317 dB    V 43.9839 dB] [ET     6 ] [L0 16 0] [L1 20c 24]
POC   17 LId:  0 TId: 5 ( STSA, B-SLICE, QP 34 )        656 bits [Y 37.1440 dB    U 43.1995 dB    V 43.9979 dB] [ET     3 ] [L0 16 0] [L1 18c 20]
POC   19 LId:  0 TId: 5 ( STSA, B-SLICE, QP 34 )        712 bits [Y 36.3267 dB    U 43.1179 dB    V 43.8953 dB] [ET     3 ] [L0 18c 16] [L1 20 24]
POC   22 LId:  0 TId: 4 ( STSA, B-SLICE, QP 33 )       3104 bits [Y 36.4213 dB    U 43.1492 dB    V 43.9442 dB] [ET     7 ] [L0 20c 16] [L1 24 32]
POC   21 LId:  0 TId: 5 ( STSA, B-SLICE, QP 34 )        736 bits [Y 36.4342 dB    U 43.1620 dB    V 43.9814 dB] [ET     4 ] [L0 20 16] [L1 22c 24]
POC   23 LId:  0 TId: 5 ( STSA, B-SLICE, QP 34 )        632 bits [Y 36.8199 dB    U 43.1519 dB    V 43.9943 dB] [ET     4 ] [L0 22c 20] [L1 24 32]
POC   28 LId:  0 TId: 3 ( STSA, B-SLICE, QP 31 )       9176 bits [Y 36.6382 dB    U 43.1347 dB    V 43.9532 dB] [ET    13 ] [L0 24c 16] [L1 32 24]
POC   26 LId:  0 TId: 4 ( STSA, B-SLICE, QP 33 )       2632 bits [Y 36.3678 dB    U 43.1163 dB    V 43.9081 dB] [ET     6 ] [L0 24 16] [L1 28c 32]
POC   25 LId:  0 TId: 5 ( STSA, B-SLICE, QP 34 )        608 bits [Y 36.8421 dB    U 43.1688 dB    V 43.9990 dB] [ET     3 ] [L0 24 16] [L1 26c 28]
POC   27 LId:  0 TId: 5 ( STSA, B-SLICE, QP 34 )        528 bits [Y 36.2156 dB    U 43.1450 dB    V 43.9322 dB] [ET     3 ] [L0 26c 24] [L1 28 32]
POC   30 LId:  0 TId: 4 ( STSA, B-SLICE, QP 33 )       2160 bits [Y 36.2180 dB    U 43.1883 dB    V 44.0297 dB] [ET     5 ] [L0 28c 16] [L1 32 28]
POC   29 LId:  0 TId: 5 ( STSA, B-SLICE, QP 34 )        816 bits [Y 36.1519 dB    U 43.1161 dB    V 43.9895 dB] [ET     3 ] [L0 28 16] [L1 30c 32]
POC   31 LId:  0 TId: 5 ( STSA, B-SLICE, QP 34 )        616 bits [Y 37.2076 dB    U 43.2499 dB    V 44.1123 dB] [ET     3 ] [L0 30c 28] [L1 32 30]
POC   64 LId:  0 TId: 0 ( CRA, I-SLICE, QP 23 )     189264 bits [Y 41.0959 dB    U 43.4855 dB    V 44.5588 dB] [ET    23 ] [L0] [L1]
POC   48 LId:  0 TId: 1 ( RASL, B-SLICE, QP 27 )      38424 bits [Y 38.4376 dB    U 43.4178 dB    V 44.6001 dB] [ET    24 ] [L0 32c 16] [L1 64 32]
POC   40 LId:  0 TId: 2 ( RASL, B-SLICE, QP 28 )      22176 bits [Y 37.8457 dB    U 43.4097 dB    V 44.5502 dB] [ET    18 ] [L0 32 16] [L1 48c 64]
POC   36 LId:  0 TId: 3 ( RASL, B-SLICE, QP 31 )       8856 bits [Y 36.7349 dB    U 43.3925 dB    V 44.3008 dB] [ET    14 ] [L0 32 16] [L1 40c 48]
POC   34 LId:  0 TId: 4 ( RASL, B-SLICE, QP 33 )       3112 bits [Y 36.2422 dB    U 43.3834 dB    V 44.3415 dB] [ET     7 ] [L0 32 16] [L1 36c 40]
POC   33 LId:  0 TId: 5 ( RASL, B-SLICE, QP 34 )        792 bits [Y 37.1495 dB    U 43.2992 dB    V 44.2320 dB] [ET     3 ] [L0 32 34] [L1 34c 36]
POC   35 LId:  0 TId: 5 ( RASL, B-SLICE, QP 34 )        664 bits [Y 36.3072 dB    U 43.4281 dB    V 44.3038 dB] [ET     3 ] [L0 34c 32] [L1 36 40]
POC   38 LId:  0 TId: 4 ( RASL, B-SLICE, QP 33 )       2864 bits [Y 36.1527 dB    U 43.4409 dB    V 44.4213 dB] [ET     7 ] [L0 36c 32] [L1 40 48]
POC   37 LId:  0 TId: 5 ( RASL, B-SLICE, QP 34 )        728 bits [Y 36.2737 dB    U 43.3876 dB    V 44.4120 dB] [ET     3 ] [L0 36 32] [L1 38c 40]
POC   39 LId:  0 TId: 5 ( RASL, B-SLICE, QP 34 )        680 bits [Y 36.5980 dB    U 43.4096 dB    V 44.5157 dB] [ET     3 ] [L0 38c 36] [L1 40 48]
POC   44 LId:  0 TId: 3 ( RASL, B-SLICE, QP 31 )       9168 bits [Y 36.7776 dB    U 43.5062 dB    V 44.7216 dB] [ET    13 ] [L0 40c 32] [L1 48 64]
POC   42 LId:  0 TId: 4 ( RASL, B-SLICE, QP 33 )       3320 bits [Y 36.0332 dB    U 43.4739 dB    V 44.6894 dB] [ET     8 ] [L0 40 32] [L1 44c 48]
POC   41 LId:  0 TId: 5 ( RASL, B-SLICE, QP 34 )        520 bits [Y 36.7174 dB    U 43.4553 dB    V 44.6637 dB] [ET     3 ] [L0 40 32] [L1 42c 44]
POC   43 LId:  0 TId: 5 ( RASL, B-SLICE, QP 34 )        728 bits [Y 36.1554 dB    U 43.4719 dB    V 44.6663 dB] [ET     3 ] [L0 42c 40] [L1 44 48]
POC   46 LId:  0 TId: 4 ( RASL, B-SLICE, QP 33 )       3480 bits [Y 36.1864 dB    U 43.5100 dB    V 44.6577 dB] [ET     7 ] [L0 44c 40] [L1 48 64]
POC   45 LId:  0 TId: 5 ( RASL, B-SLICE, QP 34 )        544 bits [Y 36.3521 dB    U 43.5108 dB    V 44.7181 dB] [ET     3 ] [L0 44 40] [L1 46c 48]
POC   47 LId:  0 TId: 5 ( RASL, B-SLICE, QP 34 )        504 bits [Y 36.7374 dB    U 43.5099 dB    V 44.7249 dB] [ET     4 ] [L0 46c 44] [L1 48 64]
POC   56 LId:  0 TId: 2 ( RASL, B-SLICE, QP 28 )      24592 bits [Y 37.9167 dB    U 43.5113 dB    V 44.6604 dB] [ET    20 ] [L0 48c 32] [L1 64 48]
POC   52 LId:  0 TId: 3 ( RASL, B-SLICE, QP 31 )       8472 bits [Y 36.8180 dB    U 43.4249 dB    V 44.6545 dB] [ET    14 ] [L0 48 32] [L1 56c 64]
POC   50 LId:  0 TId: 4 ( RASL, B-SLICE, QP 33 )       2864 bits [Y 36.1426 dB    U 43.3904 dB    V 44.6843 dB] [ET     7 ] [L0 48 32] [L1 52c 56]
POC   49 LId:  0 TId: 5 ( RASL, B-SLICE, QP 34 )        472 bits [Y 36.6164 dB    U 43.4955 dB    V 44.7281 dB] [ET     3 ] [L0 48 32] [L1 50c 52]
POC   51 LId:  0 TId: 5 ( RASL, B-SLICE, QP 34 )        576 bits [Y 36.1797 dB    U 43.4861 dB    V 44.6987 dB] [ET     3 ] [L0 50c 48] [L1 52 56]
POC   54 LId:  0 TId: 4 ( RASL, B-SLICE, QP 33 )       3856 bits [Y 36.2194 dB    U 43.3981 dB    V 44.6069 dB] [ET    10 ] [L0 52c 48] [L1 56 64]
POC   53 LId:  0 TId: 5 ( RASL, B-SLICE, QP 34 )        552 bits [Y 36.2991 dB    U 43.4691 dB    V 44.6502 dB] [ET     3 ] [L0 52 48] [L1 54c 56]
POC   55 LId:  0 TId: 5 ( RASL, B-SLICE, QP 34 )        632 bits [Y 36.7168 dB    U 43.5590 dB    V 44.6687 dB] [ET     3 ] [L0 54c 52] [L1 56 64]
POC   60 LId:  0 TId: 3 ( RASL, B-SLICE, QP 31 )       9120 bits [Y 36.9212 dB    U 43.3265 dB    V 44.4846 dB] [ET    14 ] [L0 56c 48] [L1 64 56]
POC   58 LId:  0 TId: 4 ( RASL, B-SLICE, QP 33 )       3512 bits [Y 36.2547 dB    U 43.3446 dB    V 44.5072 dB] [ET     8 ] [L0 56 48] [L1 60c 64]
POC   57 LId:  0 TId: 5 ( RASL, B-SLICE, QP 34 )        720 bits [Y 36.6707 dB    U 43.4319 dB    V 44.6086 dB] [ET     3 ] [L0 56 48] [L1 58c 60]
POC   59 LId:  0 TId: 5 ( RASL, B-SLICE, QP 34 )        784 bits [Y 36.1921 dB    U 43.3392 dB    V 44.4569 dB] [ET     4 ] [L0 58c 56] [L1 60 64]
POC   62 LId:  0 TId: 4 ( RASL, B-SLICE, QP 33 )       3280 bits [Y 36.0538 dB    U 43.3893 dB    V 44.4729 dB] [ET     7 ] [L0 60c 48] [L1 64 60]
POC   61 LId:  0 TId: 5 ( RASL, B-SLICE, QP 34 )        760 bits [Y 36.2538 dB    U 43.3652 dB    V 44.5156 dB] [ET     4 ] [L0 60 48] [L1 62c 64]
POC   63 LId:  0 TId: 5 ( RASL, B-SLICE, QP 34 )        688 bits [Y 37.0104 dB    U 43.3113 dB    V 44.4784 dB] [ET     3 ] [L0 62c 60] [L1 64 62]

LayerId  0
	Total Frames |   Bitrate     Y-PSNR    U-PSNR    V-PSNR    YUV-PSNR   
	       65    a     693.7698   36.8579   43.3539   44.3134   38.1177

 finished @ Tue Jan 14 00:42:40 2025
 Total Time:      567.163 sec. [user]      567.163 sec. [elapsed]
