
VVCSoftware: VTM Encoder Version 10.0 [Windows][VS 1916][64 bit] [SIMD=AVX2] 

TOOL CFG: IBD:1 HAD:1 RDQ:1 RDQTS:1 RDpenalty:0 LQP:0 SQP:0 ASR:1 MinSearchWindow:96 RestrictMESampling:0 FEN:1 ECU:0 FDM:1 CFM:0 ESD:0 TransformSkip:1 TransformSkipFast:1 TransformSkipLog2MaxSize:5 ChromaTS:1 BDPCM:0 Tiles: 1x1 Slices: 1 MCTS:0 SAO:1 ALF:1 CCALF:1 WPP:0 WPB:0 PME:2  WaveFrontSynchro:0 WaveFrontSubstreams:1 ScalingList:0 TMVPMode:1  DQ:1  SignBitHidingFlag:0 RecalQP:0 
TOOL CFG: LFNST:1 MMVD:1 Affine:1 AffineType:1 PROF:1 SbTMVP:1 DualITree:1 IMV:1 BIO:1 LMChroma:1 HorCollocatedChroma:1 VerCollocatedChroma:0 MTS: 1(intra) 0(inter) SBT:1 ISP:1 SMVD:1 CompositeLTReference:0 Bcw:1 BcwFast:1 LADF:0 CIIP:1 Geo:1 AllowDisFracMMVD:1 AffineAmvr:1 AffineAmvrEncOpt:1 DMVR:1 MmvdDisNum:6 JointCbCr:1 ACT:0 PLT:0 IBC:0 HashME:0 WrapAround:0 VirtualBoundariesEnabledFlag:0 VirtualBoundariesPresentInSPSFlag:1 vertical virtual boundaries:[ ] horizontal virtual boundaries:[ ] Reshape:1 (Signal:SDR Opt:0 CSoffset:6) MRL:1 MIP:1 EncDbOpt:0 
FAST TOOL CFG: LCTUFast:1 FastMrg:1 PBIntraFast:1 IMV4PelFast:1 MTSMaxCand: 4(intra) 4(inter) ISPFast:0 FastLFNST:0 AMaxBT:1 E0023FastEnc:1 ContentBasedFastQtbt:0 UseNonLinearAlfLuma:1 UseNonLinearAlfChroma:1 MaxNumAlfAlternativesChroma:8 FastMIP:0 FastLocalDualTree:1 NumSplitThreads:1 NumWppThreads:1+0 EnsureWppBitEqual:0 RPR:0 TemporalFilter:0 


 started @ Mon Jan 13 22:46:44 2025
POC    0 LId:  0 TId: 0 ( IDR_N_LP, I-SLICE, QP 31 )      89816 bits [Y 34.5224 dB    U 40.4507 dB    V 40.5465 dB] [ET    17 ] [L0] [L1]
POC   32 LId:  0 TId: 0 ( CRA, I-SLICE, QP 31 )      92536 bits [Y 34.4416 dB    U 40.3721 dB    V 40.9001 dB] [ET    17 ] [L0] [L1]
POC   16 LId:  0 TId: 1 ( RASL, B-SLICE, QP 37 )       6968 bits [Y 32.6472 dB    U 40.5832 dB    V 40.9820 dB] [ET    13 ] [L0 0 32] [L1 32c 0]
POC    8 LId:  0 TId: 2 ( RASL, B-SLICE, QP 37 )       4960 bits [Y 32.7577 dB    U 40.6025 dB    V 41.1501 dB] [ET     9 ] [L0 0 16] [L1 16c 32]
POC    4 LId:  0 TId: 3 ( RASL, B-SLICE, QP 40 )       1800 bits [Y 32.2638 dB    U 40.5852 dB    V 40.9771 dB] [ET     5 ] [L0 0 8] [L1 8c 16]
POC    2 LId:  0 TId: 4 ( RASL, B-SLICE, QP 42 )        296 bits [Y 32.5878 dB    U 40.5076 dB    V 40.7855 dB] [ET     3 ] [L0 0 4] [L1 4c 8]
POC    1 LId:  0 TId: 5 ( RASL, B-SLICE, QP 43 )        216 bits [Y 33.3169 dB    U 40.4925 dB    V 40.6826 dB] [ET     1 ] [L0 0 2] [L1 2c 4]
POC    3 LId:  0 TId: 5 ( RASL, B-SLICE, QP 43 )        200 bits [Y 32.3434 dB    U 40.5301 dB    V 40.8641 dB] [ET     1 ] [L0 2c 0] [L1 4 8]
POC    6 LId:  0 TId: 4 ( RASL, B-SLICE, QP 42 )        632 bits [Y 32.2538 dB    U 40.6112 dB    V 41.1011 dB] [ET     3 ] [L0 4c 0] [L1 8 16]
POC    5 LId:  0 TId: 5 ( RASL, B-SLICE, QP 43 )        184 bits [Y 32.2319 dB    U 40.5748 dB    V 40.9931 dB] [ET     1 ] [L0 4 0] [L1 6c 8]
POC    7 LId:  0 TId: 5 ( RASL, B-SLICE, QP 43 )        176 bits [Y 32.4890 dB    U 40.5812 dB    V 41.1335 dB] [ET     1 ] [L0 6c 4] [L1 8 16]
POC   12 LId:  0 TId: 3 ( RASL, B-SLICE, QP 40 )       2136 bits [Y 32.1074 dB    U 40.6590 dB    V 41.1322 dB] [ET     5 ] [L0 8 0] [L1 16c 32]
POC   10 LId:  0 TId: 4 ( RASL, B-SLICE, QP 42 )        440 bits [Y 32.2363 dB    U 40.6167 dB    V 41.1679 dB] [ET     3 ] [L0 8 0] [L1 12c 16]
POC    9 LId:  0 TId: 5 ( RASL, B-SLICE, QP 43 )        192 bits [Y 32.4966 dB    U 40.5934 dB    V 41.1731 dB] [ET     1 ] [L0 8 0] [L1 10c 12]
POC   11 LId:  0 TId: 5 ( RASL, B-SLICE, QP 43 )        184 bits [Y 32.1599 dB    U 40.6255 dB    V 41.1713 dB] [ET     1 ] [L0 10c 8] [L1 12 16]
POC   14 LId:  0 TId: 4 ( RASL, B-SLICE, QP 42 )        480 bits [Y 31.9828 dB    U 40.6143 dB    V 41.0735 dB] [ET     3 ] [L0 12c 8] [L1 16 32]
POC   13 LId:  0 TId: 5 ( RASL, B-SLICE, QP 43 )        184 bits [Y 32.0413 dB    U 40.6355 dB    V 41.1432 dB] [ET     1 ] [L0 12 8] [L1 14c 16]
POC   15 LId:  0 TId: 5 ( RASL, B-SLICE, QP 43 )        208 bits [Y 32.2359 dB    U 40.5815 dB    V 41.0289 dB] [ET     1 ] [L0 14c 12] [L1 16 32]
POC   24 LId:  0 TId: 2 ( RASL, B-SLICE, QP 37 )       4640 bits [Y 32.7905 dB    U 40.4888 dB    V 41.0440 dB] [ET    10 ] [L0 16c 0] [L1 32 16]
POC   20 LId:  0 TId: 3 ( RASL, B-SLICE, QP 40 )       2032 bits [Y 32.0239 dB    U 40.6183 dB    V 41.0460 dB] [ET     5 ] [L0 16 0] [L1 24c 32]
POC   18 LId:  0 TId: 4 ( RASL, B-SLICE, QP 42 )        512 bits [Y 32.1378 dB    U 40.5865 dB    V 41.0321 dB] [ET     3 ] [L0 16 0] [L1 20c 24]
POC   17 LId:  0 TId: 5 ( RASL, B-SLICE, QP 43 )        160 bits [Y 32.4116 dB    U 40.5820 dB    V 41.0206 dB] [ET     1 ] [L0 16 0] [L1 18c 20]
POC   19 LId:  0 TId: 5 ( RASL, B-SLICE, QP 43 )        240 bits [Y 32.0429 dB    U 40.5570 dB    V 41.0347 dB] [ET     1 ] [L0 18c 16] [L1 20 24]
POC   22 LId:  0 TId: 4 ( RASL, B-SLICE, QP 42 )        552 bits [Y 31.9068 dB    U 40.5891 dB    V 41.0606 dB] [ET     3 ] [L0 20c 16] [L1 24 32]
POC   21 LId:  0 TId: 5 ( RASL, B-SLICE, QP 43 )        240 bits [Y 31.9472 dB    U 40.6033 dB    V 41.0673 dB] [ET     1 ] [L0 20 16] [L1 22c 24]
POC   23 LId:  0 TId: 5 ( RASL, B-SLICE, QP 43 )        240 bits [Y 32.3934 dB    U 40.5547 dB    V 41.0410 dB] [ET     1 ] [L0 22c 20] [L1 24 32]
POC   28 LId:  0 TId: 3 ( RASL, B-SLICE, QP 40 )       1328 bits [Y 32.3366 dB    U 40.5169 dB    V 41.0318 dB] [ET     4 ] [L0 24c 16] [L1 32 24]
POC   26 LId:  0 TId: 4 ( RASL, B-SLICE, QP 42 )        528 bits [Y 32.3372 dB    U 40.5121 dB    V 41.0203 dB] [ET     4 ] [L0 24 16] [L1 28c 32]
POC   25 LId:  0 TId: 5 ( RASL, B-SLICE, QP 43 )        256 bits [Y 32.5480 dB    U 40.5248 dB    V 41.0291 dB] [ET     1 ] [L0 24 16] [L1 26c 28]
POC   27 LId:  0 TId: 5 ( RASL, B-SLICE, QP 43 )        256 bits [Y 32.3198 dB    U 40.5137 dB    V 41.0176 dB] [ET     1 ] [L0 26c 24] [L1 28 32]
POC   30 LId:  0 TId: 4 ( RASL, B-SLICE, QP 42 )        464 bits [Y 32.5426 dB    U 40.4902 dB    V 40.9628 dB] [ET     3 ] [L0 28c 16] [L1 32 28]
POC   29 LId:  0 TId: 5 ( RASL, B-SLICE, QP 43 )        200 bits [Y 32.3035 dB    U 40.4684 dB    V 40.9912 dB] [ET     1 ] [L0 28 16] [L1 30c 32]
POC   31 LId:  0 TId: 5 ( RASL, B-SLICE, QP 43 )        192 bits [Y 33.3355 dB    U 40.4262 dB    V 40.9669 dB] [ET     1 ] [L0 30c 28] [L1 32 30]
POC   64 LId:  0 TId: 0 ( CRA, I-SLICE, QP 31 )      94712 bits [Y 34.4502 dB    U 40.0538 dB    V 40.7787 dB] [ET    17 ] [L0] [L1]
POC   48 LId:  0 TId: 1 ( RASL, B-SLICE, QP 37 )       7448 bits [Y 32.4882 dB    U 40.4615 dB    V 41.2916 dB] [ET    14 ] [L0 32 64] [L1 64c 32]
POC   40 LId:  0 TId: 2 ( RASL, B-SLICE, QP 37 )       4704 bits [Y 32.6299 dB    U 40.5684 dB    V 41.2313 dB] [ET     9 ] [L0 32 48] [L1 48c 64]
POC   36 LId:  0 TId: 3 ( RASL, B-SLICE, QP 40 )       1648 bits [Y 32.1839 dB    U 40.4959 dB    V 41.0050 dB] [ET     5 ] [L0 32 40] [L1 40c 48]
POC   34 LId:  0 TId: 4 ( RASL, B-SLICE, QP 42 )        552 bits [Y 32.4035 dB    U 40.4145 dB    V 41.0012 dB] [ET     3 ] [L0 32 36] [L1 36c 40]
POC   33 LId:  0 TId: 5 ( RASL, B-SLICE, QP 43 )        256 bits [Y 33.2896 dB    U 40.4088 dB    V 40.9416 dB] [ET     1 ] [L0 32 34] [L1 34c 36]
POC   35 LId:  0 TId: 5 ( RASL, B-SLICE, QP 43 )        240 bits [Y 32.1796 dB    U 40.4736 dB    V 40.9783 dB] [ET     2 ] [L0 34c 32] [L1 36 40]
POC   38 LId:  0 TId: 4 ( RASL, B-SLICE, QP 42 )        432 bits [Y 32.0117 dB    U 40.5253 dB    V 41.1249 dB] [ET     3 ] [L0 36c 32] [L1 40 48]
POC   37 LId:  0 TId: 5 ( RASL, B-SLICE, QP 43 )        240 bits [Y 32.0278 dB    U 40.4841 dB    V 41.0398 dB] [ET     2 ] [L0 36 32] [L1 38c 40]
POC   39 LId:  0 TId: 5 ( RASL, B-SLICE, QP 43 )        272 bits [Y 32.2860 dB    U 40.5247 dB    V 41.1890 dB] [ET     2 ] [L0 38c 36] [L1 40 48]
POC   44 LId:  0 TId: 3 ( RASL, B-SLICE, QP 40 )       1720 bits [Y 31.9971 dB    U 40.5959 dB    V 41.3398 dB] [ET     5 ] [L0 40 32] [L1 48c 64]
POC   42 LId:  0 TId: 4 ( RASL, B-SLICE, QP 42 )        440 bits [Y 31.7996 dB    U 40.5830 dB    V 41.3146 dB] [ET     3 ] [L0 40 32] [L1 44c 48]
POC   41 LId:  0 TId: 5 ( RASL, B-SLICE, QP 43 )        240 bits [Y 32.2741 dB    U 40.5565 dB    V 41.2361 dB] [ET     2 ] [L0 40 32] [L1 42c 44]
POC   43 LId:  0 TId: 5 ( RASL, B-SLICE, QP 43 )        240 bits [Y 31.8762 dB    U 40.5707 dB    V 41.2781 dB] [ET     2 ] [L0 42c 40] [L1 44 48]
POC   46 LId:  0 TId: 4 ( RASL, B-SLICE, QP 42 )        432 bits [Y 31.8670 dB    U 40.5606 dB    V 41.3124 dB] [ET     2 ] [L0 44c 40] [L1 48 64]
POC   45 LId:  0 TId: 5 ( RASL, B-SLICE, QP 43 )        248 bits [Y 31.9498 dB    U 40.5456 dB    V 41.3187 dB] [ET     2 ] [L0 44 40] [L1 46c 48]
POC   47 LId:  0 TId: 5 ( RASL, B-SLICE, QP 43 )        160 bits [Y 32.2325 dB    U 40.5041 dB    V 41.3170 dB] [ET     2 ] [L0 46c 44] [L1 48 64]
POC   56 LId:  0 TId: 2 ( RASL, B-SLICE, QP 37 )       5216 bits [Y 32.5512 dB    U 40.4334 dB    V 41.2315 dB] [ET     9 ] [L0 48c 32] [L1 64 48]
POC   52 LId:  0 TId: 3 ( RASL, B-SLICE, QP 40 )       1808 bits [Y 32.0200 dB    U 40.4190 dB    V 41.3311 dB] [ET     4 ] [L0 48 32] [L1 56c 64]
POC   50 LId:  0 TId: 4 ( RASL, B-SLICE, QP 42 )        512 bits [Y 31.8364 dB    U 40.4395 dB    V 41.2977 dB] [ET     2 ] [L0 48 32] [L1 52c 56]
POC   49 LId:  0 TId: 5 ( RASL, B-SLICE, QP 43 )        184 bits [Y 32.1584 dB    U 40.4797 dB    V 41.3351 dB] [ET     2 ] [L0 48 32] [L1 50c 52]
POC   51 LId:  0 TId: 5 ( RASL, B-SLICE, QP 43 )        208 bits [Y 31.7544 dB    U 40.4699 dB    V 41.3099 dB] [ET     2 ] [L0 50c 48] [L1 52 56]
POC   54 LId:  0 TId: 4 ( RASL, B-SLICE, QP 42 )        616 bits [Y 31.6565 dB    U 40.3895 dB    V 41.2490 dB] [ET     3 ] [L0 52c 48] [L1 56 64]
POC   53 LId:  0 TId: 5 ( RASL, B-SLICE, QP 43 )        240 bits [Y 31.8643 dB    U 40.4358 dB    V 41.2612 dB] [ET     1 ] [L0 52 48] [L1 54c 56]
POC   55 LId:  0 TId: 5 ( RASL, B-SLICE, QP 43 )        224 bits [Y 32.1363 dB    U 40.4557 dB    V 41.2722 dB] [ET     2 ] [L0 54c 52] [L1 56 64]
POC   60 LId:  0 TId: 3 ( RASL, B-SLICE, QP 40 )       1688 bits [Y 32.2407 dB    U 40.2196 dB    V 40.9818 dB] [ET     4 ] [L0 56c 48] [L1 64 56]
POC   58 LId:  0 TId: 4 ( RASL, B-SLICE, QP 42 )        592 bits [Y 31.8977 dB    U 40.2885 dB    V 41.1274 dB] [ET     3 ] [L0 56 48] [L1 60c 64]
POC   57 LId:  0 TId: 5 ( RASL, B-SLICE, QP 43 )        192 bits [Y 32.1558 dB    U 40.3181 dB    V 41.1526 dB] [ET     2 ] [L0 56 48] [L1 58c 60]
POC   59 LId:  0 TId: 5 ( RASL, B-SLICE, QP 43 )        208 bits [Y 31.9331 dB    U 40.2457 dB    V 41.0231 dB] [ET     2 ] [L0 58c 56] [L1 60 64]
POC   62 LId:  0 TId: 4 ( RASL, B-SLICE, QP 42 )        552 bits [Y 32.1034 dB    U 40.2310 dB    V 40.8825 dB] [ET     3 ] [L0 60c 48] [L1 64 60]
POC   61 LId:  0 TId: 5 ( RASL, B-SLICE, QP 43 )        184 bits [Y 32.0743 dB    U 40.1587 dB    V 40.9540 dB] [ET     2 ] [L0 60 48] [L1 62c 64]
POC   63 LId:  0 TId: 5 ( RASL, B-SLICE, QP 43 )        184 bits [Y 33.0230 dB    U 40.1179 dB    V 40.8014 dB] [ET     2 ] [L0 62c 60] [L1 64 62]

LayerId  0
	Total Frames |   Bitrate     Y-PSNR    U-PSNR    V-PSNR    YUV-PSNR   
	       65    a     313.8831   32.3669   40.4874   41.0812   33.7922

 finished @ Mon Jan 13 22:51:18 2025
 Total Time:      273.679 sec. [user]      273.679 sec. [elapsed]
