
VVCSoftware: VTM Encoder Version 10.0 [Windows][VS 1916][64 bit] [SIMD=AVX2] 

TOOL CFG: IBD:1 HAD:1 RDQ:1 RDQTS:1 RDpenalty:0 LQP:0 SQP:0 ASR:1 MinSearchWindow:96 RestrictMESampling:0 FEN:1 ECU:0 FDM:1 CFM:0 ESD:0 TransformSkip:1 TransformSkipFast:1 TransformSkipLog2MaxSize:5 ChromaTS:1 BDPCM:0 Tiles: 1x1 Slices: 1 MCTS:0 SAO:1 ALF:1 CCALF:1 WPP:0 WPB:0 PME:2  WaveFrontSynchro:0 WaveFrontSubstreams:1 ScalingList:0 TMVPMode:1  DQ:1  SignBitHidingFlag:0 RecalQP:0 
TOOL CFG: LFNST:1 MMVD:1 Affine:1 AffineType:1 PROF:1 SbTMVP:1 DualITree:1 IMV:1 BIO:1 LMChroma:1 HorCollocatedChroma:1 VerCollocatedChroma:0 MTS: 1(intra) 0(inter) SBT:1 ISP:1 SMVD:1 CompositeLTReference:0 Bcw:1 BcwFast:1 LADF:0 CIIP:1 Geo:1 AllowDisFracMMVD:1 AffineAmvr:1 AffineAmvrEncOpt:1 DMVR:1 MmvdDisNum:6 JointCbCr:1 ACT:0 PLT:0 IBC:0 HashME:0 WrapAround:0 VirtualBoundariesEnabledFlag:0 VirtualBoundariesPresentInSPSFlag:1 vertical virtual boundaries:[ ] horizontal virtual boundaries:[ ] Reshape:1 (Signal:SDR Opt:0 CSoffset:6) MRL:1 MIP:1 EncDbOpt:0 
FAST TOOL CFG: LCTUFast:1 FastMrg:1 PBIntraFast:1 IMV4PelFast:1 MTSMaxCand: 4(intra) 4(inter) ISPFast:0 FastLFNST:0 AMaxBT:1 E0023FastEnc:1 ContentBasedFastQtbt:0 UseNonLinearAlfLuma:1 UseNonLinearAlfChroma:1 MaxNumAlfAlternativesChroma:8 FastMIP:0 FastLocalDualTree:1 NumSplitThreads:1 NumWppThreads:1+0 EnsureWppBitEqual:0 RPR:0 TemporalFilter:0 


 started @ Tue Jan 14 00:21:34 2025
POC    0 LId:  0 TId: 0 ( IDR_N_LP, I-SLICE, QP 24 )     168056 bits [Y 40.3043 dB    U 43.3449 dB    V 44.1306 dB] [ET    23 ] [L0] [L1]
POC   32 LId:  0 TId: 0 ( TRAIL, B-SLICE, QP 26 )      66432 bits [Y 38.6500 dB    U 42.6437 dB    V 43.6021 dB] [ET    28 ] [L0 0] [L1 0c]
POC   16 LId:  0 TId: 1 ( STSA, B-SLICE, QP 28 )      29880 bits [Y 37.5440 dB    U 42.7029 dB    V 43.5675 dB] [ET    28 ] [L0 0 32] [L1 32c 0]
POC    8 LId:  0 TId: 2 ( STSA, B-SLICE, QP 29 )      18536 bits [Y 37.2029 dB    U 42.7567 dB    V 43.7128 dB] [ET    20 ] [L0 0 16] [L1 16c 32]
POC    4 LId:  0 TId: 3 ( STSA, B-SLICE, QP 32 )       7792 bits [Y 36.1323 dB    U 42.9784 dB    V 43.8566 dB] [ET    12 ] [L0 0 8] [L1 8c 16]
POC    2 LId:  0 TId: 4 ( STSA, B-SLICE, QP 34 )       1672 bits [Y 36.2394 dB    U 43.0449 dB    V 43.9456 dB] [ET     5 ] [L0 0 4] [L1 4c 8]
POC    1 LId:  0 TId: 5 ( STSA, B-SLICE, QP 36 )        432 bits [Y 37.1392 dB    U 43.1186 dB    V 44.0560 dB] [ET     3 ] [L0 0 2] [L1 2c 4]
POC    3 LId:  0 TId: 5 ( STSA, B-SLICE, QP 36 )        480 bits [Y 36.0022 dB    U 43.0332 dB    V 43.8987 dB] [ET     2 ] [L0 2c 0] [L1 4 8]
POC    6 LId:  0 TId: 4 ( STSA, B-SLICE, QP 34 )       1968 bits [Y 35.8053 dB    U 42.9285 dB    V 43.7352 dB] [ET     5 ] [L0 4c 0] [L1 8 16]
POC    5 LId:  0 TId: 5 ( STSA, B-SLICE, QP 36 )        344 bits [Y 35.8484 dB    U 42.9321 dB    V 43.7157 dB] [ET     2 ] [L0 4 0] [L1 6c 8]
POC    7 LId:  0 TId: 5 ( STSA, B-SLICE, QP 36 )        448 bits [Y 36.2666 dB    U 42.8342 dB    V 43.6982 dB] [ET     3 ] [L0 6c 4] [L1 8 16]
POC   12 LId:  0 TId: 3 ( STSA, B-SLICE, QP 32 )       7976 bits [Y 36.0359 dB    U 42.7601 dB    V 43.5706 dB] [ET    21 ] [L0 8c 0] [L1 16 32]
POC   10 LId:  0 TId: 4 ( STSA, B-SLICE, QP 34 )       2232 bits [Y 36.0811 dB    U 42.7493 dB    V 43.6171 dB] [ET    11 ] [L0 8 0] [L1 12c 16]
POC    9 LId:  0 TId: 5 ( STSA, B-SLICE, QP 36 )        352 bits [Y 36.3612 dB    U 42.7630 dB    V 43.6588 dB] [ET     6 ] [L0 8 0] [L1 10c 12]
POC   11 LId:  0 TId: 5 ( STSA, B-SLICE, QP 36 )        424 bits [Y 35.8379 dB    U 42.7814 dB    V 43.6296 dB] [ET     7 ] [L0 10c 8] [L1 12 16]
POC   14 LId:  0 TId: 4 ( STSA, B-SLICE, QP 34 )       2368 bits [Y 35.7987 dB    U 42.7197 dB    V 43.5547 dB] [ET    11 ] [L0 12c 8] [L1 16 32]
POC   13 LId:  0 TId: 5 ( STSA, B-SLICE, QP 36 )        432 bits [Y 35.8215 dB    U 42.7075 dB    V 43.5894 dB] [ET     7 ] [L0 12 8] [L1 14c 16]
POC   15 LId:  0 TId: 5 ( STSA, B-SLICE, QP 36 )        488 bits [Y 36.2908 dB    U 42.6625 dB    V 43.5947 dB] [ET     7 ] [L0 14c 12] [L1 16 32]
POC   24 LId:  0 TId: 2 ( STSA, B-SLICE, QP 29 )      18456 bits [Y 36.9973 dB    U 42.5125 dB    V 43.5184 dB] [ET    35 ] [L0 16c 0] [L1 32 16]
POC   20 LId:  0 TId: 3 ( STSA, B-SLICE, QP 32 )       8368 bits [Y 35.9154 dB    U 42.6130 dB    V 43.5169 dB] [ET    27 ] [L0 16 0] [L1 24c 32]
POC   18 LId:  0 TId: 4 ( STSA, B-SLICE, QP 34 )       2096 bits [Y 35.9622 dB    U 42.6333 dB    V 43.5742 dB] [ET    11 ] [L0 16 0] [L1 20c 24]
POC   17 LId:  0 TId: 5 ( STSA, B-SLICE, QP 36 )        440 bits [Y 36.5120 dB    U 42.6540 dB    V 43.5678 dB] [ET     7 ] [L0 16 0] [L1 18c 20]
POC   19 LId:  0 TId: 5 ( STSA, B-SLICE, QP 36 )        448 bits [Y 35.7448 dB    U 42.5635 dB    V 43.5139 dB] [ET     7 ] [L0 18c 16] [L1 20 24]
POC   22 LId:  0 TId: 4 ( STSA, B-SLICE, QP 34 )       2544 bits [Y 35.7550 dB    U 42.5943 dB    V 43.5073 dB] [ET    13 ] [L0 20c 16] [L1 24 32]
POC   21 LId:  0 TId: 5 ( STSA, B-SLICE, QP 36 )        544 bits [Y 35.7860 dB    U 42.6610 dB    V 43.5312 dB] [ET     7 ] [L0 20 16] [L1 22c 24]
POC   23 LId:  0 TId: 5 ( STSA, B-SLICE, QP 36 )        488 bits [Y 36.2194 dB    U 42.5632 dB    V 43.5141 dB] [ET     7 ] [L0 22c 20] [L1 24 32]
POC   28 LId:  0 TId: 3 ( STSA, B-SLICE, QP 32 )       6896 bits [Y 35.9752 dB    U 42.5865 dB    V 43.4595 dB] [ET    22 ] [L0 24c 16] [L1 32 24]
POC   26 LId:  0 TId: 4 ( STSA, B-SLICE, QP 34 )       2152 bits [Y 35.8192 dB    U 42.5177 dB    V 43.4377 dB] [ET    12 ] [L0 24 16] [L1 28c 32]
POC   25 LId:  0 TId: 5 ( STSA, B-SLICE, QP 36 )        544 bits [Y 36.3207 dB    U 42.5688 dB    V 43.4735 dB] [ET     7 ] [L0 24 16] [L1 26c 28]
POC   27 LId:  0 TId: 5 ( STSA, B-SLICE, QP 36 )        416 bits [Y 35.6929 dB    U 42.5366 dB    V 43.4152 dB] [ET     6 ] [L0 26c 24] [L1 28 32]
POC   30 LId:  0 TId: 4 ( STSA, B-SLICE, QP 34 )       1928 bits [Y 35.7441 dB    U 42.6001 dB    V 43.4740 dB] [ET    11 ] [L0 28c 16] [L1 32 28]
POC   29 LId:  0 TId: 5 ( STSA, B-SLICE, QP 36 )        480 bits [Y 35.5651 dB    U 42.5741 dB    V 43.4528 dB] [ET     6 ] [L0 28 16] [L1 30c 32]
POC   31 LId:  0 TId: 5 ( STSA, B-SLICE, QP 36 )        536 bits [Y 36.6923 dB    U 42.6195 dB    V 43.5966 dB] [ET     6 ] [L0 30c 28] [L1 32 30]
POC   64 LId:  0 TId: 0 ( CRA, I-SLICE, QP 24 )     175440 bits [Y 40.2362 dB    U 42.9808 dB    V 44.0111 dB] [ET    46 ] [L0] [L1]
POC   48 LId:  0 TId: 1 ( RASL, B-SLICE, QP 28 )      32656 bits [Y 37.6814 dB    U 42.9491 dB    V 44.1247 dB] [ET    42 ] [L0 32c 16] [L1 64 32]
POC   40 LId:  0 TId: 2 ( RASL, B-SLICE, QP 29 )      19024 bits [Y 37.2036 dB    U 42.9382 dB    V 43.9711 dB] [ET    17 ] [L0 32 16] [L1 48c 64]
POC   36 LId:  0 TId: 3 ( RASL, B-SLICE, QP 32 )       7224 bits [Y 36.2263 dB    U 42.8963 dB    V 43.8267 dB] [ET    13 ] [L0 32 16] [L1 40c 48]
POC   34 LId:  0 TId: 4 ( RASL, B-SLICE, QP 34 )       2208 bits [Y 35.7965 dB    U 42.8121 dB    V 43.7756 dB] [ET     6 ] [L0 32 16] [L1 36c 40]
POC   33 LId:  0 TId: 5 ( RASL, B-SLICE, QP 36 )        488 bits [Y 36.6293 dB    U 42.7351 dB    V 43.6789 dB] [ET     3 ] [L0 32 34] [L1 34c 36]
POC   35 LId:  0 TId: 5 ( RASL, B-SLICE, QP 36 )        600 bits [Y 35.8236 dB    U 42.8840 dB    V 43.7722 dB] [ET     3 ] [L0 34c 32] [L1 36 40]
POC   38 LId:  0 TId: 4 ( RASL, B-SLICE, QP 34 )       2328 bits [Y 35.7005 dB    U 43.0024 dB    V 43.9561 dB] [ET     6 ] [L0 36c 32] [L1 40 48]
POC   37 LId:  0 TId: 5 ( RASL, B-SLICE, QP 36 )        560 bits [Y 35.7924 dB    U 42.9462 dB    V 43.9144 dB] [ET     3 ] [L0 36 32] [L1 38c 40]
POC   39 LId:  0 TId: 5 ( RASL, B-SLICE, QP 36 )        504 bits [Y 36.1133 dB    U 42.9841 dB    V 44.0373 dB] [ET     3 ] [L0 38c 36] [L1 40 48]
POC   44 LId:  0 TId: 3 ( RASL, B-SLICE, QP 32 )       7344 bits [Y 36.2074 dB    U 43.0705 dB    V 44.2245 dB] [ET    14 ] [L0 40c 32] [L1 48 64]
POC   42 LId:  0 TId: 4 ( RASL, B-SLICE, QP 34 )       2616 bits [Y 35.5340 dB    U 42.9911 dB    V 44.1929 dB] [ET     8 ] [L0 40 32] [L1 44c 48]
POC   41 LId:  0 TId: 5 ( RASL, B-SLICE, QP 36 )        392 bits [Y 36.2581 dB    U 43.0420 dB    V 44.1570 dB] [ET     3 ] [L0 40 32] [L1 42c 44]
POC   43 LId:  0 TId: 5 ( RASL, B-SLICE, QP 36 )        352 bits [Y 35.5610 dB    U 43.0507 dB    V 44.1644 dB] [ET     3 ] [L0 42c 40] [L1 44 48]
POC   46 LId:  0 TId: 4 ( RASL, B-SLICE, QP 34 )       2280 bits [Y 35.6152 dB    U 43.0828 dB    V 44.2135 dB] [ET     7 ] [L0 44c 40] [L1 48 64]
POC   45 LId:  0 TId: 5 ( RASL, B-SLICE, QP 36 )        472 bits [Y 35.7818 dB    U 43.0732 dB    V 44.2313 dB] [ET     3 ] [L0 44 40] [L1 46c 48]
POC   47 LId:  0 TId: 5 ( RASL, B-SLICE, QP 36 )        304 bits [Y 36.1226 dB    U 43.0570 dB    V 44.2390 dB] [ET     3 ] [L0 46c 44] [L1 48 64]
POC   56 LId:  0 TId: 2 ( RASL, B-SLICE, QP 29 )      20632 bits [Y 37.2415 dB    U 43.0696 dB    V 44.1770 dB] [ET    18 ] [L0 48c 32] [L1 64 48]
POC   52 LId:  0 TId: 3 ( RASL, B-SLICE, QP 32 )       6792 bits [Y 36.2042 dB    U 42.9649 dB    V 44.1857 dB] [ET    12 ] [L0 48 32] [L1 56c 64]
POC   50 LId:  0 TId: 4 ( RASL, B-SLICE, QP 34 )       2144 bits [Y 35.6247 dB    U 43.0219 dB    V 44.2497 dB] [ET     6 ] [L0 48 32] [L1 52c 56]
POC   49 LId:  0 TId: 5 ( RASL, B-SLICE, QP 36 )        272 bits [Y 36.0842 dB    U 43.0433 dB    V 44.2737 dB] [ET     3 ] [L0 48 32] [L1 50c 52]
POC   51 LId:  0 TId: 5 ( RASL, B-SLICE, QP 36 )        464 bits [Y 35.5785 dB    U 43.0019 dB    V 44.1867 dB] [ET     3 ] [L0 50c 48] [L1 52 56]
POC   54 LId:  0 TId: 4 ( RASL, B-SLICE, QP 34 )       3048 bits [Y 35.6704 dB    U 42.9765 dB    V 44.1335 dB] [ET     9 ] [L0 52c 48] [L1 56 64]
POC   53 LId:  0 TId: 5 ( RASL, B-SLICE, QP 36 )        528 bits [Y 35.7274 dB    U 43.0018 dB    V 44.1293 dB] [ET     3 ] [L0 52 48] [L1 54c 56]
POC   55 LId:  0 TId: 5 ( RASL, B-SLICE, QP 36 )        368 bits [Y 36.1480 dB    U 43.0808 dB    V 44.1737 dB] [ET     3 ] [L0 54c 52] [L1 56 64]
POC   60 LId:  0 TId: 3 ( RASL, B-SLICE, QP 32 )       7000 bits [Y 36.2995 dB    U 42.9169 dB    V 44.0355 dB] [ET    13 ] [L0 56c 48] [L1 64 56]
POC   58 LId:  0 TId: 4 ( RASL, B-SLICE, QP 34 )       2600 bits [Y 35.7491 dB    U 42.9084 dB    V 44.0245 dB] [ET     7 ] [L0 56 48] [L1 60c 64]
POC   57 LId:  0 TId: 5 ( RASL, B-SLICE, QP 36 )        584 bits [Y 36.1499 dB    U 42.9536 dB    V 44.0941 dB] [ET     3 ] [L0 56 48] [L1 58c 60]
POC   59 LId:  0 TId: 5 ( RASL, B-SLICE, QP 36 )        528 bits [Y 35.7311 dB    U 42.9081 dB    V 44.0043 dB] [ET     3 ] [L0 58c 56] [L1 60 64]
POC   62 LId:  0 TId: 4 ( RASL, B-SLICE, QP 34 )       2576 bits [Y 35.6224 dB    U 42.9650 dB    V 44.0099 dB] [ET     7 ] [L0 60c 48] [L1 64 60]
POC   61 LId:  0 TId: 5 ( RASL, B-SLICE, QP 36 )        496 bits [Y 35.7379 dB    U 42.9085 dB    V 44.0283 dB] [ET     3 ] [L0 60 48] [L1 62c 64]
POC   63 LId:  0 TId: 5 ( RASL, B-SLICE, QP 36 )        416 bits [Y 36.5580 dB    U 42.8982 dB    V 43.9929 dB] [ET     3 ] [L0 62c 60] [L1 64 62]

LayerId  0
	Total Frames |   Bitrate     Y-PSNR    U-PSNR    V-PSNR    YUV-PSNR   
	       65    a     609.1274   36.2842   42.8519   43.8443   37.5613

 finished @ Tue Jan 14 00:33:12 2025
 Total Time:      698.092 sec. [user]      698.091 sec. [elapsed]
