
VVCSoftware: VTM Encoder Version 10.0 [Windows][VS 1916][64 bit] [SIMD=AVX2] 

TOOL CFG: IBD:1 HAD:1 RDQ:1 RDQTS:1 RDpenalty:0 LQP:0 SQP:0 ASR:1 MinSearchWindow:96 RestrictMESampling:0 FEN:1 ECU:0 FDM:1 CFM:0 ESD:0 TransformSkip:1 TransformSkipFast:1 TransformSkipLog2MaxSize:5 ChromaTS:1 BDPCM:0 Tiles: 1x1 Slices: 1 MCTS:0 SAO:1 ALF:1 CCALF:1 WPP:0 WPB:0 PME:2  WaveFrontSynchro:0 WaveFrontSubstreams:1 ScalingList:0 TMVPMode:1  DQ:1  SignBitHidingFlag:0 RecalQP:0 
TOOL CFG: LFNST:1 MMVD:1 Affine:1 AffineType:1 PROF:1 SbTMVP:1 DualITree:1 IMV:1 BIO:1 LMChroma:1 HorCollocatedChroma:1 VerCollocatedChroma:0 MTS: 1(intra) 0(inter) SBT:1 ISP:1 SMVD:1 CompositeLTReference:0 Bcw:1 BcwFast:1 LADF:0 CIIP:1 Geo:1 AllowDisFracMMVD:1 AffineAmvr:1 AffineAmvrEncOpt:1 DMVR:1 MmvdDisNum:6 JointCbCr:1 ACT:0 PLT:0 IBC:0 HashME:0 WrapAround:0 VirtualBoundariesEnabledFlag:0 VirtualBoundariesPresentInSPSFlag:1 vertical virtual boundaries:[ ] horizontal virtual boundaries:[ ] Reshape:1 (Signal:SDR Opt:0 CSoffset:6) MRL:1 MIP:1 EncDbOpt:0 
FAST TOOL CFG: LCTUFast:1 FastMrg:1 PBIntraFast:1 IMV4PelFast:1 MTSMaxCand: 4(intra) 4(inter) ISPFast:0 FastLFNST:0 AMaxBT:1 E0023FastEnc:1 ContentBasedFastQtbt:0 UseNonLinearAlfLuma:1 UseNonLinearAlfChroma:1 MaxNumAlfAlternativesChroma:8 FastMIP:0 FastLocalDualTree:1 NumSplitThreads:1 NumWppThreads:1+0 EnsureWppBitEqual:0 RPR:0 TemporalFilter:0 


 started @ Mon Jan 13 22:38:39 2025
POC    0 LId:  0 TId: 0 ( IDR_N_LP, I-SLICE, QP 33 )      74752 bits [Y 33.1224 dB    U 39.6654 dB    V 39.9568 dB] [ET    14 ] [L0] [L1]
POC   32 LId:  0 TId: 0 ( CRA, I-SLICE, QP 33 )      77216 bits [Y 33.0263 dB    U 39.3787 dB    V 39.8056 dB] [ET    15 ] [L0] [L1]
POC   16 LId:  0 TId: 1 ( RASL, B-SLICE, QP 39 )       5392 bits [Y 31.5952 dB    U 39.7458 dB    V 40.1818 dB] [ET    11 ] [L0 0 32] [L1 32c 0]
POC    8 LId:  0 TId: 2 ( RASL, B-SLICE, QP 39 )       3704 bits [Y 31.6560 dB    U 39.7782 dB    V 40.2170 dB] [ET     7 ] [L0 0 16] [L1 16c 32]
POC    4 LId:  0 TId: 3 ( RASL, B-SLICE, QP 42 )       1296 bits [Y 31.2620 dB    U 39.7799 dB    V 40.1508 dB] [ET     4 ] [L0 0 8] [L1 8c 16]
POC    2 LId:  0 TId: 4 ( RASL, B-SLICE, QP 44 )        344 bits [Y 31.7934 dB    U 39.6720 dB    V 40.0552 dB] [ET     2 ] [L0 0 4] [L1 4c 8]
POC    1 LId:  0 TId: 5 ( RASL, B-SLICE, QP 45 )        192 bits [Y 32.4653 dB    U 39.6873 dB    V 40.0284 dB] [ET     1 ] [L0 0 2] [L1 2c 4]
POC    3 LId:  0 TId: 5 ( RASL, B-SLICE, QP 45 )        168 bits [Y 31.4779 dB    U 39.7241 dB    V 40.0796 dB] [ET     1 ] [L0 2c 0] [L1 4 8]
POC    6 LId:  0 TId: 4 ( RASL, B-SLICE, QP 44 )        376 bits [Y 31.1446 dB    U 39.7886 dB    V 40.1797 dB] [ET     2 ] [L0 4c 0] [L1 8 16]
POC    5 LId:  0 TId: 5 ( RASL, B-SLICE, QP 45 )        152 bits [Y 31.2274 dB    U 39.7535 dB    V 40.1115 dB] [ET     1 ] [L0 4 0] [L1 6c 8]
POC    7 LId:  0 TId: 5 ( RASL, B-SLICE, QP 45 )        160 bits [Y 31.4487 dB    U 39.7430 dB    V 40.1893 dB] [ET     1 ] [L0 6c 4] [L1 8 16]
POC   12 LId:  0 TId: 3 ( RASL, B-SLICE, QP 42 )       1464 bits [Y 31.0319 dB    U 39.8029 dB    V 40.2621 dB] [ET     4 ] [L0 8 0] [L1 16c 32]
POC   10 LId:  0 TId: 4 ( RASL, B-SLICE, QP 44 )        336 bits [Y 31.1161 dB    U 39.7820 dB    V 40.2436 dB] [ET     2 ] [L0 8 0] [L1 12c 16]
POC    9 LId:  0 TId: 5 ( RASL, B-SLICE, QP 45 )        224 bits [Y 31.4205 dB    U 39.7561 dB    V 40.2482 dB] [ET     1 ] [L0 8 0] [L1 10c 12]
POC   11 LId:  0 TId: 5 ( RASL, B-SLICE, QP 45 )        168 bits [Y 31.0683 dB    U 39.7722 dB    V 40.2726 dB] [ET     1 ] [L0 10c 8] [L1 12 16]
POC   14 LId:  0 TId: 4 ( RASL, B-SLICE, QP 44 )        264 bits [Y 30.8938 dB    U 39.7945 dB    V 40.2336 dB] [ET     2 ] [L0 12c 8] [L1 16 32]
POC   13 LId:  0 TId: 5 ( RASL, B-SLICE, QP 45 )        160 bits [Y 30.9738 dB    U 39.8089 dB    V 40.2778 dB] [ET     1 ] [L0 12 8] [L1 14c 16]
POC   15 LId:  0 TId: 5 ( RASL, B-SLICE, QP 45 )        160 bits [Y 31.1789 dB    U 39.7488 dB    V 40.2035 dB] [ET     1 ] [L0 14c 12] [L1 16 32]
POC   24 LId:  0 TId: 2 ( RASL, B-SLICE, QP 39 )       3416 bits [Y 31.6784 dB    U 39.5412 dB    V 40.1043 dB] [ET     7 ] [L0 16c 0] [L1 32 16]
POC   20 LId:  0 TId: 3 ( RASL, B-SLICE, QP 42 )       1520 bits [Y 30.9602 dB    U 39.6718 dB    V 40.1556 dB] [ET     4 ] [L0 16 0] [L1 24c 32]
POC   18 LId:  0 TId: 4 ( RASL, B-SLICE, QP 44 )        392 bits [Y 31.1035 dB    U 39.6906 dB    V 40.1986 dB] [ET     2 ] [L0 16 0] [L1 20c 24]
POC   17 LId:  0 TId: 5 ( RASL, B-SLICE, QP 45 )        168 bits [Y 31.4149 dB    U 39.7250 dB    V 40.1813 dB] [ET     1 ] [L0 16 0] [L1 18c 20]
POC   19 LId:  0 TId: 5 ( RASL, B-SLICE, QP 45 )        168 bits [Y 30.9413 dB    U 39.6336 dB    V 40.1906 dB] [ET     1 ] [L0 18c 16] [L1 20 24]
POC   22 LId:  0 TId: 4 ( RASL, B-SLICE, QP 44 )        352 bits [Y 30.8507 dB    U 39.6228 dB    V 40.1391 dB] [ET     2 ] [L0 20c 16] [L1 24 32]
POC   21 LId:  0 TId: 5 ( RASL, B-SLICE, QP 45 )        200 bits [Y 30.8984 dB    U 39.6387 dB    V 40.1724 dB] [ET     1 ] [L0 20 16] [L1 22c 24]
POC   23 LId:  0 TId: 5 ( RASL, B-SLICE, QP 45 )        168 bits [Y 31.3247 dB    U 39.5921 dB    V 40.1150 dB] [ET     1 ] [L0 22c 20] [L1 24 32]
POC   28 LId:  0 TId: 3 ( RASL, B-SLICE, QP 42 )       1032 bits [Y 31.3152 dB    U 39.5213 dB    V 40.0013 dB] [ET     4 ] [L0 24c 16] [L1 32 24]
POC   26 LId:  0 TId: 4 ( RASL, B-SLICE, QP 44 )        392 bits [Y 31.2318 dB    U 39.5202 dB    V 40.0391 dB] [ET     3 ] [L0 24 16] [L1 28c 32]
POC   25 LId:  0 TId: 5 ( RASL, B-SLICE, QP 45 )        200 bits [Y 31.4562 dB    U 39.5419 dB    V 40.0597 dB] [ET     1 ] [L0 24 16] [L1 26c 28]
POC   27 LId:  0 TId: 5 ( RASL, B-SLICE, QP 45 )        192 bits [Y 31.2278 dB    U 39.5184 dB    V 40.0161 dB] [ET     1 ] [L0 26c 24] [L1 28 32]
POC   30 LId:  0 TId: 4 ( RASL, B-SLICE, QP 44 )        360 bits [Y 31.6320 dB    U 39.4975 dB    V 39.9084 dB] [ET     2 ] [L0 28c 16] [L1 32 28]
POC   29 LId:  0 TId: 5 ( RASL, B-SLICE, QP 45 )        176 bits [Y 31.3747 dB    U 39.4897 dB    V 39.9785 dB] [ET     1 ] [L0 28 16] [L1 30c 32]
POC   31 LId:  0 TId: 5 ( RASL, B-SLICE, QP 45 )        192 bits [Y 32.2965 dB    U 39.4274 dB    V 39.8750 dB] [ET     1 ] [L0 30c 28] [L1 32 30]
POC   64 LId:  0 TId: 0 ( CRA, I-SLICE, QP 33 )      78768 bits [Y 32.9851 dB    U 39.1911 dB    V 39.6994 dB] [ET    15 ] [L0] [L1]
POC   48 LId:  0 TId: 1 ( RASL, B-SLICE, QP 39 )       5616 bits [Y 31.4830 dB    U 39.5161 dB    V 40.2135 dB] [ET    11 ] [L0 32 64] [L1 64c 32]
POC   40 LId:  0 TId: 2 ( RASL, B-SLICE, QP 39 )       3216 bits [Y 31.5731 dB    U 39.5222 dB    V 40.1311 dB] [ET     8 ] [L0 32 48] [L1 48c 64]
POC   36 LId:  0 TId: 3 ( RASL, B-SLICE, QP 42 )       1096 bits [Y 31.2036 dB    U 39.4979 dB    V 39.9520 dB] [ET     4 ] [L0 32 40] [L1 40c 48]
POC   34 LId:  0 TId: 4 ( RASL, B-SLICE, QP 44 )        416 bits [Y 31.4187 dB    U 39.4281 dB    V 39.9354 dB] [ET     2 ] [L0 32 36] [L1 36c 40]
POC   33 LId:  0 TId: 5 ( RASL, B-SLICE, QP 45 )        232 bits [Y 32.1809 dB    U 39.4375 dB    V 39.8723 dB] [ET     1 ] [L0 32 34] [L1 34c 36]
POC   35 LId:  0 TId: 5 ( RASL, B-SLICE, QP 45 )        224 bits [Y 31.2379 dB    U 39.5011 dB    V 39.9462 dB] [ET     1 ] [L0 34c 32] [L1 36 40]
POC   38 LId:  0 TId: 4 ( RASL, B-SLICE, QP 44 )        384 bits [Y 31.1094 dB    U 39.4939 dB    V 40.0375 dB] [ET     2 ] [L0 36c 32] [L1 40 48]
POC   37 LId:  0 TId: 5 ( RASL, B-SLICE, QP 45 )        200 bits [Y 31.0680 dB    U 39.4571 dB    V 39.9940 dB] [ET     2 ] [L0 36 32] [L1 38c 40]
POC   39 LId:  0 TId: 5 ( RASL, B-SLICE, QP 45 )        248 bits [Y 31.3356 dB    U 39.5130 dB    V 40.0992 dB] [ET     1 ] [L0 38c 36] [L1 40 48]
POC   44 LId:  0 TId: 3 ( RASL, B-SLICE, QP 42 )       1008 bits [Y 30.8995 dB    U 39.5703 dB    V 40.2545 dB] [ET     5 ] [L0 40 32] [L1 48c 64]
POC   42 LId:  0 TId: 4 ( RASL, B-SLICE, QP 44 )        432 bits [Y 30.8252 dB    U 39.5326 dB    V 40.2321 dB] [ET     2 ] [L0 40 32] [L1 44c 48]
POC   41 LId:  0 TId: 5 ( RASL, B-SLICE, QP 45 )        224 bits [Y 31.2847 dB    U 39.5354 dB    V 40.1649 dB] [ET     1 ] [L0 40 32] [L1 42c 44]
POC   43 LId:  0 TId: 5 ( RASL, B-SLICE, QP 45 )        192 bits [Y 30.8699 dB    U 39.5412 dB    V 40.2091 dB] [ET     2 ] [L0 42c 40] [L1 44 48]
POC   46 LId:  0 TId: 4 ( RASL, B-SLICE, QP 44 )        328 bits [Y 30.8817 dB    U 39.5747 dB    V 40.2372 dB] [ET     2 ] [L0 44c 40] [L1 48 64]
POC   45 LId:  0 TId: 5 ( RASL, B-SLICE, QP 45 )        200 bits [Y 30.8567 dB    U 39.5504 dB    V 40.2584 dB] [ET     2 ] [L0 44 40] [L1 46c 48]
POC   47 LId:  0 TId: 5 ( RASL, B-SLICE, QP 45 )        200 bits [Y 31.2697 dB    U 39.5417 dB    V 40.2497 dB] [ET     2 ] [L0 46c 44] [L1 48 64]
POC   56 LId:  0 TId: 2 ( RASL, B-SLICE, QP 39 )       3608 bits [Y 31.3757 dB    U 39.4831 dB    V 40.1318 dB] [ET     9 ] [L0 48c 32] [L1 64 48]
POC   52 LId:  0 TId: 3 ( RASL, B-SLICE, QP 42 )       1280 bits [Y 31.0239 dB    U 39.4485 dB    V 40.2278 dB] [ET     4 ] [L0 48 32] [L1 56c 64]
POC   50 LId:  0 TId: 4 ( RASL, B-SLICE, QP 44 )        328 bits [Y 30.9090 dB    U 39.5020 dB    V 40.2199 dB] [ET     3 ] [L0 48 32] [L1 52c 56]
POC   49 LId:  0 TId: 5 ( RASL, B-SLICE, QP 45 )        184 bits [Y 31.2448 dB    U 39.5112 dB    V 40.2567 dB] [ET     1 ] [L0 48 32] [L1 50c 52]
POC   51 LId:  0 TId: 5 ( RASL, B-SLICE, QP 45 )        168 bits [Y 30.8647 dB    U 39.5026 dB    V 40.2270 dB] [ET     2 ] [L0 50c 48] [L1 52 56]
POC   54 LId:  0 TId: 4 ( RASL, B-SLICE, QP 44 )        360 bits [Y 30.7123 dB    U 39.4330 dB    V 40.1500 dB] [ET     2 ] [L0 52c 48] [L1 56 64]
POC   53 LId:  0 TId: 5 ( RASL, B-SLICE, QP 45 )        176 bits [Y 30.8478 dB    U 39.4537 dB    V 40.1936 dB] [ET     2 ] [L0 52 48] [L1 54c 56]
POC   55 LId:  0 TId: 5 ( RASL, B-SLICE, QP 45 )        168 bits [Y 31.0981 dB    U 39.4734 dB    V 40.1484 dB] [ET     2 ] [L0 54c 52] [L1 56 64]
POC   60 LId:  0 TId: 3 ( RASL, B-SLICE, QP 42 )       1152 bits [Y 31.1225 dB    U 39.3015 dB    V 39.9456 dB] [ET     3 ] [L0 56c 48] [L1 64 56]
POC   58 LId:  0 TId: 4 ( RASL, B-SLICE, QP 44 )        432 bits [Y 30.8819 dB    U 39.3736 dB    V 40.0690 dB] [ET     2 ] [L0 56 48] [L1 60c 64]
POC   57 LId:  0 TId: 5 ( RASL, B-SLICE, QP 45 )        152 bits [Y 31.0796 dB    U 39.3756 dB    V 40.0795 dB] [ET     1 ] [L0 56 48] [L1 58c 60]
POC   59 LId:  0 TId: 5 ( RASL, B-SLICE, QP 45 )        208 bits [Y 30.9207 dB    U 39.3567 dB    V 39.9812 dB] [ET     1 ] [L0 58c 56] [L1 60 64]
POC   62 LId:  0 TId: 4 ( RASL, B-SLICE, QP 44 )        432 bits [Y 31.1520 dB    U 39.3223 dB    V 39.8263 dB] [ET     3 ] [L0 60c 48] [L1 64 60]
POC   61 LId:  0 TId: 5 ( RASL, B-SLICE, QP 45 )        200 bits [Y 31.1078 dB    U 39.2831 dB    V 39.9312 dB] [ET     2 ] [L0 60 48] [L1 62c 64]
POC   63 LId:  0 TId: 5 ( RASL, B-SLICE, QP 45 )        192 bits [Y 31.9416 dB    U 39.2505 dB    V 39.7543 dB] [ET     1 ] [L0 62c 60] [L1 64 62]

LayerId  0
	Total Frames |   Bitrate     Y-PSNR    U-PSNR    V-PSNR    YUV-PSNR   
	       65    a     256.1354   31.3288   39.5583   40.0994   32.7662

 finished @ Mon Jan 13 22:42:33 2025
 Total Time:      233.384 sec. [user]      233.384 sec. [elapsed]
