
VVCSoftware: VTM Encoder Version 10.0 [Windows][VS 1916][64 bit] [SIMD=AVX2] 

TOOL CFG: IBD:1 HAD:1 RDQ:1 RDQTS:1 RDpenalty:0 LQP:0 SQP:0 ASR:1 MinSearchWindow:96 RestrictMESampling:0 FEN:1 ECU:0 FDM:1 CFM:0 ESD:0 TransformSkip:1 TransformSkipFast:1 TransformSkipLog2MaxSize:5 ChromaTS:1 BDPCM:0 Tiles: 1x1 Slices: 1 MCTS:0 SAO:1 ALF:1 CCALF:1 WPP:0 WPB:0 PME:2  WaveFrontSynchro:0 WaveFrontSubstreams:1 ScalingList:0 TMVPMode:1  DQ:1  SignBitHidingFlag:0 RecalQP:0 
TOOL CFG: LFNST:1 MMVD:1 Affine:1 AffineType:1 PROF:1 SbTMVP:1 DualITree:1 IMV:1 BIO:1 LMChroma:1 HorCollocatedChroma:1 VerCollocatedChroma:0 MTS: 1(intra) 0(inter) SBT:1 ISP:1 SMVD:1 CompositeLTReference:0 Bcw:1 BcwFast:1 LADF:0 CIIP:1 Geo:1 AllowDisFracMMVD:1 AffineAmvr:1 AffineAmvrEncOpt:1 DMVR:1 MmvdDisNum:6 JointCbCr:1 ACT:0 PLT:0 IBC:0 HashME:0 WrapAround:0 VirtualBoundariesEnabledFlag:0 VirtualBoundariesPresentInSPSFlag:1 vertical virtual boundaries:[ ] horizontal virtual boundaries:[ ] Reshape:1 (Signal:SDR Opt:0 CSoffset:6) MRL:1 MIP:1 EncDbOpt:0 
FAST TOOL CFG: LCTUFast:1 FastMrg:1 PBIntraFast:1 IMV4PelFast:1 MTSMaxCand: 4(intra) 4(inter) ISPFast:0 FastLFNST:0 AMaxBT:1 E0023FastEnc:1 ContentBasedFastQtbt:0 UseNonLinearAlfLuma:1 UseNonLinearAlfChroma:1 MaxNumAlfAlternativesChroma:8 FastMIP:0 FastLocalDualTree:1 NumSplitThreads:1 NumWppThreads:1+0 EnsureWppBitEqual:0 RPR:0 TemporalFilter:0 


 started @ Tue Jan 14 00:06:56 2025
POC    0 LId:  0 TId: 0 ( IDR_N_LP, I-SLICE, QP 26 )     142232 bits [Y 38.5244 dB    U 42.5004 dB    V 43.3813 dB] [ET    21 ] [L0] [L1]
POC   32 LId:  0 TId: 0 ( TRAIL, B-SLICE, QP 28 )      51064 bits [Y 36.9529 dB    U 42.0004 dB    V 42.8057 dB] [ET    24 ] [L0 0] [L1 0c]
POC   16 LId:  0 TId: 1 ( STSA, B-SLICE, QP 31 )      18016 bits [Y 35.7187 dB    U 42.0756 dB    V 42.8301 dB] [ET    21 ] [L0 0 32] [L1 32c 0]
POC    8 LId:  0 TId: 2 ( STSA, B-SLICE, QP 31 )      13600 bits [Y 35.7402 dB    U 42.2066 dB    V 43.0570 dB] [ET    16 ] [L0 0 16] [L1 16c 32]
POC    4 LId:  0 TId: 3 ( STSA, B-SLICE, QP 35 )       4344 bits [Y 34.7844 dB    U 42.3399 dB    V 43.2134 dB] [ET     7 ] [L0 0 8] [L1 8c 16]
POC    2 LId:  0 TId: 4 ( STSA, B-SLICE, QP 36 )       1168 bits [Y 35.2132 dB    U 42.3267 dB    V 43.2713 dB] [ET     4 ] [L0 0 4] [L1 4c 8]
POC    1 LId:  0 TId: 5 ( STSA, B-SLICE, QP 38 )        320 bits [Y 36.1295 dB    U 42.3770 dB    V 43.3564 dB] [ET     1 ] [L0 0 2] [L1 2c 4]
POC    3 LId:  0 TId: 5 ( STSA, B-SLICE, QP 38 )        272 bits [Y 34.7997 dB    U 42.3441 dB    V 43.2212 dB] [ET     2 ] [L0 2c 0] [L1 4 8]
POC    6 LId:  0 TId: 4 ( STSA, B-SLICE, QP 36 )       1336 bits [Y 34.7018 dB    U 42.3142 dB    V 43.1090 dB] [ET     5 ] [L0 4c 0] [L1 8 16]
POC    5 LId:  0 TId: 5 ( STSA, B-SLICE, QP 38 )        296 bits [Y 34.6891 dB    U 42.2851 dB    V 43.0910 dB] [ET     2 ] [L0 4 0] [L1 6c 8]
POC    7 LId:  0 TId: 5 ( STSA, B-SLICE, QP 38 )        264 bits [Y 35.0391 dB    U 42.2159 dB    V 43.0703 dB] [ET     2 ] [L0 6c 4] [L1 8 16]
POC   12 LId:  0 TId: 3 ( STSA, B-SLICE, QP 35 )       4368 bits [Y 34.4977 dB    U 42.1548 dB    V 42.8982 dB] [ET     9 ] [L0 8 0] [L1 16c 32]
POC   10 LId:  0 TId: 4 ( STSA, B-SLICE, QP 36 )       1488 bits [Y 34.7715 dB    U 42.2001 dB    V 42.9680 dB] [ET     4 ] [L0 8 0] [L1 12c 16]
POC    9 LId:  0 TId: 5 ( STSA, B-SLICE, QP 38 )        328 bits [Y 35.1098 dB    U 42.2507 dB    V 43.0159 dB] [ET     2 ] [L0 8 0] [L1 10c 12]
POC   11 LId:  0 TId: 5 ( STSA, B-SLICE, QP 38 )        280 bits [Y 34.5448 dB    U 42.1832 dB    V 42.9770 dB] [ET     2 ] [L0 10c 8] [L1 12 16]
POC   14 LId:  0 TId: 4 ( STSA, B-SLICE, QP 36 )       1536 bits [Y 34.4379 dB    U 42.0936 dB    V 42.8707 dB] [ET     4 ] [L0 12c 8] [L1 16 32]
POC   13 LId:  0 TId: 5 ( STSA, B-SLICE, QP 38 )        232 bits [Y 34.4055 dB    U 42.1336 dB    V 42.9209 dB] [ET     3 ] [L0 12 8] [L1 14c 16]
POC   15 LId:  0 TId: 5 ( STSA, B-SLICE, QP 38 )        248 bits [Y 34.8206 dB    U 42.0536 dB    V 42.8510 dB] [ET     3 ] [L0 14c 12] [L1 16 32]
POC   24 LId:  0 TId: 2 ( STSA, B-SLICE, QP 31 )      12936 bits [Y 35.5647 dB    U 41.8015 dB    V 42.7907 dB] [ET    14 ] [L0 16c 0] [L1 32 16]
POC   20 LId:  0 TId: 3 ( STSA, B-SLICE, QP 35 )       4528 bits [Y 34.4185 dB    U 41.9247 dB    V 42.7821 dB] [ET     8 ] [L0 16 0] [L1 24c 32]
POC   18 LId:  0 TId: 4 ( STSA, B-SLICE, QP 36 )       1568 bits [Y 34.7403 dB    U 42.0105 dB    V 42.8479 dB] [ET     4 ] [L0 16 0] [L1 20c 24]
POC   17 LId:  0 TId: 5 ( STSA, B-SLICE, QP 38 )        352 bits [Y 35.1559 dB    U 42.0341 dB    V 42.8604 dB] [ET     2 ] [L0 16 0] [L1 18c 20]
POC   19 LId:  0 TId: 5 ( STSA, B-SLICE, QP 38 )        360 bits [Y 34.4744 dB    U 41.9238 dB    V 42.7791 dB] [ET     2 ] [L0 18c 16] [L1 20 24]
POC   22 LId:  0 TId: 4 ( STSA, B-SLICE, QP 36 )       1664 bits [Y 34.5023 dB    U 41.8997 dB    V 42.7597 dB] [ET     4 ] [L0 20c 16] [L1 24 32]
POC   21 LId:  0 TId: 5 ( STSA, B-SLICE, QP 38 )        392 bits [Y 34.4081 dB    U 41.9448 dB    V 42.7879 dB] [ET     3 ] [L0 20 16] [L1 22c 24]
POC   23 LId:  0 TId: 5 ( STSA, B-SLICE, QP 38 )        352 bits [Y 34.9013 dB    U 41.8742 dB    V 42.7907 dB] [ET     1 ] [L0 22c 20] [L1 24 32]
POC   28 LId:  0 TId: 3 ( STSA, B-SLICE, QP 35 )       3920 bits [Y 34.6103 dB    U 41.9400 dB    V 42.7895 dB] [ET     6 ] [L0 24c 16] [L1 32 24]
POC   26 LId:  0 TId: 4 ( STSA, B-SLICE, QP 36 )       1464 bits [Y 34.6920 dB    U 41.8726 dB    V 42.7311 dB] [ET     5 ] [L0 24 16] [L1 28c 32]
POC   25 LId:  0 TId: 5 ( STSA, B-SLICE, QP 38 )        400 bits [Y 35.0405 dB    U 41.8684 dB    V 42.7781 dB] [ET     3 ] [L0 24 16] [L1 26c 28]
POC   27 LId:  0 TId: 5 ( STSA, B-SLICE, QP 38 )        296 bits [Y 34.5140 dB    U 41.9009 dB    V 42.7538 dB] [ET     2 ] [L0 26c 24] [L1 28 32]
POC   30 LId:  0 TId: 4 ( STSA, B-SLICE, QP 36 )       1288 bits [Y 34.6945 dB    U 41.9843 dB    V 42.8096 dB] [ET     4 ] [L0 28c 16] [L1 32 28]
POC   29 LId:  0 TId: 5 ( STSA, B-SLICE, QP 38 )        320 bits [Y 34.4495 dB    U 41.9295 dB    V 42.7849 dB] [ET     3 ] [L0 28 16] [L1 30c 32]
POC   31 LId:  0 TId: 5 ( STSA, B-SLICE, QP 38 )        360 bits [Y 35.5763 dB    U 41.9525 dB    V 42.8218 dB] [ET     2 ] [L0 30c 28] [L1 32 30]
POC   64 LId:  0 TId: 0 ( CRA, I-SLICE, QP 26 )     148136 bits [Y 38.4233 dB    U 42.0438 dB    V 43.2523 dB] [ET    23 ] [L0] [L1]
POC   48 LId:  0 TId: 1 ( RASL, B-SLICE, QP 31 )      18960 bits [Y 35.7218 dB    U 42.2035 dB    V 43.3378 dB] [ET    17 ] [L0 32c 16] [L1 64 32]
POC   40 LId:  0 TId: 2 ( RASL, B-SLICE, QP 31 )      13760 bits [Y 35.8057 dB    U 42.2141 dB    V 43.2294 dB] [ET    15 ] [L0 32 16] [L1 48c 64]
POC   36 LId:  0 TId: 3 ( RASL, B-SLICE, QP 35 )       3944 bits [Y 34.8310 dB    U 42.0706 dB    V 42.8893 dB] [ET     8 ] [L0 32 16] [L1 40c 48]
POC   34 LId:  0 TId: 4 ( RASL, B-SLICE, QP 36 )       1560 bits [Y 34.7377 dB    U 42.1100 dB    V 42.9296 dB] [ET     4 ] [L0 32 16] [L1 36c 40]
POC   33 LId:  0 TId: 5 ( RASL, B-SLICE, QP 38 )        384 bits [Y 35.5460 dB    U 42.0689 dB    V 42.9330 dB] [ET     3 ] [L0 32 34] [L1 34c 36]
POC   35 LId:  0 TId: 5 ( RASL, B-SLICE, QP 38 )        376 bits [Y 34.5726 dB    U 42.1366 dB    V 42.8937 dB] [ET     3 ] [L0 34c 32] [L1 36 40]
POC   38 LId:  0 TId: 4 ( RASL, B-SLICE, QP 36 )       1392 bits [Y 34.5142 dB    U 42.1364 dB    V 43.0495 dB] [ET     5 ] [L0 36c 32] [L1 40 48]
POC   37 LId:  0 TId: 5 ( RASL, B-SLICE, QP 38 )        456 bits [Y 34.5218 dB    U 42.1244 dB    V 42.9858 dB] [ET     2 ] [L0 36 32] [L1 38c 40]
POC   39 LId:  0 TId: 5 ( RASL, B-SLICE, QP 38 )        448 bits [Y 34.9533 dB    U 42.1880 dB    V 43.1589 dB] [ET     3 ] [L0 38c 36] [L1 40 48]
POC   44 LId:  0 TId: 3 ( RASL, B-SLICE, QP 35 )       3792 bits [Y 34.5987 dB    U 42.2830 dB    V 43.3622 dB] [ET     8 ] [L0 40 32] [L1 48c 64]
POC   42 LId:  0 TId: 4 ( RASL, B-SLICE, QP 36 )       1568 bits [Y 34.3675 dB    U 42.2346 dB    V 43.2961 dB] [ET     6 ] [L0 40 32] [L1 44c 48]
POC   41 LId:  0 TId: 5 ( RASL, B-SLICE, QP 38 )        296 bits [Y 35.0697 dB    U 42.2307 dB    V 43.2644 dB] [ET     3 ] [L0 40 32] [L1 42c 44]
POC   43 LId:  0 TId: 5 ( RASL, B-SLICE, QP 38 )        392 bits [Y 34.3601 dB    U 42.2641 dB    V 43.2590 dB] [ET     3 ] [L0 42c 40] [L1 44 48]
POC   46 LId:  0 TId: 4 ( RASL, B-SLICE, QP 36 )       1784 bits [Y 34.4137 dB    U 42.3054 dB    V 43.3090 dB] [ET     7 ] [L0 44c 40] [L1 48 64]
POC   45 LId:  0 TId: 5 ( RASL, B-SLICE, QP 38 )        384 bits [Y 34.4798 dB    U 42.2629 dB    V 43.2891 dB] [ET     3 ] [L0 44 40] [L1 46c 48]
POC   47 LId:  0 TId: 5 ( RASL, B-SLICE, QP 38 )        264 bits [Y 34.9103 dB    U 42.3169 dB    V 43.3786 dB] [ET     3 ] [L0 46c 44] [L1 48 64]
POC   56 LId:  0 TId: 2 ( RASL, B-SLICE, QP 31 )      14800 bits [Y 35.7368 dB    U 42.2824 dB    V 43.3124 dB] [ET    15 ] [L0 48c 32] [L1 64 48]
POC   52 LId:  0 TId: 3 ( RASL, B-SLICE, QP 35 )       4040 bits [Y 34.8024 dB    U 42.1549 dB    V 43.2980 dB] [ET     8 ] [L0 48 32] [L1 56c 64]
POC   50 LId:  0 TId: 4 ( RASL, B-SLICE, QP 36 )       1488 bits [Y 34.4895 dB    U 42.2073 dB    V 43.2761 dB] [ET     5 ] [L0 48 32] [L1 52c 56]
POC   49 LId:  0 TId: 5 ( RASL, B-SLICE, QP 38 )        248 bits [Y 34.8761 dB    U 42.2526 dB    V 43.3704 dB] [ET     3 ] [L0 48 32] [L1 50c 52]
POC   51 LId:  0 TId: 5 ( RASL, B-SLICE, QP 38 )        296 bits [Y 34.3777 dB    U 42.2068 dB    V 43.2837 dB] [ET     3 ] [L0 50c 48] [L1 52 56]
POC   54 LId:  0 TId: 4 ( RASL, B-SLICE, QP 36 )       1952 bits [Y 34.4360 dB    U 42.1658 dB    V 43.2303 dB] [ET     6 ] [L0 52c 48] [L1 56 64]
POC   53 LId:  0 TId: 5 ( RASL, B-SLICE, QP 38 )        360 bits [Y 34.5623 dB    U 42.2012 dB    V 43.2344 dB] [ET     2 ] [L0 52 48] [L1 54c 56]
POC   55 LId:  0 TId: 5 ( RASL, B-SLICE, QP 38 )        288 bits [Y 34.9327 dB    U 42.2683 dB    V 43.2667 dB] [ET     2 ] [L0 54c 52] [L1 56 64]
POC   60 LId:  0 TId: 3 ( RASL, B-SLICE, QP 35 )       3968 bits [Y 34.9081 dB    U 42.0193 dB    V 43.1189 dB] [ET     9 ] [L0 56c 48] [L1 64 56]
POC   58 LId:  0 TId: 4 ( RASL, B-SLICE, QP 36 )       1984 bits [Y 34.6698 dB    U 42.0969 dB    V 43.2046 dB] [ET     5 ] [L0 56 48] [L1 60c 64]
POC   57 LId:  0 TId: 5 ( RASL, B-SLICE, QP 38 )        432 bits [Y 35.0623 dB    U 42.1464 dB    V 43.2003 dB] [ET     3 ] [L0 56 48] [L1 58c 60]
POC   59 LId:  0 TId: 5 ( RASL, B-SLICE, QP 38 )        400 bits [Y 34.5485 dB    U 42.0544 dB    V 43.1006 dB] [ET     3 ] [L0 58c 56] [L1 60 64]
POC   62 LId:  0 TId: 4 ( RASL, B-SLICE, QP 36 )       1848 bits [Y 34.6195 dB    U 42.0659 dB    V 43.1489 dB] [ET     5 ] [L0 60c 48] [L1 64 60]
POC   61 LId:  0 TId: 5 ( RASL, B-SLICE, QP 38 )        336 bits [Y 34.6645 dB    U 42.0051 dB    V 43.1360 dB] [ET     3 ] [L0 60 48] [L1 62c 64]
POC   63 LId:  0 TId: 5 ( RASL, B-SLICE, QP 38 )        344 bits [Y 35.6209 dB    U 42.0259 dB    V 43.1855 dB] [ET     3 ] [L0 62c 60] [L1 64 62]

LayerId  0
	Total Frames |   Bitrate     Y-PSNR    U-PSNR    V-PSNR    YUV-PSNR   
	       65    a     463.6357   34.9963   42.1271   43.0609   36.3357

 finished @ Tue Jan 14 00:13:54 2025
 Total Time:      418.086 sec. [user]      418.087 sec. [elapsed]
