
VVCSoftware: VTM Encoder Version 10.0 [Windows][VS 1916][64 bit] [SIMD=AVX2] 

TOOL CFG: IBD:1 HAD:1 RDQ:1 RDQTS:1 RDpenalty:0 LQP:0 SQP:0 ASR:1 MinSearchWindow:96 RestrictMESampling:0 FEN:1 ECU:0 FDM:1 CFM:0 ESD:0 TransformSkip:1 TransformSkipFast:1 TransformSkipLog2MaxSize:5 ChromaTS:1 BDPCM:0 Tiles: 1x1 Slices: 1 MCTS:0 SAO:1 ALF:1 CCALF:1 WPP:0 WPB:0 PME:2  WaveFrontSynchro:0 WaveFrontSubstreams:1 ScalingList:0 TMVPMode:1  DQ:1  SignBitHidingFlag:0 RecalQP:0 
TOOL CFG: LFNST:1 MMVD:1 Affine:1 AffineType:1 PROF:1 SbTMVP:1 DualITree:1 IMV:1 BIO:1 LMChroma:1 HorCollocatedChroma:1 VerCollocatedChroma:0 MTS: 1(intra) 0(inter) SBT:1 ISP:1 SMVD:1 CompositeLTReference:0 Bcw:1 BcwFast:1 LADF:0 CIIP:1 Geo:1 AllowDisFracMMVD:1 AffineAmvr:1 AffineAmvrEncOpt:1 DMVR:1 MmvdDisNum:6 JointCbCr:1 ACT:0 PLT:0 IBC:0 HashME:0 WrapAround:0 VirtualBoundariesEnabledFlag:0 VirtualBoundariesPresentInSPSFlag:1 vertical virtual boundaries:[ ] horizontal virtual boundaries:[ ] Reshape:1 (Signal:SDR Opt:0 CSoffset:6) MRL:1 MIP:1 EncDbOpt:0 
FAST TOOL CFG: LCTUFast:1 FastMrg:1 PBIntraFast:1 IMV4PelFast:1 MTSMaxCand: 4(intra) 4(inter) ISPFast:0 FastLFNST:0 AMaxBT:1 E0023FastEnc:1 ContentBasedFastQtbt:0 UseNonLinearAlfLuma:1 UseNonLinearAlfChroma:1 MaxNumAlfAlternativesChroma:8 FastMIP:0 FastLocalDualTree:1 NumSplitThreads:1 NumWppThreads:1+0 EnsureWppBitEqual:0 RPR:0 TemporalFilter:0 


 started @ Mon Jan 13 23:13:28 2025
POC    0 LId:  0 TId: 0 ( IDR_N_LP, I-SLICE, QP 26 )     142232 bits [Y 38.5244 dB    U 42.5004 dB    V 43.3813 dB] [ET    21 ] [L0] [L1]
POC   32 LId:  0 TId: 0 ( CRA, I-SLICE, QP 26 )     146384 bits [Y 38.4547 dB    U 42.2256 dB    V 43.1531 dB] [ET    20 ] [L0] [L1]
POC   16 LId:  0 TId: 1 ( RASL, B-SLICE, QP 31 )      17568 bits [Y 36.0943 dB    U 42.4730 dB    V 43.2236 dB] [ET    18 ] [L0 0 32] [L1 32c 0]
POC    8 LId:  0 TId: 2 ( RASL, B-SLICE, QP 31 )      13424 bits [Y 36.0972 dB    U 42.4509 dB    V 43.4862 dB] [ET    16 ] [L0 0 16] [L1 16c 32]
POC    4 LId:  0 TId: 3 ( RASL, B-SLICE, QP 35 )       4144 bits [Y 34.9245 dB    U 42.5220 dB    V 43.5208 dB] [ET     8 ] [L0 0 8] [L1 8c 16]
POC    2 LId:  0 TId: 4 ( RASL, B-SLICE, QP 36 )       1072 bits [Y 35.3099 dB    U 42.4297 dB    V 43.4271 dB] [ET     4 ] [L0 0 4] [L1 4c 8]
POC    1 LId:  0 TId: 5 ( RASL, B-SLICE, QP 38 )        264 bits [Y 36.1754 dB    U 42.4372 dB    V 43.4398 dB] [ET     1 ] [L0 0 2] [L1 2c 4]
POC    3 LId:  0 TId: 5 ( RASL, B-SLICE, QP 38 )        264 bits [Y 34.9178 dB    U 42.4800 dB    V 43.4596 dB] [ET     2 ] [L0 2c 0] [L1 4 8]
POC    6 LId:  0 TId: 4 ( RASL, B-SLICE, QP 36 )       1544 bits [Y 35.0276 dB    U 42.5269 dB    V 43.4860 dB] [ET     4 ] [L0 4c 0] [L1 8 16]
POC    5 LId:  0 TId: 5 ( RASL, B-SLICE, QP 38 )        232 bits [Y 34.9223 dB    U 42.4866 dB    V 43.4389 dB] [ET     2 ] [L0 4 0] [L1 6c 8]
POC    7 LId:  0 TId: 5 ( RASL, B-SLICE, QP 38 )        232 bits [Y 35.3831 dB    U 42.4526 dB    V 43.5038 dB] [ET     2 ] [L0 6c 4] [L1 8 16]
POC   12 LId:  0 TId: 3 ( RASL, B-SLICE, QP 35 )       4736 bits [Y 34.9615 dB    U 42.4925 dB    V 43.4037 dB] [ET    10 ] [L0 8 0] [L1 16c 32]
POC   10 LId:  0 TId: 4 ( RASL, B-SLICE, QP 36 )       1544 bits [Y 35.2094 dB    U 42.4817 dB    V 43.4891 dB] [ET     5 ] [L0 8 0] [L1 12c 16]
POC    9 LId:  0 TId: 5 ( RASL, B-SLICE, QP 38 )        256 bits [Y 35.4760 dB    U 42.4795 dB    V 43.4982 dB] [ET     2 ] [L0 8 0] [L1 10c 12]
POC   11 LId:  0 TId: 5 ( RASL, B-SLICE, QP 38 )        264 bits [Y 34.8912 dB    U 42.4792 dB    V 43.4861 dB] [ET     3 ] [L0 10c 8] [L1 12 16]
POC   14 LId:  0 TId: 4 ( RASL, B-SLICE, QP 36 )       1416 bits [Y 34.8258 dB    U 42.4894 dB    V 43.3388 dB] [ET     5 ] [L0 12c 8] [L1 16 32]
POC   13 LId:  0 TId: 5 ( RASL, B-SLICE, QP 38 )        240 bits [Y 34.8008 dB    U 42.4740 dB    V 43.4236 dB] [ET     3 ] [L0 12 8] [L1 14c 16]
POC   15 LId:  0 TId: 5 ( RASL, B-SLICE, QP 38 )        280 bits [Y 35.1726 dB    U 42.4437 dB    V 43.2910 dB] [ET     3 ] [L0 14c 12] [L1 16 32]
POC   24 LId:  0 TId: 2 ( RASL, B-SLICE, QP 31 )      12680 bits [Y 36.0715 dB    U 42.2716 dB    V 43.3979 dB] [ET    13 ] [L0 16c 0] [L1 32 16]
POC   20 LId:  0 TId: 3 ( RASL, B-SLICE, QP 35 )       4352 bits [Y 34.7704 dB    U 42.4019 dB    V 43.2626 dB] [ET     9 ] [L0 16 0] [L1 24c 32]
POC   18 LId:  0 TId: 4 ( RASL, B-SLICE, QP 36 )       1376 bits [Y 35.0194 dB    U 42.4376 dB    V 43.2829 dB] [ET     4 ] [L0 16 0] [L1 20c 24]
POC   17 LId:  0 TId: 5 ( RASL, B-SLICE, QP 38 )        384 bits [Y 35.5343 dB    U 42.4578 dB    V 43.2681 dB] [ET     1 ] [L0 16 0] [L1 18c 20]
POC   19 LId:  0 TId: 5 ( RASL, B-SLICE, QP 38 )        360 bits [Y 34.7595 dB    U 42.3825 dB    V 43.2572 dB] [ET     3 ] [L0 18c 16] [L1 20 24]
POC   22 LId:  0 TId: 4 ( RASL, B-SLICE, QP 36 )       1776 bits [Y 34.9039 dB    U 42.3916 dB    V 43.3472 dB] [ET     5 ] [L0 20c 16] [L1 24 32]
POC   21 LId:  0 TId: 5 ( RASL, B-SLICE, QP 38 )        376 bits [Y 34.7820 dB    U 42.4116 dB    V 43.3397 dB] [ET     3 ] [L0 20 16] [L1 22c 24]
POC   23 LId:  0 TId: 5 ( RASL, B-SLICE, QP 38 )        344 bits [Y 35.3975 dB    U 42.3564 dB    V 43.3855 dB] [ET     3 ] [L0 22c 20] [L1 24 32]
POC   28 LId:  0 TId: 3 ( RASL, B-SLICE, QP 35 )       3752 bits [Y 35.0198 dB    U 42.3120 dB    V 43.2552 dB] [ET     7 ] [L0 24c 16] [L1 32 24]
POC   26 LId:  0 TId: 4 ( RASL, B-SLICE, QP 36 )       1464 bits [Y 35.0761 dB    U 42.2887 dB    V 43.2699 dB] [ET     5 ] [L0 24 16] [L1 28c 32]
POC   25 LId:  0 TId: 5 ( RASL, B-SLICE, QP 38 )        424 bits [Y 35.4571 dB    U 42.3225 dB    V 43.3374 dB] [ET     3 ] [L0 24 16] [L1 26c 28]
POC   27 LId:  0 TId: 5 ( RASL, B-SLICE, QP 38 )        296 bits [Y 34.8738 dB    U 42.2945 dB    V 43.2434 dB] [ET     3 ] [L0 26c 24] [L1 28 32]
POC   30 LId:  0 TId: 4 ( RASL, B-SLICE, QP 36 )       1216 bits [Y 35.0499 dB    U 42.2588 dB    V 43.1906 dB] [ET     5 ] [L0 28c 16] [L1 32 28]
POC   29 LId:  0 TId: 5 ( RASL, B-SLICE, QP 38 )        304 bits [Y 34.7686 dB    U 42.2568 dB    V 43.2065 dB] [ET     3 ] [L0 28 16] [L1 30c 32]
POC   31 LId:  0 TId: 5 ( RASL, B-SLICE, QP 38 )        336 bits [Y 36.1480 dB    U 42.1789 dB    V 43.1834 dB] [ET     3 ] [L0 30c 28] [L1 32 30]
POC   64 LId:  0 TId: 0 ( CRA, I-SLICE, QP 26 )     148136 bits [Y 38.4233 dB    U 42.0438 dB    V 43.2523 dB] [ET    23 ] [L0] [L1]
POC   48 LId:  0 TId: 1 ( RASL, B-SLICE, QP 31 )      19472 bits [Y 35.8900 dB    U 42.2887 dB    V 43.4958 dB] [ET    23 ] [L0 32 64] [L1 64c 32]
POC   40 LId:  0 TId: 2 ( RASL, B-SLICE, QP 31 )      13104 bits [Y 35.8634 dB    U 42.3705 dB    V 43.4108 dB] [ET    18 ] [L0 32 48] [L1 48c 64]
POC   36 LId:  0 TId: 3 ( RASL, B-SLICE, QP 35 )       3944 bits [Y 34.9169 dB    U 42.2251 dB    V 43.1167 dB] [ET     9 ] [L0 32 40] [L1 40c 48]
POC   34 LId:  0 TId: 4 ( RASL, B-SLICE, QP 36 )       1120 bits [Y 34.7472 dB    U 42.1746 dB    V 43.1203 dB] [ET     4 ] [L0 32 36] [L1 36c 40]
POC   33 LId:  0 TId: 5 ( RASL, B-SLICE, QP 38 )        392 bits [Y 35.9143 dB    U 42.1630 dB    V 43.1817 dB] [ET     2 ] [L0 32 34] [L1 34c 36]
POC   35 LId:  0 TId: 5 ( RASL, B-SLICE, QP 38 )        424 bits [Y 34.6681 dB    U 42.2148 dB    V 43.0630 dB] [ET     3 ] [L0 34c 32] [L1 36 40]
POC   38 LId:  0 TId: 4 ( RASL, B-SLICE, QP 36 )       1696 bits [Y 34.6586 dB    U 42.2585 dB    V 43.2201 dB] [ET     5 ] [L0 36c 32] [L1 40 48]
POC   37 LId:  0 TId: 5 ( RASL, B-SLICE, QP 38 )        448 bits [Y 34.7023 dB    U 42.2325 dB    V 43.1470 dB] [ET     2 ] [L0 36 32] [L1 38c 40]
POC   39 LId:  0 TId: 5 ( RASL, B-SLICE, QP 38 )        448 bits [Y 35.0338 dB    U 42.3158 dB    V 43.3439 dB] [ET     2 ] [L0 38c 36] [L1 40 48]
POC   44 LId:  0 TId: 3 ( RASL, B-SLICE, QP 35 )       4024 bits [Y 34.6960 dB    U 42.4251 dB    V 43.5062 dB] [ET     8 ] [L0 40 32] [L1 48c 64]
POC   42 LId:  0 TId: 4 ( RASL, B-SLICE, QP 36 )       1616 bits [Y 34.4945 dB    U 42.3748 dB    V 43.4386 dB] [ET     6 ] [L0 40 32] [L1 44c 48]
POC   41 LId:  0 TId: 5 ( RASL, B-SLICE, QP 38 )        288 bits [Y 35.1652 dB    U 42.3729 dB    V 43.4358 dB] [ET     2 ] [L0 40 32] [L1 42c 44]
POC   43 LId:  0 TId: 5 ( RASL, B-SLICE, QP 38 )        280 bits [Y 34.5238 dB    U 42.3843 dB    V 43.3938 dB] [ET     3 ] [L0 42c 40] [L1 44 48]
POC   46 LId:  0 TId: 4 ( RASL, B-SLICE, QP 36 )       1512 bits [Y 34.4673 dB    U 42.3901 dB    V 43.4477 dB] [ET     5 ] [L0 44c 40] [L1 48 64]
POC   45 LId:  0 TId: 5 ( RASL, B-SLICE, QP 38 )        344 bits [Y 34.6208 dB    U 42.3769 dB    V 43.4379 dB] [ET     2 ] [L0 44 40] [L1 46c 48]
POC   47 LId:  0 TId: 5 ( RASL, B-SLICE, QP 38 )        240 bits [Y 34.9114 dB    U 42.3704 dB    V 43.4981 dB] [ET     3 ] [L0 46c 44] [L1 48 64]
POC   56 LId:  0 TId: 2 ( RASL, B-SLICE, QP 31 )      14712 bits [Y 35.8267 dB    U 42.2319 dB    V 43.3320 dB] [ET    15 ] [L0 48c 32] [L1 64 48]
POC   52 LId:  0 TId: 3 ( RASL, B-SLICE, QP 35 )       4048 bits [Y 34.8150 dB    U 42.1612 dB    V 43.3587 dB] [ET     9 ] [L0 48 32] [L1 56c 64]
POC   50 LId:  0 TId: 4 ( RASL, B-SLICE, QP 36 )       1656 bits [Y 34.6154 dB    U 42.2399 dB    V 43.3532 dB] [ET     5 ] [L0 48 32] [L1 52c 56]
POC   49 LId:  0 TId: 5 ( RASL, B-SLICE, QP 38 )        264 bits [Y 35.0005 dB    U 42.3022 dB    V 43.4616 dB] [ET     3 ] [L0 48 32] [L1 50c 52]
POC   51 LId:  0 TId: 5 ( RASL, B-SLICE, QP 38 )        296 bits [Y 34.5905 dB    U 42.2303 dB    V 43.3220 dB] [ET     2 ] [L0 50c 48] [L1 52 56]
POC   54 LId:  0 TId: 4 ( RASL, B-SLICE, QP 36 )       1936 bits [Y 34.5761 dB    U 42.1599 dB    V 43.2517 dB] [ET     6 ] [L0 52c 48] [L1 56 64]
POC   53 LId:  0 TId: 5 ( RASL, B-SLICE, QP 38 )        288 bits [Y 34.5580 dB    U 42.2009 dB    V 43.2700 dB] [ET     3 ] [L0 52 48] [L1 54c 56]
POC   55 LId:  0 TId: 5 ( RASL, B-SLICE, QP 38 )        272 bits [Y 35.0263 dB    U 42.2503 dB    V 43.2742 dB] [ET     3 ] [L0 54c 52] [L1 56 64]
POC   60 LId:  0 TId: 3 ( RASL, B-SLICE, QP 35 )       3936 bits [Y 34.9798 dB    U 42.0810 dB    V 43.1905 dB] [ET     7 ] [L0 56c 48] [L1 64 56]
POC   58 LId:  0 TId: 4 ( RASL, B-SLICE, QP 36 )       1888 bits [Y 34.6677 dB    U 42.1450 dB    V 43.2599 dB] [ET     5 ] [L0 56 48] [L1 60c 64]
POC   57 LId:  0 TId: 5 ( RASL, B-SLICE, QP 38 )        352 bits [Y 35.0494 dB    U 42.1411 dB    V 43.2275 dB] [ET     3 ] [L0 56 48] [L1 58c 60]
POC   59 LId:  0 TId: 5 ( RASL, B-SLICE, QP 38 )        336 bits [Y 34.5244 dB    U 42.0966 dB    V 43.1668 dB] [ET     3 ] [L0 58c 56] [L1 60 64]
POC   62 LId:  0 TId: 4 ( RASL, B-SLICE, QP 36 )       1536 bits [Y 34.6364 dB    U 42.0955 dB    V 43.1832 dB] [ET     5 ] [L0 60c 48] [L1 64 60]
POC   61 LId:  0 TId: 5 ( RASL, B-SLICE, QP 38 )        384 bits [Y 34.6636 dB    U 42.0406 dB    V 43.1921 dB] [ET     3 ] [L0 60 48] [L1 62c 64]
POC   63 LId:  0 TId: 5 ( RASL, B-SLICE, QP 38 )        304 bits [Y 35.6228 dB    U 42.0324 dB    V 43.2052 dB] [ET     3 ] [L0 62c 60] [L1 64 62]

LayerId  0
	Total Frames |   Bitrate     Y-PSNR    U-PSNR    V-PSNR    YUV-PSNR   
	       65    a     549.4449   35.2254   42.3191   43.3267   36.5567

 finished @ Mon Jan 13 23:20:33 2025
 Total Time:      424.466 sec. [user]      424.466 sec. [elapsed]
