
VVCSoftware: VTM Encoder Version 10.0 [Windows][VS 1916][64 bit] [SIMD=AVX2] 

TOOL CFG: IBD:1 HAD:1 RDQ:1 RDQTS:1 RDpenalty:0 LQP:0 SQP:0 ASR:1 MinSearchWindow:96 RestrictMESampling:0 FEN:1 ECU:0 FDM:1 CFM:0 ESD:0 TransformSkip:1 TransformSkipFast:1 TransformSkipLog2MaxSize:5 ChromaTS:1 BDPCM:0 Tiles: 1x1 Slices: 1 MCTS:0 SAO:1 ALF:1 CCALF:1 WPP:0 WPB:0 PME:2  WaveFrontSynchro:0 WaveFrontSubstreams:1 ScalingList:0 TMVPMode:1  DQ:1  SignBitHidingFlag:0 RecalQP:0 
TOOL CFG: LFNST:1 MMVD:1 Affine:1 AffineType:1 PROF:1 SbTMVP:1 DualITree:1 IMV:1 BIO:1 LMChroma:1 HorCollocatedChroma:1 VerCollocatedChroma:0 MTS: 1(intra) 0(inter) SBT:1 ISP:1 SMVD:1 CompositeLTReference:0 Bcw:1 BcwFast:1 LADF:0 CIIP:1 Geo:1 AllowDisFracMMVD:1 AffineAmvr:1 AffineAmvrEncOpt:1 DMVR:1 MmvdDisNum:6 JointCbCr:1 ACT:0 PLT:0 IBC:0 HashME:0 WrapAround:0 VirtualBoundariesEnabledFlag:0 VirtualBoundariesPresentInSPSFlag:1 vertical virtual boundaries:[ ] horizontal virtual boundaries:[ ] Reshape:1 (Signal:SDR Opt:0 CSoffset:6) MRL:1 MIP:1 EncDbOpt:0 
FAST TOOL CFG: LCTUFast:1 FastMrg:1 PBIntraFast:1 IMV4PelFast:1 MTSMaxCand: 4(intra) 4(inter) ISPFast:0 FastLFNST:0 AMaxBT:1 E0023FastEnc:1 ContentBasedFastQtbt:0 UseNonLinearAlfLuma:1 UseNonLinearAlfChroma:1 MaxNumAlfAlternativesChroma:8 FastMIP:0 FastLocalDualTree:1 NumSplitThreads:1 NumWppThreads:1+0 EnsureWppBitEqual:0 RPR:0 TemporalFilter:0 


 started @ Tue Jan 14 00:03:07 2025
POC    0 LId:  0 TId: 0 ( IDR_N_LP, I-SLICE, QP 23 )     180848 bits [Y 41.1517 dB    U 43.8436 dB    V 44.5289 dB] [ET    38 ] [L0] [L1]
POC   32 LId:  0 TId: 0 ( CRA, I-SLICE, QP 23 )     186528 bits [Y 41.1312 dB    U 43.5005 dB    V 44.5976 dB] [ET    48 ] [L0] [L1]
POC   16 LId:  0 TId: 1 ( RASL, B-SLICE, QP 27 )      33176 bits [Y 38.5499 dB    U 43.7656 dB    V 44.6662 dB] [ET    55 ] [L0 0 32] [L1 32c 0]
POC    8 LId:  0 TId: 2 ( RASL, B-SLICE, QP 28 )      22200 bits [Y 38.0753 dB    U 43.6253 dB    V 44.7295 dB] [ET    48 ] [L0 0 16] [L1 16c 32]
POC    4 LId:  0 TId: 3 ( RASL, B-SLICE, QP 31 )      10064 bits [Y 36.8542 dB    U 43.7060 dB    V 44.6526 dB] [ET    29 ] [L0 0 8] [L1 8c 16]
POC    2 LId:  0 TId: 4 ( RASL, B-SLICE, QP 33 )       2104 bits [Y 36.7894 dB    U 43.6876 dB    V 44.5863 dB] [ET    13 ] [L0 0 4] [L1 4c 8]
POC    1 LId:  0 TId: 5 ( RASL, B-SLICE, QP 34 )        640 bits [Y 37.6435 dB    U 43.6451 dB    V 44.5607 dB] [ET     5 ] [L0 0 2] [L1 2c 4]
POC    3 LId:  0 TId: 5 ( RASL, B-SLICE, QP 34 )        640 bits [Y 36.6444 dB    U 43.7171 dB    V 44.5913 dB] [ET     7 ] [L0 2c 0] [L1 4 8]
POC    6 LId:  0 TId: 4 ( RASL, B-SLICE, QP 33 )       2368 bits [Y 36.4733 dB    U 43.7494 dB    V 44.6840 dB] [ET    11 ] [L0 4c 0] [L1 8 16]
POC    5 LId:  0 TId: 5 ( RASL, B-SLICE, QP 34 )        584 bits [Y 36.5855 dB    U 43.6652 dB    V 44.5825 dB] [ET     7 ] [L0 4 0] [L1 6c 8]
POC    7 LId:  0 TId: 5 ( RASL, B-SLICE, QP 34 )        664 bits [Y 36.9975 dB    U 43.6480 dB    V 44.7021 dB] [ET     7 ] [L0 6c 4] [L1 8 16]
POC   12 LId:  0 TId: 3 ( RASL, B-SLICE, QP 31 )       9816 bits [Y 36.8520 dB    U 43.6651 dB    V 44.6015 dB] [ET    31 ] [L0 8c 0] [L1 16 32]
POC   10 LId:  0 TId: 4 ( RASL, B-SLICE, QP 33 )       2592 bits [Y 36.7605 dB    U 43.6682 dB    V 44.7550 dB] [ET    10 ] [L0 8 0] [L1 12c 16]
POC    9 LId:  0 TId: 5 ( RASL, B-SLICE, QP 34 )        616 bits [Y 37.1397 dB    U 43.6676 dB    V 44.7711 dB] [ET     6 ] [L0 8 0] [L1 10c 12]
POC   11 LId:  0 TId: 5 ( RASL, B-SLICE, QP 34 )        648 bits [Y 36.5945 dB    U 43.6782 dB    V 44.7771 dB] [ET     7 ] [L0 10c 8] [L1 12 16]
POC   14 LId:  0 TId: 4 ( RASL, B-SLICE, QP 33 )       2648 bits [Y 36.7003 dB    U 43.7211 dB    V 44.6676 dB] [ET    11 ] [L0 12c 8] [L1 16 32]
POC   13 LId:  0 TId: 5 ( RASL, B-SLICE, QP 34 )        656 bits [Y 36.6017 dB    U 43.7345 dB    V 44.7681 dB] [ET     7 ] [L0 12 8] [L1 14c 16]
POC   15 LId:  0 TId: 5 ( RASL, B-SLICE, QP 34 )        640 bits [Y 37.2493 dB    U 43.7171 dB    V 44.6916 dB] [ET     7 ] [L0 14c 12] [L1 16 32]
POC   24 LId:  0 TId: 2 ( RASL, B-SLICE, QP 28 )      21160 bits [Y 37.9832 dB    U 43.4046 dB    V 44.5794 dB] [ET    35 ] [L0 16c 0] [L1 32 16]
POC   20 LId:  0 TId: 3 ( RASL, B-SLICE, QP 31 )      10304 bits [Y 36.8094 dB    U 43.5047 dB    V 44.6226 dB] [ET    28 ] [L0 16 0] [L1 24c 32]
POC   18 LId:  0 TId: 4 ( RASL, B-SLICE, QP 33 )       2552 bits [Y 36.8190 dB    U 43.6932 dB    V 44.7643 dB] [ET    12 ] [L0 16 0] [L1 20c 24]
POC   17 LId:  0 TId: 5 ( RASL, B-SLICE, QP 34 )        504 bits [Y 37.3915 dB    U 43.7275 dB    V 44.7391 dB] [ET     6 ] [L0 16 0] [L1 18c 20]
POC   19 LId:  0 TId: 5 ( RASL, B-SLICE, QP 34 )        592 bits [Y 36.6034 dB    U 43.6075 dB    V 44.6860 dB] [ET     7 ] [L0 18c 16] [L1 20 24]
POC   22 LId:  0 TId: 4 ( RASL, B-SLICE, QP 33 )       2880 bits [Y 36.6347 dB    U 43.5355 dB    V 44.6534 dB] [ET    13 ] [L0 20c 16] [L1 24 32]
POC   21 LId:  0 TId: 5 ( RASL, B-SLICE, QP 34 )        656 bits [Y 36.6643 dB    U 43.5513 dB    V 44.7594 dB] [ET     8 ] [L0 20 16] [L1 22c 24]
POC   23 LId:  0 TId: 5 ( RASL, B-SLICE, QP 34 )        584 bits [Y 37.1055 dB    U 43.5048 dB    V 44.6513 dB] [ET     7 ] [L0 22c 20] [L1 24 32]
POC   28 LId:  0 TId: 3 ( RASL, B-SLICE, QP 31 )       8864 bits [Y 36.8411 dB    U 43.4410 dB    V 44.4987 dB] [ET    28 ] [L0 24c 16] [L1 32 24]
POC   26 LId:  0 TId: 4 ( RASL, B-SLICE, QP 33 )       2632 bits [Y 36.6206 dB    U 43.4384 dB    V 44.5105 dB] [ET    12 ] [L0 24 16] [L1 28c 32]
POC   25 LId:  0 TId: 5 ( RASL, B-SLICE, QP 34 )        552 bits [Y 37.0762 dB    U 43.4972 dB    V 44.6074 dB] [ET     7 ] [L0 24 16] [L1 26c 28]
POC   27 LId:  0 TId: 5 ( RASL, B-SLICE, QP 34 )        584 bits [Y 36.5917 dB    U 43.4400 dB    V 44.5994 dB] [ET     7 ] [L0 26c 24] [L1 28 32]
POC   30 LId:  0 TId: 4 ( RASL, B-SLICE, QP 33 )       2216 bits [Y 36.4663 dB    U 43.3977 dB    V 44.5122 dB] [ET    10 ] [L0 28c 16] [L1 32 28]
POC   29 LId:  0 TId: 5 ( RASL, B-SLICE, QP 34 )        744 bits [Y 36.4292 dB    U 43.3849 dB    V 44.5979 dB] [ET     7 ] [L0 28 16] [L1 30c 32]
POC   31 LId:  0 TId: 5 ( RASL, B-SLICE, QP 34 )        616 bits [Y 37.6851 dB    U 43.3291 dB    V 44.5518 dB] [ET     7 ] [L0 30c 28] [L1 32 30]
POC   64 LId:  0 TId: 0 ( CRA, I-SLICE, QP 23 )     189264 bits [Y 41.0959 dB    U 43.4855 dB    V 44.5588 dB] [ET    45 ] [L0] [L1]
POC   48 LId:  0 TId: 1 ( RASL, B-SLICE, QP 27 )      38480 bits [Y 38.5116 dB    U 43.3818 dB    V 44.7640 dB] [ET    50 ] [L0 32 64] [L1 64c 32]
POC   40 LId:  0 TId: 2 ( RASL, B-SLICE, QP 28 )      22648 bits [Y 37.9898 dB    U 43.4846 dB    V 44.7211 dB] [ET    52 ] [L0 32 48] [L1 48c 64]
POC   36 LId:  0 TId: 3 ( RASL, B-SLICE, QP 31 )       8704 bits [Y 36.8667 dB    U 43.3954 dB    V 44.6216 dB] [ET    29 ] [L0 32 40] [L1 40c 48]
POC   34 LId:  0 TId: 4 ( RASL, B-SLICE, QP 33 )       3128 bits [Y 36.3390 dB    U 43.3898 dB    V 44.5908 dB] [ET    14 ] [L0 32 36] [L1 36c 40]
POC   33 LId:  0 TId: 5 ( RASL, B-SLICE, QP 34 )        640 bits [Y 37.3996 dB    U 43.3518 dB    V 44.5713 dB] [ET     6 ] [L0 32 34] [L1 34c 36]
POC   35 LId:  0 TId: 5 ( RASL, B-SLICE, QP 34 )        744 bits [Y 36.3518 dB    U 43.3802 dB    V 44.5634 dB] [ET     6 ] [L0 34c 32] [L1 36 40]
POC   38 LId:  0 TId: 4 ( RASL, B-SLICE, QP 33 )       2968 bits [Y 36.2577 dB    U 43.4143 dB    V 44.6286 dB] [ET    13 ] [L0 36c 32] [L1 40 48]
POC   37 LId:  0 TId: 5 ( RASL, B-SLICE, QP 34 )        912 bits [Y 36.4118 dB    U 43.3772 dB    V 44.6769 dB] [ET     6 ] [L0 36 32] [L1 38c 40]
POC   39 LId:  0 TId: 5 ( RASL, B-SLICE, QP 34 )        568 bits [Y 36.6472 dB    U 43.4545 dB    V 44.7477 dB] [ET     7 ] [L0 38c 36] [L1 40 48]
POC   44 LId:  0 TId: 3 ( RASL, B-SLICE, QP 31 )       9120 bits [Y 36.8804 dB    U 43.4415 dB    V 44.8282 dB] [ET    31 ] [L0 40c 32] [L1 48 64]
POC   42 LId:  0 TId: 4 ( RASL, B-SLICE, QP 33 )       3424 bits [Y 36.1414 dB    U 43.4740 dB    V 44.8168 dB] [ET    19 ] [L0 40 32] [L1 44c 48]
POC   41 LId:  0 TId: 5 ( RASL, B-SLICE, QP 34 )        536 bits [Y 36.8225 dB    U 43.4824 dB    V 44.8359 dB] [ET     6 ] [L0 40 32] [L1 42c 44]
POC   43 LId:  0 TId: 5 ( RASL, B-SLICE, QP 34 )        640 bits [Y 36.2990 dB    U 43.4794 dB    V 44.7778 dB] [ET     7 ] [L0 42c 40] [L1 44 48]
POC   46 LId:  0 TId: 4 ( RASL, B-SLICE, QP 33 )       3328 bits [Y 36.1686 dB    U 43.4492 dB    V 44.7975 dB] [ET    21 ] [L0 44c 40] [L1 48 64]
POC   45 LId:  0 TId: 5 ( RASL, B-SLICE, QP 34 )        832 bits [Y 36.4410 dB    U 43.4555 dB    V 44.8232 dB] [ET     8 ] [L0 44 40] [L1 46c 48]
POC   47 LId:  0 TId: 5 ( RASL, B-SLICE, QP 34 )        768 bits [Y 36.8460 dB    U 43.4714 dB    V 44.8614 dB] [ET     8 ] [L0 46c 44] [L1 48 64]
POC   56 LId:  0 TId: 2 ( RASL, B-SLICE, QP 28 )      24584 bits [Y 37.8888 dB    U 43.3814 dB    V 44.6296 dB] [ET    39 ] [L0 48c 32] [L1 64 48]
POC   52 LId:  0 TId: 3 ( RASL, B-SLICE, QP 31 )       8456 bits [Y 36.8461 dB    U 43.3557 dB    V 44.7519 dB] [ET    26 ] [L0 48 32] [L1 56c 64]
POC   50 LId:  0 TId: 4 ( RASL, B-SLICE, QP 33 )       3056 bits [Y 36.2473 dB    U 43.3094 dB    V 44.7249 dB] [ET    14 ] [L0 48 32] [L1 52c 56]
POC   49 LId:  0 TId: 5 ( RASL, B-SLICE, QP 34 )        464 bits [Y 36.6608 dB    U 43.4047 dB    V 44.8366 dB] [ET     6 ] [L0 48 32] [L1 50c 52]
POC   51 LId:  0 TId: 5 ( RASL, B-SLICE, QP 34 )        624 bits [Y 36.2062 dB    U 43.3727 dB    V 44.7443 dB] [ET     7 ] [L0 50c 48] [L1 52 56]
POC   54 LId:  0 TId: 4 ( RASL, B-SLICE, QP 33 )       3672 bits [Y 36.1539 dB    U 43.3159 dB    V 44.6088 dB] [ET    21 ] [L0 52c 48] [L1 56 64]
POC   53 LId:  0 TId: 5 ( RASL, B-SLICE, QP 34 )        664 bits [Y 36.3056 dB    U 43.3636 dB    V 44.6452 dB] [ET     8 ] [L0 52 48] [L1 54c 56]
POC   55 LId:  0 TId: 5 ( RASL, B-SLICE, QP 34 )        608 bits [Y 36.7066 dB    U 43.4240 dB    V 44.6256 dB] [ET     7 ] [L0 54c 52] [L1 56 64]
POC   60 LId:  0 TId: 3 ( RASL, B-SLICE, QP 31 )       8864 bits [Y 36.8869 dB    U 43.2441 dB    V 44.3888 dB] [ET    30 ] [L0 56c 48] [L1 64 56]
POC   58 LId:  0 TId: 4 ( RASL, B-SLICE, QP 33 )       3552 bits [Y 36.2898 dB    U 43.2458 dB    V 44.4724 dB] [ET    17 ] [L0 56 48] [L1 60c 64]
POC   57 LId:  0 TId: 5 ( RASL, B-SLICE, QP 34 )        832 bits [Y 36.7108 dB    U 43.3124 dB    V 44.4753 dB] [ET     8 ] [L0 56 48] [L1 58c 60]
POC   59 LId:  0 TId: 5 ( RASL, B-SLICE, QP 34 )        928 bits [Y 36.2062 dB    U 43.2186 dB    V 44.3552 dB] [ET     8 ] [L0 58c 56] [L1 60 64]
POC   62 LId:  0 TId: 4 ( RASL, B-SLICE, QP 33 )       3448 bits [Y 36.1114 dB    U 43.3020 dB    V 44.4042 dB] [ET    16 ] [L0 60c 48] [L1 64 60]
POC   61 LId:  0 TId: 5 ( RASL, B-SLICE, QP 34 )        784 bits [Y 36.2979 dB    U 43.2303 dB    V 44.3885 dB] [ET     8 ] [L0 60 48] [L1 62c 64]
POC   63 LId:  0 TId: 5 ( RASL, B-SLICE, QP 34 )        672 bits [Y 37.0333 dB    U 43.2827 dB    V 44.4343 dB] [ET     7 ] [L0 62c 60] [L1 64 62]

LayerId  0
	Total Frames |   Bitrate     Y-PSNR    U-PSNR    V-PSNR    YUV-PSNR   
	       65    a     794.5698   37.0236   43.4922   44.6449   38.2765

 finished @ Tue Jan 14 00:21:52 2025
 Total Time:     1124.792 sec. [user]     1124.792 sec. [elapsed]
