
VVCSoftware: VTM Encoder Version 10.0 [Windows][VS 1916][64 bit] [SIMD=AVX2] 

TOOL CFG: IBD:1 HAD:1 RDQ:1 RDQTS:1 RDpenalty:0 LQP:0 SQP:0 ASR:1 MinSearchWindow:96 RestrictMESampling:0 FEN:1 ECU:0 FDM:1 CFM:0 ESD:0 TransformSkip:1 TransformSkipFast:1 TransformSkipLog2MaxSize:5 ChromaTS:1 BDPCM:0 Tiles: 1x1 Slices: 1 MCTS:0 SAO:1 ALF:1 CCALF:1 WPP:0 WPB:0 PME:2  WaveFrontSynchro:0 WaveFrontSubstreams:1 ScalingList:0 TMVPMode:1  DQ:1  SignBitHidingFlag:0 RecalQP:0 
TOOL CFG: LFNST:1 MMVD:1 Affine:1 AffineType:1 PROF:1 SbTMVP:1 DualITree:1 IMV:1 BIO:1 LMChroma:1 HorCollocatedChroma:1 VerCollocatedChroma:0 MTS: 1(intra) 0(inter) SBT:1 ISP:1 SMVD:1 CompositeLTReference:0 Bcw:1 BcwFast:1 LADF:0 CIIP:1 Geo:1 AllowDisFracMMVD:1 AffineAmvr:1 AffineAmvrEncOpt:1 DMVR:1 MmvdDisNum:6 JointCbCr:1 ACT:0 PLT:0 IBC:0 HashME:0 WrapAround:0 VirtualBoundariesEnabledFlag:0 VirtualBoundariesPresentInSPSFlag:1 vertical virtual boundaries:[ ] horizontal virtual boundaries:[ ] Reshape:1 (Signal:SDR Opt:0 CSoffset:6) MRL:1 MIP:1 EncDbOpt:0 
FAST TOOL CFG: LCTUFast:1 FastMrg:1 PBIntraFast:1 IMV4PelFast:1 MTSMaxCand: 4(intra) 4(inter) ISPFast:0 FastLFNST:0 AMaxBT:1 E0023FastEnc:1 ContentBasedFastQtbt:0 UseNonLinearAlfLuma:1 UseNonLinearAlfChroma:1 MaxNumAlfAlternativesChroma:8 FastMIP:0 FastLocalDualTree:1 NumSplitThreads:1 NumWppThreads:1+0 EnsureWppBitEqual:0 RPR:0 TemporalFilter:0 


 started @ Tue Jan 14 00:21:52 2025
POC    0 LId:  0 TId: 0 ( IDR_N_LP, I-SLICE, QP 22 )     195792 bits [Y 42.0347 dB    U 44.2711 dB    V 45.0883 dB] [ET    39 ] [L0] [L1]
POC   32 LId:  0 TId: 0 ( CRA, I-SLICE, QP 22 )     200592 bits [Y 41.9618 dB    U 44.1718 dB    V 44.9220 dB] [ET    45 ] [L0] [L1]
POC   16 LId:  0 TId: 1 ( RASL, B-SLICE, QP 26 )      39120 bits [Y 39.3292 dB    U 44.1195 dB    V 45.0321 dB] [ET    60 ] [L0 0 32] [L1 32c 0]
POC    8 LId:  0 TId: 2 ( RASL, B-SLICE, QP 26 )      32664 bits [Y 39.3618 dB    U 44.0705 dB    V 45.1408 dB] [ET    52 ] [L0 0 16] [L1 16c 32]
POC    4 LId:  0 TId: 3 ( RASL, B-SLICE, QP 30 )      12168 bits [Y 37.5016 dB    U 43.9776 dB    V 45.1080 dB] [ET    32 ] [L0 0 8] [L1 8c 16]
POC    2 LId:  0 TId: 4 ( RASL, B-SLICE, QP 31 )       3896 bits [Y 37.5899 dB    U 44.0051 dB    V 45.0361 dB] [ET    16 ] [L0 0 4] [L1 4c 8]
POC    1 LId:  0 TId: 5 ( RASL, B-SLICE, QP 33 )        584 bits [Y 38.2829 dB    U 44.0166 dB    V 45.0488 dB] [ET     6 ] [L0 0 2] [L1 2c 4]
POC    3 LId:  0 TId: 5 ( RASL, B-SLICE, QP 33 )        680 bits [Y 37.2825 dB    U 44.0354 dB    V 45.0529 dB] [ET     6 ] [L0 2c 0] [L1 4 8]
POC    6 LId:  0 TId: 4 ( RASL, B-SLICE, QP 31 )       4008 bits [Y 37.2914 dB    U 44.1000 dB    V 45.1441 dB] [ET    15 ] [L0 4c 0] [L1 8 16]
POC    5 LId:  0 TId: 5 ( RASL, B-SLICE, QP 33 )        736 bits [Y 37.2960 dB    U 44.0184 dB    V 45.0640 dB] [ET     8 ] [L0 4 0] [L1 6c 8]
POC    7 LId:  0 TId: 5 ( RASL, B-SLICE, QP 33 )        952 bits [Y 37.8980 dB    U 44.0593 dB    V 45.1920 dB] [ET     7 ] [L0 6c 4] [L1 8 16]
POC   12 LId:  0 TId: 3 ( RASL, B-SLICE, QP 30 )      12024 bits [Y 37.5157 dB    U 44.1198 dB    V 45.0670 dB] [ET    35 ] [L0 8 0] [L1 16c 32]
POC   10 LId:  0 TId: 4 ( RASL, B-SLICE, QP 31 )       3816 bits [Y 37.4456 dB    U 44.1471 dB    V 45.1693 dB] [ET    16 ] [L0 8 0] [L1 12c 16]
POC    9 LId:  0 TId: 5 ( RASL, B-SLICE, QP 33 )        840 bits [Y 37.8850 dB    U 44.1228 dB    V 45.1964 dB] [ET     6 ] [L0 8 0] [L1 10c 12]
POC   11 LId:  0 TId: 5 ( RASL, B-SLICE, QP 33 )        920 bits [Y 37.3201 dB    U 44.1346 dB    V 45.2126 dB] [ET     7 ] [L0 10c 8] [L1 12 16]
POC   14 LId:  0 TId: 4 ( RASL, B-SLICE, QP 31 )       4944 bits [Y 37.2648 dB    U 44.1511 dB    V 45.0990 dB] [ET    19 ] [L0 12c 8] [L1 16 32]
POC   13 LId:  0 TId: 5 ( RASL, B-SLICE, QP 33 )        760 bits [Y 37.3546 dB    U 44.1772 dB    V 45.1669 dB] [ET     8 ] [L0 12 8] [L1 14c 16]
POC   15 LId:  0 TId: 5 ( RASL, B-SLICE, QP 33 )        672 bits [Y 37.6329 dB    U 44.0976 dB    V 45.0881 dB] [ET     9 ] [L0 14c 12] [L1 16 32]
POC   24 LId:  0 TId: 2 ( RASL, B-SLICE, QP 26 )      31952 bits [Y 39.1582 dB    U 43.9305 dB    V 45.0212 dB] [ET    43 ] [L0 16c 0] [L1 32 16]
POC   20 LId:  0 TId: 3 ( RASL, B-SLICE, QP 30 )      12336 bits [Y 37.4276 dB    U 43.9512 dB    V 44.9264 dB] [ET    27 ] [L0 16 0] [L1 24c 32]
POC   18 LId:  0 TId: 4 ( RASL, B-SLICE, QP 31 )       3912 bits [Y 37.4877 dB    U 44.0664 dB    V 45.0456 dB] [ET    10 ] [L0 16 0] [L1 20c 24]
POC   17 LId:  0 TId: 5 ( RASL, B-SLICE, QP 33 )        720 bits [Y 38.0251 dB    U 44.1181 dB    V 45.0814 dB] [ET     3 ] [L0 16 0] [L1 18c 20]
POC   19 LId:  0 TId: 5 ( RASL, B-SLICE, QP 33 )        648 bits [Y 37.1718 dB    U 43.9773 dB    V 44.9658 dB] [ET     4 ] [L0 18c 16] [L1 20 24]
POC   22 LId:  0 TId: 4 ( RASL, B-SLICE, QP 31 )       4136 bits [Y 37.4268 dB    U 43.9733 dB    V 44.9322 dB] [ET     9 ] [L0 20c 16] [L1 24 32]
POC   21 LId:  0 TId: 5 ( RASL, B-SLICE, QP 33 )        824 bits [Y 37.2893 dB    U 44.0374 dB    V 44.9775 dB] [ET     4 ] [L0 20 16] [L1 22c 24]
POC   23 LId:  0 TId: 5 ( RASL, B-SLICE, QP 33 )        752 bits [Y 37.9055 dB    U 43.9905 dB    V 45.0025 dB] [ET     4 ] [L0 22c 20] [L1 24 32]
POC   28 LId:  0 TId: 3 ( RASL, B-SLICE, QP 30 )      11104 bits [Y 37.5202 dB    U 43.9746 dB    V 44.8882 dB] [ET    11 ] [L0 24c 16] [L1 32 24]
POC   26 LId:  0 TId: 4 ( RASL, B-SLICE, QP 31 )       3888 bits [Y 37.3602 dB    U 43.8773 dB    V 44.8730 dB] [ET     8 ] [L0 24 16] [L1 28c 32]
POC   25 LId:  0 TId: 5 ( RASL, B-SLICE, QP 33 )        672 bits [Y 37.8794 dB    U 43.9958 dB    V 44.9946 dB] [ET     3 ] [L0 24 16] [L1 26c 28]
POC   27 LId:  0 TId: 5 ( RASL, B-SLICE, QP 33 )        664 bits [Y 37.1256 dB    U 43.9376 dB    V 44.8840 dB] [ET     4 ] [L0 26c 24] [L1 28 32]
POC   30 LId:  0 TId: 4 ( RASL, B-SLICE, QP 31 )       4400 bits [Y 37.2149 dB    U 43.9174 dB    V 44.8546 dB] [ET     9 ] [L0 28c 16] [L1 32 28]
POC   29 LId:  0 TId: 5 ( RASL, B-SLICE, QP 33 )        728 bits [Y 36.9932 dB    U 43.9411 dB    V 44.8772 dB] [ET     3 ] [L0 28 16] [L1 30c 32]
POC   31 LId:  0 TId: 5 ( RASL, B-SLICE, QP 33 )        768 bits [Y 38.2734 dB    U 43.9142 dB    V 44.8687 dB] [ET     3 ] [L0 30c 28] [L1 32 30]
POC   64 LId:  0 TId: 0 ( CRA, I-SLICE, QP 22 )     203408 bits [Y 41.9353 dB    U 44.0411 dB    V 44.9931 dB] [ET    23 ] [L0] [L1]
POC   48 LId:  0 TId: 1 ( RASL, B-SLICE, QP 26 )      44784 bits [Y 39.2156 dB    U 43.8747 dB    V 44.9749 dB] [ET    29 ] [L0 32 64] [L1 64c 32]
POC   40 LId:  0 TId: 2 ( RASL, B-SLICE, QP 26 )      32728 bits [Y 39.0870 dB    U 43.9981 dB    V 44.9744 dB] [ET    29 ] [L0 32 48] [L1 48c 64]
POC   36 LId:  0 TId: 3 ( RASL, B-SLICE, QP 30 )      10816 bits [Y 37.4128 dB    U 43.9292 dB    V 44.8735 dB] [ET    15 ] [L0 32 40] [L1 40c 48]
POC   34 LId:  0 TId: 4 ( RASL, B-SLICE, QP 31 )       5744 bits [Y 37.1021 dB    U 43.8734 dB    V 44.8516 dB] [ET    11 ] [L0 32 36] [L1 36c 40]
POC   33 LId:  0 TId: 5 ( RASL, B-SLICE, QP 33 )        752 bits [Y 38.0961 dB    U 43.9382 dB    V 44.8525 dB] [ET     3 ] [L0 32 34] [L1 34c 36]
POC   35 LId:  0 TId: 5 ( RASL, B-SLICE, QP 33 )        856 bits [Y 37.0167 dB    U 43.9204 dB    V 44.7647 dB] [ET     3 ] [L0 34c 32] [L1 36 40]
POC   38 LId:  0 TId: 4 ( RASL, B-SLICE, QP 31 )       5584 bits [Y 36.9904 dB    U 43.8969 dB    V 44.9073 dB] [ET    11 ] [L0 36c 32] [L1 40 48]
POC   37 LId:  0 TId: 5 ( RASL, B-SLICE, QP 33 )        944 bits [Y 36.9546 dB    U 43.8840 dB    V 44.9154 dB] [ET     3 ] [L0 36 32] [L1 38c 40]
POC   39 LId:  0 TId: 5 ( RASL, B-SLICE, QP 33 )        720 bits [Y 37.4222 dB    U 43.9648 dB    V 45.0328 dB] [ET     3 ] [L0 38c 36] [L1 40 48]
POC   44 LId:  0 TId: 3 ( RASL, B-SLICE, QP 30 )      11160 bits [Y 37.4705 dB    U 43.8768 dB    V 45.0521 dB] [ET    15 ] [L0 40 32] [L1 48c 64]
POC   42 LId:  0 TId: 4 ( RASL, B-SLICE, QP 31 )       5712 bits [Y 36.9326 dB    U 43.9413 dB    V 45.0986 dB] [ET    12 ] [L0 40 32] [L1 44c 48]
POC   41 LId:  0 TId: 5 ( RASL, B-SLICE, QP 33 )        624 bits [Y 37.6132 dB    U 43.9706 dB    V 45.1212 dB] [ET     3 ] [L0 40 32] [L1 42c 44]
POC   43 LId:  0 TId: 5 ( RASL, B-SLICE, QP 33 )        680 bits [Y 36.9066 dB    U 43.9797 dB    V 45.0244 dB] [ET     3 ] [L0 42c 40] [L1 44 48]
POC   46 LId:  0 TId: 4 ( RASL, B-SLICE, QP 31 )       6144 bits [Y 36.9763 dB    U 43.9363 dB    V 45.0053 dB] [ET    13 ] [L0 44c 40] [L1 48 64]
POC   45 LId:  0 TId: 5 ( RASL, B-SLICE, QP 33 )        992 bits [Y 37.1288 dB    U 43.9175 dB    V 45.0350 dB] [ET     4 ] [L0 44 40] [L1 46c 48]
POC   47 LId:  0 TId: 5 ( RASL, B-SLICE, QP 33 )        832 bits [Y 37.3835 dB    U 43.9562 dB    V 45.1201 dB] [ET     4 ] [L0 46c 44] [L1 48 64]
POC   56 LId:  0 TId: 2 ( RASL, B-SLICE, QP 26 )      35840 bits [Y 39.1286 dB    U 43.9342 dB    V 44.9477 dB] [ET    24 ] [L0 48c 32] [L1 64 48]
POC   52 LId:  0 TId: 3 ( RASL, B-SLICE, QP 30 )       9872 bits [Y 37.4632 dB    U 43.7972 dB    V 44.9553 dB] [ET    15 ] [L0 48 32] [L1 56c 64]
POC   50 LId:  0 TId: 4 ( RASL, B-SLICE, QP 31 )       5584 bits [Y 36.9377 dB    U 43.8142 dB    V 44.9848 dB] [ET    10 ] [L0 48 32] [L1 52c 56]
POC   49 LId:  0 TId: 5 ( RASL, B-SLICE, QP 33 )        584 bits [Y 37.2721 dB    U 43.8979 dB    V 45.1244 dB] [ET     3 ] [L0 48 32] [L1 50c 52]
POC   51 LId:  0 TId: 5 ( RASL, B-SLICE, QP 33 )        624 bits [Y 36.8236 dB    U 43.8233 dB    V 45.0033 dB] [ET     3 ] [L0 50c 48] [L1 52 56]
POC   54 LId:  0 TId: 4 ( RASL, B-SLICE, QP 31 )       6704 bits [Y 37.0214 dB    U 43.8440 dB    V 45.0001 dB] [ET    13 ] [L0 52c 48] [L1 56 64]
POC   53 LId:  0 TId: 5 ( RASL, B-SLICE, QP 33 )        800 bits [Y 36.9084 dB    U 43.8356 dB    V 44.9839 dB] [ET     3 ] [L0 52 48] [L1 54c 56]
POC   55 LId:  0 TId: 5 ( RASL, B-SLICE, QP 33 )        808 bits [Y 37.4594 dB    U 43.9299 dB    V 45.0240 dB] [ET     3 ] [L0 54c 52] [L1 56 64]
POC   60 LId:  0 TId: 3 ( RASL, B-SLICE, QP 30 )      10672 bits [Y 37.5321 dB    U 43.7657 dB    V 44.8478 dB] [ET    14 ] [L0 56c 48] [L1 64 56]
POC   58 LId:  0 TId: 4 ( RASL, B-SLICE, QP 31 )       5480 bits [Y 37.0249 dB    U 43.8258 dB    V 44.9024 dB] [ET    11 ] [L0 56 48] [L1 60c 64]
POC   57 LId:  0 TId: 5 ( RASL, B-SLICE, QP 33 )        888 bits [Y 37.3611 dB    U 43.8170 dB    V 44.8989 dB] [ET     4 ] [L0 56 48] [L1 58c 60]
POC   59 LId:  0 TId: 5 ( RASL, B-SLICE, QP 33 )        968 bits [Y 36.8064 dB    U 43.7666 dB    V 44.8176 dB] [ET     4 ] [L0 58c 56] [L1 60 64]
POC   62 LId:  0 TId: 4 ( RASL, B-SLICE, QP 31 )       6592 bits [Y 36.8186 dB    U 43.8307 dB    V 44.8467 dB] [ET    11 ] [L0 60c 48] [L1 64 60]
POC   61 LId:  0 TId: 5 ( RASL, B-SLICE, QP 33 )        896 bits [Y 36.7988 dB    U 43.7755 dB    V 44.8801 dB] [ET     4 ] [L0 60 48] [L1 62c 64]
POC   63 LId:  0 TId: 5 ( RASL, B-SLICE, QP 33 )        760 bits [Y 37.5649 dB    U 43.8340 dB    V 44.9172 dB] [ET     4 ] [L0 62c 60] [L1 64 62]

LayerId  0
	Total Frames |   Bitrate     Y-PSNR    U-PSNR    V-PSNR    YUV-PSNR   
	       65    a     934.3606   37.7396   43.9660   44.9962   38.9527

 finished @ Tue Jan 14 00:36:27 2025
 Total Time:      875.084 sec. [user]      875.084 sec. [elapsed]
