
VVCSoftware: VTM Encoder Version 10.0 [Windows][VS 1916][64 bit] [SIMD=AVX2] 

TOOL CFG: IBD:1 HAD:1 RDQ:1 RDQTS:1 RDpenalty:0 LQP:0 SQP:0 ASR:1 MinSearchWindow:96 RestrictMESampling:0 FEN:1 ECU:0 FDM:1 CFM:0 ESD:0 TransformSkip:1 TransformSkipFast:1 TransformSkipLog2MaxSize:5 ChromaTS:1 BDPCM:0 Tiles: 1x1 Slices: 1 MCTS:0 SAO:1 ALF:1 CCALF:1 WPP:0 WPB:0 PME:2  WaveFrontSynchro:0 WaveFrontSubstreams:1 ScalingList:0 TMVPMode:1  DQ:1  SignBitHidingFlag:0 RecalQP:0 
TOOL CFG: LFNST:1 MMVD:1 Affine:1 AffineType:1 PROF:1 SbTMVP:1 DualITree:1 IMV:1 BIO:1 LMChroma:1 HorCollocatedChroma:1 VerCollocatedChroma:0 MTS: 1(intra) 0(inter) SBT:1 ISP:1 SMVD:1 CompositeLTReference:0 Bcw:1 BcwFast:1 LADF:0 CIIP:1 Geo:1 AllowDisFracMMVD:1 AffineAmvr:1 AffineAmvrEncOpt:1 DMVR:1 MmvdDisNum:6 JointCbCr:1 ACT:0 PLT:0 IBC:0 HashME:0 WrapAround:0 VirtualBoundariesEnabledFlag:0 VirtualBoundariesPresentInSPSFlag:1 vertical virtual boundaries:[ ] horizontal virtual boundaries:[ ] Reshape:1 (Signal:SDR Opt:0 CSoffset:6) MRL:1 MIP:1 EncDbOpt:0 
FAST TOOL CFG: LCTUFast:1 FastMrg:1 PBIntraFast:1 IMV4PelFast:1 MTSMaxCand: 4(intra) 4(inter) ISPFast:0 FastLFNST:0 AMaxBT:1 E0023FastEnc:1 ContentBasedFastQtbt:0 UseNonLinearAlfLuma:1 UseNonLinearAlfChroma:1 MaxNumAlfAlternativesChroma:8 FastMIP:0 FastLocalDualTree:1 NumSplitThreads:1 NumWppThreads:1+0 EnsureWppBitEqual:0 RPR:0 TemporalFilter:0 


 started @ Mon Jan 13 23:04:49 2025
POC    0 LId:  0 TId: 0 ( IDR_N_LP, I-SLICE, QP 31 )      89816 bits [Y 34.5224 dB    U 40.4507 dB    V 40.5465 dB] [ET    26 ] [L0] [L1]
POC   32 LId:  0 TId: 0 ( TRAIL, B-SLICE, QP 33 )      24688 bits [Y 33.1665 dB    U 40.0104 dB    V 40.2881 dB] [ET    45 ] [L0 0] [L1 0c]
POC   16 LId:  0 TId: 1 ( STSA, B-SLICE, QP 37 )       6808 bits [Y 32.0580 dB    U 40.1736 dB    V 40.3811 dB] [ET    27 ] [L0 0 32] [L1 32c 0]
POC    8 LId:  0 TId: 2 ( STSA, B-SLICE, QP 37 )       5096 bits [Y 32.3702 dB    U 40.2966 dB    V 40.5360 dB] [ET    21 ] [L0 0 16] [L1 16c 32]
POC    4 LId:  0 TId: 3 ( STSA, B-SLICE, QP 40 )       1824 bits [Y 32.0557 dB    U 40.3870 dB    V 40.6017 dB] [ET    10 ] [L0 0 8] [L1 8c 16]
POC    2 LId:  0 TId: 4 ( STSA, B-SLICE, QP 42 )        424 bits [Y 32.5801 dB    U 40.3962 dB    V 40.5922 dB] [ET     6 ] [L0 0 4] [L1 4c 8]
POC    1 LId:  0 TId: 5 ( STSA, B-SLICE, QP 43 )        184 bits [Y 33.2788 dB    U 40.4379 dB    V 40.5860 dB] [ET     2 ] [L0 0 2] [L1 2c 4]
POC    3 LId:  0 TId: 5 ( STSA, B-SLICE, QP 43 )        200 bits [Y 32.2565 dB    U 40.3767 dB    V 40.5754 dB] [ET     2 ] [L0 2c 0] [L1 4 8]
POC    6 LId:  0 TId: 4 ( STSA, B-SLICE, QP 42 )        624 bits [Y 31.9614 dB    U 40.3467 dB    V 40.5529 dB] [ET     6 ] [L0 4c 0] [L1 8 16]
POC    5 LId:  0 TId: 5 ( STSA, B-SLICE, QP 43 )        184 bits [Y 31.9877 dB    U 40.3422 dB    V 40.5377 dB] [ET     2 ] [L0 4 0] [L1 6c 8]
POC    7 LId:  0 TId: 5 ( STSA, B-SLICE, QP 43 )        184 bits [Y 32.1612 dB    U 40.2947 dB    V 40.5320 dB] [ET     3 ] [L0 6c 4] [L1 8 16]
POC   12 LId:  0 TId: 3 ( STSA, B-SLICE, QP 40 )       2008 bits [Y 31.6737 dB    U 40.2639 dB    V 40.4985 dB] [ET    11 ] [L0 8 0] [L1 16c 32]
POC   10 LId:  0 TId: 4 ( STSA, B-SLICE, QP 42 )        400 bits [Y 31.7667 dB    U 40.2718 dB    V 40.5136 dB] [ET     6 ] [L0 8 0] [L1 12c 16]
POC    9 LId:  0 TId: 5 ( STSA, B-SLICE, QP 43 )        224 bits [Y 32.0667 dB    U 40.2767 dB    V 40.5308 dB] [ET     3 ] [L0 8 0] [L1 10c 12]
POC   11 LId:  0 TId: 5 ( STSA, B-SLICE, QP 43 )        200 bits [Y 31.7071 dB    U 40.2359 dB    V 40.5325 dB] [ET     2 ] [L0 10c 8] [L1 12 16]
POC   14 LId:  0 TId: 4 ( STSA, B-SLICE, QP 42 )        480 bits [Y 31.4901 dB    U 40.2178 dB    V 40.4676 dB] [ET     7 ] [L0 12c 8] [L1 16 32]
POC   13 LId:  0 TId: 5 ( STSA, B-SLICE, QP 43 )        176 bits [Y 31.5653 dB    U 40.2321 dB    V 40.5093 dB] [ET     3 ] [L0 12 8] [L1 14c 16]
POC   15 LId:  0 TId: 5 ( STSA, B-SLICE, QP 43 )        208 bits [Y 31.7337 dB    U 40.1879 dB    V 40.4231 dB] [ET     3 ] [L0 14c 12] [L1 16 32]
POC   24 LId:  0 TId: 2 ( STSA, B-SLICE, QP 37 )       4680 bits [Y 32.1139 dB    U 40.0107 dB    V 40.3355 dB] [ET    19 ] [L0 16c 0] [L1 32 16]
POC   20 LId:  0 TId: 3 ( STSA, B-SLICE, QP 40 )       2176 bits [Y 31.5535 dB    U 40.1483 dB    V 40.3729 dB] [ET    13 ] [L0 16 0] [L1 24c 32]
POC   18 LId:  0 TId: 4 ( STSA, B-SLICE, QP 42 )        504 bits [Y 31.6815 dB    U 40.1550 dB    V 40.3867 dB] [ET     7 ] [L0 16 0] [L1 20c 24]
POC   17 LId:  0 TId: 5 ( STSA, B-SLICE, QP 43 )        176 bits [Y 31.8998 dB    U 40.1571 dB    V 40.4089 dB] [ET     3 ] [L0 16 0] [L1 18c 20]
POC   19 LId:  0 TId: 5 ( STSA, B-SLICE, QP 43 )        192 bits [Y 31.5854 dB    U 40.0994 dB    V 40.3885 dB] [ET     3 ] [L0 18c 16] [L1 20 24]
POC   22 LId:  0 TId: 4 ( STSA, B-SLICE, QP 42 )        640 bits [Y 31.4941 dB    U 40.1058 dB    V 40.3676 dB] [ET     7 ] [L0 20c 16] [L1 24 32]
POC   21 LId:  0 TId: 5 ( STSA, B-SLICE, QP 43 )        208 bits [Y 31.5434 dB    U 40.1470 dB    V 40.4092 dB] [ET     2 ] [L0 20 16] [L1 22c 24]
POC   23 LId:  0 TId: 5 ( STSA, B-SLICE, QP 43 )        232 bits [Y 31.8717 dB    U 40.0618 dB    V 40.3432 dB] [ET     3 ] [L0 22c 20] [L1 24 32]
POC   28 LId:  0 TId: 3 ( STSA, B-SLICE, QP 40 )       1344 bits [Y 31.7321 dB    U 40.0726 dB    V 40.3601 dB] [ET     9 ] [L0 24c 16] [L1 32 24]
POC   26 LId:  0 TId: 4 ( STSA, B-SLICE, QP 42 )        560 bits [Y 31.7512 dB    U 40.0512 dB    V 40.3528 dB] [ET     7 ] [L0 24 16] [L1 28c 32]
POC   25 LId:  0 TId: 5 ( STSA, B-SLICE, QP 43 )        224 bits [Y 31.9330 dB    U 40.0607 dB    V 40.3483 dB] [ET     3 ] [L0 24 16] [L1 26c 28]
POC   27 LId:  0 TId: 5 ( STSA, B-SLICE, QP 43 )        288 bits [Y 31.7472 dB    U 40.0530 dB    V 40.3572 dB] [ET     4 ] [L0 26c 24] [L1 28 32]
POC   30 LId:  0 TId: 4 ( STSA, B-SLICE, QP 42 )        416 bits [Y 31.9278 dB    U 40.0761 dB    V 40.3540 dB] [ET     5 ] [L0 28c 16] [L1 32 28]
POC   29 LId:  0 TId: 5 ( STSA, B-SLICE, QP 43 )        208 bits [Y 31.7456 dB    U 40.0410 dB    V 40.3734 dB] [ET     2 ] [L0 28 16] [L1 30c 32]
POC   31 LId:  0 TId: 5 ( STSA, B-SLICE, QP 43 )        240 bits [Y 32.5926 dB    U 40.0204 dB    V 40.3409 dB] [ET     3 ] [L0 30c 28] [L1 32 30]
POC   64 LId:  0 TId: 0 ( CRA, I-SLICE, QP 31 )      94712 bits [Y 34.4502 dB    U 40.0538 dB    V 40.7787 dB] [ET    35 ] [L0] [L1]
POC   48 LId:  0 TId: 1 ( RASL, B-SLICE, QP 37 )       7624 bits [Y 32.3728 dB    U 40.3330 dB    V 41.0561 dB] [ET    29 ] [L0 32c 16] [L1 64 32]
POC   40 LId:  0 TId: 2 ( RASL, B-SLICE, QP 37 )       4768 bits [Y 32.4168 dB    U 40.4374 dB    V 40.9996 dB] [ET    22 ] [L0 32 16] [L1 48c 64]
POC   36 LId:  0 TId: 3 ( RASL, B-SLICE, QP 40 )       1720 bits [Y 31.9371 dB    U 40.4000 dB    V 40.7277 dB] [ET    11 ] [L0 32 16] [L1 40c 48]
POC   34 LId:  0 TId: 4 ( RASL, B-SLICE, QP 42 )        592 bits [Y 32.0520 dB    U 40.1985 dB    V 40.7347 dB] [ET     7 ] [L0 32 16] [L1 36c 40]
POC   33 LId:  0 TId: 5 ( RASL, B-SLICE, QP 43 )        264 bits [Y 32.5673 dB    U 40.1229 dB    V 40.5726 dB] [ET     2 ] [L0 32 34] [L1 34c 36]
POC   35 LId:  0 TId: 5 ( RASL, B-SLICE, QP 43 )        248 bits [Y 31.9238 dB    U 40.3350 dB    V 40.7737 dB] [ET     3 ] [L0 34c 32] [L1 36 40]
POC   38 LId:  0 TId: 4 ( RASL, B-SLICE, QP 42 )        416 bits [Y 31.8123 dB    U 40.4180 dB    V 40.8775 dB] [ET     7 ] [L0 36c 32] [L1 40 48]
POC   37 LId:  0 TId: 5 ( RASL, B-SLICE, QP 43 )        208 bits [Y 31.7528 dB    U 40.3904 dB    V 40.7800 dB] [ET     6 ] [L0 36 32] [L1 38c 40]
POC   39 LId:  0 TId: 5 ( RASL, B-SLICE, QP 43 )        280 bits [Y 32.0671 dB    U 40.4409 dB    V 40.9451 dB] [ET     5 ] [L0 38c 36] [L1 40 48]
POC   44 LId:  0 TId: 3 ( RASL, B-SLICE, QP 40 )       1480 bits [Y 31.7371 dB    U 40.5475 dB    V 41.1675 dB] [ET    12 ] [L0 40 32] [L1 48c 64]
POC   42 LId:  0 TId: 4 ( RASL, B-SLICE, QP 42 )        408 bits [Y 31.6000 dB    U 40.5135 dB    V 41.1204 dB] [ET     7 ] [L0 40 32] [L1 44c 48]
POC   41 LId:  0 TId: 5 ( RASL, B-SLICE, QP 43 )        232 bits [Y 32.0429 dB    U 40.4911 dB    V 41.0591 dB] [ET     6 ] [L0 40 32] [L1 42c 44]
POC   43 LId:  0 TId: 5 ( RASL, B-SLICE, QP 43 )        208 bits [Y 31.6612 dB    U 40.5170 dB    V 41.1044 dB] [ET     5 ] [L0 42c 40] [L1 44 48]
POC   46 LId:  0 TId: 4 ( RASL, B-SLICE, QP 42 )        416 bits [Y 31.7059 dB    U 40.4795 dB    V 41.0913 dB] [ET     7 ] [L0 44c 40] [L1 48 64]
POC   45 LId:  0 TId: 5 ( RASL, B-SLICE, QP 43 )        208 bits [Y 31.7169 dB    U 40.4863 dB    V 41.1279 dB] [ET     5 ] [L0 44 40] [L1 46c 48]
POC   47 LId:  0 TId: 5 ( RASL, B-SLICE, QP 43 )        168 bits [Y 32.0590 dB    U 40.4111 dB    V 41.0926 dB] [ET     5 ] [L0 46c 44] [L1 48 64]
POC   56 LId:  0 TId: 2 ( RASL, B-SLICE, QP 37 )       5024 bits [Y 32.3983 dB    U 40.3275 dB    V 41.0101 dB] [ET    21 ] [L0 48c 32] [L1 64 48]
POC   52 LId:  0 TId: 3 ( RASL, B-SLICE, QP 40 )       1704 bits [Y 31.7936 dB    U 40.3002 dB    V 41.0989 dB] [ET    10 ] [L0 48 32] [L1 56c 64]
POC   50 LId:  0 TId: 4 ( RASL, B-SLICE, QP 42 )        448 bits [Y 31.6539 dB    U 40.3446 dB    V 41.0582 dB] [ET     7 ] [L0 48 32] [L1 52c 56]
POC   49 LId:  0 TId: 5 ( RASL, B-SLICE, QP 43 )        200 bits [Y 32.0680 dB    U 40.3424 dB    V 41.1002 dB] [ET     5 ] [L0 48 32] [L1 50c 52]
POC   51 LId:  0 TId: 5 ( RASL, B-SLICE, QP 43 )        248 bits [Y 31.5879 dB    U 40.3473 dB    V 41.0699 dB] [ET     3 ] [L0 50c 48] [L1 52 56]
POC   54 LId:  0 TId: 4 ( RASL, B-SLICE, QP 42 )        632 bits [Y 31.7047 dB    U 40.2602 dB    V 41.0239 dB] [ET     7 ] [L0 52c 48] [L1 56 64]
POC   53 LId:  0 TId: 5 ( RASL, B-SLICE, QP 43 )        176 bits [Y 31.7336 dB    U 40.3099 dB    V 41.0493 dB] [ET     5 ] [L0 52 48] [L1 54c 56]
POC   55 LId:  0 TId: 5 ( RASL, B-SLICE, QP 43 )        176 bits [Y 32.0586 dB    U 40.3404 dB    V 41.0316 dB] [ET     6 ] [L0 54c 52] [L1 56 64]
POC   60 LId:  0 TId: 3 ( RASL, B-SLICE, QP 40 )       1752 bits [Y 32.2522 dB    U 40.1892 dB    V 40.8991 dB] [ET    10 ] [L0 56c 48] [L1 64 56]
POC   58 LId:  0 TId: 4 ( RASL, B-SLICE, QP 42 )        600 bits [Y 31.9175 dB    U 40.2480 dB    V 40.9892 dB] [ET     7 ] [L0 56 48] [L1 60c 64]
POC   57 LId:  0 TId: 5 ( RASL, B-SLICE, QP 43 )        200 bits [Y 32.1157 dB    U 40.2435 dB    V 40.9722 dB] [ET     6 ] [L0 56 48] [L1 58c 60]
POC   59 LId:  0 TId: 5 ( RASL, B-SLICE, QP 43 )        200 bits [Y 31.9254 dB    U 40.2164 dB    V 40.9082 dB] [ET     6 ] [L0 58c 56] [L1 60 64]
POC   62 LId:  0 TId: 4 ( RASL, B-SLICE, QP 42 )        512 bits [Y 32.1594 dB    U 40.2073 dB    V 40.8487 dB] [ET     8 ] [L0 60c 48] [L1 64 60]
POC   61 LId:  0 TId: 5 ( RASL, B-SLICE, QP 43 )        176 bits [Y 32.1375 dB    U 40.1326 dB    V 40.8884 dB] [ET     6 ] [L0 60 48] [L1 62c 64]
POC   63 LId:  0 TId: 5 ( RASL, B-SLICE, QP 43 )        192 bits [Y 33.0466 dB    U 40.1137 dB    V 40.7889 dB] [ET     6 ] [L0 62c 60] [L1 64 62]

LayerId  0
	Total Frames |   Bitrate     Y-PSNR    U-PSNR    V-PSNR    YUV-PSNR   
	       65    a     251.0843   32.0616   40.2609   40.6992   33.4885

 finished @ Mon Jan 13 23:14:42 2025
 Total Time:      593.290 sec. [user]      593.290 sec. [elapsed]
