
VVCSoftware: VTM Encoder Version 10.0 [Windows][VS 1916][64 bit] [SIMD=AVX2] 

TOOL CFG: IBD:1 HAD:1 RDQ:1 RDQTS:1 RDpenalty:0 LQP:0 SQP:0 ASR:1 MinSearchWindow:96 RestrictMESampling:0 FEN:1 ECU:0 FDM:1 CFM:0 ESD:0 TransformSkip:1 TransformSkipFast:1 TransformSkipLog2MaxSize:5 ChromaTS:1 BDPCM:0 Tiles: 1x1 Slices: 1 MCTS:0 SAO:1 ALF:1 CCALF:1 WPP:0 WPB:0 PME:2  WaveFrontSynchro:0 WaveFrontSubstreams:1 ScalingList:0 TMVPMode:1  DQ:1  SignBitHidingFlag:0 RecalQP:0 
TOOL CFG: LFNST:1 MMVD:1 Affine:1 AffineType:1 PROF:1 SbTMVP:1 DualITree:1 IMV:1 BIO:1 LMChroma:1 HorCollocatedChroma:1 VerCollocatedChroma:0 MTS: 1(intra) 0(inter) SBT:1 ISP:1 SMVD:1 CompositeLTReference:0 Bcw:1 BcwFast:1 LADF:0 CIIP:1 Geo:1 AllowDisFracMMVD:1 AffineAmvr:1 AffineAmvrEncOpt:1 DMVR:1 MmvdDisNum:6 JointCbCr:1 ACT:0 PLT:0 IBC:0 HashME:0 WrapAround:0 VirtualBoundariesEnabledFlag:0 VirtualBoundariesPresentInSPSFlag:1 vertical virtual boundaries:[ ] horizontal virtual boundaries:[ ] Reshape:1 (Signal:SDR Opt:0 CSoffset:6) MRL:1 MIP:1 EncDbOpt:0 
FAST TOOL CFG: LCTUFast:1 FastMrg:1 PBIntraFast:1 IMV4PelFast:1 MTSMaxCand: 4(intra) 4(inter) ISPFast:0 FastLFNST:0 AMaxBT:1 E0023FastEnc:1 ContentBasedFastQtbt:0 UseNonLinearAlfLuma:1 UseNonLinearAlfChroma:1 MaxNumAlfAlternativesChroma:8 FastMIP:0 FastLocalDualTree:1 NumSplitThreads:1 NumWppThreads:1+0 EnsureWppBitEqual:0 RPR:0 TemporalFilter:0 


 started @ Mon Jan 13 22:34:20 2025
POC    0 LId:  0 TId: 0 ( IDR_N_LP, I-SLICE, QP 35 )      62064 bits [Y 31.7269 dB    U 38.6245 dB    V 39.0503 dB] [ET    18 ] [L0] [L1]
POC   32 LId:  0 TId: 0 ( TRAIL, B-SLICE, QP 37 )      13568 bits [Y 30.5331 dB    U 38.3260 dB    V 38.7904 dB] [ET    29 ] [L0 0] [L1 0c]
POC   16 LId:  0 TId: 1 ( STSA, B-SLICE, QP 41 )       3952 bits [Y 29.8373 dB    U 38.4471 dB    V 38.9185 dB] [ET    16 ] [L0 0 32] [L1 32c 0]
POC    8 LId:  0 TId: 2 ( STSA, B-SLICE, QP 41 )       2728 bits [Y 30.1164 dB    U 38.5655 dB    V 39.0295 dB] [ET    13 ] [L0 0 16] [L1 16c 32]
POC    4 LId:  0 TId: 3 ( STSA, B-SLICE, QP 44 )        896 bits [Y 30.0054 dB    U 38.6434 dB    V 39.1096 dB] [ET     7 ] [L0 0 8] [L1 8c 16]
POC    2 LId:  0 TId: 4 ( STSA, B-SLICE, QP 46 )        200 bits [Y 30.5059 dB    U 38.6074 dB    V 39.0819 dB] [ET     4 ] [L0 0 4] [L1 4c 8]
POC    1 LId:  0 TId: 5 ( STSA, B-SLICE, QP 47 )        160 bits [Y 31.0239 dB    U 38.6442 dB    V 39.0903 dB] [ET     2 ] [L0 0 2] [L1 2c 4]
POC    3 LId:  0 TId: 5 ( STSA, B-SLICE, QP 47 )        152 bits [Y 30.2124 dB    U 38.6157 dB    V 39.0767 dB] [ET     2 ] [L0 2c 0] [L1 4 8]
POC    6 LId:  0 TId: 4 ( STSA, B-SLICE, QP 46 )        240 bits [Y 29.7378 dB    U 38.6152 dB    V 39.0575 dB] [ET     4 ] [L0 4c 0] [L1 8 16]
POC    5 LId:  0 TId: 5 ( STSA, B-SLICE, QP 47 )        152 bits [Y 29.8587 dB    U 38.5980 dB    V 39.0359 dB] [ET     2 ] [L0 4 0] [L1 6c 8]
POC    7 LId:  0 TId: 5 ( STSA, B-SLICE, QP 47 )        128 bits [Y 29.9506 dB    U 38.5687 dB    V 39.0454 dB] [ET     2 ] [L0 6c 4] [L1 8 16]
POC   12 LId:  0 TId: 3 ( STSA, B-SLICE, QP 44 )        920 bits [Y 29.4851 dB    U 38.5485 dB    V 38.9970 dB] [ET     7 ] [L0 8 0] [L1 16c 32]
POC   10 LId:  0 TId: 4 ( STSA, B-SLICE, QP 46 )        224 bits [Y 29.6259 dB    U 38.5453 dB    V 39.0042 dB] [ET     5 ] [L0 8 0] [L1 12c 16]
POC    9 LId:  0 TId: 5 ( STSA, B-SLICE, QP 47 )        128 bits [Y 29.8991 dB    U 38.5497 dB    V 39.0233 dB] [ET     2 ] [L0 8 0] [L1 10c 12]
POC   11 LId:  0 TId: 5 ( STSA, B-SLICE, QP 47 )        144 bits [Y 29.5587 dB    U 38.5427 dB    V 39.0121 dB] [ET     2 ] [L0 10c 8] [L1 12 16]
POC   14 LId:  0 TId: 4 ( STSA, B-SLICE, QP 46 )        296 bits [Y 29.4110 dB    U 38.5018 dB    V 38.9652 dB] [ET     4 ] [L0 12c 8] [L1 16 32]
POC   13 LId:  0 TId: 5 ( STSA, B-SLICE, QP 47 )        152 bits [Y 29.4399 dB    U 38.5232 dB    V 39.0142 dB] [ET     2 ] [L0 12 8] [L1 14c 16]
POC   15 LId:  0 TId: 5 ( STSA, B-SLICE, QP 47 )        136 bits [Y 29.5858 dB    U 38.4704 dB    V 38.9566 dB] [ET     2 ] [L0 14c 12] [L1 16 32]
POC   24 LId:  0 TId: 2 ( STSA, B-SLICE, QP 41 )       2632 bits [Y 29.8951 dB    U 38.3006 dB    V 38.8808 dB] [ET    13 ] [L0 16c 0] [L1 32 16]
POC   20 LId:  0 TId: 3 ( STSA, B-SLICE, QP 44 )       1088 bits [Y 29.4288 dB    U 38.4357 dB    V 38.8982 dB] [ET     8 ] [L0 16 0] [L1 24c 32]
POC   18 LId:  0 TId: 4 ( STSA, B-SLICE, QP 46 )        280 bits [Y 29.5166 dB    U 38.4299 dB    V 38.9385 dB] [ET     4 ] [L0 16 0] [L1 20c 24]
POC   17 LId:  0 TId: 5 ( STSA, B-SLICE, QP 47 )        168 bits [Y 29.7278 dB    U 38.4525 dB    V 38.9349 dB] [ET     2 ] [L0 16 0] [L1 18c 20]
POC   19 LId:  0 TId: 5 ( STSA, B-SLICE, QP 47 )        184 bits [Y 29.4554 dB    U 38.4083 dB    V 38.9255 dB] [ET     3 ] [L0 18c 16] [L1 20 24]
POC   22 LId:  0 TId: 4 ( STSA, B-SLICE, QP 46 )        320 bits [Y 29.3844 dB    U 38.3913 dB    V 38.8991 dB] [ET     4 ] [L0 20c 16] [L1 24 32]
POC   21 LId:  0 TId: 5 ( STSA, B-SLICE, QP 47 )        216 bits [Y 29.4141 dB    U 38.4006 dB    V 38.9313 dB] [ET     3 ] [L0 20 16] [L1 22c 24]
POC   23 LId:  0 TId: 5 ( STSA, B-SLICE, QP 47 )        168 bits [Y 29.6710 dB    U 38.3571 dB    V 38.8768 dB] [ET     2 ] [L0 22c 20] [L1 24 32]
POC   28 LId:  0 TId: 3 ( STSA, B-SLICE, QP 44 )        824 bits [Y 29.6336 dB    U 38.3543 dB    V 38.8340 dB] [ET     5 ] [L0 24c 16] [L1 32 24]
POC   26 LId:  0 TId: 4 ( STSA, B-SLICE, QP 46 )        256 bits [Y 29.5589 dB    U 38.3488 dB    V 38.8770 dB] [ET     4 ] [L0 24 16] [L1 28c 32]
POC   25 LId:  0 TId: 5 ( STSA, B-SLICE, QP 47 )        136 bits [Y 29.7153 dB    U 38.3445 dB    V 38.8605 dB] [ET     2 ] [L0 24 16] [L1 26c 28]
POC   27 LId:  0 TId: 5 ( STSA, B-SLICE, QP 47 )        136 bits [Y 29.5464 dB    U 38.3543 dB    V 38.8457 dB] [ET     2 ] [L0 26c 24] [L1 28 32]
POC   30 LId:  0 TId: 4 ( STSA, B-SLICE, QP 46 )        296 bits [Y 29.8465 dB    U 38.3714 dB    V 38.8382 dB] [ET     4 ] [L0 28c 16] [L1 32 28]
POC   29 LId:  0 TId: 5 ( STSA, B-SLICE, QP 47 )        160 bits [Y 29.6886 dB    U 38.3639 dB    V 38.8507 dB] [ET     2 ] [L0 28 16] [L1 30c 32]
POC   31 LId:  0 TId: 5 ( STSA, B-SLICE, QP 47 )        168 bits [Y 30.2289 dB    U 38.3546 dB    V 38.8272 dB] [ET     2 ] [L0 30c 28] [L1 32 30]
POC   64 LId:  0 TId: 0 ( CRA, I-SLICE, QP 35 )      65568 bits [Y 31.6024 dB    U 38.1182 dB    V 38.7185 dB] [ET    30 ] [L0] [L1]
POC   48 LId:  0 TId: 1 ( RASL, B-SLICE, QP 41 )       4320 bits [Y 30.2276 dB    U 38.5041 dB    V 39.2311 dB] [ET    23 ] [L0 32c 16] [L1 64 32]
POC   40 LId:  0 TId: 2 ( RASL, B-SLICE, QP 41 )       2600 bits [Y 30.2054 dB    U 38.5095 dB    V 39.1323 dB] [ET    15 ] [L0 32 16] [L1 48c 64]
POC   36 LId:  0 TId: 3 ( RASL, B-SLICE, QP 44 )        704 bits [Y 29.7728 dB    U 38.5646 dB    V 39.0299 dB] [ET     7 ] [L0 32 16] [L1 40c 48]
POC   34 LId:  0 TId: 4 ( RASL, B-SLICE, QP 46 )        344 bits [Y 29.9894 dB    U 38.4590 dB    V 38.9765 dB] [ET     6 ] [L0 32 16] [L1 36c 40]
POC   33 LId:  0 TId: 5 ( RASL, B-SLICE, QP 47 )        216 bits [Y 30.3173 dB    U 38.4236 dB    V 38.9123 dB] [ET     2 ] [L0 32 34] [L1 34c 36]
POC   35 LId:  0 TId: 5 ( RASL, B-SLICE, QP 47 )        168 bits [Y 29.8502 dB    U 38.5357 dB    V 39.0192 dB] [ET     2 ] [L0 34c 32] [L1 36 40]
POC   38 LId:  0 TId: 4 ( RASL, B-SLICE, QP 46 )        320 bits [Y 29.8082 dB    U 38.5377 dB    V 39.0870 dB] [ET     5 ] [L0 36c 32] [L1 40 48]
POC   37 LId:  0 TId: 5 ( RASL, B-SLICE, QP 47 )        136 bits [Y 29.7029 dB    U 38.5274 dB    V 39.0454 dB] [ET     2 ] [L0 36 32] [L1 38c 40]
POC   39 LId:  0 TId: 5 ( RASL, B-SLICE, QP 47 )        160 bits [Y 30.0041 dB    U 38.5271 dB    V 39.1018 dB] [ET     2 ] [L0 38c 36] [L1 40 48]
POC   44 LId:  0 TId: 3 ( RASL, B-SLICE, QP 44 )        768 bits [Y 29.7774 dB    U 38.5700 dB    V 39.2680 dB] [ET     7 ] [L0 40 32] [L1 48c 64]
POC   42 LId:  0 TId: 4 ( RASL, B-SLICE, QP 46 )        280 bits [Y 29.6215 dB    U 38.5563 dB    V 39.2293 dB] [ET     5 ] [L0 40 32] [L1 44c 48]
POC   41 LId:  0 TId: 5 ( RASL, B-SLICE, QP 47 )        168 bits [Y 29.9476 dB    U 38.5482 dB    V 39.1651 dB] [ET     2 ] [L0 40 32] [L1 42c 44]
POC   43 LId:  0 TId: 5 ( RASL, B-SLICE, QP 47 )        168 bits [Y 29.5988 dB    U 38.5634 dB    V 39.2432 dB] [ET     2 ] [L0 42c 40] [L1 44 48]
POC   46 LId:  0 TId: 4 ( RASL, B-SLICE, QP 46 )        240 bits [Y 29.7461 dB    U 38.5819 dB    V 39.2290 dB] [ET     5 ] [L0 44c 40] [L1 48 64]
POC   45 LId:  0 TId: 5 ( RASL, B-SLICE, QP 47 )        168 bits [Y 29.7289 dB    U 38.5663 dB    V 39.2526 dB] [ET     2 ] [L0 44 40] [L1 46c 48]
POC   47 LId:  0 TId: 5 ( RASL, B-SLICE, QP 47 )        160 bits [Y 30.0928 dB    U 38.5197 dB    V 39.2714 dB] [ET     2 ] [L0 46c 44] [L1 48 64]
POC   56 LId:  0 TId: 2 ( RASL, B-SLICE, QP 41 )       2704 bits [Y 30.2230 dB    U 38.4180 dB    V 39.0766 dB] [ET    15 ] [L0 48c 32] [L1 64 48]
POC   52 LId:  0 TId: 3 ( RASL, B-SLICE, QP 44 )        880 bits [Y 29.8560 dB    U 38.4363 dB    V 39.2025 dB] [ET     8 ] [L0 48 32] [L1 56c 64]
POC   50 LId:  0 TId: 4 ( RASL, B-SLICE, QP 46 )        208 bits [Y 29.6981 dB    U 38.5045 dB    V 39.2270 dB] [ET     5 ] [L0 48 32] [L1 52c 56]
POC   49 LId:  0 TId: 5 ( RASL, B-SLICE, QP 47 )        176 bits [Y 29.9994 dB    U 38.5170 dB    V 39.2582 dB] [ET     2 ] [L0 48 32] [L1 50c 52]
POC   51 LId:  0 TId: 5 ( RASL, B-SLICE, QP 47 )        192 bits [Y 29.7541 dB    U 38.5105 dB    V 39.2161 dB] [ET     2 ] [L0 50c 48] [L1 52 56]
POC   54 LId:  0 TId: 4 ( RASL, B-SLICE, QP 46 )        256 bits [Y 29.6386 dB    U 38.4230 dB    V 39.1109 dB] [ET     5 ] [L0 52c 48] [L1 56 64]
POC   53 LId:  0 TId: 5 ( RASL, B-SLICE, QP 47 )        168 bits [Y 29.6789 dB    U 38.4544 dB    V 39.1662 dB] [ET     3 ] [L0 52 48] [L1 54c 56]
POC   55 LId:  0 TId: 5 ( RASL, B-SLICE, QP 47 )        136 bits [Y 29.9462 dB    U 38.4410 dB    V 39.0978 dB] [ET     2 ] [L0 54c 52] [L1 56 64]
POC   60 LId:  0 TId: 3 ( RASL, B-SLICE, QP 44 )        856 bits [Y 30.0524 dB    U 38.2542 dB    V 38.9468 dB] [ET     7 ] [L0 56c 48] [L1 64 56]
POC   58 LId:  0 TId: 4 ( RASL, B-SLICE, QP 46 )        280 bits [Y 29.8281 dB    U 38.3321 dB    V 39.0317 dB] [ET     5 ] [L0 56 48] [L1 60c 64]
POC   57 LId:  0 TId: 5 ( RASL, B-SLICE, QP 47 )        152 bits [Y 29.9859 dB    U 38.3199 dB    V 39.0486 dB] [ET     2 ] [L0 56 48] [L1 58c 60]
POC   59 LId:  0 TId: 5 ( RASL, B-SLICE, QP 47 )        152 bits [Y 29.8584 dB    U 38.3111 dB    V 38.9943 dB] [ET     2 ] [L0 58c 56] [L1 60 64]
POC   62 LId:  0 TId: 4 ( RASL, B-SLICE, QP 46 )        344 bits [Y 30.1895 dB    U 38.2272 dB    V 38.8494 dB] [ET     6 ] [L0 60c 48] [L1 64 60]
POC   61 LId:  0 TId: 5 ( RASL, B-SLICE, QP 47 )        168 bits [Y 30.1429 dB    U 38.2395 dB    V 38.9346 dB] [ET     2 ] [L0 60 48] [L1 62c 64]
POC   63 LId:  0 TId: 5 ( RASL, B-SLICE, QP 47 )        152 bits [Y 30.8399 dB    U 38.1609 dB    V 38.7895 dB] [ET     2 ] [L0 62c 60] [L1 64 62]

LayerId  0
	Total Frames |   Bitrate     Y-PSNR    U-PSNR    V-PSNR    YUV-PSNR   
	       65    a     163.0006   29.9217   38.4580   39.0206   31.3855

 finished @ Mon Jan 13 22:41:02 2025
 Total Time:      402.064 sec. [user]      402.064 sec. [elapsed]
