
VVCSoftware: VTM Encoder Version 10.0 [Windows][VS 1916][64 bit] [SIMD=AVX2] 

TOOL CFG: IBD:1 HAD:1 RDQ:1 RDQTS:1 RDpenalty:0 LQP:0 SQP:0 ASR:1 MinSearchWindow:96 RestrictMESampling:0 FEN:1 ECU:0 FDM:1 CFM:0 ESD:0 TransformSkip:1 TransformSkipFast:1 TransformSkipLog2MaxSize:5 ChromaTS:1 BDPCM:0 Tiles: 1x1 Slices: 1 MCTS:0 SAO:1 ALF:1 CCALF:1 WPP:0 WPB:0 PME:2  WaveFrontSynchro:0 WaveFrontSubstreams:1 ScalingList:0 TMVPMode:1  DQ:1  SignBitHidingFlag:0 RecalQP:0 
TOOL CFG: LFNST:1 MMVD:1 Affine:1 AffineType:1 PROF:1 SbTMVP:1 DualITree:1 IMV:1 BIO:1 LMChroma:1 HorCollocatedChroma:1 VerCollocatedChroma:0 MTS: 1(intra) 0(inter) SBT:1 ISP:1 SMVD:1 CompositeLTReference:0 Bcw:1 BcwFast:1 LADF:0 CIIP:1 Geo:1 AllowDisFracMMVD:1 AffineAmvr:1 AffineAmvrEncOpt:1 DMVR:1 MmvdDisNum:6 JointCbCr:1 ACT:0 PLT:0 IBC:0 HashME:0 WrapAround:0 VirtualBoundariesEnabledFlag:0 VirtualBoundariesPresentInSPSFlag:1 vertical virtual boundaries:[ ] horizontal virtual boundaries:[ ] Reshape:1 (Signal:SDR Opt:0 CSoffset:6) MRL:1 MIP:1 EncDbOpt:0 
FAST TOOL CFG: LCTUFast:1 FastMrg:1 PBIntraFast:1 IMV4PelFast:1 MTSMaxCand: 4(intra) 4(inter) ISPFast:0 FastLFNST:0 AMaxBT:1 E0023FastEnc:1 ContentBasedFastQtbt:0 UseNonLinearAlfLuma:1 UseNonLinearAlfChroma:1 MaxNumAlfAlternativesChroma:8 FastMIP:0 FastLocalDualTree:1 NumSplitThreads:1 NumWppThreads:1+0 EnsureWppBitEqual:0 RPR:0 TemporalFilter:0 


 started @ Mon Jan 13 22:41:02 2025
POC    0 LId:  0 TId: 0 ( IDR_N_LP, I-SLICE, QP 34 )      68032 bits [Y 32.4459 dB    U 38.8324 dB    V 39.5251 dB] [ET    21 ] [L0] [L1]
POC   32 LId:  0 TId: 0 ( TRAIL, B-SLICE, QP 36 )      15816 bits [Y 31.1991 dB    U 38.5949 dB    V 39.3018 dB] [ET    32 ] [L0 0] [L1 0c]
POC   16 LId:  0 TId: 1 ( STSA, B-SLICE, QP 40 )       4488 bits [Y 30.3750 dB    U 38.7278 dB    V 39.3924 dB] [ET    19 ] [L0 0 32] [L1 32c 0]
POC    8 LId:  0 TId: 2 ( STSA, B-SLICE, QP 40 )       3160 bits [Y 30.6812 dB    U 38.8094 dB    V 39.5555 dB] [ET    15 ] [L0 0 16] [L1 16c 32]
POC    4 LId:  0 TId: 3 ( STSA, B-SLICE, QP 43 )       1048 bits [Y 30.5377 dB    U 38.8509 dB    V 39.5932 dB] [ET     7 ] [L0 0 8] [L1 8c 16]
POC    2 LId:  0 TId: 4 ( STSA, B-SLICE, QP 45 )        248 bits [Y 31.0700 dB    U 38.8094 dB    V 39.5720 dB] [ET     3 ] [L0 0 4] [L1 4c 8]
POC    1 LId:  0 TId: 5 ( STSA, B-SLICE, QP 46 )        168 bits [Y 31.6448 dB    U 38.8338 dB    V 39.5710 dB] [ET     2 ] [L0 0 2] [L1 2c 4]
POC    3 LId:  0 TId: 5 ( STSA, B-SLICE, QP 46 )        144 bits [Y 30.7152 dB    U 38.8212 dB    V 39.5513 dB] [ET     2 ] [L0 2c 0] [L1 4 8]
POC    6 LId:  0 TId: 4 ( STSA, B-SLICE, QP 45 )        296 bits [Y 30.3392 dB    U 38.8428 dB    V 39.5561 dB] [ET     4 ] [L0 4c 0] [L1 8 16]
POC    5 LId:  0 TId: 5 ( STSA, B-SLICE, QP 46 )        136 bits [Y 30.4434 dB    U 38.8247 dB    V 39.5170 dB] [ET     2 ] [L0 4 0] [L1 6c 8]
POC    7 LId:  0 TId: 5 ( STSA, B-SLICE, QP 46 )        136 bits [Y 30.5422 dB    U 38.7977 dB    V 39.5503 dB] [ET     2 ] [L0 6c 4] [L1 8 16]
POC   12 LId:  0 TId: 3 ( STSA, B-SLICE, QP 43 )       1224 bits [Y 30.0292 dB    U 38.8200 dB    V 39.5043 dB] [ET     8 ] [L0 8 0] [L1 16c 32]
POC   10 LId:  0 TId: 4 ( STSA, B-SLICE, QP 45 )        296 bits [Y 30.1030 dB    U 38.7987 dB    V 39.5583 dB] [ET     4 ] [L0 8 0] [L1 12c 16]
POC    9 LId:  0 TId: 5 ( STSA, B-SLICE, QP 46 )        136 bits [Y 30.3805 dB    U 38.7841 dB    V 39.5532 dB] [ET     2 ] [L0 8 0] [L1 10c 12]
POC   11 LId:  0 TId: 5 ( STSA, B-SLICE, QP 46 )        160 bits [Y 30.0743 dB    U 38.7982 dB    V 39.5368 dB] [ET     2 ] [L0 10c 8] [L1 12 16]
POC   14 LId:  0 TId: 4 ( STSA, B-SLICE, QP 45 )        288 bits [Y 29.8631 dB    U 38.7713 dB    V 39.4624 dB] [ET     5 ] [L0 12c 8] [L1 16 32]
POC   13 LId:  0 TId: 5 ( STSA, B-SLICE, QP 46 )        160 bits [Y 29.9385 dB    U 38.7906 dB    V 39.5220 dB] [ET     2 ] [L0 12 8] [L1 14c 16]
POC   15 LId:  0 TId: 5 ( STSA, B-SLICE, QP 46 )        152 bits [Y 30.0710 dB    U 38.7450 dB    V 39.4339 dB] [ET     2 ] [L0 14c 12] [L1 16 32]
POC   24 LId:  0 TId: 2 ( STSA, B-SLICE, QP 40 )       3096 bits [Y 30.4169 dB    U 38.6205 dB    V 39.4020 dB] [ET    15 ] [L0 16c 0] [L1 32 16]
POC   20 LId:  0 TId: 3 ( STSA, B-SLICE, QP 43 )       1272 bits [Y 29.9810 dB    U 38.6798 dB    V 39.3718 dB] [ET     8 ] [L0 16 0] [L1 24c 32]
POC   18 LId:  0 TId: 4 ( STSA, B-SLICE, QP 45 )        336 bits [Y 30.0045 dB    U 38.7094 dB    V 39.3992 dB] [ET     5 ] [L0 16 0] [L1 20c 24]
POC   17 LId:  0 TId: 5 ( STSA, B-SLICE, QP 46 )        152 bits [Y 30.2372 dB    U 38.7332 dB    V 39.4209 dB] [ET     2 ] [L0 16 0] [L1 18c 20]
POC   19 LId:  0 TId: 5 ( STSA, B-SLICE, QP 46 )        136 bits [Y 29.9562 dB    U 38.6582 dB    V 39.3897 dB] [ET     2 ] [L0 18c 16] [L1 20 24]
POC   22 LId:  0 TId: 4 ( STSA, B-SLICE, QP 45 )        320 bits [Y 29.9186 dB    U 38.7009 dB    V 39.4021 dB] [ET     4 ] [L0 20c 16] [L1 24 32]
POC   21 LId:  0 TId: 5 ( STSA, B-SLICE, QP 46 )        152 bits [Y 29.9207 dB    U 38.6854 dB    V 39.4288 dB] [ET     2 ] [L0 20 16] [L1 22c 24]
POC   23 LId:  0 TId: 5 ( STSA, B-SLICE, QP 46 )        136 bits [Y 30.2115 dB    U 38.6855 dB    V 39.4061 dB] [ET     2 ] [L0 22c 20] [L1 24 32]
POC   28 LId:  0 TId: 3 ( STSA, B-SLICE, QP 43 )        880 bits [Y 30.1154 dB    U 38.6850 dB    V 39.3914 dB] [ET     7 ] [L0 24c 16] [L1 32 24]
POC   26 LId:  0 TId: 4 ( STSA, B-SLICE, QP 45 )        312 bits [Y 30.0697 dB    U 38.6709 dB    V 39.3922 dB] [ET     5 ] [L0 24 16] [L1 28c 32]
POC   25 LId:  0 TId: 5 ( STSA, B-SLICE, QP 46 )        160 bits [Y 30.2414 dB    U 38.6789 dB    V 39.3912 dB] [ET     2 ] [L0 24 16] [L1 26c 28]
POC   27 LId:  0 TId: 5 ( STSA, B-SLICE, QP 46 )        136 bits [Y 30.0261 dB    U 38.6809 dB    V 39.3869 dB] [ET     3 ] [L0 26c 24] [L1 28 32]
POC   30 LId:  0 TId: 4 ( STSA, B-SLICE, QP 45 )        320 bits [Y 30.3833 dB    U 38.6666 dB    V 39.3358 dB] [ET     4 ] [L0 28c 16] [L1 32 28]
POC   29 LId:  0 TId: 5 ( STSA, B-SLICE, QP 46 )        176 bits [Y 30.2068 dB    U 38.6628 dB    V 39.3769 dB] [ET     2 ] [L0 28 16] [L1 30c 32]
POC   31 LId:  0 TId: 5 ( STSA, B-SLICE, QP 46 )        160 bits [Y 30.8150 dB    U 38.6279 dB    V 39.3154 dB] [ET     2 ] [L0 30c 28] [L1 32 30]
POC   64 LId:  0 TId: 0 ( CRA, I-SLICE, QP 34 )      71968 bits [Y 32.3258 dB    U 38.4414 dB    V 39.0395 dB] [ET    27 ] [L0] [L1]
POC   48 LId:  0 TId: 1 ( RASL, B-SLICE, QP 40 )       4896 bits [Y 30.7161 dB    U 38.7666 dB    V 39.7429 dB] [ET    20 ] [L0 32c 16] [L1 64 32]
POC   40 LId:  0 TId: 2 ( RASL, B-SLICE, QP 40 )       3080 bits [Y 30.8258 dB    U 38.8040 dB    V 39.7045 dB] [ET    17 ] [L0 32 16] [L1 48c 64]
POC   36 LId:  0 TId: 3 ( RASL, B-SLICE, QP 43 )        768 bits [Y 30.3087 dB    U 38.7818 dB    V 39.5026 dB] [ET     8 ] [L0 32 16] [L1 40c 48]
POC   34 LId:  0 TId: 4 ( RASL, B-SLICE, QP 45 )        352 bits [Y 30.4557 dB    U 38.7116 dB    V 39.4576 dB] [ET     5 ] [L0 32 16] [L1 36c 40]
POC   33 LId:  0 TId: 5 ( RASL, B-SLICE, QP 46 )        176 bits [Y 30.8489 dB    U 38.6817 dB    V 39.3766 dB] [ET     2 ] [L0 32 34] [L1 34c 36]
POC   35 LId:  0 TId: 5 ( RASL, B-SLICE, QP 46 )        160 bits [Y 30.3216 dB    U 38.7527 dB    V 39.4785 dB] [ET     2 ] [L0 34c 32] [L1 36 40]
POC   38 LId:  0 TId: 4 ( RASL, B-SLICE, QP 45 )        432 bits [Y 30.3389 dB    U 38.8020 dB    V 39.6382 dB] [ET     4 ] [L0 36c 32] [L1 40 48]
POC   37 LId:  0 TId: 5 ( RASL, B-SLICE, QP 46 )        160 bits [Y 30.1851 dB    U 38.7685 dB    V 39.5540 dB] [ET     2 ] [L0 36 32] [L1 38c 40]
POC   39 LId:  0 TId: 5 ( RASL, B-SLICE, QP 46 )        192 bits [Y 30.5629 dB    U 38.8263 dB    V 39.6849 dB] [ET     2 ] [L0 38c 36] [L1 40 48]
POC   44 LId:  0 TId: 3 ( RASL, B-SLICE, QP 43 )        952 bits [Y 30.2359 dB    U 38.8567 dB    V 39.8583 dB] [ET     8 ] [L0 40 32] [L1 48c 64]
POC   42 LId:  0 TId: 4 ( RASL, B-SLICE, QP 45 )        288 bits [Y 30.2156 dB    U 38.8270 dB    V 39.8143 dB] [ET     4 ] [L0 40 32] [L1 44c 48]
POC   41 LId:  0 TId: 5 ( RASL, B-SLICE, QP 46 )        200 bits [Y 30.5826 dB    U 38.8366 dB    V 39.7615 dB] [ET     5 ] [L0 40 32] [L1 42c 44]
POC   43 LId:  0 TId: 5 ( RASL, B-SLICE, QP 46 )        192 bits [Y 30.2271 dB    U 38.8345 dB    V 39.8089 dB] [ET     2 ] [L0 42c 40] [L1 44 48]
POC   46 LId:  0 TId: 4 ( RASL, B-SLICE, QP 45 )        272 bits [Y 30.2462 dB    U 38.8456 dB    V 39.7869 dB] [ET     4 ] [L0 44c 40] [L1 48 64]
POC   45 LId:  0 TId: 5 ( RASL, B-SLICE, QP 46 )        152 bits [Y 30.2018 dB    U 38.8395 dB    V 39.8367 dB] [ET     2 ] [L0 44 40] [L1 46c 48]
POC   47 LId:  0 TId: 5 ( RASL, B-SLICE, QP 46 )        168 bits [Y 30.5316 dB    U 38.7876 dB    V 39.8078 dB] [ET     2 ] [L0 46c 44] [L1 48 64]
POC   56 LId:  0 TId: 2 ( RASL, B-SLICE, QP 40 )       3104 bits [Y 30.7861 dB    U 38.7552 dB    V 39.5810 dB] [ET    18 ] [L0 48c 32] [L1 64 48]
POC   52 LId:  0 TId: 3 ( RASL, B-SLICE, QP 43 )       1000 bits [Y 30.3466 dB    U 38.7536 dB    V 39.7377 dB] [ET     7 ] [L0 48 32] [L1 56c 64]
POC   50 LId:  0 TId: 4 ( RASL, B-SLICE, QP 45 )        336 bits [Y 30.2849 dB    U 38.8006 dB    V 39.7491 dB] [ET     6 ] [L0 48 32] [L1 52c 56]
POC   49 LId:  0 TId: 5 ( RASL, B-SLICE, QP 46 )        192 bits [Y 30.5895 dB    U 38.7816 dB    V 39.7956 dB] [ET     2 ] [L0 48 32] [L1 50c 52]
POC   51 LId:  0 TId: 5 ( RASL, B-SLICE, QP 46 )        192 bits [Y 30.3067 dB    U 38.8086 dB    V 39.7478 dB] [ET     6 ] [L0 50c 48] [L1 52 56]
POC   54 LId:  0 TId: 4 ( RASL, B-SLICE, QP 45 )        272 bits [Y 30.1578 dB    U 38.7512 dB    V 39.6266 dB] [ET     6 ] [L0 52c 48] [L1 56 64]
POC   53 LId:  0 TId: 5 ( RASL, B-SLICE, QP 46 )        200 bits [Y 30.3044 dB    U 38.7649 dB    V 39.7012 dB] [ET     2 ] [L0 52 48] [L1 54c 56]
POC   55 LId:  0 TId: 5 ( RASL, B-SLICE, QP 46 )        160 bits [Y 30.4815 dB    U 38.7803 dB    V 39.6217 dB] [ET     2 ] [L0 54c 52] [L1 56 64]
POC   60 LId:  0 TId: 3 ( RASL, B-SLICE, QP 43 )       1000 bits [Y 30.5874 dB    U 38.5751 dB    V 39.3900 dB] [ET     8 ] [L0 56c 48] [L1 64 56]
POC   58 LId:  0 TId: 4 ( RASL, B-SLICE, QP 45 )        448 bits [Y 30.4768 dB    U 38.6593 dB    V 39.5344 dB] [ET     7 ] [L0 56 48] [L1 60c 64]
POC   57 LId:  0 TId: 5 ( RASL, B-SLICE, QP 46 )        200 bits [Y 30.6317 dB    U 38.6664 dB    V 39.5377 dB] [ET     2 ] [L0 56 48] [L1 58c 60]
POC   59 LId:  0 TId: 5 ( RASL, B-SLICE, QP 46 )        192 bits [Y 30.3963 dB    U 38.6309 dB    V 39.4636 dB] [ET     3 ] [L0 58c 56] [L1 60 64]
POC   62 LId:  0 TId: 4 ( RASL, B-SLICE, QP 45 )        328 bits [Y 30.7534 dB    U 38.5479 dB    V 39.2213 dB] [ET     7 ] [L0 60c 48] [L1 64 60]
POC   61 LId:  0 TId: 5 ( RASL, B-SLICE, QP 46 )        160 bits [Y 30.6405 dB    U 38.5465 dB    V 39.3566 dB] [ET     2 ] [L0 60 48] [L1 62c 64]
POC   63 LId:  0 TId: 5 ( RASL, B-SLICE, QP 46 )        152 bits [Y 31.4213 dB    U 38.4669 dB    V 39.1467 dB] [ET     2 ] [L0 62c 60] [L1 64 62]

LayerId  0
	Total Frames |   Bitrate     Y-PSNR    U-PSNR    V-PSNR    YUV-PSNR   
	       65    a     181.0855   30.4654   38.7362   39.5251   31.9157

 finished @ Mon Jan 13 22:48:12 2025
 Total Time:      430.309 sec. [user]      430.309 sec. [elapsed]
