
VVCSoftware: VTM Encoder Version 10.0 [Windows][VS 1916][64 bit] [SIMD=AVX2] 

TOOL CFG: IBD:1 HAD:1 RDQ:1 RDQTS:1 RDpenalty:0 LQP:0 SQP:0 ASR:1 MinSearchWindow:96 RestrictMESampling:0 FEN:1 ECU:0 FDM:1 CFM:0 ESD:0 TransformSkip:1 TransformSkipFast:1 TransformSkipLog2MaxSize:5 ChromaTS:1 BDPCM:0 Tiles: 1x1 Slices: 1 MCTS:0 SAO:1 ALF:1 CCALF:1 WPP:0 WPB:0 PME:2  WaveFrontSynchro:0 WaveFrontSubstreams:1 ScalingList:0 TMVPMode:1  DQ:1  SignBitHidingFlag:0 RecalQP:0 
TOOL CFG: LFNST:1 MMVD:1 Affine:1 AffineType:1 PROF:1 SbTMVP:1 DualITree:1 IMV:1 BIO:1 LMChroma:1 HorCollocatedChroma:1 VerCollocatedChroma:0 MTS: 1(intra) 0(inter) SBT:1 ISP:1 SMVD:1 CompositeLTReference:0 Bcw:1 BcwFast:1 LADF:0 CIIP:1 Geo:1 AllowDisFracMMVD:1 AffineAmvr:1 AffineAmvrEncOpt:1 DMVR:1 MmvdDisNum:6 JointCbCr:1 ACT:0 PLT:0 IBC:0 HashME:0 WrapAround:0 VirtualBoundariesEnabledFlag:0 VirtualBoundariesPresentInSPSFlag:1 vertical virtual boundaries:[ ] horizontal virtual boundaries:[ ] Reshape:1 (Signal:SDR Opt:0 CSoffset:6) MRL:1 MIP:1 EncDbOpt:0 
FAST TOOL CFG: LCTUFast:1 FastMrg:1 PBIntraFast:1 IMV4PelFast:1 MTSMaxCand: 4(intra) 4(inter) ISPFast:0 FastLFNST:0 AMaxBT:1 E0023FastEnc:1 ContentBasedFastQtbt:0 UseNonLinearAlfLuma:1 UseNonLinearAlfChroma:1 MaxNumAlfAlternativesChroma:8 FastMIP:0 FastLocalDualTree:1 NumSplitThreads:1 NumWppThreads:1+0 EnsureWppBitEqual:0 RPR:0 TemporalFilter:0 


 started @ Tue Jan 14 01:16:20 2025
POC    0 LId:  0 TId: 0 ( IDR_N_LP, I-SLICE, QP 18 )     263512 bits [Y 45.4238 dB    U 47.0138 dB    V 47.6010 dB] [ET    24 ] [L0] [L1]
POC   32 LId:  0 TId: 0 ( TRAIL, B-SLICE, QP 20 )     131016 bits [Y 43.6126 dB    U 45.6037 dB    V 46.5662 dB] [ET    37 ] [L0 0] [L1 0c]
POC   16 LId:  0 TId: 1 ( STSA, B-SLICE, QP 21 )      84112 bits [Y 42.8159 dB    U 45.5019 dB    V 46.4328 dB] [ET    36 ] [L0 0 32] [L1 32c 0]
POC    8 LId:  0 TId: 2 ( STSA, B-SLICE, QP 21 )      73496 bits [Y 42.8934 dB    U 45.6165 dB    V 46.6429 dB] [ET    36 ] [L0 0 16] [L1 16c 32]
POC    4 LId:  0 TId: 3 ( STSA, B-SLICE, QP 25 )      32904 bits [Y 40.3387 dB    U 45.6757 dB    V 46.6970 dB] [ET    23 ] [L0 0 8] [L1 8c 16]
POC    2 LId:  0 TId: 4 ( STSA, B-SLICE, QP 27 )      11136 bits [Y 39.6716 dB    U 45.7929 dB    V 46.8325 dB] [ET    12 ] [L0 0 4] [L1 4c 8]
POC    1 LId:  0 TId: 5 ( STSA, B-SLICE, QP 28 )       1984 bits [Y 40.1764 dB    U 45.9618 dB    V 47.0380 dB] [ET     4 ] [L0 0 2] [L1 2c 4]
POC    3 LId:  0 TId: 5 ( STSA, B-SLICE, QP 28 )       2352 bits [Y 39.3602 dB    U 45.8067 dB    V 46.7166 dB] [ET     5 ] [L0 2c 0] [L1 4 8]
POC    6 LId:  0 TId: 4 ( STSA, B-SLICE, QP 27 )      11392 bits [Y 39.5017 dB    U 45.6117 dB    V 46.5786 dB] [ET    14 ] [L0 4c 0] [L1 8 16]
POC    5 LId:  0 TId: 5 ( STSA, B-SLICE, QP 28 )       2488 bits [Y 39.5130 dB    U 45.6616 dB    V 46.5742 dB] [ET     3 ] [L0 4 0] [L1 6c 8]
POC    7 LId:  0 TId: 5 ( STSA, B-SLICE, QP 28 )       2368 bits [Y 39.9776 dB    U 45.5707 dB    V 46.6729 dB] [ET     4 ] [L0 6c 4] [L1 8 16]
POC   12 LId:  0 TId: 3 ( STSA, B-SLICE, QP 25 )      32856 bits [Y 40.3180 dB    U 45.4537 dB    V 46.3644 dB] [ET    21 ] [L0 8 0] [L1 16c 32]
POC   10 LId:  0 TId: 4 ( STSA, B-SLICE, QP 27 )      10824 bits [Y 39.6046 dB    U 45.5011 dB    V 46.5276 dB] [ET    15 ] [L0 8 0] [L1 12c 16]
POC    9 LId:  0 TId: 5 ( STSA, B-SLICE, QP 28 )       2560 bits [Y 39.8866 dB    U 45.5891 dB    V 46.6392 dB] [ET     4 ] [L0 8 0] [L1 10c 12]
POC   11 LId:  0 TId: 5 ( STSA, B-SLICE, QP 28 )       2296 bits [Y 39.4461 dB    U 45.5347 dB    V 46.5021 dB] [ET     5 ] [L0 10c 8] [L1 12 16]
POC   14 LId:  0 TId: 4 ( STSA, B-SLICE, QP 27 )      11896 bits [Y 39.5142 dB    U 45.4273 dB    V 46.3878 dB] [ET    14 ] [L0 12c 8] [L1 16 32]
POC   13 LId:  0 TId: 5 ( STSA, B-SLICE, QP 28 )       2432 bits [Y 39.4819 dB    U 45.5024 dB    V 46.4819 dB] [ET     5 ] [L0 12 8] [L1 14c 16]
POC   15 LId:  0 TId: 5 ( STSA, B-SLICE, QP 28 )       2200 bits [Y 39.8192 dB    U 45.4761 dB    V 46.4436 dB] [ET     4 ] [L0 14c 12] [L1 16 32]
POC   24 LId:  0 TId: 2 ( STSA, B-SLICE, QP 21 )      75440 bits [Y 42.7711 dB    U 45.2944 dB    V 46.3702 dB] [ET    29 ] [L0 16c 0] [L1 32 16]
POC   20 LId:  0 TId: 3 ( STSA, B-SLICE, QP 25 )      33712 bits [Y 40.2936 dB    U 45.2929 dB    V 46.3424 dB] [ET    20 ] [L0 16 0] [L1 24c 32]
POC   18 LId:  0 TId: 4 ( STSA, B-SLICE, QP 27 )      10752 bits [Y 39.5304 dB    U 45.3780 dB    V 46.3787 dB] [ET    12 ] [L0 16 0] [L1 20c 24]
POC   17 LId:  0 TId: 5 ( STSA, B-SLICE, QP 28 )       2024 bits [Y 39.9502 dB    U 45.4006 dB    V 46.3807 dB] [ET     5 ] [L0 16 0] [L1 18c 20]
POC   19 LId:  0 TId: 5 ( STSA, B-SLICE, QP 28 )       2264 bits [Y 39.4266 dB    U 45.3070 dB    V 46.3274 dB] [ET     5 ] [L0 18c 16] [L1 20 24]
POC   22 LId:  0 TId: 4 ( STSA, B-SLICE, QP 27 )      10872 bits [Y 39.4759 dB    U 45.2429 dB    V 46.2740 dB] [ET    13 ] [L0 20c 16] [L1 24 32]
POC   21 LId:  0 TId: 5 ( STSA, B-SLICE, QP 28 )       2160 bits [Y 39.4359 dB    U 45.3375 dB    V 46.3354 dB] [ET     4 ] [L0 20 16] [L1 22c 24]
POC   23 LId:  0 TId: 5 ( STSA, B-SLICE, QP 28 )       1856 bits [Y 39.7963 dB    U 45.2546 dB    V 46.3754 dB] [ET     4 ] [L0 22c 20] [L1 24 32]
POC   28 LId:  0 TId: 3 ( STSA, B-SLICE, QP 25 )      31168 bits [Y 40.2273 dB    U 45.2925 dB    V 46.2796 dB] [ET    19 ] [L0 24c 16] [L1 32 24]
POC   26 LId:  0 TId: 4 ( STSA, B-SLICE, QP 27 )      11672 bits [Y 39.4355 dB    U 45.2383 dB    V 46.3146 dB] [ET    13 ] [L0 24 16] [L1 28c 32]
POC   25 LId:  0 TId: 5 ( STSA, B-SLICE, QP 28 )       1840 bits [Y 39.7994 dB    U 45.3006 dB    V 46.4229 dB] [ET     5 ] [L0 24 16] [L1 26c 28]
POC   27 LId:  0 TId: 5 ( STSA, B-SLICE, QP 28 )       2096 bits [Y 39.1159 dB    U 45.3200 dB    V 46.3044 dB] [ET     5 ] [L0 26c 24] [L1 28 32]
POC   30 LId:  0 TId: 4 ( STSA, B-SLICE, QP 27 )      13544 bits [Y 39.4126 dB    U 45.3251 dB    V 46.3499 dB] [ET    17 ] [L0 28c 16] [L1 32 28]
POC   29 LId:  0 TId: 5 ( STSA, B-SLICE, QP 28 )       2400 bits [Y 39.1828 dB    U 45.3341 dB    V 46.3927 dB] [ET    12 ] [L0 28 16] [L1 30c 32]
POC   31 LId:  0 TId: 5 ( STSA, B-SLICE, QP 28 )       2128 bits [Y 39.8191 dB    U 45.4079 dB    V 46.4848 dB] [ET     9 ] [L0 30c 28] [L1 32 30]
POC   64 LId:  0 TId: 0 ( CRA, I-SLICE, QP 18 )     274656 bits [Y 45.4742 dB    U 46.7847 dB    V 47.4078 dB] [ET    49 ] [L0] [L1]
POC   48 LId:  0 TId: 1 ( RASL, B-SLICE, QP 21 )      89264 bits [Y 42.9592 dB    U 45.7426 dB    V 46.8372 dB] [ET    67 ] [L0 32c 16] [L1 64 32]
POC   40 LId:  0 TId: 2 ( RASL, B-SLICE, QP 21 )      75176 bits [Y 42.9307 dB    U 45.6505 dB    V 46.7157 dB] [ET    64 ] [L0 32 16] [L1 48c 64]
POC   36 LId:  0 TId: 3 ( RASL, B-SLICE, QP 25 )      30536 bits [Y 40.3399 dB    U 45.5148 dB    V 46.5378 dB] [ET    41 ] [L0 32 16] [L1 40c 48]
POC   34 LId:  0 TId: 4 ( RASL, B-SLICE, QP 27 )      15368 bits [Y 39.3143 dB    U 45.5910 dB    V 46.6105 dB] [ET    39 ] [L0 32 16] [L1 36c 40]
POC   33 LId:  0 TId: 5 ( RASL, B-SLICE, QP 28 )       2008 bits [Y 39.6537 dB    U 45.4922 dB    V 46.6252 dB] [ET    10 ] [L0 32 34] [L1 34c 36]
POC   35 LId:  0 TId: 5 ( RASL, B-SLICE, QP 28 )       2456 bits [Y 39.2683 dB    U 45.5621 dB    V 46.5274 dB] [ET    10 ] [L0 34c 32] [L1 36 40]
POC   38 LId:  0 TId: 4 ( RASL, B-SLICE, QP 27 )      15000 bits [Y 39.3555 dB    U 45.6124 dB    V 46.5784 dB] [ET    35 ] [L0 36c 32] [L1 40 48]
POC   37 LId:  0 TId: 5 ( RASL, B-SLICE, QP 28 )       2688 bits [Y 39.1253 dB    U 45.5646 dB    V 46.5741 dB] [ET    11 ] [L0 36 32] [L1 38c 40]
POC   39 LId:  0 TId: 5 ( RASL, B-SLICE, QP 28 )       2304 bits [Y 39.5312 dB    U 45.6119 dB    V 46.7562 dB] [ET    11 ] [L0 38c 36] [L1 40 48]
POC   44 LId:  0 TId: 3 ( RASL, B-SLICE, QP 25 )      29648 bits [Y 40.3903 dB    U 45.5361 dB    V 46.8181 dB] [ET    41 ] [L0 40 32] [L1 48c 64]
POC   42 LId:  0 TId: 4 ( RASL, B-SLICE, QP 27 )      16808 bits [Y 39.2757 dB    U 45.5171 dB    V 46.8216 dB] [ET    46 ] [L0 40 32] [L1 44c 48]
POC   41 LId:  0 TId: 5 ( RASL, B-SLICE, QP 28 )       2600 bits [Y 39.5209 dB    U 45.6125 dB    V 46.8563 dB] [ET    13 ] [L0 40 32] [L1 42c 44]
POC   43 LId:  0 TId: 5 ( RASL, B-SLICE, QP 28 )       3120 bits [Y 39.1739 dB    U 45.5854 dB    V 46.8465 dB] [ET    13 ] [L0 42c 40] [L1 44 48]
POC   46 LId:  0 TId: 4 ( RASL, B-SLICE, QP 27 )      17472 bits [Y 39.2772 dB    U 45.6058 dB    V 46.7884 dB] [ET    30 ] [L0 44c 40] [L1 48 64]
POC   45 LId:  0 TId: 5 ( RASL, B-SLICE, QP 28 )       3072 bits [Y 39.2696 dB    U 45.6214 dB    V 46.8303 dB] [ET    13 ] [L0 44 40] [L1 46c 48]
POC   47 LId:  0 TId: 5 ( RASL, B-SLICE, QP 28 )       3400 bits [Y 39.4482 dB    U 45.6771 dB    V 46.8939 dB] [ET    15 ] [L0 46c 44] [L1 48 64]
POC   56 LId:  0 TId: 2 ( RASL, B-SLICE, QP 21 )      79408 bits [Y 42.8878 dB    U 45.7635 dB    V 46.9313 dB] [ET    61 ] [L0 48c 32] [L1 64 48]
POC   52 LId:  0 TId: 3 ( RASL, B-SLICE, QP 25 )      29432 bits [Y 40.3599 dB    U 45.5298 dB    V 46.7534 dB] [ET    40 ] [L0 48 32] [L1 56c 64]
POC   50 LId:  0 TId: 4 ( RASL, B-SLICE, QP 27 )      17144 bits [Y 39.3525 dB    U 45.5635 dB    V 46.8021 dB] [ET    33 ] [L0 48 32] [L1 52c 56]
POC   49 LId:  0 TId: 5 ( RASL, B-SLICE, QP 28 )       2616 bits [Y 39.2584 dB    U 45.6839 dB    V 46.9422 dB] [ET    11 ] [L0 48 32] [L1 50c 52]
POC   51 LId:  0 TId: 5 ( RASL, B-SLICE, QP 28 )       3080 bits [Y 39.0559 dB    U 45.6323 dB    V 46.8600 dB] [ET    14 ] [L0 50c 48] [L1 52 56]
POC   54 LId:  0 TId: 4 ( RASL, B-SLICE, QP 27 )      17288 bits [Y 39.3581 dB    U 45.5618 dB    V 46.8032 dB] [ET    33 ] [L0 52c 48] [L1 56 64]
POC   53 LId:  0 TId: 5 ( RASL, B-SLICE, QP 28 )       3984 bits [Y 39.1436 dB    U 45.5456 dB    V 46.7923 dB] [ET    16 ] [L0 52 48] [L1 54c 56]
POC   55 LId:  0 TId: 5 ( RASL, B-SLICE, QP 28 )       2648 bits [Y 39.5085 dB    U 45.6345 dB    V 46.8410 dB] [ET    13 ] [L0 54c 52] [L1 56 64]
POC   60 LId:  0 TId: 3 ( RASL, B-SLICE, QP 25 )      29648 bits [Y 40.3592 dB    U 45.5276 dB    V 46.6487 dB] [ET    41 ] [L0 56c 48] [L1 64 56]
POC   58 LId:  0 TId: 4 ( RASL, B-SLICE, QP 27 )      15592 bits [Y 39.2873 dB    U 45.5355 dB    V 46.8086 dB] [ET    30 ] [L0 56 48] [L1 60c 64]
POC   57 LId:  0 TId: 5 ( RASL, B-SLICE, QP 28 )       3840 bits [Y 39.3061 dB    U 45.5996 dB    V 46.8153 dB] [ET    14 ] [L0 56 48] [L1 58c 60]
POC   59 LId:  0 TId: 5 ( RASL, B-SLICE, QP 28 )       4440 bits [Y 38.9111 dB    U 45.5495 dB    V 46.7412 dB] [ET    18 ] [L0 58c 56] [L1 60 64]
POC   62 LId:  0 TId: 4 ( RASL, B-SLICE, QP 27 )      19904 bits [Y 39.2487 dB    U 45.6892 dB    V 46.8246 dB] [ET    32 ] [L0 60c 48] [L1 64 60]
POC   61 LId:  0 TId: 5 ( RASL, B-SLICE, QP 28 )       3360 bits [Y 39.0020 dB    U 45.6340 dB    V 46.7549 dB] [ET    15 ] [L0 60 48] [L1 62c 64]
POC   63 LId:  0 TId: 5 ( RASL, B-SLICE, QP 28 )       3064 bits [Y 39.4169 dB    U 45.7751 dB    V 46.9281 dB] [ET    12 ] [L0 62c 60] [L1 64 62]

LayerId  0
	Total Frames |   Bitrate     Y-PSNR    U-PSNR    V-PSNR    YUV-PSNR   
	       65    a    1575.4855   40.1199   45.5775   46.6508   41.1873

 finished @ Tue Jan 14 01:39:00 2025
 Total Time:     1360.530 sec. [user]     1360.530 sec. [elapsed]
