
VVCSoftware: VTM Encoder Version 10.0 [Windows][VS 1916][64 bit] [SIMD=AVX2] 

TOOL CFG: IBD:1 HAD:1 RDQ:1 RDQTS:1 RDpenalty:0 LQP:0 SQP:0 ASR:1 MinSearchWindow:96 RestrictMESampling:0 FEN:1 ECU:0 FDM:1 CFM:0 ESD:0 TransformSkip:1 TransformSkipFast:1 TransformSkipLog2MaxSize:5 ChromaTS:1 BDPCM:0 Tiles: 1x1 Slices: 1 MCTS:0 SAO:1 ALF:1 CCALF:1 WPP:0 WPB:0 PME:2  WaveFrontSynchro:0 WaveFrontSubstreams:1 ScalingList:0 TMVPMode:1  DQ:1  SignBitHidingFlag:0 RecalQP:0 
TOOL CFG: LFNST:1 MMVD:1 Affine:1 AffineType:1 PROF:1 SbTMVP:1 DualITree:1 IMV:1 BIO:1 LMChroma:1 HorCollocatedChroma:1 VerCollocatedChroma:0 MTS: 1(intra) 0(inter) SBT:1 ISP:1 SMVD:1 CompositeLTReference:0 Bcw:1 BcwFast:1 LADF:0 CIIP:1 Geo:1 AllowDisFracMMVD:1 AffineAmvr:1 AffineAmvrEncOpt:1 DMVR:1 MmvdDisNum:6 JointCbCr:1 ACT:0 PLT:0 IBC:0 HashME:0 WrapAround:0 VirtualBoundariesEnabledFlag:0 VirtualBoundariesPresentInSPSFlag:1 vertical virtual boundaries:[ ] horizontal virtual boundaries:[ ] Reshape:1 (Signal:SDR Opt:0 CSoffset:6) MRL:1 MIP:1 EncDbOpt:0 
FAST TOOL CFG: LCTUFast:1 FastMrg:1 PBIntraFast:1 IMV4PelFast:1 MTSMaxCand: 4(intra) 4(inter) ISPFast:0 FastLFNST:0 AMaxBT:1 E0023FastEnc:1 ContentBasedFastQtbt:0 UseNonLinearAlfLuma:1 UseNonLinearAlfChroma:1 MaxNumAlfAlternativesChroma:8 FastMIP:0 FastLocalDualTree:1 NumSplitThreads:1 NumWppThreads:1+0 EnsureWppBitEqual:0 RPR:0 TemporalFilter:0 


 started @ Tue Jan 14 00:47:42 2025
POC    0 LId:  0 TId: 0 ( IDR_N_LP, I-SLICE, QP 20 )     225376 bits [Y 43.7082 dB    U 45.1769 dB    V 46.0082 dB] [ET    25 ] [L0] [L1]
POC   32 LId:  0 TId: 0 ( CRA, I-SLICE, QP 20 )     232536 bits [Y 43.7212 dB    U 45.1801 dB    V 45.9669 dB] [ET    23 ] [L0] [L1]
POC   16 LId:  0 TId: 1 ( RASL, B-SLICE, QP 23 )      63216 bits [Y 41.4460 dB    U 44.9788 dB    V 45.9570 dB] [ET    31 ] [L0 0 32] [L1 32c 0]
POC    8 LId:  0 TId: 2 ( RASL, B-SLICE, QP 24 )      42920 bits [Y 40.6964 dB    U 44.8345 dB    V 45.9222 dB] [ET    28 ] [L0 0 16] [L1 16c 32]
POC    4 LId:  0 TId: 3 ( RASL, B-SLICE, QP 27 )      22200 bits [Y 39.0464 dB    U 44.7922 dB    V 45.9271 dB] [ET    21 ] [L0 0 8] [L1 8c 16]
POC    2 LId:  0 TId: 4 ( RASL, B-SLICE, QP 29 )       6400 bits [Y 38.5560 dB    U 44.7582 dB    V 45.8780 dB] [ET    10 ] [L0 0 4] [L1 4c 8]
POC    1 LId:  0 TId: 5 ( RASL, B-SLICE, QP 31 )       1160 bits [Y 39.2015 dB    U 44.7624 dB    V 45.9300 dB] [ET     3 ] [L0 0 2] [L1 2c 4]
POC    3 LId:  0 TId: 5 ( RASL, B-SLICE, QP 31 )       1072 bits [Y 38.3568 dB    U 44.8523 dB    V 45.9516 dB] [ET     4 ] [L0 2c 0] [L1 4 8]
POC    6 LId:  0 TId: 4 ( RASL, B-SLICE, QP 29 )       6024 bits [Y 38.2937 dB    U 44.8221 dB    V 45.8798 dB] [ET    10 ] [L0 4c 0] [L1 8 16]
POC    5 LId:  0 TId: 5 ( RASL, B-SLICE, QP 31 )       1184 bits [Y 38.4473 dB    U 44.7829 dB    V 45.8542 dB] [ET     4 ] [L0 4 0] [L1 6c 8]
POC    7 LId:  0 TId: 5 ( RASL, B-SLICE, QP 31 )       1192 bits [Y 38.8287 dB    U 44.7767 dB    V 45.9268 dB] [ET     4 ] [L0 6c 4] [L1 8 16]
POC   12 LId:  0 TId: 3 ( RASL, B-SLICE, QP 27 )      21800 bits [Y 39.1010 dB    U 44.8807 dB    V 45.8189 dB] [ET    18 ] [L0 8c 0] [L1 16 32]
POC   10 LId:  0 TId: 4 ( RASL, B-SLICE, QP 29 )       6344 bits [Y 38.5815 dB    U 44.9230 dB    V 46.0156 dB] [ET     9 ] [L0 8 0] [L1 12c 16]
POC    9 LId:  0 TId: 5 ( RASL, B-SLICE, QP 31 )       1264 bits [Y 38.8768 dB    U 44.8831 dB    V 45.9900 dB] [ET     4 ] [L0 8 0] [L1 10c 12]
POC   11 LId:  0 TId: 5 ( RASL, B-SLICE, QP 31 )       1144 bits [Y 38.4348 dB    U 44.9561 dB    V 45.9894 dB] [ET     4 ] [L0 10c 8] [L1 12 16]
POC   14 LId:  0 TId: 4 ( RASL, B-SLICE, QP 29 )       7344 bits [Y 38.5070 dB    U 44.9170 dB    V 45.8487 dB] [ET    10 ] [L0 12c 8] [L1 16 32]
POC   13 LId:  0 TId: 5 ( RASL, B-SLICE, QP 31 )       1008 bits [Y 38.4792 dB    U 44.9493 dB    V 45.9316 dB] [ET     4 ] [L0 12 8] [L1 14c 16]
POC   15 LId:  0 TId: 5 ( RASL, B-SLICE, QP 31 )        960 bits [Y 38.8369 dB    U 44.9447 dB    V 45.9707 dB] [ET     4 ] [L0 14c 12] [L1 16 32]
POC   24 LId:  0 TId: 2 ( RASL, B-SLICE, QP 24 )      44344 bits [Y 40.6547 dB    U 44.7798 dB    V 45.8912 dB] [ET    24 ] [L0 16c 0] [L1 32 16]
POC   20 LId:  0 TId: 3 ( RASL, B-SLICE, QP 27 )      23016 bits [Y 39.1197 dB    U 44.7856 dB    V 45.7781 dB] [ET    16 ] [L0 16 0] [L1 24c 32]
POC   18 LId:  0 TId: 4 ( RASL, B-SLICE, QP 29 )       6272 bits [Y 38.6160 dB    U 44.9014 dB    V 45.8987 dB] [ET    10 ] [L0 16 0] [L1 20c 24]
POC   17 LId:  0 TId: 5 ( RASL, B-SLICE, QP 31 )       1056 bits [Y 39.1468 dB    U 44.9146 dB    V 45.9175 dB] [ET     3 ] [L0 16 0] [L1 18c 20]
POC   19 LId:  0 TId: 5 ( RASL, B-SLICE, QP 31 )       1168 bits [Y 38.4170 dB    U 44.8366 dB    V 45.8421 dB] [ET     4 ] [L0 18c 16] [L1 20 24]
POC   22 LId:  0 TId: 4 ( RASL, B-SLICE, QP 29 )       6520 bits [Y 38.5566 dB    U 44.7529 dB    V 45.8356 dB] [ET     9 ] [L0 20c 16] [L1 24 32]
POC   21 LId:  0 TId: 5 ( RASL, B-SLICE, QP 31 )       1264 bits [Y 38.5637 dB    U 44.8823 dB    V 45.9097 dB] [ET     4 ] [L0 20 16] [L1 22c 24]
POC   23 LId:  0 TId: 5 ( RASL, B-SLICE, QP 31 )       1072 bits [Y 38.9067 dB    U 44.8040 dB    V 45.8718 dB] [ET     3 ] [L0 22c 20] [L1 24 32]
POC   28 LId:  0 TId: 3 ( RASL, B-SLICE, QP 27 )      20800 bits [Y 39.0457 dB    U 44.7566 dB    V 45.8061 dB] [ET    15 ] [L0 24c 16] [L1 32 24]
POC   26 LId:  0 TId: 4 ( RASL, B-SLICE, QP 29 )       7016 bits [Y 38.4652 dB    U 44.7244 dB    V 45.7351 dB] [ET    12 ] [L0 24 16] [L1 28c 32]
POC   25 LId:  0 TId: 5 ( RASL, B-SLICE, QP 31 )        864 bits [Y 38.8332 dB    U 44.7496 dB    V 45.8615 dB] [ET     4 ] [L0 24 16] [L1 26c 28]
POC   27 LId:  0 TId: 5 ( RASL, B-SLICE, QP 31 )        968 bits [Y 38.1623 dB    U 44.7636 dB    V 45.7825 dB] [ET     4 ] [L0 26c 24] [L1 28 32]
POC   30 LId:  0 TId: 4 ( RASL, B-SLICE, QP 29 )       7896 bits [Y 38.2974 dB    U 44.7282 dB    V 45.7956 dB] [ET    12 ] [L0 28c 16] [L1 32 28]
POC   29 LId:  0 TId: 5 ( RASL, B-SLICE, QP 31 )       1488 bits [Y 38.1653 dB    U 44.7671 dB    V 45.8114 dB] [ET     3 ] [L0 28 16] [L1 30c 32]
POC   31 LId:  0 TId: 5 ( RASL, B-SLICE, QP 31 )       1040 bits [Y 39.1220 dB    U 44.7463 dB    V 45.8297 dB] [ET     3 ] [L0 30c 28] [L1 32 30]
POC   64 LId:  0 TId: 0 ( CRA, I-SLICE, QP 20 )     235816 bits [Y 43.6990 dB    U 45.0808 dB    V 45.8500 dB] [ET    23 ] [L0] [L1]
POC   48 LId:  0 TId: 1 ( RASL, B-SLICE, QP 23 )      70624 bits [Y 41.4272 dB    U 44.7082 dB    V 45.8597 dB] [ET    32 ] [L0 32 64] [L1 64c 32]
POC   40 LId:  0 TId: 2 ( RASL, B-SLICE, QP 24 )      46392 bits [Y 40.6518 dB    U 44.7559 dB    V 45.7947 dB] [ET    29 ] [L0 32 48] [L1 48c 64]
POC   36 LId:  0 TId: 3 ( RASL, B-SLICE, QP 27 )      20544 bits [Y 39.0191 dB    U 44.7082 dB    V 45.7252 dB] [ET    23 ] [L0 32 40] [L1 40c 48]
POC   34 LId:  0 TId: 4 ( RASL, B-SLICE, QP 29 )       9224 bits [Y 38.1392 dB    U 44.7267 dB    V 45.7699 dB] [ET    13 ] [L0 32 36] [L1 36c 40]
POC   33 LId:  0 TId: 5 ( RASL, B-SLICE, QP 31 )       1048 bits [Y 38.8740 dB    U 44.6841 dB    V 45.7798 dB] [ET     3 ] [L0 32 34] [L1 34c 36]
POC   35 LId:  0 TId: 5 ( RASL, B-SLICE, QP 31 )       1208 bits [Y 38.1491 dB    U 44.7489 dB    V 45.6861 dB] [ET     4 ] [L0 34c 32] [L1 36 40]
POC   38 LId:  0 TId: 4 ( RASL, B-SLICE, QP 29 )       9032 bits [Y 38.1966 dB    U 44.7179 dB    V 45.7135 dB] [ET    13 ] [L0 36c 32] [L1 40 48]
POC   37 LId:  0 TId: 5 ( RASL, B-SLICE, QP 31 )       1176 bits [Y 38.0674 dB    U 44.7293 dB    V 45.7410 dB] [ET     4 ] [L0 36 32] [L1 38c 40]
POC   39 LId:  0 TId: 5 ( RASL, B-SLICE, QP 31 )       1112 bits [Y 38.4773 dB    U 44.7931 dB    V 45.8433 dB] [ET     4 ] [L0 38c 36] [L1 40 48]
POC   44 LId:  0 TId: 3 ( RASL, B-SLICE, QP 27 )      19992 bits [Y 39.0560 dB    U 44.7209 dB    V 45.8504 dB] [ET    17 ] [L0 40c 32] [L1 48 64]
POC   42 LId:  0 TId: 4 ( RASL, B-SLICE, QP 29 )      10392 bits [Y 38.0684 dB    U 44.6907 dB    V 45.9432 dB] [ET    17 ] [L0 40 32] [L1 44c 48]
POC   41 LId:  0 TId: 5 ( RASL, B-SLICE, QP 31 )        984 bits [Y 38.4970 dB    U 44.7744 dB    V 45.9084 dB] [ET     4 ] [L0 40 32] [L1 42c 44]
POC   43 LId:  0 TId: 5 ( RASL, B-SLICE, QP 31 )       1304 bits [Y 38.0353 dB    U 44.7544 dB    V 45.8833 dB] [ET     4 ] [L0 42c 40] [L1 44 48]
POC   46 LId:  0 TId: 4 ( RASL, B-SLICE, QP 29 )      10176 bits [Y 38.0652 dB    U 44.7359 dB    V 45.7704 dB] [ET    15 ] [L0 44c 40] [L1 48 64]
POC   45 LId:  0 TId: 5 ( RASL, B-SLICE, QP 31 )       1568 bits [Y 38.1086 dB    U 44.6953 dB    V 45.8303 dB] [ET     4 ] [L0 44 40] [L1 46c 48]
POC   47 LId:  0 TId: 5 ( RASL, B-SLICE, QP 31 )       1096 bits [Y 38.4538 dB    U 44.8281 dB    V 45.9403 dB] [ET     4 ] [L0 46c 44] [L1 48 64]
POC   56 LId:  0 TId: 2 ( RASL, B-SLICE, QP 24 )      49544 bits [Y 40.6560 dB    U 44.6253 dB    V 45.7698 dB] [ET    24 ] [L0 48c 32] [L1 64 48]
POC   52 LId:  0 TId: 3 ( RASL, B-SLICE, QP 27 )      19384 bits [Y 39.0446 dB    U 44.6081 dB    V 45.7852 dB] [ET    15 ] [L0 48 32] [L1 56c 64]
POC   50 LId:  0 TId: 4 ( RASL, B-SLICE, QP 29 )       9080 bits [Y 38.1089 dB    U 44.6527 dB    V 45.8203 dB] [ET    15 ] [L0 48 32] [L1 52c 56]
POC   49 LId:  0 TId: 5 ( RASL, B-SLICE, QP 31 )       1088 bits [Y 38.3248 dB    U 44.7155 dB    V 45.9400 dB] [ET     3 ] [L0 48 32] [L1 50c 52]
POC   51 LId:  0 TId: 5 ( RASL, B-SLICE, QP 31 )       1208 bits [Y 37.9488 dB    U 44.6762 dB    V 45.8068 dB] [ET     4 ] [L0 50c 48] [L1 52 56]
POC   54 LId:  0 TId: 4 ( RASL, B-SLICE, QP 29 )      10424 bits [Y 38.1799 dB    U 44.5650 dB    V 45.7654 dB] [ET    15 ] [L0 52c 48] [L1 56 64]
POC   53 LId:  0 TId: 5 ( RASL, B-SLICE, QP 31 )       1336 bits [Y 38.0061 dB    U 44.5758 dB    V 45.7760 dB] [ET     5 ] [L0 52 48] [L1 54c 56]
POC   55 LId:  0 TId: 5 ( RASL, B-SLICE, QP 31 )       1272 bits [Y 38.5064 dB    U 44.6391 dB    V 45.7790 dB] [ET     4 ] [L0 54c 52] [L1 56 64]
POC   60 LId:  0 TId: 3 ( RASL, B-SLICE, QP 27 )      20280 bits [Y 39.0538 dB    U 44.4670 dB    V 45.5793 dB] [ET    15 ] [L0 56c 48] [L1 64 56]
POC   58 LId:  0 TId: 4 ( RASL, B-SLICE, QP 29 )       9208 bits [Y 38.1507 dB    U 44.5163 dB    V 45.7215 dB] [ET    13 ] [L0 56 48] [L1 60c 64]
POC   57 LId:  0 TId: 5 ( RASL, B-SLICE, QP 31 )       1376 bits [Y 38.2364 dB    U 44.5433 dB    V 45.6364 dB] [ET     4 ] [L0 56 48] [L1 58c 60]
POC   59 LId:  0 TId: 5 ( RASL, B-SLICE, QP 31 )       1480 bits [Y 37.8302 dB    U 44.4908 dB    V 45.5897 dB] [ET     5 ] [L0 58c 56] [L1 60 64]
POC   62 LId:  0 TId: 4 ( RASL, B-SLICE, QP 29 )      11784 bits [Y 38.0355 dB    U 44.6618 dB    V 45.6740 dB] [ET    14 ] [L0 60c 48] [L1 64 60]
POC   61 LId:  0 TId: 5 ( RASL, B-SLICE, QP 31 )       1512 bits [Y 37.9708 dB    U 44.5681 dB    V 45.6925 dB] [ET     4 ] [L0 60 48] [L1 62c 64]
POC   63 LId:  0 TId: 5 ( RASL, B-SLICE, QP 31 )       1064 bits [Y 38.4369 dB    U 44.6453 dB    V 45.7091 dB] [ET     4 ] [L0 62c 60] [L1 64 62]

LayerId  0
	Total Frames |   Bitrate     Y-PSNR    U-PSNR    V-PSNR    YUV-PSNR   
	       65    a    1245.8363   38.9641   44.7672   45.8349   40.1029

 finished @ Tue Jan 14 00:59:51 2025
 Total Time:      729.417 sec. [user]      729.417 sec. [elapsed]
